[DOS][INFO] target=10.0.2.2:5001 at=2026-05-08 00:39:29
\n===== DoS LIGHT 2026-05-08 00:39:29 =====
[DOS][LIGHT][UDP] start pps~500 duration=45s
HPING 10.0.2.2 (h5-eth0 10.0.2.2): udp mode set, 28 headers + 128 data bytes
status=0 port=1275 seq=0
status=0 port=1276 seq=1
status=0 port=1277 seq=2
status=0 port=1278 seq=3
status=0 port=1279 seq=4
status=0 port=1280 seq=5
status=0 port=3382 seq=2107
status=0 port=5735 seq=4460
status=0 port=7919 seq=6644
status=0 port=10205 seq=8930
status=0 port=12404 seq=11129
status=0 port=14657 seq=13382
status=0 port=16876 seq=15601
status=0 port=18912 seq=17637
status=0 port=20930 seq=19655
status=0 port=22947 seq=21672
status=0 port=24935 seq=23660
status=0 port=26961 seq=25686
status=0 port=28603 seq=27328
status=0 port=30335 seq=29060
status=0 port=32069 seq=30794
status=0 port=33807 seq=32532
status=0 port=35560 seq=34285
status=0 port=37236 seq=35961
status=0 port=39088 seq=37813
status=0 port=40857 seq=39582
status=0 port=42503 seq=41228
status=0 port=44116 seq=42841
status=0 port=45714 seq=44439
status=0 port=47759 seq=46484
status=0 port=49440 seq=48165
status=0 port=51027 seq=49752
status=0 port=52700 seq=51425
status=0 port=54381 seq=53106
status=0 port=56096 seq=54821
status=0 port=58073 seq=56798
status=0 port=59814 seq=58539
status=0 port=61030 seq=59755
status=0 port=62714 seq=61439
status=0 port=64205 seq=62930
status=0 port=427 seq=64688
status=0 port=2075 seq=66336
status=0 port=3794 seq=68055
status=0 port=5443 seq=69704
status=0 port=7068 seq=71329
status=0 port=8788 seq=73049
status=0 port=10373 seq=74634
status=0 port=11960 seq=76221
status=0 port=13484 seq=77745
status=0 port=15119 seq=79380
status=0 port=16783 seq=81044
status=0 port=18381 seq=82642
status=0 port=20004 seq=84265
status=0 port=21532 seq=85793
status=0 port=23129 seq=87390
status=0 port=24711 seq=88972
status=0 port=26176 seq=90437
status=0 port=27801 seq=92062
status=0 port=29307 seq=93568
status=0 port=30880 seq=95141
status=0 port=32437 seq=96698
status=0 port=34014 seq=98275
status=0 port=35648 seq=99909
status=0 port=37197 seq=101458
status=0 port=38748 seq=103009
status=0 port=40406 seq=104667
status=0 port=42062 seq=106323
status=0 port=43628 seq=107889
status=0 port=45081 seq=109342
status=0 port=46655 seq=110916
status=0 port=48179 seq=112440
status=0 port=49734 seq=113995
status=0 port=51363 seq=115624
status=0 port=52841 seq=117102
status=0 port=54455 seq=118716
status=0 port=56026 seq=120287
status=0 port=57582 seq=121843
status=0 port=59044 seq=123305
status=0 port=60579 seq=124840
status=0 port=62155 seq=126416
status=0 port=63660 seq=127921
status=0 port=65124 seq=129385
status=0 port=1115 seq=130912
status=0 port=2617 seq=132414
status=0 port=4177 seq=133974
status=0 port=5797 seq=135594
status=0 port=7449 seq=137246
status=0 port=8970 seq=138767
status=0 port=10611 seq=140408
status=0 port=12224 seq=142021
status=0 port=13793 seq=143590
status=0 port=15341 seq=145138
status=0 port=16940 seq=146737
status=0 port=18472 seq=148269
status=0 port=20077 seq=149874
status=0 port=21732 seq=151529
status=0 port=23457 seq=153254
status=0 port=25028 seq=154825
status=0 port=26552 seq=156349
status=0 port=27955 seq=157752
status=0 port=29527 seq=159324
status=0 port=31023 seq=160820
status=0 port=32601 seq=162398
status=0 port=34058 seq=163855
status=0 port=35597 seq=165394
status=0 port=37090 seq=166887
status=0 port=38344 seq=168141
status=0 port=39970 seq=169767
status=0 port=41459 seq=171256
status=0 port=43092 seq=172889
status=0 port=44617 seq=174414
status=0 port=46159 seq=175956
status=0 port=47863 seq=177660
status=0 port=49462 seq=179259
status=0 port=51048 seq=180845
status=0 port=52617 seq=182414
status=0 port=54190 seq=183987
status=0 port=55768 seq=185565
status=0 port=57369 seq=187166
status=0 port=58862 seq=188659
status=0 port=60484 seq=190281
status=0 port=62146 seq=191943
status=0 port=63681 seq=193478
status=0 port=65247 seq=195044
status=0 port=1160 seq=196493
status=0 port=2777 seq=198110
status=0 port=4201 seq=199534
status=0 port=5842 seq=201175
status=0 port=7260 seq=202593
status=0 port=8781 seq=204114
status=0 port=10471 seq=205804
status=0 port=12191 seq=0
status=0 port=13963 seq=0
status=0 port=15742 seq=0[DOS][INFO] target=10.0.2.2:5001 at=2026-05-08 00:42:17
\n===== DoS HEAVY 2026-05-08 00:42:17 =====
[DOS][HEAVY][UDP] start pps~3000 duration=60s

--- 10.0.2.2 hping statistic ---
281893 packets transmitted, 174 packets received, 100% packet loss
round-trip min/avg/max = 1.4/22.8/221.3 ms

status=0 port=17573 seq=0
status=0 port=19582 seq=0
status=0 port=21812 seq=217145
status=0 port=23203 seq=218536
status=0 port=24986 seq=220319
status=0 port=26831 seq=0
status=0 port=28662 seq=0
status=0 port=30573 seq=0
status=0 port=32328 seq=0
status=0 port=34670 seq=230003
status=0 port=36565 seq=231898
status=0 port=37990 seq=233323
status=0 port=39771 seq=0
status=0 port=41514 seq=0
status=0 port=43404 seq=0
status=0 port=45099 seq=0
status=0 port=46876 seq=0
status=0 port=49440 seq=244773
status=0 port=51040 seq=246373
status=0 port=52830 seq=248163
status=0 port=54464 seq=249797
status=0 port=56086 seq=251419
status=0 port=57675 seq=253008
status=0 port=59451 seq=254784
status=0 port=60659 seq=255992
status=0 port=62287 seq=257620
status=0 port=63741 seq=259074
status=0 port=11 seq=260880
status=0 port=1689 seq=262558
status=0 port=3296 seq=264165
status=0 port=5050 seq=265919
status=0 port=6829 seq=267698
status=0 port=8444 seq=269313
status=0 port=10126 seq=270995
status=0 port=11622 seq=272491
status=0 port=13326 seq=274195
status=0 port=15149 seq=276018
status=0 port=16812 seq=277681
status=0 port=18448 seq=279317
status=0 port=20041 seq=280910
hping in flood mode, no replies will be shown
[send_ip] sendto: Network is unreachable
HPING 10.0.2.2 (h5-eth0 10.0.2.2): udp mode set, 28 headers + 128 data bytes
