Memulai Server OPC UA
Endpoints other than open requested but private key and certificate are not set.
Listening on 10.0.2.2:4840


[2026-05-19 16:02:31] [iter 1] [Bus 1] P/Q/CMD -> V_in=0.0000 pu, I_in=0.0000 A, PF=0.0000, V_out=0.0000 pu, I_out=0.0000 A, V_DT=1.0000 pu, P=0.0000 MW, Q=0.0000 MVarMemulai Modbus Gateway di 0.0.0.0:5020

[2026-05-19 16:02:31] [iter 1] [Bus 2] P/Q/CMD -> V_in=0.0000 pu, I_in=0.0000 A, PF=0.0000, V_out=0.0000 pu, I_out=0.0000 A, V_DT=1.0000 pu, P=0.0000 MW, Q=0.0000 MVar
[2026-05-19 16:02:31] [iter 1] [Bus 3] P/Q/CMD -> V_in=0.0000 pu, I_in=0.0000 A, PF=0.0000, V_out=0.0000 pu, I_out=0.0000 A, V_DT=1.0000 pu, P=0.0000 MW, Q=0.0000 MVar
[2026-05-19 16:02:31] [iter 1] [Bus 4] P/Q/CMD -> V_in=0.0000 pu, I_in=0.0000 A, PF=0.0000, V_out=0.0000 pu, I_out=0.0000 A, V_DT=1.0000 pu, P=0.0000 MW, Q=0.0000 MVar
[2026-05-19 16:02:31] [iter 1] [Bus 5] P/Q/CMD -> V_in=0.0000 pu, I_in=0.0000 A, PF=0.0000, V_out=0.0000 pu, I_out=0.0000 A, V_DT=1.0000 pu, P=0.0000 MW, Q=0.0000 MVar


[2026-05-19 16:02:35] [iter 2] [Bus 1] P/Q/CMD -> V_in=1.0190 pu, I_in=805.1333 A, PF=0.9665, V_out=1.0190 pu, I_out=805.1333 A, V_DT=1.0000 pu, P=151.0766 MW, Q=40.1203 MVar
[2026-05-19 16:02:35] [iter 2] [Bus 2] P/Q/CMD -> V_in=1.0090 pu, I_in=398.0667 A, PF=0.9020, V_out=1.0090 pu, I_out=398.0667 A, V_DT=1.0000 pu, P=69.0251 MW, Q=33.0384 MVar
[2026-05-19 16:02:35] [iter 2] [Bus 3] P/Q/CMD -> V_in=1.0060 pu, I_in=394.2667 A, PF=0.9001, V_out=1.0060 pu, I_out=394.2667 A, V_DT=1.0000 pu, P=68.0193 MW, Q=32.9240 MVar
[2026-05-19 16:02:35] [iter 2] [Bus 4] P/Q/CMD -> V_in=1.0130 pu, I_in=488.8667 A, PF=0.8515, V_out=1.0130 pu, I_out=488.8667 A, V_DT=1.0000 pu, P=80.3411 MW, Q=49.4741 MVar
[2026-05-19 16:02:35] [iter 2] [Bus 5] P/Q/CMD -> V_in=1.0100 pu, I_in=493.0333 A, PF=0.9771, V_out=1.0100 pu, I_out=493.0333 A, V_DT=1.0000 pu, P=92.7022 MW, Q=20.1875 MVar


[2026-05-19 16:02:39] [iter 3] [Bus 1] P/Q/CMD -> V_in=1.0210 pu, I_in=804.6333 A, PF=0.9665, V_out=1.0210 pu, I_out=804.6333 A, V_DT=1.0200 pu, P=151.2791 MW, Q=40.1741 MVar
[2026-05-19 16:02:39] [iter 3] [Bus 2] P/Q/CMD -> V_in=1.0050 pu, I_in=399.8333 A, PF=0.9020, V_out=1.0050 pu, I_out=399.8333 A, V_DT=1.0097 pu, P=69.0566 MW, Q=33.0534 MVar
[2026-05-19 16:02:39] [iter 3] [Bus 3] P/Q/CMD -> V_in=1.0100 pu, I_in=395.3333 A, PF=0.9001, V_out=1.0100 pu, I_out=395.3333 A, V_DT=1.0071 pu, P=68.4745 MW, Q=33.1443 MVar
[2026-05-19 16:02:39] [iter 3] [Bus 4] P/Q/CMD -> V_in=1.0040 pu, I_in=485.6000 A, PF=0.8515, V_out=1.0040 pu, I_out=485.6000 A, V_DT=1.0100 pu, P=79.0952 MW, Q=48.7069 MVar
[2026-05-19 16:02:39] [iter 3] [Bus 5] P/Q/CMD -> V_in=1.0040 pu, I_in=491.9333 A, PF=0.9771, V_out=1.0040 pu, I_out=491.9333 A, V_DT=1.0082 pu, P=91.9459 MW, Q=20.0228 MVar


[2026-05-19 16:02:43] [iter 4] [Bus 1] P/Q/CMD -> V_in=1.0200 pu, I_in=804.2667 A, PF=0.9665, V_out=1.0200 pu, I_out=804.2667 A, V_DT=1.0200 pu, P=151.0621 MW, Q=40.1165 MVar
[2026-05-19 16:02:43] [iter 4] [Bus 2] P/Q/CMD -> V_in=1.0110 pu, I_in=397.6000 A, PF=0.9020, V_out=1.0110 pu, I_out=397.6000 A, V_DT=1.0097 pu, P=69.0808 MW, Q=33.0650 MVar
[2026-05-19 16:02:43] [iter 4] [Bus 3] P/Q/CMD -> V_in=1.0090 pu, I_in=395.1667 A, PF=0.9001, V_out=1.0090 pu, I_out=395.1667 A, V_DT=1.0070 pu, P=68.3779 MW, Q=33.0975 MVar
[2026-05-19 16:02:43] [iter 4] [Bus 4] P/Q/CMD -> V_in=1.0080 pu, I_in=490.8000 A, PF=0.8515, V_out=1.0080 pu, I_out=490.8000 A, V_DT=1.0100 pu, P=80.2607 MW, Q=49.4246 MVar
[2026-05-19 16:02:43] [iter 4] [Bus 5] P/Q/CMD -> V_in=1.0080 pu, I_in=494.4333 A, PF=0.9771, V_out=1.0080 pu, I_out=494.4333 A, V_DT=1.0082 pu, P=92.7813 MW, Q=20.2048 MVar


[2026-05-19 16:02:47] [iter 5] [Bus 1] P/Q/CMD -> V_in=1.0180 pu, I_in=1204.8667 A, PF=0.9665, V_out=1.0180 pu, I_out=1204.8667 A, V_DT=1.0200 pu, P=225.8614 MW, Q=59.9804 MVar
[2026-05-19 16:02:47] [iter 5] [Bus 2] P/Q/CMD -> V_in=1.0080 pu, I_in=597.6000 A, PF=0.9020, V_out=1.0080 pu, I_out=597.6000 A, V_DT=1.0097 pu, P=103.5216 MW, Q=49.5499 MVar
[2026-05-19 16:02:47] [iter 5] [Bus 3] P/Q/CMD -> V_in=1.0100 pu, I_in=394.9667 A, PF=0.9001, V_out=1.0100 pu, I_out=394.9667 A, V_DT=1.0070 pu, P=68.4110 MW, Q=33.1136 MVar
[2026-05-19 16:02:47] [iter 5] [Bus 4] P/Q/CMD -> V_in=1.0080 pu, I_in=730.1333 A, PF=0.8515, V_out=1.0080 pu, I_out=730.1333 A, V_DT=1.0100 pu, P=119.3990 MW, Q=73.5260 MVar
[2026-05-19 16:02:47] [iter 5] [Bus 5] P/Q/CMD -> V_in=1.0050 pu, I_in=741.7000 A, PF=0.9771, V_out=1.0050 pu, I_out=741.7000 A, V_DT=1.0082 pu, P=138.7671 MW, Q=30.2190 MVar


[2026-05-19 16:02:51] [iter 6] [Bus 1] P/Q/CMD -> V_in=1.0170 pu, I_in=804.7333 A, PF=0.9665, V_out=1.0170 pu, I_out=804.7333 A, V_DT=1.0200 pu, P=150.7052 MW, Q=40.0217 MVar
[2026-05-19 16:02:51] [iter 6] [Bus 2] P/Q/CMD -> V_in=1.0110 pu, I_in=396.3000 A, PF=0.9020, V_out=1.0110 pu, I_out=396.3000 A, V_DT=1.0074 pu, P=68.8549 MW, Q=32.9569 MVar
[2026-05-19 16:02:51] [iter 6] [Bus 3] P/Q/CMD -> V_in=1.0090 pu, I_in=396.5333 A, PF=0.9001, V_out=1.0090 pu, I_out=396.5333 A, V_DT=1.0054 pu, P=68.6143 MW, Q=33.2120 MVar
[2026-05-19 16:02:51] [Bus 3] Command breaker ke RTU: OPEN
[2026-05-19 16:02:51] [iter 6] [Bus 4] P/Q/CMD -> V_in=1.0030 pu, I_in=731.6000 A, PF=0.8515, V_out=1.0030 pu, I_out=731.6000 A, V_DT=1.0100 pu, P=119.0454 MW, Q=73.3083 MVar
[2026-05-19 16:02:51] [Bus 4] Command breaker ke RTU: OPEN
[2026-05-19 16:02:51] [iter 6] [Bus 5] P/Q/CMD -> V_in=1.0060 pu, I_in=737.1333 A, PF=0.9771, V_out=1.0060 pu, I_out=737.1333 A, V_DT=1.0073 pu, P=138.0500 MW, Q=30.0628 MVar


[2026-05-19 16:02:55] [iter 7] [Bus 1] P/Q/CMD -> V_in=1.0210 pu, I_in=1262.7333 A, PF=0.9654, V_out=1.0210 pu, I_out=1262.7333 A, V_DT=1.0200 pu, P=237.1363 MW, Q=64.0552 MVar
[2026-05-19 16:02:55] [iter 7] [Bus 2] P/Q/CMD -> V_in=1.0050 pu, I_in=661.9000 A, PF=0.9070, V_out=1.0050 pu, I_out=661.9000 A, V_DT=1.0095 pu, P=114.9527 MW, Q=53.3739 MVar
[2026-05-19 16:02:55] [iter 7] [Bus 3] P/Q/CMD -> V_in=1.0100 pu, I_in=430.0000 A, PF=0.8827, V_out=1.0100 pu, I_out=430.0000 A, V_DT=1.0069 pu, P=73.0392 MW, Q=38.8851 MVar
[2026-05-19 16:02:55] [Bus 3] Command breaker ke RTU: CLOSE
[2026-05-19 16:02:55] [iter 7] [Bus 4] P/Q/CMD -> V_in=1.0140 pu, I_in=765.5000 A, PF=0.8155, V_out=1.0140 pu, I_out=765.5000 A, V_DT=1.0100 pu, P=120.6036 MW, Q=85.5919 MVar
[2026-05-19 16:02:55] [iter 7] [Bus 5] P/Q/CMD -> V_in=1.0070 pu, I_in=699.5333 A, PF=0.9702, V_out=1.0070 pu, I_out=699.5333 A, V_DT=1.0073 pu, P=130.2124 MW, Q=32.5203 MVar


[2026-05-19 16:02:59] [iter 8] [Bus 1] P/Q/CMD -> V_in=1.0210 pu, I_in=841.0000 A, PF=0.9654, V_out=1.0210 pu, I_out=841.0000 A, V_DT=1.0200 pu, P=157.9364 MW, Q=42.6617 MVar
[2026-05-19 16:02:59] [Bus 1] Command breaker ke RTU: OPEN
[2026-05-19 16:02:59] [iter 8] [Bus 2] P/Q/CMD -> V_in=1.0080 pu, I_in=438.1333 A, PF=0.9070, V_out=1.0080 pu, I_out=438.1333 A, V_DT=1.0064 pu, P=76.3181 MW, Q=35.4354 MVar
[2026-05-19 16:02:59] [iter 8] [Bus 3] P/Q/CMD -> V_in=1.0100 pu, I_in=430.0000 A, PF=0.8827, V_out=1.0100 pu, I_out=430.0000 A, V_DT=1.0044 pu, P=73.0392 MW, Q=38.8851 MVar
[2026-05-19 16:02:59] [iter 8] [Bus 4] P/Q/CMD -> V_in=1.0140 pu, I_in=765.5000 A, PF=0.8155, V_out=1.0140 pu, I_out=765.5000 A, V_DT=1.0100 pu, P=120.6036 MW, Q=85.5919 MVar
[2026-05-19 16:02:59] [Bus 4] Command breaker ke RTU: CLOSE
[2026-05-19 16:02:59] [iter 8] [Bus 5] P/Q/CMD -> V_in=1.0070 pu, I_in=699.5333 A, PF=0.9702, V_out=1.0070 pu, I_out=699.5333 A, V_DT=1.0073 pu, P=130.2124 MW, Q=32.5203 MVar


[2026-05-19 16:03:04] [iter 9] [Bus 1] P/Q/CMD -> V_in=1.0210 pu, I_in=841.0000 A, PF=0.9654, V_out=1.0210 pu, I_out=841.0000 A, V_DT=1.0200 pu, P=157.9364 MW, Q=42.6617 MVar
[2026-05-19 16:03:04] [Bus 1] Command breaker ke RTU: CLOSE
[2026-05-19 16:03:04] [iter 9] [Bus 2] P/Q/CMD -> V_in=1.0080 pu, I_in=438.1333 A, PF=0.9070, V_out=1.0080 pu, I_out=438.1333 A, V_DT=1.0088 pu, P=76.3181 MW, Q=35.4354 MVar
[2026-05-19 16:03:04] [iter 9] [Bus 3] P/Q/CMD -> V_in=1.0050 pu, I_in=427.8000 A, PF=0.8827, V_out=1.0050 pu, I_out=427.8000 A, V_DT=1.0060 pu, P=72.3058 MW, Q=38.4946 MVar
[2026-05-19 16:03:04] [iter 9] [Bus 4] P/Q/CMD -> V_in=1.0130 pu, I_in=506.7333 A, PF=0.8155, V_out=1.0130 pu, I_out=506.7333 A, V_DT=1.0100 pu, P=79.7565 MW, Q=56.6029 MVar
[2026-05-19 16:03:04] [iter 9] [Bus 5] P/Q/CMD -> V_in=1.0020 pu, I_in=468.6667 A, PF=0.9702, V_out=1.0020 pu, I_out=468.6667 A, V_DT=1.0073 pu, P=86.8053 MW, Q=21.6795 MVar


[2026-05-19 16:03:08] [iter 10] [Bus 1] P/Q/CMD -> V_in=1.0240 pu, I_in=1264.2000 A, PF=0.9654, V_out=1.0240 pu, I_out=1264.2000 A, V_DT=1.0200 pu, P=238.1093 MW, Q=64.3180 MVar
[2026-05-19 16:03:08] [iter 10] [Bus 2] P/Q/CMD -> V_in=1.0040 pu, I_in=654.3333 A, PF=0.9070, V_out=1.0040 pu, I_out=654.3333 A, V_DT=1.0065 pu, P=113.5255 MW, Q=52.7112 MVar
[2026-05-19 16:03:08] [iter 10] [Bus 3] P/Q/CMD -> V_in=1.0090 pu, I_in=641.2000 A, PF=0.8827, V_out=1.0090 pu, I_out=641.2000 A, V_DT=1.0020 pu, P=108.8056 MW, Q=57.9265 MVar
[2026-05-19 16:03:08] [iter 10] [Bus 4] P/Q/CMD -> V_in=1.0060 pu, I_in=766.8667 A, PF=0.8155, V_out=1.0060 pu, I_out=766.8667 A, V_DT=0.0000 pu, P=119.8658 MW, Q=85.0682 MVar
[2026-05-19 16:03:08] [Bus 4] Command breaker ke RTU: OPEN
[2026-05-19 16:03:08] [iter 10] [Bus 5] P/Q/CMD -> V_in=1.0100 pu, I_in=702.8667 A, PF=0.9702, V_out=1.0100 pu, I_out=702.8667 A, V_DT=0.0000 pu, P=131.2227 MW, Q=32.7726 MVar


[2026-05-19 16:03:12] [iter 11] [Bus 1] P/Q/CMD -> V_in=1.0200 pu, I_in=1263.8667 A, PF=0.9654, V_out=1.0200 pu, I_out=1263.8667 A, V_DT=1.0200 pu, P=237.1166 MW, Q=64.0499 MVar
[2026-05-19 16:03:12] [Bus 1] Command breaker ke RTU: OPEN
[2026-05-19 16:03:12] [iter 11] [Bus 2] P/Q/CMD -> V_in=1.0140 pu, I_in=440.9333 A, PF=0.9070, V_out=1.0140 pu, I_out=440.9333 A, V_DT=1.0043 pu, P=77.2630 MW, Q=35.8741 MVar
[2026-05-19 16:03:12] [Bus 2] Command breaker ke RTU: OPEN
[2026-05-19 16:03:12] [iter 11] [Bus 3] P/Q/CMD -> V_in=1.0090 pu, I_in=644.1000 A, PF=0.8827, V_out=1.0090 pu, I_out=644.1000 A, V_DT=1.0012 pu, P=109.2977 MW, Q=58.1885 MVar
[2026-05-19 16:03:12] [Bus 3] Command breaker ke RTU: OPEN
[2026-05-19 16:03:12] [iter 11] [Bus 4] P/Q/CMD -> V_in=1.0050 pu, I_in=511.7000 A, PF=0.8155, V_out=1.0050 pu, I_out=511.7000 A, V_DT=1.0100 pu, P=79.9022 MW, Q=56.7063 MVar
[2026-05-19 16:03:12] [Bus 4] Command breaker ke RTU: CLOSE
[2026-05-19 16:03:12] [iter 11] [Bus 5] P/Q/CMD -> V_in=1.0090 pu, I_in=703.6667 A, PF=0.9702, V_out=1.0090 pu, I_out=703.6667 A, V_DT=1.0073 pu, P=131.2420 MW, Q=32.7774 MVar


[2026-05-19 16:03:16] [iter 12] [Bus 1] P/Q/CMD -> V_in=1.0140 pu, I_in=840.9667 A, PF=0.9654, V_out=1.0140 pu, I_out=840.9667 A, V_DT=1.0200 pu, P=156.8474 MW, Q=42.3676 MVar
[2026-05-19 16:03:16] [iter 12] [Bus 2] P/Q/CMD -> V_in=1.0120 pu, I_in=437.3000 A, PF=0.9070, V_out=1.0120 pu, I_out=437.3000 A, V_DT=1.0065 pu, P=76.4752 MW, Q=35.5083 MVar
[2026-05-19 16:03:16] [iter 12] [Bus 3] P/Q/CMD -> V_in=1.0070 pu, I_in=430.1000 A, PF=0.8827, V_out=1.0070 pu, I_out=430.1000 A, V_DT=1.0027 pu, P=72.8392 MW, Q=38.7786 MVar
[2026-05-19 16:03:16] [iter 12] [Bus 4] P/Q/CMD -> V_in=1.0060 pu, I_in=512.2000 A, PF=0.8155, V_out=1.0060 pu, I_out=512.2000 A, V_DT=1.0100 pu, P=80.0599 MW, Q=56.8182 MVar
[2026-05-19 16:03:16] [iter 12] [Bus 5] P/Q/CMD -> V_in=1.0080 pu, I_in=468.1000 A, PF=0.9702, V_out=1.0080 pu, I_out=468.1000 A, V_DT=1.0073 pu, P=87.2195 MW, Q=21.7829 MVar


[2026-05-19 16:03:20] [iter 13] [Bus 1] P/Q/CMD -> V_in=1.0200 pu, I_in=1264.3333 A, PF=0.9654, V_out=1.0200 pu, I_out=1264.3333 A, V_DT=1.0200 pu, P=237.2042 MW, Q=64.0735 MVar
[2026-05-19 16:03:20] [Bus 1] Command breaker ke RTU: CLOSE
[2026-05-19 16:03:20] [iter 13] [Bus 2] P/Q/CMD -> V_in=1.0100 pu, I_in=441.7333 A, PF=0.9070, V_out=1.0100 pu, I_out=441.7333 A, V_DT=1.0090 pu, P=77.0978 MW, Q=35.7974 MVar
[2026-05-19 16:03:20] [Bus 2] Command breaker ke RTU: CLOSE
[2026-05-19 16:03:20] [iter 13] [Bus 3] P/Q/CMD -> V_in=1.0060 pu, I_in=641.9333 A, PF=0.8827, V_out=1.0060 pu, I_out=641.9333 A, V_DT=1.0062 pu, P=108.6061 MW, Q=57.8204 MVar
[2026-05-19 16:03:20] [Bus 3] Command breaker ke RTU: CLOSE
[2026-05-19 16:03:20] [iter 13] [Bus 4] P/Q/CMD -> V_in=1.0130 pu, I_in=764.7333 A, PF=0.8155, V_out=1.0130 pu, I_out=764.7333 A, V_DT=1.0100 pu, P=120.3640 MW, Q=85.4219 MVar
[2026-05-19 16:03:20] [iter 13] [Bus 5] P/Q/CMD -> V_in=1.0040 pu, I_in=469.7333 A, PF=0.9702, V_out=1.0040 pu, I_out=469.7333 A, V_DT=0.0000 pu, P=87.1765 MW, Q=21.7722 MVar


[2026-05-19 16:03:24] [iter 14] [Bus 1] P/Q/CMD -> V_in=1.0240 pu, I_in=0.0000 A, PF=1.0000, V_out=1.0240 pu, I_out=0.0000 A, V_DT=1.0200 pu, P=237.2042 MW, Q=64.0735 MVar
[2026-05-19 16:03:24] [iter 14] [Bus 2] P/Q/CMD -> V_in=1.0050 pu, I_in=439.8000 A, PF=0.9070, V_out=1.0050 pu, I_out=439.8000 A, V_DT=0.0000 pu, P=76.3804 MW, Q=35.4643 MVar
[2026-05-19 16:03:24] [Bus 2] Command breaker ke RTU: OPEN
[2026-05-19 16:03:24] [iter 14] [Bus 3] P/Q/CMD -> V_in=1.0070 pu, I_in=428.1333 A, PF=0.8827, V_out=1.0070 pu, I_out=428.1333 A, V_DT=0.0000 pu, P=72.5062 MW, Q=38.6013 MVar
[2026-05-19 16:03:24] [Bus 3] Command breaker ke RTU: OPEN
[2026-05-19 16:03:24] [iter 14] [Bus 4] P/Q/CMD -> V_in=1.0140 pu, I_in=762.3333 A, PF=0.8155, V_out=1.0140 pu, I_out=762.3333 A, V_DT=0.0000 pu, P=120.1047 MW, Q=85.2379 MVar
[2026-05-19 16:03:24] [iter 14] [Bus 5] P/Q/CMD -> V_in=1.0100 pu, I_in=699.6000 A, PF=0.9702, V_out=1.0100 pu, I_out=699.6000 A, V_DT=0.0000 pu, P=130.6128 MW, Q=32.6203 MVar


[2026-05-19 16:03:28] [iter 15] [Bus 1] P/Q/CMD -> V_in=1.0170 pu, I_in=1.4000 A, PF=1.0000, V_out=1.0170 pu, I_out=1.4000 A, V_DT=1.0200 pu, P=237.2042 MW, Q=64.0735 MVar
[2026-05-19 16:03:28] [iter 15] [Bus 2] P/Q/CMD -> V_in=1.0130 pu, I_in=441.3000 A, PF=0.9070, V_out=1.0130 pu, I_out=441.3000 A, V_DT=0.0000 pu, P=77.2510 MW, Q=35.8685 MVar
[2026-05-19 16:03:28] [iter 15] [Bus 3] P/Q/CMD -> V_in=1.0090 pu, I_in=643.2000 A, PF=0.8827, V_out=1.0090 pu, I_out=643.2000 A, V_DT=0.0000 pu, P=109.1449 MW, Q=58.1072 MVar
[2026-05-19 16:03:28] [iter 15] [Bus 4] P/Q/CMD -> V_in=1.0100 pu, I_in=765.9333 A, PF=0.8155, V_out=1.0100 pu, I_out=765.9333 A, V_DT=0.0000 pu, P=120.1959 MW, Q=85.3025 MVar
[2026-05-19 16:03:28] [iter 15] [Bus 5] P/Q/CMD -> V_in=1.0060 pu, I_in=703.1000 A, PF=0.9702, V_out=1.0060 pu, I_out=703.1000 A, V_DT=0.0000 pu, P=130.7464 MW, Q=32.6536 MVar


[2026-05-19 16:03:32] [iter 16] [Bus 1] P/Q/CMD -> V_in=1.0210 pu, I_in=0.0000 A, PF=1.0000, V_out=1.0210 pu, I_out=0.0000 A, V_DT=1.0200 pu, P=237.2042 MW, Q=64.0735 MVar
[2026-05-19 16:03:32] [Bus 1] Command breaker ke RTU: OPEN
[2026-05-19 16:03:32] [iter 16] [Bus 2] P/Q/CMD -> V_in=1.0120 pu, I_in=440.8667 A, PF=0.9070, V_out=1.0120 pu, I_out=440.8667 A, V_DT=1.0065 pu, P=77.0989 MW, Q=35.7979 MVar
[2026-05-19 16:03:32] [iter 16] [Bus 3] P/Q/CMD -> V_in=1.0140 pu, I_in=429.0667 A, PF=0.8827, V_out=1.0140 pu, I_out=429.0667 A, V_DT=1.0027 pu, P=73.1693 MW, Q=38.9543 MVar
[2026-05-19 16:03:32] [iter 16] [Bus 4] P/Q/CMD -> V_in=1.0080 pu, I_in=509.2333 A, PF=0.8155, V_out=1.0080 pu, I_out=509.2333 A, V_DT=1.0100 pu, P=79.7544 MW, Q=56.6014 MVar
[2026-05-19 16:03:32] [iter 16] [Bus 5] P/Q/CMD -> V_in=1.0060 pu, I_in=469.7000 A, PF=0.9702, V_out=1.0060 pu, I_out=469.7000 A, V_DT=1.0073 pu, P=87.3440 MW, Q=21.8140 MVar


[2026-05-19 16:03:36] [iter 17] [Bus 1] P/Q/CMD -> V_in=1.0180 pu, I_in=0.8667 A, PF=1.0000, V_out=1.0180 pu, I_out=0.8667 A, V_DT=1.0200 pu, P=237.2042 MW, Q=64.0735 MVar
[2026-05-19 16:03:36] [Bus 1] Command breaker ke RTU: CLOSE
[2026-05-19 16:03:36] [iter 17] [Bus 2] P/Q/CMD -> V_in=1.0150 pu, I_in=436.1667 A, PF=0.9070, V_out=1.0150 pu, I_out=436.1667 A, V_DT=1.0133 pu, P=76.5031 MW, Q=35.5213 MVar
[2026-05-19 16:03:36] [Bus 2] Command breaker ke RTU: CLOSE
[2026-05-19 16:03:36] [iter 17] [Bus 3] P/Q/CMD -> V_in=1.0040 pu, I_in=428.9333 A, PF=0.8827, V_out=1.0040 pu, I_out=428.9333 A, V_DT=0.0000 pu, P=72.4252 MW, Q=38.5582 MVar
[2026-05-19 16:03:36] [iter 17] [Bus 4] P/Q/CMD -> V_in=1.0110 pu, I_in=765.2000 A, PF=0.8155, V_out=1.0110 pu, I_out=765.2000 A, V_DT=0.0000 pu, P=120.1997 MW, Q=85.3052 MVar
[2026-05-19 16:03:36] [iter 17] [Bus 5] P/Q/CMD -> V_in=1.0050 pu, I_in=703.9333 A, PF=0.9702, V_out=1.0050 pu, I_out=703.9333 A, V_DT=0.0000 pu, P=130.7712 MW, Q=32.6599 MVar


[2026-05-19 16:03:40] [iter 18] [Bus 1] P/Q/CMD -> V_in=1.0200 pu, I_in=0.0000 A, PF=1.0000, V_out=1.0200 pu, I_out=0.0000 A, V_DT=1.0200 pu, P=237.2042 MW, Q=64.0735 MVar
[2026-05-19 16:03:40] [iter 18] [Bus 2] P/Q/CMD -> V_in=1.0170 pu, I_in=440.5333 A, PF=0.9070, V_out=1.0170 pu, I_out=440.5333 A, V_DT=1.0134 pu, P=77.4213 MW, Q=35.9476 MVar
[2026-05-19 16:03:40] [iter 18] [Bus 3] P/Q/CMD -> V_in=1.0060 pu, I_in=642.6667 A, PF=0.8827, V_out=1.0060 pu, I_out=642.6667 A, V_DT=0.0000 pu, P=108.7302 MW, Q=57.8864 MVar
[2026-05-19 16:03:40] [iter 18] [Bus 4] P/Q/CMD -> V_in=1.0090 pu, I_in=764.5333 A, PF=0.8155, V_out=1.0090 pu, I_out=764.5333 A, V_DT=0.0000 pu, P=119.8574 MW, Q=85.0623 MVar
[2026-05-19 16:03:40] [iter 18] [Bus 5] P/Q/CMD -> V_in=0.9980 pu, I_in=467.6000 A, PF=0.9702, V_out=0.9980 pu, I_out=467.6000 A, V_DT=0.0000 pu, P=86.2620 MW, Q=21.5438 MVar


[2026-05-19 16:03:44] [iter 19] [Bus 1] P/Q/CMD -> V_in=1.0230 pu, I_in=0.0000 A, PF=1.0000, V_out=1.0230 pu, I_out=0.0000 A, V_DT=1.0200 pu, P=237.2042 MW, Q=64.0735 MVar
[2026-05-19 16:03:44] [iter 19] [Bus 2] P/Q/CMD -> V_in=1.0090 pu, I_in=441.4333 A, PF=0.9070, V_out=1.0090 pu, I_out=441.4333 A, V_DT=0.0000 pu, P=76.9692 MW, Q=35.7377 MVar
[2026-05-19 16:03:44] [Bus 2] Command breaker ke RTU: OPEN
[2026-05-19 16:03:44] [iter 19] [Bus 3] P/Q/CMD -> V_in=1.0100 pu, I_in=430.8333 A, PF=0.8827, V_out=1.0100 pu, I_out=430.8333 A, V_DT=0.0000 pu, P=73.1808 MW, Q=38.9604 MVar
[2026-05-19 16:03:44] [iter 19] [Bus 4] P/Q/CMD -> V_in=1.0040 pu, I_in=509.2667 A, PF=0.8155, V_out=1.0040 pu, I_out=509.2667 A, V_DT=0.0000 pu, P=79.4431 MW, Q=56.3805 MVar
[2026-05-19 16:03:44] [iter 19] [Bus 5] P/Q/CMD -> V_in=1.0050 pu, I_in=469.2667 A, PF=0.9702, V_out=1.0050 pu, I_out=469.2667 A, V_DT=0.0000 pu, P=87.1767 MW, Q=21.7722 MVar


[2026-05-19 16:03:48] [iter 20] [Bus 1] P/Q/CMD -> V_in=1.0230 pu, I_in=0.0000 A, PF=1.0000, V_out=1.0230 pu, I_out=0.0000 A, V_DT=1.0200 pu, P=237.2042 MW, Q=64.0735 MVar
[2026-05-19 16:03:48] [iter 20] [Bus 2] P/Q/CMD -> V_in=1.0130 pu, I_in=656.7333 A, PF=0.9070, V_out=1.0130 pu, I_out=656.7333 A, V_DT=1.0064 pu, P=114.9633 MW, Q=53.3788 MVar
[2026-05-19 16:03:48] [Bus 2] Command breaker ke RTU: CLOSE
[2026-05-19 16:03:48] [iter 20] [Bus 3] P/Q/CMD -> V_in=1.0100 pu, I_in=426.3333 A, PF=0.8827, V_out=1.0100 pu, I_out=426.3333 A, V_DT=1.0018 pu, P=72.4164 MW, Q=38.5535 MVar
[2026-05-19 16:03:48] [Bus 3] Command breaker ke RTU: CLOSE
[2026-05-19 16:03:48] [iter 20] [Bus 4] P/Q/CMD -> V_in=1.0100 pu, I_in=767.3333 A, PF=0.8155, V_out=1.0100 pu, I_out=767.3333 A, V_DT=0.0000 pu, P=120.4156 MW, Q=85.4585 MVar
[2026-05-19 16:03:48] [iter 20] [Bus 5] P/Q/CMD -> V_in=1.0060 pu, I_in=702.9000 A, PF=0.9702, V_out=1.0060 pu, I_out=702.9000 A, V_DT=0.0000 pu, P=130.7092 MW, Q=32.6444 MVar


[2026-05-19 16:03:52] [iter 21] [Bus 1] P/Q/CMD -> V_in=1.0220 pu, I_in=427.4000 A, PF=0.8980, V_out=1.0220 pu, I_out=427.4000 A, V_DT=1.0200 pu, P=74.7335 MW, Q=36.6174 MVar
[2026-05-19 16:03:52] [iter 21] [Bus 2] P/Q/CMD -> V_in=1.0120 pu, I_in=429.4667 A, PF=0.9005, V_out=1.0120 pu, I_out=429.4667 A, V_DT=1.0030 pu, P=74.5671 MW, Q=36.0088 MVar
[2026-05-19 16:03:52] [iter 21] [Bus 3] P/Q/CMD -> V_in=1.0110 pu, I_in=642.2000 A, PF=0.8827, V_out=1.0110 pu, I_out=642.2000 A, V_DT=0.9986 pu, P=109.1913 MW, Q=58.1319 MVar
[2026-05-19 16:03:52] [iter 21] [Bus 4] P/Q/CMD -> V_in=1.0180 pu, I_in=508.0667 A, PF=0.8155, V_out=1.0180 pu, I_out=508.0667 A, V_DT=0.0000 pu, P=80.3611 MW, Q=57.0319 MVar
[2026-05-19 16:03:52] [iter 21] [Bus 5] P/Q/CMD -> V_in=1.0090 pu, I_in=701.9000 A, PF=0.9702, V_out=1.0090 pu, I_out=701.9000 A, V_DT=0.0000 pu, P=130.9125 MW, Q=32.6951 MVar


[2026-05-19 16:03:56] [iter 22] [Bus 1] P/Q/CMD -> V_in=1.0200 pu, I_in=428.2333 A, PF=0.8980, V_out=1.0200 pu, I_out=428.2333 A, V_DT=1.0200 pu, P=74.7326 MW, Q=36.6169 MVar
[2026-05-19 16:03:56] [iter 22] [Bus 2] P/Q/CMD -> V_in=1.0130 pu, I_in=428.1333 A, PF=0.9005, V_out=1.0130 pu, I_out=428.1333 A, V_DT=1.0134 pu, P=74.4090 MW, Q=35.9325 MVar
[2026-05-19 16:03:56] [iter 22] [Bus 3] P/Q/CMD -> V_in=1.0030 pu, I_in=426.3333 A, PF=0.8827, V_out=1.0030 pu, I_out=426.3333 A, V_DT=0.0000 pu, P=71.9145 MW, Q=38.2863 MVar
[2026-05-19 16:03:56] [Bus 3] Command breaker ke RTU: OPEN
[2026-05-19 16:03:56] [iter 22] [Bus 4] P/Q/CMD -> V_in=1.0110 pu, I_in=762.5000 A, PF=0.8155, V_out=1.0110 pu, I_out=762.5000 A, V_DT=0.0000 pu, P=119.7756 MW, Q=85.0042 MVar
[2026-05-19 16:03:56] [iter 22] [Bus 5] P/Q/CMD -> V_in=1.0030 pu, I_in=699.1667 A, PF=0.9702, V_out=1.0030 pu, I_out=699.1667 A, V_DT=0.0000 pu, P=129.6272 MW, Q=32.3741 MVar


[2026-05-19 16:04:00] [iter 23] [Bus 1] P/Q/CMD -> V_in=1.0230 pu, I_in=428.3000 A, PF=0.8980, V_out=1.0230 pu, I_out=428.3000 A, V_DT=1.0200 pu, P=74.9641 MW, Q=36.7304 MVar
[2026-05-19 16:04:00] [Bus 1] Command breaker ke RTU: OPEN
[2026-05-19 16:04:00] [iter 23] [Bus 2] P/Q/CMD -> V_in=1.0170 pu, I_in=425.7667 A, PF=0.9005, V_out=1.0170 pu, I_out=425.7667 A, V_DT=1.0085 pu, P=74.2899 MW, Q=35.8750 MVar
[2026-05-19 16:04:00] [Bus 2] Command breaker ke RTU: OPEN
[2026-05-19 16:04:00] [iter 23] [Bus 3] P/Q/CMD -> V_in=1.0080 pu, I_in=426.8667 A, PF=0.8827, V_out=1.0080 pu, I_out=426.8667 A, V_DT=1.0057 pu, P=72.3634 MW, Q=38.5253 MVar
[2026-05-19 16:04:00] [iter 23] [Bus 4] P/Q/CMD -> V_in=1.0120 pu, I_in=512.1667 A, PF=0.8155, V_out=1.0120 pu, I_out=512.1667 A, V_DT=1.0100 pu, P=80.5321 MW, Q=57.1533 MVar
[2026-05-19 16:04:00] [iter 23] [Bus 5] P/Q/CMD -> V_in=1.0040 pu, I_in=470.6667 A, PF=0.9702, V_out=1.0040 pu, I_out=470.6667 A, V_DT=1.0073 pu, P=87.3498 MW, Q=21.8154 MVar


[2026-05-19 16:04:04] [iter 24] [Bus 1] P/Q/CMD -> V_in=1.0220 pu, I_in=640.3333 A, PF=0.8980, V_out=1.0220 pu, I_out=640.3333 A, V_DT=1.0200 pu, P=111.9661 MW, Q=54.8603 MVar
[2026-05-19 16:04:04] [Bus 1] Command breaker ke RTU: CLOSE
[2026-05-19 16:04:04] [iter 24] [Bus 2] P/Q/CMD -> V_in=1.0070 pu, I_in=643.9333 A, PF=0.9005, V_out=1.0070 pu, I_out=643.9333 A, V_DT=1.0087 pu, P=111.2519 MW, Q=53.7241 MVar
[2026-05-19 16:04:04] [iter 24] [Bus 3] P/Q/CMD -> V_in=1.0070 pu, I_in=641.5000 A, PF=0.8827, V_out=1.0070 pu, I_out=641.5000 A, V_DT=1.0059 pu, P=108.6407 MW, Q=57.8388 MVar
[2026-05-19 16:04:04] [iter 24] [Bus 4] P/Q/CMD -> V_in=1.0110 pu, I_in=765.6000 A, PF=0.8155, V_out=1.0110 pu, I_out=765.6000 A, V_DT=1.0100 pu, P=120.2625 MW, Q=85.3498 MVar
[2026-05-19 16:04:04] [iter 24] [Bus 5] P/Q/CMD -> V_in=1.0110 pu, I_in=700.2000 A, PF=0.9702, V_out=1.0110 pu, I_out=700.2000 A, V_DT=1.0082 pu, P=130.8543 MW, Q=32.6806 MVar


[2026-05-19 16:04:08] [iter 25] [Bus 1] P/Q/CMD -> V_in=1.0230 pu, I_in=429.4000 A, PF=0.8980, V_out=1.0230 pu, I_out=429.4000 A, V_DT=1.0200 pu, P=75.1566 MW, Q=36.8247 MVar
[2026-05-19 16:04:08] [Bus 1] Command breaker ke RTU: OPEN
[2026-05-19 16:04:08] [iter 25] [Bus 2] P/Q/CMD -> V_in=1.0170 pu, I_in=640.3333 A, PF=0.9005, V_out=1.0170 pu, I_out=640.3333 A, V_DT=0.9996 pu, P=111.7285 MW, Q=53.9543 MVar
[2026-05-19 16:04:08] [Bus 2] Command breaker ke RTU: CLOSE
[2026-05-19 16:04:08] [iter 25] [Bus 3] P/Q/CMD -> V_in=1.0050 pu, I_in=645.1667 A, PF=0.8827, V_out=1.0050 pu, I_out=645.1667 A, V_DT=0.9928 pu, P=109.0447 MW, Q=58.0538 MVar
[2026-05-19 16:04:08] [Bus 3] Command breaker ke RTU: CLOSE
[2026-05-19 16:04:08] [iter 25] [Bus 4] P/Q/CMD -> V_in=1.0100 pu, I_in=509.9667 A, PF=0.8155, V_out=1.0100 pu, I_out=509.9667 A, V_DT=0.0000 pu, P=80.0277 MW, Q=56.7954 MVar
[2026-05-19 16:04:08] [iter 25] [Bus 5] P/Q/CMD -> V_in=1.0110 pu, I_in=701.9000 A, PF=0.9702, V_out=1.0110 pu, I_out=701.9000 A, V_DT=0.0000 pu, P=131.1720 MW, Q=32.7599 MVar


[2026-05-19 16:04:12] [iter 26] [Bus 1] P/Q/CMD -> V_in=1.0130 pu, I_in=426.6000 A, PF=0.8980, V_out=1.0130 pu, I_out=426.6000 A, V_DT=1.0200 pu, P=73.9367 MW, Q=36.2270 MVar
[2026-05-19 16:04:12] [Bus 1] Command breaker ke RTU: CLOSE
[2026-05-19 16:04:12] [iter 26] [Bus 2] P/Q/CMD -> V_in=1.0070 pu, I_in=428.4000 A, PF=0.9005, V_out=1.0070 pu, I_out=428.4000 A, V_DT=0.0000 pu, P=74.0144 MW, Q=35.7419 MVar
[2026-05-19 16:04:12] [Bus 2] Command breaker ke RTU: OPEN
[2026-05-19 16:04:12] [iter 26] [Bus 3] P/Q/CMD -> V_in=1.0080 pu, I_in=427.6667 A, PF=0.8827, V_out=1.0080 pu, I_out=427.6667 A, V_DT=0.0000 pu, P=72.4991 MW, Q=38.5975 MVar
[2026-05-19 16:04:12] [Bus 3] Command breaker ke RTU: OPEN
[2026-05-19 16:04:12] [iter 26] [Bus 4] P/Q/CMD -> V_in=1.0090 pu, I_in=511.0333 A, PF=0.8155, V_out=1.0090 pu, I_out=511.0333 A, V_DT=0.0000 pu, P=80.1157 MW, Q=56.8578 MVar
[2026-05-19 16:04:12] [iter 26] [Bus 5] P/Q/CMD -> V_in=1.0070 pu, I_in=470.3000 A, PF=0.9702, V_out=1.0070 pu, I_out=470.3000 A, V_DT=0.0000 pu, P=87.5425 MW, Q=21.8636 MVar


[2026-05-19 16:04:16] [iter 27] [Bus 1] P/Q/CMD -> V_in=1.0190 pu, I_in=2.3000 A, PF=1.0000, V_out=1.0190 pu, I_out=2.3000 A, V_DT=1.0200 pu, P=73.9367 MW, Q=36.2270 MVar
[2026-05-19 16:04:16] [iter 27] [Bus 2] P/Q/CMD -> V_in=1.0170 pu, I_in=644.4000 A, PF=0.9005, V_out=1.0170 pu, I_out=644.4000 A, V_DT=1.0135 pu, P=112.4381 MW, Q=54.2969 MVar
[2026-05-19 16:04:16] [Bus 2] Command breaker ke RTU: CLOSE
[2026-05-19 16:04:16] [iter 27] [Bus 3] P/Q/CMD -> V_in=1.0050 pu, I_in=644.8333 A, PF=0.8827, V_out=1.0050 pu, I_out=644.8333 A, V_DT=0.0000 pu, P=108.9883 MW, Q=58.0238 MVar
[2026-05-19 16:04:16] [iter 27] [Bus 4] P/Q/CMD -> V_in=1.0040 pu, I_in=762.2667 A, PF=0.8155, V_out=1.0040 pu, I_out=762.2667 A, V_DT=0.0000 pu, P=118.9099 MW, Q=84.3899 MVar
[2026-05-19 16:04:16] [iter 27] [Bus 5] P/Q/CMD -> V_in=1.0010 pu, I_in=704.9000 A, PF=0.9702, V_out=1.0010 pu, I_out=704.9000 A, V_DT=0.0000 pu, P=130.4296 MW, Q=32.5745 MVar


[2026-05-19 16:04:20] [iter 28] [Bus 1] P/Q/CMD -> V_in=1.0160 pu, I_in=0.0000 A, PF=1.0000, V_out=1.0160 pu, I_out=0.0000 A, V_DT=1.0200 pu, P=73.9367 MW, Q=36.2270 MVar
[2026-05-19 16:04:20] [iter 28] [Bus 2] P/Q/CMD -> V_in=1.0120 pu, I_in=640.7000 A, PF=0.9005, V_out=1.0120 pu, I_out=640.7000 A, V_DT=0.0000 pu, P=111.2429 MW, Q=53.7198 MVar
[2026-05-19 16:04:20] [iter 28] [Bus 3] P/Q/CMD -> V_in=1.0060 pu, I_in=643.4000 A, PF=0.8827, V_out=1.0060 pu, I_out=643.4000 A, V_DT=0.0000 pu, P=108.8543 MW, Q=57.9525 MVar
[2026-05-19 16:04:20] [Bus 3] Command breaker ke RTU: CLOSE
[2026-05-19 16:04:20] [iter 28] [Bus 4] P/Q/CMD -> V_in=1.0150 pu, I_in=764.7333 A, PF=0.8155, V_out=1.0150 pu, I_out=764.7333 A, V_DT=0.0000 pu, P=120.6017 MW, Q=85.5905 MVar
[2026-05-19 16:04:20] [iter 28] [Bus 5] P/Q/CMD -> V_in=1.0080 pu, I_in=704.7333 A, PF=0.9702, V_out=1.0080 pu, I_out=704.7333 A, V_DT=0.0000 pu, P=131.3106 MW, Q=32.7946 MVar


[2026-05-19 16:04:24] [iter 29] [Bus 1] P/Q/CMD -> V_in=1.0190 pu, I_in=0.0000 A, PF=1.0000, V_out=1.0190 pu, I_out=0.0000 A, V_DT=1.0200 pu, P=73.9367 MW, Q=36.2270 MVar
[2026-05-19 16:04:24] [iter 29] [Bus 2] P/Q/CMD -> V_in=1.0110 pu, I_in=643.2000 A, PF=0.9005, V_out=1.0110 pu, I_out=643.2000 A, V_DT=1.0101 pu, P=111.5666 MW, Q=53.8761 MVar
[2026-05-19 16:04:24] [iter 29] [Bus 3] P/Q/CMD -> V_in=1.0030 pu, I_in=427.7000 A, PF=0.8827, V_out=1.0030 pu, I_out=427.7000 A, V_DT=0.0000 pu, P=72.1451 MW, Q=38.4090 MVar
[2026-05-19 16:04:24] [Bus 3] Command breaker ke RTU: OPEN
[2026-05-19 16:04:24] [iter 29] [Bus 4] P/Q/CMD -> V_in=1.0130 pu, I_in=766.4333 A, PF=0.8155, V_out=1.0130 pu, I_out=766.4333 A, V_DT=0.0000 pu, P=120.6316 MW, Q=85.6118 MVar
[2026-05-19 16:04:24] [iter 29] [Bus 5] P/Q/CMD -> V_in=1.0070 pu, I_in=469.5333 A, PF=0.9702, V_out=1.0070 pu, I_out=469.5333 A, V_DT=0.0000 pu, P=87.3998 MW, Q=21.8279 MVar


[2026-05-19 16:04:28] [iter 30] [Bus 1] P/Q/CMD -> V_in=1.0200 pu, I_in=0.0000 A, PF=1.0000, V_out=1.0200 pu, I_out=0.0000 A, V_DT=1.0200 pu, P=73.9367 MW, Q=36.2270 MVar
[2026-05-19 16:04:28] [iter 30] [Bus 2] P/Q/CMD -> V_in=1.0080 pu, I_in=426.2333 A, PF=0.9005, V_out=1.0080 pu, I_out=426.2333 A, V_DT=1.0032 pu, P=73.7132 MW, Q=35.5965 MVar
[2026-05-19 16:04:28] [iter 30] [Bus 3] P/Q/CMD -> V_in=1.0100 pu, I_in=427.7333 A, PF=0.8827, V_out=1.0100 pu, I_out=427.7333 A, V_DT=0.9987 pu, P=72.6542 MW, Q=38.6801 MVar
[2026-05-19 16:04:28] [Bus 3] Command breaker ke RTU: CLOSE
[2026-05-19 16:04:28] [iter 30] [Bus 4] P/Q/CMD -> V_in=1.0070 pu, I_in=508.6333 A, PF=0.8155, V_out=1.0070 pu, I_out=508.6333 A, V_DT=0.0000 pu, P=79.5814 MW, Q=56.4786 MVar
[2026-05-19 16:04:28] [iter 30] [Bus 5] P/Q/CMD -> V_in=1.0020 pu, I_in=468.1333 A, PF=0.9702, V_out=1.0020 pu, I_out=468.1333 A, V_DT=0.0000 pu, P=86.7065 MW, Q=21.6548 MVar


[2026-05-19 16:04:32] [iter 31] [Bus 1] P/Q/CMD -> V_in=1.0160 pu, I_in=0.8000 A, PF=1.0000, V_out=1.0160 pu, I_out=0.8000 A, V_DT=1.0200 pu, P=73.9367 MW, Q=36.2270 MVar
[2026-05-19 16:04:32] [iter 31] [Bus 2] P/Q/CMD -> V_in=1.0050 pu, I_in=641.5000 A, PF=0.9005, V_out=1.0050 pu, I_out=641.5000 A, V_DT=1.0087 pu, P=110.6114 MW, Q=53.4148 MVar
[2026-05-19 16:04:32] [Bus 2] Command breaker ke RTU: OPEN
[2026-05-19 16:04:32] [iter 31] [Bus 3] P/Q/CMD -> V_in=1.0060 pu, I_in=638.5000 A, PF=0.8827, V_out=1.0060 pu, I_out=638.5000 A, V_DT=1.0059 pu, P=108.0253 MW, Q=57.5111 MVar
[2026-05-19 16:04:32] [Bus 3] Command breaker ke RTU: OPEN
[2026-05-19 16:04:32] [iter 31] [Bus 4] P/Q/CMD -> V_in=1.0120 pu, I_in=764.0667 A, PF=0.8155, V_out=1.0120 pu, I_out=764.0667 A, V_DT=1.0100 pu, P=120.1404 MW, Q=85.2632 MVar
[2026-05-19 16:04:32] [iter 31] [Bus 5] P/Q/CMD -> V_in=1.0000 pu, I_in=700.5000 A, PF=0.9702, V_out=1.0000 pu, I_out=700.5000 A, V_DT=1.0082 pu, P=129.4860 MW, Q=32.3389 MVar


[2026-05-19 16:04:36] [iter 32] [Bus 1] P/Q/CMD -> V_in=1.0200 pu, I_in=0.0000 A, PF=1.0000, V_out=1.0200 pu, I_out=0.0000 A, V_DT=1.0200 pu, P=73.9367 MW, Q=36.2270 MVar
[2026-05-19 16:04:36] [Bus 1] Command breaker ke RTU: OPEN
[2026-05-19 16:04:36] [iter 32] [Bus 2] P/Q/CMD -> V_in=1.0150 pu, I_in=428.3000 A, PF=0.9005, V_out=1.0150 pu, I_out=428.3000 A, V_DT=0.9997 pu, P=74.5849 MW, Q=36.0174 MVar
[2026-05-19 16:04:36] [Bus 2] Command breaker ke RTU: CLOSE
[2026-05-19 16:04:36] [iter 32] [Bus 3] P/Q/CMD -> V_in=1.0090 pu, I_in=643.6000 A, PF=0.8827, V_out=1.0090 pu, I_out=643.6000 A, V_DT=0.9930 pu, P=109.2128 MW, Q=58.1434 MVar
[2026-05-19 16:04:36] [Bus 3] Command breaker ke RTU: CLOSE
[2026-05-19 16:04:36] [iter 32] [Bus 4] P/Q/CMD -> V_in=1.0140 pu, I_in=510.7667 A, PF=0.8155, V_out=1.0140 pu, I_out=510.7667 A, V_DT=0.0000 pu, P=80.4707 MW, Q=57.1097 MVar
[2026-05-19 16:04:36] [iter 32] [Bus 5] P/Q/CMD -> V_in=1.0080 pu, I_in=465.2000 A, PF=0.9702, V_out=1.0080 pu, I_out=465.2000 A, V_DT=0.0000 pu, P=86.6792 MW, Q=21.6480 MVar


[2026-05-19 16:04:40] [iter 33] [Bus 1] P/Q/CMD -> V_in=1.0220 pu, I_in=402.4333 A, PF=0.9566, V_out=1.0220 pu, I_out=402.4333 A, V_DT=1.0200 pu, P=74.9598 MW, Q=22.8346 MVar
[2026-05-19 16:04:40] [iter 33] [Bus 2] P/Q/CMD -> V_in=1.0140 pu, I_in=399.7667 A, PF=0.9584, V_out=1.0140 pu, I_out=399.7667 A, V_DT=1.0069 pu, P=74.0192 MW, Q=22.0442 MVar
[2026-05-19 16:04:40] [Bus 2] Command breaker ke RTU: OPEN
[2026-05-19 16:04:40] [iter 33] [Bus 3] P/Q/CMD -> V_in=1.0130 pu, I_in=425.9333 A, PF=0.8827, V_out=1.0130 pu, I_out=425.9333 A, V_DT=1.0031 pu, P=72.5634 MW, Q=38.6317 MVar
[2026-05-19 16:04:40] [Bus 3] Command breaker ke RTU: OPEN
[2026-05-19 16:04:40] [iter 33] [Bus 4] P/Q/CMD -> V_in=1.0110 pu, I_in=513.4333 A, PF=0.8155, V_out=1.0110 pu, I_out=513.4333 A, V_DT=1.0100 pu, P=80.6515 MW, Q=57.2381 MVar
[2026-05-19 16:04:40] [iter 33] [Bus 5] P/Q/CMD -> V_in=1.0040 pu, I_in=469.3667 A, PF=0.9702, V_out=1.0040 pu, I_out=469.3667 A, V_DT=1.0082 pu, P=87.1085 MW, Q=21.7552 MVar
