Memulai Server OPC UA
Endpoints other than open requested but private key and certificate are not set.
Listening on 10.0.2.2:4840
Memulai Modbus Gateway di 0.0.0.0:5020


[2026-05-05 14:10:34] [iter 1] [Bus 1] P/Q/CMD -> V_in=0.0000 pu, I_in=0.0000 A, V_out=0.0000 pu, I_out=0.0000 A, V_DT=1.0000 pu, P=0.0000 MW, Q=0.0000 MVar
[2026-05-05 14:10:34] [iter 1] [Bus 2] P/Q/CMD -> V_in=0.0000 pu, I_in=0.0000 A, V_out=0.0000 pu, I_out=0.0000 A, V_DT=1.0000 pu, P=0.0000 MW, Q=0.0000 MVar
[2026-05-05 14:10:34] [iter 1] [Bus 3] P/Q/CMD -> V_in=0.0000 pu, I_in=0.0000 A, V_out=0.0000 pu, I_out=0.0000 A, V_DT=1.0000 pu, P=0.0000 MW, Q=0.0000 MVar
[2026-05-05 14:10:34] [iter 1] [Bus 4] P/Q/CMD -> V_in=0.0000 pu, I_in=0.0000 A, V_out=0.0000 pu, I_out=0.0000 A, V_DT=1.0000 pu, P=0.0000 MW, Q=0.0000 MVar
[2026-05-05 14:10:34] [iter 1] [Bus 5] P/Q/CMD -> V_in=0.0000 pu, I_in=0.0000 A, V_out=0.0000 pu, I_out=0.0000 A, V_DT=1.0000 pu, P=0.0000 MW, Q=0.0000 MVar


[2026-05-05 14:10:38] [iter 2] [Bus 1] P/Q/CMD -> V_in=1.0120 pu, I_in=169.2414 A, V_out=1.0120 pu, I_out=169.2414 A, V_DT=1.0500 pu, P=56.7254 MW, Q=16.5449 MVar
[2026-05-05 14:10:38] [iter 2] [Bus 2] P/Q/CMD -> V_in=0.9770 pu, I_in=330.2414 A, V_out=0.9770 pu, I_out=330.2414 A, V_DT=1.0500 pu, P=126.8966 MW, Q=41.7089 MVar
[2026-05-05 14:10:38] [iter 2] [Bus 3] P/Q/CMD -> V_in=1.0220 pu, I_in=653.2759 A, V_out=1.0220 pu, I_out=653.2759 A, V_DT=1.0405 pu, P=223.4284 MW, Q=55.9964 MVar
[2026-05-05 14:10:38] [iter 2] [Bus 4] P/Q/CMD -> V_in=1.0390 pu, I_in=210.5862 A, V_out=1.0390 pu, I_out=210.5862 A, V_DT=1.0377 pu, P=81.6000 MW, Q=29.6169 MVar
[2026-05-05 14:10:38] [iter 2] [Bus 5] P/Q/CMD -> V_in=0.9920 pu, I_in=176.6552 A, V_out=0.9920 pu, I_out=176.6552 A, V_DT=1.0396 pu, P=58.0401 MW, Q=16.9284 MVar


[2026-05-05 14:10:42] [iter 3] [Bus 1] P/Q/CMD -> V_in=0.9710 pu, I_in=1890.6552 A, V_out=0.9710 pu, I_out=1890.6552 A, V_DT=1.0488 pu, P=608.0256 MW, Q=177.3408 MVar
[2026-05-05 14:10:42] [iter 3] [Bus 2] P/Q/CMD -> V_in=0.9520 pu, I_in=319.3103 A, V_out=0.9520 pu, I_out=319.3103 A, V_DT=1.0485 pu, P=119.5567 MW, Q=39.2964 MVar
[2026-05-05 14:10:42] [iter 3] [Bus 3] P/Q/CMD -> V_in=1.0140 pu, I_in=1936.4828 A, V_out=1.0140 pu, I_out=1936.4828 A, V_DT=1.0404 pu, P=657.1166 MW, Q=164.6889 MVar
[2026-05-05 14:10:42] [iter 3] [Bus 4] P/Q/CMD -> V_in=0.9720 pu, I_in=619.3448 A, V_out=0.9720 pu, I_out=619.3448 A, V_DT=1.0397 pu, P=224.5141 MW, Q=81.4877 MVar
[2026-05-05 14:10:42] [iter 3] [Bus 5] P/Q/CMD -> V_in=1.0300 pu, I_in=152.7586 A, V_out=1.0300 pu, I_out=152.7586 A, V_DT=1.0414 pu, P=52.1115 MW, Q=15.1992 MVar


[2026-05-05 14:10:46] [iter 4] [Bus 1] P/Q/CMD -> V_in=1.0300 pu, I_in=664.7241 A, V_out=1.0300 pu, I_out=664.7241 A, V_DT=1.0355 pu, P=226.7613 MW, Q=66.1387 MVar
[2026-05-05 14:10:46] [iter 4] [Bus 2] P/Q/CMD -> V_in=0.9840 pu, I_in=1961.3793 A, V_out=0.9840 pu, I_out=1961.3793 A, V_DT=1.0459 pu, P=759.0679 MW, Q=249.4936 MVar
[2026-05-05 14:10:46] [iter 4] [Bus 3] P/Q/CMD -> V_in=1.0450 pu, I_in=1862.2759 A, V_out=1.0450 pu, I_out=1862.2759 A, V_DT=1.0381 pu, P=651.2551 MW, Q=163.2199 MVar
[2026-05-05 14:10:46] [iter 4] [Bus 4] P/Q/CMD -> V_in=0.9590 pu, I_in=235.9310 A, V_out=0.9590 pu, I_out=235.9310 A, V_DT=1.0417 pu, P=84.3817 MW, Q=30.6265 MVar
[2026-05-05 14:10:46] [iter 4] [Bus 5] P/Q/CMD -> V_in=1.0340 pu, I_in=592.4483 A, V_out=1.0340 pu, I_out=592.4483 A, V_DT=1.0434 pu, P=202.8903 MW, Q=59.1763 MVar


[2026-05-05 14:10:50] [iter 5] [Bus 1] P/Q/CMD -> V_in=1.0300 pu, I_in=1873.6552 A, V_out=1.0300 pu, I_out=1873.6552 A, V_DT=1.0344 pu, P=639.1712 MW, Q=186.4249 MVar
[2026-05-05 14:10:50] [iter 5] [Bus 2] P/Q/CMD -> V_in=1.0020 pu, I_in=891.5862 A, V_out=1.0020 pu, I_out=891.5862 A, V_DT=1.0332 pu, P=351.3622 MW, Q=115.4872 MVar
[2026-05-05 14:10:50] [iter 5] [Bus 3] P/Q/CMD -> V_in=0.9870 pu, I_in=2024.6552 A, V_out=0.9870 pu, I_out=2024.6552 A, V_DT=1.0285 pu, P=668.7427 MW, Q=167.6027 MVar
[2026-05-05 14:10:50] [iter 5] [Bus 4] P/Q/CMD -> V_in=1.0320 pu, I_in=2066.1724 A, V_out=1.0320 pu, I_out=2066.1724 A, V_DT=1.0369 pu, P=795.2269 MW, Q=288.6288 MVar
[2026-05-05 14:10:50] [iter 5] [Bus 5] P/Q/CMD -> V_in=1.0360 pu, I_in=572.2414 A, V_out=1.0360 pu, I_out=572.2414 A, V_DT=1.0380 pu, P=196.3493 MW, Q=57.2685 MVar


[2026-05-05 14:10:54] [iter 6] [Bus 1] P/Q/CMD -> V_in=1.0300 pu, I_in=1873.6552 A, V_out=1.0300 pu, I_out=1873.6552 A, V_DT=1.0227 pu, P=639.1712 MW, Q=186.4249 MVar
[2026-05-05 14:10:54] [iter 6] [Bus 2] P/Q/CMD -> V_in=1.0020 pu, I_in=891.5862 A, V_out=1.0020 pu, I_out=891.5862 A, V_DT=1.0240 pu, P=351.3622 MW, Q=115.4872 MVar
[2026-05-05 14:10:54] [iter 6] [Bus 3] P/Q/CMD -> V_in=0.9870 pu, I_in=2024.6552 A, V_out=0.9870 pu, I_out=2024.6552 A, V_DT=1.0123 pu, P=668.7427 MW, Q=167.6027 MVar
[2026-05-05 14:10:54] [iter 6] [Bus 4] P/Q/CMD -> V_in=1.0320 pu, I_in=2066.1724 A, V_out=1.0320 pu, I_out=2066.1724 A, V_DT=1.0124 pu, P=795.2269 MW, Q=288.6288 MVar
[2026-05-05 14:10:54] [iter 6] [Bus 5] P/Q/CMD -> V_in=1.0360 pu, I_in=572.2414 A, V_out=1.0360 pu, I_out=572.2414 A, V_DT=1.0156 pu, P=196.3493 MW, Q=57.2685 MVar


[2026-05-05 14:10:58] [iter 7] [Bus 1] P/Q/CMD -> V_in=1.0200 pu, I_in=183.7241 A, V_out=1.0200 pu, I_out=183.7241 A, V_DT=1.0142 pu, P=62.0664 MW, Q=18.1027 MVar
[2026-05-05 14:10:58] [iter 7] [Bus 2] P/Q/CMD -> V_in=0.9720 pu, I_in=383.7241 A, V_out=0.9720 pu, I_out=383.7241 A, V_DT=1.0154 pu, P=146.6930 MW, Q=48.2157 MVar
[2026-05-05 14:10:58] [iter 7] [Bus 3] P/Q/CMD -> V_in=0.9570 pu, I_in=344.5862 A, V_out=0.9570 pu, I_out=344.5862 A, V_DT=0.9968 pu, P=110.3572 MW, Q=27.6581 MVar
[2026-05-05 14:10:58] [iter 7] [Bus 4] P/Q/CMD -> V_in=0.9600 pu, I_in=379.7241 A, V_out=0.9600 pu, I_out=379.7241 A, V_DT=0.9896 pu, P=135.9516 MW, Q=49.3438 MVar
[2026-05-05 14:10:58] [iter 7] [Bus 5] P/Q/CMD -> V_in=1.0120 pu, I_in=425.0690 A, V_out=1.0120 pu, I_out=425.0690 A, V_DT=0.9944 pu, P=142.4722 MW, Q=41.5544 MVar


[2026-05-05 14:11:02] [iter 8] [Bus 1] P/Q/CMD -> V_in=0.9870 pu, I_in=2118.1379 A, V_out=0.9870 pu, I_out=2118.1379 A, V_DT=1.0266 pu, P=692.4074 MW, Q=201.9522 MVar
[2026-05-05 14:11:02] [iter 8] [Bus 2] P/Q/CMD -> V_in=0.9760 pu, I_in=1999.3793 A, V_out=0.9760 pu, I_out=1999.3793 A, V_DT=1.0293 pu, P=767.4833 MW, Q=252.2596 MVar
[2026-05-05 14:11:02] [iter 8] [Bus 3] P/Q/CMD -> V_in=1.0140 pu, I_in=608.1724 A, V_out=1.0140 pu, I_out=608.1724 A, V_DT=1.0186 pu, P=206.3742 MW, Q=51.7223 MVar
[2026-05-05 14:11:02] [iter 8] [Bus 4] P/Q/CMD -> V_in=0.9670 pu, I_in=1953.1379 A, V_out=0.9670 pu, I_out=1953.1379 A, V_DT=1.0149 pu, P=704.3754 MW, Q=255.6541 MVar
[2026-05-05 14:11:02] [iter 8] [Bus 5] P/Q/CMD -> V_in=0.9660 pu, I_in=457.3793 A, V_out=0.9660 pu, I_out=457.3793 A, V_DT=1.0182 pu, P=146.3336 MW, Q=42.6806 MVar


[2026-05-05 14:11:06] [iter 9] [Bus 1] P/Q/CMD -> V_in=0.9870 pu, I_in=2151.9655 A, V_out=0.9870 pu, I_out=2151.9655 A, V_DT=1.0153 pu, P=703.4655 MW, Q=205.1774 MVar
[2026-05-05 14:11:06] [iter 9] [Bus 2] P/Q/CMD -> V_in=0.9760 pu, I_in=887.6897 A, V_out=0.9760 pu, I_out=887.6897 A, V_DT=1.0162 pu, P=340.7493 MW, Q=111.9989 MVar
[2026-05-05 14:11:06] [iter 9] [Bus 3] P/Q/CMD -> V_in=1.0140 pu, I_in=608.1724 A, V_out=1.0140 pu, I_out=608.1724 A, V_DT=1.0069 pu, P=206.3742 MW, Q=51.7223 MVar
[2026-05-05 14:11:06] [iter 9] [Bus 4] P/Q/CMD -> V_in=0.9670 pu, I_in=2026.2414 A, V_out=0.9670 pu, I_out=2026.2414 A, V_DT=0.9981 pu, P=730.7393 MW, Q=265.2229 MVar
[2026-05-05 14:11:06] [iter 9] [Bus 5] P/Q/CMD -> V_in=0.9660 pu, I_in=457.3793 A, V_out=0.9660 pu, I_out=457.3793 A, V_DT=1.0026 pu, P=146.3336 MW, Q=42.6806 MVar


[2026-05-05 14:11:10] [iter 10] [Bus 1] P/Q/CMD -> V_in=1.0480 pu, I_in=610.8276 A, V_out=1.0480 pu, I_out=610.8276 A, V_DT=1.0079 pu, P=212.0168 MW, Q=61.8382 MVar
[2026-05-05 14:11:10] [iter 10] [Bus 2] P/Q/CMD -> V_in=1.0040 pu, I_in=670.9310 A, V_out=1.0040 pu, I_out=670.9310 A, V_DT=1.0153 pu, P=264.9327 MW, Q=87.0792 MVar
[2026-05-05 14:11:10] [iter 10] [Bus 3] P/Q/CMD -> V_in=1.0340 pu, I_in=719.7586 A, V_out=1.0340 pu, I_out=719.7586 A, V_DT=1.0041 pu, P=249.0567 MW, Q=62.4195 MVar
[2026-05-05 14:11:10] [iter 10] [Bus 4] P/Q/CMD -> V_in=0.9720 pu, I_in=181.9655 A, V_out=0.9720 pu, I_out=181.9655 A, V_DT=0.9900 pu, P=65.9630 MW, Q=23.9414 MVar
[2026-05-05 14:11:10] [iter 10] [Bus 5] P/Q/CMD -> V_in=0.9810 pu, I_in=363.4828 A, V_out=0.9810 pu, I_out=363.4828 A, V_DT=0.9954 pu, P=118.0982 MW, Q=34.4453 MVar


[2026-05-05 14:11:14] [iter 11] [Bus 1] P/Q/CMD -> V_in=0.9710 pu, I_in=1837.2759 A, V_out=0.9710 pu, I_out=1837.2759 A, V_DT=1.0186 pu, P=590.8591 MW, Q=172.3339 MVar
[2026-05-05 14:11:14] [iter 11] [Bus 2] P/Q/CMD -> V_in=1.0370 pu, I_in=1830.0000 A, V_out=1.0370 pu, I_out=1830.0000 A, V_DT=1.0255 pu, P=746.3693 MW, Q=245.3197 MVar
[2026-05-05 14:11:14] [iter 11] [Bus 3] P/Q/CMD -> V_in=1.0140 pu, I_in=447.3793 A, V_out=1.0140 pu, I_out=447.3793 A, V_DT=1.0192 pu, P=151.8115 MW, Q=38.0475 MVar
[2026-05-05 14:11:14] [iter 11] [Bus 4] P/Q/CMD -> V_in=1.0410 pu, I_in=482.5517 A, V_out=1.0410 pu, I_out=482.5517 A, V_DT=1.0132 pu, P=187.3438 MW, Q=67.9967 MVar
[2026-05-05 14:11:14] [iter 11] [Bus 5] P/Q/CMD -> V_in=0.9760 pu, I_in=1965.3793 A, V_out=0.9760 pu, I_out=1965.3793 A, V_DT=1.0168 pu, P=635.3112 MW, Q=185.2991 MVar


[2026-05-05 14:11:19] [iter 12] [Bus 1] P/Q/CMD -> V_in=1.0060 pu, I_in=2119.0690 A, V_out=1.0060 pu, I_out=2119.0690 A, V_DT=1.0128 pu, P=706.0467 MW, Q=205.9303 MVar
[2026-05-05 14:11:19] [iter 12] [Bus 2] P/Q/CMD -> V_in=1.0080 pu, I_in=1809.0000 A, V_out=1.0080 pu, I_out=1809.0000 A, V_DT=1.0155 pu, P=717.1715 MW, Q=235.7229 MVar
[2026-05-05 14:11:19] [iter 12] [Bus 3] P/Q/CMD -> V_in=0.9890 pu, I_in=323.0690 A, V_out=0.9890 pu, I_out=323.0690 A, V_DT=1.0103 pu, P=106.9258 MW, Q=26.7981 MVar
[2026-05-05 14:11:19] [iter 12] [Bus 4] P/Q/CMD -> V_in=1.0490 pu, I_in=2059.6552 A, V_out=1.0490 pu, I_out=2059.6552 A, V_DT=1.0025 pu, P=805.7769 MW, Q=292.4579 MVar
[2026-05-05 14:11:19] [iter 12] [Bus 5] P/Q/CMD -> V_in=0.9590 pu, I_in=196.5172 A, V_out=0.9590 pu, I_out=196.5172 A, V_DT=1.0043 pu, P=62.4180 MW, Q=18.2052 MVar


[2026-05-05 14:11:23] [iter 13] [Bus 1] P/Q/CMD -> V_in=0.9600 pu, I_in=2077.8276 A, V_out=0.9600 pu, I_out=2077.8276 A, V_DT=1.0054 pu, P=660.6494 MW, Q=192.6894 MVar
[2026-05-05 14:11:23] [iter 13] [Bus 2] P/Q/CMD -> V_in=1.0290 pu, I_in=461.0690 A, V_out=1.0290 pu, I_out=461.0690 A, V_DT=1.0070 pu, P=186.5972 MW, Q=61.3315 MVar
[2026-05-05 14:11:23] [iter 13] [Bus 3] P/Q/CMD -> V_in=0.9560 pu, I_in=463.8621 A, V_out=0.9560 pu, I_out=463.8621 A, V_DT=1.0011 pu, P=148.4013 MW, Q=37.1929 MVar
[2026-05-05 14:11:23] [iter 13] [Bus 4] P/Q/CMD -> V_in=1.0490 pu, I_in=2097.2414 A, V_out=1.0490 pu, I_out=2097.2414 A, V_DT=0.9878 pu, P=820.4813 MW, Q=297.7950 MVar
[2026-05-05 14:11:23] [iter 13] [Bus 5] P/Q/CMD -> V_in=1.0470 pu, I_in=2118.7586 A, V_out=1.0470 pu, I_out=2118.7586 A, V_DT=0.9919 pu, P=734.7143 MW, Q=214.2917 MVar


[2026-05-05 14:11:27] [iter 14] [Bus 1] P/Q/CMD -> V_in=0.9510 pu, I_in=738.3448 A, V_out=0.9510 pu, I_out=738.3448 A, V_DT=1.0014 pu, P=232.5574 MW, Q=67.8292 MVar
[2026-05-05 14:11:27] [iter 14] [Bus 2] P/Q/CMD -> V_in=1.0180 pu, I_in=552.1034 A, V_out=1.0180 pu, I_out=552.1034 A, V_DT=1.0073 pu, P=221.0508 MW, Q=72.6559 MVar
[2026-05-05 14:11:27] [iter 14] [Bus 3] P/Q/CMD -> V_in=0.9760 pu, I_in=656.7586 A, V_out=0.9760 pu, I_out=656.7586 A, V_DT=0.9918 pu, P=214.5094 MW, Q=53.7611 MVar
[2026-05-05 14:11:27] [iter 14] [Bus 4] P/Q/CMD -> V_in=0.9610 pu, I_in=503.7241 A, V_out=0.9610 pu, I_out=503.7241 A, V_DT=0.9650 pu, P=180.5348 MW, Q=65.5254 MVar
[2026-05-05 14:11:27] [iter 14] [Bus 5] P/Q/CMD -> V_in=0.9950 pu, I_in=884.1724 A, V_out=0.9950 pu, I_out=884.1724 A, V_DT=0.9694 pu, P=291.3737 MW, Q=84.9840 MVar


[2026-05-05 14:11:31] [iter 15] [Bus 1] P/Q/CMD -> V_in=0.9510 pu, I_in=738.3448 A, V_out=0.9510 pu, I_out=738.3448 A, V_DT=1.0140 pu, P=232.5574 MW, Q=67.8292 MVar
[2026-05-05 14:11:31] [iter 15] [Bus 2] P/Q/CMD -> V_in=1.0180 pu, I_in=552.1034 A, V_out=1.0180 pu, I_out=552.1034 A, V_DT=1.0208 pu, P=221.0508 MW, Q=72.6559 MVar
[2026-05-05 14:11:31] [iter 15] [Bus 3] P/Q/CMD -> V_in=0.9760 pu, I_in=1893.4828 A, V_out=0.9760 pu, I_out=1893.4828 A, V_DT=1.0108 pu, P=618.4463 MW, Q=154.9973 MVar
[2026-05-05 14:11:31] [iter 15] [Bus 4] P/Q/CMD -> V_in=0.9790 pu, I_in=1927.4828 A, V_out=0.9790 pu, I_out=1927.4828 A, V_DT=0.9940 pu, P=703.7493 MW, Q=255.4269 MVar
[2026-05-05 14:11:31] [iter 15] [Bus 5] P/Q/CMD -> V_in=1.0100 pu, I_in=1815.7241 A, V_out=1.0100 pu, I_out=1815.7241 A, V_DT=0.9969 pu, P=607.3815 MW, Q=177.1529 MVar


[2026-05-05 14:11:35] [iter 16] [Bus 1] P/Q/CMD -> V_in=1.0370 pu, I_in=2172.2069 A, V_out=1.0370 pu, I_out=2172.2069 A, V_DT=1.0195 pu, P=746.0540 MW, Q=217.5991 MVar
[2026-05-05 14:11:35] [iter 16] [Bus 2] P/Q/CMD -> V_in=1.0000 pu, I_in=1906.0000 A, V_out=1.0000 pu, I_out=1906.0000 A, V_DT=1.0173 pu, P=749.6298 MW, Q=246.3914 MVar
[2026-05-05 14:11:35] [iter 16] [Bus 3] P/Q/CMD -> V_in=1.0410 pu, I_in=784.2069 A, V_out=1.0410 pu, I_out=784.2069 A, V_DT=0.9980 pu, P=273.1947 MW, Q=68.4690 MVar
[2026-05-05 14:11:35] [iter 16] [Bus 4] P/Q/CMD -> V_in=0.9790 pu, I_in=1827.5862 A, V_out=0.9790 pu, I_out=1827.5862 A, V_DT=0.9765 pu, P=667.2758 MW, Q=242.1888 MVar
[2026-05-05 14:11:35] [iter 16] [Bus 5] P/Q/CMD -> V_in=1.0100 pu, I_in=1907.5517 A, V_out=1.0100 pu, I_out=1907.5517 A, V_DT=0.9800 pu, P=638.0989 MW, Q=186.1122 MVar


[2026-05-05 14:11:39] [iter 17] [Bus 1] P/Q/CMD -> V_in=1.0260 pu, I_in=549.5517 A, V_out=1.0260 pu, I_out=549.5517 A, V_DT=1.0073 pu, P=186.7438 MW, Q=54.4670 MVar
[2026-05-05 14:11:39] [iter 17] [Bus 2] P/Q/CMD -> V_in=1.0270 pu, I_in=541.9655 A, V_out=1.0270 pu, I_out=541.9655 A, V_DT=1.0001 pu, P=218.9102 MW, Q=71.9523 MVar
[2026-05-05 14:11:39] [iter 17] [Bus 3] P/Q/CMD -> V_in=0.9500 pu, I_in=420.8276 A, V_out=0.9500 pu, I_out=420.8276 A, V_DT=0.9773 pu, P=133.7885 MW, Q=33.5305 MVar
[2026-05-05 14:11:39] [iter 17] [Bus 4] P/Q/CMD -> V_in=0.9510 pu, I_in=904.6897 A, V_out=0.9510 pu, I_out=904.6897 A, V_DT=0.9488 pu, P=320.8669 MW, Q=116.4591 MVar
[2026-05-05 14:11:39] [iter 17] [Bus 5] P/Q/CMD -> V_in=1.0370 pu, I_in=758.2069 A, V_out=1.0370 pu, I_out=758.2069 A, V_DT=0.9529 pu, P=260.4095 MW, Q=75.9528 MVar


[2026-05-05 14:11:43] [iter 18] [Bus 1] P/Q/CMD -> V_in=0.9800 pu, I_in=200.5862 A, V_out=0.9800 pu, I_out=200.5862 A, V_DT=1.0189 pu, P=65.1055 MW, Q=18.9891 MVar
[2026-05-05 14:11:43] [iter 18] [Bus 2] P/Q/CMD -> V_in=1.0370 pu, I_in=1806.0690 A, V_out=1.0370 pu, I_out=1806.0690 A, V_DT=1.0174 pu, P=736.6090 MW, Q=242.1117 MVar
[2026-05-05 14:11:43] [iter 18] [Bus 3] P/Q/CMD -> V_in=0.9580 pu, I_in=545.8621 A, V_out=0.9580 pu, I_out=545.8621 A, V_DT=1.0037 pu, P=175.0005 MW, Q=43.8593 MVar
[2026-05-05 14:11:43] [iter 18] [Bus 4] P/Q/CMD -> V_in=0.9560 pu, I_in=765.6897 A, V_out=0.9560 pu, I_out=765.6897 A, V_DT=0.9846 pu, P=272.9955 MW, Q=99.0841 MVar
[2026-05-05 14:11:43] [iter 18] [Bus 5] P/Q/CMD -> V_in=1.0260 pu, I_in=1878.4138 A, V_out=1.0260 pu, I_out=1878.4138 A, V_DT=0.9876 pu, P=638.3060 MW, Q=186.1726 MVar


[2026-05-05 14:11:47] [iter 19] [Bus 1] P/Q/CMD -> V_in=0.9970 pu, I_in=1995.9655 A, V_out=0.9970 pu, I_out=1995.9655 A, V_DT=1.0271 pu, P=659.0806 MW, Q=192.2318 MVar
[2026-05-05 14:11:47] [iter 19] [Bus 2] P/Q/CMD -> V_in=0.9760 pu, I_in=837.6897 A, V_out=0.9760 pu, I_out=837.6897 A, V_DT=1.0134 pu, P=321.5562 MW, Q=105.6904 MVar
[2026-05-05 14:11:47] [iter 19] [Bus 3] P/Q/CMD -> V_in=0.9920 pu, I_in=2196.3103 A, V_out=0.9920 pu, I_out=2196.3103 A, V_DT=1.0034 pu, P=729.1153 MW, Q=182.7335 MVar
[2026-05-05 14:11:47] [iter 19] [Bus 4] P/Q/CMD -> V_in=1.0020 pu, I_in=2017.7931 A, V_out=1.0020 pu, I_out=2017.7931 A, V_DT=0.9867 pu, P=754.0309 MW, Q=273.6767 MVar
[2026-05-05 14:11:47] [iter 19] [Bus 5] P/Q/CMD -> V_in=0.9700 pu, I_in=402.3448 A, V_out=0.9700 pu, I_out=402.3448 A, V_DT=0.9886 pu, P=129.2589 MW, Q=37.7005 MVar


[2026-05-05 14:11:51] [iter 20] [Bus 1] P/Q/CMD -> V_in=1.0490 pu, I_in=617.6552 A, V_out=1.0490 pu, I_out=617.6552 A, V_DT=1.0168 pu, P=214.5912 MW, Q=62.5891 MVar
[2026-05-05 14:11:51] [iter 20] [Bus 2] P/Q/CMD -> V_in=0.9930 pu, I_in=550.7241 A, V_out=0.9930 pu, I_out=550.7241 A, V_DT=1.0086 pu, P=215.0836 MW, Q=70.6946 MVar
[2026-05-05 14:11:51] [iter 20] [Bus 3] P/Q/CMD -> V_in=0.9620 pu, I_in=336.6897 A, V_out=0.9620 pu, I_out=336.6897 A, V_DT=0.9903 pu, P=108.3916 MW, Q=27.1655 MVar
[2026-05-05 14:11:51] [iter 20] [Bus 4] P/Q/CMD -> V_in=0.9830 pu, I_in=611.1724 A, V_out=0.9830 pu, I_out=611.1724 A, V_DT=0.9728 pu, P=224.0588 MW, Q=81.3225 MVar
[2026-05-05 14:11:51] [iter 20] [Bus 5] P/Q/CMD -> V_in=0.9730 pu, I_in=329.4138 A, V_out=0.9730 pu, I_out=329.4138 A, V_DT=0.9769 pu, P=106.1561 MW, Q=30.9622 MVar


[2026-05-05 14:11:55] [iter 21] [Bus 1] P/Q/CMD -> V_in=1.0490 pu, I_in=1823.5172 A, V_out=1.0490 pu, I_out=1823.5172 A, V_DT=1.0241 pu, P=633.5424 MW, Q=184.7832 MVar
[2026-05-05 14:11:55] [iter 21] [Bus 2] P/Q/CMD -> V_in=0.9930 pu, I_in=550.7241 A, V_out=0.9930 pu, I_out=550.7241 A, V_DT=1.0231 pu, P=215.0836 MW, Q=70.6946 MVar
[2026-05-05 14:11:55] [iter 21] [Bus 3] P/Q/CMD -> V_in=0.9620 pu, I_in=336.6897 A, V_out=0.9620 pu, I_out=336.6897 A, V_DT=1.0132 pu, P=108.3916 MW, Q=27.1655 MVar
[2026-05-05 14:11:55] [iter 21] [Bus 4] P/Q/CMD -> V_in=0.9830 pu, I_in=611.1724 A, V_out=0.9830 pu, I_out=611.1724 A, V_DT=1.0028 pu, P=224.0588 MW, Q=81.3225 MVar
[2026-05-05 14:11:55] [iter 21] [Bus 5] P/Q/CMD -> V_in=0.9730 pu, I_in=329.4138 A, V_out=0.9730 pu, I_out=329.4138 A, V_DT=1.0059 pu, P=106.1561 MW, Q=30.9622 MVar


[2026-05-05 14:11:59] [iter 22] [Bus 1] P/Q/CMD -> V_in=0.9570 pu, I_in=662.3448 A, V_out=0.9570 pu, I_out=662.3448 A, V_DT=1.0172 pu, P=209.9358 MW, Q=61.2313 MVar
[2026-05-05 14:11:59] [iter 22] [Bus 2] P/Q/CMD -> V_in=0.9720 pu, I_in=866.6552 A, V_out=0.9720 pu, I_out=866.6552 A, V_DT=1.0281 pu, P=331.3115 MW, Q=108.8968 MVar
[2026-05-05 14:11:59] [iter 22] [Bus 3] P/Q/CMD -> V_in=1.0350 pu, I_in=1805.1379 A, V_out=1.0350 pu, I_out=1805.1379 A, V_DT=1.0214 pu, P=625.2325 MW, Q=156.6980 MVar
[2026-05-05 14:11:59] [iter 22] [Bus 4] P/Q/CMD -> V_in=0.9730 pu, I_in=1932.0345 A, V_out=0.9730 pu, I_out=1932.0345 A, V_DT=1.0138 pu, P=701.0879 MW, Q=254.4609 MVar
[2026-05-05 14:11:59] [iter 22] [Bus 5] P/Q/CMD -> V_in=0.9710 pu, I_in=260.9310 A, V_out=0.9710 pu, I_out=260.9310 A, V_DT=1.0164 pu, P=83.9142 MW, Q=24.4750 MVar


[2026-05-05 14:12:03] [iter 23] [Bus 1] P/Q/CMD -> V_in=1.0430 pu, I_in=1909.6552 A, V_out=1.0430 pu, I_out=1909.6552 A, V_DT=1.0230 pu, P=659.6743 MW, Q=192.4050 MVar
[2026-05-05 14:12:03] [iter 23] [Bus 2] P/Q/CMD -> V_in=0.9970 pu, I_in=1806.4828 A, V_out=0.9970 pu, I_out=1806.4828 A, V_DT=1.0244 pu, P=708.3582 MW, Q=232.8261 MVar
[2026-05-05 14:12:03] [iter 23] [Bus 3] P/Q/CMD -> V_in=1.0300 pu, I_in=2047.9310 A, V_out=1.0300 pu, I_out=2047.9310 A, V_DT=1.0126 pu, P=705.9003 MW, Q=176.9153 MVar
[2026-05-05 14:12:03] [iter 23] [Bus 4] P/Q/CMD -> V_in=0.9590 pu, I_in=1931.1034 A, V_out=0.9590 pu, I_out=1931.1034 A, V_DT=1.0038 pu, P=690.6674 MW, Q=250.6788 MVar
[2026-05-05 14:12:03] [iter 23] [Bus 5] P/Q/CMD -> V_in=0.9920 pu, I_in=1974.7241 A, V_out=0.9920 pu, I_out=1974.7241 A, V_DT=1.0080 pu, P=648.7964 MW, Q=189.2323 MVar


[2026-05-05 14:12:07] [iter 24] [Bus 1] P/Q/CMD -> V_in=1.0220 pu, I_in=651.2414 A, V_out=1.0220 pu, I_out=651.2414 A, V_DT=1.0120 pu, P=220.4364 MW, Q=64.2939 MVar
[2026-05-05 14:12:07] [iter 24] [Bus 2] P/Q/CMD -> V_in=1.0480 pu, I_in=217.1034 A, V_out=1.0480 pu, I_out=217.1034 A, V_DT=1.0031 pu, P=89.4854 MW, Q=29.4124 MVar
[2026-05-05 14:12:07] [iter 24] [Bus 3] P/Q/CMD -> V_in=0.9900 pu, I_in=415.3793 A, V_out=0.9900 pu, I_out=415.3793 A, V_DT=0.9811 pu, P=137.6166 MW, Q=34.4900 MVar
[2026-05-05 14:12:07] [iter 24] [Bus 4] P/Q/CMD -> V_in=1.0360 pu, I_in=330.2759 A, V_out=1.0360 pu, I_out=330.2759 A, V_DT=0.9640 pu, P=127.6090 MW, Q=46.3159 MVar
[2026-05-05 14:12:07] [iter 24] [Bus 5] P/Q/CMD -> V_in=0.9690 pu, I_in=510.5517 A, V_out=0.9690 pu, I_out=510.5517 A, V_DT=0.9687 pu, P=163.8528 MW, Q=47.7904 MVar


[2026-05-05 14:12:11] [iter 25] [Bus 1] P/Q/CMD -> V_in=0.9920 pu, I_in=367.8966 A, V_out=0.9920 pu, I_out=367.8966 A, V_DT=1.0214 pu, P=120.8726 MW, Q=35.2545 MVar
[2026-05-05 14:12:11] [iter 25] [Bus 2] P/Q/CMD -> V_in=0.9740 pu, I_in=1946.5172 A, V_out=0.9740 pu, I_out=1946.5172 A, V_DT=1.0232 pu, P=745.6605 MW, Q=245.0868 MVar
[2026-05-05 14:12:11] [iter 25] [Bus 3] P/Q/CMD -> V_in=0.9940 pu, I_in=1947.3103 A, V_out=0.9940 pu, I_out=1947.3103 A, V_DT=1.0111 pu, P=647.7574 MW, Q=162.3433 MVar
[2026-05-05 14:12:11] [iter 25] [Bus 4] P/Q/CMD -> V_in=1.0040 pu, I_in=190.1724 A, V_out=1.0040 pu, I_out=190.1724 A, V_DT=1.0022 pu, P=71.2075 MW, Q=25.8449 MVar
[2026-05-05 14:12:11] [iter 25] [Bus 5] P/Q/CMD -> V_in=1.0490 pu, I_in=752.6552 A, V_out=1.0490 pu, I_out=752.6552 A, V_DT=1.0051 pu, P=261.4941 MW, Q=76.2691 MVar


[2026-05-05 14:12:15] [iter 26] [Bus 1] P/Q/CMD -> V_in=0.9920 pu, I_in=1854.8621 A, V_out=0.9920 pu, I_out=1854.8621 A, V_DT=1.0276 pu, P=609.4157 MW, Q=177.7462 MVar
[2026-05-05 14:12:15] [iter 26] [Bus 2] P/Q/CMD -> V_in=0.9740 pu, I_in=878.7586 A, V_out=0.9740 pu, I_out=878.7586 A, V_DT=1.0163 pu, P=336.6298 MW, Q=110.6449 MVar
[2026-05-05 14:12:15] [iter 26] [Bus 3] P/Q/CMD -> V_in=0.9940 pu, I_in=814.1724 A, V_out=0.9940 pu, I_out=814.1724 A, V_DT=1.0067 pu, P=270.8280 MW, Q=67.8759 MVar
[2026-05-05 14:12:15] [iter 26] [Bus 4] P/Q/CMD -> V_in=1.0040 pu, I_in=2086.9655 A, V_out=1.0040 pu, I_out=2086.9655 A, V_DT=1.0059 pu, P=781.4366 MW, Q=283.6236 MVar
[2026-05-05 14:12:15] [iter 26] [Bus 5] P/Q/CMD -> V_in=1.0490 pu, I_in=752.6552 A, V_out=1.0490 pu, I_out=752.6552 A, V_DT=1.0078 pu, P=261.4941 MW, Q=76.2691 MVar


[2026-05-05 14:12:19] [iter 27] [Bus 1] P/Q/CMD -> V_in=1.0460 pu, I_in=820.6552 A, V_out=1.0460 pu, I_out=820.6552 A, V_DT=1.0189 pu, P=284.3038 MW, Q=82.9220 MVar
[2026-05-05 14:12:19] [iter 27] [Bus 2] P/Q/CMD -> V_in=1.0340 pu, I_in=269.9655 A, V_out=1.0340 pu, I_out=269.9655 A, V_DT=1.0147 pu, P=109.7875 MW, Q=36.0854 MVar
[2026-05-05 14:12:19] [iter 27] [Bus 3] P/Q/CMD -> V_in=0.9980 pu, I_in=316.0345 A, V_out=0.9980 pu, I_out=316.0345 A, V_DT=1.0016 pu, P=105.5494 MW, Q=26.4532 MVar
[2026-05-05 14:12:19] [iter 27] [Bus 4] P/Q/CMD -> V_in=0.9900 pu, I_in=199.2414 A, V_out=0.9900 pu, I_out=199.2414 A, V_DT=0.9913 pu, P=73.5630 MW, Q=26.6998 MVar
[2026-05-05 14:12:19] [iter 27] [Bus 5] P/Q/CMD -> V_in=0.9870 pu, I_in=915.1724 A, V_out=0.9870 pu, I_out=915.1724 A, V_DT=0.9950 pu, P=299.1647 MW, Q=87.2564 MVar


[2026-05-05 14:12:23] [iter 28] [Bus 1] P/Q/CMD -> V_in=0.9760 pu, I_in=2058.2759 A, V_out=0.9760 pu, I_out=2058.2759 A, V_DT=1.0235 pu, P=665.3401 MW, Q=194.0575 MVar
[2026-05-05 14:12:23] [iter 28] [Bus 2] P/Q/CMD -> V_in=0.9950 pu, I_in=477.3448 A, V_out=0.9950 pu, I_out=477.3448 A, V_DT=1.0275 pu, P=186.8010 MW, Q=61.3985 MVar
[2026-05-05 14:12:23] [iter 28] [Bus 3] P/Q/CMD -> V_in=1.0450 pu, I_in=1917.8276 A, V_out=1.0450 pu, I_out=1917.8276 A, V_DT=1.0190 pu, P=670.6820 MW, Q=168.0888 MVar
[2026-05-05 14:12:23] [iter 28] [Bus 4] P/Q/CMD -> V_in=1.0040 pu, I_in=696.6207 A, V_out=1.0040 pu, I_out=696.6207 A, V_DT=1.0122 pu, P=260.8404 MW, Q=94.6724 MVar
[2026-05-05 14:12:23] [iter 28] [Bus 5] P/Q/CMD -> V_in=0.9650 pu, I_in=2125.6897 A, V_out=0.9650 pu, I_out=2125.6897 A, V_DT=1.0143 pu, P=679.3874 MW, Q=198.1547 MVar


[2026-05-05 14:12:27] [iter 29] [Bus 1] P/Q/CMD -> V_in=1.0460 pu, I_in=567.7241 A, V_out=1.0460 pu, I_out=567.7241 A, V_DT=1.0144 pu, P=196.6796 MW, Q=57.3649 MVar
[2026-05-05 14:12:27] [iter 29] [Bus 2] P/Q/CMD -> V_in=1.0040 pu, I_in=720.0345 A, V_out=1.0040 pu, I_out=720.0345 A, V_DT=1.0221 pu, P=284.3223 MW, Q=93.4522 MVar
[2026-05-05 14:12:27] [iter 29] [Bus 3] P/Q/CMD -> V_in=0.9550 pu, I_in=625.8621 A, V_out=0.9550 pu, I_out=625.8621 A, V_DT=1.0062 pu, P=200.0197 MW, Q=50.1297 MVar
[2026-05-05 14:12:27] [iter 29] [Bus 4] P/Q/CMD -> V_in=1.0000 pu, I_in=1823.8621 A, V_out=1.0000 pu, I_out=1823.8621 A, V_DT=0.9972 pu, P=680.2002 MW, Q=246.8797 MVar
[2026-05-05 14:12:27] [iter 29] [Bus 5] P/Q/CMD -> V_in=0.9650 pu, I_in=2060.4828 A, V_out=0.9650 pu, I_out=2060.4828 A, V_DT=0.9983 pu, P=658.5468 MW, Q=192.0761 MVar


[2026-05-05 14:12:31] [iter 30] [Bus 1] P/Q/CMD -> V_in=0.9580 pu, I_in=2090.9655 A, V_out=0.9580 pu, I_out=2090.9655 A, V_DT=1.0211 pu, P=663.4416 MW, Q=193.5038 MVar
[2026-05-05 14:12:31] [iter 30] [Bus 2] P/Q/CMD -> V_in=1.0080 pu, I_in=661.2759 A, V_out=1.0080 pu, I_out=661.2759 A, V_DT=1.0212 pu, P=262.1604 MW, Q=86.1680 MVar
[2026-05-05 14:12:31] [iter 30] [Bus 3] P/Q/CMD -> V_in=0.9730 pu, I_in=2154.0345 A, V_out=0.9730 pu, I_out=2154.0345 A, V_DT=1.0031 pu, P=701.3848 MW, Q=175.7836 MVar
[2026-05-05 14:12:31] [iter 30] [Bus 4] P/Q/CMD -> V_in=1.0390 pu, I_in=2058.8966 A, V_out=1.0390 pu, I_out=2058.8966 A, V_DT=0.9851 pu, P=797.8015 MW, Q=289.5633 MVar
[2026-05-05 14:12:31] [iter 30] [Bus 5] P/Q/CMD -> V_in=1.0080 pu, I_in=1841.9310 A, V_out=1.0080 pu, I_out=1841.9310 A, V_DT=0.9871 pu, P=614.9279 MW, Q=179.3540 MVar


[2026-05-05 14:12:35] [iter 31] [Bus 1] P/Q/CMD -> V_in=0.9910 pu, I_in=602.6207 A, V_out=0.9910 pu, I_out=602.6207 A, V_DT=1.0113 pu, P=197.7917 MW, Q=57.6892 MVar
[2026-05-05 14:12:35] [iter 31] [Bus 2] P/Q/CMD -> V_in=1.0020 pu, I_in=863.5517 A, V_out=1.0020 pu, I_out=863.5517 A, V_DT=1.0095 pu, P=340.3142 MW, Q=111.8559 MVar
[2026-05-05 14:12:35] [iter 31] [Bus 3] P/Q/CMD -> V_in=0.9700 pu, I_in=720.1379 A, V_out=0.9700 pu, I_out=720.1379 A, V_DT=0.9803 pu, P=233.7643 MW, Q=58.5869 MVar
[2026-05-05 14:12:35] [iter 31] [Bus 4] P/Q/CMD -> V_in=0.9730 pu, I_in=466.6207 A, V_out=0.9730 pu, I_out=466.6207 A, V_DT=0.9540 pu, P=169.3252 MW, Q=61.4568 MVar
[2026-05-05 14:12:35] [iter 31] [Bus 5] P/Q/CMD -> V_in=1.0160 pu, I_in=374.9310 A, V_out=1.0160 pu, I_out=374.9310 A, V_DT=0.9576 pu, P=126.1640 MW, Q=36.7978 MVar


[2026-05-05 14:12:39] [iter 32] [Bus 1] P/Q/CMD -> V_in=0.9910 pu, I_in=2032.2414 A, V_out=0.9910 pu, I_out=2032.2414 A, V_DT=1.0211 pu, P=667.0206 MW, Q=194.5477 MVar
[2026-05-05 14:12:39] [iter 32] [Bus 2] P/Q/CMD -> V_in=1.0020 pu, I_in=2099.8276 A, V_out=1.0020 pu, I_out=2099.8276 A, V_DT=1.0214 pu, P=827.5139 MW, Q=271.9907 MVar
[2026-05-05 14:12:39] [iter 32] [Bus 3] P/Q/CMD -> V_in=0.9700 pu, I_in=720.1379 A, V_out=0.9700 pu, I_out=720.1379 A, V_DT=1.0051 pu, P=233.7643 MW, Q=58.5869 MVar
[2026-05-05 14:12:39] [iter 32] [Bus 4] P/Q/CMD -> V_in=0.9730 pu, I_in=2149.7931 A, V_out=0.9730 pu, I_out=2149.7931 A, V_DT=0.9917 pu, P=780.1072 MW, Q=283.1411 MVar
[2026-05-05 14:12:39] [iter 32] [Bus 5] P/Q/CMD -> V_in=1.0160 pu, I_in=2012.8276 A, V_out=1.0160 pu, I_out=2012.8276 A, V_DT=0.9942 pu, P=677.3149 MW, Q=197.5502 MVar


[2026-05-05 14:12:43] [iter 33] [Bus 1] P/Q/CMD -> V_in=0.9810 pu, I_in=739.6552 A, V_out=0.9810 pu, I_out=739.6552 A, V_DT=1.0104 pu, P=240.3193 MW, Q=70.0931 MVar
[2026-05-05 14:12:43] [iter 33] [Bus 2] P/Q/CMD -> V_in=0.9570 pu, I_in=524.5172 A, V_out=0.9570 pu, I_out=524.5172 A, V_DT=1.0016 pu, P=197.4220 MW, Q=64.8895 MVar
[2026-05-05 14:12:43] [iter 33] [Bus 3] P/Q/CMD -> V_in=1.0490 pu, I_in=869.0345 A, V_out=1.0490 pu, I_out=869.0345 A, V_DT=0.9808 pu, P=305.0727 MW, Q=76.4584 MVar
[2026-05-05 14:12:43] [iter 33] [Bus 4] P/Q/CMD -> V_in=0.9570 pu, I_in=2078.6207 A, V_out=0.9570 pu, I_out=2078.6207 A, V_DT=0.9561 pu, P=741.8771 MW, Q=269.2654 MVar
[2026-05-05 14:12:43] [iter 33] [Bus 5] P/Q/CMD -> V_in=0.9760 pu, I_in=885.2069 A, V_out=0.9760 pu, I_out=885.2069 A, V_DT=0.9598 pu, P=286.1442 MW, Q=83.4587 MVar


[2026-05-05 14:12:47] [iter 34] [Bus 1] P/Q/CMD -> V_in=1.0380 pu, I_in=793.0345 A, V_out=1.0380 pu, I_out=793.0345 A, V_DT=1.0182 pu, P=272.6338 MW, Q=79.5182 MVar
[2026-05-05 14:12:47] [iter 34] [Bus 2] P/Q/CMD -> V_in=0.9860 pu, I_in=276.4828 A, V_out=0.9860 pu, I_out=276.4828 A, V_DT=1.0117 pu, P=107.2183 MW, Q=35.2410 MVar
[2026-05-05 14:12:47] [iter 34] [Bus 3] P/Q/CMD -> V_in=1.0330 pu, I_in=666.9310 A, V_out=1.0330 pu, I_out=666.9310 A, V_DT=0.9921 pu, P=230.5537 MW, Q=57.7822 MVar
[2026-05-05 14:12:47] [iter 34] [Bus 4] P/Q/CMD -> V_in=1.0100 pu, I_in=895.5862 A, V_out=1.0100 pu, I_out=895.5862 A, V_DT=0.9677 pu, P=337.3444 MW, Q=122.4397 MVar
[2026-05-05 14:12:47] [iter 34] [Bus 5] P/Q/CMD -> V_in=1.0140 pu, I_in=156.1034 A, V_out=1.0140 pu, I_out=156.1034 A, V_DT=0.9723 pu, P=52.4253 MW, Q=15.2907 MVar


[2026-05-05 14:12:51] [iter 35] [Bus 1] P/Q/CMD -> V_in=1.0310 pu, I_in=369.1724 A, V_out=1.0310 pu, I_out=369.1724 A, V_DT=1.0234 pu, P=126.0603 MW, Q=36.7676 MVar
[2026-05-05 14:12:51] [iter 35] [Bus 2] P/Q/CMD -> V_in=1.0160 pu, I_in=2126.5517 A, V_out=1.0160 pu, I_out=2126.5517 A, V_DT=1.0251 pu, P=849.7548 MW, Q=279.3009 MVar
[2026-05-05 14:12:51] [iter 35] [Bus 3] P/Q/CMD -> V_in=0.9630 pu, I_in=249.7241 A, V_out=0.9630 pu, I_out=249.7241 A, V_DT=1.0117 pu, P=80.4781 MW, Q=20.1697 MVar
[2026-05-05 14:12:51] [iter 35] [Bus 4] P/Q/CMD -> V_in=0.9600 pu, I_in=1835.3448 A, V_out=0.9600 pu, I_out=1835.3448 A, V_DT=0.9961 pu, P=657.1034 MW, Q=238.4967 MVar
[2026-05-05 14:12:51] [iter 35] [Bus 5] P/Q/CMD -> V_in=0.9770 pu, I_in=628.1724 A, V_out=0.9770 pu, I_out=628.1724 A, V_DT=1.0001 pu, P=203.2655 MW, Q=59.2858 MVar


[2026-05-05 14:12:55] [iter 36] [Bus 1] P/Q/CMD -> V_in=1.0200 pu, I_in=1815.9310 A, V_out=1.0200 pu, I_out=1815.9310 A, V_DT=1.0283 pu, P=613.4651 MW, Q=178.9273 MVar
[2026-05-05 14:12:55] [iter 36] [Bus 2] P/Q/CMD -> V_in=1.0120 pu, I_in=2025.6552 A, V_out=1.0120 pu, I_out=2025.6552 A, V_DT=1.0168 pu, P=806.2505 MW, Q=265.0017 MVar
[2026-05-05 14:12:55] [iter 36] [Bus 3] P/Q/CMD -> V_in=0.9980 pu, I_in=844.0690 A, V_out=0.9980 pu, I_out=844.0690 A, V_DT=1.0084 pu, P=281.9027 MW, Q=70.6515 MVar
[2026-05-05 14:12:55] [iter 36] [Bus 4] P/Q/CMD -> V_in=1.0340 pu, I_in=215.4828 A, V_out=1.0340 pu, I_out=215.4828 A, V_DT=0.9924 pu, P=83.0956 MW, Q=30.1597 MVar
[2026-05-05 14:12:55] [iter 36] [Bus 5] P/Q/CMD -> V_in=0.9920 pu, I_in=1967.9310 A, V_out=0.9920 pu, I_out=1967.9310 A, V_DT=0.9971 pu, P=646.5645 MW, Q=188.5813 MVar


[2026-05-05 14:12:59] [iter 37] [Bus 1] P/Q/CMD -> V_in=1.0200 pu, I_in=301.2759 A, V_out=1.0200 pu, I_out=301.2759 A, V_DT=1.0186 pu, P=101.7782 MW, Q=29.6853 MVar
[2026-05-05 14:12:59] [iter 37] [Bus 2] P/Q/CMD -> V_in=1.0120 pu, I_in=349.2069 A, V_out=1.0120 pu, I_out=349.2069 A, V_DT=1.0071 pu, P=138.9912 MW, Q=45.6842 MVar
[2026-05-05 14:12:59] [iter 37] [Bus 3] P/Q/CMD -> V_in=0.9980 pu, I_in=1802.8966 A, V_out=0.9980 pu, I_out=1802.8966 A, V_DT=0.9997 pu, P=602.1327 MW, Q=150.9087 MVar
[2026-05-05 14:12:59] [iter 37] [Bus 4] P/Q/CMD -> V_in=1.0340 pu, I_in=1844.4483 A, V_out=1.0340 pu, I_out=1844.4483 A, V_DT=0.9873 pu, P=711.2656 MW, Q=258.1549 MVar
[2026-05-05 14:12:59] [iter 37] [Bus 5] P/Q/CMD -> V_in=0.9920 pu, I_in=1950.8621 A, V_out=0.9920 pu, I_out=1950.8621 A, V_DT=0.9896 pu, P=640.9565 MW, Q=186.9456 MVar


[2026-05-05 14:13:03] [iter 38] [Bus 1] P/Q/CMD -> V_in=0.9500 pu, I_in=779.4138 A, V_out=0.9500 pu, I_out=779.4138 A, V_DT=1.0260 pu, P=245.2348 MW, Q=71.5268 MVar
[2026-05-05 14:13:03] [iter 38] [Bus 2] P/Q/CMD -> V_in=1.0120 pu, I_in=347.5862 A, V_out=1.0120 pu, I_out=347.5862 A, V_DT=1.0112 pu, P=138.3461 MW, Q=45.4722 MVar
[2026-05-05 14:13:03] [iter 38] [Bus 3] P/Q/CMD -> V_in=1.0240 pu, I_in=559.7931 A, V_out=1.0240 pu, I_out=559.7931 A, V_DT=0.9934 pu, P=191.8308 MW, Q=48.0773 MVar
[2026-05-05 14:13:03] [iter 38] [Bus 4] P/Q/CMD -> V_in=0.9920 pu, I_in=161.0690 A, V_out=0.9920 pu, I_out=161.0690 A, V_DT=0.9742 pu, P=59.5893 MW, Q=21.6280 MVar
[2026-05-05 14:13:03] [iter 38] [Bus 5] P/Q/CMD -> V_in=0.9570 pu, I_in=862.7931 A, V_out=0.9570 pu, I_out=862.7931 A, V_DT=0.9772 pu, P=273.4695 MW, Q=79.7619 MVar


[2026-05-05 14:13:07] [iter 39] [Bus 1] P/Q/CMD -> V_in=1.0400 pu, I_in=546.6207 A, V_out=1.0400 pu, I_out=546.6207 A, V_DT=1.0260 pu, P=188.2824 MW, Q=54.9157 MVar
[2026-05-05 14:13:07] [iter 39] [Bus 2] P/Q/CMD -> V_in=1.0330 pu, I_in=2114.3793 A, V_out=1.0330 pu, I_out=2114.3793 A, V_DT=1.0112 pu, P=859.0277 MW, Q=282.3488 MVar
[2026-05-05 14:13:07] [iter 39] [Bus 3] P/Q/CMD -> V_in=0.9640 pu, I_in=2102.8966 A, V_out=0.9640 pu, I_out=2102.8966 A, V_DT=0.9934 pu, P=678.3999 MW, Q=170.0230 MVar
[2026-05-05 14:13:07] [iter 39] [Bus 4] P/Q/CMD -> V_in=0.9800 pu, I_in=1928.2414 A, V_out=0.9800 pu, I_out=1928.2414 A, V_DT=0.9742 pu, P=704.7454 MW, Q=255.7884 MVar
[2026-05-05 14:13:07] [iter 39] [Bus 5] P/Q/CMD -> V_in=1.0290 pu, I_in=785.7931 A, V_out=1.0290 pu, I_out=785.7931 A, V_DT=0.9772 pu, P=267.8021 MW, Q=78.1089 MVar


[2026-05-05 14:13:11] [iter 40] [Bus 1] P/Q/CMD -> V_in=1.0390 pu, I_in=300.7931 A, V_out=1.0390 pu, I_out=300.7931 A, V_DT=1.0270 pu, P=103.5080 MW, Q=30.1898 MVar
[2026-05-05 14:13:11] [iter 40] [Bus 2] P/Q/CMD -> V_in=0.9740 pu, I_in=1980.7931 A, V_out=0.9740 pu, I_out=1980.7931 A, V_DT=0.9980 pu, P=758.7907 MW, Q=249.4025 MVar
[2026-05-05 14:13:11] [iter 40] [Bus 3] P/Q/CMD -> V_in=1.0280 pu, I_in=2152.4483 A, V_out=1.0280 pu, I_out=2152.4483 A, V_DT=0.9775 pu, P=740.4857 MW, Q=185.5832 MVar
[2026-05-05 14:13:11] [iter 40] [Bus 4] P/Q/CMD -> V_in=0.9900 pu, I_in=1964.9655 A, V_out=0.9900 pu, I_out=1964.9655 A, V_DT=0.9592 pu, P=725.4958 MW, Q=263.3198 MVar
[2026-05-05 14:13:11] [iter 40] [Bus 5] P/Q/CMD -> V_in=0.9650 pu, I_in=2166.0345 A, V_out=0.9650 pu, I_out=2166.0345 A, V_DT=0.9639 pu, P=692.2819 MW, Q=201.9156 MVar


[2026-05-05 14:13:15] [iter 41] [Bus 1] P/Q/CMD -> V_in=1.0360 pu, I_in=865.6207 A, V_out=1.0360 pu, I_out=865.6207 A, V_DT=1.0286 pu, P=297.0145 MW, Q=86.6292 MVar
[2026-05-05 14:13:15] [iter 41] [Bus 2] P/Q/CMD -> V_in=1.0310 pu, I_in=800.0000 A, V_out=1.0310 pu, I_out=800.0000 A, V_DT=0.9852 pu, P=324.3938 MW, Q=106.6231 MVar
[2026-05-05 14:13:15] [iter 41] [Bus 3] P/Q/CMD -> V_in=0.9520 pu, I_in=750.0000 A, V_out=0.9520 pu, I_out=750.0000 A, V_DT=0.9556 pu, P=238.9401 MW, Q=59.8840 MVar
[2026-05-05 14:13:15] [iter 41] [Bus 4] P/Q/CMD -> V_in=0.9830 pu, I_in=877.2759 A, V_out=0.9830 pu, I_out=877.2759 A, V_DT=0.9311 pu, P=321.6137 MW, Q=116.7302 MVar
[2026-05-05 14:13:15] [iter 41] [Bus 5] P/Q/CMD -> V_in=1.0300 pu, I_in=787.8276 A, V_out=1.0300 pu, I_out=787.8276 A, V_DT=0.9363 pu, P=268.7564 MW, Q=78.3873 MVar


[2026-05-05 14:13:19] [iter 42] [Bus 1] P/Q/CMD -> V_in=1.0360 pu, I_in=1929.8276 A, V_out=1.0360 pu, I_out=1929.8276 A, V_DT=1.0292 pu, P=662.1686 MW, Q=193.1325 MVar
[2026-05-05 14:13:19] [iter 42] [Bus 2] P/Q/CMD -> V_in=1.0310 pu, I_in=800.0000 A, V_out=1.0310 pu, I_out=800.0000 A, V_DT=1.0044 pu, P=324.3938 MW, Q=106.6231 MVar
[2026-05-05 14:13:19] [iter 42] [Bus 3] P/Q/CMD -> V_in=0.9520 pu, I_in=750.0000 A, V_out=0.9520 pu, I_out=750.0000 A, V_DT=0.9862 pu, P=238.9401 MW, Q=59.8840 MVar
[2026-05-05 14:13:19] [iter 42] [Bus 4] P/Q/CMD -> V_in=0.9830 pu, I_in=877.2759 A, V_out=0.9830 pu, I_out=877.2759 A, V_DT=0.9702 pu, P=321.6137 MW, Q=116.7302 MVar
[2026-05-05 14:13:19] [iter 42] [Bus 5] P/Q/CMD -> V_in=1.0300 pu, I_in=2075.9655 A, V_out=1.0300 pu, I_out=2075.9655 A, V_DT=0.9739 pu, P=708.1866 MW, Q=206.5544 MVar


[2026-05-05 14:13:23] [iter 43] [Bus 1] P/Q/CMD -> V_in=1.0310 pu, I_in=2086.7241 A, V_out=1.0310 pu, I_out=2086.7241 A, V_DT=1.0186 pu, P=712.5478 MW, Q=207.8265 MVar
[2026-05-05 14:13:23] [iter 43] [Bus 2] P/Q/CMD -> V_in=1.0280 pu, I_in=2089.5172 A, V_out=1.0280 pu, I_out=2089.5172 A, V_DT=1.0071 pu, P=844.8177 MW, Q=277.6782 MVar
[2026-05-05 14:13:23] [iter 43] [Bus 3] P/Q/CMD -> V_in=1.0370 pu, I_in=778.4828 A, V_out=1.0370 pu, I_out=778.4828 A, V_DT=0.9884 pu, P=270.1585 MW, Q=67.7081 MVar
[2026-05-05 14:13:23] [iter 43] [Bus 4] P/Q/CMD -> V_in=0.9720 pu, I_in=797.5517 A, V_out=0.9720 pu, I_out=797.5517 A, V_DT=0.9696 pu, P=289.1145 MW, Q=104.9346 MVar
[2026-05-05 14:13:23] [iter 43] [Bus 5] P/Q/CMD -> V_in=0.9960 pu, I_in=386.8621 A, V_out=0.9960 pu, I_out=386.8621 A, V_DT=0.9719 pu, P=127.6162 MW, Q=37.2214 MVar


[2026-05-05 14:13:27] [iter 44] [Bus 1] P/Q/CMD -> V_in=1.0290 pu, I_in=316.7931 A, V_out=1.0290 pu, I_out=316.7931 A, V_DT=1.0095 pu, P=107.9646 MW, Q=31.4897 MVar
[2026-05-05 14:13:27] [iter 44] [Bus 2] P/Q/CMD -> V_in=0.9520 pu, I_in=314.8621 A, V_out=0.9520 pu, I_out=314.8621 A, V_DT=1.0008 pu, P=117.8912 MW, Q=38.7490 MVar
[2026-05-05 14:13:27] [iter 44] [Bus 3] P/Q/CMD -> V_in=0.9820 pu, I_in=1836.1034 A, V_out=0.9820 pu, I_out=1836.1034 A, V_DT=0.9886 pu, P=603.3919 MW, Q=151.2243 MVar
[2026-05-05 14:13:27] [iter 44] [Bus 4] P/Q/CMD -> V_in=1.0460 pu, I_in=2094.5517 A, V_out=1.0460 pu, I_out=2094.5517 A, V_DT=0.9767 pu, P=817.0856 MW, Q=296.5625 MVar
[2026-05-05 14:13:27] [iter 44] [Bus 5] P/Q/CMD -> V_in=1.0140 pu, I_in=1852.5517 A, V_out=1.0140 pu, I_out=1852.5517 A, V_DT=0.9792 pu, P=622.1550 MW, Q=181.4619 MVar


[2026-05-05 14:13:31] [iter 45] [Bus 1] P/Q/CMD -> V_in=1.0480 pu, I_in=535.7241 A, V_out=1.0480 pu, I_out=535.7241 A, V_DT=1.0202 pu, P=185.9486 MW, Q=54.2350 MVar
[2026-05-05 14:13:31] [iter 45] [Bus 2] P/Q/CMD -> V_in=1.0430 pu, I_in=230.4138 A, V_out=1.0430 pu, I_out=230.4138 A, V_DT=1.0068 pu, P=94.5185 MW, Q=31.0667 MVar
[2026-05-05 14:13:31] [iter 45] [Bus 3] P/Q/CMD -> V_in=1.0470 pu, I_in=275.7586 A, V_out=1.0470 pu, I_out=275.7586 A, V_DT=0.9848 pu, P=96.6199 MW, Q=24.2152 MVar
[2026-05-05 14:13:31] [iter 45] [Bus 4] P/Q/CMD -> V_in=1.0460 pu, I_in=339.3448 A, V_out=1.0460 pu, I_out=339.3448 A, V_DT=0.9640 pu, P=132.3786 MW, Q=48.0470 MVar
[2026-05-05 14:13:31] [iter 45] [Bus 5] P/Q/CMD -> V_in=0.9600 pu, I_in=503.7241 A, V_out=0.9600 pu, I_out=503.7241 A, V_DT=0.9677 pu, P=160.1601 MW, Q=46.7134 MVar


[2026-05-05 14:13:35] [iter 46] [Bus 1] P/Q/CMD -> V_in=1.0220 pu, I_in=2187.3103 A, V_out=1.0220 pu, I_out=2187.3103 A, V_DT=1.0273 pu, P=740.3748 MW, Q=215.9427 MVar
[2026-05-05 14:13:35] [iter 46] [Bus 2] P/Q/CMD -> V_in=1.0100 pu, I_in=536.9310 A, V_out=1.0100 pu, I_out=536.9310 A, V_DT=1.0253 pu, P=213.2867 MW, Q=70.1040 MVar
[2026-05-05 14:13:35] [iter 46] [Bus 3] P/Q/CMD -> V_in=0.9880 pu, I_in=599.2414 A, V_out=0.9880 pu, I_out=599.2414 A, V_DT=1.0133 pu, P=198.1297 MW, Q=49.6560 MVar
[2026-05-05 14:13:35] [iter 46] [Bus 4] P/Q/CMD -> V_in=0.9750 pu, I_in=710.6207 A, V_out=0.9750 pu, I_out=710.6207 A, V_DT=1.0017 pu, P=258.3969 MW, Q=93.7855 MVar
[2026-05-05 14:13:35] [iter 46] [Bus 5] P/Q/CMD -> V_in=0.9500 pu, I_in=1824.1034 A, V_out=0.9500 pu, I_out=1824.1034 A, V_DT=1.0040 pu, P=573.9359 MW, Q=167.3980 MVar


[2026-05-05 14:13:39] [iter 47] [Bus 1] P/Q/CMD -> V_in=1.0220 pu, I_in=1918.8276 A, V_out=1.0220 pu, I_out=1918.8276 A, V_DT=1.0156 pu, P=649.4970 MW, Q=189.4366 MVar
[2026-05-05 14:13:39] [iter 47] [Bus 2] P/Q/CMD -> V_in=1.0100 pu, I_in=2139.2759 A, V_out=1.0100 pu, I_out=2139.2759 A, V_DT=1.0248 pu, P=849.7910 MW, Q=279.3128 MVar
[2026-05-05 14:13:39] [iter 47] [Bus 3] P/Q/CMD -> V_in=0.9880 pu, I_in=2128.3793 A, V_out=0.9880 pu, I_out=2128.3793 A, V_DT=1.0122 pu, P=703.7150 MW, Q=176.3676 MVar
[2026-05-05 14:13:39] [iter 47] [Bus 4] P/Q/CMD -> V_in=0.9750 pu, I_in=710.6207 A, V_out=0.9750 pu, I_out=710.6207 A, V_DT=0.9987 pu, P=258.3969 MW, Q=93.7855 MVar
[2026-05-05 14:13:39] [iter 47] [Bus 5] P/Q/CMD -> V_in=0.9500 pu, I_in=903.5862 A, V_out=0.9500 pu, I_out=903.5862 A, V_DT=1.0001 pu, P=284.3044 MW, Q=82.9221 MVar


[2026-05-05 14:13:43] [iter 48] [Bus 1] P/Q/CMD -> V_in=1.0020 pu, I_in=698.6207 A, V_out=1.0020 pu, I_out=698.6207 A, V_DT=1.0086 pu, P=231.8459 MW, Q=67.6217 MVar
[2026-05-05 14:13:43] [iter 48] [Bus 2] P/Q/CMD -> V_in=1.0240 pu, I_in=648.3793 A, V_out=1.0240 pu, I_out=648.3793 A, V_DT=1.0078 pu, P=261.1278 MW, Q=85.8285 MVar
[2026-05-05 14:13:43] [iter 48] [Bus 3] P/Q/CMD -> V_in=0.9860 pu, I_in=208.7586 A, V_out=0.9860 pu, I_out=208.7586 A, V_DT=0.9938 pu, P=68.8830 MW, Q=17.2637 MVar
[2026-05-05 14:13:43] [iter 48] [Bus 4] P/Q/CMD -> V_in=1.0160 pu, I_in=397.8621 A, V_out=1.0160 pu, I_out=397.8621 A, V_DT=0.9858 pu, P=150.7548 MW, Q=54.7167 MVar
[2026-05-05 14:13:43] [iter 48] [Bus 5] P/Q/CMD -> V_in=0.9810 pu, I_in=814.5517 A, V_out=0.9810 pu, I_out=814.5517 A, V_DT=0.9874 pu, P=264.6537 MW, Q=77.1907 MVar


[2026-05-05 14:13:47] [iter 49] [Bus 1] P/Q/CMD -> V_in=1.0200 pu, I_in=373.4138 A, V_out=1.0200 pu, I_out=373.4138 A, V_DT=1.0184 pu, P=126.1481 MW, Q=36.7932 MVar
[2026-05-05 14:13:47] [iter 49] [Bus 2] P/Q/CMD -> V_in=0.9800 pu, I_in=473.0690 A, V_out=0.9800 pu, I_out=473.0690 A, V_DT=1.0215 pu, P=182.3369 MW, Q=59.9312 MVar
[2026-05-05 14:13:47] [iter 49] [Bus 3] P/Q/CMD -> V_in=0.9900 pu, I_in=2088.4828 A, V_out=0.9900 pu, I_out=2088.4828 A, V_DT=1.0142 pu, P=691.9216 MW, Q=173.4119 MVar
[2026-05-05 14:13:47] [iter 49] [Bus 4] P/Q/CMD -> V_in=0.9620 pu, I_in=2097.3448 A, V_out=0.9620 pu, I_out=2097.3448 A, V_DT=1.0089 pu, P=752.4709 MW, Q=273.1105 MVar
[2026-05-05 14:13:47] [iter 49] [Bus 5] P/Q/CMD -> V_in=1.0440 pu, I_in=640.9655 A, V_out=1.0440 pu, I_out=640.9655 A, V_DT=1.0100 pu, P=221.6284 MW, Q=64.6416 MVar


[2026-05-05 14:13:51] [iter 50] [Bus 1] P/Q/CMD -> V_in=1.0400 pu, I_in=597.9655 A, V_out=1.0400 pu, I_out=597.9655 A, V_DT=1.0257 pu, P=205.9680 MW, Q=60.0740 MVar
[2026-05-05 14:13:51] [iter 50] [Bus 2] P/Q/CMD -> V_in=0.9800 pu, I_in=582.0690 A, V_out=0.9800 pu, I_out=582.0690 A, V_DT=1.0215 pu, P=224.3492 MW, Q=73.7400 MVar
[2026-05-05 14:13:51] [iter 50] [Bus 3] P/Q/CMD -> V_in=0.9500 pu, I_in=2160.0345 A, V_out=0.9500 pu, I_out=2160.0345 A, V_DT=1.0064 pu, P=686.7128 MW, Q=172.1064 MVar
[2026-05-05 14:13:51] [iter 50] [Bus 4] P/Q/CMD -> V_in=0.9920 pu, I_in=2195.3793 A, V_out=0.9920 pu, I_out=2195.3793 A, V_DT=0.9970 pu, P=812.2057 MW, Q=294.7913 MVar
[2026-05-05 14:13:51] [iter 50] [Bus 5] P/Q/CMD -> V_in=1.0140 pu, I_in=499.4828 A, V_out=1.0140 pu, I_out=499.4828 A, V_DT=1.0002 pu, P=167.7447 MW, Q=48.9255 MVar


[2026-05-05 14:13:55] [iter 51] [Bus 1] P/Q/CMD -> V_in=0.9940 pu, I_in=317.3793 A, V_out=0.9940 pu, I_out=317.3793 A, V_DT=1.0281 pu, P=104.4853 MW, Q=30.4749 MVar
[2026-05-05 14:13:55] [iter 51] [Bus 2] P/Q/CMD -> V_in=0.9970 pu, I_in=842.2069 A, V_out=0.9970 pu, I_out=842.2069 A, V_DT=1.0196 pu, P=330.2463 MW, Q=108.5467 MVar
[2026-05-05 14:13:55] [iter 51] [Bus 3] P/Q/CMD -> V_in=1.0290 pu, I_in=273.8621 A, V_out=1.0290 pu, I_out=273.8621 A, V_DT=0.9992 pu, P=94.3057 MW, Q=23.6352 MVar
[2026-05-05 14:13:55] [iter 51] [Bus 4] P/Q/CMD -> V_in=0.9580 pu, I_in=569.3448 A, V_out=0.9580 pu, I_out=569.3448 A, V_DT=0.9865 pu, P=203.4163 MW, Q=73.8302 MVar
[2026-05-05 14:13:55] [iter 51] [Bus 5] P/Q/CMD -> V_in=1.0120 pu, I_in=402.8621 A, V_out=1.0120 pu, I_out=402.8621 A, V_DT=0.9915 pu, P=135.0291 MW, Q=39.3835 MVar


[2026-05-05 14:13:59] [iter 52] [Bus 1] P/Q/CMD -> V_in=0.9940 pu, I_in=317.3793 A, V_out=0.9940 pu, I_out=317.3793 A, V_DT=1.0336 pu, P=104.4853 MW, Q=30.4749 MVar
[2026-05-05 14:13:59] [iter 52] [Bus 2] P/Q/CMD -> V_in=0.9970 pu, I_in=1918.6552 A, V_out=0.9970 pu, I_out=1918.6552 A, V_DT=1.0274 pu, P=752.3433 MW, Q=247.2833 MVar
[2026-05-05 14:13:59] [iter 52] [Bus 3] P/Q/CMD -> V_in=1.0290 pu, I_in=2153.0690 A, V_out=1.0290 pu, I_out=2153.0690 A, V_DT=1.0158 pu, P=741.4197 MW, Q=185.8173 MVar
[2026-05-05 14:13:59] [iter 52] [Bus 4] P/Q/CMD -> V_in=0.9580 pu, I_in=569.3448 A, V_out=0.9580 pu, I_out=569.3448 A, V_DT=1.0080 pu, P=203.4163 MW, Q=73.8302 MVar
[2026-05-05 14:13:59] [iter 52] [Bus 5] P/Q/CMD -> V_in=1.0120 pu, I_in=2151.6552 A, V_out=1.0120 pu, I_out=2151.6552 A, V_DT=1.0117 pu, P=721.1797 MW, Q=210.3441 MVar


[2026-05-05 14:14:03] [iter 53] [Bus 1] P/Q/CMD -> V_in=1.0310 pu, I_in=2137.3103 A, V_out=1.0310 pu, I_out=2137.3103 A, V_DT=1.0346 pu, P=729.8214 MW, Q=212.8646 MVar
[2026-05-05 14:14:03] [iter 53] [Bus 2] P/Q/CMD -> V_in=1.0160 pu, I_in=2195.5172 A, V_out=1.0160 pu, I_out=2195.5172 A, V_DT=1.0141 pu, P=877.3129 MW, Q=288.3588 MVar
[2026-05-05 14:14:03] [iter 53] [Bus 3] P/Q/CMD -> V_in=0.9690 pu, I_in=2092.6897 A, V_out=0.9690 pu, I_out=2092.6897 A, V_DT=0.9996 pu, P=678.6087 MW, Q=170.0754 MVar
[2026-05-05 14:14:03] [iter 53] [Bus 4] P/Q/CMD -> V_in=0.9740 pu, I_in=1990.9310 A, V_out=0.9740 pu, I_out=1990.9310 A, V_DT=0.9934 pu, P=723.2026 MW, Q=262.4875 MVar
[2026-05-05 14:14:03] [iter 53] [Bus 5] P/Q/CMD -> V_in=1.0340 pu, I_in=2072.6207 A, V_out=1.0340 pu, I_out=2072.6207 A, V_DT=0.9955 pu, P=709.7913 MW, Q=207.0225 MVar


[2026-05-05 14:14:07] [iter 54] [Bus 1] P/Q/CMD -> V_in=0.9910 pu, I_in=638.3793 A, V_out=0.9910 pu, I_out=638.3793 A, V_DT=1.0173 pu, P=209.5283 MW, Q=61.1124 MVar
[2026-05-05 14:14:07] [iter 54] [Bus 2] P/Q/CMD -> V_in=0.9690 pu, I_in=2013.1034 A, V_out=0.9690 pu, I_out=2013.1034 A, V_DT=0.9882 pu, P=767.2092 MW, Q=252.1695 MVar
[2026-05-05 14:14:07] [iter 54] [Bus 3] P/Q/CMD -> V_in=0.9990 pu, I_in=338.8276 A, V_out=0.9990 pu, I_out=338.8276 A, V_DT=0.9610 pu, P=113.2753 MW, Q=28.3895 MVar
[2026-05-05 14:14:07] [iter 54] [Bus 4] P/Q/CMD -> V_in=1.0140 pu, I_in=154.3448 A, V_out=1.0140 pu, I_out=154.3448 A, V_DT=0.9426 pu, P=58.3680 MW, Q=21.1848 MVar
[2026-05-05 14:14:07] [iter 54] [Bus 5] P/Q/CMD -> V_in=1.0250 pu, I_in=1896.9655 A, V_out=1.0250 pu, I_out=1896.9655 A, V_DT=0.9461 pu, P=643.9819 MW, Q=187.8280 MVar


[2026-05-05 14:14:11] [iter 55] [Bus 1] P/Q/CMD -> V_in=0.9600 pu, I_in=496.3448 A, V_out=0.9600 pu, I_out=496.3448 A, V_DT=1.0228 pu, P=157.8138 MW, Q=46.0290 MVar
[2026-05-05 14:14:11] [iter 55] [Bus 2] P/Q/CMD -> V_in=0.9670 pu, I_in=912.8276 A, V_out=0.9670 pu, I_out=912.8276 A, V_DT=0.9963 pu, P=347.1676 MW, Q=114.1085 MVar
[2026-05-05 14:14:11] [iter 55] [Bus 3] P/Q/CMD -> V_in=1.0000 pu, I_in=190.5172 A, V_out=1.0000 pu, I_out=190.5172 A, V_DT=0.9817 pu, P=63.7566 MW, Q=15.9789 MVar
[2026-05-05 14:14:11] [iter 55] [Bus 4] P/Q/CMD -> V_in=0.9740 pu, I_in=820.2069 A, V_out=0.9740 pu, I_out=820.2069 A, V_DT=0.9694 pu, P=297.9389 MW, Q=108.1374 MVar
[2026-05-05 14:14:11] [iter 55] [Bus 5] P/Q/CMD -> V_in=0.9950 pu, I_in=767.1724 A, V_out=0.9950 pu, I_out=767.1724 A, V_DT=0.9705 pu, P=252.8171 MW, Q=73.7383 MVar


[2026-05-05 14:14:15] [iter 56] [Bus 1] P/Q/CMD -> V_in=1.0160 pu, I_in=2088.6897 A, V_out=1.0160 pu, I_out=2088.6897 A, V_DT=1.0289 pu, P=702.8424 MW, Q=204.9957 MVar
[2026-05-05 14:14:15] [iter 56] [Bus 2] P/Q/CMD -> V_in=1.0080 pu, I_in=868.8966 A, V_out=1.0080 pu, I_out=868.8966 A, V_DT=1.0127 pu, P=344.4709 MW, Q=113.2221 MVar
[2026-05-05 14:14:15] [iter 56] [Bus 3] P/Q/CMD -> V_in=1.0390 pu, I_in=2122.9310 A, V_out=1.0390 pu, I_out=2122.9310 A, V_DT=1.0052 pu, P=738.1460 MW, Q=184.9968 MVar
[2026-05-05 14:14:15] [iter 56] [Bus 4] P/Q/CMD -> V_in=1.0200 pu, I_in=2192.4138 A, V_out=1.0200 pu, I_out=2192.4138 A, V_DT=0.9958 pu, P=834.0028 MW, Q=302.7026 MVar
[2026-05-05 14:14:15] [iter 56] [Bus 5] P/Q/CMD -> V_in=1.0330 pu, I_in=1833.5862 A, V_out=1.0330 pu, I_out=1833.5862 A, V_DT=0.9971 pu, P=627.3241 MW, Q=182.9695 MVar


[2026-05-05 14:14:19] [iter 57] [Bus 1] P/Q/CMD -> V_in=1.0390 pu, I_in=1940.4483 A, V_out=1.0390 pu, I_out=1940.4483 A, V_DT=1.0155 pu, P=667.7409 MW, Q=194.7577 MVar
[2026-05-05 14:14:19] [iter 57] [Bus 2] P/Q/CMD -> V_in=0.9970 pu, I_in=2072.2414 A, V_out=0.9970 pu, I_out=2072.2414 A, V_DT=1.0009 pu, P=812.5675 MW, Q=267.0780 MVar
[2026-05-05 14:14:19] [iter 57] [Bus 3] P/Q/CMD -> V_in=0.9740 pu, I_in=1905.6897 A, V_out=0.9740 pu, I_out=1905.6897 A, V_DT=0.9777 pu, P=621.1578 MW, Q=155.6768 MVar
[2026-05-05 14:14:19] [iter 57] [Bus 4] P/Q/CMD -> V_in=1.0260 pu, I_in=535.9310 A, V_out=1.0260 pu, I_out=535.9310 A, V_DT=0.9568 pu, P=205.0695 MW, Q=74.4303 MVar
[2026-05-05 14:14:19] [iter 57] [Bus 5] P/Q/CMD -> V_in=1.0120 pu, I_in=1946.8276 A, V_out=1.0120 pu, I_out=1946.8276 A, V_DT=0.9600 pu, P=652.5268 MW, Q=190.3203 MVar


[2026-05-05 14:14:23] [iter 58] [Bus 1] P/Q/CMD -> V_in=1.0390 pu, I_in=692.2759 A, V_out=1.0390 pu, I_out=692.2759 A, V_DT=1.0069 pu, P=238.2238 MW, Q=69.4819 MVar
[2026-05-05 14:14:23] [iter 58] [Bus 2] P/Q/CMD -> V_in=0.9970 pu, I_in=351.1379 A, V_out=0.9970 pu, I_out=351.1379 A, V_DT=0.9872 pu, P=137.6882 MW, Q=45.2559 MVar
[2026-05-05 14:14:23] [iter 58] [Bus 3] P/Q/CMD -> V_in=0.9740 pu, I_in=655.5172 A, V_out=0.9740 pu, I_out=655.5172 A, V_DT=0.9610 pu, P=213.6653 MW, Q=53.5496 MVar
[2026-05-05 14:14:23] [iter 58] [Bus 4] P/Q/CMD -> V_in=1.0260 pu, I_in=535.9310 A, V_out=1.0260 pu, I_out=535.9310 A, V_DT=0.9424 pu, P=205.0695 MW, Q=74.4303 MVar
[2026-05-05 14:14:23] [iter 58] [Bus 5] P/Q/CMD -> V_in=1.0120 pu, I_in=357.4483 A, V_out=1.0120 pu, I_out=357.4483 A, V_DT=0.9445 pu, P=119.8075 MW, Q=34.9439 MVar


[2026-05-05 14:14:27] [iter 59] [Bus 1] P/Q/CMD -> V_in=0.9570 pu, I_in=1871.6552 A, V_out=0.9570 pu, I_out=1871.6552 A, V_DT=1.0180 pu, P=593.2368 MW, Q=173.0274 MVar
[2026-05-05 14:14:27] [iter 59] [Bus 2] P/Q/CMD -> V_in=0.9770 pu, I_in=2118.4828 A, V_out=0.9770 pu, I_out=2118.4828 A, V_DT=1.0137 pu, P=814.0357 MW, Q=267.5606 MVar
[2026-05-05 14:14:27] [iter 59] [Bus 3] P/Q/CMD -> V_in=1.0040 pu, I_in=257.0690 A, V_out=1.0040 pu, I_out=257.0690 A, V_DT=1.0004 pu, P=86.3722 MW, Q=21.6469 MVar
[2026-05-05 14:14:27] [iter 59] [Bus 4] P/Q/CMD -> V_in=0.9730 pu, I_in=2141.2069 A, V_out=0.9730 pu, I_out=2141.2069 A, V_DT=0.9916 pu, P=776.9915 MW, Q=282.0103 MVar
[2026-05-05 14:14:27] [iter 59] [Bus 5] P/Q/CMD -> V_in=1.0200 pu, I_in=1969.1724 A, V_out=1.0200 pu, I_out=1969.1724 A, V_DT=0.9932 pu, P=665.2337 MW, Q=194.0265 MVar


[2026-05-05 14:14:31] [iter 60] [Bus 1] P/Q/CMD -> V_in=0.9900 pu, I_in=571.7241 A, V_out=0.9900 pu, I_out=571.7241 A, V_DT=1.0107 pu, P=187.4615 MW, Q=54.6763 MVar
[2026-05-05 14:14:31] [iter 60] [Bus 2] P/Q/CMD -> V_in=0.9910 pu, I_in=2058.2414 A, V_out=0.9910 pu, I_out=2058.2414 A, V_DT=0.9990 pu, P=802.2208 MW, Q=263.6772 MVar
[2026-05-05 14:14:31] [iter 60] [Bus 3] P/Q/CMD -> V_in=0.9920 pu, I_in=2114.8966 A, V_out=0.9920 pu, I_out=2114.8966 A, V_DT=0.9824 pu, P=702.0881 MW, Q=175.9599 MVar
[2026-05-05 14:14:31] [iter 60] [Bus 4] P/Q/CMD -> V_in=1.0080 pu, I_in=1927.7241 A, V_out=1.0080 pu, I_out=1927.7241 A, V_DT=0.9610 pu, P=724.6866 MW, Q=263.0261 MVar
[2026-05-05 14:14:31] [iter 60] [Bus 5] P/Q/CMD -> V_in=1.0350 pu, I_in=2165.7931 A, V_out=1.0350 pu, I_out=2165.7931 A, V_DT=0.9640 pu, P=742.4165 MW, Q=216.5382 MVar


[2026-05-05 14:14:35] [iter 61] [Bus 1] P/Q/CMD -> V_in=0.9880 pu, I_in=1978.1379 A, V_out=0.9880 pu, I_out=1978.1379 A, V_DT=1.0161 pu, P=647.2974 MW, Q=188.7951 MVar
[2026-05-05 14:14:35] [iter 61] [Bus 2] P/Q/CMD -> V_in=0.9850 pu, I_in=738.2069 A, V_out=0.9850 pu, I_out=738.2069 A, V_DT=0.9834 pu, P=285.9817 MW, Q=93.9976 MVar
[2026-05-05 14:14:35] [iter 61] [Bus 3] P/Q/CMD -> V_in=1.0350 pu, I_in=1884.5172 A, V_out=1.0350 pu, I_out=1884.5172 A, V_DT=0.9553 pu, P=652.7266 MW, Q=163.5887 MVar
[2026-05-05 14:14:35] [iter 61] [Bus 4] P/Q/CMD -> V_in=0.9910 pu, I_in=728.6207 A, V_out=0.9910 pu, I_out=728.6207 A, V_DT=0.9270 pu, P=269.2898 MW, Q=97.7392 MVar
[2026-05-05 14:14:35] [iter 61] [Bus 5] P/Q/CMD -> V_in=1.0040 pu, I_in=1885.8621 A, V_out=1.0040 pu, I_out=1885.8621 A, V_DT=0.9311 pu, P=627.0959 MW, Q=182.9030 MVar


[2026-05-05 14:14:39] [iter 62] [Bus 1] P/Q/CMD -> V_in=0.9720 pu, I_in=329.1034 A, V_out=0.9720 pu, I_out=329.1034 A, V_DT=1.0097 pu, P=105.9471 MW, Q=30.9012 MVar
[2026-05-05 14:14:39] [iter 62] [Bus 2] P/Q/CMD -> V_in=0.9930 pu, I_in=175.7931 A, V_out=0.9930 pu, I_out=175.7931 A, V_DT=0.9904 pu, P=68.6555 MW, Q=22.5660 MVar
[2026-05-05 14:14:39] [iter 62] [Bus 3] P/Q/CMD -> V_in=0.9830 pu, I_in=681.7586 A, V_out=0.9830 pu, I_out=681.7586 A, V_DT=0.9607 pu, P=224.2720 MW, Q=56.2079 MVar
[2026-05-05 14:14:39] [iter 62] [Bus 4] P/Q/CMD -> V_in=0.9900 pu, I_in=281.1034 A, V_out=0.9900 pu, I_out=281.1034 A, V_DT=0.9371 pu, P=103.7878 MW, Q=37.6699 MVar
[2026-05-05 14:14:39] [iter 62] [Bus 5] P/Q/CMD -> V_in=0.9960 pu, I_in=250.7241 A, V_out=0.9960 pu, I_out=250.7241 A, V_DT=0.9397 pu, P=82.7077 MW, Q=24.1231 MVar


[2026-05-05 14:14:43] [iter 63] [Bus 1] P/Q/CMD -> V_in=0.9720 pu, I_in=2054.7586 A, V_out=0.9720 pu, I_out=2054.7586 A, V_DT=1.0236 pu, P=661.4810 MW, Q=192.9320 MVar
[2026-05-05 14:14:43] [iter 63] [Bus 2] P/Q/CMD -> V_in=0.9930 pu, I_in=1823.5517 A, V_out=0.9930 pu, I_out=1823.5517 A, V_DT=1.0191 pu, P=712.1825 MW, Q=234.0831 MVar
[2026-05-05 14:14:43] [iter 63] [Bus 3] P/Q/CMD -> V_in=0.9830 pu, I_in=1929.6552 A, V_out=0.9830 pu, I_out=1929.6552 A, V_DT=1.0049 pu, P=634.7812 MW, Q=159.0912 MVar
[2026-05-05 14:14:43] [iter 63] [Bus 4] P/Q/CMD -> V_in=0.9900 pu, I_in=281.1034 A, V_out=0.9900 pu, I_out=281.1034 A, V_DT=0.9956 pu, P=103.7878 MW, Q=37.6699 MVar
[2026-05-05 14:14:43] [iter 63] [Bus 5] P/Q/CMD -> V_in=0.9960 pu, I_in=250.7241 A, V_out=0.9960 pu, I_out=250.7241 A, V_DT=0.9971 pu, P=82.7077 MW, Q=24.1231 MVar


[2026-05-05 14:14:47] [iter 64] [Bus 1] P/Q/CMD -> V_in=1.0120 pu, I_in=171.0000 A, V_out=1.0120 pu, I_out=171.0000 A, V_DT=1.0148 pu, P=57.3148 MW, Q=16.7168 MVar
[2026-05-05 14:14:47] [iter 64] [Bus 2] P/Q/CMD -> V_in=0.9890 pu, I_in=1859.9310 A, V_out=0.9890 pu, I_out=1859.9310 A, V_DT=1.0109 pu, P=723.4643 MW, Q=237.7912 MVar
[2026-05-05 14:14:47] [iter 64] [Bus 3] P/Q/CMD -> V_in=0.9520 pu, I_in=674.7241 A, V_out=0.9520 pu, I_out=674.7241 A, V_DT=0.9992 pu, P=214.9582 MW, Q=53.8736 MVar
[2026-05-05 14:14:47] [iter 64] [Bus 4] P/Q/CMD -> V_in=0.9630 pu, I_in=523.7586 A, V_out=0.9630 pu, I_out=523.7586 A, V_DT=0.9982 pu, P=188.1058 MW, Q=68.2733 MVar
[2026-05-05 14:14:47] [iter 64] [Bus 5] P/Q/CMD -> V_in=0.9550 pu, I_in=2160.1034 A, V_out=0.9550 pu, I_out=2160.1034 A, V_DT=0.9997 pu, P=683.2321 MW, Q=199.2760 MVar


[2026-05-05 14:14:51] [iter 65] [Bus 1] P/Q/CMD -> V_in=0.9710 pu, I_in=413.7931 A, V_out=0.9710 pu, I_out=413.7931 A, V_DT=1.0248 pu, P=133.0739 MW, Q=38.8132 MVar
[2026-05-05 14:14:51] [iter 65] [Bus 2] P/Q/CMD -> V_in=1.0260 pu, I_in=430.4828 A, V_out=1.0260 pu, I_out=430.4828 A, V_DT=1.0096 pu, P=173.7109 MW, Q=57.0960 MVar
[2026-05-05 14:14:51] [iter 65] [Bus 3] P/Q/CMD -> V_in=1.0250 pu, I_in=767.7586 A, V_out=1.0250 pu, I_out=767.7586 A, V_DT=1.0009 pu, P=263.3537 MW, Q=66.0027 MVar
[2026-05-05 14:14:51] [iter 65] [Bus 4] P/Q/CMD -> V_in=0.9750 pu, I_in=220.4828 A, V_out=0.9750 pu, I_out=220.4828 A, V_DT=0.9971 pu, P=80.1722 MW, Q=29.0986 MVar
[2026-05-05 14:14:51] [iter 65] [Bus 5] P/Q/CMD -> V_in=0.9510 pu, I_in=592.4828 A, V_out=0.9510 pu, I_out=592.4828 A, V_DT=0.9975 pu, P=186.6150 MW, Q=54.4294 MVar


[2026-05-05 14:14:55] [iter 66] [Bus 1] P/Q/CMD -> V_in=1.0490 pu, I_in=1813.3793 A, V_out=1.0490 pu, I_out=1813.3793 A, V_DT=1.0311 pu, P=630.0202 MW, Q=183.7559 MVar
[2026-05-05 14:14:55] [iter 66] [Bus 2] P/Q/CMD -> V_in=1.0140 pu, I_in=737.3793 A, V_out=1.0140 pu, I_out=737.3793 A, V_DT=1.0233 pu, P=294.0714 MW, Q=96.6566 MVar
[2026-05-05 14:14:55] [iter 66] [Bus 3] P/Q/CMD -> V_in=1.0140 pu, I_in=716.9655 A, V_out=1.0140 pu, I_out=716.9655 A, V_DT=1.0174 pu, P=243.2916 MW, Q=60.9746 MVar
[2026-05-05 14:14:55] [iter 66] [Bus 4] P/Q/CMD -> V_in=1.0440 pu, I_in=1979.3448 A, V_out=1.0440 pu, I_out=1979.3448 A, V_DT=1.0168 pu, P=770.6670 MW, Q=279.7148 MVar
[2026-05-05 14:14:55] [iter 66] [Bus 5] P/Q/CMD -> V_in=0.9520 pu, I_in=282.3103 A, V_out=0.9520 pu, I_out=282.3103 A, V_DT=1.0171 pu, P=89.0131 MW, Q=25.9622 MVar


[2026-05-05 14:14:59] [iter 67] [Bus 1] P/Q/CMD -> V_in=0.9620 pu, I_in=688.9310 A, V_out=0.9620 pu, I_out=688.9310 A, V_DT=1.0212 pu, P=219.5033 MW, Q=64.0218 MVar
[2026-05-05 14:14:59] [iter 67] [Bus 2] P/Q/CMD -> V_in=1.0060 pu, I_in=2029.2414 A, V_out=1.0060 pu, I_out=2029.2414 A, V_DT=1.0221 pu, P=802.8892 MW, Q=263.8969 MVar
[2026-05-05 14:14:59] [iter 67] [Bus 3] P/Q/CMD -> V_in=1.0180 pu, I_in=723.1034 A, V_out=1.0180 pu, I_out=723.1034 A, V_DT=1.0132 pu, P=246.3423 MW, Q=61.7392 MVar
[2026-05-05 14:14:59] [iter 67] [Bus 4] P/Q/CMD -> V_in=0.9660 pu, I_in=2164.1724 A, V_out=0.9660 pu, I_out=2164.1724 A, V_DT=1.0052 pu, P=779.6753 MW, Q=282.9843 MVar
[2026-05-05 14:14:59] [iter 67] [Bus 5] P/Q/CMD -> V_in=1.0240 pu, I_in=234.1034 A, V_out=1.0240 pu, I_out=234.1034 A, V_DT=1.0080 pu, P=79.3959 MW, Q=23.1571 MVar


[2026-05-05 14:15:03] [iter 68] [Bus 1] P/Q/CMD -> V_in=0.9620 pu, I_in=1956.0000 A, V_out=0.9620 pu, I_out=1956.0000 A, V_DT=1.0244 pu, P=623.2098 MW, Q=181.7695 MVar
[2026-05-05 14:15:03] [iter 68] [Bus 2] P/Q/CMD -> V_in=1.0060 pu, I_in=316.7586 A, V_out=1.0060 pu, I_out=316.7586 A, V_DT=1.0132 pu, P=125.3287 MW, Q=41.1935 MVar
[2026-05-05 14:15:03] [iter 68] [Bus 3] P/Q/CMD -> V_in=1.0180 pu, I_in=723.1034 A, V_out=1.0180 pu, I_out=723.1034 A, V_DT=1.0055 pu, P=246.3423 MW, Q=61.7392 MVar
[2026-05-05 14:15:03] [iter 68] [Bus 4] P/Q/CMD -> V_in=0.9660 pu, I_in=1801.2414 A, V_out=0.9660 pu, I_out=1801.2414 A, V_DT=0.9945 pu, P=648.9240 MW, Q=235.5280 MVar
[2026-05-05 14:15:03] [iter 68] [Bus 5] P/Q/CMD -> V_in=1.0240 pu, I_in=2088.4138 A, V_out=1.0240 pu, I_out=2088.4138 A, V_DT=0.9992 pu, P=708.2830 MW, Q=206.5826 MVar


[2026-05-05 14:15:07] [iter 69] [Bus 1] P/Q/CMD -> V_in=1.0310 pu, I_in=860.9310 A, V_out=1.0310 pu, I_out=860.9310 A, V_DT=1.0161 pu, P=293.9797 MW, Q=85.7441 MVar
[2026-05-05 14:15:07] [iter 69] [Bus 2] P/Q/CMD -> V_in=0.9600 pu, I_in=179.1379 A, V_out=0.9600 pu, I_out=179.1379 A, V_DT=1.0146 pu, P=67.6368 MW, Q=22.2311 MVar
[2026-05-05 14:15:07] [iter 69] [Bus 3] P/Q/CMD -> V_in=0.9810 pu, I_in=682.0345 A, V_out=0.9810 pu, I_out=682.0345 A, V_DT=0.9992 pu, P=223.9062 MW, Q=56.1162 MVar
[2026-05-05 14:15:07] [iter 69] [Bus 4] P/Q/CMD -> V_in=1.0450 pu, I_in=435.1724 A, V_out=1.0450 pu, I_out=435.1724 A, V_DT=0.9783 pu, P=169.5987 MW, Q=61.5561 MVar
[2026-05-05 14:15:07] [iter 69] [Bus 5] P/Q/CMD -> V_in=1.0200 pu, I_in=206.0690 A, V_out=1.0200 pu, I_out=206.0690 A, V_DT=0.9825 pu, P=69.6150 MW, Q=20.3044 MVar


[2026-05-05 14:15:11] [iter 70] [Bus 1] P/Q/CMD -> V_in=1.0180 pu, I_in=619.1724 A, V_out=1.0180 pu, I_out=619.1724 A, V_DT=1.0217 pu, P=208.7612 MW, Q=60.8887 MVar
[2026-05-05 14:15:11] [iter 70] [Bus 2] P/Q/CMD -> V_in=0.9600 pu, I_in=1836.4138 A, V_out=0.9600 pu, I_out=1836.4138 A, V_DT=1.0283 pu, P=693.3711 MW, Q=227.9001 MVar
[2026-05-05 14:15:11] [iter 70] [Bus 3] P/Q/CMD -> V_in=1.0350 pu, I_in=589.8621 A, V_out=1.0350 pu, I_out=589.8621 A, V_DT=1.0181 pu, P=204.3062 MW, Q=51.2040 MVar
[2026-05-05 14:15:11] [iter 70] [Bus 4] P/Q/CMD -> V_in=0.9620 pu, I_in=2112.6897 A, V_out=0.9620 pu, I_out=2112.6897 A, V_DT=1.0064 pu, P=757.9762 MW, Q=275.1086 MVar
[2026-05-05 14:15:11] [iter 70] [Bus 5] P/Q/CMD -> V_in=1.0280 pu, I_in=405.8966 A, V_out=1.0280 pu, I_out=405.8966 A, V_DT=1.0095 pu, P=138.1971 MW, Q=40.3075 MVar


[2026-05-05 14:15:15] [iter 71] [Bus 1] P/Q/CMD -> V_in=0.9920 pu, I_in=438.3448 A, V_out=0.9920 pu, I_out=438.3448 A, V_DT=1.0253 pu, P=144.0184 MW, Q=42.0054 MVar
[2026-05-05 14:15:15] [iter 71] [Bus 2] P/Q/CMD -> V_in=1.0000 pu, I_in=2099.3793 A, V_out=1.0000 pu, I_out=2099.3793 A, V_DT=1.0202 pu, P=825.6859 MW, Q=271.3898 MVar
[2026-05-05 14:15:15] [iter 71] [Bus 3] P/Q/CMD -> V_in=1.0340 pu, I_in=753.4483 A, V_out=1.0340 pu, I_out=753.4483 A, V_DT=1.0114 pu, P=260.7143 MW, Q=65.3412 MVar
[2026-05-05 14:15:15] [iter 71] [Bus 4] P/Q/CMD -> V_in=0.9600 pu, I_in=1862.7931 A, V_out=0.9600 pu, I_out=1862.7931 A, V_DT=0.9972 pu, P=666.9306 MW, Q=242.0635 MVar
[2026-05-05 14:15:15] [iter 71] [Bus 5] P/Q/CMD -> V_in=1.0120 pu, I_in=2055.4483 A, V_out=1.0120 pu, I_out=2055.4483 A, V_DT=1.0019 pu, P=688.9336 MW, Q=200.9390 MVar


[2026-05-05 14:15:20] [iter 72] [Bus 1] P/Q/CMD -> V_in=0.9920 pu, I_in=438.3448 A, V_out=0.9920 pu, I_out=438.3448 A, V_DT=1.0279 pu, P=144.0184 MW, Q=42.0054 MVar
[2026-05-05 14:15:20] [iter 72] [Bus 2] P/Q/CMD -> V_in=1.0000 pu, I_in=2099.3793 A, V_out=1.0000 pu, I_out=2099.3793 A, V_DT=1.0078 pu, P=825.6859 MW, Q=271.3898 MVar
[2026-05-05 14:15:20] [iter 72] [Bus 3] P/Q/CMD -> V_in=1.0340 pu, I_in=753.4483 A, V_out=1.0340 pu, I_out=753.4483 A, V_DT=0.9961 pu, P=260.7143 MW, Q=65.3412 MVar
[2026-05-05 14:15:20] [iter 72] [Bus 4] P/Q/CMD -> V_in=0.9600 pu, I_in=1862.7931 A, V_out=0.9600 pu, I_out=1862.7931 A, V_DT=0.9759 pu, P=666.9306 MW, Q=242.0635 MVar
[2026-05-05 14:15:20] [iter 72] [Bus 5] P/Q/CMD -> V_in=1.0120 pu, I_in=2055.4483 A, V_out=1.0120 pu, I_out=2055.4483 A, V_DT=0.9803 pu, P=688.9336 MW, Q=200.9390 MVar


[2026-05-05 14:15:24] [iter 73] [Bus 1] P/Q/CMD -> V_in=1.0200 pu, I_in=474.8621 A, V_out=1.0200 pu, I_out=474.8621 A, V_DT=1.0293 pu, P=160.4198 MW, Q=46.7891 MVar
[2026-05-05 14:15:24] [iter 73] [Bus 2] P/Q/CMD -> V_in=1.0220 pu, I_in=868.6552 A, V_out=1.0220 pu, I_out=868.6552 A, V_DT=0.9984 pu, P=349.1582 MW, Q=114.7628 MVar
[2026-05-05 14:15:24] [iter 73] [Bus 3] P/Q/CMD -> V_in=0.9770 pu, I_in=787.1034 A, V_out=0.9770 pu, I_out=787.1034 A, V_DT=0.9839 pu, P=257.3459 MW, Q=64.4970 MVar
[2026-05-05 14:15:24] [iter 73] [Bus 4] P/Q/CMD -> V_in=1.0020 pu, I_in=519.3103 A, V_out=1.0020 pu, I_out=519.3103 A, V_DT=0.9589 pu, P=194.0615 MW, Q=70.4349 MVar
[2026-05-05 14:15:24] [iter 73] [Bus 5] P/Q/CMD -> V_in=0.9930 pu, I_in=714.7586 A, V_out=0.9930 pu, I_out=714.7586 A, V_DT=0.9633 pu, P=235.0710 MW, Q=68.5624 MVar


[2026-05-05 14:15:28] [iter 74] [Bus 1] P/Q/CMD -> V_in=1.0200 pu, I_in=474.8621 A, V_out=1.0200 pu, I_out=474.8621 A, V_DT=1.0329 pu, P=160.4198 MW, Q=46.7891 MVar
[2026-05-05 14:15:28] [iter 74] [Bus 2] P/Q/CMD -> V_in=1.0220 pu, I_in=1872.0000 A, V_out=1.0220 pu, I_out=1872.0000 A, V_DT=1.0126 pu, P=752.4553 MW, Q=247.3201 MVar
[2026-05-05 14:15:28] [iter 74] [Bus 3] P/Q/CMD -> V_in=0.9770 pu, I_in=787.1034 A, V_out=0.9770 pu, I_out=787.1034 A, V_DT=1.0040 pu, P=257.3459 MW, Q=64.4970 MVar
[2026-05-05 14:15:28] [iter 74] [Bus 4] P/Q/CMD -> V_in=1.0020 pu, I_in=1982.6552 A, V_out=1.0020 pu, I_out=1982.6552 A, V_DT=0.9895 pu, P=740.9002 MW, Q=268.9109 MVar
[2026-05-05 14:15:28] [iter 74] [Bus 5] P/Q/CMD -> V_in=0.9930 pu, I_in=2049.7241 A, V_out=0.9930 pu, I_out=2049.7241 A, V_DT=0.9924 pu, P=674.1166 MW, Q=196.6173 MVar


[2026-05-05 14:15:32] [iter 75] [Bus 1] P/Q/CMD -> V_in=0.9760 pu, I_in=2189.5172 A, V_out=0.9760 pu, I_out=2189.5172 A, V_DT=1.0323 pu, P=707.7641 MW, Q=206.4312 MVar
[2026-05-05 14:15:32] [iter 75] [Bus 2] P/Q/CMD -> V_in=1.0330 pu, I_in=1832.7586 A, V_out=1.0330 pu, I_out=1832.7586 A, V_DT=1.0032 pu, P=744.6112 MW, Q=244.7419 MVar
[2026-05-05 14:15:32] [iter 75] [Bus 3] P/Q/CMD -> V_in=1.0380 pu, I_in=326.1034 A, V_out=1.0380 pu, I_out=326.1034 A, V_DT=0.9903 pu, P=113.2775 MW, Q=28.3900 MVar
[2026-05-05 14:15:32] [iter 75] [Bus 4] P/Q/CMD -> V_in=0.9960 pu, I_in=1928.8621 A, V_out=0.9960 pu, I_out=1928.8621 A, V_DT=0.9682 pu, P=716.4820 MW, Q=260.0483 MVar
[2026-05-05 14:15:32] [iter 75] [Bus 5] P/Q/CMD -> V_in=0.9870 pu, I_in=2116.2069 A, V_out=0.9870 pu, I_out=2116.2069 A, V_DT=0.9719 pu, P=691.7762 MW, Q=201.7681 MVar


[2026-05-05 14:15:36] [iter 76] [Bus 1] P/Q/CMD -> V_in=1.0350 pu, I_in=281.3448 A, V_out=1.0350 pu, I_out=281.3448 A, V_DT=1.0176 pu, P=96.4428 MW, Q=28.1291 MVar
[2026-05-05 14:15:36] [iter 76] [Bus 2] P/Q/CMD -> V_in=0.9710 pu, I_in=783.6552 A, V_out=0.9710 pu, I_out=783.6552 A, V_DT=0.9918 pu, P=299.2734 MW, Q=98.3664 MVar
[2026-05-05 14:15:36] [iter 76] [Bus 3] P/Q/CMD -> V_in=0.9840 pu, I_in=837.3793 A, V_out=0.9840 pu, I_out=837.3793 A, V_DT=0.9739 pu, P=275.7453 MW, Q=69.1083 MVar
[2026-05-05 14:15:36] [iter 76] [Bus 4] P/Q/CMD -> V_in=1.0200 pu, I_in=356.1034 A, V_out=1.0200 pu, I_out=356.1034 A, V_DT=0.9431 pu, P=135.4631 MW, Q=49.1666 MVar
[2026-05-05 14:15:36] [iter 76] [Bus 5] P/Q/CMD -> V_in=0.9510 pu, I_in=920.7931 A, V_out=0.9510 pu, I_out=920.7931 A, V_DT=0.9473 pu, P=290.0233 MW, Q=84.5901 MVar


[2026-05-05 14:15:40] [iter 77] [Bus 1] P/Q/CMD -> V_in=0.9580 pu, I_in=2006.1724 A, V_out=0.9580 pu, I_out=2006.1724 A, V_DT=1.0275 pu, P=636.5376 MW, Q=185.6568 MVar
[2026-05-05 14:15:40] [iter 77] [Bus 2] P/Q/CMD -> V_in=0.9980 pu, I_in=731.6897 A, V_out=0.9980 pu, I_out=731.6897 A, V_DT=1.0114 pu, P=287.1980 MW, Q=94.3974 MVar
[2026-05-05 14:15:40] [iter 77] [Bus 3] P/Q/CMD -> V_in=1.0180 pu, I_in=2107.8966 A, V_out=1.0180 pu, I_out=2107.8966 A, V_DT=1.0016 pu, P=718.1049 MW, Q=179.9741 MVar
[2026-05-05 14:15:40] [iter 77] [Bus 4] P/Q/CMD -> V_in=0.9990 pu, I_in=758.0690 A, V_out=0.9990 pu, I_out=758.0690 A, V_DT=0.9848 pu, P=282.4353 MW, Q=102.5103 MVar
[2026-05-05 14:15:40] [iter 77] [Bus 5] P/Q/CMD -> V_in=0.9590 pu, I_in=335.2069 A, V_out=0.9590 pu, I_out=335.2069 A, V_DT=0.9872 pu, P=106.4687 MW, Q=31.0534 MVar
