Namespace index: 2
Field bus -> Pandapower bus mapping: {1: 0, 2: 2, 3: 3, 4: 6, 5: 7}
Unique bus->line mapping: {1: 0, 2: 2, 3: 4, 4: 10, 5: 9}
numba cannot be imported and numba functions are disabled.
Probably the execution is slow.
Please install numba to gain a massive speedup.
(or if you prefer slow execution, set the flag numba=False to avoid this warning!)

 2026-05-05 16:01:20
Load flow sukses. Voltage snapshot (pu): [1.05004136 1.05788632 1.04999957 1.0405164  1.03555679]
Bus 1: breaker CLOSE (line 0) | I_line=0.2726 kA, I_close=0.9539 kA
Bus 2: breaker CLOSE (line 2) | I_line=0.4843 kA, I_close=0.7949 kA
Bus 3: breaker CLOSE (line 4) | I_line=0.4068 kA, I_close=0.7949 kA
Bus 4: breaker CLOSE (line 10) | I_line=0.1303 kA, I_close=1.4308 kA
Bus 5: breaker CLOSE (line 9) | I_line=0.0745 kA, I_close=1.4308 kA
numba cannot be imported and numba functions are disabled.
Probably the execution is slow.
Please install numba to gain a massive speedup.
(or if you prefer slow execution, set the flag numba=False to avoid this warning!)

 2026-05-05 16:01:24
Load flow sukses. Voltage snapshot (pu): [1.04881513 1.05709894 1.04850484 1.04039846 1.03812441]
Bus 1: breaker CLOSE (line 0) | I_line=0.2761 kA, I_close=0.9539 kA
Bus 2: breaker CLOSE (line 2) | I_line=0.4885 kA, I_close=0.7949 kA
Bus 3: breaker CLOSE (line 4) | I_line=0.3586 kA, I_close=0.7949 kA
Bus 4: breaker CLOSE (line 10) | I_line=0.0702 kA, I_close=1.4308 kA
Bus 5: breaker CLOSE (line 9) | I_line=0.0773 kA, I_close=1.4308 kA
numba cannot be imported and numba functions are disabled.
Probably the execution is slow.
Please install numba to gain a massive speedup.
(or if you prefer slow execution, set the flag numba=False to avoid this warning!)

 2026-05-05 16:01:29
Load flow sukses. Voltage snapshot (pu): [1.04533204 1.05607439 1.04742757 1.04019028 1.03922187]
Bus 1: breaker CLOSE (line 0) | I_line=0.3187 kA, I_close=0.9539 kA
Bus 2: breaker CLOSE (line 2) | I_line=0.4588 kA, I_close=0.7949 kA
Bus 3: breaker CLOSE (line 4) | I_line=0.3026 kA, I_close=0.7949 kA
Bus 4: breaker CLOSE (line 10) | I_line=0.0979 kA, I_close=1.4308 kA
Bus 5: breaker CLOSE (line 9) | I_line=0.1145 kA, I_close=1.4308 kA
numba cannot be imported and numba functions are disabled.
Probably the execution is slow.
Please install numba to gain a massive speedup.
(or if you prefer slow execution, set the flag numba=False to avoid this warning!)

 2026-05-05 16:01:33
Load flow sukses. Voltage snapshot (pu): [1.04189733 1.05526073 1.04692481 1.04035288 1.03977761]
Bus 1: breaker CLOSE (line 0) | I_line=0.3654 kA, I_close=0.9539 kA
Bus 2: breaker CLOSE (line 2) | I_line=0.4239 kA, I_close=0.7949 kA
Bus 3: breaker CLOSE (line 4) | I_line=0.2576 kA, I_close=0.7949 kA
Bus 4: breaker CLOSE (line 10) | I_line=0.1604 kA, I_close=1.4308 kA
Bus 5: breaker CLOSE (line 9) | I_line=0.1681 kA, I_close=1.4308 kA
numba cannot be imported and numba functions are disabled.
Probably the execution is slow.
Please install numba to gain a massive speedup.
(or if you prefer slow execution, set the flag numba=False to avoid this warning!)

 2026-05-05 16:01:37
Load flow sukses. Voltage snapshot (pu): [1.03907744 1.05309078 1.04263138 1.03815581 1.03875974]
Bus 1: breaker CLOSE (line 0) | I_line=0.3796 kA, I_close=0.9539 kA
Bus 2: breaker CLOSE (line 2) | I_line=0.4280 kA, I_close=0.7949 kA
Bus 3: breaker CLOSE (line 4) | I_line=0.1439 kA, I_close=0.7949 kA
Bus 4: breaker CLOSE (line 10) | I_line=0.2771 kA, I_close=1.4308 kA
Bus 5: breaker CLOSE (line 9) | I_line=0.2319 kA, I_close=1.4308 kA
numba cannot be imported and numba functions are disabled.
Probably the execution is slow.
Please install numba to gain a massive speedup.
(or if you prefer slow execution, set the flag numba=False to avoid this warning!)

 2026-05-05 16:01:41
Load flow sukses. Voltage snapshot (pu): [1.03713942 1.0514739  1.0393617  1.03588461 1.03704552]
Bus 1: breaker CLOSE (line 0) | I_line=0.3889 kA, I_close=0.9539 kA
Bus 2: breaker CLOSE (line 2) | I_line=0.4324 kA, I_close=0.7949 kA
Bus 3: breaker CLOSE (line 4) | I_line=0.0746 kA, I_close=0.7949 kA
Bus 4: breaker CLOSE (line 10) | I_line=0.3556 kA, I_close=1.4308 kA
Bus 5: breaker CLOSE (line 9) | I_line=0.2751 kA, I_close=1.4308 kA
numba cannot be imported and numba functions are disabled.
Probably the execution is slow.
Please install numba to gain a massive speedup.
(or if you prefer slow execution, set the flag numba=False to avoid this warning!)

 2026-05-05 16:01:45
Load flow sukses. Voltage snapshot (pu): [1.03969885 1.05133929 1.03778346 1.03387146 1.03498254]
Bus 1: breaker CLOSE (line 0) | I_line=0.3559 kA, I_close=0.9539 kA
Bus 2: breaker CLOSE (line 2) | I_line=0.4590 kA, I_close=0.7949 kA
Bus 3: breaker CLOSE (line 4) | I_line=0.1287 kA, I_close=0.7949 kA
Bus 4: breaker CLOSE (line 10) | I_line=0.3663 kA, I_close=1.4308 kA
Bus 5: breaker CLOSE (line 9) | I_line=0.2744 kA, I_close=1.4308 kA
numba cannot be imported and numba functions are disabled.
Probably the execution is slow.
Please install numba to gain a massive speedup.
(or if you prefer slow execution, set the flag numba=False to avoid this warning!)

 2026-05-05 16:01:50
Load flow sukses. Voltage snapshot (pu): [1.03835473 1.05118827 1.03799929 1.03459436 1.03689162]
Bus 1: breaker CLOSE (line 0) | I_line=0.3676 kA, I_close=0.9539 kA
Bus 2: breaker CLOSE (line 2) | I_line=0.4514 kA, I_close=0.7949 kA
Bus 3: breaker CLOSE (line 4) | I_line=0.0999 kA, I_close=0.7949 kA
Bus 4: breaker CLOSE (line 10) | I_line=0.3212 kA, I_close=1.4308 kA
Bus 5: breaker CLOSE (line 9) | I_line=0.2471 kA, I_close=1.4308 kA
numba cannot be imported and numba functions are disabled.
Probably the execution is slow.
Please install numba to gain a massive speedup.
(or if you prefer slow execution, set the flag numba=False to avoid this warning!)

 2026-05-05 16:01:54
Load flow sukses. Voltage snapshot (pu): [1.03573518 1.05134629 1.03967509 1.03580906 1.03747972]
Bus 1: breaker CLOSE (line 0) | I_line=0.4123 kA, I_close=0.9539 kA
Bus 2: breaker CLOSE (line 2) | I_line=0.4109 kA, I_close=0.7949 kA
Bus 3: breaker CLOSE (line 4) | I_line=0.0995 kA, I_close=0.7949 kA
Bus 4: breaker CLOSE (line 10) | I_line=0.3357 kA, I_close=1.4308 kA
Bus 5: breaker CLOSE (line 9) | I_line=0.2592 kA, I_close=1.4308 kA
numba cannot be imported and numba functions are disabled.
Probably the execution is slow.
Please install numba to gain a massive speedup.
(or if you prefer slow execution, set the flag numba=False to avoid this warning!)

 2026-05-05 16:01:58
Load flow sukses. Voltage snapshot (pu): [1.03398708 1.05142272 1.04073944 1.03658022 1.03784597]
Bus 1: breaker CLOSE (line 0) | I_line=0.4413 kA, I_close=0.9539 kA
Bus 2: breaker CLOSE (line 2) | I_line=0.3846 kA, I_close=0.7949 kA
Bus 3: breaker CLOSE (line 4) | I_line=0.0993 kA, I_close=0.7949 kA
Bus 4: breaker CLOSE (line 10) | I_line=0.3451 kA, I_close=1.4308 kA
Bus 5: breaker CLOSE (line 9) | I_line=0.2671 kA, I_close=1.4308 kA
numba cannot be imported and numba functions are disabled.
Probably the execution is slow.
Please install numba to gain a massive speedup.
(or if you prefer slow execution, set the flag numba=False to avoid this warning!)

 2026-05-05 16:02:02
Load flow sukses. Voltage snapshot (pu): [1.03679626 1.05147979 1.03951465 1.03679013 1.03809945]
Bus 1: breaker CLOSE (line 0) | I_line=0.3933 kA, I_close=0.9539 kA
Bus 2: breaker CLOSE (line 2) | I_line=0.4283 kA, I_close=0.7949 kA
Bus 3: breaker CLOSE (line 4) | I_line=0.0707 kA, I_close=0.7949 kA
Bus 4: breaker CLOSE (line 10) | I_line=0.3270 kA, I_close=1.4308 kA
Bus 5: breaker CLOSE (line 9) | I_line=0.2449 kA, I_close=1.4308 kA
numba cannot be imported and numba functions are disabled.
Probably the execution is slow.
Please install numba to gain a massive speedup.
(or if you prefer slow execution, set the flag numba=False to avoid this warning!)

 2026-05-05 16:02:06
Load flow sukses. Voltage snapshot (pu): [1.0364037  1.05148877 1.03976982 1.03590249 1.03641317]
Bus 1: breaker CLOSE (line 0) | I_line=0.4050 kA, I_close=0.9539 kA
Bus 2: breaker CLOSE (line 2) | I_line=0.4173 kA, I_close=0.7949 kA
Bus 3: breaker CLOSE (line 4) | I_line=0.0852 kA, I_close=0.7949 kA
Bus 4: breaker CLOSE (line 10) | I_line=0.3812 kA, I_close=1.4308 kA
Bus 5: breaker CLOSE (line 9) | I_line=0.2950 kA, I_close=1.4308 kA
numba cannot be imported and numba functions are disabled.
Probably the execution is slow.
Please install numba to gain a massive speedup.
(or if you prefer slow execution, set the flag numba=False to avoid this warning!)

 2026-05-05 16:02:10
Load flow sukses. Voltage snapshot (pu): [1.0355159  1.05103309 1.03903341 1.03438129 1.03493328]
Bus 1: breaker CLOSE (line 0) | I_line=0.4155 kA, I_close=0.9539 kA
Bus 2: breaker CLOSE (line 2) | I_line=0.4110 kA, I_close=0.7949 kA
Bus 3: breaker CLOSE (line 4) | I_line=0.0836 kA, I_close=0.7949 kA
Bus 4: breaker CLOSE (line 10) | I_line=0.4222 kA, I_close=1.4308 kA
Bus 5: breaker CLOSE (line 9) | I_line=0.3319 kA, I_close=1.4308 kA
numba cannot be imported and numba functions are disabled.
Probably the execution is slow.
Please install numba to gain a massive speedup.
(or if you prefer slow execution, set the flag numba=False to avoid this warning!)

 2026-05-05 16:02:15
Load flow sukses. Voltage snapshot (pu): [1.03788944 1.05201894 1.04044    1.0342235  1.03511374]
Bus 1: breaker CLOSE (line 0) | I_line=0.3896 kA, I_close=0.9539 kA
Bus 2: breaker CLOSE (line 2) | I_line=0.4256 kA, I_close=0.7949 kA
Bus 3: breaker CLOSE (line 4) | I_line=0.1416 kA, I_close=0.7949 kA
Bus 4: breaker CLOSE (line 10) | I_line=0.3925 kA, I_close=1.4308 kA
Bus 5: breaker CLOSE (line 9) | I_line=0.2948 kA, I_close=1.4308 kA
numba cannot be imported and numba functions are disabled.
Probably the execution is slow.
Please install numba to gain a massive speedup.
(or if you prefer slow execution, set the flag numba=False to avoid this warning!)

 2026-05-05 16:02:19
Load flow sukses. Voltage snapshot (pu): [1.03940057 1.05262651 1.0412906  1.0340343  1.03513738]
Bus 1: breaker CLOSE (line 0) | I_line=0.3728 kA, I_close=0.9539 kA
Bus 2: breaker CLOSE (line 2) | I_line=0.4353 kA, I_close=0.7949 kA
Bus 3: breaker CLOSE (line 4) | I_line=0.1812 kA, I_close=0.7949 kA
Bus 4: breaker CLOSE (line 10) | I_line=0.3732 kA, I_close=1.4308 kA
Bus 5: breaker CLOSE (line 9) | I_line=0.2709 kA, I_close=1.4308 kA
numba cannot be imported and numba functions are disabled.
Probably the execution is slow.
Please install numba to gain a massive speedup.
(or if you prefer slow execution, set the flag numba=False to avoid this warning!)

 2026-05-05 16:02:23
Load flow sukses. Voltage snapshot (pu): [1.03849018 1.0519945  1.0401257  1.03315233 1.0330971 ]
Bus 1: breaker CLOSE (line 0) | I_line=0.3841 kA, I_close=0.9539 kA
Bus 2: breaker CLOSE (line 2) | I_line=0.4301 kA, I_close=0.7949 kA
Bus 3: breaker CLOSE (line 4) | I_line=0.1498 kA, I_close=0.7949 kA
Bus 4: breaker CLOSE (line 10) | I_line=0.4519 kA, I_close=1.4308 kA
Bus 5: breaker CLOSE (line 9) | I_line=0.3308 kA, I_close=1.4308 kA
numba cannot be imported and numba functions are disabled.
Probably the execution is slow.
Please install numba to gain a massive speedup.
(or if you prefer slow execution, set the flag numba=False to avoid this warning!)

 2026-05-05 16:02:27
Load flow sukses. Voltage snapshot (pu): [1.04071943 1.05168823 1.03826805 1.03300475 1.03357367]
Bus 1: breaker CLOSE (line 0) | I_line=0.3384 kA, I_close=0.9539 kA
Bus 2: breaker CLOSE (line 2) | I_line=0.4742 kA, I_close=0.7949 kA
Bus 3: breaker CLOSE (line 4) | I_line=0.1128 kA, I_close=0.7949 kA
Bus 4: breaker CLOSE (line 10) | I_line=0.4268 kA, I_close=1.4308 kA
Bus 5: breaker CLOSE (line 9) | I_line=0.2975 kA, I_close=1.4308 kA
numba cannot be imported and numba functions are disabled.
Probably the execution is slow.
Please install numba to gain a massive speedup.
(or if you prefer slow execution, set the flag numba=False to avoid this warning!)

 2026-05-05 16:02:31
Load flow sukses. Voltage snapshot (pu): [1.03935144 1.05112631 1.03744788 1.03360169 1.03405213]
Bus 1: breaker CLOSE (line 0) | I_line=0.3518 kA, I_close=0.9539 kA
Bus 2: breaker CLOSE (line 2) | I_line=0.4676 kA, I_close=0.7949 kA
Bus 3: breaker CLOSE (line 4) | I_line=0.0705 kA, I_close=0.7949 kA
Bus 4: breaker CLOSE (line 10) | I_line=0.4332 kA, I_close=1.4308 kA
Bus 5: breaker CLOSE (line 9) | I_line=0.3023 kA, I_close=1.4308 kA
numba cannot be imported and numba functions are disabled.
Probably the execution is slow.
Please install numba to gain a massive speedup.
(or if you prefer slow execution, set the flag numba=False to avoid this warning!)

 2026-05-05 16:02:35
Load flow sukses. Voltage snapshot (pu): [1.0380563  1.05136487 1.03866751 1.03505897 1.03530777]
Bus 1: breaker CLOSE (line 0) | I_line=0.3757 kA, I_close=0.9539 kA
Bus 2: breaker CLOSE (line 2) | I_line=0.4447 kA, I_close=0.7949 kA
Bus 3: breaker CLOSE (line 4) | I_line=0.0718 kA, I_close=0.7949 kA
Bus 4: breaker CLOSE (line 10) | I_line=0.4117 kA, I_close=1.4308 kA
Bus 5: breaker CLOSE (line 9) | I_line=0.2930 kA, I_close=1.4308 kA
numba cannot be imported and numba functions are disabled.
Probably the execution is slow.
Please install numba to gain a massive speedup.
(or if you prefer slow execution, set the flag numba=False to avoid this warning!)

 2026-05-05 16:02:39
Load flow sukses. Voltage snapshot (pu): [1.03718361 1.05092009 1.03791852 1.03572729 1.03602158]
Bus 1: breaker CLOSE (line 0) | I_line=0.3817 kA, I_close=0.9539 kA
Bus 2: breaker CLOSE (line 2) | I_line=0.4437 kA, I_close=0.7949 kA
Bus 3: breaker CLOSE (line 4) | I_line=0.0394 kA, I_close=0.7949 kA
Bus 4: breaker CLOSE (line 10) | I_line=0.4057 kA, I_close=1.4308 kA
Bus 5: breaker CLOSE (line 9) | I_line=0.2866 kA, I_close=1.4308 kA
numba cannot be imported and numba functions are disabled.
Probably the execution is slow.
Please install numba to gain a massive speedup.
(or if you prefer slow execution, set the flag numba=False to avoid this warning!)

 2026-05-05 16:02:44
Load flow sukses. Voltage snapshot (pu): [1.03661107 1.05062407 1.03741654 1.03614536 1.03647363]
Bus 1: breaker CLOSE (line 0) | I_line=0.3856 kA, I_close=0.9539 kA
Bus 2: breaker CLOSE (line 2) | I_line=0.4431 kA, I_close=0.7949 kA
Bus 3: breaker CLOSE (line 4) | I_line=0.0308 kA, I_close=0.7949 kA
Bus 4: breaker CLOSE (line 10) | I_line=0.4019 kA, I_close=1.4308 kA
Bus 5: breaker CLOSE (line 9) | I_line=0.2825 kA, I_close=1.4308 kA
numba cannot be imported and numba functions are disabled.
Probably the execution is slow.
Please install numba to gain a massive speedup.
(or if you prefer slow execution, set the flag numba=False to avoid this warning!)

 2026-05-05 16:02:48
Load flow sukses. Voltage snapshot (pu): [1.03661598 1.05065517 1.03749754 1.03628456 1.03666138]
Bus 1: breaker CLOSE (line 0) | I_line=0.3861 kA, I_close=0.9539 kA
Bus 2: breaker CLOSE (line 2) | I_line=0.4425 kA, I_close=0.7949 kA
Bus 3: breaker CLOSE (line 4) | I_line=0.0303 kA, I_close=0.7949 kA
Bus 4: breaker CLOSE (line 10) | I_line=0.3939 kA, I_close=1.4308 kA
Bus 5: breaker CLOSE (line 9) | I_line=0.2879 kA, I_close=1.4308 kA
numba cannot be imported and numba functions are disabled.
Probably the execution is slow.
Please install numba to gain a massive speedup.
(or if you prefer slow execution, set the flag numba=False to avoid this warning!)

 2026-05-05 16:02:52
Load flow sukses. Voltage snapshot (pu): [1.03629224 1.05177186 1.04055963 1.03753611 1.03760282]
Bus 1: breaker CLOSE (line 0) | I_line=0.4086 kA, I_close=0.9539 kA
Bus 2: breaker CLOSE (line 2) | I_line=0.4128 kA, I_close=0.7949 kA
Bus 3: breaker CLOSE (line 4) | I_line=0.0725 kA, I_close=0.7949 kA
Bus 4: breaker CLOSE (line 10) | I_line=0.3590 kA, I_close=1.4308 kA
Bus 5: breaker CLOSE (line 9) | I_line=0.2806 kA, I_close=1.4308 kA
numba cannot be imported and numba functions are disabled.
Probably the execution is slow.
Please install numba to gain a massive speedup.
(or if you prefer slow execution, set the flag numba=False to avoid this warning!)

 2026-05-05 16:02:56
Load flow sukses. Voltage snapshot (pu): [1.03803498 1.05122812 1.03830046 1.03532625 1.03681483]
Bus 1: breaker CLOSE (line 0) | I_line=0.3702 kA, I_close=0.9539 kA
Bus 2: breaker CLOSE (line 2) | I_line=0.4513 kA, I_close=0.7949 kA
Bus 3: breaker CLOSE (line 4) | I_line=0.0602 kA, I_close=0.7949 kA
Bus 4: breaker CLOSE (line 10) | I_line=0.3515 kA, I_close=1.4308 kA
Bus 5: breaker CLOSE (line 9) | I_line=0.2809 kA, I_close=1.4308 kA
numba cannot be imported and numba functions are disabled.
Probably the execution is slow.
Please install numba to gain a massive speedup.
(or if you prefer slow execution, set the flag numba=False to avoid this warning!)

 2026-05-05 16:03:00
Load flow sukses. Voltage snapshot (pu): [1.03563116 1.05166712 1.04061928 1.0367302  1.03725359]
Bus 1: breaker CLOSE (line 0) | I_line=0.4196 kA, I_close=0.9539 kA
Bus 2: breaker CLOSE (line 2) | I_line=0.4034 kA, I_close=0.7949 kA
Bus 3: breaker CLOSE (line 4) | I_line=0.0853 kA, I_close=0.7949 kA
Bus 4: breaker CLOSE (line 10) | I_line=0.3580 kA, I_close=1.4308 kA
Bus 5: breaker CLOSE (line 9) | I_line=0.3114 kA, I_close=1.4308 kA
numba cannot be imported and numba functions are disabled.
Probably the execution is slow.
Please install numba to gain a massive speedup.
(or if you prefer slow execution, set the flag numba=False to avoid this warning!)

 2026-05-05 16:03:04
Load flow sukses. Voltage snapshot (pu): [1.03401683 1.05191371 1.04207867 1.03759499 1.03749516]
Bus 1: breaker CLOSE (line 0) | I_line=0.4518 kA, I_close=0.9539 kA
Bus 2: breaker CLOSE (line 2) | I_line=0.3724 kA, I_close=0.7949 kA
Bus 3: breaker CLOSE (line 4) | I_line=0.1023 kA, I_close=0.7949 kA
Bus 4: breaker CLOSE (line 10) | I_line=0.3623 kA, I_close=1.4308 kA
Bus 5: breaker CLOSE (line 9) | I_line=0.3314 kA, I_close=1.4308 kA
numba cannot be imported and numba functions are disabled.
Probably the execution is slow.
Please install numba to gain a massive speedup.
(or if you prefer slow execution, set the flag numba=False to avoid this warning!)

 2026-05-05 16:03:09
Load flow sukses. Voltage snapshot (pu): [1.03366033 1.05135134 1.04076534 1.03514951 1.0359902 ]
Bus 1: breaker CLOSE (line 0) | I_line=0.4487 kA, I_close=0.9539 kA
Bus 2: breaker CLOSE (line 2) | I_line=0.3786 kA, I_close=0.7949 kA
Bus 3: breaker CLOSE (line 4) | I_line=0.1080 kA, I_close=0.7949 kA
Bus 4: breaker CLOSE (line 10) | I_line=0.3986 kA, I_close=1.4308 kA
Bus 5: breaker CLOSE (line 9) | I_line=0.3238 kA, I_close=1.4308 kA
numba cannot be imported and numba functions are disabled.
Probably the execution is slow.
Please install numba to gain a massive speedup.
(or if you prefer slow execution, set the flag numba=False to avoid this warning!)

 2026-05-05 16:03:13
Load flow sukses. Voltage snapshot (pu): [1.03440218 1.05054533 1.03833231 1.03251523 1.03286472]
Bus 1: breaker CLOSE (line 0) | I_line=0.4299 kA, I_close=0.9539 kA
Bus 2: breaker CLOSE (line 2) | I_line=0.4014 kA, I_close=0.7949 kA
Bus 3: breaker CLOSE (line 4) | I_line=0.0869 kA, I_close=0.7949 kA
Bus 4: breaker CLOSE (line 10) | I_line=0.4787 kA, I_close=1.4308 kA
Bus 5: breaker CLOSE (line 9) | I_line=0.3709 kA, I_close=1.4308 kA
numba cannot be imported and numba functions are disabled.
Probably the execution is slow.
Please install numba to gain a massive speedup.
(or if you prefer slow execution, set the flag numba=False to avoid this warning!)

 2026-05-05 16:03:17
Load flow sukses. Voltage snapshot (pu): [1.0375505  1.05139419 1.03900774 1.03462575 1.03481176]
Bus 1: breaker CLOSE (line 0) | I_line=0.3876 kA, I_close=0.9539 kA
Bus 2: breaker CLOSE (line 2) | I_line=0.4335 kA, I_close=0.7949 kA
Bus 3: breaker CLOSE (line 4) | I_line=0.0847 kA, I_close=0.7949 kA
Bus 4: breaker CLOSE (line 10) | I_line=0.4166 kA, I_close=1.4308 kA
Bus 5: breaker CLOSE (line 9) | I_line=0.3351 kA, I_close=1.4308 kA
numba cannot be imported and numba functions are disabled.
Probably the execution is slow.
Please install numba to gain a massive speedup.
(or if you prefer slow execution, set the flag numba=False to avoid this warning!)

 2026-05-05 16:03:21
Load flow sukses. Voltage snapshot (pu): [1.03708891 1.05066907 1.03730851 1.03385603 1.03531265]
Bus 1: breaker CLOSE (line 0) | I_line=0.3799 kA, I_close=0.9539 kA
Bus 2: breaker CLOSE (line 2) | I_line=0.4466 kA, I_close=0.7949 kA
Bus 3: breaker CLOSE (line 4) | I_line=0.0547 kA, I_close=0.7949 kA
Bus 4: breaker CLOSE (line 10) | I_line=0.3982 kA, I_close=1.4308 kA
Bus 5: breaker CLOSE (line 9) | I_line=0.3063 kA, I_close=1.4308 kA
numba cannot be imported and numba functions are disabled.
Probably the execution is slow.
Please install numba to gain a massive speedup.
(or if you prefer slow execution, set the flag numba=False to avoid this warning!)

 2026-05-05 16:03:25
Load flow sukses. Voltage snapshot (pu): [1.03677946 1.0501811  1.03616627 1.03329661 1.03557893]
Bus 1: breaker CLOSE (line 0) | I_line=0.3750 kA, I_close=0.9539 kA
Bus 2: breaker CLOSE (line 2) | I_line=0.4553 kA, I_close=0.7949 kA
Bus 3: breaker CLOSE (line 4) | I_line=0.0420 kA, I_close=0.7949 kA
Bus 4: breaker CLOSE (line 10) | I_line=0.3864 kA, I_close=1.4308 kA
Bus 5: breaker CLOSE (line 9) | I_line=0.2880 kA, I_close=1.4308 kA
numba cannot be imported and numba functions are disabled.
Probably the execution is slow.
Please install numba to gain a massive speedup.
(or if you prefer slow execution, set the flag numba=False to avoid this warning!)

 2026-05-05 16:03:29
Load flow sukses. Voltage snapshot (pu): [1.03563025 1.05019745 1.03676587 1.03223983 1.03465128]
Bus 1: breaker CLOSE (line 0) | I_line=0.3966 kA, I_close=0.9539 kA
Bus 2: breaker CLOSE (line 2) | I_line=0.4349 kA, I_close=0.7949 kA
Bus 3: breaker CLOSE (line 4) | I_line=0.0633 kA, I_close=0.7949 kA
Bus 4: breaker CLOSE (line 10) | I_line=0.4040 kA, I_close=1.4308 kA
Bus 5: breaker CLOSE (line 9) | I_line=0.3125 kA, I_close=1.4308 kA
numba cannot be imported and numba functions are disabled.
Probably the execution is slow.
Please install numba to gain a massive speedup.
(or if you prefer slow execution, set the flag numba=False to avoid this warning!)

 2026-05-05 16:03:34
Load flow sukses. Voltage snapshot (pu): [1.03425682 1.0507095  1.03877296 1.03282056 1.03448726]
Bus 1: breaker CLOSE (line 0) | I_line=0.4284 kA, I_close=0.9539 kA
Bus 2: breaker CLOSE (line 2) | I_line=0.4014 kA, I_close=0.7949 kA
Bus 3: breaker CLOSE (line 4) | I_line=0.0973 kA, I_close=0.7949 kA
Bus 4: breaker CLOSE (line 10) | I_line=0.4289 kA, I_close=1.4308 kA
Bus 5: breaker CLOSE (line 9) | I_line=0.3091 kA, I_close=1.4308 kA
numba cannot be imported and numba functions are disabled.
Probably the execution is slow.
Please install numba to gain a massive speedup.
(or if you prefer slow execution, set the flag numba=False to avoid this warning!)

 2026-05-05 16:03:38
Load flow sukses. Voltage snapshot (pu): [1.0375266  1.0519617  1.0404254  1.03410495 1.03636384]
Bus 1: breaker CLOSE (line 0) | I_line=0.3895 kA, I_close=0.9539 kA
Bus 2: breaker CLOSE (line 2) | I_line=0.4264 kA, I_close=0.7949 kA
Bus 3: breaker CLOSE (line 4) | I_line=0.1437 kA, I_close=0.7949 kA
Bus 4: breaker CLOSE (line 10) | I_line=0.3456 kA, I_close=1.4308 kA
Bus 5: breaker CLOSE (line 9) | I_line=0.2587 kA, I_close=1.4308 kA
numba cannot be imported and numba functions are disabled.
Probably the execution is slow.
Please install numba to gain a massive speedup.
(or if you prefer slow execution, set the flag numba=False to avoid this warning!)

 2026-05-05 16:03:42
Load flow sukses. Voltage snapshot (pu): [1.03975024 1.05274435 1.04139033 1.03474103 1.03732408]
Bus 1: breaker CLOSE (line 0) | I_line=0.3622 kA, I_close=0.9539 kA
Bus 2: breaker CLOSE (line 2) | I_line=0.4447 kA, I_close=0.7949 kA
Bus 3: breaker CLOSE (line 4) | I_line=0.1780 kA, I_close=0.7949 kA
Bus 4: breaker CLOSE (line 10) | I_line=0.2909 kA, I_close=1.4308 kA
Bus 5: breaker CLOSE (line 9) | I_line=0.2259 kA, I_close=1.4308 kA
numba cannot be imported and numba functions are disabled.
Probably the execution is slow.
Please install numba to gain a massive speedup.
(or if you prefer slow execution, set the flag numba=False to avoid this warning!)

 2026-05-05 16:03:47
Load flow sukses. Voltage snapshot (pu): [1.03765225 1.05257247 1.04195931 1.03551635 1.03750851]
Bus 1: breaker CLOSE (line 0) | I_line=0.3966 kA, I_close=0.9539 kA
Bus 2: breaker CLOSE (line 2) | I_line=0.4155 kA, I_close=0.7949 kA
Bus 3: breaker CLOSE (line 4) | I_line=0.1654 kA, I_close=0.7949 kA
Bus 4: breaker CLOSE (line 10) | I_line=0.3067 kA, I_close=1.4308 kA
Bus 5: breaker CLOSE (line 9) | I_line=0.2596 kA, I_close=1.4308 kA
numba cannot be imported and numba functions are disabled.
Probably the execution is slow.
Please install numba to gain a massive speedup.
(or if you prefer slow execution, set the flag numba=False to avoid this warning!)

 2026-05-05 16:03:51
Load flow sukses. Voltage snapshot (pu): [1.03732019 1.05197742 1.0406293  1.0346705  1.0349709 ]
Bus 1: breaker CLOSE (line 0) | I_line=0.4003 kA, I_close=0.9539 kA
Bus 2: breaker CLOSE (line 2) | I_line=0.4168 kA, I_close=0.7949 kA
Bus 3: breaker CLOSE (line 4) | I_line=0.1309 kA, I_close=0.7949 kA
Bus 4: breaker CLOSE (line 10) | I_line=0.4053 kA, I_close=1.4308 kA
Bus 5: breaker CLOSE (line 9) | I_line=0.3244 kA, I_close=1.4308 kA
numba cannot be imported and numba functions are disabled.
Probably the execution is slow.
Please install numba to gain a massive speedup.
(or if you prefer slow execution, set the flag numba=False to avoid this warning!)

 2026-05-05 16:03:55
Load flow sukses. Voltage snapshot (pu): [1.0392016  1.05250544 1.04112412 1.03310534 1.03314791]
Bus 1: breaker CLOSE (line 0) | I_line=0.3811 kA, I_close=0.9539 kA
Bus 2: breaker CLOSE (line 2) | I_line=0.4284 kA, I_close=0.7949 kA
Bus 3: breaker CLOSE (line 4) | I_line=0.1846 kA, I_close=0.7949 kA
Bus 4: breaker CLOSE (line 10) | I_line=0.4320 kA, I_close=1.4308 kA
Bus 5: breaker CLOSE (line 9) | I_line=0.3425 kA, I_close=1.4308 kA
numba cannot be imported and numba functions are disabled.
Probably the execution is slow.
Please install numba to gain a massive speedup.
(or if you prefer slow execution, set the flag numba=False to avoid this warning!)

 2026-05-05 16:04:00
Load flow sukses. Voltage snapshot (pu): [1.04040426 1.05283056 1.04141176 1.03204697 1.03192681]
Bus 1: breaker CLOSE (line 0) | I_line=0.3687 kA, I_close=0.9539 kA
Bus 2: breaker CLOSE (line 2) | I_line=0.4360 kA, I_close=0.7949 kA
Bus 3: breaker CLOSE (line 4) | I_line=0.2199 kA, I_close=0.7949 kA
Bus 4: breaker CLOSE (line 10) | I_line=0.4495 kA, I_close=1.4308 kA
Bus 5: breaker CLOSE (line 9) | I_line=0.3544 kA, I_close=1.4308 kA
numba cannot be imported and numba functions are disabled.
Probably the execution is slow.
Please install numba to gain a massive speedup.
(or if you prefer slow execution, set the flag numba=False to avoid this warning!)

 2026-05-05 16:04:04
Load flow sukses. Voltage snapshot (pu): [1.03638491 1.05068549 1.03776326 1.02970465 1.02979266]
Bus 1: breaker CLOSE (line 0) | I_line=0.4048 kA, I_close=0.9539 kA
Bus 2: breaker CLOSE (line 2) | I_line=0.4212 kA, I_close=0.7949 kA
Bus 3: breaker CLOSE (line 4) | I_line=0.1275 kA, I_close=0.7949 kA
Bus 4: breaker CLOSE (line 10) | I_line=0.5339 kA, I_close=1.4308 kA
Bus 5: breaker CLOSE (line 9) | I_line=0.3994 kA, I_close=1.4308 kA
numba cannot be imported and numba functions are disabled.
Probably the execution is slow.
Please install numba to gain a massive speedup.
(or if you prefer slow execution, set the flag numba=False to avoid this warning!)

 2026-05-05 16:04:08
Load flow sukses. Voltage snapshot (pu): [1.03837209 1.051778   1.03963357 1.0307277  1.03095757]
Bus 1: breaker CLOSE (line 0) | I_line=0.3861 kA, I_close=0.9539 kA
Bus 2: breaker CLOSE (line 2) | I_line=0.4287 kA, I_close=0.7949 kA
Bus 3: breaker CLOSE (line 4) | I_line=0.1771 kA, I_close=0.7949 kA
Bus 4: breaker CLOSE (line 10) | I_line=0.4942 kA, I_close=1.4308 kA
Bus 5: breaker CLOSE (line 9) | I_line=0.3590 kA, I_close=1.4308 kA
numba cannot be imported and numba functions are disabled.
Probably the execution is slow.
Please install numba to gain a massive speedup.
(or if you prefer slow execution, set the flag numba=False to avoid this warning!)

 2026-05-05 16:04:13
Load flow sukses. Voltage snapshot (pu): [1.03995757 1.05259625 1.04097585 1.03229097 1.03320727]
Bus 1: breaker CLOSE (line 0) | I_line=0.3673 kA, I_close=0.9539 kA
Bus 2: breaker CLOSE (line 2) | I_line=0.4395 kA, I_close=0.7949 kA
Bus 3: breaker CLOSE (line 4) | I_line=0.2034 kA, I_close=0.7949 kA
Bus 4: breaker CLOSE (line 10) | I_line=0.4158 kA, I_close=1.4308 kA
Bus 5: breaker CLOSE (line 9) | I_line=0.3094 kA, I_close=1.4308 kA
numba cannot be imported and numba functions are disabled.
Probably the execution is slow.
Please install numba to gain a massive speedup.
(or if you prefer slow execution, set the flag numba=False to avoid this warning!)

 2026-05-05 16:04:17
Load flow sukses. Voltage snapshot (pu): [1.03927297 1.05322139 1.04292165 1.03525957 1.03542276]
Bus 1: breaker CLOSE (line 0) | I_line=0.3864 kA, I_close=0.9539 kA
Bus 2: breaker CLOSE (line 2) | I_line=0.4187 kA, I_close=0.7949 kA
Bus 3: breaker CLOSE (line 4) | I_line=0.2038 kA, I_close=0.7949 kA
Bus 4: breaker CLOSE (line 10) | I_line=0.3670 kA, I_close=1.4308 kA
Bus 5: breaker CLOSE (line 9) | I_line=0.2912 kA, I_close=1.4308 kA
numba cannot be imported and numba functions are disabled.
Probably the execution is slow.
Please install numba to gain a massive speedup.
(or if you prefer slow execution, set the flag numba=False to avoid this warning!)

 2026-05-05 16:04:21
Load flow sukses. Voltage snapshot (pu): [1.03974256 1.05263419 1.04119925 1.03363238 1.0334816 ]
Bus 1: breaker CLOSE (line 0) | I_line=0.3733 kA, I_close=0.9539 kA
Bus 2: breaker CLOSE (line 2) | I_line=0.4346 kA, I_close=0.7949 kA
Bus 3: breaker CLOSE (line 4) | I_line=0.1805 kA, I_close=0.7949 kA
Bus 4: breaker CLOSE (line 10) | I_line=0.4248 kA, I_close=1.4308 kA
Bus 5: breaker CLOSE (line 9) | I_line=0.3311 kA, I_close=1.4308 kA
numba cannot be imported and numba functions are disabled.
Probably the execution is slow.
Please install numba to gain a massive speedup.
(or if you prefer slow execution, set the flag numba=False to avoid this warning!)

 2026-05-05 16:04:25
Load flow sukses. Voltage snapshot (pu): [1.04003729 1.05223191 1.04003363 1.03249062 1.03210638]
Bus 1: breaker CLOSE (line 0) | I_line=0.3648 kA, I_close=0.9539 kA
Bus 2: breaker CLOSE (line 2) | I_line=0.4451 kA, I_close=0.7949 kA
Bus 3: breaker CLOSE (line 4) | I_line=0.1658 kA, I_close=0.7949 kA
Bus 4: breaker CLOSE (line 10) | I_line=0.4626 kA, I_close=1.4308 kA
Bus 5: breaker CLOSE (line 9) | I_line=0.3573 kA, I_close=1.4308 kA
numba cannot be imported and numba functions are disabled.
Probably the execution is slow.
Please install numba to gain a massive speedup.
(or if you prefer slow execution, set the flag numba=False to avoid this warning!)

 2026-05-05 16:04:29
Load flow sukses. Voltage snapshot (pu): [1.03799188 1.05171087 1.03964865 1.03407991 1.03348869]
Bus 1: breaker CLOSE (line 0) | I_line=0.3893 kA, I_close=0.9539 kA
Bus 2: breaker CLOSE (line 2) | I_line=0.4287 kA, I_close=0.7949 kA
Bus 3: breaker CLOSE (line 4) | I_line=0.1125 kA, I_close=0.7949 kA
Bus 4: breaker CLOSE (line 10) | I_line=0.4509 kA, I_close=1.4308 kA
Bus 5: breaker CLOSE (line 9) | I_line=0.3625 kA, I_close=1.4308 kA
numba cannot be imported and numba functions are disabled.
Probably the execution is slow.
Please install numba to gain a massive speedup.
(or if you prefer slow execution, set the flag numba=False to avoid this warning!)

 2026-05-05 16:04:34
Load flow sukses. Voltage snapshot (pu): [1.03918163 1.05222237 1.04040657 1.03490367 1.03420647]
Bus 1: breaker CLOSE (line 0) | I_line=0.3762 kA, I_close=0.9539 kA
Bus 2: breaker CLOSE (line 2) | I_line=0.4366 kA, I_close=0.7949 kA
Bus 3: breaker CLOSE (line 4) | I_line=0.1275 kA, I_close=0.7949 kA
Bus 4: breaker CLOSE (line 10) | I_line=0.4231 kA, I_close=1.4308 kA
Bus 5: breaker CLOSE (line 9) | I_line=0.3449 kA, I_close=1.4308 kA
numba cannot be imported and numba functions are disabled.
Probably the execution is slow.
Please install numba to gain a massive speedup.
(or if you prefer slow execution, set the flag numba=False to avoid this warning!)

 2026-05-05 16:04:38
Load flow sukses. Voltage snapshot (pu): [1.03806954 1.05193851 1.04018784 1.03526794 1.03470754]
Bus 1: breaker CLOSE (line 0) | I_line=0.3889 kA, I_close=0.9539 kA
Bus 2: breaker CLOSE (line 2) | I_line=0.4278 kA, I_close=0.7949 kA
Bus 3: breaker CLOSE (line 4) | I_line=0.1085 kA, I_close=0.7949 kA
Bus 4: breaker CLOSE (line 10) | I_line=0.4220 kA, I_close=1.4308 kA
Bus 5: breaker CLOSE (line 9) | I_line=0.3363 kA, I_close=1.4308 kA
numba cannot be imported and numba functions are disabled.
Probably the execution is slow.
Please install numba to gain a massive speedup.
(or if you prefer slow execution, set the flag numba=False to avoid this warning!)

 2026-05-05 16:04:42
Load flow sukses. Voltage snapshot (pu): [1.03962074 1.05176217 1.03898086 1.03559374 1.03541471]
Bus 1: breaker CLOSE (line 0) | I_line=0.3572 kA, I_close=0.9539 kA
Bus 2: breaker CLOSE (line 2) | I_line=0.4583 kA, I_close=0.7949 kA
Bus 3: breaker CLOSE (line 4) | I_line=0.0780 kA, I_close=0.7949 kA
Bus 4: breaker CLOSE (line 10) | I_line=0.3957 kA, I_close=1.4308 kA
Bus 5: breaker CLOSE (line 9) | I_line=0.3084 kA, I_close=1.4308 kA
numba cannot be imported and numba functions are disabled.
Probably the execution is slow.
Please install numba to gain a massive speedup.
(or if you prefer slow execution, set the flag numba=False to avoid this warning!)

 2026-05-05 16:04:46
Load flow sukses. Voltage snapshot (pu): [1.03780838 1.05234905 1.04134893 1.03778254 1.03719298]
Bus 1: breaker CLOSE (line 0) | I_line=0.3943 kA, I_close=0.9539 kA
Bus 2: breaker CLOSE (line 2) | I_line=0.4208 kA, I_close=0.7949 kA
Bus 3: breaker CLOSE (line 4) | I_line=0.0981 kA, I_close=0.7949 kA
Bus 4: breaker CLOSE (line 10) | I_line=0.3594 kA, I_close=1.4308 kA
Bus 5: breaker CLOSE (line 9) | I_line=0.2836 kA, I_close=1.4308 kA
numba cannot be imported and numba functions are disabled.
Probably the execution is slow.
Please install numba to gain a massive speedup.
(or if you prefer slow execution, set the flag numba=False to avoid this warning!)

 2026-05-05 16:04:50
Load flow sukses. Voltage snapshot (pu): [1.03711868 1.05193906 1.04060457 1.03786252 1.03785144]
Bus 1: breaker CLOSE (line 0) | I_line=0.3979 kA, I_close=0.9539 kA
Bus 2: breaker CLOSE (line 2) | I_line=0.4213 kA, I_close=0.7949 kA
Bus 3: breaker CLOSE (line 4) | I_line=0.0720 kA, I_close=0.7949 kA
Bus 4: breaker CLOSE (line 10) | I_line=0.3424 kA, I_close=1.4308 kA
Bus 5: breaker CLOSE (line 9) | I_line=0.2883 kA, I_close=1.4308 kA
numba cannot be imported and numba functions are disabled.
Probably the execution is slow.
Please install numba to gain a massive speedup.
(or if you prefer slow execution, set the flag numba=False to avoid this warning!)

 2026-05-05 16:04:54
Load flow sukses. Voltage snapshot (pu): [1.03758426 1.05113654 1.0383309  1.03598859 1.03537818]
Bus 1: breaker CLOSE (line 0) | I_line=0.3829 kA, I_close=0.9539 kA
Bus 2: breaker CLOSE (line 2) | I_line=0.4409 kA, I_close=0.7949 kA
Bus 3: breaker CLOSE (line 4) | I_line=0.0431 kA, I_close=0.7949 kA
Bus 4: breaker CLOSE (line 10) | I_line=0.4213 kA, I_close=1.4308 kA
Bus 5: breaker CLOSE (line 9) | I_line=0.3350 kA, I_close=1.4308 kA
numba cannot be imported and numba functions are disabled.
Probably the execution is slow.
Please install numba to gain a massive speedup.
(or if you prefer slow execution, set the flag numba=False to avoid this warning!)

 2026-05-05 16:04:58
Load flow sukses. Voltage snapshot (pu): [1.03461349 1.04984147 1.03636653 1.03422906 1.03476958]
Bus 1: breaker CLOSE (line 0) | I_line=0.4110 kA, I_close=0.9539 kA
Bus 2: breaker CLOSE (line 2) | I_line=0.4263 kA, I_close=0.7949 kA
Bus 3: breaker CLOSE (line 4) | I_line=0.0438 kA, I_close=0.7949 kA
Bus 4: breaker CLOSE (line 10) | I_line=0.4451 kA, I_close=1.4308 kA
Bus 5: breaker CLOSE (line 9) | I_line=0.3418 kA, I_close=1.4308 kA
numba cannot be imported and numba functions are disabled.
Probably the execution is slow.
Please install numba to gain a massive speedup.
(or if you prefer slow execution, set the flag numba=False to avoid this warning!)

 2026-05-05 16:05:03
Load flow sukses. Voltage snapshot (pu): [1.03263094 1.04894326 1.03497626 1.03288738 1.03413906]
Bus 1: breaker CLOSE (line 0) | I_line=0.4292 kA, I_close=0.9539 kA
Bus 2: breaker CLOSE (line 2) | I_line=0.4173 kA, I_close=0.7949 kA
Bus 3: breaker CLOSE (line 4) | I_line=0.0656 kA, I_close=0.7949 kA
Bus 4: breaker CLOSE (line 10) | I_line=0.4608 kA, I_close=1.4308 kA
Bus 5: breaker CLOSE (line 9) | I_line=0.3464 kA, I_close=1.4308 kA
numba cannot be imported and numba functions are disabled.
Probably the execution is slow.
Please install numba to gain a massive speedup.
(or if you prefer slow execution, set the flag numba=False to avoid this warning!)

 2026-05-05 16:05:07
Load flow sukses. Voltage snapshot (pu): [1.03317146 1.05009897 1.03771802 1.0340489  1.03525128]
Bus 1: breaker CLOSE (line 0) | I_line=0.4365 kA, I_close=0.9539 kA
Bus 2: breaker CLOSE (line 2) | I_line=0.4005 kA, I_close=0.7949 kA
Bus 3: breaker CLOSE (line 4) | I_line=0.0493 kA, I_close=0.7949 kA
Bus 4: breaker CLOSE (line 10) | I_line=0.4297 kA, I_close=1.4308 kA
Bus 5: breaker CLOSE (line 9) | I_line=0.3216 kA, I_close=1.4308 kA
numba cannot be imported and numba functions are disabled.
Probably the execution is slow.
Please install numba to gain a massive speedup.
(or if you prefer slow execution, set the flag numba=False to avoid this warning!)

 2026-05-05 16:05:11
Load flow sukses. Voltage snapshot (pu): [1.0363066  1.05157378 1.04004007 1.03601673 1.03633804]
Bus 1: breaker CLOSE (line 0) | I_line=0.4068 kA, I_close=0.9539 kA
Bus 2: breaker CLOSE (line 2) | I_line=0.4152 kA, I_close=0.7949 kA
Bus 3: breaker CLOSE (line 4) | I_line=0.0847 kA, I_close=0.7949 kA
Bus 4: breaker CLOSE (line 10) | I_line=0.3911 kA, I_close=1.4308 kA
Bus 5: breaker CLOSE (line 9) | I_line=0.2898 kA, I_close=1.4308 kA
numba cannot be imported and numba functions are disabled.
Probably the execution is slow.
Please install numba to gain a massive speedup.
(or if you prefer slow execution, set the flag numba=False to avoid this warning!)

 2026-05-05 16:05:15
Load flow sukses. Voltage snapshot (pu): [1.03658013 1.05168858 1.04023069 1.03394109 1.0342584 ]
Bus 1: breaker CLOSE (line 0) | I_line=0.4084 kA, I_close=0.9539 kA
Bus 2: breaker CLOSE (line 2) | I_line=0.4114 kA, I_close=0.7949 kA
Bus 3: breaker CLOSE (line 4) | I_line=0.1279 kA, I_close=0.7949 kA
Bus 4: breaker CLOSE (line 10) | I_line=0.4340 kA, I_close=1.4308 kA
Bus 5: breaker CLOSE (line 9) | I_line=0.3218 kA, I_close=1.4308 kA
numba cannot be imported and numba functions are disabled.
Probably the execution is slow.
Please install numba to gain a massive speedup.
(or if you prefer slow execution, set the flag numba=False to avoid this warning!)

 2026-05-05 16:05:19
Load flow sukses. Voltage snapshot (pu): [1.03972183 1.05146334 1.03815307 1.03161142 1.03255419]
Bus 1: breaker CLOSE (line 0) | I_line=0.3534 kA, I_close=0.9539 kA
Bus 2: breaker CLOSE (line 2) | I_line=0.4618 kA, I_close=0.7949 kA
Bus 3: breaker CLOSE (line 4) | I_line=0.1280 kA, I_close=0.7949 kA
Bus 4: breaker CLOSE (line 10) | I_line=0.4482 kA, I_close=1.4308 kA
Bus 5: breaker CLOSE (line 9) | I_line=0.3202 kA, I_close=1.4308 kA
numba cannot be imported and numba functions are disabled.
Probably the execution is slow.
Please install numba to gain a massive speedup.
(or if you prefer slow execution, set the flag numba=False to avoid this warning!)

 2026-05-05 16:05:23
Load flow sukses. Voltage snapshot (pu): [1.04195033 1.05176256 1.03786331 1.03237007 1.03477948]
Bus 1: breaker CLOSE (line 0) | I_line=0.3132 kA, I_close=0.9539 kA
Bus 2: breaker CLOSE (line 2) | I_line=0.4960 kA, I_close=0.7949 kA
Bus 3: breaker CLOSE (line 4) | I_line=0.1259 kA, I_close=0.7949 kA
Bus 4: breaker CLOSE (line 10) | I_line=0.3587 kA, I_close=1.4308 kA
Bus 5: breaker CLOSE (line 9) | I_line=0.2543 kA, I_close=1.4308 kA
numba cannot be imported and numba functions are disabled.
Probably the execution is slow.
Please install numba to gain a massive speedup.
(or if you prefer slow execution, set the flag numba=False to avoid this warning!)

 2026-05-05 16:05:28
Load flow sukses. Voltage snapshot (pu): [1.0424629  1.05308692 1.04103345 1.03465586 1.03673356]
Bus 1: breaker CLOSE (line 0) | I_line=0.3229 kA, I_close=0.9539 kA
Bus 2: breaker CLOSE (line 2) | I_line=0.4771 kA, I_close=0.7949 kA
Bus 3: breaker CLOSE (line 4) | I_line=0.1854 kA, I_close=0.7949 kA
Bus 4: breaker CLOSE (line 10) | I_line=0.2904 kA, I_close=1.4308 kA
Bus 5: breaker CLOSE (line 9) | I_line=0.2183 kA, I_close=1.4308 kA
numba cannot be imported and numba functions are disabled.
Probably the execution is slow.
Please install numba to gain a massive speedup.
(or if you prefer slow execution, set the flag numba=False to avoid this warning!)

 2026-05-05 16:05:32
Load flow sukses. Voltage snapshot (pu): [1.04356342 1.05302924 1.04039523 1.03434319 1.03622247]
Bus 1: breaker CLOSE (line 0) | I_line=0.3042 kA, I_close=0.9539 kA
Bus 2: breaker CLOSE (line 2) | I_line=0.4942 kA, I_close=0.7949 kA
Bus 3: breaker CLOSE (line 4) | I_line=0.1782 kA, I_close=0.7949 kA
Bus 4: breaker CLOSE (line 10) | I_line=0.2998 kA, I_close=1.4308 kA
Bus 5: breaker CLOSE (line 9) | I_line=0.2234 kA, I_close=1.4308 kA
numba cannot be imported and numba functions are disabled.
Probably the execution is slow.
Please install numba to gain a massive speedup.
(or if you prefer slow execution, set the flag numba=False to avoid this warning!)

 2026-05-05 16:05:36
Load flow sukses. Voltage snapshot (pu): [1.04270691 1.05301621 1.0407432  1.03456322 1.03676017]
Bus 1: breaker CLOSE (line 0) | I_line=0.3178 kA, I_close=0.9539 kA
Bus 2: breaker CLOSE (line 2) | I_line=0.4823 kA, I_close=0.7949 kA
Bus 3: breaker CLOSE (line 4) | I_line=0.1799 kA, I_close=0.7949 kA
Bus 4: breaker CLOSE (line 10) | I_line=0.2856 kA, I_close=1.4308 kA
Bus 5: breaker CLOSE (line 9) | I_line=0.2251 kA, I_close=1.4308 kA
numba cannot be imported and numba functions are disabled.
Probably the execution is slow.
Please install numba to gain a massive speedup.
(or if you prefer slow execution, set the flag numba=False to avoid this warning!)

 2026-05-05 16:05:40
Load flow sukses. Voltage snapshot (pu): [1.04193507 1.05241788 1.03953371 1.03470751 1.03761668]
Bus 1: breaker CLOSE (line 0) | I_line=0.3181 kA, I_close=0.9539 kA
Bus 2: breaker CLOSE (line 2) | I_line=0.4875 kA, I_close=0.7949 kA
Bus 3: breaker CLOSE (line 4) | I_line=0.1373 kA, I_close=0.7949 kA
Bus 4: breaker CLOSE (line 10) | I_line=0.2701 kA, I_close=1.4308 kA
Bus 5: breaker CLOSE (line 9) | I_line=0.2086 kA, I_close=1.4308 kA
numba cannot be imported and numba functions are disabled.
Probably the execution is slow.
Please install numba to gain a massive speedup.
(or if you prefer slow execution, set the flag numba=False to avoid this warning!)

 2026-05-05 16:05:44
Load flow sukses. Voltage snapshot (pu): [1.03971781 1.0524525  1.04064844 1.03483141 1.03727595]
Bus 1: breaker CLOSE (line 0) | I_line=0.3577 kA, I_close=0.9539 kA
Bus 2: breaker CLOSE (line 2) | I_line=0.4513 kA, I_close=0.7949 kA
Bus 3: breaker CLOSE (line 4) | I_line=0.1528 kA, I_close=0.7949 kA
Bus 4: breaker CLOSE (line 10) | I_line=0.3018 kA, I_close=1.4308 kA
Bus 5: breaker CLOSE (line 9) | I_line=0.2229 kA, I_close=1.4308 kA
numba cannot be imported and numba functions are disabled.
Probably the execution is slow.
Please install numba to gain a massive speedup.
(or if you prefer slow execution, set the flag numba=False to avoid this warning!)

 2026-05-05 16:05:48
Load flow sukses. Voltage snapshot (pu): [1.03824185 1.05245304 1.04135042 1.03489245 1.03703453]
Bus 1: breaker CLOSE (line 0) | I_line=0.3836 kA, I_close=0.9539 kA
Bus 2: breaker CLOSE (line 2) | I_line=0.4279 kA, I_close=0.7949 kA
Bus 3: breaker CLOSE (line 4) | I_line=0.1628 kA, I_close=0.7949 kA
Bus 4: breaker CLOSE (line 10) | I_line=0.3225 kA, I_close=1.4308 kA
Bus 5: breaker CLOSE (line 9) | I_line=0.2322 kA, I_close=1.4308 kA
numba cannot be imported and numba functions are disabled.
Probably the execution is slow.
Please install numba to gain a massive speedup.
(or if you prefer slow execution, set the flag numba=False to avoid this warning!)

 2026-05-05 16:05:52
Load flow sukses. Voltage snapshot (pu): [1.03563703 1.05255548 1.04287209 1.03603108 1.0379314 ]
Bus 1: breaker CLOSE (line 0) | I_line=0.4278 kA, I_close=0.9539 kA
Bus 2: breaker CLOSE (line 2) | I_line=0.3874 kA, I_close=0.7949 kA
Bus 3: breaker CLOSE (line 4) | I_line=0.1729 kA, I_close=0.7949 kA
Bus 4: breaker CLOSE (line 10) | I_line=0.3162 kA, I_close=1.4308 kA
Bus 5: breaker CLOSE (line 9) | I_line=0.2333 kA, I_close=1.4308 kA
numba cannot be imported and numba functions are disabled.
Probably the execution is slow.
Please install numba to gain a massive speedup.
(or if you prefer slow execution, set the flag numba=False to avoid this warning!)

 2026-05-05 16:05:57
Load flow sukses. Voltage snapshot (pu): [1.03551331 1.05144209 1.04005594 1.03401754 1.03556604]
Bus 1: breaker CLOSE (line 0) | I_line=0.4167 kA, I_close=0.9539 kA
Bus 2: breaker CLOSE (line 2) | I_line=0.4061 kA, I_close=0.7949 kA
Bus 3: breaker CLOSE (line 4) | I_line=0.1201 kA, I_close=0.7949 kA
Bus 4: breaker CLOSE (line 10) | I_line=0.3976 kA, I_close=1.4308 kA
Bus 5: breaker CLOSE (line 9) | I_line=0.2755 kA, I_close=1.4308 kA
numba cannot be imported and numba functions are disabled.
Probably the execution is slow.
Please install numba to gain a massive speedup.
(or if you prefer slow execution, set the flag numba=False to avoid this warning!)

 2026-05-05 16:06:01
Load flow sukses. Voltage snapshot (pu): [1.03696326 1.05145671 1.03944217 1.03182537 1.03255366]
Bus 1: breaker CLOSE (line 0) | I_line=0.4001 kA, I_close=0.9539 kA
Bus 2: breaker CLOSE (line 2) | I_line=0.4196 kA, I_close=0.7949 kA
Bus 3: breaker CLOSE (line 4) | I_line=0.1455 kA, I_close=0.7949 kA
Bus 4: breaker CLOSE (line 10) | I_line=0.4675 kA, I_close=1.4308 kA
Bus 5: breaker CLOSE (line 9) | I_line=0.3269 kA, I_close=1.4308 kA
numba cannot be imported and numba functions are disabled.
Probably the execution is slow.
Please install numba to gain a massive speedup.
(or if you prefer slow execution, set the flag numba=False to avoid this warning!)

 2026-05-05 16:06:05
Load flow sukses. Voltage snapshot (pu): [1.03743563 1.05056635 1.0368946  1.03063272 1.03208814]
Bus 1: breaker CLOSE (line 0) | I_line=0.3776 kA, I_close=0.9539 kA
Bus 2: breaker CLOSE (line 2) | I_line=0.4476 kA, I_close=0.7949 kA
Bus 3: breaker CLOSE (line 4) | I_line=0.0977 kA, I_close=0.7949 kA
Bus 4: breaker CLOSE (line 10) | I_line=0.4682 kA, I_close=1.4308 kA
Bus 5: breaker CLOSE (line 9) | I_line=0.3318 kA, I_close=1.4308 kA
numba cannot be imported and numba functions are disabled.
Probably the execution is slow.
Please install numba to gain a massive speedup.
(or if you prefer slow execution, set the flag numba=False to avoid this warning!)

 2026-05-05 16:06:09
Load flow sukses. Voltage snapshot (pu): [1.03772477 1.04995793 1.03517685 1.02977388 1.03170009]
Bus 1: breaker CLOSE (line 0) | I_line=0.3629 kA, I_close=0.9539 kA
Bus 2: breaker CLOSE (line 2) | I_line=0.4661 kA, I_close=0.7949 kA
Bus 3: breaker CLOSE (line 4) | I_line=0.0712 kA, I_close=0.7949 kA
Bus 4: breaker CLOSE (line 10) | I_line=0.4688 kA, I_close=1.4308 kA
Bus 5: breaker CLOSE (line 9) | I_line=0.3350 kA, I_close=1.4308 kA
numba cannot be imported and numba functions are disabled.
Probably the execution is slow.
Please install numba to gain a massive speedup.
(or if you prefer slow execution, set the flag numba=False to avoid this warning!)

 2026-05-05 16:06:13
Load flow sukses. Voltage snapshot (pu): [1.03600154 1.05120483 1.03922785 1.03376464 1.03475725]
Bus 1: breaker CLOSE (line 0) | I_line=0.4079 kA, I_close=0.9539 kA
Bus 2: breaker CLOSE (line 2) | I_line=0.4162 kA, I_close=0.7949 kA
Bus 3: breaker CLOSE (line 4) | I_line=0.1007 kA, I_close=0.7949 kA
Bus 4: breaker CLOSE (line 10) | I_line=0.4221 kA, I_close=1.4308 kA
Bus 5: breaker CLOSE (line 9) | I_line=0.3061 kA, I_close=1.4308 kA
numba cannot be imported and numba functions are disabled.
Probably the execution is slow.
Please install numba to gain a massive speedup.
(or if you prefer slow execution, set the flag numba=False to avoid this warning!)

 2026-05-05 16:06:17
Load flow sukses. Voltage snapshot (pu): [1.03836461 1.05100693 1.03759065 1.03217171 1.03376266]
Bus 1: breaker CLOSE (line 0) | I_line=0.3663 kA, I_close=0.9539 kA
Bus 2: breaker CLOSE (line 2) | I_line=0.4548 kA, I_close=0.7949 kA
Bus 3: breaker CLOSE (line 4) | I_line=0.0960 kA, I_close=0.7949 kA
Bus 4: breaker CLOSE (line 10) | I_line=0.4196 kA, I_close=1.4308 kA
Bus 5: breaker CLOSE (line 9) | I_line=0.3144 kA, I_close=1.4308 kA
numba cannot be imported and numba functions are disabled.
Probably the execution is slow.
Please install numba to gain a massive speedup.
(or if you prefer slow execution, set the flag numba=False to avoid this warning!)

 2026-05-05 16:06:21
Load flow sukses. Voltage snapshot (pu): [1.03679821 1.0504165  1.03679121 1.03188659 1.03357616]
Bus 1: breaker CLOSE (line 0) | I_line=0.3827 kA, I_close=0.9539 kA
Bus 2: breaker CLOSE (line 2) | I_line=0.4451 kA, I_close=0.7949 kA
Bus 3: breaker CLOSE (line 4) | I_line=0.0724 kA, I_close=0.7949 kA
Bus 4: breaker CLOSE (line 10) | I_line=0.4390 kA, I_close=1.4308 kA
Bus 5: breaker CLOSE (line 9) | I_line=0.3126 kA, I_close=1.4308 kA
numba cannot be imported and numba functions are disabled.
Probably the execution is slow.
Please install numba to gain a massive speedup.
(or if you prefer slow execution, set the flag numba=False to avoid this warning!)

 2026-05-05 16:06:26
Load flow sukses. Voltage snapshot (pu): [1.03846295 1.05142043 1.03859823 1.03405087 1.03556602]
Bus 1: breaker CLOSE (line 0) | I_line=0.3675 kA, I_close=0.9539 kA
Bus 2: breaker CLOSE (line 2) | I_line=0.4511 kA, I_close=0.7949 kA
Bus 3: breaker CLOSE (line 4) | I_line=0.0930 kA, I_close=0.7949 kA
Bus 4: breaker CLOSE (line 10) | I_line=0.3796 kA, I_close=1.4308 kA
Bus 5: breaker CLOSE (line 9) | I_line=0.2786 kA, I_close=1.4308 kA
numba cannot be imported and numba functions are disabled.
Probably the execution is slow.
Please install numba to gain a massive speedup.
(or if you prefer slow execution, set the flag numba=False to avoid this warning!)

 2026-05-05 16:06:30
Load flow sukses. Voltage snapshot (pu): [1.0395223  1.05203573 1.03969032 1.03530127 1.0366552 ]
Bus 1: breaker CLOSE (line 0) | I_line=0.3577 kA, I_close=0.9539 kA
Bus 2: breaker CLOSE (line 2) | I_line=0.4553 kA, I_close=0.7949 kA
Bus 3: breaker CLOSE (line 4) | I_line=0.1095 kA, I_close=0.7949 kA
Bus 4: breaker CLOSE (line 10) | I_line=0.3413 kA, I_close=1.4308 kA
Bus 5: breaker CLOSE (line 9) | I_line=0.2571 kA, I_close=1.4308 kA
numba cannot be imported and numba functions are disabled.
Probably the execution is slow.
Please install numba to gain a massive speedup.
(or if you prefer slow execution, set the flag numba=False to avoid this warning!)

 2026-05-05 16:06:34
Load flow sukses. Voltage snapshot (pu): [1.04127795 1.05294625 1.04124179 1.03510019 1.03620775]
Bus 1: breaker CLOSE (line 0) | I_line=0.3444 kA, I_close=0.9539 kA
Bus 2: breaker CLOSE (line 2) | I_line=0.4592 kA, I_close=0.7949 kA
Bus 3: breaker CLOSE (line 4) | I_line=0.1712 kA, I_close=0.7949 kA
Bus 4: breaker CLOSE (line 10) | I_line=0.3264 kA, I_close=1.4308 kA
Bus 5: breaker CLOSE (line 9) | I_line=0.2603 kA, I_close=1.4308 kA
numba cannot be imported and numba functions are disabled.
Probably the execution is slow.
Please install numba to gain a massive speedup.
(or if you prefer slow execution, set the flag numba=False to avoid this warning!)

 2026-05-05 16:06:38
Load flow sukses. Voltage snapshot (pu): [1.04028937 1.05359953 1.04338597 1.03756543 1.03820622]
Bus 1: breaker CLOSE (line 0) | I_line=0.3687 kA, I_close=0.9539 kA
Bus 2: breaker CLOSE (line 2) | I_line=0.4331 kA, I_close=0.7949 kA
Bus 3: breaker CLOSE (line 4) | I_line=0.1863 kA, I_close=0.7949 kA
Bus 4: breaker CLOSE (line 10) | I_line=0.2704 kA, I_close=1.4308 kA
Bus 5: breaker CLOSE (line 9) | I_line=0.2353 kA, I_close=1.4308 kA
numba cannot be imported and numba functions are disabled.
Probably the execution is slow.
Please install numba to gain a massive speedup.
(or if you prefer slow execution, set the flag numba=False to avoid this warning!)

 2026-05-05 16:06:43
Load flow sukses. Voltage snapshot (pu): [1.03927923 1.05352372 1.04368502 1.03708452 1.03727143]
Bus 1: breaker CLOSE (line 0) | I_line=0.3873 kA, I_close=0.9539 kA
Bus 2: breaker CLOSE (line 2) | I_line=0.4165 kA, I_close=0.7949 kA
Bus 3: breaker CLOSE (line 4) | I_line=0.1957 kA, I_close=0.7949 kA
Bus 4: breaker CLOSE (line 10) | I_line=0.3117 kA, I_close=1.4308 kA
Bus 5: breaker CLOSE (line 9) | I_line=0.2586 kA, I_close=1.4308 kA
numba cannot be imported and numba functions are disabled.
Probably the execution is slow.
Please install numba to gain a massive speedup.
(or if you prefer slow execution, set the flag numba=False to avoid this warning!)

 2026-05-05 16:06:47
Load flow sukses. Voltage snapshot (pu): [1.04145683 1.05357006 1.04277727 1.03665182 1.03678707]
Bus 1: breaker CLOSE (line 0) | I_line=0.3512 kA, I_close=0.9539 kA
Bus 2: breaker CLOSE (line 2) | I_line=0.4485 kA, I_close=0.7949 kA
Bus 3: breaker CLOSE (line 4) | I_line=0.1897 kA, I_close=0.7949 kA
Bus 4: breaker CLOSE (line 10) | I_line=0.3116 kA, I_close=1.4308 kA
Bus 5: breaker CLOSE (line 9) | I_line=0.2443 kA, I_close=1.4308 kA
numba cannot be imported and numba functions are disabled.
Probably the execution is slow.
Please install numba to gain a massive speedup.
(or if you prefer slow execution, set the flag numba=False to avoid this warning!)

 2026-05-05 16:06:52
Load flow sukses. Voltage snapshot (pu): [1.04154237 1.05387818 1.04353219 1.03675131 1.0370336 ]
Bus 1: breaker CLOSE (line 0) | I_line=0.3544 kA, I_close=0.9539 kA
Bus 2: breaker CLOSE (line 2) | I_line=0.4431 kA, I_close=0.7949 kA
Bus 3: breaker CLOSE (line 4) | I_line=0.2130 kA, I_close=0.7949 kA
Bus 4: breaker CLOSE (line 10) | I_line=0.2934 kA, I_close=1.4308 kA
Bus 5: breaker CLOSE (line 9) | I_line=0.2397 kA, I_close=1.4308 kA
numba cannot be imported and numba functions are disabled.
Probably the execution is slow.
Please install numba to gain a massive speedup.
(or if you prefer slow execution, set the flag numba=False to avoid this warning!)

 2026-05-05 16:06:56
Load flow sukses. Voltage snapshot (pu): [1.03821876 1.0529253  1.04264089 1.03571454 1.03595882]
Bus 1: breaker CLOSE (line 0) | I_line=0.3973 kA, I_close=0.9539 kA
Bus 2: breaker CLOSE (line 2) | I_line=0.4116 kA, I_close=0.7949 kA
Bus 3: breaker CLOSE (line 4) | I_line=0.1808 kA, I_close=0.7949 kA
Bus 4: breaker CLOSE (line 10) | I_line=0.3682 kA, I_close=1.4308 kA
Bus 5: breaker CLOSE (line 9) | I_line=0.2738 kA, I_close=1.4308 kA
numba cannot be imported and numba functions are disabled.
Probably the execution is slow.
Please install numba to gain a massive speedup.
(or if you prefer slow execution, set the flag numba=False to avoid this warning!)

 2026-05-05 16:07:01
Load flow sukses. Voltage snapshot (pu): [1.03599296 1.05224798 1.04196315 1.03487343 1.03504208]
Bus 1: breaker CLOSE (line 0) | I_line=0.4254 kA, I_close=0.9539 kA
Bus 2: breaker CLOSE (line 2) | I_line=0.3914 kA, I_close=0.7949 kA
Bus 3: breaker CLOSE (line 4) | I_line=0.1607 kA, I_close=0.7949 kA
Bus 4: breaker CLOSE (line 10) | I_line=0.4172 kA, I_close=1.4308 kA
Bus 5: breaker CLOSE (line 9) | I_line=0.2965 kA, I_close=1.4308 kA
numba cannot be imported and numba functions are disabled.
Probably the execution is slow.
Please install numba to gain a massive speedup.
(or if you prefer slow execution, set the flag numba=False to avoid this warning!)

 2026-05-05 16:07:05
Load flow sukses. Voltage snapshot (pu): [1.03884309 1.05325531 1.04322022 1.03559465 1.03533589]
Bus 1: breaker CLOSE (line 0) | I_line=0.3946 kA, I_close=0.9539 kA
Bus 2: breaker CLOSE (line 2) | I_line=0.4110 kA, I_close=0.7949 kA
Bus 3: breaker CLOSE (line 4) | I_line=0.2031 kA, I_close=0.7949 kA
Bus 4: breaker CLOSE (line 10) | I_line=0.3789 kA, I_close=1.4308 kA
Bus 5: breaker CLOSE (line 9) | I_line=0.2913 kA, I_close=1.4308 kA
numba cannot be imported and numba functions are disabled.
Probably the execution is slow.
Please install numba to gain a massive speedup.
(or if you prefer slow execution, set the flag numba=False to avoid this warning!)

 2026-05-05 16:07:09
Load flow sukses. Voltage snapshot (pu): [1.03853657 1.0518002  1.03959027 1.03323609 1.03342727]
Bus 1: breaker CLOSE (line 0) | I_line=0.3787 kA, I_close=0.9539 kA
Bus 2: breaker CLOSE (line 2) | I_line=0.4369 kA, I_close=0.7949 kA
Bus 3: breaker CLOSE (line 4) | I_line=0.1324 kA, I_close=0.7949 kA
Bus 4: breaker CLOSE (line 10) | I_line=0.4446 kA, I_close=1.4308 kA
Bus 5: breaker CLOSE (line 9) | I_line=0.3212 kA, I_close=1.4308 kA
numba cannot be imported and numba functions are disabled.
Probably the execution is slow.
Please install numba to gain a massive speedup.
(or if you prefer slow execution, set the flag numba=False to avoid this warning!)

 2026-05-05 16:07:14
Load flow sukses. Voltage snapshot (pu): [1.03614321 1.05223124 1.04185301 1.03550453 1.03537936]
Bus 1: breaker CLOSE (line 0) | I_line=0.4228 kA, I_close=0.9539 kA
Bus 2: breaker CLOSE (line 2) | I_line=0.3944 kA, I_close=0.7949 kA
Bus 3: breaker CLOSE (line 4) | I_line=0.1457 kA, I_close=0.7949 kA
Bus 4: breaker CLOSE (line 10) | I_line=0.4115 kA, I_close=1.4308 kA
Bus 5: breaker CLOSE (line 9) | I_line=0.3030 kA, I_close=1.4308 kA
numba cannot be imported and numba functions are disabled.
Probably the execution is slow.
Please install numba to gain a massive speedup.
(or if you prefer slow execution, set the flag numba=False to avoid this warning!)

 2026-05-05 16:07:18
Load flow sukses. Voltage snapshot (pu): [1.03570228 1.05217033 1.0418984  1.03700403 1.03676772]
Bus 1: breaker CLOSE (line 0) | I_line=0.4268 kA, I_close=0.9539 kA
Bus 2: breaker CLOSE (line 2) | I_line=0.3923 kA, I_close=0.7949 kA
Bus 3: breaker CLOSE (line 4) | I_line=0.1175 kA, I_close=0.7949 kA
Bus 4: breaker CLOSE (line 10) | I_line=0.3821 kA, I_close=1.4308 kA
Bus 5: breaker CLOSE (line 9) | I_line=0.2894 kA, I_close=1.4308 kA
numba cannot be imported and numba functions are disabled.
Probably the execution is slow.
Please install numba to gain a massive speedup.
(or if you prefer slow execution, set the flag numba=False to avoid this warning!)

 2026-05-05 16:07:22
Load flow sukses. Voltage snapshot (pu): [1.03363746 1.05107156 1.04003052 1.03478422 1.03587214]
Bus 1: breaker CLOSE (line 0) | I_line=0.4436 kA, I_close=0.9539 kA
Bus 2: breaker CLOSE (line 2) | I_line=0.3855 kA, I_close=0.7949 kA
Bus 3: breaker CLOSE (line 4) | I_line=0.0941 kA, I_close=0.7949 kA
Bus 4: breaker CLOSE (line 10) | I_line=0.4050 kA, I_close=1.4308 kA
Bus 5: breaker CLOSE (line 9) | I_line=0.3103 kA, I_close=1.4308 kA
numba cannot be imported and numba functions are disabled.
Probably the execution is slow.
Please install numba to gain a massive speedup.
(or if you prefer slow execution, set the flag numba=False to avoid this warning!)

 2026-05-05 16:07:27
Load flow sukses. Voltage snapshot (pu): [1.03226139 1.05030507 1.03870071 1.03311748 1.0350135 ]
Bus 1: breaker CLOSE (line 0) | I_line=0.4546 kA, I_close=0.9539 kA
Bus 2: breaker CLOSE (line 2) | I_line=0.3816 kA, I_close=0.7949 kA
Bus 3: breaker CLOSE (line 4) | I_line=0.0819 kA, I_close=0.7949 kA
Bus 4: breaker CLOSE (line 10) | I_line=0.4201 kA, I_close=1.4308 kA
Bus 5: breaker CLOSE (line 9) | I_line=0.3241 kA, I_close=1.4308 kA
numba cannot be imported and numba functions are disabled.
Probably the execution is slow.
Please install numba to gain a massive speedup.
(or if you prefer slow execution, set the flag numba=False to avoid this warning!)

 2026-05-05 16:07:31
Load flow sukses. Voltage snapshot (pu): [1.03360581 1.05141112 1.04090565 1.03520349 1.0371507 ]
Bus 1: breaker CLOSE (line 0) | I_line=0.4461 kA, I_close=0.9539 kA
Bus 2: breaker CLOSE (line 2) | I_line=0.3805 kA, I_close=0.7949 kA
Bus 3: breaker CLOSE (line 4) | I_line=0.1148 kA, I_close=0.7949 kA
Bus 4: breaker CLOSE (line 10) | I_line=0.3554 kA, I_close=1.4308 kA
Bus 5: breaker CLOSE (line 9) | I_line=0.2859 kA, I_close=1.4308 kA
numba cannot be imported and numba functions are disabled.
Probably the execution is slow.
Please install numba to gain a massive speedup.
(or if you prefer slow execution, set the flag numba=False to avoid this warning!)

 2026-05-05 16:07:35
Load flow sukses. Voltage snapshot (pu): [1.03288746 1.05053469 1.03895848 1.03350739 1.03605777]
Bus 1: breaker CLOSE (line 0) | I_line=0.4443 kA, I_close=0.9539 kA
Bus 2: breaker CLOSE (line 2) | I_line=0.3890 kA, I_close=0.7949 kA
Bus 3: breaker CLOSE (line 4) | I_line=0.0869 kA, I_close=0.7949 kA
Bus 4: breaker CLOSE (line 10) | I_line=0.3848 kA, I_close=1.4308 kA
Bus 5: breaker CLOSE (line 9) | I_line=0.2899 kA, I_close=1.4308 kA
numba cannot be imported and numba functions are disabled.
Probably the execution is slow.
Please install numba to gain a massive speedup.
(or if you prefer slow execution, set the flag numba=False to avoid this warning!)

 2026-05-05 16:07:39
Load flow sukses. Voltage snapshot (pu): [1.0318372  1.05033276 1.03895132 1.03384335 1.03627668]
Bus 1: breaker CLOSE (line 0) | I_line=0.4582 kA, I_close=0.9539 kA
Bus 2: breaker CLOSE (line 2) | I_line=0.3784 kA, I_close=0.7949 kA
Bus 3: breaker CLOSE (line 4) | I_line=0.0765 kA, I_close=0.7949 kA
Bus 4: breaker CLOSE (line 10) | I_line=0.3890 kA, I_close=1.4308 kA
Bus 5: breaker CLOSE (line 9) | I_line=0.2927 kA, I_close=1.4308 kA
numba cannot be imported and numba functions are disabled.
Probably the execution is slow.
Please install numba to gain a massive speedup.
(or if you prefer slow execution, set the flag numba=False to avoid this warning!)

 2026-05-05 16:07:43
Load flow sukses. Voltage snapshot (pu): [1.03313314 1.05067094 1.03924956 1.03199564 1.033516  ]
Bus 1: breaker CLOSE (line 0) | I_line=0.4494 kA, I_close=0.9539 kA
Bus 2: breaker CLOSE (line 2) | I_line=0.3822 kA, I_close=0.7949 kA
Bus 3: breaker CLOSE (line 4) | I_line=0.1185 kA, I_close=0.7949 kA
Bus 4: breaker CLOSE (line 10) | I_line=0.4509 kA, I_close=1.4308 kA
Bus 5: breaker CLOSE (line 9) | I_line=0.3404 kA, I_close=1.4308 kA
numba cannot be imported and numba functions are disabled.
Probably the execution is slow.
Please install numba to gain a massive speedup.
(or if you prefer slow execution, set the flag numba=False to avoid this warning!)

 2026-05-05 16:07:47
Load flow sukses. Voltage snapshot (pu): [1.03396087 1.05087221 1.03940277 1.03072759 1.03164023]
Bus 1: breaker CLOSE (line 0) | I_line=0.4437 kA, I_close=0.9539 kA
Bus 2: breaker CLOSE (line 2) | I_line=0.3847 kA, I_close=0.7949 kA
Bus 3: breaker CLOSE (line 4) | I_line=0.1471 kA, I_close=0.7949 kA
Bus 4: breaker CLOSE (line 10) | I_line=0.4916 kA, I_close=1.4308 kA
Bus 5: breaker CLOSE (line 9) | I_line=0.3721 kA, I_close=1.4308 kA
numba cannot be imported and numba functions are disabled.
Probably the execution is slow.
Please install numba to gain a massive speedup.
(or if you prefer slow execution, set the flag numba=False to avoid this warning!)

 2026-05-05 16:07:51
Load flow sukses. Voltage snapshot (pu): [1.03695126 1.0516378  1.03993395 1.03306205 1.03312813]
Bus 1: breaker CLOSE (line 0) | I_line=0.4039 kA, I_close=0.9539 kA
Bus 2: breaker CLOSE (line 2) | I_line=0.4154 kA, I_close=0.7949 kA
Bus 3: breaker CLOSE (line 4) | I_line=0.1358 kA, I_close=0.7949 kA
Bus 4: breaker CLOSE (line 10) | I_line=0.4619 kA, I_close=1.4308 kA
Bus 5: breaker CLOSE (line 9) | I_line=0.3377 kA, I_close=1.4308 kA
numba cannot be imported and numba functions are disabled.
Probably the execution is slow.
Please install numba to gain a massive speedup.
(or if you prefer slow execution, set the flag numba=False to avoid this warning!)

 2026-05-05 16:07:56
Load flow sukses. Voltage snapshot (pu): [1.03736929 1.05168151 1.03981067 1.03349738 1.03467857]
Bus 1: breaker CLOSE (line 0) | I_line=0.3928 kA, I_close=0.9539 kA
Bus 2: breaker CLOSE (line 2) | I_line=0.4255 kA, I_close=0.7949 kA
Bus 3: breaker CLOSE (line 4) | I_line=0.1308 kA, I_close=0.7949 kA
Bus 4: breaker CLOSE (line 10) | I_line=0.4062 kA, I_close=1.4308 kA
Bus 5: breaker CLOSE (line 9) | I_line=0.3014 kA, I_close=1.4308 kA
