[DOS][INFO] target=10.0.2.2:5001 at=2026-06-01 01:16:01
\n===== DoS LIGHT 2026-06-01 01:16:01 =====
[DOS][LIGHT][UDP] start pps~500 duration=45s
HPING 10.0.2.2 (h5-eth0 10.0.2.2): udp mode set, 28 headers + 128 data bytes
status=0 port=2661 seq=1
status=0 port=2662 seq=2
status=0 port=2663 seq=3
status=0 port=2660 seq=0
status=0 port=2664 seq=4
status=0 port=2665 seq=5
status=0 port=4700 seq=2040
status=0 port=5802 seq=3142
status=0 port=7758 seq=5098
status=0 port=9886 seq=7226
status=0 port=11814 seq=9154
status=0 port=13879 seq=11219
status=0 port=15419 seq=12759
status=0 port=15959 seq=13299
status=0 port=17911 seq=15251
status=0 port=19697 seq=17037
status=0 port=21615 seq=18955
status=0 port=23437 seq=20777
status=0 port=25285 seq=22625
status=0 port=26973 seq=24313
status=0 port=28591 seq=25931
status=0 port=30168 seq=27508
status=0 port=31768 seq=29108
status=0 port=33452 seq=30792
status=0 port=35192 seq=32532
status=0 port=36937 seq=34277
status=0 port=38576 seq=35916
status=0 port=40332 seq=37672
status=0 port=42216 seq=39556
status=0 port=44068 seq=41408
status=0 port=45894 seq=43234
status=0 port=47698 seq=45038
status=0 port=49287 seq=46627
status=0 port=50275 seq=47615
status=0 port=51994 seq=49334
status=0 port=53592 seq=50932
status=0 port=55183 seq=52523
status=0 port=56907 seq=54247
status=0 port=58435 seq=55775
status=0 port=60028 seq=57368
status=0 port=61738 seq=59078
status=0 port=63628 seq=60968
status=0 port=65444 seq=62784
status=0 port=1535 seq=64411
status=0 port=3358 seq=66234
status=0 port=5312 seq=68188
status=0 port=6984 seq=69860
status=0 port=8912 seq=71788
status=0 port=10672 seq=73548
status=0 port=12357 seq=75233
status=0 port=14212 seq=77088
status=0 port=16014 seq=78890
status=0 port=17951 seq=80827
status=0 port=19559 seq=82435
status=0 port=21305 seq=84181
status=0 port=22787 seq=85663
status=0 port=24563 seq=87439
status=0 port=26226 seq=89102
status=0 port=27958 seq=90834
status=0 port=29690 seq=92566
status=0 port=31493 seq=94369
status=0 port=33155 seq=96031
status=0 port=34797 seq=97673
status=0 port=36622 seq=99498
status=0 port=38190 seq=101066
status=0 port=39606 seq=102482
status=0 port=41233 seq=104109
status=0 port=42720 seq=105596
status=0 port=43916 seq=106792
status=0 port=45729 seq=108605
status=0 port=47060 seq=109936
status=0 port=48494 seq=111370
status=0 port=50214 seq=113090
status=0 port=51867 seq=114743
status=0 port=53485 seq=116361
status=0 port=54986 seq=117862
status=0 port=56306 seq=119182
status=0 port=57862 seq=120738
status=0 port=59354 seq=122230
status=0 port=60844 seq=123720
status=0 port=62474 seq=125350
status=0 port=63741 seq=126617
status=0 port=65291 seq=0
status=0 port=1567 seq=0
status=0 port=3381 seq=0
status=0 port=5233 seq=0
status=0 port=6793 seq=0
status=0 port=9281 seq=137693
status=0 port=10897 seq=139309
status=0 port=12527 seq=140939
status=0 port=14338 seq=142750
status=0 port=16086 seq=144498
status=0 port=17734 seq=146146
status=0 port=17733 seq=146145
status=0 port=19330 seq=147742
status=0 port=21005 seq=149417
status=0 port=22525 seq=150937
status=0 port=23571 seq=151983
status=0 port=25490 seq=153902
status=0 port=27299 seq=155711
status=0 port=28918 seq=157330
status=0 port=30396 seq=158808
status=0 port=32020 seq=160432
status=0 port=33460 seq=161872
status=0 port=34217 seq=162629
status=0 port=35909 seq=164321
status=0 port=37623 seq=166035
status=0 port=39378 seq=167790
status=0 port=40400 seq=168812
status=0 port=42001 seq=170413
status=0 port=43580 seq=171992
status=0 port=45204 seq=173616
status=0 port=46776 seq=175188
status=0 port=48392 seq=176804
status=0 port=49905 seq=178317
status=0 port=51289 seq=179701
status=0 port=52811 seq=181223
status=0 port=54577 seq=182989
status=0 port=56248 seq=184660
status=0 port=57595 seq=186007
status=0 port=59243 seq=187655
status=0 port=60881 seq=189293
status=0 port=62747 seq=191159
status=0 port=64615 seq=193027
status=0 port=506 seq=194454
status=0 port=1727 seq=195675
status=0 port=3531 seq=197479
status=0 port=5171 seq=199119
status=0 port=6529 seq=200477
status=0 port=8256 seq=202204
status=0 port=9805 seq=203753
status=0 port=11539 seq=205487
status=0 port=13353 seq=207301
status=0 port=14945 seq=208893
status=0 port=16575 seq=210523
status=0 port=18065 seq=212013
status=0 port=19669 seq=213617
status=0 port=21150 seq=215098
status=0 port=22430 seq=216378
status=0 port=23930 seq=217878
status=0 port=25266 seq=219214
status=0 port=26804 seq=220752
status=0 port=28375 seq=222323
status=0 port=29617 seq=223565
status=0 port=31094 seq=225042
status=0 port=32750 seq=226698
status=0 port=34390 seq=228338
status=0 port=35991 seq=229939
status=0 port=37375 seq=231323
status=0 port=38878 seq=232826
status=0 port=40635 seq=234583
status=0 port=42292 seq=236240
status=0 port=44043 seq=237991
status=0 port=45213 seq=239161
status=0 port=46811 seq=240759
status=0 port=48259 seq=242207
status=0 port=49807 seq=243755
status=0 port=51438 seq=245386
status=0 port=52861 seq=246809
status=0 port=54380 seq=248328
status=0 port=56242 seq=250190
status=0 port=57945 seq=251893
status=0 port=59429 seq=253377
status=0 port=61022 seq=254970
status=0 port=62520 seq=256468
status=0 port=63840 seq=257788
status=0 port=65385 seq=259333
status=0 port=1443 seq=260927
status=0 port=2936 seq=262420
status=0 port=4667 seq=264151
status=0 port=5974 seq=265458
status=0 port=7532 seq=267016
status=0 port=8737 seq=268221
status=0 port=10579 seq=270063
status=0 port=12464 seq=0
status=0 port=14136 seq=0
status=0 port=15986 seq=0
status=0 port=16631 seq=0
status=0 port=17737 seq=0
status=0 port=19943 seq=279427
status=0 port=21641 seq=281125
status=0 port=23525 seq=283009
status=0 port=25398 seq=284882
status=0 port=27309 seq=286793
status=0 port=29038 seq=288522
status=0 port=30588 seq=290072
status=0 port=32173 seq=291657
status=0 port=33082 seq=292566
status=0 port=34588 seq=294072
status=0 port=35977 seq=295461
status=0 port=37599 seq=297083
status=0 port=39412 seq=298896
status=0 port=41116 seq=300600
status=0 port=41809 seq=301293
status=0 port=42757 seq=302241
status=0 port=44389 seq=303873
status=0 port=45889 seq=305373
status=0 port=47713 seq=307197
status=0 port=49384 seq=308868
status=0 port=50905 seq=310389
status=0 port=52637 seq=312121
status=0 port=54035 seq=313519
status=0 port=55627 seq=315111
status=0 port=57377 seq=316861
status=0 port=59050 seq=318534
status=0 port=60562 seq=320046
status=0 port=62233 seq=321717
status=0 port=63823 seq=323307
status=0 port=65532 seq=325016
status=0 port=1719 seq=326739
status=0 port=3148 seq=328168
status=0 port=4804 seq=329824
status=0 port=6615 seq=331635
status=0 port=8196 seq=333216
status=0 port=10052 seq=335072
status=0 port=11523 seq=336543
status=0 port=13277 seq=338297
status=0 port=14936 seq=339956
status=0 port=16354 seq=341374
status=0 port=18075 seq=343095
status=0 port=19791 seq=344811
status=0 port=21385 seq=346405
status=0 port=23195 seq=348215
status=0 port=24845 seq=349865
status=0 port=26444 seq=351464
status=0 port=28102 seq=353122
status=0 port=29760 seq=354780
status=0 port=31435 seq=356455
status=0 port=33023 seq=358043
status=0 port=34639 seq=359659
status=0 port=36051 seq=361071
status=0 port=37800 seq=362820
status=0 port=39110 seq=364130
status=0 port=40766 seq=365786
status=0 port=42301 seq=367321
status=0 port=43734 seq=368754
status=0 port=45396 seq=370416
status=0 port=46987 seq=372007
status=0 port=48359 seq=373379
status=0 port=49976 seq=374996
status=0 port=51530 seq=376550
status=0 port=53341 seq=378361
status=0 port=55054 seq=380074
status=0 port=56802 seq=381822
status=0 port=58522 seq=383542
status=0 port=60154 seq=385174
status=0 port=61745 seq=386765
status=0 port=63160 seq=388180
status=0 port=64837 seq=389857
status=0 port=812 seq=391368
status=0 port=2316 seq=392872
status=0 port=4034 seq=394590
status=0 port=5745 seq=396301
status=0 port=7457 seq=398013
status=0 port=8991 seq=399547
status=0 port=10743 seq=401299
status=0 port=12219 seq=402775
status=0 port=13654 seq=404210
status=0 port=15236 seq=405792
status=0 port=17025 seq=407581
status=0 port=18665 seq=409221
status=0 port=20321 seq=410877
status=0 port=21861 seq=0
status=0 port=23719 seq=0
status=0 port=25688 seq=0
status=0 port=27454 seq=0
status=0 port=29021 seq=0
status=0 port=30553 seq=0
status=0 port=33021 seq=42[DOS][INFO] target=10.0.2.2:5001 at=2026-06-01 01:20:31
\n===== DoS HEAVY 2026-06-01 01:20:31 =====
[DOS][HEAVY][UDP] start pps~3000 duration=60s

--- 10.0.2.2 hping statistic ---
435750 packets transmitted, 276 packets received, 100% packet loss
round-trip min/avg/max = 1.9/26.0/1003.9 ms
3577
status=0 port=34810 seq=425366
status=0 port=36516 seq=427072
status=0 port=38378 seq=428934
status=0 port=40086 seq=430642
status=0 port=41762 seq=432318
status=0 port=43513 seq=434069
status=0 port=44974 seq=435530
hping in flood mode, no replies will be shown

--- 10.0.2.2 hping statistic ---
835259 packets transmitted, 0 packets received, 100% packet loss
round-trip min/avg/max = 0.0/0.0/0.0 ms
HPING 10.0.2.2 (h5-eth0 10.0.2.2): udp mode set, 28 headers + 128 data bytes
