Modbus TCP server on 0.0.0.0:5020
Field random seed: 42
numba cannot be imported and numba functions are disabled.
Probably the execution is slow.
Please install numba to gain a massive speedup.
(or if you prefer slow execution, set the flag numba=False to avoid this warning!)
=== INITIAL POWER FLOW ===
      vm_pu  va_degree        p_mw     q_mvar
0  1.020000   0.000000 -141.110787 -26.780334
1  1.011758  -0.715545   60.000000  15.000000
2  1.009031  -0.998910   70.000000  20.000000
3  1.010000  -1.119058  -80.000000 -40.933003
4  1.007906  -1.265582   90.000000  30.000000
       i_ka  loading_percent
0  0.739078        73.907794
1  0.419623        41.962293
2  0.076273         7.627274
3  0.494024        49.402395
Bus 1 | V=1.020 pu | I=739.1 A | PF=0.9825 | P=-141.1108 MW | Q=-26.7803 MVar | Breaker=CLOSE
Bus 2 | V=1.012 pu | I=320.8 A | PF=0.9701 | P=60.0000 MW | Q=15.0000 MVar | Breaker=CLOSE
Bus 3 | V=1.009 pu | I=378.7 A | PF=0.9615 | P=70.0000 MW | Q=20.0000 MVar | Breaker=CLOSE
Bus 4 | V=1.010 pu | I=467.0 A | PF=0.8902 | P=-80.0000 MW | Q=-40.9330 MVar | Breaker=CLOSE
Bus 5 | V=1.008 pu | I=494.0 A | PF=0.9487 | P=90.0000 MW | Q=30.0000 MVar | Breaker=n/a

 2026-05-19 14:30:54
numba cannot be imported and numba functions are disabled.
Probably the execution is slow.
Please install numba to gain a massive speedup.
(or if you prefer slow execution, set the flag numba=False to avoid this warning!)
Bus 1 | V=1.020 pu | I=809.7 A | PF=0.9603 | P=-151.1086 MW | Q=-43.8948 MVar | Breaker=CLOSE
Bus 2 | V=1.010 pu | I=398.7 A | PF=0.9020 | P=69.1828 MW | Q=33.1137 MVar | Breaker=CLOSE
Bus 3 | V=1.007 pu | I=395.2 A | PF=0.9001 | P=68.2509 MW | Q=33.0382 MVar | Breaker=CLOSE
Bus 4 | V=1.010 pu | I=478.5 A | PF=0.8689 | P=-80.0000 MW | Q=-45.5810 MVar | Breaker=CLOSE
Bus 5 | V=1.008 pu | I=492.1 A | PF=0.9771 | P=92.3647 MW | Q=20.1286 MVar | Breaker=n/a

 2026-05-19 14:31:02
numba cannot be imported and numba functions are disabled.
Probably the execution is slow.
Please install numba to gain a massive speedup.
(or if you prefer slow execution, set the flag numba=False to avoid this warning!)
Bus 1 | V=1.020 pu | I=850.8 A | PF=0.9557 | P=-158.0150 MW | Q=-48.6605 MVar | Breaker=CLOSE
Bus 2 | V=1.009 pu | I=440.3 A | PF=0.9070 | P=76.7654 MW | Q=35.6530 MVar | Breaker=CLOSE
Bus 3 | V=1.006 pu | I=429.4 A | PF=0.8827 | P=72.6577 MW | Q=38.6855 MVar | Breaker=CLOSE
Bus 4 | V=1.010 pu | I=492.7 A | PF=0.8439 | P=-80.0000 MW | Q=-50.8690 MVar | Breaker=CLOSE
Bus 5 | V=1.008 pu | I=467.8 A | PF=0.9702 | P=87.1864 MW | Q=21.7692 MVar | Breaker=n/a

 2026-05-19 14:31:10
numba cannot be imported and numba functions are disabled.
Probably the execution is slow.
Please install numba to gain a massive speedup.
(or if you prefer slow execution, set the flag numba=False to avoid this warning!)
Bus 1 | V=1.020 pu | I=739.2 A | PF=0.9651 | P=-138.6389 MW | Q=-37.6139 MVar | Breaker=CLOSE
Bus 2 | V=1.011 pu | I=288.0 A | PF=0.9159 | P=50.7961 MW | Q=22.2611 MVar | Breaker=CLOSE
Bus 3 | V=1.008 pu | I=445.7 A | PF=0.9290 | P=79.4965 MW | Q=31.6574 MVar | Breaker=CLOSE
Bus 4 | V=1.010 pu | I=463.8 A | PF=0.8964 | P=-80.0000 MW | Q=-39.5506 MVar | Breaker=CLOSE
Bus 5 | V=1.008 pu | I=466.3 A | PF=0.9736 | P=87.2044 MW | Q=20.4569 MVar | Breaker=n/a

 2026-05-19 14:31:19
numba cannot be imported and numba functions are disabled.
Probably the execution is slow.
Please install numba to gain a massive speedup.
(or if you prefer slow execution, set the flag numba=False to avoid this warning!)
Bus 1 | V=1.020 pu | I=893.5 A | PF=0.9700 | P=-168.4331 MW | Q=-42.2096 MVar | Breaker=CLOSE
Bus 2 | V=1.009 pu | I=429.0 A | PF=0.9005 | P=74.2829 MW | Q=35.8674 MVar | Breaker=CLOSE
Bus 3 | V=1.007 pu | I=465.5 A | PF=0.9428 | P=84.1746 MW | Q=29.7535 MVar | Breaker=CLOSE
Bus 4 | V=1.010 pu | I=502.4 A | PF=0.8274 | P=-80.0000 MW | Q=-54.2974 MVar | Breaker=CLOSE
Bus 5 | V=1.008 pu | I=481.4 A | PF=0.9562 | P=88.4025 MW | Q=27.0556 MVar | Breaker=n/a

 2026-05-19 14:31:27
numba cannot be imported and numba functions are disabled.
Probably the execution is slow.
Please install numba to gain a massive speedup.
(or if you prefer slow execution, set the flag numba=False to avoid this warning!)
Bus 1 | V=1.020 pu | I=833.4 A | PF=0.9653 | P=-156.3286 MW | Q=-42.2994 MVar | Breaker=CLOSE
Bus 2 | V=1.010 pu | I=441.5 A | PF=0.9269 | P=78.7164 MW | Q=31.8661 MVar | Breaker=CLOSE
Bus 3 | V=1.007 pu | I=368.2 A | PF=0.8887 | P=62.7824 MW | Q=32.3893 MVar | Breaker=CLOSE
Bus 4 | V=1.010 pu | I=482.0 A | PF=0.8625 | P=-80.0000 MW | Q=-46.9346 MVar | Breaker=CLOSE
Bus 5 | V=1.008 pu | I=499.6 A | PF=0.9741 | P=93.4749 MW | Q=21.6769 MVar | Breaker=n/a

 2026-05-19 14:31:35
numba cannot be imported and numba functions are disabled.
Probably the execution is slow.
Please install numba to gain a massive speedup.
(or if you prefer slow execution, set the flag numba=False to avoid this warning!)
Bus 1 | V=1.020 pu | I=839.4 A | PF=0.9836 | P=-160.4519 MW | Q=-29.3804 MVar | Breaker=CLOSE
Bus 2 | V=1.011 pu | I=402.1 A | PF=0.9584 | P=74.2138 MW | Q=22.1083 MVar | Breaker=CLOSE
Bus 3 | V=1.008 pu | I=409.4 A | PF=0.9676 | P=76.0868 MW | Q=19.8606 MVar | Breaker=CLOSE
Bus 4 | V=1.010 pu | I=458.8 A | PF=0.9061 | P=-80.0000 MW | Q=-37.3455 MVar | Breaker=CLOSE
Bus 5 | V=1.008 pu | I=475.5 A | PF=0.9721 | P=88.7853 MW | Q=21.4312 MVar | Breaker=n/a

 2026-05-19 14:31:43
numba cannot be imported and numba functions are disabled.
Probably the execution is slow.
Please install numba to gain a massive speedup.
(or if you prefer slow execution, set the flag numba=False to avoid this warning!)
Bus 1 | V=1.020 pu | I=915.1 A | PF=0.9809 | P=-174.4536 MW | Q=-34.5594 MVar | Breaker=CLOSE
Bus 2 | V=1.010 pu | I=410.0 A | PF=0.9495 | P=74.8821 MW | Q=24.7501 MVar | Breaker=CLOSE
Bus 3 | V=1.007 pu | I=480.3 A | PF=0.9320 | P=85.8512 MW | Q=33.3983 MVar | Breaker=CLOSE
Bus 4 | V=1.010 pu | I=511.4 A | PF=0.8129 | P=-80.0000 MW | Q=-57.3197 MVar | Breaker=CLOSE
Bus 5 | V=1.008 pu | I=503.6 A | PF=0.9518 | P=92.0457 MW | Q=29.6510 MVar | Breaker=n/a

 2026-05-19 14:31:51
numba cannot be imported and numba functions are disabled.
Probably the execution is slow.
Please install numba to gain a massive speedup.
(or if you prefer slow execution, set the flag numba=False to avoid this warning!)
Bus 1 | V=1.020 pu | I=682.5 A | PF=0.9514 | P=-126.1804 MW | Q=-40.8648 MVar | Breaker=CLOSE
Bus 2 | V=1.011 pu | I=319.6 A | PF=0.9232 | P=56.8369 MW | Q=23.6692 MVar | Breaker=CLOSE
Bus 3 | V=1.008 pu | I=360.5 A | PF=0.9010 | P=62.3938 MW | Q=30.0504 MVar | Breaker=CLOSE
Bus 4 | V=1.010 pu | I=464.5 A | PF=0.8950 | P=-80.0000 MW | Q=-39.8615 MVar | Breaker=CLOSE
Bus 5 | V=1.008 pu | I=465.9 A | PF=0.9611 | P=86.0100 MW | Q=24.7111 MVar | Breaker=n/a

 2026-05-19 14:31:59
numba cannot be imported and numba functions are disabled.
Probably the execution is slow.
Please install numba to gain a massive speedup.
(or if you prefer slow execution, set the flag numba=False to avoid this warning!)
Bus 1 | V=1.020 pu | I=797.1 A | PF=0.9625 | P=-149.0950 MW | Q=-42.0454 MVar | Breaker=CLOSE
Bus 2 | V=1.010 pu | I=386.3 A | PF=0.9292 | P=69.0705 MW | Q=27.4748 MVar | Breaker=CLOSE
Bus 3 | V=1.007 pu | I=412.3 A | PF=0.8989 | P=71.1054 MW | Q=34.6681 MVar | Breaker=CLOSE
Bus 4 | V=1.010 pu | I=458.4 A | PF=0.9070 | P=-80.0000 MW | Q=-37.1540 MVar | Breaker=CLOSE
Bus 5 | V=1.008 pu | I=462.1 A | PF=0.9875 | P=87.6698 MW | Q=14.0126 MVar | Breaker=n/a

 2026-05-19 14:32:07
numba cannot be imported and numba functions are disabled.
Probably the execution is slow.
Please install numba to gain a massive speedup.
(or if you prefer slow execution, set the flag numba=False to avoid this warning!)
Bus 1 | V=1.020 pu | I=753.7 A | PF=0.9716 | P=-142.3091 MW | Q=-34.6851 MVar | Breaker=CLOSE
Bus 2 | V=1.011 pu | I=380.0 A | PF=0.9487 | P=69.4411 MW | Q=23.1355 MVar | Breaker=CLOSE
Bus 3 | V=1.008 pu | I=358.5 A | PF=0.9456 | P=65.1342 MW | Q=22.4045 MVar | Breaker=CLOSE
Bus 4 | V=1.010 pu | I=458.1 A | PF=0.9076 | P=-80.0000 MW | Q=-37.0163 MVar | Breaker=CLOSE
Bus 5 | V=1.008 pu | I=467.3 A | PF=0.9652 | P=86.6340 MW | Q=23.4805 MVar | Breaker=n/a

 2026-05-19 14:32:15
numba cannot be imported and numba functions are disabled.
Probably the execution is slow.
Please install numba to gain a massive speedup.
(or if you prefer slow execution, set the flag numba=False to avoid this warning!)
Bus 1 | V=1.020 pu | I=898.3 A | PF=0.9818 | P=-171.4000 MW | Q=-33.1246 MVar | Breaker=CLOSE
Bus 2 | V=1.010 pu | I=435.4 A | PF=0.9512 | P=79.6857 MW | Q=25.8505 MVar | Breaker=CLOSE
Bus 3 | V=1.007 pu | I=424.5 A | PF=0.9416 | P=76.7085 MW | Q=27.4284 MVar | Breaker=CLOSE
Bus 4 | V=1.010 pu | I=470.6 A | PF=0.8833 | P=-80.0000 MW | Q=-42.4520 MVar | Breaker=CLOSE
Bus 5 | V=1.008 pu | I=495.8 A | PF=0.9810 | P=93.4285 MW | Q=18.4569 MVar | Breaker=n/a

 2026-05-19 14:32:23
numba cannot be imported and numba functions are disabled.
Probably the execution is slow.
Please install numba to gain a massive speedup.
(or if you prefer slow execution, set the flag numba=False to avoid this warning!)
Bus 1 | V=1.020 pu | I=726.4 A | PF=0.9529 | P=-134.5142 MW | Q=-42.7972 MVar | Breaker=CLOSE
Bus 2 | V=1.010 pu | I=327.3 A | PF=0.9026 | P=56.8714 MW | Q=27.1291 MVar | Breaker=CLOSE
Bus 3 | V=1.008 pu | I=400.2 A | PF=0.9041 | P=69.4636 MW | Q=32.8325 MVar | Breaker=CLOSE
Bus 4 | V=1.010 pu | I=450.8 A | PF=0.9222 | P=-80.0000 MW | Q=-33.5552 MVar | Breaker=CLOSE
Bus 5 | V=1.008 pu | I=459.0 A | PF=0.9877 | P=87.1098 MW | Q=13.7808 MVar | Breaker=n/a

 2026-05-19 14:32:31
numba cannot be imported and numba functions are disabled.
Probably the execution is slow.
Please install numba to gain a massive speedup.
(or if you prefer slow execution, set the flag numba=False to avoid this warning!)
Bus 1 | V=1.020 pu | I=907.4 A | PF=0.9739 | P=-171.7457 MW | Q=-40.0244 MVar | Breaker=CLOSE
Bus 2 | V=1.009 pu | I=428.8 A | PF=0.9252 | P=76.2910 MW | Q=31.2976 MVar | Breaker=CLOSE
Bus 3 | V=1.006 pu | I=453.7 A | PF=0.9156 | P=79.6632 MW | Q=34.9829 MVar | Breaker=CLOSE
Bus 4 | V=1.010 pu | I=503.1 A | PF=0.8263 | P=-80.0000 MW | Q=-54.5316 MVar | Breaker=CLOSE
Bus 5 | V=1.008 pu | I=506.2 A | PF=0.9684 | P=94.1455 MW | Q=24.2647 MVar | Breaker=n/a

 2026-05-19 14:32:39
numba cannot be imported and numba functions are disabled.
Probably the execution is slow.
Please install numba to gain a massive speedup.
(or if you prefer slow execution, set the flag numba=False to avoid this warning!)
Bus 1 | V=1.020 pu | I=783.3 A | PF=0.9650 | P=-146.9032 MW | Q=-39.9217 MVar | Breaker=CLOSE
Bus 2 | V=1.010 pu | I=327.3 A | PF=0.9197 | P=57.9464 MW | Q=24.7322 MVar | Breaker=CLOSE
Bus 3 | V=1.007 pu | I=443.2 A | PF=0.9036 | P=76.8410 MW | Q=36.4184 MVar | Breaker=CLOSE
Bus 4 | V=1.010 pu | I=464.2 A | PF=0.8956 | P=-80.0000 MW | Q=-39.7407 MVar | Breaker=CLOSE
Bus 5 | V=1.008 pu | I=479.6 A | PF=0.9859 | P=90.8459 MW | Q=15.4119 MVar | Breaker=n/a

 2026-05-19 14:32:47
numba cannot be imported and numba functions are disabled.
Probably the execution is slow.
Please install numba to gain a massive speedup.
(or if you prefer slow execution, set the flag numba=False to avoid this warning!)
Bus 1 | V=1.020 pu | I=845.7 A | PF=0.9691 | P=-159.2753 MW | Q=-40.5070 MVar | Breaker=CLOSE
Bus 2 | V=1.010 pu | I=351.1 A | PF=0.9175 | P=61.9820 MW | Q=26.8607 MVar | Breaker=CLOSE
Bus 3 | V=1.006 pu | I=506.5 A | PF=0.9259 | P=89.9261 MW | Q=36.7018 MVar | Breaker=CLOSE
Bus 4 | V=1.010 pu | I=502.4 A | PF=0.8276 | P=-80.0000 MW | Q=-54.2682 MVar | Breaker=CLOSE
Bus 5 | V=1.008 pu | I=469.9 A | PF=0.9519 | P=85.9091 MW | Q=27.6582 MVar | Breaker=n/a

 2026-05-19 14:32:56
numba cannot be imported and numba functions are disabled.
Probably the execution is slow.
Please install numba to gain a massive speedup.
(or if you prefer slow execution, set the flag numba=False to avoid this warning!)
Bus 1 | V=1.020 pu | I=763.3 A | PF=0.9701 | P=-143.8986 MW | Q=-36.0009 MVar | Breaker=CLOSE
Bus 2 | V=1.011 pu | I=291.2 A | PF=0.9502 | P=53.2895 MW | Q=17.4784 MVar | Breaker=CLOSE
Bus 3 | V=1.007 pu | I=475.4 A | PF=0.9180 | P=83.7624 MW | Q=36.1872 MVar | Breaker=CLOSE
Bus 4 | V=1.010 pu | I=474.0 A | PF=0.8771 | P=-80.0000 MW | Q=-43.8012 MVar | Breaker=CLOSE
Bus 5 | V=1.008 pu | I=461.9 A | PF=0.9653 | P=85.6353 MW | Q=23.1794 MVar | Breaker=n/a

 2026-05-19 14:33:04
numba cannot be imported and numba functions are disabled.
Probably the execution is slow.
Please install numba to gain a massive speedup.
(or if you prefer slow execution, set the flag numba=False to avoid this warning!)
Bus 1 | V=1.020 pu | I=922.6 A | PF=0.9803 | P=-175.7664 MW | Q=-35.4028 MVar | Breaker=CLOSE
Bus 2 | V=1.010 pu | I=440.7 A | PF=0.9423 | P=79.8836 MW | Q=28.3723 MVar | Breaker=CLOSE
Bus 3 | V=1.007 pu | I=485.3 A | PF=0.9575 | P=89.1324 MW | Q=26.8599 MVar | Breaker=CLOSE
Bus 4 | V=1.010 pu | I=468.6 A | PF=0.8872 | P=-80.0000 MW | Q=-41.6042 MVar | Breaker=CLOSE
Bus 5 | V=1.008 pu | I=452.6 A | PF=0.9788 | P=85.1148 MW | Q=17.7981 MVar | Breaker=n/a

 2026-05-19 14:33:12
numba cannot be imported and numba functions are disabled.
Probably the execution is slow.
Please install numba to gain a massive speedup.
(or if you prefer slow execution, set the flag numba=False to avoid this warning!)
Bus 1 | V=1.020 pu | I=773.4 A | PF=0.9696 | P=-145.7280 MW | Q=-36.7576 MVar | Breaker=CLOSE
Bus 2 | V=1.011 pu | I=388.0 A | PF=0.9430 | P=70.4513 MW | Q=24.8730 MVar | Breaker=CLOSE
Bus 3 | V=1.008 pu | I=377.6 A | PF=0.9377 | P=68.0048 MW | Q=25.2008 MVar | Breaker=CLOSE
Bus 4 | V=1.010 pu | I=461.8 A | PF=0.9003 | P=-80.0000 MW | Q=-38.6810 MVar | Breaker=CLOSE
Bus 5 | V=1.008 pu | I=463.4 A | PF=0.9674 | P=86.1155 MW | Q=22.5474 MVar | Breaker=n/a

 2026-05-19 14:33:20
numba cannot be imported and numba functions are disabled.
Probably the execution is slow.
Please install numba to gain a massive speedup.
(or if you prefer slow execution, set the flag numba=False to avoid this warning!)
Bus 1 | V=1.020 pu | I=847.2 A | PF=0.9801 | P=-161.3707 MW | Q=-32.6773 MVar | Breaker=CLOSE
Bus 2 | V=1.010 pu | I=338.5 A | PF=0.9763 | P=63.6117 MW | Q=14.0995 MVar | Breaker=CLOSE
Bus 3 | V=1.007 pu | I=497.7 A | PF=0.9037 | P=86.2756 MW | Q=40.8755 MVar | Breaker=CLOSE
Bus 4 | V=1.010 pu | I=499.1 A | PF=0.8330 | P=-80.0000 MW | Q=-53.1352 MVar | Breaker=CLOSE
Bus 5 | V=1.008 pu | I=489.6 A | PF=0.9571 | P=90.0059 MW | Q=27.2333 MVar | Breaker=n/a

 2026-05-19 14:33:28
numba cannot be imported and numba functions are disabled.
Probably the execution is slow.
Please install numba to gain a massive speedup.
(or if you prefer slow execution, set the flag numba=False to avoid this warning!)
Bus 1 | V=1.020 pu | I=0.0 A | PF=1.0000 | P=0.0000 MW | Q=0.0000 MVar | Breaker=OPEN
Power flow error: cannot convert float NaN to integer
