RTU measurement noise: seed=7 V_sigma=0.003 I_sigma=1.5


[2026-05-19 14:30:54] Bus 1: V=1.019 pu (raw 1.020) I=810.5 A (raw 809.7) PF=0.9603 FB=CLOSE CMD=CLOSE
[2026-05-19 14:30:54] Bus 2: V=1.009 pu (raw 1.010) I=398.2 A (raw 398.7) PF=0.9020 FB=CLOSE CMD=CLOSE
[2026-05-19 14:30:54] Bus 3: V=1.004 pu (raw 1.007) I=394.9 A (raw 395.2) PF=0.9001 FB=CLOSE CMD=CLOSE
[2026-05-19 14:30:54] Bus 4: V=1.013 pu (raw 1.010) I=479.1 A (raw 478.5) PF=0.8689 FB=CLOSE CMD=CLOSE
[2026-05-19 14:30:54] Bus 5: V=1.011 pu (raw 1.008) I=492.5 A (raw 492.1) PF=0.9771 FB=CLOSE CMD=CLOSE
DT_PATH_LAT,h2,1779175855.076858,1


[2026-05-19 14:30:59] Bus 1: V=1.021 pu (raw 1.020) I=810.0 A (raw 809.7) PF=0.9603 FB=CLOSE CMD=CLOSE
[2026-05-19 14:30:59] Bus 2: V=1.005 pu (raw 1.010) I=400.0 A (raw 398.7) PF=0.9020 FB=CLOSE CMD=CLOSE
[2026-05-19 14:30:59] Bus 3: V=1.009 pu (raw 1.007) I=395.9 A (raw 395.2) PF=0.9001 FB=CLOSE CMD=CLOSE
[2026-05-19 14:30:59] Bus 4: V=1.005 pu (raw 1.010) I=475.9 A (raw 478.5) PF=0.8689 FB=CLOSE CMD=CLOSE
[2026-05-19 14:30:59] Bus 5: V=1.005 pu (raw 1.008) I=491.4 A (raw 492.1) PF=0.9771 FB=CLOSE CMD=CLOSE
DT_PATH_LAT,h2,1779175859.155049,2


[2026-05-19 14:31:03] Bus 1: V=1.021 pu (raw 1.020) I=850.7 A (raw 850.8) PF=0.9557 FB=CLOSE CMD=CLOSE
[2026-05-19 14:31:03] Bus 2: V=1.011 pu (raw 1.009) I=439.3 A (raw 440.3) PF=0.9070 FB=CLOSE CMD=CLOSE
[2026-05-19 14:31:03] Bus 3: V=1.007 pu (raw 1.006) I=430.0 A (raw 429.4) PF=0.8827 FB=CLOSE CMD=CLOSE
[2026-05-19 14:31:03] Bus 4: V=1.008 pu (raw 1.010) I=495.2 A (raw 492.7) PF=0.8439 FB=CLOSE CMD=CLOSE
[2026-05-19 14:31:03] Bus 5: V=1.010 pu (raw 1.008) I=469.6 A (raw 467.8) PF=0.9702 FB=CLOSE CMD=CLOSE
DT_PATH_LAT,h2,1779175863.228847,3


[2026-05-19 14:31:07] Bus 1: V=1.018 pu (raw 1.020) I=849.7 A (raw 850.8) PF=0.9557 FB=CLOSE CMD=CLOSE
[2026-05-19 14:31:07] Bus 2: V=1.008 pu (raw 1.009) I=440.1 A (raw 440.3) PF=0.9070 FB=CLOSE CMD=CLOSE
[2026-05-19 14:31:07] Bus 3: V=1.008 pu (raw 1.006) I=429.8 A (raw 429.4) PF=0.8827 FB=CLOSE CMD=CLOSE
[2026-05-19 14:31:07] Bus 4: V=1.009 pu (raw 1.010) I=491.2 A (raw 492.7) PF=0.8439 FB=CLOSE CMD=CLOSE
[2026-05-19 14:31:07] Bus 5: V=1.006 pu (raw 1.008) I=469.7 A (raw 467.8) PF=0.9702 FB=CLOSE CMD=CLOSE
DT_PATH_LAT,h2,1779175870.385923,4


[2026-05-19 14:31:14] Bus 1: V=1.018 pu (raw 1.020) I=739.6 A (raw 739.2) PF=0.9651 FB=CLOSE CMD=CLOSE
[2026-05-19 14:31:14] Bus 2: V=1.012 pu (raw 1.011) I=285.7 A (raw 288.0) PF=0.9159 FB=CLOSE CMD=CLOSE
[2026-05-19 14:31:14] Bus 3: V=1.008 pu (raw 1.008) I=447.7 A (raw 445.7) PF=0.9290 FB=CLOSE CMD=CLOSE
[2026-05-19 14:31:14] Bus 4: V=1.004 pu (raw 1.010) I=463.3 A (raw 463.8) PF=0.8964 FB=CLOSE CMD=CLOSE
[2026-05-19 14:31:14] Bus 5: V=1.008 pu (raw 1.008) I=465.0 A (raw 466.3) PF=0.9736 FB=CLOSE CMD=CLOSE
DT_PATH_LAT,h2,1779175874.522169,5


[2026-05-19 14:31:18] Bus 1: V=1.021 pu (raw 1.020) I=739.1 A (raw 739.2) PF=0.9651 FB=CLOSE CMD=CLOSE
[2026-05-19 14:31:18] Bus 2: V=1.007 pu (raw 1.011) I=289.2 A (raw 288.0) PF=0.9159 FB=CLOSE CMD=CLOSE
[2026-05-19 14:31:18] Bus 3: V=1.010 pu (raw 1.008) I=447.1 A (raw 445.7) PF=0.9290 FB=CLOSE CMD=CLOSE
[2026-05-19 14:31:18] Bus 4: V=1.014 pu (raw 1.010) I=464.3 A (raw 463.8) PF=0.8964 FB=CLOSE CMD=CLOSE
[2026-05-19 14:31:18] Bus 5: V=1.008 pu (raw 1.008) I=464.3 A (raw 466.3) PF=0.9736 FB=CLOSE CMD=CLOSE
DT_PATH_LAT,h2,1779175878.636476,6


[2026-05-19 14:31:22] Bus 1: V=1.022 pu (raw 1.020) I=892.6 A (raw 893.5) PF=0.9700 FB=CLOSE CMD=CLOSE
[2026-05-19 14:31:22] Bus 2: V=1.008 pu (raw 1.009) I=427.1 A (raw 429.0) PF=0.9005 FB=CLOSE CMD=CLOSE
[2026-05-19 14:31:22] Bus 3: V=1.004 pu (raw 1.007) I=464.7 A (raw 465.5) PF=0.9428 FB=CLOSE CMD=CLOSE
[2026-05-19 14:31:22] Bus 4: V=1.014 pu (raw 1.010) I=499.4 A (raw 502.4) PF=0.8274 FB=CLOSE CMD=CLOSE
[2026-05-19 14:31:22] Bus 5: V=1.004 pu (raw 1.008) I=481.7 A (raw 481.4) PF=0.9562 FB=CLOSE CMD=CLOSE
DT_PATH_LAT,h2,1779175882.764341,7


[2026-05-19 14:31:26] Bus 1: V=1.024 pu (raw 1.020) I=894.4 A (raw 893.5) PF=0.9700 FB=CLOSE CMD=CLOSE
[2026-05-19 14:31:26] Bus 2: V=1.003 pu (raw 1.009) I=425.2 A (raw 429.0) PF=0.9005 FB=CLOSE CMD=CLOSE
[2026-05-19 14:31:26] Bus 3: V=1.008 pu (raw 1.007) I=464.4 A (raw 465.5) PF=0.9428 FB=CLOSE CMD=CLOSE
[2026-05-19 14:31:26] Bus 4: V=1.007 pu (raw 1.010) I=503.9 A (raw 502.4) PF=0.8274 FB=CLOSE CMD=CLOSE
[2026-05-19 14:31:26] Bus 5: V=1.011 pu (raw 1.008) I=481.6 A (raw 481.4) PF=0.9562 FB=CLOSE CMD=CLOSE
DT_PATH_LAT,h2,1779175886.917725,8


[2026-05-19 14:31:31] Bus 1: V=1.021 pu (raw 1.020) I=834.0 A (raw 833.4) PF=0.9653 FB=CLOSE CMD=CLOSE
[2026-05-19 14:31:31] Bus 2: V=1.015 pu (raw 1.010) I=442.4 A (raw 441.5) PF=0.9269 FB=CLOSE CMD=CLOSE
[2026-05-19 14:31:31] Bus 3: V=1.009 pu (raw 1.007) I=369.0 A (raw 368.2) PF=0.8887 FB=CLOSE CMD=CLOSE
[2026-05-19 14:31:31] Bus 4: V=1.005 pu (raw 1.010) I=483.9 A (raw 482.0) PF=0.8625 FB=CLOSE CMD=CLOSE
[2026-05-19 14:31:31] Bus 5: V=1.011 pu (raw 1.008) I=500.4 A (raw 499.6) PF=0.9741 FB=CLOSE CMD=CLOSE
DT_PATH_LAT,h2,1779175891.118548,9


[2026-05-19 14:31:35] Bus 1: V=1.014 pu (raw 1.020) I=832.4 A (raw 833.4) PF=0.9653 FB=CLOSE CMD=CLOSE
[2026-05-19 14:31:35] Bus 2: V=1.013 pu (raw 1.010) I=438.7 A (raw 441.5) PF=0.9269 FB=CLOSE CMD=CLOSE
[2026-05-19 14:31:35] Bus 3: V=1.006 pu (raw 1.007) I=369.7 A (raw 368.2) PF=0.8887 FB=CLOSE CMD=CLOSE
[2026-05-19 14:31:35] Bus 4: V=1.006 pu (raw 1.010) I=484.4 A (raw 482.0) PF=0.8625 FB=CLOSE CMD=CLOSE
[2026-05-19 14:31:35] Bus 5: V=1.010 pu (raw 1.008) I=499.3 A (raw 499.6) PF=0.9741 FB=CLOSE CMD=CLOSE
DT_PATH_LAT,h2,1779175895.284474,10


[2026-05-19 14:31:39] Bus 1: V=1.021 pu (raw 1.020) I=840.3 A (raw 839.4) PF=0.9836 FB=CLOSE CMD=CLOSE
[2026-05-19 14:31:39] Bus 2: V=1.011 pu (raw 1.011) I=403.9 A (raw 402.1) PF=0.9584 FB=CLOSE CMD=CLOSE
[2026-05-19 14:31:39] Bus 3: V=1.006 pu (raw 1.008) I=408.7 A (raw 409.4) PF=0.9676 FB=CLOSE CMD=CLOSE
[2026-05-19 14:31:39] Bus 4: V=1.013 pu (raw 1.010) I=458.8 A (raw 458.8) PF=0.9061 FB=CLOSE CMD=CLOSE
[2026-05-19 14:31:39] Bus 5: V=1.005 pu (raw 1.008) I=476.9 A (raw 475.5) PF=0.9721 FB=CLOSE CMD=CLOSE
DT_PATH_LAT,h2,1779175899.413537,11


[2026-05-19 14:31:43] Bus 1: V=1.024 pu (raw 1.020) I=914.5 A (raw 915.1) PF=0.9809 FB=CLOSE CMD=CLOSE
[2026-05-19 14:31:43] Bus 2: V=1.006 pu (raw 1.010) I=409.8 A (raw 410.0) PF=0.9495 FB=CLOSE CMD=CLOSE
[2026-05-19 14:31:43] Bus 3: V=1.007 pu (raw 1.007) I=479.9 A (raw 480.3) PF=0.9320 FB=CLOSE CMD=CLOSE
[2026-05-19 14:31:43] Bus 4: V=1.014 pu (raw 1.010) I=509.9 A (raw 511.4) PF=0.8129 FB=CLOSE CMD=CLOSE
[2026-05-19 14:31:43] Bus 5: V=1.012 pu (raw 1.008) I=501.7 A (raw 503.6) PF=0.9518 FB=CLOSE CMD=CLOSE
DT_PATH_LAT,h2,1779175903.526881,12


[2026-05-19 14:31:47] Bus 1: V=1.018 pu (raw 1.020) I=916.1 A (raw 915.1) PF=0.9809 FB=CLOSE CMD=CLOSE
[2026-05-19 14:31:47] Bus 2: V=1.013 pu (raw 1.010) I=411.3 A (raw 410.0) PF=0.9495 FB=CLOSE CMD=CLOSE
[2026-05-19 14:31:47] Bus 3: V=1.008 pu (raw 1.007) I=480.5 A (raw 480.3) PF=0.9320 FB=CLOSE CMD=CLOSE
[2026-05-19 14:31:47] Bus 4: V=1.010 pu (raw 1.010) I=512.3 A (raw 511.4) PF=0.8129 FB=CLOSE CMD=CLOSE
[2026-05-19 14:31:47] Bus 5: V=1.007 pu (raw 1.008) I=504.0 A (raw 503.6) PF=0.9518 FB=CLOSE CMD=CLOSE
DT_PATH_LAT,h2,1779175907.649902,13


[2026-05-19 14:31:51] Bus 1: V=1.022 pu (raw 1.020) I=682.5 A (raw 682.5) PF=0.9514 FB=CLOSE CMD=CLOSE
[2026-05-19 14:31:51] Bus 2: V=1.013 pu (raw 1.011) I=320.5 A (raw 319.6) PF=0.9232 FB=CLOSE CMD=CLOSE
[2026-05-19 14:31:51] Bus 3: V=1.014 pu (raw 1.008) I=361.0 A (raw 360.5) PF=0.9010 FB=CLOSE CMD=CLOSE
[2026-05-19 14:31:51] Bus 4: V=1.009 pu (raw 1.010) I=463.9 A (raw 464.5) PF=0.8950 FB=CLOSE CMD=CLOSE
[2026-05-19 14:31:51] Bus 5: V=1.008 pu (raw 1.008) I=467.3 A (raw 465.9) PF=0.9611 FB=CLOSE CMD=CLOSE
DT_PATH_LAT,h2,1779175911.771952,14


[2026-05-19 14:31:55] Bus 1: V=1.019 pu (raw 1.020) I=683.1 A (raw 682.5) PF=0.9514 FB=CLOSE CMD=CLOSE
[2026-05-19 14:31:55] Bus 2: V=1.017 pu (raw 1.011) I=315.8 A (raw 319.6) PF=0.9232 FB=CLOSE CMD=CLOSE
[2026-05-19 14:31:55] Bus 3: V=1.005 pu (raw 1.008) I=360.9 A (raw 360.5) PF=0.9010 FB=CLOSE CMD=CLOSE
[2026-05-19 14:31:55] Bus 4: V=1.011 pu (raw 1.010) I=464.8 A (raw 464.5) PF=0.8950 FB=CLOSE CMD=CLOSE
[2026-05-19 14:31:55] Bus 5: V=1.007 pu (raw 1.008) I=466.9 A (raw 465.9) PF=0.9611 FB=CLOSE CMD=CLOSE
DT_PATH_LAT,h2,1779175915.891653,15


[2026-05-19 14:31:59] Bus 1: V=1.021 pu (raw 1.020) I=796.4 A (raw 797.1) PF=0.9625 FB=CLOSE CMD=CLOSE
[2026-05-19 14:31:59] Bus 2: V=1.017 pu (raw 1.010) I=386.8 A (raw 386.3) PF=0.9292 FB=CLOSE CMD=CLOSE
[2026-05-19 14:31:59] Bus 3: V=1.005 pu (raw 1.007) I=412.1 A (raw 412.3) PF=0.8989 FB=CLOSE CMD=CLOSE
[2026-05-19 14:31:59] Bus 4: V=1.009 pu (raw 1.010) I=458.3 A (raw 458.4) PF=0.9070 FB=CLOSE CMD=CLOSE
[2026-05-19 14:31:59] Bus 5: V=1.000 pu (raw 1.008) I=461.3 A (raw 462.1) PF=0.9875 FB=CLOSE CMD=CLOSE
DT_PATH_LAT,h2,1779175919.999537,16


[2026-05-19 14:32:04] Bus 1: V=1.023 pu (raw 1.020) I=795.4 A (raw 797.1) PF=0.9625 FB=CLOSE CMD=CLOSE
[2026-05-19 14:32:04] Bus 2: V=1.010 pu (raw 1.010) I=387.7 A (raw 386.3) PF=0.9292 FB=CLOSE CMD=CLOSE
[2026-05-19 14:32:04] Bus 3: V=1.010 pu (raw 1.007) I=414.5 A (raw 412.3) PF=0.8989 FB=CLOSE CMD=CLOSE
[2026-05-19 14:32:04] Bus 4: V=1.005 pu (raw 1.010) I=457.8 A (raw 458.4) PF=0.9070 FB=CLOSE CMD=CLOSE
[2026-05-19 14:32:04] Bus 5: V=1.007 pu (raw 1.008) I=463.0 A (raw 462.1) PF=0.9875 FB=CLOSE CMD=CLOSE
DT_PATH_LAT,h2,1779175924.113038,17


[2026-05-19 14:32:08] Bus 1: V=1.023 pu (raw 1.020) I=749.7 A (raw 753.7) PF=0.9716 FB=CLOSE CMD=CLOSE
[2026-05-19 14:32:08] Bus 2: V=1.014 pu (raw 1.011) I=377.8 A (raw 380.0) PF=0.9487 FB=CLOSE CMD=CLOSE
[2026-05-19 14:32:08] Bus 3: V=1.010 pu (raw 1.008) I=356.3 A (raw 358.5) PF=0.9456 FB=CLOSE CMD=CLOSE
[2026-05-19 14:32:08] Bus 4: V=1.011 pu (raw 1.010) I=459.9 A (raw 458.1) PF=0.9076 FB=CLOSE CMD=CLOSE
[2026-05-19 14:32:08] Bus 5: V=1.008 pu (raw 1.008) I=467.6 A (raw 467.3) PF=0.9652 FB=CLOSE CMD=CLOSE
DT_PATH_LAT,h2,1779175928.242182,18


[2026-05-19 14:32:12] Bus 1: V=1.022 pu (raw 1.020) I=753.9 A (raw 753.7) PF=0.9716 FB=CLOSE CMD=CLOSE
[2026-05-19 14:32:12] Bus 2: V=1.011 pu (raw 1.011) I=382.3 A (raw 380.0) PF=0.9487 FB=CLOSE CMD=CLOSE
[2026-05-19 14:32:12] Bus 3: V=1.011 pu (raw 1.008) I=358.1 A (raw 358.5) PF=0.9456 FB=CLOSE CMD=CLOSE
[2026-05-19 14:32:12] Bus 4: V=1.018 pu (raw 1.010) I=456.3 A (raw 458.1) PF=0.9076 FB=CLOSE CMD=CLOSE
[2026-05-19 14:32:12] Bus 5: V=1.011 pu (raw 1.008) I=466.9 A (raw 467.3) PF=0.9652 FB=CLOSE CMD=CLOSE
DT_PATH_LAT,h2,1779175932.379446,19


[2026-05-19 14:32:16] Bus 1: V=1.020 pu (raw 1.020) I=899.4 A (raw 898.3) PF=0.9818 FB=CLOSE CMD=CLOSE
[2026-05-19 14:32:16] Bus 2: V=1.011 pu (raw 1.010) I=436.3 A (raw 435.4) PF=0.9512 FB=CLOSE CMD=CLOSE
[2026-05-19 14:32:16] Bus 3: V=1.002 pu (raw 1.007) I=422.2 A (raw 424.5) PF=0.9416 FB=CLOSE CMD=CLOSE
[2026-05-19 14:32:16] Bus 4: V=1.012 pu (raw 1.010) I=469.2 A (raw 470.6) PF=0.8833 FB=CLOSE CMD=CLOSE
[2026-05-19 14:32:16] Bus 5: V=1.005 pu (raw 1.008) I=493.6 A (raw 495.8) PF=0.9810 FB=CLOSE CMD=CLOSE
DT_PATH_LAT,h2,1779175936.524978,20


[2026-05-19 14:32:20] Bus 1: V=1.024 pu (raw 1.020) I=899.4 A (raw 898.3) PF=0.9818 FB=CLOSE CMD=CLOSE
[2026-05-19 14:32:20] Bus 2: V=1.014 pu (raw 1.010) I=434.0 A (raw 435.4) PF=0.9512 FB=CLOSE CMD=CLOSE
[2026-05-19 14:32:20] Bus 3: V=1.007 pu (raw 1.007) I=422.8 A (raw 424.5) PF=0.9416 FB=CLOSE CMD=CLOSE
[2026-05-19 14:32:20] Bus 4: V=1.012 pu (raw 1.010) I=473.0 A (raw 470.6) PF=0.8833 FB=CLOSE CMD=CLOSE
[2026-05-19 14:32:20] Bus 5: V=1.005 pu (raw 1.008) I=498.1 A (raw 495.8) PF=0.9810 FB=CLOSE CMD=CLOSE
DT_PATH_LAT,h2,1779175940.652925,21


[2026-05-19 14:32:24] Bus 1: V=1.023 pu (raw 1.020) I=726.1 A (raw 726.4) PF=0.9529 FB=CLOSE CMD=CLOSE
[2026-05-19 14:32:24] Bus 2: V=1.004 pu (raw 1.010) I=329.4 A (raw 327.3) PF=0.9026 FB=CLOSE CMD=CLOSE
[2026-05-19 14:32:24] Bus 3: V=1.008 pu (raw 1.008) I=399.3 A (raw 400.2) PF=0.9041 FB=CLOSE CMD=CLOSE
[2026-05-19 14:32:24] Bus 4: V=1.011 pu (raw 1.010) I=451.4 A (raw 450.8) PF=0.9222 FB=CLOSE CMD=CLOSE
[2026-05-19 14:32:24] Bus 5: V=1.012 pu (raw 1.008) I=457.5 A (raw 459.0) PF=0.9877 FB=CLOSE CMD=CLOSE
DT_PATH_LAT,h2,1779175944.771157,22


[2026-05-19 14:32:28] Bus 1: V=1.023 pu (raw 1.020) I=728.6 A (raw 726.4) PF=0.9529 FB=CLOSE CMD=CLOSE
[2026-05-19 14:32:28] Bus 2: V=1.014 pu (raw 1.010) I=327.0 A (raw 327.3) PF=0.9026 FB=CLOSE CMD=CLOSE
[2026-05-19 14:32:28] Bus 3: V=1.006 pu (raw 1.008) I=401.8 A (raw 400.2) PF=0.9041 FB=CLOSE CMD=CLOSE
[2026-05-19 14:32:28] Bus 4: V=1.010 pu (raw 1.010) I=451.0 A (raw 450.8) PF=0.9222 FB=CLOSE CMD=CLOSE
[2026-05-19 14:32:28] Bus 5: V=1.012 pu (raw 1.008) I=458.6 A (raw 459.0) PF=0.9877 FB=CLOSE CMD=CLOSE
DT_PATH_LAT,h2,1779175948.903579,23


[2026-05-19 14:32:32] Bus 1: V=1.013 pu (raw 1.020) I=906.9 A (raw 907.4) PF=0.9739 FB=CLOSE CMD=CLOSE
[2026-05-19 14:32:32] Bus 2: V=1.003 pu (raw 1.009) I=430.1 A (raw 428.8) PF=0.9252 FB=CLOSE CMD=CLOSE
[2026-05-19 14:32:32] Bus 3: V=1.007 pu (raw 1.006) I=452.8 A (raw 453.7) PF=0.9156 FB=CLOSE CMD=CLOSE
[2026-05-19 14:32:32] Bus 4: V=1.010 pu (raw 1.010) I=504.4 A (raw 503.1) PF=0.8263 FB=CLOSE CMD=CLOSE
[2026-05-19 14:32:32] Bus 5: V=1.008 pu (raw 1.008) I=508.2 A (raw 506.2) PF=0.9684 FB=CLOSE CMD=CLOSE
DT_PATH_LAT,h2,1779175953.025373,24


[2026-05-19 14:32:37] Bus 1: V=1.020 pu (raw 1.020) I=909.0 A (raw 907.4) PF=0.9739 FB=CLOSE CMD=CLOSE
[2026-05-19 14:32:37] Bus 2: V=1.013 pu (raw 1.009) I=431.2 A (raw 428.8) PF=0.9252 FB=CLOSE CMD=CLOSE
[2026-05-19 14:32:37] Bus 3: V=1.004 pu (raw 1.006) I=455.1 A (raw 453.7) PF=0.9156 FB=CLOSE CMD=CLOSE
[2026-05-19 14:32:37] Bus 4: V=1.004 pu (raw 1.010) I=501.5 A (raw 503.1) PF=0.8263 FB=CLOSE CMD=CLOSE
[2026-05-19 14:32:37] Bus 5: V=1.002 pu (raw 1.008) I=507.8 A (raw 506.2) PF=0.9684 FB=CLOSE CMD=CLOSE
DT_PATH_LAT,h2,1779175957.149678,25


[2026-05-19 14:32:41] Bus 1: V=1.016 pu (raw 1.020) I=783.3 A (raw 783.3) PF=0.9650 FB=CLOSE CMD=CLOSE
[2026-05-19 14:32:41] Bus 2: V=1.009 pu (raw 1.010) I=327.3 A (raw 327.3) PF=0.9197 FB=CLOSE CMD=CLOSE
[2026-05-19 14:32:41] Bus 3: V=1.005 pu (raw 1.007) I=443.5 A (raw 443.2) PF=0.9036 FB=CLOSE CMD=CLOSE
[2026-05-19 14:32:41] Bus 4: V=1.015 pu (raw 1.010) I=464.3 A (raw 464.2) PF=0.8956 FB=CLOSE CMD=CLOSE
[2026-05-19 14:32:41] Bus 5: V=1.010 pu (raw 1.008) I=481.1 A (raw 479.6) PF=0.9859 FB=CLOSE CMD=CLOSE
DT_PATH_LAT,h2,1779175961.270587,26


[2026-05-19 14:32:45] Bus 1: V=1.019 pu (raw 1.020) I=781.4 A (raw 783.3) PF=0.9650 FB=CLOSE CMD=CLOSE
[2026-05-19 14:32:45] Bus 2: V=1.008 pu (raw 1.010) I=328.9 A (raw 327.3) PF=0.9197 FB=CLOSE CMD=CLOSE
[2026-05-19 14:32:45] Bus 3: V=1.002 pu (raw 1.007) I=442.3 A (raw 443.2) PF=0.9036 FB=CLOSE CMD=CLOSE
[2026-05-19 14:32:45] Bus 4: V=1.013 pu (raw 1.010) I=465.4 A (raw 464.2) PF=0.8956 FB=CLOSE CMD=CLOSE
[2026-05-19 14:32:45] Bus 5: V=1.008 pu (raw 1.008) I=480.8 A (raw 479.6) PF=0.9859 FB=CLOSE CMD=CLOSE
DT_PATH_LAT,h2,1779175965.390945,27


[2026-05-19 14:32:49] Bus 1: V=1.020 pu (raw 1.020) I=843.9 A (raw 845.7) PF=0.9691 FB=CLOSE CMD=CLOSE
[2026-05-19 14:32:49] Bus 2: V=1.005 pu (raw 1.010) I=350.2 A (raw 351.1) PF=0.9175 FB=CLOSE CMD=CLOSE
[2026-05-19 14:32:49] Bus 3: V=1.009 pu (raw 1.006) I=505.7 A (raw 506.5) PF=0.9259 FB=CLOSE CMD=CLOSE
[2026-05-19 14:32:49] Bus 4: V=1.007 pu (raw 1.010) I=501.2 A (raw 502.4) PF=0.8276 FB=CLOSE CMD=CLOSE
[2026-05-19 14:32:49] Bus 5: V=1.003 pu (raw 1.008) I=469.8 A (raw 469.9) PF=0.9519 FB=CLOSE CMD=CLOSE
DT_PATH_LAT,h2,1779175969.506099,28


[2026-05-19 14:32:53] Bus 1: V=1.016 pu (raw 1.020) I=846.2 A (raw 845.7) PF=0.9691 FB=CLOSE CMD=CLOSE
[2026-05-19 14:32:53] Bus 2: V=1.003 pu (raw 1.010) I=351.6 A (raw 351.1) PF=0.9175 FB=CLOSE CMD=CLOSE
[2026-05-19 14:32:53] Bus 3: V=1.004 pu (raw 1.006) I=503.6 A (raw 506.5) PF=0.9259 FB=CLOSE CMD=CLOSE
[2026-05-19 14:32:53] Bus 4: V=1.012 pu (raw 1.010) I=502.0 A (raw 502.4) PF=0.8276 FB=CLOSE CMD=CLOSE
[2026-05-19 14:32:53] Bus 5: V=1.001 pu (raw 1.008) I=468.6 A (raw 469.9) PF=0.9519 FB=CLOSE CMD=CLOSE
DT_PATH_LAT,h2,1779175973.633112,29


[2026-05-19 14:32:57] Bus 1: V=1.021 pu (raw 1.020) I=762.6 A (raw 763.3) PF=0.9701 FB=CLOSE CMD=CLOSE
[2026-05-19 14:32:57] Bus 2: V=1.013 pu (raw 1.011) I=292.4 A (raw 291.2) PF=0.9502 FB=CLOSE CMD=CLOSE
[2026-05-19 14:32:57] Bus 3: V=1.009 pu (raw 1.007) I=475.9 A (raw 475.4) PF=0.9180 FB=CLOSE CMD=CLOSE
[2026-05-19 14:32:57] Bus 4: V=1.014 pu (raw 1.010) I=475.0 A (raw 474.0) PF=0.8771 FB=CLOSE CMD=CLOSE
[2026-05-19 14:32:57] Bus 5: V=1.009 pu (raw 1.008) I=458.7 A (raw 461.9) PF=0.9653 FB=CLOSE CMD=CLOSE
DT_PATH_LAT,h2,1779175977.751148,30


[2026-05-19 14:33:01] Bus 1: V=1.023 pu (raw 1.020) I=765.3 A (raw 763.3) PF=0.9701 FB=CLOSE CMD=CLOSE
[2026-05-19 14:33:01] Bus 2: V=1.010 pu (raw 1.011) I=290.5 A (raw 291.2) PF=0.9502 FB=CLOSE CMD=CLOSE
[2026-05-19 14:33:01] Bus 3: V=1.013 pu (raw 1.007) I=472.8 A (raw 475.4) PF=0.9180 FB=CLOSE CMD=CLOSE
[2026-05-19 14:33:01] Bus 4: V=1.011 pu (raw 1.010) I=477.6 A (raw 474.0) PF=0.8771 FB=CLOSE CMD=CLOSE
[2026-05-19 14:33:01] Bus 5: V=1.005 pu (raw 1.008) I=462.9 A (raw 461.9) PF=0.9653 FB=CLOSE CMD=CLOSE
DT_PATH_LAT,h2,1779175981.871886,31


[2026-05-19 14:33:05] Bus 1: V=1.026 pu (raw 1.020) I=922.4 A (raw 922.6) PF=0.9803 FB=CLOSE CMD=CLOSE
[2026-05-19 14:33:05] Bus 2: V=1.012 pu (raw 1.010) I=442.1 A (raw 440.7) PF=0.9423 FB=CLOSE CMD=CLOSE
[2026-05-19 14:33:05] Bus 3: V=1.004 pu (raw 1.007) I=485.2 A (raw 485.3) PF=0.9575 FB=CLOSE CMD=CLOSE
[2026-05-19 14:33:05] Bus 4: V=1.011 pu (raw 1.010) I=469.8 A (raw 468.6) PF=0.8872 FB=CLOSE CMD=CLOSE
[2026-05-19 14:33:05] Bus 5: V=1.008 pu (raw 1.008) I=452.3 A (raw 452.6) PF=0.9788 FB=CLOSE CMD=CLOSE
DT_PATH_LAT,h2,1779175985.988922,32


[2026-05-19 14:33:10] Bus 1: V=1.017 pu (raw 1.020) I=922.1 A (raw 922.6) PF=0.9803 FB=CLOSE CMD=CLOSE
[2026-05-19 14:33:10] Bus 2: V=1.013 pu (raw 1.010) I=440.9 A (raw 440.7) PF=0.9423 FB=CLOSE CMD=CLOSE
[2026-05-19 14:33:10] Bus 3: V=1.004 pu (raw 1.007) I=484.0 A (raw 485.3) PF=0.9575 FB=CLOSE CMD=CLOSE
[2026-05-19 14:33:10] Bus 4: V=1.018 pu (raw 1.010) I=470.3 A (raw 468.6) PF=0.8872 FB=CLOSE CMD=CLOSE
[2026-05-19 14:33:10] Bus 5: V=1.010 pu (raw 1.008) I=448.7 A (raw 452.6) PF=0.9788 FB=CLOSE CMD=CLOSE
DT_PATH_LAT,h2,1779175990.232681,33


[2026-05-19 14:33:14] Bus 1: V=1.022 pu (raw 1.020) I=774.1 A (raw 773.4) PF=0.9696 FB=CLOSE CMD=OPEN
[2026-05-19 14:33:14] Bus 2: V=1.016 pu (raw 1.011) I=388.7 A (raw 388.0) PF=0.9430 FB=CLOSE CMD=CLOSE
[2026-05-19 14:33:14] Bus 3: V=1.008 pu (raw 1.008) I=378.4 A (raw 377.6) PF=0.9377 FB=CLOSE CMD=CLOSE
[2026-05-19 14:33:14] Bus 4: V=1.004 pu (raw 1.010) I=463.3 A (raw 461.8) PF=0.9003 FB=CLOSE CMD=CLOSE
[2026-05-19 14:33:14] Bus 5: V=1.009 pu (raw 1.008) I=462.4 A (raw 463.4) PF=0.9674 FB=CLOSE CMD=CLOSE
DT_PATH_LAT,h2,1779175994.356939,34


[2026-05-19 14:33:18] Bus 1: V=1.024 pu (raw 1.020) I=776.1 A (raw 773.4) PF=0.9696 FB=OPEN CMD=CLOSE
[2026-05-19 14:33:18] Bus 2: V=1.007 pu (raw 1.011) I=387.0 A (raw 388.0) PF=0.9430 FB=CLOSE CMD=CLOSE
[2026-05-19 14:33:18] Bus 3: V=1.009 pu (raw 1.008) I=377.9 A (raw 377.6) PF=0.9377 FB=CLOSE CMD=CLOSE
[2026-05-19 14:33:18] Bus 4: V=1.009 pu (raw 1.010) I=460.3 A (raw 461.8) PF=0.9003 FB=CLOSE CMD=CLOSE
[2026-05-19 14:33:18] Bus 5: V=1.014 pu (raw 1.008) I=465.0 A (raw 463.4) PF=0.9674 FB=CLOSE CMD=CLOSE
DT_PATH_LAT,h2,1779175998.479976,35


[2026-05-19 14:33:22] Bus 1: V=1.016 pu (raw 1.020) I=845.2 A (raw 847.2) PF=0.9801 FB=CLOSE CMD=CLOSE
[2026-05-19 14:33:22] Bus 2: V=1.015 pu (raw 1.010) I=340.0 A (raw 338.5) PF=0.9763 FB=CLOSE CMD=CLOSE
[2026-05-19 14:33:22] Bus 3: V=1.012 pu (raw 1.007) I=498.9 A (raw 497.7) PF=0.9037 FB=CLOSE CMD=CLOSE
[2026-05-19 14:33:22] Bus 4: V=1.007 pu (raw 1.010) I=499.5 A (raw 499.1) PF=0.8330 FB=CLOSE CMD=CLOSE
[2026-05-19 14:33:22] Bus 5: V=1.002 pu (raw 1.008) I=488.5 A (raw 489.6) PF=0.9571 FB=CLOSE CMD=CLOSE
DT_PATH_LAT,h2,1779176002.625229,36


[2026-05-19 14:33:26] Bus 1: V=1.020 pu (raw 1.020) I=848.0 A (raw 847.2) PF=0.9801 FB=CLOSE CMD=OPEN
[2026-05-19 14:33:26] Bus 2: V=1.008 pu (raw 1.010) I=338.3 A (raw 338.5) PF=0.9763 FB=CLOSE CMD=CLOSE
[2026-05-19 14:33:26] Bus 3: V=1.008 pu (raw 1.007) I=498.2 A (raw 497.7) PF=0.9037 FB=CLOSE CMD=CLOSE
[2026-05-19 14:33:26] Bus 4: V=1.012 pu (raw 1.010) I=499.4 A (raw 499.1) PF=0.8330 FB=CLOSE CMD=CLOSE
[2026-05-19 14:33:26] Bus 5: V=1.007 pu (raw 1.008) I=490.8 A (raw 489.6) PF=0.9571 FB=CLOSE CMD=CLOSE
DT_PATH_LAT,h2,1779176006.737398,37


