Memulai Server OPC UA
Endpoints other than open requested but private key and certificate are not set.
Listening on 10.0.2.2:4840
Memulai Modbus Gateway di 0.0.0.0:5020


[2026-05-10 01:15:07] [iter 1] [Bus 1] P/Q/CMD -> V_in=0.0000 pu, I_in=0.0000 A, V_out=0.0000 pu, I_out=0.0000 A, V_DT=1.0000 pu, P=0.0000 MW, Q=0.0000 MVar
[2026-05-10 01:15:07] [iter 1] [Bus 2] P/Q/CMD -> V_in=0.0000 pu, I_in=0.0000 A, V_out=0.0000 pu, I_out=0.0000 A, V_DT=1.0000 pu, P=0.0000 MW, Q=0.0000 MVar
[2026-05-10 01:15:07] [iter 1] [Bus 3] P/Q/CMD -> V_in=0.0000 pu, I_in=0.0000 A, V_out=0.0000 pu, I_out=0.0000 A, V_DT=1.0000 pu, P=0.0000 MW, Q=0.0000 MVar
[2026-05-10 01:15:07] [iter 1] [Bus 4] P/Q/CMD -> V_in=0.0000 pu, I_in=0.0000 A, V_out=0.0000 pu, I_out=0.0000 A, V_DT=1.0000 pu, P=0.0000 MW, Q=0.0000 MVar
[2026-05-10 01:15:07] [iter 1] [Bus 5] P/Q/CMD -> V_in=0.0000 pu, I_in=0.0000 A, V_out=0.0000 pu, I_out=0.0000 A, V_DT=1.0000 pu, P=0.0000 MW, Q=0.0000 MVar


[2026-05-10 01:15:11] [iter 2] [Bus 1] P/Q/CMD -> V_in=1.0120 pu, I_in=97.7241 A, V_out=1.0120 pu, I_out=97.7241 A, V_DT=1.0500 pu, P=32.7546 MW, Q=9.5534 MVar
[2026-05-10 01:15:11] [iter 2] [Bus 2] P/Q/CMD -> V_in=0.9770 pu, I_in=190.6552 A, V_out=0.9770 pu, I_out=190.6552 A, V_DT=1.0500 pu, P=73.2600 MW, Q=24.0794 MVar
[2026-05-10 01:15:11] [Bus 2] Command breaker ke RTU: OPEN
[2026-05-10 01:15:11] [iter 2] [Bus 3] P/Q/CMD -> V_in=1.0220 pu, I_in=377.1379 A, V_out=1.0220 pu, I_out=377.1379 A, V_DT=1.0405 pu, P=128.9858 MW, Q=32.3269 MVar
[2026-05-10 01:15:11] [iter 2] [Bus 4] P/Q/CMD -> V_in=1.0390 pu, I_in=121.5862 A, V_out=1.0390 pu, I_out=121.5862 A, V_DT=1.0377 pu, P=47.1134 MW, Q=17.0999 MVar
[2026-05-10 01:15:11] [iter 2] [Bus 5] P/Q/CMD -> V_in=0.9920 pu, I_in=101.9655 A, V_out=0.9920 pu, I_out=101.9655 A, V_DT=1.0396 pu, P=33.5008 MW, Q=9.7711 MVar


[2026-05-10 01:15:15] [iter 3] [Bus 1] P/Q/CMD -> V_in=0.9710 pu, I_in=319.6207 A, V_out=0.9710 pu, I_out=319.6207 A, V_DT=1.0487 pu, P=102.7885 MW, Q=29.9800 MVar
[2026-05-10 01:15:15] [iter 3] [Bus 2] P/Q/CMD -> V_in=0.9520 pu, I_in=184.3448 A, V_out=0.9520 pu, I_out=184.3448 A, V_DT=1.0351 pu, P=69.0227 MW, Q=22.6867 MVar
[2026-05-10 01:15:15] [Bus 2] Command breaker ke RTU: CLOSE
[2026-05-10 01:15:15] [iter 3] [Bus 3] P/Q/CMD -> V_in=1.0140 pu, I_in=323.2069 A, V_out=1.0140 pu, I_out=323.2069 A, V_DT=1.0339 pu, P=109.6754 MW, Q=27.4873 MVar
[2026-05-10 01:15:15] [iter 3] [Bus 4] P/Q/CMD -> V_in=0.9720 pu, I_in=357.5517 A, V_out=0.9720 pu, I_out=357.5517 A, V_DT=1.0352 pu, P=129.6134 MW, Q=47.0434 MVar
[2026-05-10 01:15:15] [iter 3] [Bus 5] P/Q/CMD -> V_in=1.0300 pu, I_in=88.2069 A, V_out=1.0300 pu, I_out=88.2069 A, V_DT=1.0369 pu, P=30.0905 MW, Q=8.7764 MVar


[2026-05-10 01:15:19] [iter 4] [Bus 1] P/Q/CMD -> V_in=1.0300 pu, I_in=1545.3103 A, V_out=1.0300 pu, I_out=1545.3103 A, V_DT=1.0474 pu, P=527.1610 MW, Q=153.7553 MVar
[2026-05-10 01:15:19] [iter 4] [Bus 2] P/Q/CMD -> V_in=0.9840 pu, I_in=1554.0690 A, V_out=0.9840 pu, I_out=1554.0690 A, V_DT=1.0488 pu, P=601.4359 MW, Q=197.6824 MVar
[2026-05-10 01:15:19] [Bus 2] Command breaker ke RTU: OPEN
[2026-05-10 01:15:19] [iter 4] [Bus 3] P/Q/CMD -> V_in=1.0450 pu, I_in=1671.3793 A, V_out=1.0450 pu, I_out=1671.3793 A, V_DT=1.0408 pu, P=584.4968 MW, Q=146.4887 MVar
[2026-05-10 01:15:19] [iter 4] [Bus 4] P/Q/CMD -> V_in=0.9590 pu, I_in=136.1724 A, V_out=0.9590 pu, I_out=136.1724 A, V_DT=1.0393 pu, P=48.7026 MW, Q=17.6767 MVar
[2026-05-10 01:15:19] [iter 4] [Bus 5] P/Q/CMD -> V_in=1.0340 pu, I_in=1569.4483 A, V_out=1.0340 pu, I_out=1569.4483 A, V_DT=1.0412 pu, P=537.4745 MW, Q=156.7634 MVar


[2026-05-10 01:15:23] [iter 5] [Bus 1] P/Q/CMD -> V_in=1.0300 pu, I_in=1545.3103 A, V_out=1.0300 pu, I_out=1545.3103 A, V_DT=1.0362 pu, P=527.1610 MW, Q=153.7553 MVar
[2026-05-10 01:15:23] [iter 5] [Bus 2] P/Q/CMD -> V_in=0.9840 pu, I_in=1554.0690 A, V_out=0.9840 pu, I_out=1554.0690 A, V_DT=1.0181 pu, P=601.4359 MW, Q=197.6824 MVar
[2026-05-10 01:15:23] [Bus 2] Command breaker ke RTU: CLOSE
[2026-05-10 01:15:23] [iter 5] [Bus 3] P/Q/CMD -> V_in=1.0450 pu, I_in=1671.3793 A, V_out=1.0450 pu, I_out=1671.3793 A, V_DT=1.0247 pu, P=584.4968 MW, Q=146.4887 MVar
[2026-05-10 01:15:23] [iter 5] [Bus 4] P/Q/CMD -> V_in=0.9590 pu, I_in=136.1724 A, V_out=0.9590 pu, I_out=136.1724 A, V_DT=1.0331 pu, P=48.7026 MW, Q=17.6767 MVar
[2026-05-10 01:15:23] [iter 5] [Bus 5] P/Q/CMD -> V_in=1.0340 pu, I_in=1569.4483 A, V_out=1.0340 pu, I_out=1569.4483 A, V_DT=1.0334 pu, P=537.4745 MW, Q=156.7634 MVar


[2026-05-10 01:15:27] [iter 6] [Bus 1] P/Q/CMD -> V_in=1.0300 pu, I_in=397.2414 A, V_out=1.0300 pu, I_out=397.2414 A, V_DT=1.0268 pu, P=135.5133 MW, Q=39.5247 MVar
[2026-05-10 01:15:27] [iter 6] [Bus 2] P/Q/CMD -> V_in=1.0020 pu, I_in=514.7241 A, V_out=1.0020 pu, I_out=514.7241 A, V_DT=1.0280 pu, P=202.8459 MW, Q=66.6722 MVar
[2026-05-10 01:15:27] [iter 6] [Bus 3] P/Q/CMD -> V_in=0.9870 pu, I_in=335.2414 A, V_out=0.9870 pu, I_out=335.2414 A, V_DT=1.0231 pu, P=110.7301 MW, Q=27.7516 MVar
[2026-05-10 01:15:27] [iter 6] [Bus 4] P/Q/CMD -> V_in=1.0320 pu, I_in=348.9655 A, V_out=1.0320 pu, I_out=348.9655 A, V_DT=1.0275 pu, P=134.3096 MW, Q=48.7479 MVar
[2026-05-10 01:15:27] [iter 6] [Bus 5] P/Q/CMD -> V_in=1.0360 pu, I_in=330.3793 A, V_out=1.0360 pu, I_out=330.3793 A, V_DT=1.0268 pu, P=113.3608 MW, Q=33.0636 MVar


[2026-05-10 01:15:31] [iter 7] [Bus 1] P/Q/CMD -> V_in=1.0200 pu, I_in=1590.7241 A, V_out=1.0200 pu, I_out=1590.7241 A, V_DT=1.0321 pu, P=537.3848 MW, Q=156.7372 MVar
[2026-05-10 01:15:31] [iter 7] [Bus 2] P/Q/CMD -> V_in=0.9720 pu, I_in=1645.4483 A, V_out=0.9720 pu, I_out=1645.4483 A, V_DT=1.0340 pu, P=629.0345 MW, Q=206.7536 MVar
[2026-05-10 01:15:31] [iter 7] [Bus 3] P/Q/CMD -> V_in=0.9570 pu, I_in=1585.2759 A, V_out=0.9570 pu, I_out=1585.2759 A, V_DT=1.0305 pu, P=507.7005 MW, Q=127.2417 MVar
[2026-05-10 01:15:31] [iter 7] [Bus 4] P/Q/CMD -> V_in=0.9600 pu, I_in=1620.5172 A, V_out=0.9600 pu, I_out=1620.5172 A, V_DT=1.0334 pu, P=580.1893 MW, Q=210.5806 MVar
[2026-05-10 01:15:31] [iter 7] [Bus 5] P/Q/CMD -> V_in=1.0120 pu, I_in=1612.3448 A, V_out=1.0120 pu, I_out=1612.3448 A, V_DT=1.0334 pu, P=540.4167 MW, Q=157.6215 MVar


[2026-05-10 01:15:35] [iter 8] [Bus 1] P/Q/CMD -> V_in=0.9870 pu, I_in=1633.1034 A, V_out=0.9870 pu, I_out=1633.1034 A, V_DT=1.0232 pu, P=533.8524 MW, Q=155.7069 MVar
[2026-05-10 01:15:35] [iter 8] [Bus 2] P/Q/CMD -> V_in=0.9760 pu, I_in=512.4828 A, V_out=0.9760 pu, I_out=512.4828 A, V_DT=1.0202 pu, P=196.7220 MW, Q=64.6594 MVar
[2026-05-10 01:15:35] [iter 8] [Bus 3] P/Q/CMD -> V_in=1.0140 pu, I_in=1659.0690 A, V_out=1.0140 pu, I_out=1659.0690 A, V_DT=1.0118 pu, P=562.9803 MW, Q=141.0962 MVar
[2026-05-10 01:15:35] [iter 8] [Bus 4] P/Q/CMD -> V_in=0.9670 pu, I_in=1599.6897 A, V_out=0.9670 pu, I_out=1599.6897 A, V_DT=1.0077 pu, P=576.9086 MW, Q=209.3899 MVar
[2026-05-10 01:15:35] [iter 8] [Bus 5] P/Q/CMD -> V_in=0.9660 pu, I_in=264.0690 A, V_out=0.9660 pu, I_out=264.0690 A, V_DT=1.0088 pu, P=84.4860 MW, Q=24.6418 MVar


[2026-05-10 01:15:39] [iter 9] [Bus 1] P/Q/CMD -> V_in=0.9870 pu, I_in=182.6897 A, V_out=0.9870 pu, I_out=182.6897 A, V_DT=1.0185 pu, P=59.7202 MW, Q=17.4184 MVar
[2026-05-10 01:15:39] [Bus 1] Command breaker ke RTU: OPEN
[2026-05-10 01:15:39] [iter 9] [Bus 2] P/Q/CMD -> V_in=0.9760 pu, I_in=512.4828 A, V_out=0.9760 pu, I_out=512.4828 A, V_DT=1.0209 pu, P=196.7220 MW, Q=64.6594 MVar
[2026-05-10 01:15:39] [iter 9] [Bus 3] P/Q/CMD -> V_in=1.0140 pu, I_in=351.1034 A, V_out=1.0140 pu, I_out=351.1034 A, V_DT=1.0081 pu, P=119.1417 MW, Q=29.8597 MVar
[2026-05-10 01:15:39] [iter 9] [Bus 4] P/Q/CMD -> V_in=0.9670 pu, I_in=423.0690 A, V_out=0.9670 pu, I_out=423.0690 A, V_DT=1.0022 pu, P=152.5747 MW, Q=55.3772 MVar
[2026-05-10 01:15:39] [Bus 4] Command breaker ke RTU: OPEN
[2026-05-10 01:15:39] [iter 9] [Bus 5] P/Q/CMD -> V_in=0.9660 pu, I_in=264.0690 A, V_out=0.9660 pu, I_out=264.0690 A, V_DT=1.0049 pu, P=84.4860 MW, Q=24.6418 MVar


[2026-05-10 01:15:43] [iter 10] [Bus 1] P/Q/CMD -> V_in=1.0480 pu, I_in=1576.5517 A, V_out=1.0480 pu, I_out=1576.5517 A, V_DT=1.0131 pu, P=547.2173 MW, Q=159.6051 MVar
[2026-05-10 01:15:43] [Bus 1] Command breaker ke RTU: CLOSE
[2026-05-10 01:15:43] [iter 10] [Bus 2] P/Q/CMD -> V_in=1.0040 pu, I_in=1604.1379 A, V_out=1.0040 pu, I_out=1604.1379 A, V_DT=1.0248 pu, P=633.4311 MW, Q=208.1987 MVar
[2026-05-10 01:15:43] [Bus 2] Command breaker ke RTU: OPEN
[2026-05-10 01:15:43] [iter 10] [Bus 3] P/Q/CMD -> V_in=1.0340 pu, I_in=415.5517 A, V_out=1.0340 pu, I_out=415.5517 A, V_DT=1.0124 pu, P=143.7926 MW, Q=36.0378 MVar
[2026-05-10 01:15:43] [iter 10] [Bus 4] P/Q/CMD -> V_in=0.9720 pu, I_in=105.0345 A, V_out=0.9720 pu, I_out=105.0345 A, V_DT=0.9867 pu, P=38.0753 MW, Q=13.8195 MVar
[2026-05-10 01:15:43] [Bus 4] Command breaker ke RTU: CLOSE
[2026-05-10 01:15:43] [iter 10] [Bus 5] P/Q/CMD -> V_in=0.9810 pu, I_in=1527.3793 A, V_out=0.9810 pu, I_out=1527.3793 A, V_DT=0.9927 pu, P=496.2565 MW, Q=144.7415 MVar
[2026-05-10 01:15:43] [Bus 5] Command breaker ke RTU: OPEN


[2026-05-10 01:15:47] [iter 11] [Bus 1] P/Q/CMD -> V_in=0.9710 pu, I_in=1688.2414 A, V_out=0.9710 pu, I_out=1688.2414 A, V_DT=1.0234 pu, P=542.9303 MW, Q=158.3547 MVar
[2026-05-10 01:15:47] [Bus 1] Command breaker ke RTU: OPEN
[2026-05-10 01:15:47] [iter 11] [Bus 2] P/Q/CMD -> V_in=1.0370 pu, I_in=1518.6552 A, V_out=1.0370 pu, I_out=1518.6552 A, V_DT=0.9937 pu, P=619.3867 MW, Q=203.5826 MVar
[2026-05-10 01:15:47] [Bus 2] Command breaker ke RTU: CLOSE
[2026-05-10 01:15:47] [iter 11] [Bus 3] P/Q/CMD -> V_in=1.0140 pu, I_in=1515.0000 A, V_out=1.0140 pu, I_out=1515.0000 A, V_DT=1.0042 pu, P=514.0927 MW, Q=128.8438 MVar
[2026-05-10 01:15:47] [iter 11] [Bus 4] P/Q/CMD -> V_in=1.0410 pu, I_in=1661.7241 A, V_out=1.0410 pu, I_out=1661.7241 A, V_DT=1.0058 pu, P=645.1407 MW, Q=234.1548 MVar
[2026-05-10 01:15:47] [Bus 4] Command breaker ke RTU: OPEN
[2026-05-10 01:15:47] [iter 11] [Bus 5] P/Q/CMD -> V_in=0.9760 pu, I_in=1582.6897 A, V_out=0.9760 pu, I_out=1582.6897 A, V_DT=1.0058 pu, P=511.6063 MW, Q=149.2185 MVar
[2026-05-10 01:15:47] [Bus 5] Command breaker ke RTU: CLOSE


[2026-05-10 01:15:51] [iter 12] [Bus 1] P/Q/CMD -> V_in=1.0060 pu, I_in=1659.5172 A, V_out=1.0060 pu, I_out=1659.5172 A, V_DT=0.9971 pu, P=552.9299 MW, Q=161.2712 MVar
[2026-05-10 01:15:51] [Bus 1] Command breaker ke RTU: CLOSE
[2026-05-10 01:15:51] [iter 12] [Bus 2] P/Q/CMD -> V_in=1.0080 pu, I_in=1504.4828 A, V_out=1.0080 pu, I_out=1504.4828 A, V_DT=1.0013 pu, P=596.4468 MW, Q=196.0426 MVar
[2026-05-10 01:15:51] [Bus 2] Command breaker ke RTU: OPEN
[2026-05-10 01:15:51] [iter 12] [Bus 3] P/Q/CMD -> V_in=0.9890 pu, I_in=1575.6207 A, V_out=0.9890 pu, I_out=1575.6207 A, V_DT=0.9788 pu, P=521.4814 MW, Q=130.6956 MVar
[2026-05-10 01:15:51] [iter 12] [Bus 4] P/Q/CMD -> V_in=1.0490 pu, I_in=1679.5517 A, V_out=1.0490 pu, I_out=1679.5517 A, V_DT=0.9238 pu, P=657.0731 MW, Q=238.4857 MVar
[2026-05-10 01:15:51] [Bus 4] Command breaker ke RTU: CLOSE
[2026-05-10 01:15:51] [iter 12] [Bus 5] P/Q/CMD -> V_in=0.9590 pu, I_in=1638.9310 A, V_out=0.9590 pu, I_out=1638.9310 A, V_DT=0.9318 pu, P=520.5586 MW, Q=151.8296 MVar
[2026-05-10 01:15:51] [Bus 5] Command breaker ke RTU: OPEN


[2026-05-10 01:15:55] [iter 13] [Bus 1] P/Q/CMD -> V_in=0.9600 pu, I_in=379.1724 A, V_out=0.9600 pu, I_out=379.1724 A, V_DT=1.0147 pu, P=120.5586 MW, Q=35.1629 MVar
[2026-05-10 01:15:55] [Bus 1] Command breaker ke RTU: OPEN
[2026-05-10 01:15:55] [iter 13] [Bus 2] P/Q/CMD -> V_in=1.0290 pu, I_in=266.2069 A, V_out=1.0290 pu, I_out=266.2069 A, V_DT=0.9489 pu, P=107.7354 MW, Q=35.4109 MVar
[2026-05-10 01:15:55] [Bus 2] Command breaker ke RTU: CLOSE
[2026-05-10 01:15:55] [iter 13] [Bus 3] P/Q/CMD -> V_in=0.9560 pu, I_in=267.8276 A, V_out=0.9560 pu, I_out=267.8276 A, V_DT=0.9530 pu, P=85.6848 MW, Q=21.4746 MVar
[2026-05-10 01:15:55] [Bus 3] Command breaker ke RTU: OPEN
[2026-05-10 01:15:55] [iter 13] [Bus 4] P/Q/CMD -> V_in=1.0490 pu, I_in=305.8966 A, V_out=1.0490 pu, I_out=305.8966 A, V_DT=0.9384 pu, P=119.6726 MW, Q=43.4354 MVar
[2026-05-10 01:15:55] [Bus 4] Command breaker ke RTU: OPEN
[2026-05-10 01:15:55] [iter 13] [Bus 5] P/Q/CMD -> V_in=1.0470 pu, I_in=446.1379 A, V_out=1.0470 pu, I_out=446.1379 A, V_DT=0.9400 pu, P=154.7056 MW, Q=45.1225 MVar
[2026-05-10 01:15:55] [Bus 5] Command breaker ke RTU: CLOSE


[2026-05-10 01:15:59] [iter 14] [Bus 1] P/Q/CMD -> V_in=0.9600 pu, I_in=379.1724 A, V_out=0.9600 pu, I_out=379.1724 A, V_DT=1.0067 pu, P=120.5586 MW, Q=35.1629 MVar
[2026-05-10 01:15:59] [Bus 1] Command breaker ke RTU: CLOSE
[2026-05-10 01:15:59] [iter 14] [Bus 2] P/Q/CMD -> V_in=1.0290 pu, I_in=1537.1034 A, V_out=1.0290 pu, I_out=1537.1034 A, V_DT=1.0253 pu, P=622.0745 MW, Q=204.4660 MVar
[2026-05-10 01:15:59] [Bus 2] Command breaker ke RTU: OPEN
[2026-05-10 01:15:59] [iter 14] [Bus 3] P/Q/CMD -> V_in=0.9560 pu, I_in=1571.0000 A, V_out=0.9560 pu, I_out=1571.0000 A, V_DT=0.9805 pu, P=502.6028 MW, Q=125.9641 MVar
[2026-05-10 01:15:59] [Bus 3] Command breaker ke RTU: CLOSE
[2026-05-10 01:15:59] [iter 14] [Bus 4] P/Q/CMD -> V_in=1.0490 pu, I_in=1653.0345 A, V_out=1.0490 pu, I_out=1653.0345 A, V_DT=0.9441 pu, P=646.6990 MW, Q=234.7204 MVar
[2026-05-10 01:15:59] [Bus 4] Command breaker ke RTU: CLOSE
[2026-05-10 01:15:59] [iter 14] [Bus 5] P/Q/CMD -> V_in=1.0470 pu, I_in=446.1379 A, V_out=1.0470 pu, I_out=446.1379 A, V_DT=0.9515 pu, P=154.7056 MW, Q=45.1225 MVar
[2026-05-10 01:15:59] [Bus 5] Command breaker ke RTU: OPEN


[2026-05-10 01:16:03] [iter 15] [Bus 1] P/Q/CMD -> V_in=0.9510 pu, I_in=1546.7241 A, V_out=0.9510 pu, I_out=1546.7241 A, V_DT=1.0312 pu, P=487.1736 MW, Q=142.0923 MVar
[2026-05-10 01:16:03] [Bus 1] Command breaker ke RTU: OPEN
[2026-05-10 01:16:03] [iter 15] [Bus 2] P/Q/CMD -> V_in=1.0180 pu, I_in=1563.7586 A, V_out=1.0180 pu, I_out=1563.7586 A, V_DT=0.9750 pu, P=626.0967 MW, Q=205.7880 MVar
[2026-05-10 01:16:03] [Bus 2] Command breaker ke RTU: CLOSE
[2026-05-10 01:16:03] [iter 15] [Bus 3] P/Q/CMD -> V_in=0.9760 pu, I_in=1507.8621 A, V_out=0.9760 pu, I_out=1507.8621 A, V_DT=0.9836 pu, P=492.4955 MW, Q=123.4310 MVar
[2026-05-10 01:16:03] [iter 15] [Bus 4] P/Q/CMD -> V_in=0.9610 pu, I_in=1686.1034 A, V_out=0.9610 pu, I_out=1686.1034 A, V_DT=0.9793 pu, P=604.2997 MW, Q=219.3315 MVar
[2026-05-10 01:16:03] [Bus 4] Command breaker ke RTU: OPEN
[2026-05-10 01:16:03] [iter 15] [Bus 5] P/Q/CMD -> V_in=0.9950 pu, I_in=1553.0000 A, V_out=0.9950 pu, I_out=1553.0000 A, V_DT=0.9818 pu, P=511.7818 MW, Q=149.2697 MVar
[2026-05-10 01:16:03] [Bus 5] Command breaker ke RTU: CLOSE


[2026-05-10 01:16:07] [iter 16] [Bus 1] P/Q/CMD -> V_in=1.0370 pu, I_in=196.6552 A, V_out=1.0370 pu, I_out=196.6552 A, V_DT=1.0073 pu, P=67.5421 MW, Q=19.6998 MVar
[2026-05-10 01:16:07] [Bus 1] Command breaker ke RTU: CLOSE
[2026-05-10 01:16:07] [iter 16] [Bus 2] P/Q/CMD -> V_in=1.0000 pu, I_in=166.7241 A, V_out=1.0000 pu, I_out=166.7241 A, V_DT=0.9943 pu, P=65.5726 MW, Q=21.5527 MVar
[2026-05-10 01:16:07] [Bus 2] Command breaker ke RTU: OPEN
[2026-05-10 01:16:07] [iter 16] [Bus 3] P/Q/CMD -> V_in=1.0410 pu, I_in=452.7586 A, V_out=1.0410 pu, I_out=452.7586 A, V_DT=0.9675 pu, P=157.7278 MW, Q=39.5303 MVar
[2026-05-10 01:16:07] [iter 16] [Bus 4] P/Q/CMD -> V_in=0.9790 pu, I_in=377.0345 A, V_out=0.9790 pu, I_out=377.0345 A, V_DT=0.9038 pu, P=137.6602 MW, Q=49.9640 MVar
[2026-05-10 01:16:07] [Bus 4] Command breaker ke RTU: CLOSE
[2026-05-10 01:16:07] [iter 16] [Bus 5] P/Q/CMD -> V_in=1.0100 pu, I_in=153.6897 A, V_out=1.0100 pu, I_out=153.6897 A, V_DT=0.9155 pu, P=51.4110 MW, Q=14.9949 MVar
[2026-05-10 01:16:07] [Bus 5] Command breaker ke RTU: OPEN


[2026-05-10 01:16:11] [iter 17] [Bus 1] P/Q/CMD -> V_in=1.0260 pu, I_in=317.2759 A, V_out=1.0260 pu, I_out=317.2759 A, V_DT=1.0329 pu, P=107.8139 MW, Q=31.4457 MVar
[2026-05-10 01:16:11] [Bus 1] Command breaker ke RTU: OPEN
[2026-05-10 01:16:11] [iter 17] [Bus 2] P/Q/CMD -> V_in=1.0270 pu, I_in=1513.7931 A, V_out=1.0270 pu, I_out=1513.7931 A, V_DT=0.9932 pu, P=611.4499 MW, Q=200.9739 MVar
[2026-05-10 01:16:11] [Bus 2] Command breaker ke RTU: CLOSE
[2026-05-10 01:16:11] [iter 17] [Bus 3] P/Q/CMD -> V_in=0.9500 pu, I_in=1553.7586 A, V_out=0.9500 pu, I_out=1553.7586 A, V_DT=0.9998 pu, P=493.9671 MW, Q=123.7998 MVar
[2026-05-10 01:16:11] [iter 17] [Bus 4] P/Q/CMD -> V_in=0.9510 pu, I_in=1585.4483 A, V_out=0.9510 pu, I_out=1585.4483 A, V_DT=0.9966 pu, P=562.3120 MW, Q=204.0920 MVar
[2026-05-10 01:16:11] [Bus 4] Command breaker ke RTU: OPEN
[2026-05-10 01:16:11] [iter 17] [Bus 5] P/Q/CMD -> V_in=1.0370 pu, I_in=1621.5517 A, V_out=1.0370 pu, I_out=1621.5517 A, V_DT=0.9984 pu, P=556.9291 MW, Q=162.4376 MVar
[2026-05-10 01:16:11] [Bus 5] Command breaker ke RTU: CLOSE


[2026-05-10 01:16:15] [iter 18] [Bus 1] P/Q/CMD -> V_in=0.9800 pu, I_in=1567.3448 A, V_out=0.9800 pu, I_out=1567.3448 A, V_DT=1.0222 pu, P=508.7225 MW, Q=148.3774 MVar
[2026-05-10 01:16:15] [Bus 1] Command breaker ke RTU: CLOSE
[2026-05-10 01:16:15] [iter 18] [Bus 2] P/Q/CMD -> V_in=1.0370 pu, I_in=1602.6207 A, V_out=1.0370 pu, I_out=1602.6207 A, V_DT=1.0082 pu, P=653.6322 MW, Q=214.8385 MVar
[2026-05-10 01:16:15] [Bus 2] Command breaker ke RTU: OPEN
[2026-05-10 01:16:15] [iter 18] [Bus 3] P/Q/CMD -> V_in=0.9580 pu, I_in=1661.9655 A, V_out=0.9580 pu, I_out=1661.9655 A, V_DT=0.9901 pu, P=532.8173 MW, Q=133.5366 MVar
[2026-05-10 01:16:15] [iter 18] [Bus 4] P/Q/CMD -> V_in=0.9560 pu, I_in=1698.1724 A, V_out=0.9560 pu, I_out=1698.1724 A, V_DT=0.9451 pu, P=605.4586 MW, Q=219.7521 MVar
[2026-05-10 01:16:15] [Bus 4] Command breaker ke RTU: CLOSE
[2026-05-10 01:16:15] [iter 18] [Bus 5] P/Q/CMD -> V_in=1.0260 pu, I_in=1608.8966 A, V_out=1.0260 pu, I_out=1608.8966 A, V_DT=0.9548 pu, P=546.7211 MW, Q=159.4603 MVar
[2026-05-10 01:16:15] [Bus 5] Command breaker ke RTU: OPEN


[2026-05-10 01:16:19] [iter 19] [Bus 1] P/Q/CMD -> V_in=0.9800 pu, I_in=1514.7586 A, V_out=0.9800 pu, I_out=1514.7586 A, V_DT=1.0280 pu, P=491.6543 MW, Q=143.3992 MVar
[2026-05-10 01:16:19] [Bus 1] Command breaker ke RTU: OPEN
[2026-05-10 01:16:19] [iter 19] [Bus 2] P/Q/CMD -> V_in=1.0370 pu, I_in=1636.4138 A, V_out=1.0370 pu, I_out=1636.4138 A, V_DT=0.9520 pu, P=667.4148 MW, Q=219.3686 MVar
[2026-05-10 01:16:19] [Bus 2] Command breaker ke RTU: CLOSE
[2026-05-10 01:16:19] [iter 19] [Bus 3] P/Q/CMD -> V_in=0.9580 pu, I_in=315.1379 A, V_out=0.9580 pu, I_out=315.1379 A, V_DT=0.9573 pu, P=101.0316 MW, Q=25.3209 MVar
[2026-05-10 01:16:19] [Bus 3] Command breaker ke RTU: OPEN
[2026-05-10 01:16:19] [iter 19] [Bus 4] P/Q/CMD -> V_in=0.9560 pu, I_in=1664.8621 A, V_out=0.9560 pu, I_out=1664.8621 A, V_DT=0.9446 pu, P=593.5823 MW, Q=215.4416 MVar
[2026-05-10 01:16:19] [Bus 4] Command breaker ke RTU: OPEN
[2026-05-10 01:16:19] [iter 19] [Bus 5] P/Q/CMD -> V_in=1.0260 pu, I_in=140.8621 A, V_out=1.0260 pu, I_out=140.8621 A, V_DT=0.9465 pu, P=47.8665 MW, Q=13.9611 MVar
[2026-05-10 01:16:19] [Bus 5] Command breaker ke RTU: CLOSE


[2026-05-10 01:16:23] [iter 20] [Bus 1] P/Q/CMD -> V_in=0.9970 pu, I_in=331.0000 A, V_out=0.9970 pu, I_out=331.0000 A, V_DT=1.0046 pu, P=109.2983 MW, Q=31.8787 MVar
[2026-05-10 01:16:23] [Bus 1] Command breaker ke RTU: CLOSE
[2026-05-10 01:16:23] [iter 20] [Bus 2] P/Q/CMD -> V_in=0.9760 pu, I_in=483.6207 A, V_out=0.9760 pu, I_out=483.6207 A, V_DT=1.0083 pu, P=185.6430 MW, Q=61.0179 MVar
[2026-05-10 01:16:23] [Bus 2] Command breaker ke RTU: OPEN
[2026-05-10 01:16:23] [iter 20] [Bus 3] P/Q/CMD -> V_in=0.9920 pu, I_in=182.7241 A, V_out=0.9920 pu, I_out=182.7241 A, V_DT=0.9514 pu, P=60.6594 MW, Q=15.2027 MVar
[2026-05-10 01:16:23] [Bus 3] Command breaker ke RTU: CLOSE
[2026-05-10 01:16:23] [iter 20] [Bus 4] P/Q/CMD -> V_in=1.0020 pu, I_in=407.8966 A, V_out=1.0020 pu, I_out=407.8966 A, V_DT=0.8944 pu, P=152.4272 MW, Q=55.3237 MVar
[2026-05-10 01:16:23] [Bus 4] Command breaker ke RTU: CLOSE
[2026-05-10 01:16:23] [iter 20] [Bus 5] P/Q/CMD -> V_in=0.9700 pu, I_in=232.2759 A, V_out=0.9700 pu, I_out=232.2759 A, V_DT=0.9069 pu, P=74.6219 MW, Q=21.7647 MVar
[2026-05-10 01:16:23] [Bus 5] Command breaker ke RTU: OPEN


[2026-05-10 01:16:27] [iter 21] [Bus 1] P/Q/CMD -> V_in=1.0490 pu, I_in=1510.3103 A, V_out=1.0490 pu, I_out=1510.3103 A, V_DT=1.0308 pu, P=524.7253 MW, Q=153.0449 MVar
[2026-05-10 01:16:27] [Bus 1] Command breaker ke RTU: OPEN
[2026-05-10 01:16:27] [iter 21] [Bus 2] P/Q/CMD -> V_in=0.9930 pu, I_in=1537.1724 A, V_out=0.9930 pu, I_out=1537.1724 A, V_DT=0.9890 pu, P=600.3379 MW, Q=197.3215 MVar
[2026-05-10 01:16:27] [Bus 2] Command breaker ke RTU: CLOSE
[2026-05-10 01:16:27] [iter 21] [Bus 3] P/Q/CMD -> V_in=0.9620 pu, I_in=1638.0345 A, V_out=0.9620 pu, I_out=1638.0345 A, V_DT=1.0005 pu, P=527.3378 MW, Q=132.1633 MVar
[2026-05-10 01:16:27] [iter 21] [Bus 4] P/Q/CMD -> V_in=0.9830 pu, I_in=1554.8276 A, V_out=0.9830 pu, I_out=1554.8276 A, V_DT=0.9968 pu, P=570.0075 MW, Q=206.8851 MVar
[2026-05-10 01:16:27] [Bus 4] Command breaker ke RTU: OPEN
[2026-05-10 01:16:27] [iter 21] [Bus 5] P/Q/CMD -> V_in=0.9730 pu, I_in=1503.2414 A, V_out=0.9730 pu, I_out=1503.2414 A, V_DT=0.9991 pu, P=484.4310 MW, Q=141.2924 MVar
[2026-05-10 01:16:27] [Bus 5] Command breaker ke RTU: CLOSE


[2026-05-10 01:16:31] [iter 22] [Bus 1] P/Q/CMD -> V_in=0.9570 pu, I_in=1623.9655 A, V_out=0.9570 pu, I_out=1623.9655 A, V_DT=1.0053 pu, P=514.7295 MW, Q=150.1294 MVar
[2026-05-10 01:16:31] [Bus 1] Command breaker ke RTU: CLOSE
[2026-05-10 01:16:31] [iter 22] [Bus 2] P/Q/CMD -> V_in=0.9720 pu, I_in=1565.5517 A, V_out=0.9720 pu, I_out=1565.5517 A, V_DT=1.0023 pu, P=598.4910 MW, Q=196.7145 MVar
[2026-05-10 01:16:31] [Bus 2] Command breaker ke RTU: OPEN
[2026-05-10 01:16:31] [iter 22] [Bus 3] P/Q/CMD -> V_in=1.0350 pu, I_in=1587.3793 A, V_out=1.0350 pu, I_out=1587.3793 A, V_DT=0.9816 pu, P=549.8091 MW, Q=137.7951 MVar
[2026-05-10 01:16:31] [iter 22] [Bus 4] P/Q/CMD -> V_in=0.9730 pu, I_in=1568.1034 A, V_out=0.9730 pu, I_out=1568.1034 A, V_DT=0.9259 pu, P=569.0263 MW, Q=206.5290 MVar
[2026-05-10 01:16:31] [Bus 4] Command breaker ke RTU: CLOSE
[2026-05-10 01:16:31] [iter 22] [Bus 5] P/Q/CMD -> V_in=0.9710 pu, I_in=1548.1724 A, V_out=0.9710 pu, I_out=1548.1724 A, V_DT=0.9362 pu, P=497.8848 MW, Q=145.2164 MVar
[2026-05-10 01:16:31] [Bus 5] Command breaker ke RTU: OPEN


[2026-05-10 01:16:35] [iter 23] [Bus 1] P/Q/CMD -> V_in=1.0430 pu, I_in=325.3793 A, V_out=1.0430 pu, I_out=325.3793 A, V_DT=1.0197 pu, P=112.3995 MW, Q=32.7832 MVar
[2026-05-10 01:16:35] [Bus 1] Command breaker ke RTU: OPEN
[2026-05-10 01:16:35] [iter 23] [Bus 2] P/Q/CMD -> V_in=0.9970 pu, I_in=434.7931 A, V_out=0.9970 pu, I_out=434.7931 A, V_DT=0.9513 pu, P=170.4911 MW, Q=56.0377 MVar
[2026-05-10 01:16:35] [Bus 2] Command breaker ke RTU: CLOSE
[2026-05-10 01:16:35] [iter 23] [Bus 3] P/Q/CMD -> V_in=1.0300 pu, I_in=166.7931 A, V_out=1.0300 pu, I_out=166.7931 A, V_DT=0.9570 pu, P=57.4918 MW, Q=14.4088 MVar
[2026-05-10 01:16:35] [Bus 3] Command breaker ke RTU: OPEN
[2026-05-10 01:16:35] [iter 23] [Bus 4] P/Q/CMD -> V_in=0.9590 pu, I_in=289.5517 A, V_out=0.9590 pu, I_out=289.5517 A, V_DT=0.9447 pu, P=103.5594 MW, Q=37.5870 MVar
[2026-05-10 01:16:35] [Bus 4] Command breaker ke RTU: OPEN
[2026-05-10 01:16:35] [iter 23] [Bus 5] P/Q/CMD -> V_in=0.9920 pu, I_in=296.0000 A, V_out=0.9920 pu, I_out=296.0000 A, V_DT=0.9471 pu, P=97.2509 MW, Q=28.3649 MVar
[2026-05-10 01:16:35] [Bus 5] Command breaker ke RTU: CLOSE


[2026-05-10 01:16:39] [iter 24] [Bus 1] P/Q/CMD -> V_in=1.0430 pu, I_in=1672.0690 A, V_out=1.0430 pu, I_out=1672.0690 A, V_DT=1.0111 pu, P=577.6022 MW, Q=168.4673 MVar
[2026-05-10 01:16:39] [Bus 1] Command breaker ke RTU: CLOSE
[2026-05-10 01:16:39] [iter 24] [Bus 2] P/Q/CMD -> V_in=0.9970 pu, I_in=1533.2069 A, V_out=0.9970 pu, I_out=1533.2069 A, V_DT=1.0242 pu, P=601.2012 MW, Q=197.6053 MVar
[2026-05-10 01:16:39] [Bus 2] Command breaker ke RTU: OPEN
[2026-05-10 01:16:39] [iter 24] [Bus 3] P/Q/CMD -> V_in=1.0300 pu, I_in=1634.0345 A, V_out=1.0300 pu, I_out=1634.0345 A, V_DT=0.9877 pu, P=563.2345 MW, Q=141.1599 MVar
[2026-05-10 01:16:39] [Bus 3] Command breaker ke RTU: CLOSE
[2026-05-10 01:16:39] [iter 24] [Bus 4] P/Q/CMD -> V_in=0.9590 pu, I_in=289.5517 A, V_out=0.9590 pu, I_out=289.5517 A, V_DT=0.9550 pu, P=103.5594 MW, Q=37.5870 MVar
[2026-05-10 01:16:39] [Bus 4] Command breaker ke RTU: CLOSE
[2026-05-10 01:16:39] [iter 24] [Bus 5] P/Q/CMD -> V_in=0.9920 pu, I_in=1643.4828 A, V_out=0.9920 pu, I_out=1643.4828 A, V_DT=0.9628 pu, P=539.9669 MW, Q=157.4904 MVar
[2026-05-10 01:16:39] [Bus 5] Command breaker ke RTU: OPEN


[2026-05-10 01:16:43] [iter 25] [Bus 1] P/Q/CMD -> V_in=1.0220 pu, I_in=376.0000 A, V_out=1.0220 pu, I_out=376.0000 A, V_DT=1.0215 pu, P=127.2709 MW, Q=37.1207 MVar
[2026-05-10 01:16:43] [Bus 1] Command breaker ke RTU: OPEN
[2026-05-10 01:16:43] [iter 25] [Bus 2] P/Q/CMD -> V_in=1.0480 pu, I_in=1629.1379 A, V_out=1.0480 pu, I_out=1629.1379 A, V_DT=0.9741 pu, P=671.4955 MW, Q=220.7099 MVar
[2026-05-10 01:16:43] [Bus 2] Command breaker ke RTU: CLOSE
[2026-05-10 01:16:43] [iter 25] [Bus 3] P/Q/CMD -> V_in=0.9900 pu, I_in=239.8276 A, V_out=0.9900 pu, I_out=239.8276 A, V_DT=0.9829 pu, P=79.4557 MW, Q=19.9135 MVar
[2026-05-10 01:16:43] [Bus 3] Command breaker ke RTU: OPEN
[2026-05-10 01:16:43] [iter 25] [Bus 4] P/Q/CMD -> V_in=1.0360 pu, I_in=1558.9310 A, V_out=1.0360 pu, I_out=1558.9310 A, V_DT=0.9825 pu, P=602.3258 MW, Q=218.6151 MVar
[2026-05-10 01:16:43] [Bus 4] Command breaker ke RTU: OPEN
[2026-05-10 01:16:43] [iter 25] [Bus 5] P/Q/CMD -> V_in=0.9690 pu, I_in=1553.5517 A, V_out=0.9690 pu, I_out=1553.5517 A, V_DT=0.9827 pu, P=498.5857 MW, Q=145.4208 MVar
[2026-05-10 01:16:43] [Bus 5] Command breaker ke RTU: CLOSE


[2026-05-10 01:16:47] [iter 26] [Bus 1] P/Q/CMD -> V_in=0.9920 pu, I_in=212.3793 A, V_out=0.9920 pu, I_out=212.3793 A, V_DT=1.0115 pu, P=69.7773 MW, Q=20.3517 MVar
[2026-05-10 01:16:47] [Bus 1] Command breaker ke RTU: CLOSE
[2026-05-10 01:16:47] [iter 26] [Bus 2] P/Q/CMD -> V_in=0.9740 pu, I_in=507.3448 A, V_out=0.9740 pu, I_out=507.3448 A, V_DT=1.0124 pu, P=194.3507 MW, Q=63.8800 MVar
[2026-05-10 01:16:47] [Bus 2] Command breaker ke RTU: OPEN
[2026-05-10 01:16:47] [iter 26] [Bus 3] P/Q/CMD -> V_in=0.9940 pu, I_in=470.0690 A, V_out=0.9940 pu, I_out=470.0690 A, V_DT=0.9702 pu, P=156.3647 MW, Q=39.1887 MVar
[2026-05-10 01:16:47] [Bus 3] Command breaker ke RTU: CLOSE
[2026-05-10 01:16:47] [iter 26] [Bus 4] P/Q/CMD -> V_in=1.0040 pu, I_in=109.7931 A, V_out=1.0040 pu, I_out=109.7931 A, V_DT=0.9253 pu, P=41.1106 MW, Q=14.9211 MVar
[2026-05-10 01:16:47] [Bus 4] Command breaker ke RTU: CLOSE
[2026-05-10 01:16:47] [iter 26] [Bus 5] P/Q/CMD -> V_in=1.0490 pu, I_in=434.5517 A, V_out=1.0490 pu, I_out=434.5517 A, V_DT=0.9339 pu, P=150.9758 MW, Q=44.0346 MVar
[2026-05-10 01:16:47] [Bus 5] Command breaker ke RTU: OPEN


[2026-05-10 01:16:51] [iter 27] [Bus 1] P/Q/CMD -> V_in=1.0460 pu, I_in=473.7931 A, V_out=1.0460 pu, I_out=473.7931 A, V_DT=1.0347 pu, P=164.1386 MW, Q=47.8738 MVar
[2026-05-10 01:16:51] [Bus 1] Command breaker ke RTU: OPEN
[2026-05-10 01:16:51] [iter 27] [Bus 2] P/Q/CMD -> V_in=1.0340 pu, I_in=1657.7586 A, V_out=1.0340 pu, I_out=1657.7586 A, V_DT=0.9921 pu, P=674.1643 MW, Q=221.5871 MVar
[2026-05-10 01:16:51] [Bus 2] Command breaker ke RTU: CLOSE
[2026-05-10 01:16:51] [iter 27] [Bus 3] P/Q/CMD -> V_in=0.9980 pu, I_in=1569.6552 A, V_out=0.9980 pu, I_out=1569.6552 A, V_DT=1.0036 pu, P=524.2345 MW, Q=131.3856 MVar
[2026-05-10 01:16:51] [iter 27] [Bus 4] P/Q/CMD -> V_in=0.9900 pu, I_in=1541.0345 A, V_out=0.9900 pu, I_out=1541.0345 A, V_DT=1.0022 pu, P=568.9739 MW, Q=206.5099 MVar
[2026-05-10 01:16:51] [Bus 4] Command breaker ke RTU: OPEN
[2026-05-10 01:16:51] [iter 27] [Bus 5] P/Q/CMD -> V_in=0.9870 pu, I_in=1590.5862 A, V_out=0.9870 pu, I_out=1590.5862 A, V_DT=1.0024 pu, P=519.9537 MW, Q=151.6532 MVar
[2026-05-10 01:16:51] [Bus 5] Command breaker ke RTU: CLOSE


[2026-05-10 01:16:55] [iter 28] [Bus 1] P/Q/CMD -> V_in=0.9760 pu, I_in=1621.8966 A, V_out=0.9760 pu, I_out=1621.8966 A, V_DT=1.0219 pu, P=524.2800 MW, Q=152.9150 MVar
[2026-05-10 01:16:55] [Bus 1] Command breaker ke RTU: CLOSE
[2026-05-10 01:16:55] [iter 28] [Bus 2] P/Q/CMD -> V_in=0.9950 pu, I_in=1677.0345 A, V_out=0.9950 pu, I_out=1677.0345 A, V_DT=1.0074 pu, P=656.2798 MW, Q=215.7087 MVar
[2026-05-10 01:16:55] [Bus 2] Command breaker ke RTU: OPEN
[2026-05-10 01:16:55] [iter 28] [Bus 3] P/Q/CMD -> V_in=1.0450 pu, I_in=1629.4483 A, V_out=1.0450 pu, I_out=1629.4483 A, V_DT=0.9931 pu, P=569.8331 MW, Q=142.8136 MVar
[2026-05-10 01:16:55] [iter 28] [Bus 4] P/Q/CMD -> V_in=1.0040 pu, I_in=1520.9655 A, V_out=1.0040 pu, I_out=1520.9655 A, V_DT=0.9528 pu, P=569.5054 MW, Q=206.7029 MVar
[2026-05-10 01:16:55] [Bus 4] Command breaker ke RTU: CLOSE
[2026-05-10 01:16:55] [iter 28] [Bus 5] P/Q/CMD -> V_in=0.9650 pu, I_in=1616.1034 A, V_out=0.9650 pu, I_out=1616.1034 A, V_DT=0.9609 pu, P=516.5196 MW, Q=150.6515 MVar
[2026-05-10 01:16:55] [Bus 5] Command breaker ke RTU: OPEN


[2026-05-10 01:16:59] [iter 29] [Bus 1] P/Q/CMD -> V_in=1.0460 pu, I_in=1649.9310 A, V_out=1.0460 pu, I_out=1649.9310 A, V_DT=1.0276 pu, P=571.5942 MW, Q=166.7150 MVar
[2026-05-10 01:16:59] [Bus 1] Command breaker ke RTU: OPEN
[2026-05-10 01:16:59] [iter 29] [Bus 2] P/Q/CMD -> V_in=1.0040 pu, I_in=1606.5172 A, V_out=1.0040 pu, I_out=1606.5172 A, V_DT=0.9496 pu, P=634.3706 MW, Q=208.5075 MVar
[2026-05-10 01:16:59] [Bus 2] Command breaker ke RTU: CLOSE
[2026-05-10 01:16:59] [iter 29] [Bus 3] P/Q/CMD -> V_in=0.9550 pu, I_in=361.3448 A, V_out=0.9550 pu, I_out=361.3448 A, V_DT=0.9579 pu, P=115.4825 MW, Q=28.9426 MVar
[2026-05-10 01:16:59] [Bus 3] Command breaker ke RTU: OPEN
[2026-05-10 01:16:59] [iter 29] [Bus 4] P/Q/CMD -> V_in=1.0000 pu, I_in=1606.4138 A, V_out=1.0000 pu, I_out=1606.4138 A, V_DT=0.9487 pu, P=599.1040 MW, Q=217.4457 MVar
[2026-05-10 01:16:59] [Bus 4] Command breaker ke RTU: OPEN
[2026-05-10 01:16:59] [iter 29] [Bus 5] P/Q/CMD -> V_in=0.9650 pu, I_in=529.2759 A, V_out=0.9650 pu, I_out=529.2759 A, V_DT=0.9500 pu, P=169.1608 MW, Q=49.3386 MVar
[2026-05-10 01:16:59] [Bus 5] Command breaker ke RTU: CLOSE


[2026-05-10 01:17:03] [iter 30] [Bus 1] P/Q/CMD -> V_in=1.0460 pu, I_in=327.7586 A, V_out=1.0460 pu, I_out=327.7586 A, V_DT=1.0009 pu, P=113.5471 MW, Q=33.1179 MVar
[2026-05-10 01:17:03] [Bus 1] Command breaker ke RTU: CLOSE
[2026-05-10 01:17:03] [iter 30] [Bus 2] P/Q/CMD -> V_in=1.0040 pu, I_in=415.6897 A, V_out=1.0040 pu, I_out=415.6897 A, V_DT=1.0064 pu, P=164.1447 MW, Q=53.9518 MVar
[2026-05-10 01:17:03] [Bus 2] Command breaker ke RTU: OPEN
[2026-05-10 01:17:03] [iter 30] [Bus 3] P/Q/CMD -> V_in=0.9550 pu, I_in=361.3448 A, V_out=0.9550 pu, I_out=361.3448 A, V_DT=0.9447 pu, P=115.4825 MW, Q=28.9426 MVar
[2026-05-10 01:17:03] [Bus 3] Command breaker ke RTU: CLOSE
[2026-05-10 01:17:03] [iter 30] [Bus 4] P/Q/CMD -> V_in=1.0000 pu, I_in=463.4483 A, V_out=1.0000 pu, I_out=463.4483 A, V_DT=0.8846 pu, P=172.8407 MW, Q=62.7328 MVar
[2026-05-10 01:17:03] [Bus 4] Command breaker ke RTU: CLOSE
[2026-05-10 01:17:03] [iter 30] [Bus 5] P/Q/CMD -> V_in=0.9650 pu, I_in=529.2759 A, V_out=0.9650 pu, I_out=529.2759 A, V_DT=0.8964 pu, P=169.1608 MW, Q=49.3386 MVar
[2026-05-10 01:17:03] [Bus 5] Command breaker ke RTU: OPEN


[2026-05-10 01:17:07] [iter 31] [Bus 1] P/Q/CMD -> V_in=0.9580 pu, I_in=177.3448 A, V_out=0.9580 pu, I_out=177.3448 A, V_DT=1.0289 pu, P=56.2697 MW, Q=16.4120 MVar
[2026-05-10 01:17:07] [Bus 1] Command breaker ke RTU: OPEN
[2026-05-10 01:17:07] [iter 31] [Bus 2] P/Q/CMD -> V_in=1.0080 pu, I_in=1539.5172 A, V_out=1.0080 pu, I_out=1539.5172 A, V_DT=0.9863 pu, P=610.3361 MW, Q=200.6078 MVar
[2026-05-10 01:17:07] [Bus 2] Command breaker ke RTU: CLOSE
[2026-05-10 01:17:07] [iter 31] [Bus 3] P/Q/CMD -> V_in=0.9730 pu, I_in=1675.6552 A, V_out=0.9730 pu, I_out=1675.6552 A, V_DT=0.9968 pu, P=545.6175 MW, Q=136.7446 MVar
[2026-05-10 01:17:07] [iter 31] [Bus 4] P/Q/CMD -> V_in=1.0390 pu, I_in=189.1034 A, V_out=1.0390 pu, I_out=189.1034 A, V_DT=0.9913 pu, P=73.2757 MW, Q=26.5955 MVar
[2026-05-10 01:17:07] [Bus 4] Command breaker ke RTU: OPEN
[2026-05-10 01:17:07] [iter 31] [Bus 5] P/Q/CMD -> V_in=1.0080 pu, I_in=1663.2759 A, V_out=1.0080 pu, I_out=1663.2759 A, V_DT=0.9928 pu, P=555.2840 MW, Q=161.9578 MVar
[2026-05-10 01:17:07] [Bus 5] Command breaker ke RTU: CLOSE


[2026-05-10 01:17:11] [iter 32] [Bus 1] P/Q/CMD -> V_in=0.9910 pu, I_in=1555.0345 A, V_out=0.9910 pu, I_out=1555.0345 A, V_DT=1.0206 pu, P=510.3922 MW, Q=148.8644 MVar
[2026-05-10 01:17:11] [Bus 1] Command breaker ke RTU: CLOSE
[2026-05-10 01:17:11] [iter 32] [Bus 2] P/Q/CMD -> V_in=1.0020 pu, I_in=1661.4138 A, V_out=1.0020 pu, I_out=1661.4138 A, V_DT=1.0111 pu, P=654.7409 MW, Q=215.2029 MVar
[2026-05-10 01:17:11] [Bus 2] Command breaker ke RTU: OPEN
[2026-05-10 01:17:11] [iter 32] [Bus 3] P/Q/CMD -> V_in=0.9700 pu, I_in=1507.9655 A, V_out=0.9700 pu, I_out=1507.9655 A, V_DT=0.9997 pu, P=489.5014 MW, Q=122.6806 MVar
[2026-05-10 01:17:11] [iter 32] [Bus 4] P/Q/CMD -> V_in=0.9730 pu, I_in=1612.8276 A, V_out=0.9730 pu, I_out=1612.8276 A, V_DT=0.9702 pu, P=585.2556 MW, Q=212.4194 MVar
[2026-05-10 01:17:11] [Bus 4] Command breaker ke RTU: CLOSE
[2026-05-10 01:17:11] [iter 32] [Bus 5] P/Q/CMD -> V_in=1.0160 pu, I_in=216.4483 A, V_out=1.0160 pu, I_out=216.4483 A, V_DT=0.9759 pu, P=72.8347 MW, Q=21.2434 MVar
[2026-05-10 01:17:11] [Bus 5] Command breaker ke RTU: OPEN


[2026-05-10 01:17:15] [iter 33] [Bus 1] P/Q/CMD -> V_in=0.9810 pu, I_in=427.0345 A, V_out=0.9810 pu, I_out=427.0345 A, V_DT=1.0281 pu, P=138.7466 MW, Q=40.4678 MVar
[2026-05-10 01:17:15] [Bus 1] Command breaker ke RTU: OPEN
[2026-05-10 01:17:15] [iter 33] [Bus 2] P/Q/CMD -> V_in=0.9570 pu, I_in=302.8276 A, V_out=0.9570 pu, I_out=302.8276 A, V_DT=0.9631 pu, P=113.9807 MW, Q=37.4636 MVar
[2026-05-10 01:17:15] [Bus 2] Command breaker ke RTU: CLOSE
[2026-05-10 01:17:15] [iter 33] [Bus 3] P/Q/CMD -> V_in=1.0490 pu, I_in=501.7241 A, V_out=1.0490 pu, I_out=501.7241 A, V_DT=0.9755 pu, P=176.1292 MW, Q=44.1421 MVar
[2026-05-10 01:17:15] [Bus 3] Command breaker ke RTU: OPEN
[2026-05-10 01:17:15] [iter 33] [Bus 4] P/Q/CMD -> V_in=0.9570 pu, I_in=190.0345 A, V_out=0.9570 pu, I_out=190.0345 A, V_DT=0.9776 pu, P=67.8249 MW, Q=24.6172 MVar
[2026-05-10 01:17:15] [Bus 4] Command breaker ke RTU: OPEN
[2026-05-10 01:17:15] [iter 33] [Bus 5] P/Q/CMD -> V_in=0.9760 pu, I_in=511.0690 A, V_out=0.9760 pu, I_out=511.0690 A, V_DT=0.9800 pu, P=165.2037 MW, Q=48.1844 MVar
[2026-05-10 01:17:15] [Bus 5] Command breaker ke RTU: CLOSE


[2026-05-10 01:17:19] [iter 34] [Bus 1] P/Q/CMD -> V_in=1.0380 pu, I_in=457.8276 A, V_out=1.0380 pu, I_out=457.8276 A, V_DT=1.0167 pu, P=157.3945 MW, Q=45.9067 MVar
[2026-05-10 01:17:19] [Bus 1] Command breaker ke RTU: CLOSE
[2026-05-10 01:17:19] [iter 34] [Bus 2] P/Q/CMD -> V_in=0.9860 pu, I_in=1583.9655 A, V_out=0.9860 pu, I_out=1583.9655 A, V_DT=1.0257 pu, P=614.2520 MW, Q=201.8949 MVar
[2026-05-10 01:17:19] [Bus 2] Command breaker ke RTU: OPEN
[2026-05-10 01:17:19] [iter 34] [Bus 3] P/Q/CMD -> V_in=1.0330 pu, I_in=1681.8276 A, V_out=1.0330 pu, I_out=1681.8276 A, V_DT=0.9997 pu, P=581.3968 MW, Q=145.7118 MVar
[2026-05-10 01:17:19] [Bus 3] Command breaker ke RTU: CLOSE
[2026-05-10 01:17:19] [iter 34] [Bus 4] P/Q/CMD -> V_in=1.0100 pu, I_in=1501.4483 A, V_out=1.0100 pu, I_out=1501.4483 A, V_DT=0.9809 pu, P=565.5572 MW, Q=205.2699 MVar
[2026-05-10 01:17:19] [Bus 4] Command breaker ke RTU: CLOSE
[2026-05-10 01:17:19] [iter 34] [Bus 5] P/Q/CMD -> V_in=1.0140 pu, I_in=1522.2414 A, V_out=1.0140 pu, I_out=1522.2414 A, V_DT=0.9866 pu, P=511.2247 MW, Q=149.1072 MVar
[2026-05-10 01:17:19] [Bus 5] Command breaker ke RTU: OPEN


[2026-05-10 01:17:23] [iter 35] [Bus 1] P/Q/CMD -> V_in=1.0380 pu, I_in=1575.4483 A, V_out=1.0380 pu, I_out=1575.4483 A, V_DT=1.0348 pu, P=541.6164 MW, Q=157.9715 MVar
[2026-05-10 01:17:23] [Bus 1] Command breaker ke RTU: OPEN
[2026-05-10 01:17:23] [iter 35] [Bus 2] P/Q/CMD -> V_in=0.9860 pu, I_in=159.6207 A, V_out=0.9860 pu, I_out=159.6207 A, V_DT=0.9725 pu, P=61.8999 MW, Q=20.3455 MVar
[2026-05-10 01:17:23] [Bus 2] Command breaker ke RTU: CLOSE
[2026-05-10 01:17:23] [iter 35] [Bus 3] P/Q/CMD -> V_in=1.0330 pu, I_in=1657.2069 A, V_out=1.0330 pu, I_out=1657.2069 A, V_DT=0.9816 pu, P=572.8856 MW, Q=143.5787 MVar
[2026-05-10 01:17:23] [iter 35] [Bus 4] P/Q/CMD -> V_in=1.0100 pu, I_in=1651.4483 A, V_out=1.0100 pu, I_out=1651.4483 A, V_DT=0.9803 pu, P=622.0584 MW, Q=225.7770 MVar
[2026-05-10 01:17:23] [Bus 4] Command breaker ke RTU: OPEN
[2026-05-10 01:17:23] [iter 35] [Bus 5] P/Q/CMD -> V_in=1.0140 pu, I_in=1564.1034 A, V_out=1.0140 pu, I_out=1564.1034 A, V_DT=0.9817 pu, P=525.2835 MW, Q=153.2077 MVar
[2026-05-10 01:17:23] [Bus 5] Command breaker ke RTU: CLOSE


[2026-05-10 01:17:27] [iter 36] [Bus 1] P/Q/CMD -> V_in=1.0310 pu, I_in=1623.7241 A, V_out=1.0310 pu, I_out=1623.7241 A, V_DT=1.0348 pu, P=554.4485 MW, Q=161.7142 MVar
[2026-05-10 01:17:27] [iter 36] [Bus 2] P/Q/CMD -> V_in=1.0160 pu, I_in=1590.4138 A, V_out=1.0160 pu, I_out=1590.4138 A, V_DT=0.9725 pu, P=635.5179 MW, Q=208.8846 MVar
[2026-05-10 01:17:27] [iter 36] [Bus 3] P/Q/CMD -> V_in=0.9630 pu, I_in=1676.2069 A, V_out=0.9630 pu, I_out=1676.2069 A, V_DT=0.9816 pu, P=540.1878 MW, Q=135.3838 MVar
[2026-05-10 01:17:27] [iter 36] [Bus 4] P/Q/CMD -> V_in=0.9600 pu, I_in=1582.4828 A, V_out=0.9600 pu, I_out=1582.4828 A, V_DT=0.9803 pu, P=566.5719 MW, Q=205.6381 MVar
[2026-05-10 01:17:27] [iter 36] [Bus 5] P/Q/CMD -> V_in=0.9770 pu, I_in=1683.0345 A, V_out=0.9770 pu, I_out=1683.0345 A, V_DT=0.9817 pu, P=544.6003 MW, Q=158.8418 MVar


[2026-05-10 01:17:31] [iter 37] [Bus 1] P/Q/CMD -> V_in=1.0200 pu, I_in=173.9310 A, V_out=1.0200 pu, I_out=173.9310 A, V_DT=1.0083 pu, P=58.7581 MW, Q=17.1378 MVar
[2026-05-10 01:17:31] [iter 37] [Bus 2] P/Q/CMD -> V_in=1.0120 pu, I_in=1590.4138 A, V_out=1.0120 pu, I_out=1590.4138 A, V_DT=0.9930 pu, P=633.0159 MW, Q=208.0623 MVar
[2026-05-10 01:17:31] [iter 37] [Bus 3] P/Q/CMD -> V_in=0.9630 pu, I_in=1676.2069 A, V_out=0.9630 pu, I_out=1676.2069 A, V_DT=0.9657 pu, P=540.1878 MW, Q=135.3838 MVar
[2026-05-10 01:17:31] [iter 37] [Bus 4] P/Q/CMD -> V_in=0.9600 pu, I_in=1582.4828 A, V_out=0.9600 pu, I_out=1582.4828 A, V_DT=0.9070 pu, P=566.5719 MW, Q=205.6381 MVar
[2026-05-10 01:17:31] [iter 37] [Bus 5] P/Q/CMD -> V_in=0.9770 pu, I_in=1683.0345 A, V_out=0.9770 pu, I_out=1683.0345 A, V_DT=0.9817 pu, P=544.6003 MW, Q=158.8418 MVar


[2026-05-10 01:17:35] [iter 38] [Bus 1] P/Q/CMD -> V_in=1.0200 pu, I_in=173.9310 A, V_out=1.0200 pu, I_out=173.9310 A, V_DT=1.0083 pu, P=58.7581 MW, Q=17.1378 MVar
[2026-05-10 01:17:35] [Bus 1] Command breaker ke RTU: CLOSE
[2026-05-10 01:17:35] [iter 38] [Bus 2] P/Q/CMD -> V_in=1.0120 pu, I_in=1564.8966 A, V_out=1.0120 pu, I_out=1564.8966 A, V_DT=0.9930 pu, P=622.8595 MW, Q=204.7240 MVar
[2026-05-10 01:17:35] [Bus 2] Command breaker ke RTU: OPEN
[2026-05-10 01:17:35] [iter 38] [Bus 3] P/Q/CMD -> V_in=1.0240 pu, I_in=323.2069 A, V_out=1.0240 pu, I_out=323.2069 A, V_DT=0.9657 pu, P=110.7571 MW, Q=27.7583 MVar
[2026-05-10 01:17:35] [iter 38] [Bus 4] P/Q/CMD -> V_in=0.9920 pu, I_in=93.0000 A, V_out=0.9920 pu, I_out=93.0000 A, V_DT=0.9070 pu, P=34.4064 MW, Q=12.4879 MVar
[2026-05-10 01:17:35] [Bus 4] Command breaker ke RTU: CLOSE
[2026-05-10 01:17:35] [iter 38] [Bus 5] P/Q/CMD -> V_in=0.9570 pu, I_in=1611.4138 A, V_out=0.9570 pu, I_out=1611.4138 A, V_DT=0.9172 pu, P=510.7511 MW, Q=148.9691 MVar
[2026-05-10 01:17:35] [Bus 5] Command breaker ke RTU: OPEN


[2026-05-10 01:17:39] [iter 39] [Bus 1] P/Q/CMD -> V_in=0.9500 pu, I_in=1556.1724 A, V_out=0.9500 pu, I_out=1556.1724 A, V_DT=1.0334 pu, P=489.6341 MW, Q=142.8099 MVar
[2026-05-10 01:17:39] [iter 39] [Bus 2] P/Q/CMD -> V_in=1.0330 pu, I_in=1603.7241 A, V_out=1.0330 pu, I_out=1603.7241 A, V_DT=0.9637 pu, P=651.5593 MW, Q=214.1572 MVar
[2026-05-10 01:17:39] [iter 39] [Bus 3] P/Q/CMD -> V_in=0.9640 pu, I_in=1679.2414 A, V_out=0.9640 pu, I_out=1679.2414 A, V_DT=0.9775 pu, P=541.7276 MW, Q=135.7697 MVar
[2026-05-10 01:17:39] [iter 39] [Bus 4] P/Q/CMD -> V_in=0.9800 pu, I_in=1630.6207 A, V_out=0.9800 pu, I_out=1630.6207 A, V_DT=0.9755 pu, P=595.9692 MW, Q=216.3079 MVar
[2026-05-10 01:17:39] [iter 39] [Bus 5] P/Q/CMD -> V_in=0.9570 pu, I_in=1611.4138 A, V_out=0.9570 pu, I_out=1611.4138 A, V_DT=0.9752 pu, P=510.7511 MW, Q=148.9691 MVar


[2026-05-10 01:17:43] [iter 40] [Bus 1] P/Q/CMD -> V_in=0.9500 pu, I_in=1556.1724 A, V_out=0.9500 pu, I_out=1556.1724 A, V_DT=1.0334 pu, P=489.6341 MW, Q=142.8099 MVar
[2026-05-10 01:17:43] [Bus 1] Command breaker ke RTU: OPEN
[2026-05-10 01:17:43] [iter 40] [Bus 2] P/Q/CMD -> V_in=1.0330 pu, I_in=1603.7241 A, V_out=1.0330 pu, I_out=1603.7241 A, V_DT=0.9637 pu, P=651.5593 MW, Q=214.1572 MVar
[2026-05-10 01:17:43] [Bus 2] Command breaker ke RTU: CLOSE
[2026-05-10 01:17:43] [iter 40] [Bus 3] P/Q/CMD -> V_in=0.9640 pu, I_in=1679.2414 A, V_out=0.9640 pu, I_out=1679.2414 A, V_DT=0.9775 pu, P=541.7276 MW, Q=135.7697 MVar
[2026-05-10 01:17:43] [Bus 3] Command breaker ke RTU: OPEN
[2026-05-10 01:17:43] [iter 40] [Bus 4] P/Q/CMD -> V_in=0.9800 pu, I_in=1630.6207 A, V_out=0.9800 pu, I_out=1630.6207 A, V_DT=0.9755 pu, P=595.9692 MW, Q=216.3079 MVar
[2026-05-10 01:17:43] [Bus 4] Command breaker ke RTU: OPEN
[2026-05-10 01:17:43] [iter 40] [Bus 5] P/Q/CMD -> V_in=1.0290 pu, I_in=453.6552 A, V_out=1.0290 pu, I_out=453.6552 A, V_DT=0.9752 pu, P=154.6079 MW, Q=45.0940 MVar
[2026-05-10 01:17:43] [Bus 5] Command breaker ke RTU: CLOSE


[2026-05-10 01:17:47] [iter 41] [Bus 1] P/Q/CMD -> V_in=1.0390 pu, I_in=173.6552 A, V_out=1.0390 pu, I_out=173.6552 A, V_DT=1.0094 pu, P=59.7577 MW, Q=17.4293 MVar
[2026-05-10 01:17:47] [Bus 1] Command breaker ke RTU: CLOSE
[2026-05-10 01:17:47] [iter 41] [Bus 2] P/Q/CMD -> V_in=0.9740 pu, I_in=136.7586 A, V_out=0.9740 pu, I_out=136.7586 A, V_DT=1.0072 pu, P=52.3887 MW, Q=17.2193 MVar
[2026-05-10 01:17:47] [Bus 2] Command breaker ke RTU: OPEN
[2026-05-10 01:17:47] [iter 41] [Bus 3] P/Q/CMD -> V_in=1.0280 pu, I_in=464.4138 A, V_out=1.0280 pu, I_out=464.4138 A, V_DT=0.9589 pu, P=159.7677 MW, Q=40.0416 MVar
[2026-05-10 01:17:47] [Bus 3] Command breaker ke RTU: CLOSE
[2026-05-10 01:17:47] [iter 41] [Bus 4] P/Q/CMD -> V_in=0.9900 pu, I_in=364.7931 A, V_out=0.9900 pu, I_out=364.7931 A, V_DT=0.9190 pu, P=134.6873 MW, Q=48.8850 MVar
[2026-05-10 01:17:47] [Bus 4] Command breaker ke RTU: CLOSE
[2026-05-10 01:17:47] [iter 41] [Bus 5] P/Q/CMD -> V_in=0.9650 pu, I_in=515.3793 A, V_out=0.9650 pu, I_out=515.3793 A, V_DT=0.9281 pu, P=164.7194 MW, Q=48.0431 MVar
[2026-05-10 01:17:47] [Bus 5] Command breaker ke RTU: OPEN


[2026-05-10 01:17:51] [iter 42] [Bus 1] P/Q/CMD -> V_in=1.0360 pu, I_in=499.7586 A, V_out=1.0360 pu, I_out=499.7586 A, V_DT=1.0341 pu, P=171.4788 MW, Q=50.0146 MVar
[2026-05-10 01:17:51] [Bus 1] Command breaker ke RTU: OPEN
[2026-05-10 01:17:51] [iter 42] [Bus 2] P/Q/CMD -> V_in=1.0310 pu, I_in=1518.0345 A, V_out=1.0310 pu, I_out=1518.0345 A, V_DT=0.9898 pu, P=615.5513 MW, Q=202.3219 MVar
[2026-05-10 01:17:51] [Bus 2] Command breaker ke RTU: CLOSE
[2026-05-10 01:17:51] [iter 42] [Bus 3] P/Q/CMD -> V_in=0.9520 pu, I_in=1647.2759 A, V_out=0.9520 pu, I_out=1647.2759 A, V_DT=0.9990 pu, P=524.8003 MW, Q=131.5274 MVar
[2026-05-10 01:17:51] [iter 42] [Bus 4] P/Q/CMD -> V_in=0.9830 pu, I_in=1526.2759 A, V_out=0.9830 pu, I_out=1526.2759 A, V_DT=0.9990 pu, P=559.5403 MW, Q=203.0860 MVar
[2026-05-10 01:17:51] [Bus 4] Command breaker ke RTU: OPEN
[2026-05-10 01:17:51] [iter 42] [Bus 5] P/Q/CMD -> V_in=1.0300 pu, I_in=1693.6552 A, V_out=1.0300 pu, I_out=1693.6552 A, V_DT=1.0000 pu, P=577.7668 MW, Q=168.5153 MVar
[2026-05-10 01:17:51] [Bus 5] Command breaker ke RTU: CLOSE


[2026-05-10 01:17:55] [iter 43] [Bus 1] P/Q/CMD -> V_in=1.0310 pu, I_in=199.3793 A, V_out=1.0310 pu, I_out=199.3793 A, V_DT=1.0211 pu, P=68.0815 MW, Q=19.8571 MVar
[2026-05-10 01:17:55] [Bus 1] Command breaker ke RTU: CLOSE
[2026-05-10 01:17:55] [iter 43] [Bus 2] P/Q/CMD -> V_in=1.0280 pu, I_in=1652.3103 A, V_out=1.0280 pu, I_out=1652.3103 A, V_DT=1.0066 pu, P=668.0496 MW, Q=219.5773 MVar
[2026-05-10 01:17:55] [Bus 2] Command breaker ke RTU: OPEN
[2026-05-10 01:17:55] [iter 43] [Bus 3] P/Q/CMD -> V_in=1.0370 pu, I_in=1512.0690 A, V_out=1.0370 pu, I_out=1512.0690 A, V_DT=0.9891 pu, P=524.7364 MW, Q=131.5113 MVar
[2026-05-10 01:17:55] [iter 43] [Bus 4] P/Q/CMD -> V_in=0.9720 pu, I_in=1559.4138 A, V_out=0.9720 pu, I_out=1559.4138 A, V_DT=0.9466 pu, P=565.2915 MW, Q=205.1734 MVar
[2026-05-10 01:17:55] [Bus 4] Command breaker ke RTU: CLOSE
[2026-05-10 01:17:55] [iter 43] [Bus 5] P/Q/CMD -> V_in=0.9960 pu, I_in=1669.6552 A, V_out=0.9960 pu, I_out=1669.6552 A, V_DT=0.9553 pu, P=550.7778 MW, Q=160.6435 MVar
[2026-05-10 01:17:55] [Bus 5] Command breaker ke RTU: OPEN


[2026-05-10 01:17:59] [iter 44] [Bus 1] P/Q/CMD -> V_in=1.0290 pu, I_in=182.8966 A, V_out=1.0290 pu, I_out=182.8966 A, V_DT=1.0384 pu, P=62.3320 MW, Q=18.1802 MVar
[2026-05-10 01:17:59] [iter 44] [Bus 2] P/Q/CMD -> V_in=0.9520 pu, I_in=181.7586 A, V_out=0.9520 pu, I_out=181.7586 A, V_DT=0.9535 pu, P=68.0544 MW, Q=22.3684 MVar
[2026-05-10 01:17:59] [Bus 2] Command breaker ke RTU: CLOSE
[2026-05-10 01:17:59] [iter 44] [Bus 3] P/Q/CMD -> V_in=0.9820 pu, I_in=476.8966 A, V_out=0.9820 pu, I_out=476.8966 A, V_DT=0.9624 pu, P=156.7207 MW, Q=39.2779 MVar
[2026-05-10 01:17:59] [Bus 3] Command breaker ke RTU: OPEN
[2026-05-10 01:17:59] [iter 44] [Bus 4] P/Q/CMD -> V_in=1.0460 pu, I_in=201.5862 A, V_out=1.0460 pu, I_out=201.5862 A, V_DT=0.9542 pu, P=78.6389 MW, Q=28.5421 MVar
[2026-05-10 01:17:59] [Bus 4] Command breaker ke RTU: OPEN
[2026-05-10 01:17:59] [iter 44] [Bus 5] P/Q/CMD -> V_in=1.0140 pu, I_in=260.3448 A, V_out=1.0140 pu, I_out=260.3448 A, V_DT=0.9554 pu, P=87.4334 MW, Q=25.5014 MVar
[2026-05-10 01:17:59] [Bus 5] Command breaker ke RTU: CLOSE


[2026-05-10 01:18:03] [iter 45] [Bus 1] P/Q/CMD -> V_in=1.0290 pu, I_in=1664.2069 A, V_out=1.0290 pu, I_out=1664.2069 A, V_DT=1.0394 pu, P=567.1697 MW, Q=165.4245 MVar
[2026-05-10 01:18:03] [iter 45] [Bus 2] P/Q/CMD -> V_in=0.9520 pu, I_in=181.7586 A, V_out=0.9520 pu, I_out=181.7586 A, V_DT=1.0289 pu, P=68.0544 MW, Q=22.3684 MVar
[2026-05-10 01:18:03] [Bus 2] Command breaker ke RTU: OPEN
[2026-05-10 01:18:03] [iter 45] [Bus 3] P/Q/CMD -> V_in=1.0470 pu, I_in=1655.2759 A, V_out=1.0470 pu, I_out=1655.2759 A, V_DT=1.0035 pu, P=579.9732 MW, Q=145.3550 MVar
[2026-05-10 01:18:03] [Bus 3] Command breaker ke RTU: CLOSE
[2026-05-10 01:18:03] [iter 45] [Bus 4] P/Q/CMD -> V_in=1.0460 pu, I_in=1595.4483 A, V_out=1.0460 pu, I_out=1595.4483 A, V_DT=0.9851 pu, P=622.3851 MW, Q=225.8956 MVar
[2026-05-10 01:18:03] [Bus 4] Command breaker ke RTU: CLOSE
[2026-05-10 01:18:03] [iter 45] [Bus 5] P/Q/CMD -> V_in=0.9600 pu, I_in=1527.0690 A, V_out=0.9600 pu, I_out=1527.0690 A, V_DT=0.9918 pu, P=485.5346 MW, Q=141.6143 MVar
[2026-05-10 01:18:03] [Bus 5] Command breaker ke RTU: OPEN


[2026-05-10 01:18:07] [iter 46] [Bus 1] P/Q/CMD -> V_in=1.0480 pu, I_in=1633.8966 A, V_out=1.0480 pu, I_out=1633.8966 A, V_DT=1.0298 pu, P=567.1216 MW, Q=165.4105 MVar
[2026-05-10 01:18:07] [Bus 1] Command breaker ke RTU: OPEN
[2026-05-10 01:18:07] [iter 46] [Bus 2] P/Q/CMD -> V_in=1.0430 pu, I_in=133.0000 A, V_out=1.0430 pu, I_out=133.0000 A, V_DT=0.9918 pu, P=54.5582 MW, Q=17.9324 MVar
[2026-05-10 01:18:07] [Bus 2] Command breaker ke RTU: CLOSE
[2026-05-10 01:18:07] [iter 46] [Bus 3] P/Q/CMD -> V_in=1.0470 pu, I_in=1606.9310 A, V_out=1.0470 pu, I_out=1606.9310 A, V_DT=0.9900 pu, P=563.0342 MW, Q=141.1097 MVar
[2026-05-10 01:18:07] [iter 46] [Bus 4] P/Q/CMD -> V_in=1.0460 pu, I_in=195.8966 A, V_out=1.0460 pu, I_out=195.8966 A, V_DT=0.9779 pu, P=76.4193 MW, Q=27.7365 MVar
[2026-05-10 01:18:07] [Bus 4] Command breaker ke RTU: OPEN
[2026-05-10 01:18:07] [iter 46] [Bus 5] P/Q/CMD -> V_in=0.9600 pu, I_in=1697.6897 A, V_out=0.9600 pu, I_out=1697.6897 A, V_DT=0.9787 pu, P=539.7838 MW, Q=157.4369 MVar
[2026-05-10 01:18:07] [Bus 5] Command breaker ke RTU: CLOSE


[2026-05-10 01:18:11] [iter 47] [Bus 1] P/Q/CMD -> V_in=1.0220 pu, I_in=221.1379 A, V_out=1.0220 pu, I_out=221.1379 A, V_DT=1.0036 pu, P=74.8522 MW, Q=21.8319 MVar
[2026-05-10 01:18:11] [Bus 1] Command breaker ke RTU: CLOSE
[2026-05-10 01:18:11] [iter 47] [Bus 2] P/Q/CMD -> V_in=1.0100 pu, I_in=310.0000 A, V_out=1.0100 pu, I_out=310.0000 A, V_DT=1.0159 pu, P=123.1422 MW, Q=40.4749 MVar
[2026-05-10 01:18:11] [Bus 2] Command breaker ke RTU: OPEN
[2026-05-10 01:18:11] [iter 47] [Bus 3] P/Q/CMD -> V_in=0.9880 pu, I_in=345.9655 A, V_out=0.9880 pu, I_out=345.9655 A, V_DT=0.9875 pu, P=114.3880 MW, Q=28.6683 MVar
[2026-05-10 01:18:11] [Bus 3] Command breaker ke RTU: OPEN
[2026-05-10 01:18:11] [iter 47] [Bus 4] P/Q/CMD -> V_in=0.9750 pu, I_in=410.2759 A, V_out=0.9750 pu, I_out=410.2759 A, V_DT=0.9399 pu, P=149.1851 MW, Q=54.1470 MVar
[2026-05-10 01:18:11] [Bus 4] Command breaker ke RTU: CLOSE
[2026-05-10 01:18:11] [iter 47] [Bus 5] P/Q/CMD -> V_in=0.9500 pu, I_in=521.6552 A, V_out=0.9500 pu, I_out=521.6552 A, V_DT=0.9466 pu, P=164.1336 MW, Q=47.8723 MVar
[2026-05-10 01:18:11] [Bus 5] Command breaker ke RTU: OPEN


[2026-05-10 01:18:15] [iter 48] [Bus 1] P/Q/CMD -> V_in=1.0020 pu, I_in=403.3448 A, V_out=1.0020 pu, I_out=403.3448 A, V_DT=1.0309 pu, P=133.8550 MW, Q=39.0410 MVar
[2026-05-10 01:18:15] [Bus 1] Command breaker ke RTU: OPEN
[2026-05-10 01:18:15] [iter 48] [Bus 2] P/Q/CMD -> V_in=1.0240 pu, I_in=1521.0000 A, V_out=1.0240 pu, I_out=1521.0000 A, V_DT=1.0095 pu, P=612.5663 MW, Q=201.3408 MVar
[2026-05-10 01:18:15] [Bus 2] Command breaker ke RTU: CLOSE
[2026-05-10 01:18:15] [iter 48] [Bus 3] P/Q/CMD -> V_in=0.9860 pu, I_in=1518.3793 A, V_out=0.9860 pu, I_out=1518.3793 A, V_DT=1.0082 pu, P=501.0119 MW, Q=125.5654 MVar
[2026-05-10 01:18:15] [Bus 3] Command breaker ke RTU: CLOSE
[2026-05-10 01:18:15] [iter 48] [Bus 4] P/Q/CMD -> V_in=1.0160 pu, I_in=229.6897 A, V_out=1.0160 pu, I_out=229.6897 A, V_DT=1.0046 pu, P=87.0322 MW, Q=31.5885 MVar
[2026-05-10 01:18:15] [Bus 4] Command breaker ke RTU: OPEN
[2026-05-10 01:18:15] [iter 48] [Bus 5] P/Q/CMD -> V_in=0.9810 pu, I_in=470.2759 A, V_out=0.9810 pu, I_out=470.2759 A, V_DT=1.0043 pu, P=152.7960 MW, Q=44.5655 MVar
[2026-05-10 01:18:15] [Bus 5] Command breaker ke RTU: CLOSE


[2026-05-10 01:18:19] [iter 49] [Bus 1] P/Q/CMD -> V_in=1.0200 pu, I_in=1675.8276 A, V_out=1.0200 pu, I_out=1675.8276 A, V_DT=1.0198 pu, P=566.1348 MW, Q=165.1226 MVar
[2026-05-10 01:18:19] [Bus 1] Command breaker ke RTU: CLOSE
[2026-05-10 01:18:19] [iter 49] [Bus 2] P/Q/CMD -> V_in=0.9800 pu, I_in=1668.6552 A, V_out=0.9800 pu, I_out=1668.6552 A, V_DT=1.0235 pu, P=643.1564 MW, Q=211.3953 MVar
[2026-05-10 01:18:19] [Bus 2] Command breaker ke RTU: OPEN
[2026-05-10 01:18:19] [iter 49] [Bus 3] P/Q/CMD -> V_in=0.9900 pu, I_in=1697.7586 A, V_out=0.9900 pu, I_out=1697.7586 A, V_DT=1.0121 pu, P=562.4734 MW, Q=140.9691 MVar
[2026-05-10 01:18:19] [iter 49] [Bus 4] P/Q/CMD -> V_in=0.9620 pu, I_in=1646.3448 A, V_out=0.9620 pu, I_out=1646.3448 A, V_DT=0.9957 pu, P=590.6642 MW, Q=214.3825 MVar
[2026-05-10 01:18:19] [Bus 4] Command breaker ke RTU: CLOSE
[2026-05-10 01:18:19] [iter 49] [Bus 5] P/Q/CMD -> V_in=1.0440 pu, I_in=1595.4828 A, V_out=1.0440 pu, I_out=1595.4828 A, V_DT=0.9996 pu, P=551.6745 MW, Q=160.9051 MVar
[2026-05-10 01:18:19] [Bus 5] Command breaker ke RTU: OPEN


[2026-05-10 01:18:23] [iter 50] [Bus 1] P/Q/CMD -> V_in=1.0400 pu, I_in=1636.3103 A, V_out=1.0400 pu, I_out=1636.3103 A, V_DT=1.0259 pu, P=563.6238 MW, Q=164.3903 MVar
[2026-05-10 01:18:23] [Bus 1] Command breaker ke RTU: OPEN
[2026-05-10 01:18:23] [iter 50] [Bus 2] P/Q/CMD -> V_in=0.9800 pu, I_in=336.0690 A, V_out=0.9800 pu, I_out=336.0690 A, V_DT=0.9730 pu, P=129.5324 MW, Q=42.5752 MVar
[2026-05-10 01:18:23] [Bus 2] Command breaker ke RTU: CLOSE
[2026-05-10 01:18:23] [iter 50] [Bus 3] P/Q/CMD -> V_in=0.9500 pu, I_in=1606.5517 A, V_out=0.9500 pu, I_out=1606.5517 A, V_DT=0.9781 pu, P=510.7509 MW, Q=128.0062 MVar
[2026-05-10 01:18:23] [iter 50] [Bus 4] P/Q/CMD -> V_in=0.9920 pu, I_in=1652.5862 A, V_out=0.9920 pu, I_out=1652.5862 A, V_DT=0.9759 pu, P=611.3932 MW, Q=221.9061 MVar
[2026-05-10 01:18:23] [Bus 4] Command breaker ke RTU: OPEN
[2026-05-10 01:18:23] [iter 50] [Bus 5] P/Q/CMD -> V_in=1.0140 pu, I_in=1548.4828 A, V_out=1.0140 pu, I_out=1548.4828 A, V_DT=0.9767 pu, P=520.0375 MW, Q=151.6776 MVar
[2026-05-10 01:18:23] [Bus 5] Command breaker ke RTU: CLOSE
