RTU measurement noise: seed=7 V_sigma=0.003 I_sigma=1.5


[2026-05-19 16:02:32] Bus 1: V=1.019 pu (raw 1.020) I=805.1 A (raw 804.4) PF=0.9665 FB=CLOSE CMD=CLOSE
[2026-05-19 16:02:32] Bus 2: V=1.009 pu (raw 1.010) I=398.1 A (raw 398.6) PF=0.9020 FB=CLOSE CMD=CLOSE
[2026-05-19 16:02:32] Bus 3: V=1.006 pu (raw 1.009) I=394.3 A (raw 394.6) PF=0.9001 FB=CLOSE CMD=CLOSE
[2026-05-19 16:02:32] Bus 4: V=1.013 pu (raw 1.010) I=488.9 A (raw 488.2) PF=0.8515 FB=CLOSE CMD=CLOSE
[2026-05-19 16:02:32] Bus 5: V=1.010 pu (raw 1.007) I=493.0 A (raw 492.7) PF=0.9771 FB=CLOSE CMD=CLOSE
DT_PATH_LAT,h2,1779181352.508475,1


[2026-05-19 16:02:36] Bus 1: V=1.021 pu (raw 1.020) I=804.6 A (raw 804.4) PF=0.9665 FB=CLOSE CMD=CLOSE
[2026-05-19 16:02:36] Bus 2: V=1.005 pu (raw 1.010) I=399.8 A (raw 398.6) PF=0.9020 FB=CLOSE CMD=CLOSE
[2026-05-19 16:02:36] Bus 3: V=1.011 pu (raw 1.009) I=395.3 A (raw 394.6) PF=0.9001 FB=CLOSE CMD=CLOSE
[2026-05-19 16:02:36] Bus 4: V=1.005 pu (raw 1.010) I=485.6 A (raw 488.2) PF=0.8515 FB=CLOSE CMD=CLOSE
[2026-05-19 16:02:36] Bus 5: V=1.004 pu (raw 1.007) I=492.0 A (raw 492.7) PF=0.9771 FB=CLOSE CMD=CLOSE
DT_PATH_LAT,h2,1779181356.552426,2


[2026-05-19 16:02:40] Bus 1: V=1.021 pu (raw 1.020) I=804.3 A (raw 804.4) PF=0.9665 FB=CLOSE CMD=CLOSE
[2026-05-19 16:02:40] Bus 2: V=1.012 pu (raw 1.010) I=397.6 A (raw 398.6) PF=0.9020 FB=CLOSE CMD=CLOSE
[2026-05-19 16:02:40] Bus 3: V=1.010 pu (raw 1.009) I=395.2 A (raw 394.6) PF=0.9001 FB=CLOSE CMD=CLOSE
[2026-05-19 16:02:40] Bus 4: V=1.008 pu (raw 1.010) I=490.8 A (raw 488.2) PF=0.8515 FB=CLOSE CMD=CLOSE
[2026-05-19 16:02:40] Bus 5: V=1.009 pu (raw 1.007) I=494.5 A (raw 492.7) PF=0.9771 FB=CLOSE CMD=CLOSE
DT_PATH_LAT,h2,1779181360.596667,3


[2026-05-19 16:02:44] Bus 1: V=1.018 pu (raw 1.020) I=803.3 A (raw 804.4) PF=0.9665 FB=CLOSE CMD=CLOSE
[2026-05-19 16:02:44] Bus 2: V=1.009 pu (raw 1.010) I=398.4 A (raw 398.6) PF=0.9020 FB=CLOSE CMD=CLOSE
[2026-05-19 16:02:44] Bus 3: V=1.011 pu (raw 1.009) I=395.0 A (raw 394.6) PF=0.9001 FB=CLOSE CMD=CLOSE
[2026-05-19 16:02:44] Bus 4: V=1.009 pu (raw 1.010) I=486.8 A (raw 488.2) PF=0.8515 FB=CLOSE CMD=CLOSE
[2026-05-19 16:02:44] Bus 5: V=1.005 pu (raw 1.007) I=494.5 A (raw 492.7) PF=0.9771 FB=CLOSE CMD=CLOSE
DT_PATH_LAT,h2,1779181367.656406,4


[2026-05-19 16:02:51] Bus 1: V=1.018 pu (raw 1.020) I=804.7 A (raw 804.4) PF=0.9665 FB=CLOSE CMD=CLOSE
[2026-05-19 16:02:51] Bus 2: V=1.011 pu (raw 1.010) I=396.3 A (raw 398.6) PF=0.9020 FB=CLOSE CMD=CLOSE
[2026-05-19 16:02:51] Bus 3: V=1.009 pu (raw 1.009) I=396.6 A (raw 394.6) PF=0.9001 FB=CLOSE CMD=CLOSE
[2026-05-19 16:02:51] Bus 4: V=1.004 pu (raw 1.010) I=487.8 A (raw 488.2) PF=0.8515 FB=CLOSE CMD=CLOSE
[2026-05-19 16:02:51] Bus 5: V=1.007 pu (raw 1.007) I=491.4 A (raw 492.7) PF=0.9771 FB=CLOSE CMD=CLOSE
DT_PATH_LAT,h2,1779181371.745542,5


[2026-05-19 16:02:55] Bus 1: V=1.021 pu (raw 1.020) I=841.8 A (raw 841.9) PF=0.9654 FB=CLOSE CMD=CLOSE
[2026-05-19 16:02:55] Bus 2: V=1.006 pu (raw 1.010) I=441.3 A (raw 440.0) PF=0.9070 FB=CLOSE CMD=CLOSE
[2026-05-19 16:02:55] Bus 3: V=1.010 pu (raw 1.008) I=430.0 A (raw 428.6) PF=0.8827 FB=CLOSE CMD=OPEN
[2026-05-19 16:02:55] Bus 4: V=1.014 pu (raw 1.010) I=510.3 A (raw 509.8) PF=0.8155 FB=CLOSE CMD=OPEN
[2026-05-19 16:02:55] Bus 5: V=1.007 pu (raw 1.007) I=466.4 A (raw 468.3) PF=0.9702 FB=CLOSE CMD=CLOSE
DT_PATH_LAT,h2,1779181375.824722,6


[2026-05-19 16:02:59] Bus 1: V=1.022 pu (raw 1.020) I=841.0 A (raw 841.9) PF=0.9654 FB=CLOSE CMD=CLOSE
[2026-05-19 16:02:59] Bus 2: V=1.009 pu (raw 1.010) I=438.1 A (raw 440.0) PF=0.9070 FB=CLOSE CMD=CLOSE
[2026-05-19 16:02:59] Bus 3: V=1.005 pu (raw 1.008) I=427.8 A (raw 428.6) PF=0.8827 FB=OPEN CMD=CLOSE
[2026-05-19 16:02:59] Bus 4: V=1.014 pu (raw 1.010) I=506.8 A (raw 509.8) PF=0.8155 FB=OPEN CMD=CLOSE
[2026-05-19 16:02:59] Bus 5: V=1.003 pu (raw 1.007) I=468.7 A (raw 468.3) PF=0.9702 FB=CLOSE CMD=CLOSE
DT_PATH_LAT,h2,1779181379.952645,7


[2026-05-19 16:03:04] Bus 1: V=1.024 pu (raw 1.020) I=842.8 A (raw 841.9) PF=0.9654 FB=CLOSE CMD=CLOSE
[2026-05-19 16:03:04] Bus 2: V=1.004 pu (raw 1.010) I=436.3 A (raw 440.0) PF=0.9070 FB=CLOSE CMD=CLOSE
[2026-05-19 16:03:04] Bus 3: V=1.009 pu (raw 1.008) I=427.5 A (raw 428.6) PF=0.8827 FB=CLOSE CMD=CLOSE
[2026-05-19 16:03:04] Bus 4: V=1.007 pu (raw 1.010) I=511.3 A (raw 509.8) PF=0.8155 FB=CLOSE CMD=CLOSE
[2026-05-19 16:03:04] Bus 5: V=1.010 pu (raw 1.007) I=468.6 A (raw 468.3) PF=0.9702 FB=CLOSE CMD=CLOSE
DT_PATH_LAT,h2,1779181384.182862,8


[2026-05-19 16:03:08] Bus 1: V=1.021 pu (raw 1.020) I=842.6 A (raw 841.9) PF=0.9654 FB=CLOSE CMD=CLOSE
[2026-05-19 16:03:08] Bus 2: V=1.015 pu (raw 1.010) I=441.0 A (raw 440.0) PF=0.9070 FB=CLOSE CMD=CLOSE
[2026-05-19 16:03:08] Bus 3: V=1.010 pu (raw 1.008) I=429.4 A (raw 428.6) PF=0.8827 FB=CLOSE CMD=CLOSE
[2026-05-19 16:03:08] Bus 4: V=1.005 pu (raw 1.010) I=511.7 A (raw 509.8) PF=0.8155 FB=CLOSE CMD=OPEN
[2026-05-19 16:03:08] Bus 5: V=1.010 pu (raw 1.007) I=469.1 A (raw 468.3) PF=0.9702 FB=CLOSE CMD=CLOSE
DT_PATH_LAT,h2,1779181388.243440,9


[2026-05-19 16:03:12] Bus 1: V=1.014 pu (raw 1.020) I=841.0 A (raw 841.9) PF=0.9654 FB=CLOSE CMD=OPEN
[2026-05-19 16:03:12] Bus 2: V=1.013 pu (raw 1.010) I=437.3 A (raw 440.0) PF=0.9070 FB=CLOSE CMD=OPEN
[2026-05-19 16:03:12] Bus 3: V=1.007 pu (raw 1.008) I=430.1 A (raw 428.6) PF=0.8827 FB=CLOSE CMD=OPEN
[2026-05-19 16:03:12] Bus 4: V=1.006 pu (raw 1.010) I=512.2 A (raw 509.8) PF=0.8155 FB=OPEN CMD=CLOSE
[2026-05-19 16:03:12] Bus 5: V=1.009 pu (raw 1.007) I=468.1 A (raw 468.3) PF=0.9702 FB=CLOSE CMD=CLOSE
DT_PATH_LAT,h2,1779181392.295423,10


[2026-05-19 16:03:16] Bus 1: V=1.021 pu (raw 1.020) I=842.9 A (raw 841.9) PF=0.9654 FB=OPEN CMD=OPEN
[2026-05-19 16:03:16] Bus 2: V=1.010 pu (raw 1.010) I=441.8 A (raw 440.0) PF=0.9070 FB=OPEN CMD=OPEN
[2026-05-19 16:03:16] Bus 3: V=1.006 pu (raw 1.008) I=428.0 A (raw 428.6) PF=0.8827 FB=OPEN CMD=OPEN
[2026-05-19 16:03:16] Bus 4: V=1.013 pu (raw 1.010) I=509.8 A (raw 509.8) PF=0.8155 FB=CLOSE CMD=CLOSE
[2026-05-19 16:03:16] Bus 5: V=1.004 pu (raw 1.007) I=469.8 A (raw 468.3) PF=0.9702 FB=CLOSE CMD=CLOSE
DT_PATH_LAT,h2,1779181396.370125,11


[2026-05-19 16:03:20] Bus 1: V=1.024 pu (raw 1.020) I=0.0 A (raw 0.0) PF=1.0000 FB=OPEN CMD=CLOSE
[2026-05-19 16:03:20] Bus 2: V=1.006 pu (raw 1.010) I=439.8 A (raw 440.0) PF=0.9070 FB=OPEN CMD=CLOSE
[2026-05-19 16:03:20] Bus 3: V=1.008 pu (raw 1.008) I=428.2 A (raw 428.6) PF=0.8827 FB=OPEN CMD=CLOSE
[2026-05-19 16:03:20] Bus 4: V=1.014 pu (raw 1.010) I=508.3 A (raw 509.8) PF=0.8155 FB=CLOSE CMD=CLOSE
[2026-05-19 16:03:20] Bus 5: V=1.011 pu (raw 1.007) I=466.4 A (raw 468.3) PF=0.9702 FB=CLOSE CMD=CLOSE
DT_PATH_LAT,h2,1779181400.422294,12


[2026-05-19 16:03:24] Bus 1: V=1.018 pu (raw 1.020) I=0.9 A (raw 0.0) PF=1.0000 FB=CLOSE CMD=CLOSE
[2026-05-19 16:03:24] Bus 2: V=1.013 pu (raw 1.010) I=441.3 A (raw 440.0) PF=0.9070 FB=CLOSE CMD=OPEN
[2026-05-19 16:03:24] Bus 3: V=1.009 pu (raw 1.008) I=428.8 A (raw 428.6) PF=0.8827 FB=CLOSE CMD=OPEN
[2026-05-19 16:03:24] Bus 4: V=1.010 pu (raw 1.010) I=510.7 A (raw 509.8) PF=0.8155 FB=CLOSE CMD=CLOSE
[2026-05-19 16:03:24] Bus 5: V=1.006 pu (raw 1.007) I=468.7 A (raw 468.3) PF=0.9702 FB=CLOSE CMD=CLOSE
DT_PATH_LAT,h2,1779181404.472345,13


[2026-05-19 16:03:28] Bus 1: V=1.022 pu (raw 1.020) I=0.0 A (raw 0.0) PF=1.0000 FB=CLOSE CMD=CLOSE
[2026-05-19 16:03:28] Bus 2: V=1.012 pu (raw 1.010) I=440.9 A (raw 440.0) PF=0.9070 FB=OPEN CMD=OPEN
[2026-05-19 16:03:28] Bus 3: V=1.014 pu (raw 1.008) I=429.1 A (raw 428.6) PF=0.8827 FB=OPEN CMD=OPEN
[2026-05-19 16:03:28] Bus 4: V=1.009 pu (raw 1.010) I=509.2 A (raw 509.8) PF=0.8155 FB=CLOSE CMD=CLOSE
[2026-05-19 16:03:28] Bus 5: V=1.007 pu (raw 1.007) I=469.7 A (raw 468.3) PF=0.9702 FB=CLOSE CMD=CLOSE
DT_PATH_LAT,h2,1779181408.518174,14


[2026-05-19 16:03:32] Bus 1: V=1.019 pu (raw 1.020) I=0.6 A (raw 0.0) PF=1.0000 FB=CLOSE CMD=OPEN
[2026-05-19 16:03:32] Bus 2: V=1.016 pu (raw 1.010) I=436.2 A (raw 440.0) PF=0.9070 FB=OPEN CMD=OPEN
[2026-05-19 16:03:32] Bus 3: V=1.005 pu (raw 1.008) I=429.0 A (raw 428.6) PF=0.8827 FB=OPEN CMD=OPEN
[2026-05-19 16:03:32] Bus 4: V=1.011 pu (raw 1.010) I=510.2 A (raw 509.8) PF=0.8155 FB=CLOSE CMD=CLOSE
[2026-05-19 16:03:32] Bus 5: V=1.006 pu (raw 1.007) I=469.3 A (raw 468.3) PF=0.9702 FB=CLOSE CMD=CLOSE
DT_PATH_LAT,h2,1779181412.566057,15


[2026-05-19 16:03:36] Bus 1: V=1.021 pu (raw 1.020) I=0.0 A (raw 0.0) PF=1.0000 FB=OPEN CMD=CLOSE
[2026-05-19 16:03:36] Bus 2: V=1.017 pu (raw 1.010) I=440.6 A (raw 440.0) PF=0.9070 FB=OPEN CMD=CLOSE
[2026-05-19 16:03:36] Bus 3: V=1.006 pu (raw 1.008) I=428.5 A (raw 428.6) PF=0.8827 FB=OPEN CMD=OPEN
[2026-05-19 16:03:36] Bus 4: V=1.009 pu (raw 1.010) I=509.7 A (raw 509.8) PF=0.8155 FB=CLOSE CMD=CLOSE
[2026-05-19 16:03:36] Bus 5: V=0.999 pu (raw 1.007) I=467.6 A (raw 468.3) PF=0.9702 FB=CLOSE CMD=CLOSE
DT_PATH_LAT,h2,1779181416.611988,16


[2026-05-19 16:03:40] Bus 1: V=1.023 pu (raw 1.020) I=0.0 A (raw 0.0) PF=1.0000 FB=CLOSE CMD=CLOSE
[2026-05-19 16:03:40] Bus 2: V=1.010 pu (raw 1.010) I=441.5 A (raw 440.0) PF=0.9070 FB=CLOSE CMD=CLOSE
[2026-05-19 16:03:40] Bus 3: V=1.011 pu (raw 1.008) I=430.8 A (raw 428.6) PF=0.8827 FB=OPEN CMD=OPEN
[2026-05-19 16:03:40] Bus 4: V=1.005 pu (raw 1.010) I=509.3 A (raw 509.8) PF=0.8155 FB=CLOSE CMD=CLOSE
[2026-05-19 16:03:40] Bus 5: V=1.006 pu (raw 1.007) I=469.3 A (raw 468.3) PF=0.9702 FB=CLOSE CMD=CLOSE
DT_PATH_LAT,h2,1779181420.661477,17


[2026-05-19 16:03:44] Bus 1: V=1.023 pu (raw 1.020) I=0.0 A (raw 0.0) PF=1.0000 FB=CLOSE CMD=CLOSE
[2026-05-19 16:03:44] Bus 2: V=1.013 pu (raw 1.010) I=437.9 A (raw 440.0) PF=0.9070 FB=CLOSE CMD=OPEN
[2026-05-19 16:03:44] Bus 3: V=1.010 pu (raw 1.008) I=426.4 A (raw 428.6) PF=0.8827 FB=OPEN CMD=OPEN
[2026-05-19 16:03:44] Bus 4: V=1.011 pu (raw 1.010) I=511.6 A (raw 509.8) PF=0.8155 FB=CLOSE CMD=CLOSE
[2026-05-19 16:03:44] Bus 5: V=1.007 pu (raw 1.007) I=468.6 A (raw 468.3) PF=0.9702 FB=CLOSE CMD=CLOSE
DT_PATH_LAT,h2,1779181424.711771,18


[2026-05-19 16:03:48] Bus 1: V=1.022 pu (raw 1.020) I=427.4 A (raw 427.2) PF=0.8980 FB=CLOSE CMD=CLOSE
[2026-05-19 16:03:48] Bus 2: V=1.013 pu (raw 1.013) I=429.5 A (raw 427.2) PF=0.9005 FB=OPEN CMD=CLOSE
[2026-05-19 16:03:48] Bus 3: V=1.011 pu (raw 1.008) I=428.2 A (raw 428.6) PF=0.8827 FB=OPEN CMD=CLOSE
[2026-05-19 16:03:48] Bus 4: V=1.018 pu (raw 1.010) I=508.1 A (raw 509.8) PF=0.8155 FB=CLOSE CMD=CLOSE
[2026-05-19 16:03:48] Bus 5: V=1.010 pu (raw 1.007) I=467.9 A (raw 468.3) PF=0.9702 FB=CLOSE CMD=CLOSE
DT_PATH_LAT,h2,1779181428.768082,19


[2026-05-19 16:03:52] Bus 1: V=1.020 pu (raw 1.020) I=428.3 A (raw 427.2) PF=0.8980 FB=CLOSE CMD=CLOSE
[2026-05-19 16:03:52] Bus 2: V=1.014 pu (raw 1.013) I=428.2 A (raw 427.2) PF=0.9005 FB=CLOSE CMD=CLOSE
[2026-05-19 16:03:52] Bus 3: V=1.003 pu (raw 1.008) I=426.3 A (raw 428.6) PF=0.8827 FB=CLOSE CMD=CLOSE
[2026-05-19 16:03:52] Bus 4: V=1.012 pu (raw 1.010) I=508.4 A (raw 509.8) PF=0.8155 FB=CLOSE CMD=CLOSE
[2026-05-19 16:03:52] Bus 5: V=1.004 pu (raw 1.007) I=466.1 A (raw 468.3) PF=0.9702 FB=CLOSE CMD=CLOSE
DT_PATH_LAT,h2,1779181432.814864,20


[2026-05-19 16:03:56] Bus 1: V=1.024 pu (raw 1.020) I=428.3 A (raw 427.2) PF=0.8980 FB=CLOSE CMD=CLOSE
[2026-05-19 16:03:56] Bus 2: V=1.017 pu (raw 1.013) I=425.8 A (raw 427.2) PF=0.9005 FB=CLOSE CMD=CLOSE
[2026-05-19 16:03:56] Bus 3: V=1.008 pu (raw 1.008) I=426.9 A (raw 428.6) PF=0.8827 FB=CLOSE CMD=OPEN
[2026-05-19 16:03:56] Bus 4: V=1.012 pu (raw 1.010) I=512.2 A (raw 509.8) PF=0.8155 FB=CLOSE CMD=CLOSE
[2026-05-19 16:03:56] Bus 5: V=1.004 pu (raw 1.007) I=470.7 A (raw 468.3) PF=0.9702 FB=CLOSE CMD=CLOSE
DT_PATH_LAT,h2,1779181436.856693,21


[2026-05-19 16:04:00] Bus 1: V=1.023 pu (raw 1.020) I=426.9 A (raw 427.2) PF=0.8980 FB=CLOSE CMD=OPEN
[2026-05-19 16:04:00] Bus 2: V=1.007 pu (raw 1.013) I=429.3 A (raw 427.2) PF=0.9005 FB=CLOSE CMD=OPEN
[2026-05-19 16:04:00] Bus 3: V=1.008 pu (raw 1.008) I=427.7 A (raw 428.6) PF=0.8827 FB=OPEN CMD=OPEN
[2026-05-19 16:04:00] Bus 4: V=1.011 pu (raw 1.010) I=510.4 A (raw 509.8) PF=0.8155 FB=CLOSE CMD=CLOSE
[2026-05-19 16:04:00] Bus 5: V=1.011 pu (raw 1.007) I=466.8 A (raw 468.3) PF=0.9702 FB=CLOSE CMD=CLOSE
DT_PATH_LAT,h2,1779181440.905704,22


[2026-05-19 16:04:04] Bus 1: V=1.023 pu (raw 1.020) I=429.4 A (raw 427.2) PF=0.8980 FB=OPEN CMD=CLOSE
[2026-05-19 16:04:04] Bus 2: V=1.017 pu (raw 1.013) I=426.9 A (raw 427.2) PF=0.9005 FB=OPEN CMD=OPEN
[2026-05-19 16:04:04] Bus 3: V=1.006 pu (raw 1.008) I=430.1 A (raw 428.6) PF=0.8827 FB=OPEN CMD=OPEN
[2026-05-19 16:04:04] Bus 4: V=1.010 pu (raw 1.010) I=510.0 A (raw 509.8) PF=0.8155 FB=CLOSE CMD=CLOSE
[2026-05-19 16:04:04] Bus 5: V=1.011 pu (raw 1.007) I=467.9 A (raw 468.3) PF=0.9702 FB=CLOSE CMD=CLOSE
DT_PATH_LAT,h2,1779181444.957223,23


[2026-05-19 16:04:08] Bus 1: V=1.013 pu (raw 1.020) I=426.6 A (raw 427.2) PF=0.8980 FB=CLOSE CMD=OPEN
[2026-05-19 16:04:08] Bus 2: V=1.007 pu (raw 1.013) I=428.4 A (raw 427.2) PF=0.9005 FB=OPEN CMD=CLOSE
[2026-05-19 16:04:08] Bus 3: V=1.009 pu (raw 1.008) I=427.7 A (raw 428.6) PF=0.8827 FB=OPEN CMD=CLOSE
[2026-05-19 16:04:08] Bus 4: V=1.010 pu (raw 1.010) I=511.0 A (raw 509.8) PF=0.8155 FB=CLOSE CMD=CLOSE
[2026-05-19 16:04:08] Bus 5: V=1.007 pu (raw 1.007) I=470.3 A (raw 468.3) PF=0.9702 FB=CLOSE CMD=CLOSE
DT_PATH_LAT,h2,1779181449.011307,24


[2026-05-19 16:04:13] Bus 1: V=1.020 pu (raw 1.020) I=1.6 A (raw 0.0) PF=1.0000 FB=OPEN CMD=CLOSE
[2026-05-19 16:04:13] Bus 2: V=1.017 pu (raw 1.013) I=429.6 A (raw 427.2) PF=0.9005 FB=CLOSE CMD=OPEN
[2026-05-19 16:04:13] Bus 3: V=1.006 pu (raw 1.008) I=429.9 A (raw 428.6) PF=0.8827 FB=CLOSE CMD=OPEN
[2026-05-19 16:04:13] Bus 4: V=1.004 pu (raw 1.010) I=508.2 A (raw 509.8) PF=0.8155 FB=CLOSE CMD=CLOSE
[2026-05-19 16:04:13] Bus 5: V=1.001 pu (raw 1.007) I=469.9 A (raw 468.3) PF=0.9702 FB=CLOSE CMD=CLOSE
DT_PATH_LAT,h2,1779181453.055241,25


[2026-05-19 16:04:17] Bus 1: V=1.016 pu (raw 1.020) I=0.0 A (raw 0.0) PF=1.0000 FB=CLOSE CMD=CLOSE
[2026-05-19 16:04:17] Bus 2: V=1.012 pu (raw 1.013) I=427.2 A (raw 427.2) PF=0.9005 FB=OPEN CMD=CLOSE
[2026-05-19 16:04:17] Bus 3: V=1.006 pu (raw 1.008) I=429.0 A (raw 428.6) PF=0.8827 FB=OPEN CMD=OPEN
[2026-05-19 16:04:17] Bus 4: V=1.015 pu (raw 1.010) I=509.9 A (raw 509.8) PF=0.8155 FB=CLOSE CMD=CLOSE
[2026-05-19 16:04:17] Bus 5: V=1.009 pu (raw 1.007) I=469.8 A (raw 468.3) PF=0.9702 FB=CLOSE CMD=CLOSE
DT_PATH_LAT,h2,1779181457.100958,26


[2026-05-19 16:04:21] Bus 1: V=1.019 pu (raw 1.020) I=0.0 A (raw 0.0) PF=1.0000 FB=CLOSE CMD=CLOSE
[2026-05-19 16:04:21] Bus 2: V=1.011 pu (raw 1.013) I=428.8 A (raw 427.2) PF=0.9005 FB=CLOSE CMD=CLOSE
[2026-05-19 16:04:21] Bus 3: V=1.003 pu (raw 1.008) I=427.7 A (raw 428.6) PF=0.8827 FB=OPEN CMD=CLOSE
[2026-05-19 16:04:21] Bus 4: V=1.013 pu (raw 1.010) I=511.0 A (raw 509.8) PF=0.8155 FB=CLOSE CMD=CLOSE
[2026-05-19 16:04:21] Bus 5: V=1.007 pu (raw 1.007) I=469.5 A (raw 468.3) PF=0.9702 FB=CLOSE CMD=CLOSE
DT_PATH_LAT,h2,1779181461.145163,27


[2026-05-19 16:04:25] Bus 1: V=1.020 pu (raw 1.020) I=0.0 A (raw 0.0) PF=1.0000 FB=CLOSE CMD=CLOSE
[2026-05-19 16:04:25] Bus 2: V=1.008 pu (raw 1.013) I=426.2 A (raw 427.2) PF=0.9005 FB=CLOSE CMD=CLOSE
[2026-05-19 16:04:25] Bus 3: V=1.011 pu (raw 1.008) I=427.8 A (raw 428.6) PF=0.8827 FB=CLOSE CMD=OPEN
[2026-05-19 16:04:25] Bus 4: V=1.007 pu (raw 1.010) I=508.6 A (raw 509.8) PF=0.8155 FB=CLOSE CMD=CLOSE
[2026-05-19 16:04:25] Bus 5: V=1.002 pu (raw 1.007) I=468.2 A (raw 468.3) PF=0.9702 FB=CLOSE CMD=CLOSE
DT_PATH_LAT,h2,1779181465.190547,28


[2026-05-19 16:04:29] Bus 1: V=1.016 pu (raw 1.020) I=0.5 A (raw 0.0) PF=1.0000 FB=CLOSE CMD=CLOSE
[2026-05-19 16:04:29] Bus 2: V=1.006 pu (raw 1.013) I=427.7 A (raw 427.2) PF=0.9005 FB=CLOSE CMD=CLOSE
[2026-05-19 16:04:29] Bus 3: V=1.006 pu (raw 1.008) I=425.7 A (raw 428.6) PF=0.8827 FB=OPEN CMD=CLOSE
[2026-05-19 16:04:29] Bus 4: V=1.012 pu (raw 1.010) I=509.4 A (raw 509.8) PF=0.8155 FB=CLOSE CMD=CLOSE
[2026-05-19 16:04:29] Bus 5: V=1.000 pu (raw 1.007) I=467.0 A (raw 468.3) PF=0.9702 FB=CLOSE CMD=CLOSE
DT_PATH_LAT,h2,1779181469.242764,29


[2026-05-19 16:04:33] Bus 1: V=1.021 pu (raw 1.020) I=0.0 A (raw 0.0) PF=1.0000 FB=CLOSE CMD=CLOSE
[2026-05-19 16:04:33] Bus 2: V=1.015 pu (raw 1.013) I=428.3 A (raw 427.2) PF=0.9005 FB=CLOSE CMD=OPEN
[2026-05-19 16:04:33] Bus 3: V=1.010 pu (raw 1.008) I=429.1 A (raw 428.6) PF=0.8827 FB=CLOSE CMD=OPEN
[2026-05-19 16:04:33] Bus 4: V=1.014 pu (raw 1.010) I=510.8 A (raw 509.8) PF=0.8155 FB=CLOSE CMD=CLOSE
[2026-05-19 16:04:33] Bus 5: V=1.008 pu (raw 1.007) I=465.2 A (raw 468.3) PF=0.9702 FB=CLOSE CMD=CLOSE
DT_PATH_LAT,h2,1779181473.286936,30


[2026-05-19 16:04:37] Bus 1: V=1.023 pu (raw 1.020) I=402.5 A (raw 400.5) PF=0.9566 FB=CLOSE CMD=OPEN
[2026-05-19 16:04:37] Bus 2: V=1.014 pu (raw 1.015) I=399.8 A (raw 400.5) PF=0.9584 FB=OPEN CMD=CLOSE
[2026-05-19 16:04:37] Bus 3: V=1.014 pu (raw 1.008) I=426.0 A (raw 428.6) PF=0.8827 FB=OPEN CMD=CLOSE
[2026-05-19 16:04:37] Bus 4: V=1.011 pu (raw 1.010) I=513.4 A (raw 509.8) PF=0.8155 FB=CLOSE CMD=CLOSE
[2026-05-19 16:04:37] Bus 5: V=1.004 pu (raw 1.007) I=469.4 A (raw 468.3) PF=0.9702 FB=CLOSE CMD=CLOSE
DT_PATH_LAT,h2,1779181477.317585,31


[2026-05-19 16:04:41] Bus 1: V=1.026 pu (raw 1.020) I=400.3 A (raw 400.5) PF=0.9566 FB=OPEN CMD=OPEN
[2026-05-19 16:04:41] Bus 2: V=1.017 pu (raw 1.015) I=401.9 A (raw 400.5) PF=0.9584 FB=CLOSE CMD=OPEN
[2026-05-19 16:04:41] Bus 3: V=1.005 pu (raw 1.008) I=428.5 A (raw 428.6) PF=0.8827 FB=CLOSE CMD=OPEN
[2026-05-19 16:04:41] Bus 4: V=1.011 pu (raw 1.010) I=511.0 A (raw 509.8) PF=0.8155 FB=CLOSE CMD=CLOSE
[2026-05-19 16:04:41] Bus 5: V=1.007 pu (raw 1.007) I=468.0 A (raw 468.3) PF=0.9702 FB=CLOSE CMD=CLOSE
DT_PATH_LAT,h2,1779181481.362450,32
