[DOS][INFO] target=10.0.2.2:5001 at=2026-05-05 14:59:58
\n===== DoS LIGHT 2026-05-05 14:59:58 =====
[DOS][LIGHT][UDP] start pps~2000 duration=45s
[DOS][LIGHT][SYN] start pps~1000 duration=45s

--- 10.0.2.2 hping statistic ---
45545 packets transmitted, 50 packets received, 100% packet loss
round-trip min/avg/max = 3.1/21.8/243.1 ms
HPING 10.0.2.2 (h5-eth0 10.0.2.2): udp mode set, 28 headers + 120 data bytes
status=0 port=2903 seq=0
status=0 port=2904 seq=1
status=0 port=2905 seq=2
status=0 port=2906 seq=3
status=0 port=2907 seq=4
status=0 port=2908 seq=5
status=0 port=4198 seq=1295
status=0 port=5442 seq=2539
status=0 port=6629 seq=3726
status=0 port=7857 seq=4954
status=0 port=9066 seq=6163
status=0 port=10287 seq=7384
status=0 port=11472 seq=8569
status=0 port=12640 seq=9737
status=0 port=13830 seq=10927
status=0 port=14981 seq=12078
status=0 port=15888 seq=12985
status=0 port=16967 seq=14064
status=0 port=17947 seq=15044
status=0 port=19027 seq=16124
status=0 port=20133 seq=17230
status=0 port=21249 seq=18346
status=0 port=22379 seq=19476
status=0 port=23446 seq=20543
status=0 port=24454 seq=21551
status=0 port=25362 seq=22459
status=0 port=26173 seq=23270
status=0 port=27080 seq=24177
status=0 port=27950 seq=25047
status=0 port=28860 seq=25957
status=0 port=29812 seq=26909
status=0 port=30780 seq=27877
status=0 port=31790 seq=28887
status=0 port=32677 seq=29774
status=0 port=33492 seq=30589
status=0 port=34363 seq=31460
status=0 port=35206 seq=32303
status=0 port=36183 seq=33280
status=0 port=37138 seq=34235
status=0 port=38064 seq=35161
status=0 port=39131 seq=36228
status=0 port=40084 seq=37181
status=0 port=40967 seq=38064
status=0 port=41801 seq=38898
status=0 port=42668 seq=39765
status=0 port=43733 seq=40830
status=0 port=44558 seq=41655
status=0 port=45540 seq=42637
status=0 port=46386 seq=43483
status=0 port=47324 seq=44421

--- 10.0.2.2 hping statistic ---
45 packets transmitted, 0 packets received, 100% packet loss
round-trip min/avg/max = 0.0/0.0/0.0 ms
HPING 10.0.2.2 (h5-eth0 10.0.2.2): S set, 40 headers + 64 data bytes
[DOS][INFO] target=10.0.2.2:5001 at=2026-05-05 15:00:53
\n===== DoS HEAVY 2026-05-05 15:00:53 =====
[DOS][HEAVY][UDP] start flood duration=60s
[DOS][HEAVY][SYN] start flood duration=60s
hping in flood mode, no replies will be shown
hping in flood mode, no replies will be shown

--- 10.0.2.2 hping statistic ---
109157 packets transmitted, 0 packets received, 100% packet loss
round-trip min/avg/max = 0.0/0.0/0.0 ms
HPING 10.0.2.2 (h5-eth0 10.0.2.2): udp mode set, 28 headers + 120 data bytes

--- 10.0.2.2 hping statistic ---
115085 packets transmitted, 0 packets received, 100% packet loss
round-trip min/avg/max = 0.0/0.0/0.0 ms
HPING 10.0.2.2 (h5-eth0 10.0.2.2): S set, 40 headers + 64 data bytes
