Connection to (10.0.2.2, 5020) failed: [Errno 111] Connection refused
Connection to GATEWAY (10.0.2.2:5020) failed (connect() returned False). Retrying in 1.0s...


[2026-05-12 23:23:18] Bus 1: V=1.013 pu, I=97.724 A, Breaker=CLOSE
[2026-05-12 23:23:18] Bus 2: V=0.977 pu, I=190.655 A, Breaker=CLOSE
[2026-05-12 23:23:18] Bus 3: V=1.023 pu, I=377.138 A, Breaker=CLOSE
[2026-05-12 23:23:18] Bus 4: V=1.039 pu, I=121.586 A, Breaker=CLOSE
[2026-05-12 23:23:18] Bus 5: V=0.992 pu, I=101.966 A, Breaker=CLOSE
DT_PATH_LAT,h2,1778602998.527812,1


[2026-05-12 23:23:22] Bus 1: V=0.971 pu, I=319.621 A, Breaker=CLOSE
[2026-05-12 23:23:22] Bus 2: V=0.952 pu, I=184.345 A, Breaker=CLOSE
[2026-05-12 23:23:22] Bus 3: V=1.014 pu, I=323.207 A, Breaker=CLOSE
[2026-05-12 23:23:22] Bus 4: V=0.972 pu, I=357.552 A, Breaker=CLOSE
[2026-05-12 23:23:22] Bus 5: V=1.030 pu, I=88.207 A, Breaker=CLOSE
DT_PATH_LAT,h2,1778603002.576636,2


[2026-05-12 23:23:26] Bus 1: V=1.030 pu, I=383.793 A, Breaker=CLOSE
[2026-05-12 23:23:26] Bus 2: V=0.984 pu, I=159.069 A, Breaker=CLOSE
[2026-05-12 23:23:26] Bus 3: V=1.045 pu, I=225.966 A, Breaker=CLOSE
[2026-05-12 23:23:26] Bus 4: V=0.959 pu, I=136.207 A, Breaker=CLOSE
[2026-05-12 23:23:26] Bus 5: V=1.034 pu, I=342.034 A, Breaker=CLOSE
DT_PATH_LAT,h2,1778603009.795547,3


[2026-05-12 23:23:33] Bus 1: V=1.030 pu, I=397.241 A, Breaker=CLOSE
[2026-05-12 23:23:33] Bus 2: V=1.003 pu, I=514.759 A, Breaker=CLOSE
[2026-05-12 23:23:33] Bus 3: V=0.987 pu, I=335.241 A, Breaker=CLOSE
[2026-05-12 23:23:33] Bus 4: V=1.032 pu, I=348.966 A, Breaker=CLOSE
[2026-05-12 23:23:33] Bus 5: V=1.036 pu, I=330.379 A, Breaker=CLOSE
DT_PATH_LAT,h2,1778603013.846141,4


[2026-05-12 23:23:37] Bus 1: V=1.020 pu, I=106.069 A, Breaker=CLOSE
[2026-05-12 23:23:37] Bus 2: V=0.972 pu, I=221.517 A, Breaker=CLOSE
[2026-05-12 23:23:37] Bus 3: V=0.957 pu, I=198.931 A, Breaker=CLOSE
[2026-05-12 23:23:37] Bus 4: V=0.960 pu, I=219.241 A, Breaker=CLOSE
[2026-05-12 23:23:37] Bus 5: V=1.013 pu, I=245.414 A, Breaker=CLOSE
DT_PATH_LAT,h2,1778603017.881026,5


[2026-05-12 23:23:41] Bus 1: V=0.987 pu, I=182.690 A, Breaker=CLOSE
[2026-05-12 23:23:41] Bus 2: V=0.976 pu, I=512.483 A, Breaker=CLOSE
[2026-05-12 23:23:41] Bus 3: V=1.014 pu, I=351.103 A, Breaker=CLOSE
[2026-05-12 23:23:41] Bus 4: V=0.967 pu, I=423.069 A, Breaker=CLOSE
[2026-05-12 23:23:41] Bus 5: V=0.966 pu, I=264.069 A, Breaker=CLOSE
DT_PATH_LAT,h2,1778603021.933048,6


[2026-05-12 23:23:45] Bus 1: V=0.987 pu, I=182.690 A, Breaker=CLOSE
[2026-05-12 23:23:45] Bus 2: V=0.976 pu, I=512.483 A, Breaker=CLOSE
[2026-05-12 23:23:45] Bus 3: V=1.014 pu, I=351.103 A, Breaker=CLOSE
[2026-05-12 23:23:45] Bus 4: V=0.967 pu, I=423.069 A, Breaker=CLOSE
[2026-05-12 23:23:45] Bus 5: V=0.966 pu, I=264.069 A, Breaker=CLOSE
DT_PATH_LAT,h2,1778603025.970243,7


[2026-05-12 23:23:49] Bus 1: V=1.048 pu, I=352.655 A, Breaker=CLOSE
[2026-05-12 23:23:49] Bus 2: V=1.005 pu, I=387.345 A, Breaker=CLOSE
[2026-05-12 23:23:49] Bus 3: V=1.034 pu, I=415.552 A, Breaker=CLOSE
[2026-05-12 23:23:49] Bus 4: V=0.972 pu, I=105.034 A, Breaker=CLOSE
[2026-05-12 23:23:49] Bus 5: V=0.981 pu, I=209.828 A, Breaker=CLOSE
DT_PATH_LAT,h2,1778603030.015390,8


[2026-05-12 23:23:54] Bus 1: V=0.971 pu, I=518.276 A, Breaker=CLOSE
[2026-05-12 23:23:54] Bus 2: V=1.037 pu, I=218.414 A, Breaker=CLOSE
[2026-05-12 23:23:54] Bus 3: V=1.015 pu, I=258.276 A, Breaker=CLOSE
[2026-05-12 23:23:54] Bus 4: V=1.041 pu, I=278.586 A, Breaker=CLOSE
[2026-05-12 23:23:54] Bus 5: V=0.976 pu, I=201.414 A, Breaker=CLOSE
DT_PATH_LAT,h2,1778603034.047030,9


[2026-05-12 23:23:58] Bus 1: V=1.006 pu, I=202.517 A, Breaker=CLOSE
[2026-05-12 23:23:58] Bus 2: V=1.008 pu, I=479.414 A, Breaker=CLOSE
[2026-05-12 23:23:58] Bus 3: V=0.989 pu, I=186.517 A, Breaker=CLOSE
[2026-05-12 23:23:58] Bus 4: V=1.049 pu, I=297.655 A, Breaker=CLOSE
[2026-05-12 23:23:58] Bus 5: V=0.959 pu, I=113.448 A, Breaker=CLOSE
DT_PATH_LAT,h2,1778603038.132708,10


[2026-05-12 23:24:02] Bus 1: V=0.960 pu, I=379.172 A, Breaker=CLOSE
[2026-05-12 23:24:02] Bus 2: V=1.029 pu, I=266.207 A, Breaker=CLOSE
[2026-05-12 23:24:02] Bus 3: V=0.956 pu, I=267.828 A, Breaker=CLOSE
[2026-05-12 23:24:02] Bus 4: V=1.049 pu, I=305.897 A, Breaker=OPEN
[2026-05-12 23:24:02] Bus 5: V=1.047 pu, I=446.138 A, Breaker=CLOSE
DT_PATH_LAT,h2,1778603042.168311,11


[2026-05-12 23:24:06] Bus 1: V=0.960 pu, I=379.172 A, Breaker=CLOSE
[2026-05-12 23:24:06] Bus 2: V=1.029 pu, I=266.207 A, Breaker=CLOSE
[2026-05-12 23:24:06] Bus 3: V=0.956 pu, I=267.828 A, Breaker=CLOSE
[2026-05-12 23:24:06] Bus 4: V=1.049 pu, I=305.897 A, Breaker=CLOSE
[2026-05-12 23:24:06] Bus 5: V=1.047 pu, I=446.138 A, Breaker=OPEN
DT_PATH_LAT,h2,1778603046.214887,12


[2026-05-12 23:24:10] Bus 1: V=0.951 pu, I=426.276 A, Breaker=CLOSE
[2026-05-12 23:24:10] Bus 2: V=1.018 pu, I=318.759 A, Breaker=CLOSE
[2026-05-12 23:24:10] Bus 3: V=0.976 pu, I=379.172 A, Breaker=CLOSE
[2026-05-12 23:24:10] Bus 4: V=0.961 pu, I=290.828 A, Breaker=OPEN
[2026-05-12 23:24:10] Bus 5: V=0.995 pu, I=510.483 A, Breaker=CLOSE
DT_PATH_LAT,h2,1778603050.300912,13


[2026-05-12 23:24:14] Bus 1: V=1.037 pu, I=196.655 A, Breaker=CLOSE
[2026-05-12 23:24:14] Bus 2: V=1.000 pu, I=166.724 A, Breaker=CLOSE
[2026-05-12 23:24:14] Bus 3: V=1.041 pu, I=452.759 A, Breaker=CLOSE
[2026-05-12 23:24:14] Bus 4: V=0.979 pu, I=377.034 A, Breaker=CLOSE
[2026-05-12 23:24:14] Bus 5: V=1.010 pu, I=153.690 A, Breaker=OPEN
DT_PATH_LAT,h2,1778603054.336031,14


[2026-05-12 23:24:18] Bus 1: V=1.026 pu, I=317.276 A, Breaker=CLOSE
[2026-05-12 23:24:18] Bus 2: V=1.027 pu, I=312.897 A, Breaker=CLOSE
[2026-05-12 23:24:18] Bus 3: V=0.950 pu, I=242.966 A, Breaker=CLOSE
[2026-05-12 23:24:18] Bus 4: V=0.951 pu, I=522.310 A, Breaker=CLOSE
[2026-05-12 23:24:18] Bus 5: V=1.037 pu, I=437.724 A, Breaker=OPEN
DT_PATH_LAT,h2,1778603058.383165,15


[2026-05-12 23:24:22] Bus 1: V=0.980 pu, I=115.793 A, Breaker=CLOSE
[2026-05-12 23:24:22] Bus 2: V=1.037 pu, I=486.690 A, Breaker=CLOSE
[2026-05-12 23:24:22] Bus 3: V=0.958 pu, I=315.138 A, Breaker=CLOSE
[2026-05-12 23:24:22] Bus 4: V=0.956 pu, I=442.069 A, Breaker=OPEN
[2026-05-12 23:24:22] Bus 5: V=1.026 pu, I=140.862 A, Breaker=CLOSE
DT_PATH_LAT,h2,1778603062.427682,16


[2026-05-12 23:24:26] Bus 1: V=0.980 pu, I=115.793 A, Breaker=CLOSE
[2026-05-12 23:24:26] Bus 2: V=1.037 pu, I=486.690 A, Breaker=CLOSE
[2026-05-12 23:24:26] Bus 3: V=0.958 pu, I=315.138 A, Breaker=CLOSE
[2026-05-12 23:24:26] Bus 4: V=0.956 pu, I=442.069 A, Breaker=CLOSE
[2026-05-12 23:24:26] Bus 5: V=1.026 pu, I=140.862 A, Breaker=OPEN
DT_PATH_LAT,h2,1778603066.463966,17


[2026-05-12 23:24:30] Bus 1: V=0.997 pu, I=331.000 A, Breaker=CLOSE
[2026-05-12 23:24:30] Bus 2: V=0.976 pu, I=483.621 A, Breaker=CLOSE
[2026-05-12 23:24:30] Bus 3: V=0.992 pu, I=182.724 A, Breaker=CLOSE
[2026-05-12 23:24:30] Bus 4: V=1.003 pu, I=407.897 A, Breaker=OPEN
[2026-05-12 23:24:30] Bus 5: V=0.970 pu, I=232.276 A, Breaker=CLOSE
DT_PATH_LAT,h2,1778603070.536325,18


[2026-05-12 23:24:34] Bus 1: V=1.049 pu, I=356.586 A, Breaker=CLOSE
[2026-05-12 23:24:34] Bus 2: V=0.993 pu, I=317.966 A, Breaker=CLOSE
[2026-05-12 23:24:34] Bus 3: V=0.962 pu, I=194.379 A, Breaker=CLOSE
[2026-05-12 23:24:34] Bus 4: V=0.983 pu, I=352.862 A, Breaker=CLOSE
[2026-05-12 23:24:34] Bus 5: V=0.973 pu, I=190.172 A, Breaker=OPEN
DT_PATH_LAT,h2,1778603074.598449,19


[2026-05-12 23:24:38] Bus 1: V=0.957 pu, I=382.414 A, Breaker=CLOSE
[2026-05-12 23:24:38] Bus 2: V=0.972 pu, I=500.345 A, Breaker=CLOSE
[2026-05-12 23:24:38] Bus 3: V=1.035 pu, I=115.138 A, Breaker=CLOSE
[2026-05-12 23:24:38] Bus 4: V=0.973 pu, I=392.966 A, Breaker=OPEN
[2026-05-12 23:24:38] Bus 5: V=0.971 pu, I=150.621 A, Breaker=CLOSE
DT_PATH_LAT,h2,1778603078.660058,20


[2026-05-12 23:24:42] Bus 1: V=1.043 pu, I=325.379 A, Breaker=CLOSE
[2026-05-12 23:24:42] Bus 2: V=0.997 pu, I=434.793 A, Breaker=CLOSE
[2026-05-12 23:24:42] Bus 3: V=1.030 pu, I=166.793 A, Breaker=CLOSE
[2026-05-12 23:24:42] Bus 4: V=0.959 pu, I=289.552 A, Breaker=CLOSE
[2026-05-12 23:24:42] Bus 5: V=0.992 pu, I=296.000 A, Breaker=OPEN
DT_PATH_LAT,h2,1778603082.739471,21


[2026-05-12 23:24:46] Bus 1: V=1.043 pu, I=325.379 A, Breaker=CLOSE
[2026-05-12 23:24:46] Bus 2: V=0.997 pu, I=434.793 A, Breaker=CLOSE
[2026-05-12 23:24:46] Bus 3: V=1.030 pu, I=166.793 A, Breaker=CLOSE
[2026-05-12 23:24:46] Bus 4: V=0.959 pu, I=289.552 A, Breaker=OPEN
[2026-05-12 23:24:46] Bus 5: V=0.992 pu, I=296.000 A, Breaker=CLOSE
DT_PATH_LAT,h2,1778603086.779389,22


[2026-05-12 23:24:50] Bus 1: V=1.022 pu, I=376.000 A, Breaker=CLOSE
[2026-05-12 23:24:50] Bus 2: V=1.048 pu, I=125.345 A, Breaker=CLOSE
[2026-05-12 23:24:50] Bus 3: V=0.990 pu, I=239.828 A, Breaker=CLOSE
[2026-05-12 23:24:50] Bus 4: V=1.036 pu, I=190.655 A, Breaker=CLOSE
[2026-05-12 23:24:50] Bus 5: V=0.969 pu, I=294.759 A, Breaker=OPEN
DT_PATH_LAT,h2,1778603090.813674,23


[2026-05-12 23:24:54] Bus 1: V=0.992 pu, I=212.379 A, Breaker=CLOSE
[2026-05-12 23:24:54] Bus 2: V=0.974 pu, I=507.345 A, Breaker=CLOSE
[2026-05-12 23:24:54] Bus 3: V=0.994 pu, I=470.069 A, Breaker=CLOSE
[2026-05-12 23:24:54] Bus 4: V=1.005 pu, I=109.793 A, Breaker=OPEN
[2026-05-12 23:24:54] Bus 5: V=1.049 pu, I=434.552 A, Breaker=CLOSE
DT_PATH_LAT,h2,1778603094.852989,24


[2026-05-12 23:24:58] Bus 1: V=1.046 pu, I=473.793 A, Breaker=OPEN
[2026-05-12 23:24:58] Bus 2: V=1.034 pu, I=155.862 A, Breaker=CLOSE
[2026-05-12 23:24:58] Bus 3: V=0.998 pu, I=182.448 A, Breaker=CLOSE
[2026-05-12 23:24:58] Bus 4: V=0.990 pu, I=115.034 A, Breaker=CLOSE
[2026-05-12 23:24:58] Bus 5: V=0.987 pu, I=528.379 A, Breaker=OPEN
DT_PATH_LAT,h2,1778603098.883602,25


[2026-05-12 23:25:02] Bus 1: V=0.976 pu, I=443.793 A, Breaker=CLOSE
[2026-05-12 23:25:02] Bus 2: V=0.995 pu, I=275.586 A, Breaker=OPEN
[2026-05-12 23:25:02] Bus 3: V=1.045 pu, I=503.414 A, Breaker=CLOSE
[2026-05-12 23:25:02] Bus 4: V=1.005 pu, I=402.207 A, Breaker=OPEN
[2026-05-12 23:25:02] Bus 5: V=0.965 pu, I=226.552 A, Breaker=CLOSE
DT_PATH_LAT,h2,1778603103.003771,26


[2026-05-12 23:25:07] Bus 1: V=1.046 pu, I=327.759 A, Breaker=OPEN
[2026-05-12 23:25:07] Bus 2: V=1.004 pu, I=415.690 A, Breaker=CLOSE
[2026-05-12 23:25:07] Bus 3: V=0.955 pu, I=361.345 A, Breaker=CLOSE
[2026-05-12 23:25:07] Bus 4: V=1.000 pu, I=463.448 A, Breaker=CLOSE
[2026-05-12 23:25:07] Bus 5: V=0.965 pu, I=529.310 A, Breaker=OPEN
DT_PATH_LAT,h2,1778603107.054168,27


[2026-05-12 23:25:11] Bus 1: V=1.046 pu, I=327.759 A, Breaker=CLOSE
[2026-05-12 23:25:11] Bus 2: V=1.004 pu, I=415.690 A, Breaker=OPEN
[2026-05-12 23:25:11] Bus 3: V=0.955 pu, I=361.345 A, Breaker=CLOSE
[2026-05-12 23:25:11] Bus 4: V=1.000 pu, I=463.448 A, Breaker=OPEN
[2026-05-12 23:25:11] Bus 5: V=0.965 pu, I=529.310 A, Breaker=CLOSE
DT_PATH_LAT,h2,1778603111.131479,28


[2026-05-12 23:25:15] Bus 1: V=0.958 pu, I=177.345 A, Breaker=CLOSE
[2026-05-12 23:25:15] Bus 2: V=1.009 pu, I=381.793 A, Breaker=CLOSE
[2026-05-12 23:25:15] Bus 3: V=0.973 pu, I=144.690 A, Breaker=CLOSE
[2026-05-12 23:25:15] Bus 4: V=1.039 pu, I=189.103 A, Breaker=CLOSE
[2026-05-12 23:25:15] Bus 5: V=1.009 pu, I=357.448 A, Breaker=OPEN
DT_PATH_LAT,h2,1778603115.170752,29


[2026-05-12 23:25:19] Bus 1: V=0.991 pu, I=347.931 A, Breaker=CLOSE
[2026-05-12 23:25:19] Bus 2: V=1.002 pu, I=498.552 A, Breaker=CLOSE
[2026-05-12 23:25:19] Bus 3: V=0.970 pu, I=415.759 A, Breaker=CLOSE
[2026-05-12 23:25:19] Bus 4: V=0.973 pu, I=269.414 A, Breaker=OPEN
[2026-05-12 23:25:19] Bus 5: V=1.017 pu, I=216.448 A, Breaker=CLOSE
DT_PATH_LAT,h2,1778603119.208453,30


[2026-05-12 23:25:23] Bus 1: V=0.981 pu, I=427.034 A, Breaker=CLOSE
[2026-05-12 23:25:23] Bus 2: V=0.957 pu, I=302.828 A, Breaker=CLOSE
[2026-05-12 23:25:23] Bus 3: V=1.049 pu, I=501.724 A, Breaker=CLOSE
[2026-05-12 23:25:23] Bus 4: V=0.957 pu, I=190.034 A, Breaker=CLOSE
[2026-05-12 23:25:23] Bus 5: V=0.976 pu, I=511.069 A, Breaker=OPEN
DT_PATH_LAT,h2,1778603123.241855,31


[2026-05-12 23:25:27] Bus 1: V=0.981 pu, I=427.034 A, Breaker=CLOSE
[2026-05-12 23:25:27] Bus 2: V=0.957 pu, I=302.828 A, Breaker=CLOSE
[2026-05-12 23:25:27] Bus 3: V=1.049 pu, I=501.724 A, Breaker=CLOSE
[2026-05-12 23:25:27] Bus 4: V=0.957 pu, I=190.034 A, Breaker=OPEN
[2026-05-12 23:25:27] Bus 5: V=0.976 pu, I=511.069 A, Breaker=CLOSE
DT_PATH_LAT,h2,1778603127.285799,32


[2026-05-12 23:25:31] Bus 1: V=1.038 pu, I=457.828 A, Breaker=CLOSE
[2026-05-12 23:25:31] Bus 2: V=0.986 pu, I=159.621 A, Breaker=CLOSE
[2026-05-12 23:25:31] Bus 3: V=1.033 pu, I=385.034 A, Breaker=CLOSE
[2026-05-12 23:25:31] Bus 4: V=1.011 pu, I=517.069 A, Breaker=CLOSE
[2026-05-12 23:25:31] Bus 5: V=1.015 pu, I=90.103 A, Breaker=OPEN
DT_PATH_LAT,h2,1778603131.321033,33


[2026-05-12 23:25:35] Bus 1: V=1.031 pu, I=213.138 A, Breaker=CLOSE
[2026-05-12 23:25:35] Bus 2: V=1.016 pu, I=493.483 A, Breaker=CLOSE
[2026-05-12 23:25:35] Bus 3: V=0.963 pu, I=144.172 A, Breaker=CLOSE
[2026-05-12 23:25:35] Bus 4: V=0.960 pu, I=345.276 A, Breaker=OPEN
[2026-05-12 23:25:35] Bus 5: V=0.977 pu, I=362.690 A, Breaker=CLOSE
DT_PATH_LAT,h2,1778603135.358277,34


[2026-05-12 23:25:39] Bus 1: V=1.021 pu, I=173.931 A, Breaker=CLOSE
[2026-05-12 23:25:39] Bus 2: V=1.013 pu, I=201.621 A, Breaker=CLOSE
[2026-05-12 23:25:39] Bus 3: V=0.998 pu, I=487.310 A, Breaker=CLOSE
[2026-05-12 23:25:39] Bus 4: V=1.034 pu, I=124.414 A, Breaker=CLOSE
[2026-05-12 23:25:39] Bus 5: V=0.992 pu, I=211.517 A, Breaker=OPEN
DT_PATH_LAT,h2,1778603139.393659,35


[2026-05-12 23:25:43] Bus 1: V=0.950 pu, I=450.000 A, Breaker=OPEN
[2026-05-12 23:25:43] Bus 2: V=1.013 pu, I=200.655 A, Breaker=CLOSE
[2026-05-12 23:25:43] Bus 3: V=1.024 pu, I=323.207 A, Breaker=CLOSE
[2026-05-12 23:25:43] Bus 4: V=0.992 pu, I=93.000 A, Breaker=OPEN
[2026-05-12 23:25:43] Bus 5: V=0.957 pu, I=498.138 A, Breaker=CLOSE
DT_PATH_LAT,h2,1778603143.778531,36


[2026-05-12 23:25:47] Bus 1: V=0.950 pu, I=450.000 A, Breaker=CLOSE
[2026-05-12 23:25:47] Bus 2: V=1.033 pu, I=333.448 A, Breaker=OPEN
[2026-05-12 23:25:47] Bus 3: V=0.964 pu, I=149.448 A, Breaker=CLOSE
[2026-05-12 23:25:47] Bus 4: V=0.980 pu, I=493.414 A, Breaker=CLOSE
[2026-05-12 23:25:47] Bus 5: V=1.029 pu, I=453.655 A, Breaker=OPEN
DT_PATH_LAT,h2,1778603147.849982,37


[2026-05-12 23:25:51] Bus 1: V=1.040 pu, I=315.586 A, Breaker=OPEN
[2026-05-12 23:25:51] Bus 2: V=1.033 pu, I=333.448 A, Breaker=CLOSE
[2026-05-12 23:25:51] Bus 3: V=0.964 pu, I=149.448 A, Breaker=CLOSE
[2026-05-12 23:25:51] Bus 4: V=0.980 pu, I=493.414 A, Breaker=OPEN
[2026-05-12 23:25:51] Bus 5: V=1.029 pu, I=453.655 A, Breaker=CLOSE
DT_PATH_LAT,h2,1778603151.931257,38


[2026-05-12 23:25:55] Bus 1: V=1.039 pu, I=173.655 A, Breaker=CLOSE
[2026-05-12 23:25:55] Bus 2: V=0.974 pu, I=136.759 A, Breaker=OPEN
[2026-05-12 23:25:55] Bus 3: V=1.028 pu, I=464.414 A, Breaker=CLOSE
[2026-05-12 23:25:55] Bus 4: V=0.990 pu, I=364.793 A, Breaker=CLOSE
[2026-05-12 23:25:55] Bus 5: V=0.965 pu, I=515.379 A, Breaker=OPEN
DT_PATH_LAT,h2,1778603155.965570,39


[2026-05-12 23:25:59] Bus 1: V=1.036 pu, I=499.759 A, Breaker=CLOSE
[2026-05-12 23:25:59] Bus 2: V=1.031 pu, I=461.862 A, Breaker=CLOSE
[2026-05-12 23:25:59] Bus 3: V=0.952 pu, I=433.000 A, Breaker=CLOSE
[2026-05-12 23:25:59] Bus 4: V=0.983 pu, I=506.483 A, Breaker=OPEN
[2026-05-12 23:25:59] Bus 5: V=1.030 pu, I=454.828 A, Breaker=CLOSE
DT_PATH_LAT,h2,1778603160.000552,40


[2026-05-12 23:26:04] Bus 1: V=1.031 pu, I=199.379 A, Breaker=CLOSE
[2026-05-12 23:26:04] Bus 2: V=1.028 pu, I=131.862 A, Breaker=CLOSE
[2026-05-12 23:26:04] Bus 3: V=1.037 pu, I=449.448 A, Breaker=CLOSE
[2026-05-12 23:26:04] Bus 4: V=0.972 pu, I=460.448 A, Breaker=CLOSE
[2026-05-12 23:26:04] Bus 5: V=0.996 pu, I=223.345 A, Breaker=OPEN
DT_PATH_LAT,h2,1778603164.034986,41


[2026-05-12 23:26:08] Bus 1: V=1.029 pu, I=182.897 A, Breaker=CLOSE
[2026-05-12 23:26:08] Bus 2: V=0.952 pu, I=181.759 A, Breaker=CLOSE
[2026-05-12 23:26:08] Bus 3: V=0.982 pu, I=476.897 A, Breaker=CLOSE
[2026-05-12 23:26:08] Bus 4: V=1.046 pu, I=201.586 A, Breaker=OPEN
[2026-05-12 23:26:08] Bus 5: V=1.014 pu, I=260.379 A, Breaker=CLOSE
DT_PATH_LAT,h2,1778603168.073690,42


[2026-05-12 23:26:12] Bus 1: V=1.029 pu, I=182.897 A, Breaker=CLOSE
[2026-05-12 23:26:12] Bus 2: V=0.952 pu, I=181.759 A, Breaker=CLOSE
[2026-05-12 23:26:12] Bus 3: V=0.982 pu, I=476.897 A, Breaker=CLOSE
[2026-05-12 23:26:12] Bus 4: V=1.046 pu, I=201.586 A, Breaker=CLOSE
[2026-05-12 23:26:12] Bus 5: V=1.014 pu, I=260.379 A, Breaker=OPEN
DT_PATH_LAT,h2,1778603172.109980,43


[2026-05-12 23:26:16] Bus 1: V=1.048 pu, I=309.310 A, Breaker=CLOSE
[2026-05-12 23:26:16] Bus 2: V=1.043 pu, I=133.000 A, Breaker=CLOSE
[2026-05-12 23:26:16] Bus 3: V=1.047 pu, I=159.207 A, Breaker=CLOSE
[2026-05-12 23:26:16] Bus 4: V=1.046 pu, I=195.897 A, Breaker=OPEN
[2026-05-12 23:26:16] Bus 5: V=0.960 pu, I=290.828 A, Breaker=CLOSE
DT_PATH_LAT,h2,1778603176.143203,44


[2026-05-12 23:26:20] Bus 1: V=1.022 pu, I=221.138 A, Breaker=CLOSE
[2026-05-12 23:26:20] Bus 2: V=1.010 pu, I=310.000 A, Breaker=CLOSE
[2026-05-12 23:26:20] Bus 3: V=0.988 pu, I=345.966 A, Breaker=CLOSE
[2026-05-12 23:26:20] Bus 4: V=0.975 pu, I=410.276 A, Breaker=CLOSE
[2026-05-12 23:26:20] Bus 5: V=0.950 pu, I=521.655 A, Breaker=CLOSE
DT_PATH_LAT,h2,1778603180.186668,45


[2026-05-12 23:26:24] Bus 1: V=1.003 pu, I=403.345 A, Breaker=CLOSE
[2026-05-12 23:26:24] Bus 2: V=1.024 pu, I=374.345 A, Breaker=CLOSE
[2026-05-12 23:26:24] Bus 3: V=0.986 pu, I=120.517 A, Breaker=CLOSE
[2026-05-12 23:26:24] Bus 4: V=1.016 pu, I=229.690 A, Breaker=CLOSE
[2026-05-12 23:26:24] Bus 5: V=0.981 pu, I=470.276 A, Breaker=CLOSE
DT_PATH_LAT,h2,1778603184.235859,46


[2026-05-12 23:26:28] Bus 1: V=1.021 pu, I=215.586 A, Breaker=CLOSE
[2026-05-12 23:26:28] Bus 2: V=0.980 pu, I=273.138 A, Breaker=CLOSE
[2026-05-12 23:26:28] Bus 3: V=0.990 pu, I=220.414 A, Breaker=CLOSE
[2026-05-12 23:26:28] Bus 4: V=0.962 pu, I=283.793 A, Breaker=CLOSE
[2026-05-12 23:26:28] Bus 5: V=1.044 pu, I=370.034 A, Breaker=CLOSE
DT_PATH_LAT,h2,1778603188.283236,47


[2026-05-12 23:26:32] Bus 1: V=1.021 pu, I=215.586 A, Breaker=CLOSE
[2026-05-12 23:26:32] Bus 2: V=0.980 pu, I=273.138 A, Breaker=CLOSE
[2026-05-12 23:26:32] Bus 3: V=0.990 pu, I=220.414 A, Breaker=CLOSE
[2026-05-12 23:26:32] Bus 4: V=0.962 pu, I=283.793 A, Breaker=CLOSE
[2026-05-12 23:26:32] Bus 5: V=1.044 pu, I=370.034 A, Breaker=CLOSE
DT_PATH_LAT,h2,1778603192.591648,48


[2026-05-12 23:26:36] Bus 1: V=1.040 pu, I=345.207 A, Breaker=CLOSE
[2026-05-12 23:26:36] Bus 2: V=0.980 pu, I=336.069 A, Breaker=CLOSE
[2026-05-12 23:26:36] Bus 3: V=0.950 pu, I=225.690 A, Breaker=CLOSE
[2026-05-12 23:26:36] Bus 4: V=0.992 pu, I=345.897 A, Breaker=OPEN
[2026-05-12 23:26:36] Bus 5: V=1.015 pu, I=288.379 A, Breaker=CLOSE
DT_PATH_LAT,h2,1778603196.635277,49


[2026-05-12 23:26:40] Bus 1: V=0.994 pu, I=183.241 A, Breaker=CLOSE
[2026-05-12 23:26:40] Bus 2: V=0.997 pu, I=486.241 A, Breaker=CLOSE
[2026-05-12 23:26:40] Bus 3: V=1.029 pu, I=158.103 A, Breaker=CLOSE
[2026-05-12 23:26:40] Bus 4: V=0.958 pu, I=328.724 A, Breaker=CLOSE
[2026-05-12 23:26:40] Bus 5: V=1.013 pu, I=232.586 A, Breaker=OPEN
DT_PATH_LAT,h2,1778603200.854070,50


[2026-05-12 23:26:44] Bus 1: V=1.031 pu, I=405.931 A, Breaker=CLOSE
[2026-05-12 23:26:44] Bus 2: V=1.017 pu, I=183.828 A, Breaker=CLOSE
[2026-05-12 23:26:44] Bus 3: V=0.969 pu, I=101.897 A, Breaker=CLOSE
[2026-05-12 23:26:44] Bus 4: V=0.974 pu, I=305.103 A, Breaker=OPEN
[2026-05-12 23:26:44] Bus 5: V=1.034 pu, I=116.069 A, Breaker=CLOSE
DT_PATH_LAT,h2,1778603204.933897,51


[2026-05-12 23:26:49] Bus 1: V=0.991 pu, I=368.552 A, Breaker=CLOSE
[2026-05-12 23:26:49] Bus 2: V=0.969 pu, I=407.172 A, Breaker=CLOSE
[2026-05-12 23:26:49] Bus 3: V=0.999 pu, I=195.621 A, Breaker=CLOSE
[2026-05-12 23:26:49] Bus 4: V=1.015 pu, I=89.103 A, Breaker=CLOSE
[2026-05-12 23:26:49] Bus 5: V=1.025 pu, I=416.724 A, Breaker=OPEN
DT_PATH_LAT,h2,1778603209.179229,52


[2026-05-12 23:26:53] Bus 1: V=0.991 pu, I=368.552 A, Breaker=OPEN
[2026-05-12 23:26:53] Bus 2: V=0.969 pu, I=407.172 A, Breaker=CLOSE
[2026-05-12 23:26:53] Bus 3: V=0.999 pu, I=195.621 A, Breaker=CLOSE
[2026-05-12 23:26:53] Bus 4: V=0.974 pu, I=473.552 A, Breaker=OPEN
[2026-05-12 23:26:53] Bus 5: V=0.995 pu, I=442.931 A, Breaker=CLOSE
DT_PATH_LAT,h2,1778603213.225743,53


[2026-05-12 23:26:57] Bus 1: V=0.960 pu, I=286.552 A, Breaker=CLOSE
[2026-05-12 23:26:57] Bus 2: V=0.967 pu, I=527.034 A, Breaker=OPEN
[2026-05-12 23:26:57] Bus 3: V=1.001 pu, I=109.966 A, Breaker=CLOSE
[2026-05-12 23:26:57] Bus 4: V=0.974 pu, I=473.552 A, Breaker=CLOSE
[2026-05-12 23:26:57] Bus 5: V=0.995 pu, I=442.931 A, Breaker=OPEN
DT_PATH_LAT,h2,1778603217.278305,54


[2026-05-12 23:27:01] Bus 1: V=1.016 pu, I=514.483 A, Breaker=OPEN
[2026-05-12 23:27:01] Bus 2: V=1.009 pu, I=501.655 A, Breaker=CLOSE
[2026-05-12 23:27:01] Bus 3: V=1.039 pu, I=344.379 A, Breaker=CLOSE
[2026-05-12 23:27:01] Bus 4: V=1.021 pu, I=303.690 A, Breaker=OPEN
[2026-05-12 23:27:01] Bus 5: V=1.033 pu, I=318.793 A, Breaker=CLOSE
DT_PATH_LAT,h2,1778603221.320154,55


[2026-05-12 23:27:05] Bus 1: V=1.039 pu, I=399.690 A, Breaker=CLOSE
[2026-05-12 23:27:05] Bus 2: V=0.997 pu, I=202.724 A, Breaker=OPEN
[2026-05-12 23:27:05] Bus 3: V=0.974 pu, I=378.448 A, Breaker=CLOSE
[2026-05-12 23:27:05] Bus 4: V=1.026 pu, I=309.414 A, Breaker=CLOSE
[2026-05-12 23:27:05] Bus 5: V=1.012 pu, I=206.379 A, Breaker=OPEN
DT_PATH_LAT,h2,1778603225.426628,56


[2026-05-12 23:27:10] Bus 1: V=0.957 pu, I=223.345 A, Breaker=OPEN
[2026-05-12 23:27:10] Bus 2: V=0.977 pu, I=234.207 A, Breaker=CLOSE
[2026-05-12 23:27:10] Bus 3: V=1.004 pu, I=148.414 A, Breaker=CLOSE
[2026-05-12 23:27:10] Bus 4: V=0.973 pu, I=404.552 A, Breaker=OPEN
[2026-05-12 23:27:10] Bus 5: V=1.020 pu, I=114.000 A, Breaker=CLOSE
DT_PATH_LAT,h2,1778603230.228929,57


[2026-05-12 23:27:14] Bus 1: V=0.990 pu, I=330.069 A, Breaker=CLOSE
[2026-05-12 23:27:14] Bus 2: V=0.991 pu, I=180.655 A, Breaker=OPEN
[2026-05-12 23:27:14] Bus 3: V=0.992 pu, I=490.448 A, Breaker=CLOSE
[2026-05-12 23:27:14] Bus 4: V=1.008 pu, I=391.069 A, Breaker=CLOSE
[2026-05-12 23:27:14] Bus 5: V=1.035 pu, I=410.586 A, Breaker=OPEN
DT_PATH_LAT,h2,1778603234.337849,58


[2026-05-12 23:27:18] Bus 1: V=0.988 pu, I=91.759 A, Breaker=OPEN
[2026-05-12 23:27:18] Bus 2: V=0.985 pu, I=426.207 A, Breaker=CLOSE
[2026-05-12 23:27:18] Bus 3: V=1.035 pu, I=490.586 A, Breaker=CLOSE
[2026-05-12 23:27:18] Bus 4: V=0.991 pu, I=420.655 A, Breaker=OPEN
[2026-05-12 23:27:18] Bus 5: V=1.004 pu, I=352.103 A, Breaker=CLOSE
DT_PATH_LAT,h2,1778603238.378360,59


[2026-05-12 23:27:22] Bus 1: V=0.988 pu, I=91.759 A, Breaker=CLOSE
[2026-05-12 23:27:22] Bus 2: V=0.985 pu, I=426.207 A, Breaker=OPEN
[2026-05-12 23:27:22] Bus 3: V=1.035 pu, I=490.586 A, Breaker=CLOSE
[2026-05-12 23:27:22] Bus 4: V=0.991 pu, I=420.655 A, Breaker=CLOSE
[2026-05-12 23:27:22] Bus 5: V=1.004 pu, I=352.103 A, Breaker=OPEN
DT_PATH_LAT,h2,1778603242.953995,60


[2026-05-12 23:27:26] Bus 1: V=0.972 pu, I=190.000 A, Breaker=CLOSE
[2026-05-12 23:27:26] Bus 2: V=0.993 pu, I=101.483 A, Breaker=CLOSE
[2026-05-12 23:27:26] Bus 3: V=0.983 pu, I=393.586 A, Breaker=CLOSE
[2026-05-12 23:27:26] Bus 4: V=0.990 pu, I=162.310 A, Breaker=OPEN
[2026-05-12 23:27:26] Bus 5: V=0.996 pu, I=144.724 A, Breaker=CLOSE
DT_PATH_LAT,h2,1778603246.998590,61


[2026-05-12 23:27:31] Bus 1: V=1.012 pu, I=98.724 A, Breaker=CLOSE
[2026-05-12 23:27:31] Bus 2: V=0.989 pu, I=340.207 A, Breaker=CLOSE
[2026-05-12 23:27:31] Bus 3: V=0.952 pu, I=389.552 A, Breaker=CLOSE
[2026-05-12 23:27:31] Bus 4: V=0.963 pu, I=302.414 A, Breaker=CLOSE
[2026-05-12 23:27:31] Bus 5: V=0.955 pu, I=267.034 A, Breaker=OPEN
DT_PATH_LAT,h2,1778603251.033075,62


[2026-05-12 23:27:35] Bus 1: V=0.971 pu, I=238.897 A, Breaker=CLOSE
[2026-05-12 23:27:35] Bus 2: V=1.026 pu, I=248.517 A, Breaker=CLOSE
[2026-05-12 23:27:35] Bus 3: V=1.025 pu, I=443.276 A, Breaker=CLOSE
[2026-05-12 23:27:35] Bus 4: V=0.975 pu, I=127.276 A, Breaker=OPEN
[2026-05-12 23:27:35] Bus 5: V=0.951 pu, I=342.069 A, Breaker=CLOSE
DT_PATH_LAT,h2,1778603255.075824,63


[2026-05-12 23:27:39] Bus 1: V=1.049 pu, I=230.655 A, Breaker=CLOSE
[2026-05-12 23:27:39] Bus 2: V=1.015 pu, I=425.724 A, Breaker=CLOSE
[2026-05-12 23:27:39] Bus 3: V=1.015 pu, I=413.931 A, Breaker=CLOSE
[2026-05-12 23:27:39] Bus 4: V=1.044 pu, I=168.276 A, Breaker=CLOSE
[2026-05-12 23:27:39] Bus 5: V=0.952 pu, I=163.000 A, Breaker=OPEN
DT_PATH_LAT,h2,1778603259.185817,64


[2026-05-12 23:27:43] Bus 1: V=1.049 pu, I=230.655 A, Breaker=CLOSE
[2026-05-12 23:27:43] Bus 2: V=1.015 pu, I=425.724 A, Breaker=CLOSE
[2026-05-12 23:27:43] Bus 3: V=1.015 pu, I=413.931 A, Breaker=CLOSE
[2026-05-12 23:27:43] Bus 4: V=1.044 pu, I=168.276 A, Breaker=OPEN
[2026-05-12 23:27:43] Bus 5: V=0.952 pu, I=163.000 A, Breaker=CLOSE
DT_PATH_LAT,h2,1778603263.232339,65


[2026-05-12 23:27:47] Bus 1: V=0.962 pu, I=397.759 A, Breaker=CLOSE
[2026-05-12 23:27:47] Bus 2: V=1.006 pu, I=182.897 A, Breaker=CLOSE
[2026-05-12 23:27:47] Bus 3: V=1.019 pu, I=417.483 A, Breaker=CLOSE
[2026-05-12 23:27:47] Bus 4: V=0.966 pu, I=367.690 A, Breaker=CLOSE
[2026-05-12 23:27:47] Bus 5: V=1.024 pu, I=135.138 A, Breaker=OPEN
DT_PATH_LAT,h2,1778603267.270633,66


[2026-05-12 23:27:51] Bus 1: V=1.031 pu, I=497.034 A, Breaker=CLOSE
[2026-05-12 23:27:51] Bus 2: V=0.960 pu, I=103.414 A, Breaker=CLOSE
[2026-05-12 23:27:51] Bus 3: V=0.981 pu, I=393.759 A, Breaker=CLOSE
[2026-05-12 23:27:51] Bus 4: V=1.045 pu, I=251.241 A, Breaker=OPEN
[2026-05-12 23:27:51] Bus 5: V=1.021 pu, I=118.966 A, Breaker=CLOSE
DT_PATH_LAT,h2,1778603271.321205,67


[2026-05-12 23:27:55] Bus 1: V=1.019 pu, I=357.483 A, Breaker=CLOSE
[2026-05-12 23:27:55] Bus 2: V=0.960 pu, I=446.000 A, Breaker=CLOSE
[2026-05-12 23:27:55] Bus 3: V=1.035 pu, I=340.552 A, Breaker=CLOSE
[2026-05-12 23:27:55] Bus 4: V=0.962 pu, I=541.862 A, Breaker=CLOSE
[2026-05-12 23:27:55] Bus 5: V=1.028 pu, I=234.345 A, Breaker=OPEN
DT_PATH_LAT,h2,1778603275.467179,68


[2026-05-12 23:27:59] Bus 1: V=0.992 pu, I=253.069 A, Breaker=CLOSE
[2026-05-12 23:27:59] Bus 2: V=1.000 pu, I=238.207 A, Breaker=CLOSE
[2026-05-12 23:27:59] Bus 3: V=1.034 pu, I=435.000 A, Breaker=CLOSE
[2026-05-12 23:27:59] Bus 4: V=0.960 pu, I=532.172 A, Breaker=OPEN
[2026-05-12 23:27:59] Bus 5: V=1.013 pu, I=446.966 A, Breaker=CLOSE
DT_PATH_LAT,h2,1778603279.523437,69


[2026-05-12 23:28:03] Bus 1: V=1.020 pu, I=274.172 A, Breaker=CLOSE
[2026-05-12 23:28:03] Bus 2: V=1.023 pu, I=501.517 A, Breaker=CLOSE
[2026-05-12 23:28:03] Bus 3: V=0.977 pu, I=454.448 A, Breaker=CLOSE
[2026-05-12 23:28:03] Bus 4: V=1.003 pu, I=299.828 A, Breaker=CLOSE
[2026-05-12 23:28:03] Bus 5: V=0.993 pu, I=412.655 A, Breaker=OPEN
DT_PATH_LAT,h2,1778603283.592298,70


[2026-05-12 23:28:07] Bus 1: V=1.020 pu, I=274.172 A, Breaker=CLOSE
[2026-05-12 23:28:07] Bus 2: V=1.023 pu, I=501.517 A, Breaker=CLOSE
[2026-05-12 23:28:07] Bus 3: V=0.977 pu, I=454.448 A, Breaker=CLOSE
[2026-05-12 23:28:07] Bus 4: V=1.003 pu, I=299.828 A, Breaker=OPEN
[2026-05-12 23:28:07] Bus 5: V=0.993 pu, I=412.655 A, Breaker=CLOSE
DT_PATH_LAT,h2,1778603287.670773,71


[2026-05-12 23:28:11] Bus 1: V=0.976 pu, I=474.138 A, Breaker=CLOSE
[2026-05-12 23:28:11] Bus 2: V=1.033 pu, I=122.172 A, Breaker=CLOSE
[2026-05-12 23:28:11] Bus 3: V=1.038 pu, I=188.276 A, Breaker=CLOSE
[2026-05-12 23:28:11] Bus 4: V=0.996 pu, I=358.103 A, Breaker=CLOSE
[2026-05-12 23:28:11] Bus 5: V=0.987 pu, I=101.931 A, Breaker=OPEN
DT_PATH_LAT,h2,1778603291.737953,72


[2026-05-12 23:28:15] Bus 1: V=1.035 pu, I=162.448 A, Breaker=OPEN
[2026-05-12 23:28:15] Bus 2: V=0.971 pu, I=452.448 A, Breaker=CLOSE
[2026-05-12 23:28:15] Bus 3: V=0.984 pu, I=483.448 A, Breaker=CLOSE
[2026-05-12 23:28:15] Bus 4: V=1.020 pu, I=205.586 A, Breaker=OPEN
[2026-05-12 23:28:15] Bus 5: V=0.951 pu, I=531.621 A, Breaker=CLOSE
DT_PATH_LAT,h2,1778603295.776123,73


[2026-05-12 23:28:19] Bus 1: V=0.958 pu, I=422.690 A, Breaker=CLOSE
[2026-05-12 23:28:19] Bus 2: V=0.998 pu, I=422.414 A, Breaker=OPEN
[2026-05-12 23:28:19] Bus 3: V=1.019 pu, I=365.552 A, Breaker=CLOSE
[2026-05-12 23:28:19] Bus 4: V=0.999 pu, I=437.655 A, Breaker=CLOSE
[2026-05-12 23:28:19] Bus 5: V=0.959 pu, I=193.517 A, Breaker=OPEN
DT_PATH_LAT,h2,1778603299.809351,74


[2026-05-12 23:28:23] Bus 1: V=1.019 pu, I=218.724 A, Breaker=CLOSE
[2026-05-12 23:28:23] Bus 2: V=1.008 pu, I=294.069 A, Breaker=OPEN
[2026-05-12 23:28:23] Bus 3: V=1.003 pu, I=274.586 A, Breaker=CLOSE
[2026-05-12 23:28:23] Bus 4: V=1.024 pu, I=228.138 A, Breaker=CLOSE
[2026-05-12 23:28:23] Bus 5: V=1.020 pu, I=203.241 A, Breaker=CLOSE
DT_PATH_LAT,h2,1778603303.848413,75


[2026-05-12 23:28:27] Bus 1: V=1.019 pu, I=218.724 A, Breaker=CLOSE
[2026-05-12 23:28:27] Bus 2: V=1.008 pu, I=294.069 A, Breaker=OPEN
[2026-05-12 23:28:27] Bus 3: V=1.003 pu, I=274.586 A, Breaker=CLOSE
[2026-05-12 23:28:27] Bus 4: V=1.024 pu, I=228.138 A, Breaker=CLOSE
[2026-05-12 23:28:27] Bus 5: V=1.020 pu, I=203.241 A, Breaker=OPEN
DT_PATH_LAT,h2,1778603307.885294,76


[2026-05-12 23:28:31] Bus 1: V=0.975 pu, I=144.793 A, Breaker=CLOSE
[2026-05-12 23:28:31] Bus 2: V=0.969 pu, I=145.172 A, Breaker=CLOSE
[2026-05-12 23:28:31] Bus 3: V=1.003 pu, I=422.207 A, Breaker=CLOSE
[2026-05-12 23:28:31] Bus 4: V=0.968 pu, I=189.310 A, Breaker=OPEN
[2026-05-12 23:28:31] Bus 5: V=0.998 pu, I=407.793 A, Breaker=CLOSE
DT_PATH_LAT,h2,1778603311.923746,77


[2026-05-12 23:28:35] Bus 1: V=1.047 pu, I=304.586 A, Breaker=CLOSE
[2026-05-12 23:28:35] Bus 2: V=0.978 pu, I=135.276 A, Breaker=CLOSE
[2026-05-12 23:28:35] Bus 3: V=0.969 pu, I=194.172 A, Breaker=CLOSE
[2026-05-12 23:28:35] Bus 4: V=0.967 pu, I=97.414 A, Breaker=CLOSE
[2026-05-12 23:28:35] Bus 5: V=1.003 pu, I=208.138 A, Breaker=OPEN
DT_PATH_LAT,h2,1778603315.953328,78


[2026-05-12 23:28:39] Bus 1: V=1.047 pu, I=316.724 A, Breaker=OPEN
[2026-05-12 23:28:39] Bus 2: V=1.019 pu, I=140.897 A, Breaker=CLOSE
[2026-05-12 23:28:39] Bus 3: V=1.036 pu, I=293.414 A, Breaker=CLOSE
[2026-05-12 23:28:39] Bus 4: V=1.037 pu, I=328.621 A, Breaker=OPEN
[2026-05-12 23:28:39] Bus 5: V=0.996 pu, I=282.897 A, Breaker=CLOSE
DT_PATH_LAT,h2,1778603319.983690,79


[2026-05-12 23:28:43] Bus 1: V=0.968 pu, I=114.310 A, Breaker=CLOSE
[2026-05-12 23:28:43] Bus 2: V=1.044 pu, I=285.828 A, Breaker=OPEN
[2026-05-12 23:28:43] Bus 3: V=1.032 pu, I=256.276 A, Breaker=CLOSE
[2026-05-12 23:28:43] Bus 4: V=0.957 pu, I=381.517 A, Breaker=CLOSE
[2026-05-12 23:28:43] Bus 5: V=0.955 pu, I=160.966 A, Breaker=OPEN
DT_PATH_LAT,h2,1778603324.028382,80


[2026-05-12 23:28:48] Bus 1: V=0.968 pu, I=114.310 A, Breaker=OPEN
[2026-05-12 23:28:48] Bus 2: V=1.044 pu, I=285.828 A, Breaker=CLOSE
[2026-05-12 23:28:48] Bus 3: V=1.032 pu, I=256.276 A, Breaker=CLOSE
[2026-05-12 23:28:48] Bus 4: V=0.957 pu, I=381.517 A, Breaker=OPEN
[2026-05-12 23:28:48] Bus 5: V=0.955 pu, I=160.966 A, Breaker=CLOSE
DT_PATH_LAT,h2,1778603328.055010,81


[2026-05-12 23:28:52] Bus 1: V=1.006 pu, I=220.483 A, Breaker=CLOSE
[2026-05-12 23:28:52] Bus 2: V=1.049 pu, I=133.621 A, Breaker=OPEN
[2026-05-12 23:28:52] Bus 3: V=1.026 pu, I=345.931 A, Breaker=CLOSE
[2026-05-12 23:28:52] Bus 4: V=1.029 pu, I=182.138 A, Breaker=CLOSE
[2026-05-12 23:28:52] Bus 5: V=1.002 pu, I=285.828 A, Breaker=OPEN
DT_PATH_LAT,h2,1778603332.129676,82


[2026-05-12 23:28:56] Bus 1: V=0.994 pu, I=469.552 A, Breaker=CLOSE
[2026-05-12 23:28:56] Bus 2: V=1.049 pu, I=212.138 A, Breaker=CLOSE
[2026-05-12 23:28:56] Bus 3: V=1.012 pu, I=352.276 A, Breaker=CLOSE
[2026-05-12 23:28:56] Bus 4: V=1.024 pu, I=493.517 A, Breaker=OPEN
[2026-05-12 23:28:56] Bus 5: V=0.970 pu, I=186.448 A, Breaker=CLOSE
DT_PATH_LAT,h2,1778603336.163702,83


[2026-05-12 23:29:00] Bus 1: V=1.016 pu, I=154.759 A, Breaker=CLOSE
[2026-05-12 23:29:00] Bus 2: V=0.967 pu, I=125.207 A, Breaker=CLOSE
[2026-05-12 23:29:00] Bus 3: V=0.950 pu, I=301.448 A, Breaker=CLOSE
[2026-05-12 23:29:00] Bus 4: V=1.009 pu, I=214.310 A, Breaker=CLOSE
[2026-05-12 23:29:00] Bus 5: V=0.973 pu, I=410.414 A, Breaker=OPEN
DT_PATH_LAT,h2,1778603340.203536,84


[2026-05-12 23:29:04] Bus 1: V=1.020 pu, I=282.276 A, Breaker=CLOSE
[2026-05-12 23:29:04] Bus 2: V=1.018 pu, I=485.828 A, Breaker=CLOSE
[2026-05-12 23:29:04] Bus 3: V=1.028 pu, I=353.172 A, Breaker=CLOSE
[2026-05-12 23:29:04] Bus 4: V=1.016 pu, I=491.310 A, Breaker=OPEN
[2026-05-12 23:29:04] Bus 5: V=0.992 pu, I=330.345 A, Breaker=CLOSE
DT_PATH_LAT,h2,1778603344.236997,85


[2026-05-12 23:29:08] Bus 1: V=1.020 pu, I=282.276 A, Breaker=CLOSE
[2026-05-12 23:29:08] Bus 2: V=1.018 pu, I=485.828 A, Breaker=CLOSE
[2026-05-12 23:29:08] Bus 3: V=1.028 pu, I=353.172 A, Breaker=CLOSE
[2026-05-12 23:29:08] Bus 4: V=1.016 pu, I=491.310 A, Breaker=CLOSE
[2026-05-12 23:29:08] Bus 5: V=0.992 pu, I=330.345 A, Breaker=OPEN
DT_PATH_LAT,h2,1778603348.272488,86


[2026-05-12 23:29:12] Bus 1: V=1.014 pu, I=481.000 A, Breaker=CLOSE
[2026-05-12 23:29:12] Bus 2: V=1.032 pu, I=115.724 A, Breaker=CLOSE
[2026-05-12 23:29:12] Bus 3: V=0.966 pu, I=231.241 A, Breaker=CLOSE
[2026-05-12 23:29:12] Bus 4: V=1.024 pu, I=330.517 A, Breaker=OPEN
[2026-05-12 23:29:12] Bus 5: V=0.978 pu, I=145.897 A, Breaker=CLOSE
DT_PATH_LAT,h2,1778603352.301822,87


[2026-05-12 23:29:16] Bus 1: V=1.018 pu, I=388.862 A, Breaker=CLOSE
[2026-05-12 23:29:16] Bus 2: V=1.044 pu, I=295.379 A, Breaker=CLOSE
[2026-05-12 23:29:16] Bus 3: V=0.999 pu, I=123.552 A, Breaker=CLOSE
[2026-05-12 23:29:16] Bus 4: V=0.953 pu, I=291.759 A, Breaker=CLOSE
[2026-05-12 23:29:16] Bus 5: V=0.982 pu, I=201.897 A, Breaker=OPEN
DT_PATH_LAT,h2,1778603356.378107,88


[2026-05-12 23:29:20] Bus 1: V=0.959 pu, I=533.483 A, Breaker=CLOSE
[2026-05-12 23:29:20] Bus 2: V=1.033 pu, I=330.276 A, Breaker=CLOSE
[2026-05-12 23:29:20] Bus 3: V=1.045 pu, I=505.483 A, Breaker=CLOSE
[2026-05-12 23:29:20] Bus 4: V=1.017 pu, I=203.241 A, Breaker=OPEN
[2026-05-12 23:29:20] Bus 5: V=0.954 pu, I=441.414 A, Breaker=CLOSE
DT_PATH_LAT,h2,1778603360.439532,89


[2026-05-12 23:29:24] Bus 1: V=0.997 pu, I=376.103 A, Breaker=CLOSE
[2026-05-12 23:29:24] Bus 2: V=1.041 pu, I=161.276 A, Breaker=CLOSE
[2026-05-12 23:29:24] Bus 3: V=1.008 pu, I=364.517 A, Breaker=CLOSE
[2026-05-12 23:29:24] Bus 4: V=0.999 pu, I=128.345 A, Breaker=CLOSE
[2026-05-12 23:29:24] Bus 5: V=0.984 pu, I=238.483 A, Breaker=OPEN
DT_PATH_LAT,h2,1778603364.476030,90


[2026-05-12 23:29:28] Bus 1: V=0.997 pu, I=376.103 A, Breaker=CLOSE
[2026-05-12 23:29:28] Bus 2: V=1.041 pu, I=161.276 A, Breaker=CLOSE
[2026-05-12 23:29:28] Bus 3: V=1.008 pu, I=364.517 A, Breaker=CLOSE
[2026-05-12 23:29:28] Bus 4: V=0.999 pu, I=128.345 A, Breaker=OPEN
[2026-05-12 23:29:28] Bus 5: V=0.995 pu, I=227.586 A, Breaker=CLOSE
DT_PATH_LAT,h2,1778603368.516955,91


[2026-05-12 23:29:32] Bus 1: V=1.017 pu, I=458.000 A, Breaker=CLOSE
[2026-05-12 23:29:32] Bus 2: V=0.982 pu, I=400.345 A, Breaker=CLOSE
[2026-05-12 23:29:32] Bus 3: V=0.978 pu, I=515.241 A, Breaker=CLOSE
[2026-05-12 23:29:32] Bus 4: V=1.031 pu, I=320.276 A, Breaker=CLOSE
[2026-05-12 23:29:32] Bus 5: V=0.995 pu, I=227.586 A, Breaker=OPEN
DT_PATH_LAT,h2,1778603372.590351,92


[2026-05-12 23:29:36] Bus 1: V=0.982 pu, I=524.586 A, Breaker=CLOSE
[2026-05-12 23:29:36] Bus 2: V=0.990 pu, I=317.724 A, Breaker=CLOSE
[2026-05-12 23:29:36] Bus 3: V=1.048 pu, I=360.103 A, Breaker=CLOSE
[2026-05-12 23:29:36] Bus 4: V=1.004 pu, I=268.897 A, Breaker=OPEN
[2026-05-12 23:29:36] Bus 5: V=0.968 pu, I=255.379 A, Breaker=CLOSE
DT_PATH_LAT,h2,1778603376.727370,93


[2026-05-12 23:29:40] Bus 1: V=1.025 pu, I=354.379 A, Breaker=OPEN
[2026-05-12 23:29:40] Bus 2: V=1.025 pu, I=173.207 A, Breaker=CLOSE
[2026-05-12 23:29:40] Bus 3: V=1.004 pu, I=494.172 A, Breaker=CLOSE
[2026-05-12 23:29:40] Bus 4: V=0.993 pu, I=398.034 A, Breaker=CLOSE
[2026-05-12 23:29:40] Bus 5: V=0.962 pu, I=536.966 A, Breaker=OPEN
DT_PATH_LAT,h2,1778603380.830364,94


[2026-05-12 23:29:44] Bus 1: V=1.010 pu, I=191.345 A, Breaker=CLOSE
[2026-05-12 23:29:44] Bus 2: V=0.965 pu, I=342.345 A, Breaker=OPEN
[2026-05-12 23:29:44] Bus 3: V=1.005 pu, I=128.448 A, Breaker=CLOSE
[2026-05-12 23:29:44] Bus 4: V=1.049 pu, I=467.103 A, Breaker=OPEN
[2026-05-12 23:29:44] Bus 5: V=0.996 pu, I=140.345 A, Breaker=CLOSE
DT_PATH_LAT,h2,1778603384.862715,95


[2026-05-12 23:29:48] Bus 1: V=1.033 pu, I=297.655 A, Breaker=OPEN
[2026-05-12 23:29:48] Bus 2: V=1.021 pu, I=305.552 A, Breaker=CLOSE
[2026-05-12 23:29:48] Bus 3: V=0.977 pu, I=466.241 A, Breaker=CLOSE
[2026-05-12 23:29:48] Bus 4: V=1.048 pu, I=186.448 A, Breaker=CLOSE
[2026-05-12 23:29:48] Bus 5: V=1.005 pu, I=255.690 A, Breaker=OPEN
DT_PATH_LAT,h2,1778603388.894008,96


[2026-05-12 23:29:52] Bus 1: V=1.033 pu, I=297.655 A, Breaker=CLOSE
[2026-05-12 23:29:52] Bus 2: V=1.021 pu, I=305.552 A, Breaker=OPEN
[2026-05-12 23:29:52] Bus 3: V=0.977 pu, I=466.241 A, Breaker=CLOSE
[2026-05-12 23:29:52] Bus 4: V=1.048 pu, I=186.448 A, Breaker=OPEN
[2026-05-12 23:29:52] Bus 5: V=1.005 pu, I=255.690 A, Breaker=CLOSE
DT_PATH_LAT,h2,1778603392.934700,97


[2026-05-12 23:29:56] Bus 1: V=1.042 pu, I=299.276 A, Breaker=OPEN
[2026-05-12 23:29:56] Bus 2: V=1.037 pu, I=451.448 A, Breaker=CLOSE
[2026-05-12 23:29:56] Bus 3: V=0.977 pu, I=445.966 A, Breaker=CLOSE
[2026-05-12 23:29:56] Bus 4: V=0.991 pu, I=503.793 A, Breaker=CLOSE
[2026-05-12 23:29:56] Bus 5: V=1.000 pu, I=449.069 A, Breaker=OPEN
DT_PATH_LAT,h2,1778603396.964463,98


[2026-05-12 23:30:00] Bus 1: V=0.978 pu, I=224.414 A, Breaker=CLOSE
[2026-05-12 23:30:00] Bus 2: V=1.008 pu, I=523.414 A, Breaker=OPEN
[2026-05-12 23:30:00] Bus 3: V=0.998 pu, I=153.655 A, Breaker=CLOSE
[2026-05-12 23:30:00] Bus 4: V=1.003 pu, I=239.138 A, Breaker=OPEN
[2026-05-12 23:30:00] Bus 5: V=1.005 pu, I=325.690 A, Breaker=CLOSE
DT_PATH_LAT,h2,1778603401.016848,99


[2026-05-12 23:30:05] Bus 1: V=0.995 pu, I=230.793 A, Breaker=OPEN
[2026-05-12 23:30:05] Bus 2: V=0.968 pu, I=407.931 A, Breaker=CLOSE
[2026-05-12 23:30:05] Bus 3: V=1.007 pu, I=189.552 A, Breaker=CLOSE
[2026-05-12 23:30:05] Bus 4: V=1.027 pu, I=104.414 A, Breaker=CLOSE
[2026-05-12 23:30:05] Bus 5: V=1.024 pu, I=389.103 A, Breaker=OPEN
DT_PATH_LAT,h2,1778603405.054949,100


[2026-05-12 23:30:09] Bus 1: V=1.031 pu, I=250.276 A, Breaker=CLOSE
[2026-05-12 23:30:09] Bus 2: V=1.016 pu, I=442.276 A, Breaker=OPEN
[2026-05-12 23:30:09] Bus 3: V=1.048 pu, I=292.138 A, Breaker=CLOSE
[2026-05-12 23:30:09] Bus 4: V=0.953 pu, I=324.276 A, Breaker=OPEN
[2026-05-12 23:30:09] Bus 5: V=1.009 pu, I=466.862 A, Breaker=CLOSE
DT_PATH_LAT,h2,1778603409.087283,101


[2026-05-12 23:30:13] Bus 1: V=1.031 pu, I=250.276 A, Breaker=OPEN
[2026-05-12 23:30:13] Bus 2: V=1.016 pu, I=442.276 A, Breaker=CLOSE
[2026-05-12 23:30:13] Bus 3: V=1.048 pu, I=292.138 A, Breaker=CLOSE
[2026-05-12 23:30:13] Bus 4: V=0.953 pu, I=324.276 A, Breaker=CLOSE
[2026-05-12 23:30:13] Bus 5: V=1.009 pu, I=466.862 A, Breaker=OPEN
DT_PATH_LAT,h2,1778603413.118224,102


[2026-05-12 23:30:17] Bus 1: V=1.037 pu, I=271.793 A, Breaker=CLOSE
[2026-05-12 23:30:17] Bus 2: V=1.002 pu, I=288.552 A, Breaker=OPEN
[2026-05-12 23:30:17] Bus 3: V=1.022 pu, I=262.759 A, Breaker=CLOSE
[2026-05-12 23:30:17] Bus 4: V=1.015 pu, I=153.655 A, Breaker=OPEN
[2026-05-12 23:30:17] Bus 5: V=0.996 pu, I=516.448 A, Breaker=CLOSE
DT_PATH_LAT,h2,1778603417.158588,103


[2026-05-12 23:30:21] Bus 1: V=0.983 pu, I=399.586 A, Breaker=CLOSE
[2026-05-12 23:30:21] Bus 2: V=1.014 pu, I=456.345 A, Breaker=CLOSE
[2026-05-12 23:30:21] Bus 3: V=1.035 pu, I=450.621 A, Breaker=CLOSE
[2026-05-12 23:30:21] Bus 4: V=0.988 pu, I=230.276 A, Breaker=CLOSE
[2026-05-12 23:30:21] Bus 5: V=1.021 pu, I=413.448 A, Breaker=OPEN
DT_PATH_LAT,h2,1778603421.190537,104


[2026-05-12 23:30:25] Bus 1: V=1.037 pu, I=100.138 A, Breaker=CLOSE
[2026-05-12 23:30:25] Bus 2: V=0.956 pu, I=382.517 A, Breaker=CLOSE
[2026-05-12 23:30:25] Bus 3: V=1.042 pu, I=506.000 A, Breaker=CLOSE
[2026-05-12 23:30:25] Bus 4: V=1.024 pu, I=272.448 A, Breaker=OPEN
[2026-05-12 23:30:25] Bus 5: V=0.959 pu, I=382.517 A, Breaker=CLOSE
DT_PATH_LAT,h2,1778603425.244453,105


[2026-05-12 23:30:29] Bus 1: V=1.037 pu, I=273.276 A, Breaker=CLOSE
[2026-05-12 23:30:29] Bus 2: V=1.019 pu, I=476.655 A, Breaker=CLOSE
[2026-05-12 23:30:29] Bus 3: V=0.954 pu, I=459.552 A, Breaker=CLOSE
[2026-05-12 23:30:29] Bus 4: V=0.979 pu, I=258.483 A, Breaker=CLOSE
[2026-05-12 23:30:29] Bus 5: V=0.964 pu, I=333.828 A, Breaker=OPEN
DT_PATH_LAT,h2,1778603429.274611,106


[2026-05-12 23:30:33] Bus 1: V=1.037 pu, I=273.276 A, Breaker=CLOSE
[2026-05-12 23:30:33] Bus 2: V=1.019 pu, I=476.655 A, Breaker=CLOSE
[2026-05-12 23:30:33] Bus 3: V=0.954 pu, I=459.552 A, Breaker=CLOSE
[2026-05-12 23:30:33] Bus 4: V=0.979 pu, I=258.483 A, Breaker=OPEN
[2026-05-12 23:30:33] Bus 5: V=0.964 pu, I=333.828 A, Breaker=CLOSE
DT_PATH_LAT,h2,1778603433.309335,107


[2026-05-12 23:30:37] Bus 1: V=1.006 pu, I=434.207 A, Breaker=CLOSE
[2026-05-12 23:30:37] Bus 2: V=0.966 pu, I=127.034 A, Breaker=CLOSE
[2026-05-12 23:30:37] Bus 3: V=1.037 pu, I=348.069 A, Breaker=CLOSE
[2026-05-12 23:30:37] Bus 4: V=0.974 pu, I=503.103 A, Breaker=CLOSE
[2026-05-12 23:30:37] Bus 5: V=0.964 pu, I=301.931 A, Breaker=OPEN
DT_PATH_LAT,h2,1778603437.351038,108


[2026-05-12 23:30:41] Bus 1: V=0.975 pu, I=205.552 A, Breaker=CLOSE
[2026-05-12 23:30:41] Bus 2: V=0.950 pu, I=465.241 A, Breaker=CLOSE
[2026-05-12 23:30:41] Bus 3: V=1.040 pu, I=371.552 A, Breaker=CLOSE
[2026-05-12 23:30:41] Bus 4: V=0.965 pu, I=292.586 A, Breaker=OPEN
[2026-05-12 23:30:41] Bus 5: V=0.984 pu, I=352.276 A, Breaker=CLOSE
DT_PATH_LAT,h2,1778603441.413141,109


[2026-05-12 23:30:45] Bus 1: V=1.013 pu, I=271.138 A, Breaker=CLOSE
[2026-05-12 23:30:45] Bus 2: V=0.975 pu, I=472.138 A, Breaker=CLOSE
[2026-05-12 23:30:45] Bus 3: V=0.969 pu, I=265.448 A, Breaker=CLOSE
[2026-05-12 23:30:45] Bus 4: V=0.998 pu, I=192.862 A, Breaker=CLOSE
[2026-05-12 23:30:45] Bus 5: V=1.007 pu, I=338.759 A, Breaker=OPEN
DT_PATH_LAT,h2,1778603445.443978,110


[2026-05-12 23:30:49] Bus 1: V=1.049 pu, I=207.828 A, Breaker=CLOSE
[2026-05-12 23:30:49] Bus 2: V=1.047 pu, I=360.690 A, Breaker=CLOSE
[2026-05-12 23:30:49] Bus 3: V=0.977 pu, I=345.069 A, Breaker=CLOSE
[2026-05-12 23:30:49] Bus 4: V=1.018 pu, I=408.414 A, Breaker=OPEN
[2026-05-12 23:30:49] Bus 5: V=0.954 pu, I=371.897 A, Breaker=CLOSE
DT_PATH_LAT,h2,1778603449.477774,111


[2026-05-12 23:30:53] Bus 1: V=1.049 pu, I=207.828 A, Breaker=CLOSE
[2026-05-12 23:30:53] Bus 2: V=1.047 pu, I=360.690 A, Breaker=CLOSE
[2026-05-12 23:30:53] Bus 3: V=0.977 pu, I=345.069 A, Breaker=CLOSE
[2026-05-12 23:30:53] Bus 4: V=1.018 pu, I=408.414 A, Breaker=CLOSE
[2026-05-12 23:30:53] Bus 5: V=0.954 pu, I=371.897 A, Breaker=OPEN
DT_PATH_LAT,h2,1778603453.514663,112


[2026-05-12 23:30:57] Bus 1: V=0.999 pu, I=486.414 A, Breaker=CLOSE
[2026-05-12 23:30:57] Bus 2: V=0.978 pu, I=449.483 A, Breaker=CLOSE
[2026-05-12 23:30:57] Bus 3: V=1.010 pu, I=240.655 A, Breaker=CLOSE
[2026-05-12 23:30:57] Bus 4: V=1.013 pu, I=356.621 A, Breaker=OPEN
[2026-05-12 23:30:57] Bus 5: V=1.017 pu, I=398.483 A, Breaker=CLOSE
DT_PATH_LAT,h2,1778603457.547003,113


[2026-05-12 23:31:01] Bus 1: V=1.015 pu, I=450.103 A, Breaker=OPEN
[2026-05-12 23:31:01] Bus 2: V=1.012 pu, I=479.759 A, Breaker=CLOSE
[2026-05-12 23:31:01] Bus 3: V=1.014 pu, I=220.862 A, Breaker=CLOSE
[2026-05-12 23:31:01] Bus 4: V=0.994 pu, I=345.345 A, Breaker=CLOSE
[2026-05-12 23:31:01] Bus 5: V=1.023 pu, I=124.862 A, Breaker=OPEN
DT_PATH_LAT,h2,1778603461.579116,114


[2026-05-12 23:31:05] Bus 1: V=0.979 pu, I=425.966 A, Breaker=CLOSE
[2026-05-12 23:31:05] Bus 2: V=0.967 pu, I=151.172 A, Breaker=OPEN
[2026-05-12 23:31:05] Bus 3: V=1.003 pu, I=513.862 A, Breaker=CLOSE
[2026-05-12 23:31:05] Bus 4: V=1.003 pu, I=488.828 A, Breaker=OPEN
[2026-05-12 23:31:05] Bus 5: V=1.033 pu, I=194.793 A, Breaker=CLOSE
DT_PATH_LAT,h2,1778603465.616378,115


[2026-05-12 23:31:09] Bus 1: V=1.032 pu, I=290.828 A, Breaker=OPEN
[2026-05-12 23:31:09] Bus 2: V=1.030 pu, I=404.448 A, Breaker=CLOSE
[2026-05-12 23:31:09] Bus 3: V=0.983 pu, I=141.069 A, Breaker=CLOSE
[2026-05-12 23:31:09] Bus 4: V=1.046 pu, I=143.414 A, Breaker=CLOSE
[2026-05-12 23:31:09] Bus 5: V=1.046 pu, I=446.034 A, Breaker=OPEN
DT_PATH_LAT,h2,1778603469.657801,116


[2026-05-12 23:31:13] Bus 1: V=1.032 pu, I=290.828 A, Breaker=CLOSE
[2026-05-12 23:31:13] Bus 2: V=1.030 pu, I=404.448 A, Breaker=OPEN
[2026-05-12 23:31:13] Bus 3: V=0.983 pu, I=141.069 A, Breaker=CLOSE
[2026-05-12 23:31:13] Bus 4: V=1.046 pu, I=143.414 A, Breaker=OPEN
[2026-05-12 23:31:13] Bus 5: V=1.046 pu, I=446.034 A, Breaker=CLOSE
DT_PATH_LAT,h2,1778603473.692367,117


[2026-05-12 23:31:17] Bus 1: V=1.022 pu, I=508.207 A, Breaker=OPEN
[2026-05-12 23:31:17] Bus 2: V=1.046 pu, I=422.655 A, Breaker=CLOSE
[2026-05-12 23:31:17] Bus 3: V=0.986 pu, I=442.207 A, Breaker=OPEN
[2026-05-12 23:31:17] Bus 4: V=0.951 pu, I=340.931 A, Breaker=CLOSE
[2026-05-12 23:31:17] Bus 5: V=0.995 pu, I=386.103 A, Breaker=OPEN
DT_PATH_LAT,h2,1778603477.729042,118


[2026-05-12 23:31:21] Bus 1: V=1.017 pu, I=339.655 A, Breaker=CLOSE
[2026-05-12 23:31:21] Bus 2: V=1.032 pu, I=486.483 A, Breaker=OPEN
[2026-05-12 23:31:21] Bus 3: V=0.960 pu, I=198.828 A, Breaker=CLOSE
[2026-05-12 23:31:21] Bus 4: V=0.952 pu, I=501.276 A, Breaker=OPEN
[2026-05-12 23:31:21] Bus 5: V=1.006 pu, I=488.138 A, Breaker=CLOSE
DT_PATH_LAT,h2,1778603481.765949,119


[2026-05-12 23:31:25] Bus 1: V=0.972 pu, I=119.207 A, Breaker=OPEN
[2026-05-12 23:31:25] Bus 2: V=1.032 pu, I=473.207 A, Breaker=CLOSE
[2026-05-12 23:31:25] Bus 3: V=0.980 pu, I=273.276 A, Breaker=CLOSE
[2026-05-12 23:31:25] Bus 4: V=0.963 pu, I=523.655 A, Breaker=CLOSE
[2026-05-12 23:31:25] Bus 5: V=0.980 pu, I=311.103 A, Breaker=OPEN
DT_PATH_LAT,h2,1778603485.803803,120


[2026-05-12 23:31:29] Bus 1: V=0.959 pu, I=498.897 A, Breaker=CLOSE
[2026-05-12 23:31:29] Bus 2: V=0.963 pu, I=298.724 A, Breaker=OPEN
[2026-05-12 23:31:29] Bus 3: V=1.017 pu, I=408.379 A, Breaker=CLOSE
[2026-05-12 23:31:29] Bus 4: V=1.044 pu, I=261.000 A, Breaker=OPEN
[2026-05-12 23:31:29] Bus 5: V=1.024 pu, I=152.414 A, Breaker=CLOSE
DT_PATH_LAT,h2,1778603489.837856,121


[2026-05-12 23:31:33] Bus 1: V=0.991 pu, I=132.793 A, Breaker=OPEN
[2026-05-12 23:31:33] Bus 2: V=0.998 pu, I=268.069 A, Breaker=CLOSE
[2026-05-12 23:31:33] Bus 3: V=1.045 pu, I=98.034 A, Breaker=OPEN
[2026-05-12 23:31:33] Bus 4: V=0.987 pu, I=287.034 A, Breaker=CLOSE
[2026-05-12 23:31:33] Bus 5: V=1.045 pu, I=444.759 A, Breaker=OPEN
DT_PATH_LAT,h2,1778603493.874102,122


[2026-05-12 23:31:37] Bus 1: V=0.991 pu, I=132.793 A, Breaker=CLOSE
[2026-05-12 23:31:37] Bus 2: V=0.998 pu, I=268.069 A, Breaker=OPEN
[2026-05-12 23:31:37] Bus 3: V=1.045 pu, I=98.034 A, Breaker=CLOSE
[2026-05-12 23:31:37] Bus 4: V=0.987 pu, I=287.034 A, Breaker=OPEN
[2026-05-12 23:31:37] Bus 5: V=1.045 pu, I=444.759 A, Breaker=CLOSE
DT_PATH_LAT,h2,1778603497.929883,123


[2026-05-12 23:31:41] Bus 1: V=0.959 pu, I=406.310 A, Breaker=OPEN
[2026-05-12 23:31:41] Bus 2: V=1.004 pu, I=516.379 A, Breaker=CLOSE
[2026-05-12 23:31:41] Bus 3: V=0.985 pu, I=267.172 A, Breaker=OPEN
[2026-05-12 23:31:41] Bus 4: V=0.968 pu, I=146.414 A, Breaker=CLOSE
[2026-05-12 23:31:41] Bus 5: V=1.034 pu, I=278.621 A, Breaker=OPEN
DT_PATH_LAT,h2,1778603501.966472,124


[2026-05-12 23:31:45] Bus 1: V=1.016 pu, I=364.724 A, Breaker=CLOSE
[2026-05-12 23:31:45] Bus 2: V=1.009 pu, I=96.517 A, Breaker=OPEN
[2026-05-12 23:31:45] Bus 3: V=1.028 pu, I=189.897 A, Breaker=CLOSE
[2026-05-12 23:31:45] Bus 4: V=0.962 pu, I=349.793 A, Breaker=OPEN
[2026-05-12 23:31:45] Bus 5: V=0.956 pu, I=444.207 A, Breaker=CLOSE
DT_PATH_LAT,h2,1778603506.006210,125


[2026-05-12 23:31:50] Bus 1: V=0.970 pu, I=188.690 A, Breaker=OPEN
[2026-05-12 23:31:50] Bus 2: V=1.036 pu, I=224.448 A, Breaker=CLOSE
[2026-05-12 23:31:50] Bus 3: V=0.964 pu, I=502.345 A, Breaker=CLOSE
[2026-05-12 23:31:50] Bus 4: V=0.950 pu, I=490.483 A, Breaker=CLOSE
[2026-05-12 23:31:50] Bus 5: V=0.964 pu, I=150.655 A, Breaker=OPEN
DT_PATH_LAT,h2,1778603510.080293,126


[2026-05-12 23:31:54] Bus 1: V=0.975 pu, I=169.138 A, Breaker=CLOSE
[2026-05-12 23:31:54] Bus 2: V=1.016 pu, I=97.828 A, Breaker=OPEN
[2026-05-12 23:31:54] Bus 3: V=0.951 pu, I=458.207 A, Breaker=CLOSE
[2026-05-12 23:31:54] Bus 4: V=0.973 pu, I=236.862 A, Breaker=OPEN
[2026-05-12 23:31:54] Bus 5: V=0.967 pu, I=114.897 A, Breaker=CLOSE
DT_PATH_LAT,h2,1778603514.111510,127


[2026-05-12 23:31:58] Bus 1: V=0.975 pu, I=169.138 A, Breaker=CLOSE
[2026-05-12 23:31:58] Bus 2: V=1.016 pu, I=97.828 A, Breaker=CLOSE
[2026-05-12 23:31:58] Bus 3: V=0.951 pu, I=458.207 A, Breaker=CLOSE
[2026-05-12 23:31:58] Bus 4: V=0.973 pu, I=236.862 A, Breaker=CLOSE
[2026-05-12 23:31:58] Bus 5: V=0.967 pu, I=114.897 A, Breaker=OPEN
DT_PATH_LAT,h2,1778603518.164493,128


[2026-05-12 23:32:02] Bus 1: V=1.024 pu, I=312.207 A, Breaker=CLOSE
[2026-05-12 23:32:02] Bus 2: V=1.024 pu, I=290.655 A, Breaker=CLOSE
[2026-05-12 23:32:02] Bus 3: V=1.027 pu, I=305.586 A, Breaker=CLOSE
[2026-05-12 23:32:02] Bus 4: V=0.960 pu, I=322.552 A, Breaker=OPEN
[2026-05-12 23:32:02] Bus 5: V=1.044 pu, I=102.586 A, Breaker=CLOSE
DT_PATH_LAT,h2,1778603522.203262,129


[2026-05-12 23:32:06] Bus 1: V=1.028 pu, I=456.931 A, Breaker=CLOSE
[2026-05-12 23:32:06] Bus 2: V=1.002 pu, I=289.172 A, Breaker=CLOSE
[2026-05-12 23:32:06] Bus 3: V=1.046 pu, I=109.759 A, Breaker=CLOSE
[2026-05-12 23:32:06] Bus 4: V=0.997 pu, I=265.483 A, Breaker=CLOSE
[2026-05-12 23:32:06] Bus 5: V=1.018 pu, I=298.414 A, Breaker=OPEN
DT_PATH_LAT,h2,1778603526.387388,130


[2026-05-12 23:32:10] Bus 1: V=1.040 pu, I=115.690 A, Breaker=CLOSE
[2026-05-12 23:32:10] Bus 2: V=0.958 pu, I=371.517 A, Breaker=CLOSE
[2026-05-12 23:32:10] Bus 3: V=0.956 pu, I=218.690 A, Breaker=CLOSE
[2026-05-12 23:32:10] Bus 4: V=1.013 pu, I=325.207 A, Breaker=OPEN
[2026-05-12 23:32:10] Bus 5: V=0.982 pu, I=535.448 A, Breaker=CLOSE
DT_PATH_LAT,h2,1778603530.440692,131


[2026-05-12 23:32:14] Bus 1: V=1.003 pu, I=287.000 A, Breaker=CLOSE
[2026-05-12 23:32:14] Bus 2: V=1.010 pu, I=130.379 A, Breaker=CLOSE
[2026-05-12 23:32:14] Bus 3: V=1.020 pu, I=454.448 A, Breaker=CLOSE
[2026-05-12 23:32:14] Bus 4: V=1.015 pu, I=420.345 A, Breaker=CLOSE
[2026-05-12 23:32:14] Bus 5: V=1.022 pu, I=178.793 A, Breaker=OPEN
DT_PATH_LAT,h2,1778603534.544917,132


[2026-05-12 23:32:18] Bus 1: V=1.003 pu, I=287.000 A, Breaker=CLOSE
[2026-05-12 23:32:18] Bus 2: V=1.010 pu, I=130.379 A, Breaker=CLOSE
[2026-05-12 23:32:18] Bus 3: V=1.020 pu, I=454.448 A, Breaker=CLOSE
[2026-05-12 23:32:18] Bus 4: V=1.015 pu, I=420.345 A, Breaker=OPEN
[2026-05-12 23:32:18] Bus 5: V=1.022 pu, I=178.793 A, Breaker=CLOSE
DT_PATH_LAT,h2,1778603538.613579,133


[2026-05-12 23:32:22] Bus 1: V=0.995 pu, I=189.621 A, Breaker=CLOSE
[2026-05-12 23:32:22] Bus 2: V=0.983 pu, I=292.483 A, Breaker=CLOSE
[2026-05-12 23:32:22] Bus 3: V=0.991 pu, I=131.034 A, Breaker=CLOSE
[2026-05-12 23:32:22] Bus 4: V=0.992 pu, I=383.793 A, Breaker=CLOSE
[2026-05-12 23:32:22] Bus 5: V=0.987 pu, I=157.241 A, Breaker=OPEN
DT_PATH_LAT,h2,1778603542.657919,134


[2026-05-12 23:32:26] Bus 1: V=1.042 pu, I=112.862 A, Breaker=CLOSE
[2026-05-12 23:32:26] Bus 2: V=1.033 pu, I=124.966 A, Breaker=CLOSE
[2026-05-12 23:32:26] Bus 3: V=0.959 pu, I=430.793 A, Breaker=CLOSE
[2026-05-12 23:32:26] Bus 4: V=1.031 pu, I=323.000 A, Breaker=OPEN
[2026-05-12 23:32:26] Bus 5: V=1.008 pu, I=332.517 A, Breaker=CLOSE
DT_PATH_LAT,h2,1778603546.709710,135


[2026-05-12 23:32:30] Bus 1: V=0.982 pu, I=144.345 A, Breaker=CLOSE
[2026-05-12 23:32:30] Bus 2: V=0.985 pu, I=386.724 A, Breaker=CLOSE
[2026-05-12 23:32:30] Bus 3: V=1.025 pu, I=458.862 A, Breaker=CLOSE
[2026-05-12 23:32:30] Bus 4: V=1.022 pu, I=503.414 A, Breaker=CLOSE
[2026-05-12 23:32:30] Bus 5: V=1.010 pu, I=240.517 A, Breaker=OPEN
DT_PATH_LAT,h2,1778603551.535062,136


[2026-05-12 23:32:35] Bus 1: V=1.007 pu, I=180.345 A, Breaker=CLOSE
[2026-05-12 23:32:35] Bus 2: V=1.015 pu, I=183.931 A, Breaker=CLOSE
[2026-05-12 23:32:35] Bus 3: V=0.960 pu, I=479.138 A, Breaker=CLOSE
[2026-05-12 23:32:35] Bus 4: V=0.986 pu, I=429.586 A, Breaker=OPEN
[2026-05-12 23:32:35] Bus 5: V=1.007 pu, I=440.276 A, Breaker=CLOSE
DT_PATH_LAT,h2,1778603555.555753,137


[2026-05-12 23:32:39] Bus 1: V=1.034 pu, I=499.966 A, Breaker=CLOSE
[2026-05-12 23:32:39] Bus 2: V=1.031 pu, I=347.207 A, Breaker=CLOSE
[2026-05-12 23:32:39] Bus 3: V=1.014 pu, I=98.207 A, Breaker=CLOSE
[2026-05-12 23:32:39] Bus 4: V=1.042 pu, I=434.690 A, Breaker=CLOSE
[2026-05-12 23:32:39] Bus 5: V=0.976 pu, I=171.517 A, Breaker=OPEN
DT_PATH_LAT,h2,1778603560.128659,138


[2026-05-12 23:32:44] Bus 1: V=1.034 pu, I=499.966 A, Breaker=CLOSE
[2026-05-12 23:32:44] Bus 2: V=1.031 pu, I=347.207 A, Breaker=CLOSE
[2026-05-12 23:32:44] Bus 3: V=1.014 pu, I=98.207 A, Breaker=CLOSE
[2026-05-12 23:32:44] Bus 4: V=1.042 pu, I=434.690 A, Breaker=OPEN
[2026-05-12 23:32:44] Bus 5: V=0.976 pu, I=171.517 A, Breaker=CLOSE
DT_PATH_LAT,h2,1778603564.161811,139


[2026-05-12 23:32:48] Bus 1: V=1.020 pu, I=219.690 A, Breaker=CLOSE
[2026-05-12 23:32:48] Bus 2: V=0.983 pu, I=92.241 A, Breaker=CLOSE
[2026-05-12 23:32:48] Bus 3: V=1.036 pu, I=325.414 A, Breaker=CLOSE
[2026-05-12 23:32:48] Bus 4: V=0.990 pu, I=152.034 A, Breaker=OPEN
[2026-05-12 23:32:48] Bus 5: V=1.013 pu, I=100.241 A, Breaker=CLOSE
DT_PATH_LAT,h2,1778603568.658689,140


[2026-05-12 23:32:52] Bus 1: V=1.024 pu, I=178.414 A, Breaker=CLOSE
[2026-05-12 23:32:52] Bus 2: V=0.991 pu, I=240.103 A, Breaker=CLOSE
[2026-05-12 23:32:52] Bus 3: V=0.987 pu, I=411.172 A, Breaker=CLOSE
[2026-05-12 23:32:52] Bus 4: V=1.027 pu, I=328.931 A, Breaker=CLOSE
[2026-05-12 23:32:52] Bus 5: V=0.958 pu, I=116.034 A, Breaker=OPEN
DT_PATH_LAT,h2,1778603572.699815,141


[2026-05-12 23:32:56] Bus 1: V=0.965 pu, I=372.931 A, Breaker=CLOSE
[2026-05-12 23:32:56] Bus 2: V=1.017 pu, I=204.345 A, Breaker=CLOSE
[2026-05-12 23:32:56] Bus 3: V=1.016 pu, I=297.138 A, Breaker=CLOSE
[2026-05-12 23:32:56] Bus 4: V=0.994 pu, I=209.586 A, Breaker=OPEN
[2026-05-12 23:32:56] Bus 5: V=1.025 pu, I=134.759 A, Breaker=CLOSE
DT_PATH_LAT,h2,1778603576.945499,142


[2026-05-12 23:33:00] Bus 1: V=0.992 pu, I=214.310 A, Breaker=CLOSE
[2026-05-12 23:33:00] Bus 2: V=1.017 pu, I=297.069 A, Breaker=CLOSE
[2026-05-12 23:33:00] Bus 3: V=1.016 pu, I=106.276 A, Breaker=CLOSE
[2026-05-12 23:33:00] Bus 4: V=0.989 pu, I=355.724 A, Breaker=CLOSE
[2026-05-12 23:33:00] Bus 5: V=0.950 pu, I=232.241 A, Breaker=OPEN
DT_PATH_LAT,h2,1778603580.979357,143


[2026-05-12 23:33:04] Bus 1: V=0.971 pu, I=152.897 A, Breaker=CLOSE
[2026-05-12 23:33:04] Bus 2: V=0.975 pu, I=238.379 A, Breaker=CLOSE
[2026-05-12 23:33:04] Bus 3: V=0.950 pu, I=438.621 A, Breaker=CLOSE
[2026-05-12 23:33:04] Bus 4: V=0.967 pu, I=264.069 A, Breaker=OPEN
[2026-05-12 23:33:04] Bus 5: V=1.020 pu, I=302.207 A, Breaker=CLOSE
DT_PATH_LAT,h2,1778603585.343387,144


[2026-05-12 23:33:09] Bus 1: V=1.033 pu, I=428.793 A, Breaker=CLOSE
[2026-05-12 23:33:09] Bus 2: V=0.957 pu, I=488.483 A, Breaker=CLOSE
[2026-05-12 23:33:09] Bus 3: V=0.954 pu, I=100.931 A, Breaker=CLOSE
[2026-05-12 23:33:09] Bus 4: V=1.042 pu, I=448.828 A, Breaker=CLOSE
[2026-05-12 23:33:09] Bus 5: V=1.007 pu, I=338.034 A, Breaker=CLOSE
DT_PATH_LAT,h2,1778603589.849322,145


[2026-05-12 23:33:13] Bus 1: V=1.033 pu, I=428.793 A, Breaker=CLOSE
[2026-05-12 23:33:13] Bus 2: V=0.957 pu, I=488.483 A, Breaker=CLOSE
[2026-05-12 23:33:13] Bus 3: V=0.954 pu, I=100.931 A, Breaker=CLOSE
[2026-05-12 23:33:13] Bus 4: V=1.042 pu, I=448.828 A, Breaker=CLOSE
[2026-05-12 23:33:13] Bus 5: V=1.007 pu, I=338.034 A, Breaker=OPEN
DT_PATH_LAT,h2,1778603594.177349,146


[2026-05-12 23:33:18] Bus 1: V=1.020 pu, I=266.414 A, Breaker=CLOSE
[2026-05-12 23:33:18] Bus 2: V=0.961 pu, I=101.138 A, Breaker=CLOSE
[2026-05-12 23:33:18] Bus 3: V=0.982 pu, I=448.828 A, Breaker=CLOSE
[2026-05-12 23:33:18] Bus 4: V=1.011 pu, I=449.172 A, Breaker=OPEN
[2026-05-12 23:33:18] Bus 5: V=1.041 pu, I=121.759 A, Breaker=CLOSE
DT_PATH_LAT,h2,1778603598.219371,147
