Connection to (10.0.1.2, 5020) failed: [Errno 111] Connection refused
Connection to FIELD (10.0.1.2:5020) failed (connect() returned False). Retrying in 1.0s...
Connection to (10.0.1.2, 5020) failed: [Errno 111] Connection refused
Connection to FIELD (10.0.1.2:5020) failed (connect() returned False). Retrying in 1.0s...
Connection to (10.0.1.2, 5020) failed: [Errno 111] Connection refused
Connection to FIELD (10.0.1.2:5020) failed (connect() returned False). Retrying in 1.0s...
Connection to (10.0.1.2, 5020) failed: [Errno 111] Connection refused
Connection to FIELD (10.0.1.2:5020) failed (connect() returned False). Retrying in 1.0s...
RTU measurement noise: seed=7 V_sigma=0.003 I_sigma=1.5


[2026-05-19 14:01:02] Bus 1: V=-0.001 pu (raw 0.000) I=0.8 A (raw 0.0) PF=0.0000 FB=CLOSE CMD=CLOSE
[2026-05-19 14:01:02] Bus 2: V=-0.001 pu (raw 0.000) I=0.0 A (raw 0.0) PF=0.0000 FB=CLOSE CMD=CLOSE
Error kirim ke gateway Modbus bus 3: argument out of range
[2026-05-19 14:01:02] Bus 3: V=-0.003 pu (raw 0.000) I=0.0 A (raw 0.0) PF=0.0000 FB=CLOSE CMD=CLOSE
[2026-05-19 14:01:02] Bus 4: V=0.003 pu (raw 0.000) I=0.6 A (raw 0.0) PF=0.0000 FB=CLOSE CMD=CLOSE
[2026-05-19 14:01:02] Bus 5: V=0.003 pu (raw 0.000) I=0.4 A (raw 0.0) PF=0.0000 FB=CLOSE CMD=CLOSE
DT_PATH_LAT,h2,1779174063.001248,1


[2026-05-19 14:01:07] Bus 1: V=1.021 pu (raw 1.020) I=810.0 A (raw 809.7) PF=0.9603 FB=CLOSE CMD=OPEN
[2026-05-19 14:01:07] Bus 2: V=1.005 pu (raw 1.010) I=400.0 A (raw 398.7) PF=0.9020 FB=CLOSE CMD=OPEN
[2026-05-19 14:01:07] Bus 3: V=1.009 pu (raw 1.007) I=395.9 A (raw 395.2) PF=0.9001 FB=CLOSE CMD=OPEN
[2026-05-19 14:01:07] Bus 4: V=1.005 pu (raw 1.010) I=475.9 A (raw 478.5) PF=0.8689 FB=CLOSE CMD=OPEN
[2026-05-19 14:01:07] Bus 5: V=1.005 pu (raw 1.008) I=491.4 A (raw 492.1) PF=0.9771 FB=CLOSE CMD=OPEN
DT_PATH_LAT,h2,1779174067.074880,2


[2026-05-19 14:01:11] Bus 1: V=1.021 pu (raw 1.020) I=0.0 A (raw 0.0) PF=1.0000 FB=OPEN CMD=OPEN
[2026-05-19 14:01:11] Bus 2: V=0.002 pu (raw 0.000) I=0.0 A (raw 0.0) PF=0.0000 FB=OPEN CMD=CLOSE
[2026-05-19 14:01:11] Bus 3: V=0.001 pu (raw 0.000) I=0.6 A (raw 0.0) PF=0.0000 FB=OPEN CMD=OPEN
Error kirim ke gateway Modbus bus 4: argument out of range
[2026-05-19 14:01:11] Bus 4: V=-0.002 pu (raw 0.000) I=2.6 A (raw 0.0) PF=0.0000 FB=OPEN CMD=CLOSE
[2026-05-19 14:01:11] Bus 5: V=0.002 pu (raw 0.000) I=1.8 A (raw 0.0) PF=0.0000 FB=OPEN CMD=CLOSE
DT_PATH_LAT,h2,1779174074.242031,3


[2026-05-19 14:01:19] Bus 1: V=1.018 pu (raw 1.020) I=0.0 A (raw 0.0) PF=1.0000 FB=OPEN CMD=OPEN
Error kirim ke gateway Modbus bus 2: argument out of range
[2026-05-19 14:01:19] Bus 2: V=-0.001 pu (raw 0.000) I=0.0 A (raw 0.0) PF=0.0000 FB=CLOSE CMD=OPEN
[2026-05-19 14:01:19] Bus 3: V=0.002 pu (raw 0.000) I=0.4 A (raw 0.0) PF=0.0000 FB=OPEN CMD=OPEN
Error kirim ke gateway Modbus bus 4: argument out of range
[2026-05-19 14:01:19] Bus 4: V=-0.001 pu (raw 0.000) I=0.0 A (raw 0.0) PF=0.0000 FB=CLOSE CMD=CLOSE
Error kirim ke gateway Modbus bus 5: argument out of range
[2026-05-19 14:01:19] Bus 5: V=-0.002 pu (raw 0.000) I=1.8 A (raw 0.0) PF=0.0000 FB=CLOSE CMD=OPEN
DT_PATH_LAT,h2,1779174079.522646,4


[2026-05-19 14:01:23] Bus 1: V=1.018 pu (raw 1.020) I=0.4 A (raw 0.0) PF=1.0000 FB=OPEN CMD=OPEN
[2026-05-19 14:01:23] Bus 2: V=0.001 pu (raw 0.000) I=0.0 A (raw 0.0) PF=0.0000 FB=OPEN CMD=OPEN
[2026-05-19 14:01:23] Bus 3: V=0.000 pu (raw 0.000) I=2.0 A (raw 0.0) PF=0.0000 FB=OPEN CMD=OPEN
Error kirim ke gateway Modbus bus 4: argument out of range
[2026-05-19 14:01:23] Bus 4: V=-0.006 pu (raw 0.000) I=0.0 A (raw 0.0) PF=0.0000 FB=CLOSE CMD=CLOSE
[2026-05-19 14:01:23] Bus 5: V=-0.000 pu (raw 0.000) I=0.0 A (raw 0.0) PF=0.0000 FB=OPEN CMD=OPEN
DT_PATH_LAT,h2,1779174083.624804,5


[2026-05-19 14:01:27] Bus 1: V=1.021 pu (raw 1.020) I=0.0 A (raw 0.0) PF=1.0000 FB=OPEN CMD=OPEN
Error kirim ke gateway Modbus bus 2: argument out of range
[2026-05-19 14:01:27] Bus 2: V=-0.004 pu (raw 0.000) I=1.2 A (raw 0.0) PF=0.0000 FB=OPEN CMD=OPEN
[2026-05-19 14:01:27] Bus 3: V=0.002 pu (raw 0.000) I=1.4 A (raw 0.0) PF=0.0000 FB=OPEN CMD=OPEN
[2026-05-19 14:01:27] Bus 4: V=0.004 pu (raw 0.000) I=0.5 A (raw 0.0) PF=0.0000 FB=CLOSE CMD=CLOSE
[2026-05-19 14:01:27] Bus 5: V=0.000 pu (raw 0.000) I=0.0 A (raw 0.0) PF=0.0000 FB=OPEN CMD=OPEN
DT_PATH_LAT,h2,1779174087.789475,6


[2026-05-19 14:01:31] Bus 1: V=1.022 pu (raw 1.020) I=0.0 A (raw 0.0) PF=1.0000 FB=OPEN CMD=OPEN
Error kirim ke gateway Modbus bus 2: argument out of range
[2026-05-19 14:01:31] Bus 2: V=-0.001 pu (raw 0.000) I=0.0 A (raw 0.0) PF=0.0000 FB=OPEN CMD=OPEN
Error kirim ke gateway Modbus bus 3: argument out of range
[2026-05-19 14:01:31] Bus 3: V=-0.003 pu (raw 0.000) I=0.0 A (raw 0.0) PF=0.0000 FB=OPEN CMD=OPEN
[2026-05-19 14:01:31] Bus 4: V=0.004 pu (raw 0.000) I=0.0 A (raw 0.0) PF=0.0000 FB=CLOSE CMD=CLOSE
Error kirim ke gateway Modbus bus 5: argument out of range
[2026-05-19 14:01:31] Bus 5: V=-0.004 pu (raw 0.000) I=0.4 A (raw 0.0) PF=0.0000 FB=OPEN CMD=OPEN
DT_PATH_LAT,h2,1779174091.894147,7


[2026-05-19 14:01:35] Bus 1: V=1.024 pu (raw 1.020) I=0.9 A (raw 0.0) PF=1.0000 FB=OPEN CMD=OPEN
Error kirim ke gateway Modbus bus 2: argument out of range
[2026-05-19 14:01:35] Bus 2: V=-0.006 pu (raw 0.000) I=0.0 A (raw 0.0) PF=0.0000 FB=OPEN CMD=OPEN
[2026-05-19 14:01:35] Bus 3: V=0.001 pu (raw 0.000) I=0.0 A (raw 0.0) PF=0.0000 FB=OPEN CMD=OPEN
Error kirim ke gateway Modbus bus 4: argument out of range
[2026-05-19 14:01:35] Bus 4: V=-0.003 pu (raw 0.000) I=1.5 A (raw 0.0) PF=0.0000 FB=CLOSE CMD=CLOSE
[2026-05-19 14:01:35] Bus 5: V=0.003 pu (raw 0.000) I=0.2 A (raw 0.0) PF=0.0000 FB=OPEN CMD=OPEN
DT_PATH_LAT,h2,1779174096.002019,8


[2026-05-19 14:01:40] Bus 1: V=1.021 pu (raw 1.020) I=0.7 A (raw 0.0) PF=1.0000 FB=OPEN CMD=OPEN
[2026-05-19 14:01:40] Bus 2: V=0.005 pu (raw 0.000) I=0.9 A (raw 0.0) PF=0.0000 FB=OPEN CMD=OPEN
[2026-05-19 14:01:40] Bus 3: V=0.002 pu (raw 0.000) I=0.8 A (raw 0.0) PF=0.0000 FB=OPEN CMD=OPEN
Error kirim ke gateway Modbus bus 4: argument out of range
[2026-05-19 14:01:40] Bus 4: V=-0.005 pu (raw 0.000) I=1.9 A (raw 0.0) PF=0.0000 FB=CLOSE CMD=CLOSE
[2026-05-19 14:01:40] Bus 5: V=0.003 pu (raw 0.000) I=0.8 A (raw 0.0) PF=0.0000 FB=OPEN CMD=OPEN
DT_PATH_LAT,h2,1779174100.123556,9


[2026-05-19 14:01:44] Bus 1: V=1.014 pu (raw 1.020) I=0.0 A (raw 0.0) PF=1.0000 FB=OPEN CMD=OPEN
[2026-05-19 14:01:44] Bus 2: V=0.003 pu (raw 0.000) I=0.0 A (raw 0.0) PF=0.0000 FB=OPEN CMD=OPEN
[2026-05-19 14:01:44] Bus 3: V=-0.001 pu (raw 0.000) I=1.5 A (raw 0.0) PF=0.0000 FB=OPEN CMD=OPEN
Error kirim ke gateway Modbus bus 4: argument out of range
[2026-05-19 14:01:44] Bus 4: V=-0.004 pu (raw 0.000) I=2.4 A (raw 0.0) PF=0.0000 FB=CLOSE CMD=CLOSE
[2026-05-19 14:01:44] Bus 5: V=0.002 pu (raw 0.000) I=0.0 A (raw 0.0) PF=0.0000 FB=OPEN CMD=OPEN
DT_PATH_LAT,h2,1779174104.234970,10


[2026-05-19 14:01:48] Bus 1: V=1.021 pu (raw 1.020) I=1.0 A (raw 0.0) PF=1.0000 FB=OPEN CMD=OPEN
[2026-05-19 14:01:48] Bus 2: V=0.000 pu (raw 0.000) I=1.7 A (raw 0.0) PF=0.0000 FB=OPEN CMD=OPEN
Error kirim ke gateway Modbus bus 3: argument out of range
[2026-05-19 14:01:48] Bus 3: V=-0.002 pu (raw 0.000) I=0.0 A (raw 0.0) PF=0.0000 FB=OPEN CMD=OPEN
[2026-05-19 14:01:48] Bus 4: V=0.003 pu (raw 0.000) I=0.0 A (raw 0.0) PF=0.0000 FB=CLOSE CMD=CLOSE
Error kirim ke gateway Modbus bus 5: argument out of range
[2026-05-19 14:01:48] Bus 5: V=-0.003 pu (raw 0.000) I=1.4 A (raw 0.0) PF=0.0000 FB=OPEN CMD=OPEN
DT_PATH_LAT,h2,1779174108.336804,11


[2026-05-19 14:01:52] Bus 1: V=1.024 pu (raw 1.020) I=0.0 A (raw 0.0) PF=1.0000 FB=OPEN CMD=OPEN
Error kirim ke gateway Modbus bus 2: argument out of range
[2026-05-19 14:01:52] Bus 2: V=-0.004 pu (raw 0.000) I=0.0 A (raw 0.0) PF=0.0000 FB=OPEN CMD=OPEN
[2026-05-19 14:01:52] Bus 3: V=-0.000 pu (raw 0.000) I=0.0 A (raw 0.0) PF=0.0000 FB=OPEN CMD=OPEN
[2026-05-19 14:01:52] Bus 4: V=0.004 pu (raw 0.000) I=0.0 A (raw 0.0) PF=0.0000 FB=CLOSE CMD=CLOSE
[2026-05-19 14:01:52] Bus 5: V=0.004 pu (raw 0.000) I=0.0 A (raw 0.0) PF=0.0000 FB=OPEN CMD=OPEN
DT_PATH_LAT,h2,1779174112.460449,12


[2026-05-19 14:01:56] Bus 1: V=1.018 pu (raw 1.020) I=0.9 A (raw 0.0) PF=1.0000 FB=OPEN CMD=OPEN
[2026-05-19 14:01:56] Bus 2: V=0.003 pu (raw 0.000) I=1.3 A (raw 0.0) PF=0.0000 FB=OPEN CMD=OPEN
[2026-05-19 14:01:56] Bus 3: V=0.001 pu (raw 0.000) I=0.2 A (raw 0.0) PF=0.0000 FB=OPEN CMD=OPEN
[2026-05-19 14:01:56] Bus 4: V=0.000 pu (raw 0.000) I=0.9 A (raw 0.0) PF=0.0000 FB=CLOSE CMD=CLOSE
[2026-05-19 14:01:56] Bus 5: V=-0.001 pu (raw 0.000) I=0.4 A (raw 0.0) PF=0.0000 FB=OPEN CMD=OPEN
DT_PATH_LAT,h2,1779174116.607958,13


[2026-05-19 14:02:00] Bus 1: V=1.022 pu (raw 1.020) I=0.0 A (raw 0.0) PF=1.0000 FB=OPEN CMD=OPEN
[2026-05-19 14:02:00] Bus 2: V=0.002 pu (raw 0.000) I=0.8 A (raw 0.0) PF=0.0000 FB=OPEN CMD=OPEN
[2026-05-19 14:02:00] Bus 3: V=0.006 pu (raw 0.000) I=0.5 A (raw 0.0) PF=0.0000 FB=OPEN CMD=OPEN
Error kirim ke gateway Modbus bus 4: argument out of range
[2026-05-19 14:02:00] Bus 4: V=-0.001 pu (raw 0.000) I=0.0 A (raw 0.0) PF=0.0000 FB=CLOSE CMD=CLOSE
[2026-05-19 14:02:00] Bus 5: V=-0.000 pu (raw 0.000) I=1.4 A (raw 0.0) PF=0.0000 FB=OPEN CMD=OPEN
DT_PATH_LAT,h2,1779174120.939562,14


[2026-05-19 14:02:04] Bus 1: V=1.019 pu (raw 1.020) I=0.6 A (raw 0.0) PF=1.0000 FB=OPEN CMD=OPEN
[2026-05-19 14:02:04] Bus 2: V=0.006 pu (raw 0.000) I=0.0 A (raw 0.0) PF=0.0000 FB=OPEN CMD=OPEN
Error kirim ke gateway Modbus bus 3: argument out of range
[2026-05-19 14:02:04] Bus 3: V=-0.003 pu (raw 0.000) I=0.4 A (raw 0.0) PF=0.0000 FB=OPEN CMD=OPEN
[2026-05-19 14:02:04] Bus 4: V=0.001 pu (raw 0.000) I=0.4 A (raw 0.0) PF=0.0000 FB=CLOSE CMD=CLOSE
Error kirim ke gateway Modbus bus 5: argument out of range
[2026-05-19 14:02:04] Bus 5: V=-0.001 pu (raw 0.000) I=1.0 A (raw 0.0) PF=0.0000 FB=OPEN CMD=OPEN
DT_PATH_LAT,h2,1779174125.067896,15


[2026-05-19 14:02:09] Bus 1: V=1.021 pu (raw 1.020) I=0.0 A (raw 0.0) PF=1.0000 FB=OPEN CMD=OPEN
[2026-05-19 14:02:09] Bus 2: V=0.007 pu (raw 0.000) I=0.5 A (raw 0.0) PF=0.0000 FB=OPEN CMD=OPEN
Error kirim ke gateway Modbus bus 3: argument out of range
[2026-05-19 14:02:09] Bus 3: V=-0.002 pu (raw 0.000) I=0.0 A (raw 0.0) PF=0.0000 FB=OPEN CMD=OPEN
[2026-05-19 14:02:09] Bus 4: V=-0.001 pu (raw 0.000) I=0.0 A (raw 0.0) PF=0.0000 FB=CLOSE CMD=CLOSE
Error kirim ke gateway Modbus bus 5: argument out of range
[2026-05-19 14:02:09] Bus 5: V=-0.008 pu (raw 0.000) I=0.0 A (raw 0.0) PF=0.0000 FB=OPEN CMD=OPEN
DT_PATH_LAT,h2,1779174129.169363,16


[2026-05-19 14:02:13] Bus 1: V=1.023 pu (raw 1.020) I=0.0 A (raw 0.0) PF=1.0000 FB=OPEN CMD=OPEN
[2026-05-19 14:02:13] Bus 2: V=-0.000 pu (raw 0.000) I=1.4 A (raw 0.0) PF=0.0000 FB=OPEN CMD=OPEN
[2026-05-19 14:02:13] Bus 3: V=0.003 pu (raw 0.000) I=2.2 A (raw 0.0) PF=0.0000 FB=OPEN CMD=OPEN
Error kirim ke gateway Modbus bus 4: argument out of range
[2026-05-19 14:02:13] Bus 4: V=-0.005 pu (raw 0.000) I=0.0 A (raw 0.0) PF=0.0000 FB=CLOSE CMD=CLOSE
Error kirim ke gateway Modbus bus 5: argument out of range
[2026-05-19 14:02:13] Bus 5: V=-0.001 pu (raw 0.000) I=0.9 A (raw 0.0) PF=0.0000 FB=OPEN CMD=OPEN
DT_PATH_LAT,h2,1779174133.268449,17


[2026-05-19 14:02:17] Bus 1: V=1.023 pu (raw 1.020) I=0.0 A (raw 0.0) PF=1.0000 FB=OPEN CMD=OPEN
[2026-05-19 14:02:17] Bus 2: V=0.003 pu (raw 0.000) I=0.0 A (raw 0.0) PF=0.0000 FB=OPEN CMD=OPEN
[2026-05-19 14:02:17] Bus 3: V=0.002 pu (raw 0.000) I=0.0 A (raw 0.0) PF=0.0000 FB=OPEN CMD=OPEN
[2026-05-19 14:02:17] Bus 4: V=0.001 pu (raw 0.000) I=1.8 A (raw 0.0) PF=0.0000 FB=CLOSE CMD=CLOSE
[2026-05-19 14:02:17] Bus 5: V=-0.000 pu (raw 0.000) I=0.3 A (raw 0.0) PF=0.0000 FB=OPEN CMD=OPEN
DT_PATH_LAT,h2,1779174137.373586,18


[2026-05-19 14:02:21] Bus 1: V=1.022 pu (raw 1.020) I=0.2 A (raw 0.0) PF=1.0000 FB=OPEN CMD=OPEN
[2026-05-19 14:02:21] Bus 2: V=-0.000 pu (raw 0.000) I=2.3 A (raw 0.0) PF=0.0000 FB=OPEN CMD=OPEN
[2026-05-19 14:02:21] Bus 3: V=0.003 pu (raw 0.000) I=0.0 A (raw 0.0) PF=0.0000 FB=OPEN CMD=OPEN
[2026-05-19 14:02:21] Bus 4: V=0.008 pu (raw 0.000) I=0.0 A (raw 0.0) PF=0.0000 FB=CLOSE CMD=CLOSE
[2026-05-19 14:02:21] Bus 5: V=0.003 pu (raw 0.000) I=0.0 A (raw 0.0) PF=0.0000 FB=OPEN CMD=OPEN
DT_PATH_LAT,h2,1779174141.522105,19


[2026-05-19 14:02:25] Bus 1: V=1.020 pu (raw 1.020) I=1.1 A (raw 0.0) PF=1.0000 FB=OPEN CMD=OPEN
[2026-05-19 14:02:25] Bus 2: V=0.001 pu (raw 0.000) I=1.0 A (raw 0.0) PF=0.0000 FB=OPEN CMD=OPEN
Error kirim ke gateway Modbus bus 3: argument out of range
[2026-05-19 14:02:25] Bus 3: V=-0.005 pu (raw 0.000) I=0.0 A (raw 0.0) PF=0.0000 FB=OPEN CMD=OPEN
[2026-05-19 14:02:25] Bus 4: V=0.002 pu (raw 0.000) I=0.0 A (raw 0.0) PF=0.0000 FB=CLOSE CMD=CLOSE
Error kirim ke gateway Modbus bus 5: argument out of range
[2026-05-19 14:02:25] Bus 5: V=-0.003 pu (raw 0.000) I=0.0 A (raw 0.0) PF=0.0000 FB=OPEN CMD=OPEN
DT_PATH_LAT,h2,1779174145.683213,20


[2026-05-19 14:02:29] Bus 1: V=1.024 pu (raw 1.020) I=1.1 A (raw 0.0) PF=1.0000 FB=OPEN CMD=OPEN
[2026-05-19 14:02:29] Bus 2: V=0.004 pu (raw 0.000) I=0.0 A (raw 0.0) PF=0.0000 FB=OPEN CMD=OPEN
[2026-05-19 14:02:29] Bus 3: V=0.000 pu (raw 0.000) I=0.0 A (raw 0.0) PF=0.0000 FB=OPEN CMD=OPEN
[2026-05-19 14:02:29] Bus 4: V=0.002 pu (raw 0.000) I=2.4 A (raw 0.0) PF=0.0000 FB=CLOSE CMD=CLOSE
Error kirim ke gateway Modbus bus 5: argument out of range
[2026-05-19 14:02:29] Bus 5: V=-0.003 pu (raw 0.000) I=2.3 A (raw 0.0) PF=0.0000 FB=OPEN CMD=OPEN
DT_PATH_LAT,h2,1779174149.795633,21


[2026-05-19 14:02:33] Bus 1: V=1.023 pu (raw 1.020) I=0.0 A (raw 0.0) PF=1.0000 FB=OPEN CMD=OPEN
Error kirim ke gateway Modbus bus 2: argument out of range
[2026-05-19 14:02:33] Bus 2: V=-0.006 pu (raw 0.000) I=2.1 A (raw 0.0) PF=0.0000 FB=OPEN CMD=OPEN
[2026-05-19 14:02:33] Bus 3: V=-0.000 pu (raw 0.000) I=0.0 A (raw 0.0) PF=0.0000 FB=OPEN CMD=OPEN
[2026-05-19 14:02:33] Bus 4: V=0.001 pu (raw 0.000) I=0.6 A (raw 0.0) PF=0.0000 FB=CLOSE CMD=CLOSE
[2026-05-19 14:02:33] Bus 5: V=0.004 pu (raw 0.000) I=0.0 A (raw 0.0) PF=0.0000 FB=OPEN CMD=OPEN
DT_PATH_LAT,h2,1779174153.879015,22


[2026-05-19 14:02:37] Bus 1: V=1.023 pu (raw 1.020) I=2.2 A (raw 0.0) PF=1.0000 FB=OPEN CMD=OPEN
[2026-05-19 14:02:37] Bus 2: V=0.004 pu (raw 0.000) I=0.0 A (raw 0.0) PF=0.0000 FB=OPEN CMD=OPEN
Error kirim ke gateway Modbus bus 3: argument out of range
[2026-05-19 14:02:37] Bus 3: V=-0.002 pu (raw 0.000) I=1.5 A (raw 0.0) PF=0.0000 FB=OPEN CMD=OPEN
[2026-05-19 14:02:37] Bus 4: V=0.000 pu (raw 0.000) I=0.2 A (raw 0.0) PF=0.0000 FB=CLOSE CMD=CLOSE
[2026-05-19 14:02:37] Bus 5: V=0.004 pu (raw 0.000) I=0.0 A (raw 0.0) PF=0.0000 FB=OPEN CMD=OPEN
DT_PATH_LAT,h2,1779174157.985631,23


[2026-05-19 14:02:41] Bus 1: V=1.013 pu (raw 1.020) I=0.0 A (raw 0.0) PF=1.0000 FB=OPEN CMD=OPEN
Error kirim ke gateway Modbus bus 2: argument out of range
[2026-05-19 14:02:41] Bus 2: V=-0.006 pu (raw 0.000) I=1.2 A (raw 0.0) PF=0.0000 FB=OPEN CMD=OPEN
[2026-05-19 14:02:41] Bus 3: V=0.001 pu (raw 0.000) I=0.0 A (raw 0.0) PF=0.0000 FB=OPEN CMD=OPEN
[2026-05-19 14:02:41] Bus 4: V=-0.000 pu (raw 0.000) I=1.2 A (raw 0.0) PF=0.0000 FB=CLOSE CMD=CLOSE
[2026-05-19 14:02:41] Bus 5: V=0.000 pu (raw 0.000) I=2.0 A (raw 0.0) PF=0.0000 FB=OPEN CMD=OPEN
DT_PATH_LAT,h2,1779174162.087000,24


[2026-05-19 14:02:46] Bus 1: V=1.020 pu (raw 1.020) I=1.6 A (raw 0.0) PF=1.0000 FB=OPEN CMD=OPEN
[2026-05-19 14:02:46] Bus 2: V=0.004 pu (raw 0.000) I=2.4 A (raw 0.0) PF=0.0000 FB=OPEN CMD=OPEN
Error kirim ke gateway Modbus bus 3: argument out of range
[2026-05-19 14:02:46] Bus 3: V=-0.002 pu (raw 0.000) I=1.3 A (raw 0.0) PF=0.0000 FB=OPEN CMD=OPEN
Error kirim ke gateway Modbus bus 4: argument out of range
[2026-05-19 14:02:46] Bus 4: V=-0.006 pu (raw 0.000) I=0.0 A (raw 0.0) PF=0.0000 FB=CLOSE CMD=CLOSE
Error kirim ke gateway Modbus bus 5: argument out of range
[2026-05-19 14:02:46] Bus 5: V=-0.006 pu (raw 0.000) I=1.6 A (raw 0.0) PF=0.0000 FB=OPEN CMD=OPEN
DT_PATH_LAT,h2,1779174166.253134,25


[2026-05-19 14:02:50] Bus 1: V=1.016 pu (raw 1.020) I=0.0 A (raw 0.0) PF=1.0000 FB=OPEN CMD=OPEN
[2026-05-19 14:02:50] Bus 2: V=-0.001 pu (raw 0.000) I=0.0 A (raw 0.0) PF=0.0000 FB=OPEN CMD=OPEN
Error kirim ke gateway Modbus bus 3: argument out of range
[2026-05-19 14:02:50] Bus 3: V=-0.002 pu (raw 0.000) I=0.4 A (raw 0.0) PF=0.0000 FB=OPEN CMD=OPEN
[2026-05-19 14:02:50] Bus 4: V=0.005 pu (raw 0.000) I=0.1 A (raw 0.0) PF=0.0000 FB=CLOSE CMD=CLOSE
[2026-05-19 14:02:50] Bus 5: V=0.002 pu (raw 0.000) I=1.5 A (raw 0.0) PF=0.0000 FB=OPEN CMD=OPEN
DT_PATH_LAT,h2,1779174170.356046,26


[2026-05-19 14:02:54] Bus 1: V=1.019 pu (raw 1.020) I=0.0 A (raw 0.0) PF=1.0000 FB=OPEN CMD=OPEN
Error kirim ke gateway Modbus bus 2: argument out of range
[2026-05-19 14:02:54] Bus 2: V=-0.002 pu (raw 0.000) I=1.6 A (raw 0.0) PF=0.0000 FB=OPEN CMD=OPEN
Error kirim ke gateway Modbus bus 3: argument out of range
[2026-05-19 14:02:54] Bus 3: V=-0.005 pu (raw 0.000) I=0.0 A (raw 0.0) PF=0.0000 FB=OPEN CMD=OPEN
[2026-05-19 14:02:54] Bus 4: V=0.003 pu (raw 0.000) I=1.2 A (raw 0.0) PF=0.0000 FB=CLOSE CMD=CLOSE
[2026-05-19 14:02:54] Bus 5: V=0.000 pu (raw 0.000) I=1.2 A (raw 0.0) PF=0.0000 FB=OPEN CMD=OPEN
DT_PATH_LAT,h2,1779174174.444845,27


[2026-05-19 14:02:58] Bus 1: V=1.020 pu (raw 1.020) I=0.0 A (raw 0.0) PF=1.0000 FB=OPEN CMD=OPEN
Error kirim ke gateway Modbus bus 2: argument out of range
[2026-05-19 14:02:58] Bus 2: V=-0.005 pu (raw 0.000) I=0.0 A (raw 0.0) PF=0.0000 FB=OPEN CMD=OPEN
[2026-05-19 14:02:58] Bus 3: V=0.003 pu (raw 0.000) I=0.0 A (raw 0.0) PF=0.0000 FB=OPEN CMD=OPEN
Error kirim ke gateway Modbus bus 4: argument out of range
[2026-05-19 14:02:58] Bus 4: V=-0.003 pu (raw 0.000) I=0.0 A (raw 0.0) PF=0.0000 FB=CLOSE CMD=CLOSE
Error kirim ke gateway Modbus bus 5: argument out of range
[2026-05-19 14:02:58] Bus 5: V=-0.005 pu (raw 0.000) I=0.0 A (raw 0.0) PF=0.0000 FB=OPEN CMD=OPEN
DT_PATH_LAT,h2,1779174178.539712,28


[2026-05-19 14:03:02] Bus 1: V=1.016 pu (raw 1.020) I=0.5 A (raw 0.0) PF=1.0000 FB=OPEN CMD=OPEN
Error kirim ke gateway Modbus bus 2: argument out of range
[2026-05-19 14:03:02] Bus 2: V=-0.007 pu (raw 0.000) I=0.5 A (raw 0.0) PF=0.0000 FB=OPEN CMD=OPEN
Error kirim ke gateway Modbus bus 3: argument out of range
[2026-05-19 14:03:02] Bus 3: V=-0.002 pu (raw 0.000) I=0.0 A (raw 0.0) PF=0.0000 FB=OPEN CMD=OPEN
[2026-05-19 14:03:02] Bus 4: V=0.002 pu (raw 0.000) I=0.0 A (raw 0.0) PF=0.0000 FB=CLOSE CMD=CLOSE
Error kirim ke gateway Modbus bus 5: argument out of range
[2026-05-19 14:03:02] Bus 5: V=-0.007 pu (raw 0.000) I=0.0 A (raw 0.0) PF=0.0000 FB=OPEN CMD=OPEN
DT_PATH_LAT,h2,1779174182.618780,29


[2026-05-19 14:03:06] Bus 1: V=1.021 pu (raw 1.020) I=0.0 A (raw 0.0) PF=1.0000 FB=OPEN CMD=OPEN
[2026-05-19 14:03:06] Bus 2: V=0.002 pu (raw 0.000) I=1.1 A (raw 0.0) PF=0.0000 FB=OPEN CMD=OPEN
[2026-05-19 14:03:06] Bus 3: V=0.002 pu (raw 0.000) I=0.5 A (raw 0.0) PF=0.0000 FB=OPEN CMD=OPEN
[2026-05-19 14:03:06] Bus 4: V=0.004 pu (raw 0.000) I=1.0 A (raw 0.0) PF=0.0000 FB=CLOSE CMD=CLOSE
[2026-05-19 14:03:06] Bus 5: V=0.001 pu (raw 0.000) I=0.0 A (raw 0.0) PF=0.0000 FB=OPEN CMD=OPEN
DT_PATH_LAT,h2,1779174186.737426,30


[2026-05-19 14:03:10] Bus 1: V=1.023 pu (raw 1.020) I=2.0 A (raw 0.0) PF=1.0000 FB=OPEN CMD=OPEN
[2026-05-19 14:03:10] Bus 2: V=-0.001 pu (raw 0.000) I=0.0 A (raw 0.0) PF=0.0000 FB=OPEN CMD=OPEN
[2026-05-19 14:03:10] Bus 3: V=0.006 pu (raw 0.000) I=0.0 A (raw 0.0) PF=0.0000 FB=OPEN CMD=OPEN
[2026-05-19 14:03:10] Bus 4: V=0.001 pu (raw 0.000) I=3.6 A (raw 0.0) PF=0.0000 FB=CLOSE CMD=CLOSE
Error kirim ke gateway Modbus bus 5: argument out of range
[2026-05-19 14:03:10] Bus 5: V=-0.003 pu (raw 0.000) I=1.0 A (raw 0.0) PF=0.0000 FB=OPEN CMD=OPEN
DT_PATH_LAT,h2,1779174190.852063,31


[2026-05-19 14:03:14] Bus 1: V=1.026 pu (raw 1.020) I=0.0 A (raw 0.0) PF=1.0000 FB=OPEN CMD=OPEN
[2026-05-19 14:03:14] Bus 2: V=0.002 pu (raw 0.000) I=1.4 A (raw 0.0) PF=0.0000 FB=OPEN CMD=OPEN
Error kirim ke gateway Modbus bus 3: argument out of range
[2026-05-19 14:03:14] Bus 3: V=-0.003 pu (raw 0.000) I=0.0 A (raw 0.0) PF=0.0000 FB=OPEN CMD=OPEN
[2026-05-19 14:03:14] Bus 4: V=0.001 pu (raw 0.000) I=1.2 A (raw 0.0) PF=0.0000 FB=CLOSE CMD=CLOSE
[2026-05-19 14:03:14] Bus 5: V=-0.000 pu (raw 0.000) I=0.0 A (raw 0.0) PF=0.0000 FB=OPEN CMD=OPEN
DT_PATH_LAT,h2,1779174194.950334,32


[2026-05-19 14:03:18] Bus 1: V=1.017 pu (raw 1.020) I=0.0 A (raw 0.0) PF=1.0000 FB=OPEN CMD=OPEN
[2026-05-19 14:03:18] Bus 2: V=0.003 pu (raw 0.000) I=0.2 A (raw 0.0) PF=0.0000 FB=OPEN CMD=OPEN
Error kirim ke gateway Modbus bus 3: argument out of range
[2026-05-19 14:03:18] Bus 3: V=-0.003 pu (raw 0.000) I=0.0 A (raw 0.0) PF=0.0000 FB=OPEN CMD=OPEN
[2026-05-19 14:03:18] Bus 4: V=0.008 pu (raw 0.000) I=1.7 A (raw 0.0) PF=0.0000 FB=CLOSE CMD=CLOSE
[2026-05-19 14:03:18] Bus 5: V=0.002 pu (raw 0.000) I=0.0 A (raw 0.0) PF=0.0000 FB=OPEN CMD=OPEN
DT_PATH_LAT,h2,1779174199.054736,33


[2026-05-19 14:03:23] Bus 1: V=1.022 pu (raw 1.020) I=0.7 A (raw 0.0) PF=1.0000 FB=OPEN CMD=OPEN
[2026-05-19 14:03:23] Bus 2: V=0.005 pu (raw 0.000) I=0.6 A (raw 0.0) PF=0.0000 FB=OPEN CMD=OPEN
[2026-05-19 14:03:23] Bus 3: V=-0.000 pu (raw 0.000) I=0.8 A (raw 0.0) PF=0.0000 FB=OPEN CMD=OPEN
Error kirim ke gateway Modbus bus 4: argument out of range
[2026-05-19 14:03:23] Bus 4: V=-0.006 pu (raw 0.000) I=1.5 A (raw 0.0) PF=0.0000 FB=CLOSE CMD=CLOSE
[2026-05-19 14:03:23] Bus 5: V=0.001 pu (raw 0.000) I=0.0 A (raw 0.0) PF=0.0000 FB=OPEN CMD=OPEN
DT_PATH_LAT,h2,1779174203.162771,34


[2026-05-19 14:03:27] Bus 1: V=1.024 pu (raw 1.020) I=2.7 A (raw 0.0) PF=1.0000 FB=OPEN CMD=OPEN
Error kirim ke gateway Modbus bus 2: argument out of range
[2026-05-19 14:03:27] Bus 2: V=-0.004 pu (raw 0.000) I=0.0 A (raw 0.0) PF=0.0000 FB=OPEN CMD=OPEN
[2026-05-19 14:03:27] Bus 3: V=0.001 pu (raw 0.000) I=0.3 A (raw 0.0) PF=0.0000 FB=OPEN CMD=OPEN
Error kirim ke gateway Modbus bus 4: argument out of range
[2026-05-19 14:03:27] Bus 4: V=-0.001 pu (raw 0.000) I=0.0 A (raw 0.0) PF=0.0000 FB=CLOSE CMD=CLOSE
[2026-05-19 14:03:27] Bus 5: V=0.006 pu (raw 0.000) I=1.6 A (raw 0.0) PF=0.0000 FB=OPEN CMD=OPEN
DT_PATH_LAT,h2,1779174207.267541,35
