Namespace index: 2
Field bus -> Pandapower bus mapping: {1: 0, 2: 2, 3: 3, 4: 6, 5: 7}
Unique bus->line mapping: {1: 0, 2: 2, 3: 4, 4: 10, 5: 9}
numba cannot be imported and numba functions are disabled.
Probably the execution is slow.
Please install numba to gain a massive speedup.
(or if you prefer slow execution, set the flag numba=False to avoid this warning!)

 2026-05-05 14:47:54
Load flow sukses. Voltage snapshot (pu): [1.05004136 1.05788632 1.04999957 1.0405164  1.03555679]
Bus 1: breaker CLOSE (line 0) | I_line=0.2726 kA, I_close=0.9539 kA
Bus 2: breaker CLOSE (line 2) | I_line=0.4843 kA, I_close=0.7949 kA
Bus 3: breaker CLOSE (line 4) | I_line=0.4068 kA, I_close=0.7949 kA
Bus 4: breaker CLOSE (line 10) | I_line=0.1303 kA, I_close=1.4308 kA
Bus 5: breaker CLOSE (line 9) | I_line=0.0745 kA, I_close=1.4308 kA
numba cannot be imported and numba functions are disabled.
Probably the execution is slow.
Please install numba to gain a massive speedup.
(or if you prefer slow execution, set the flag numba=False to avoid this warning!)

 2026-05-05 14:47:58
Load flow sukses. Voltage snapshot (pu): [1.04881513 1.05709894 1.04850484 1.04039846 1.03812441]
Bus 1: breaker CLOSE (line 0) | I_line=0.2761 kA, I_close=0.9539 kA
Bus 2: breaker CLOSE (line 2) | I_line=0.4885 kA, I_close=0.7949 kA
Bus 3: breaker CLOSE (line 4) | I_line=0.3586 kA, I_close=0.7949 kA
Bus 4: breaker CLOSE (line 10) | I_line=0.0702 kA, I_close=1.4308 kA
Bus 5: breaker CLOSE (line 9) | I_line=0.0773 kA, I_close=1.4308 kA
numba cannot be imported and numba functions are disabled.
Probably the execution is slow.
Please install numba to gain a massive speedup.
(or if you prefer slow execution, set the flag numba=False to avoid this warning!)

 2026-05-05 14:48:02
Load flow sukses. Voltage snapshot (pu): [1.04533204 1.05607439 1.04742757 1.04019028 1.03922187]
Bus 1: breaker CLOSE (line 0) | I_line=0.3187 kA, I_close=0.9539 kA
Bus 2: breaker CLOSE (line 2) | I_line=0.4588 kA, I_close=0.7949 kA
Bus 3: breaker CLOSE (line 4) | I_line=0.3026 kA, I_close=0.7949 kA
Bus 4: breaker CLOSE (line 10) | I_line=0.0979 kA, I_close=1.4308 kA
Bus 5: breaker CLOSE (line 9) | I_line=0.1145 kA, I_close=1.4308 kA
numba cannot be imported and numba functions are disabled.
Probably the execution is slow.
Please install numba to gain a massive speedup.
(or if you prefer slow execution, set the flag numba=False to avoid this warning!)

 2026-05-05 14:48:06
Load flow sukses. Voltage snapshot (pu): [1.04189733 1.05526073 1.04692481 1.04035288 1.03977761]
Bus 1: breaker CLOSE (line 0) | I_line=0.3654 kA, I_close=0.9539 kA
Bus 2: breaker CLOSE (line 2) | I_line=0.4239 kA, I_close=0.7949 kA
Bus 3: breaker CLOSE (line 4) | I_line=0.2576 kA, I_close=0.7949 kA
Bus 4: breaker CLOSE (line 10) | I_line=0.1604 kA, I_close=1.4308 kA
Bus 5: breaker CLOSE (line 9) | I_line=0.1681 kA, I_close=1.4308 kA
numba cannot be imported and numba functions are disabled.
Probably the execution is slow.
Please install numba to gain a massive speedup.
(or if you prefer slow execution, set the flag numba=False to avoid this warning!)

 2026-05-05 14:48:10
Load flow sukses. Voltage snapshot (pu): [1.0395862  1.05465482 1.04646008 1.04021949 1.03982486]
Bus 1: breaker CLOSE (line 0) | I_line=0.3958 kA, I_close=0.9539 kA
Bus 2: breaker CLOSE (line 2) | I_line=0.4013 kA, I_close=0.7949 kA
Bus 3: breaker CLOSE (line 4) | I_line=0.2287 kA, I_close=0.7949 kA
Bus 4: breaker CLOSE (line 10) | I_line=0.2032 kA, I_close=1.4308 kA
Bus 5: breaker CLOSE (line 9) | I_line=0.2056 kA, I_close=1.4308 kA
numba cannot be imported and numba functions are disabled.
Probably the execution is slow.
Please install numba to gain a massive speedup.
(or if you prefer slow execution, set the flag numba=False to avoid this warning!)

 2026-05-05 14:48:14
Load flow sukses. Voltage snapshot (pu): [1.03752538 1.0526195  1.04215673 1.03775252 1.03838097]
Bus 1: breaker CLOSE (line 0) | I_line=0.3995 kA, I_close=0.9539 kA
Bus 2: breaker CLOSE (line 2) | I_line=0.4138 kA, I_close=0.7949 kA
Bus 3: breaker CLOSE (line 4) | I_line=0.1261 kA, I_close=0.7949 kA
Bus 4: breaker CLOSE (line 10) | I_line=0.3062 kA, I_close=1.4308 kA
Bus 5: breaker CLOSE (line 9) | I_line=0.2573 kA, I_close=1.4308 kA
numba cannot be imported and numba functions are disabled.
Probably the execution is slow.
Please install numba to gain a massive speedup.
(or if you prefer slow execution, set the flag numba=False to avoid this warning!)

 2026-05-05 14:48:19
Load flow sukses. Voltage snapshot (pu): [1.04047729 1.05346495 1.04295781 1.03814182 1.03822982]
Bus 1: breaker CLOSE (line 0) | I_line=0.3640 kA, I_close=0.9539 kA
Bus 2: breaker CLOSE (line 2) | I_line=0.4389 kA, I_close=0.7949 kA
Bus 3: breaker CLOSE (line 4) | I_line=0.1617 kA, I_close=0.7949 kA
Bus 4: breaker CLOSE (line 10) | I_line=0.2786 kA, I_close=1.4308 kA
Bus 5: breaker CLOSE (line 9) | I_line=0.2402 kA, I_close=1.4308 kA
numba cannot be imported and numba functions are disabled.
Probably the execution is slow.
Please install numba to gain a massive speedup.
(or if you prefer slow execution, set the flag numba=False to avoid this warning!)

 2026-05-05 14:48:23
Load flow sukses. Voltage snapshot (pu): [1.04108924 1.0523845  1.03987819 1.03579318 1.0365738 ]
Bus 1: breaker CLOSE (line 0) | I_line=0.3378 kA, I_close=0.9539 kA
Bus 2: breaker CLOSE (line 2) | I_line=0.4705 kA, I_close=0.7949 kA
Bus 3: breaker CLOSE (line 4) | I_line=0.1145 kA, I_close=0.7949 kA
Bus 4: breaker CLOSE (line 10) | I_line=0.3354 kA, I_close=1.4308 kA
Bus 5: breaker CLOSE (line 9) | I_line=0.2579 kA, I_close=1.4308 kA
numba cannot be imported and numba functions are disabled.
Probably the execution is slow.
Please install numba to gain a massive speedup.
(or if you prefer slow execution, set the flag numba=False to avoid this warning!)

 2026-05-05 14:48:27
Load flow sukses. Voltage snapshot (pu): [1.03926723 1.0518709  1.03936168 1.03584438 1.03792699]
Bus 1: breaker CLOSE (line 0) | I_line=0.3559 kA, I_close=0.9539 kA
Bus 2: breaker CLOSE (line 2) | I_line=0.4589 kA, I_close=0.7949 kA
Bus 3: breaker CLOSE (line 4) | I_line=0.0911 kA, I_close=0.7949 kA
Bus 4: breaker CLOSE (line 10) | I_line=0.3013 kA, I_close=1.4308 kA
Bus 5: breaker CLOSE (line 9) | I_line=0.2365 kA, I_close=1.4308 kA
numba cannot be imported and numba functions are disabled.
Probably the execution is slow.
Please install numba to gain a massive speedup.
(or if you prefer slow execution, set the flag numba=False to avoid this warning!)

 2026-05-05 14:48:31
Load flow sukses. Voltage snapshot (pu): [1.03806401 1.05152141 1.03899722 1.03582945 1.03875391]
Bus 1: breaker CLOSE (line 0) | I_line=0.3677 kA, I_close=0.9539 kA
Bus 2: breaker CLOSE (line 2) | I_line=0.4514 kA, I_close=0.7949 kA
Bus 3: breaker CLOSE (line 4) | I_line=0.0763 kA, I_close=0.7949 kA
Bus 4: breaker CLOSE (line 10) | I_line=0.2795 kA, I_close=1.4308 kA
Bus 5: breaker CLOSE (line 9) | I_line=0.2230 kA, I_close=1.4308 kA
numba cannot be imported and numba functions are disabled.
Probably the execution is slow.
Please install numba to gain a massive speedup.
(or if you prefer slow execution, set the flag numba=False to avoid this warning!)

 2026-05-05 14:48:35
Load flow sukses. Voltage snapshot (pu): [1.03554341 1.05156418 1.04032717 1.03662012 1.0386993 ]
Bus 1: breaker CLOSE (line 0) | I_line=0.4122 kA, I_close=0.9539 kA
Bus 2: breaker CLOSE (line 2) | I_line=0.4109 kA, I_close=0.7949 kA
Bus 3: breaker CLOSE (line 4) | I_line=0.0843 kA, I_close=0.7949 kA
Bus 4: breaker CLOSE (line 10) | I_line=0.3085 kA, I_close=1.4308 kA
Bus 5: breaker CLOSE (line 9) | I_line=0.2434 kA, I_close=1.4308 kA
numba cannot be imported and numba functions are disabled.
Probably the execution is slow.
Please install numba to gain a massive speedup.
(or if you prefer slow execution, set the flag numba=False to avoid this warning!)

 2026-05-05 14:48:39
Load flow sukses. Voltage snapshot (pu): [1.03777587 1.05155155 1.03922706 1.03680334 1.03864356]
Bus 1: breaker CLOSE (line 0) | I_line=0.3745 kA, I_close=0.9539 kA
Bus 2: breaker CLOSE (line 2) | I_line=0.4455 kA, I_close=0.7949 kA
Bus 3: breaker CLOSE (line 4) | I_line=0.0612 kA, I_close=0.7949 kA
Bus 4: breaker CLOSE (line 10) | I_line=0.3032 kA, I_close=1.4308 kA
Bus 5: breaker CLOSE (line 9) | I_line=0.2296 kA, I_close=1.4308 kA
numba cannot be imported and numba functions are disabled.
Probably the execution is slow.
Please install numba to gain a massive speedup.
(or if you prefer slow execution, set the flag numba=False to avoid this warning!)

 2026-05-05 14:48:43
Load flow sukses. Voltage snapshot (pu): [1.0370482  1.05154258 1.03959346 1.03592609 1.03678499]
Bus 1: breaker CLOSE (line 0) | I_line=0.3927 kA, I_close=0.9539 kA
Bus 2: breaker CLOSE (line 2) | I_line=0.4284 kA, I_close=0.7949 kA
Bus 3: breaker CLOSE (line 4) | I_line=0.0790 kA, I_close=0.7949 kA
Bus 4: breaker CLOSE (line 10) | I_line=0.3655 kA, I_close=1.4308 kA
Bus 5: breaker CLOSE (line 9) | I_line=0.2846 kA, I_close=1.4308 kA
numba cannot be imported and numba functions are disabled.
Probably the execution is slow.
Please install numba to gain a massive speedup.
(or if you prefer slow execution, set the flag numba=False to avoid this warning!)

 2026-05-05 14:48:47
Load flow sukses. Voltage snapshot (pu): [1.03593912 1.0510705  1.0389208  1.03439885 1.03517987]
Bus 1: breaker CLOSE (line 0) | I_line=0.4075 kA, I_close=0.9539 kA
Bus 2: breaker CLOSE (line 2) | I_line=0.4182 kA, I_close=0.7949 kA
Bus 3: breaker CLOSE (line 4) | I_line=0.0798 kA, I_close=0.7949 kA
Bus 4: breaker CLOSE (line 10) | I_line=0.4120 kA, I_close=1.4308 kA
Bus 5: breaker CLOSE (line 9) | I_line=0.3250 kA, I_close=1.4308 kA
numba cannot be imported and numba functions are disabled.
Probably the execution is slow.
Please install numba to gain a massive speedup.
(or if you prefer slow execution, set the flag numba=False to avoid this warning!)

 2026-05-05 14:48:51
Load flow sukses. Voltage snapshot (pu): [1.03520623 1.050745   1.03844397 1.0333268  1.03402714]
Bus 1: breaker CLOSE (line 0) | I_line=0.4172 kA, I_close=0.9539 kA
Bus 2: breaker CLOSE (line 2) | I_line=0.4118 kA, I_close=0.7949 kA
Bus 3: breaker CLOSE (line 4) | I_line=0.0810 kA, I_close=0.7949 kA
Bus 4: breaker CLOSE (line 10) | I_line=0.4423 kA, I_close=1.4308 kA
Bus 5: breaker CLOSE (line 9) | I_line=0.3515 kA, I_close=1.4308 kA
numba cannot be imported and numba functions are disabled.
Probably the execution is slow.
Please install numba to gain a massive speedup.
(or if you prefer slow execution, set the flag numba=False to avoid this warning!)

 2026-05-05 14:48:55
Load flow sukses. Voltage snapshot (pu): [1.03769601 1.05184525 1.04008737 1.03359432 1.03459968]
Bus 1: breaker CLOSE (line 0) | I_line=0.3907 kA, I_close=0.9539 kA
Bus 2: breaker CLOSE (line 2) | I_line=0.4260 kA, I_close=0.7949 kA
Bus 3: breaker CLOSE (line 4) | I_line=0.1386 kA, I_close=0.7949 kA
Bus 4: breaker CLOSE (line 10) | I_line=0.4055 kA, I_close=1.4308 kA
Bus 5: breaker CLOSE (line 9) | I_line=0.3075 kA, I_close=1.4308 kA
numba cannot be imported and numba functions are disabled.
Probably the execution is slow.
Please install numba to gain a massive speedup.
(or if you prefer slow execution, set the flag numba=False to avoid this warning!)

 2026-05-05 14:48:59
Load flow sukses. Voltage snapshot (pu): [1.03737034 1.05146627 1.03929902 1.03278968 1.03264628]
Bus 1: breaker CLOSE (line 0) | I_line=0.3957 kA, I_close=0.9539 kA
Bus 2: breaker CLOSE (line 2) | I_line=0.4242 kA, I_close=0.7949 kA
Bus 3: breaker CLOSE (line 4) | I_line=0.1231 kA, I_close=0.7949 kA
Bus 4: breaker CLOSE (line 10) | I_line=0.4730 kA, I_close=1.4308 kA
Bus 5: breaker CLOSE (line 9) | I_line=0.3548 kA, I_close=1.4308 kA
numba cannot be imported and numba functions are disabled.
Probably the execution is slow.
Please install numba to gain a massive speedup.
(or if you prefer slow execution, set the flag numba=False to avoid this warning!)

 2026-05-05 14:49:04
Load flow sukses. Voltage snapshot (pu): [1.04000742 1.051352   1.03773422 1.03277991 1.0333035 ]
Bus 1: breaker CLOSE (line 0) | I_line=0.3458 kA, I_close=0.9539 kA
Bus 2: breaker CLOSE (line 2) | I_line=0.4704 kA, I_close=0.7949 kA
Bus 3: breaker CLOSE (line 4) | I_line=0.0958 kA, I_close=0.7949 kA
Bus 4: breaker CLOSE (line 10) | I_line=0.4405 kA, I_close=1.4308 kA
Bus 5: breaker CLOSE (line 9) | I_line=0.3130 kA, I_close=1.4308 kA
numba cannot be imported and numba functions are disabled.
Probably the execution is slow.
Please install numba to gain a massive speedup.
(or if you prefer slow execution, set the flag numba=False to avoid this warning!)

 2026-05-05 14:49:08
Load flow sukses. Voltage snapshot (pu): [1.03888259 1.05090148 1.03708867 1.0334411  1.0338632 ]
Bus 1: breaker CLOSE (line 0) | I_line=0.3567 kA, I_close=0.9539 kA
Bus 2: breaker CLOSE (line 2) | I_line=0.4651 kA, I_close=0.7949 kA
Bus 3: breaker CLOSE (line 4) | I_line=0.0610 kA, I_close=0.7949 kA
Bus 4: breaker CLOSE (line 10) | I_line=0.4421 kA, I_close=1.4308 kA
Bus 5: breaker CLOSE (line 9) | I_line=0.3124 kA, I_close=1.4308 kA
numba cannot be imported and numba functions are disabled.
Probably the execution is slow.
Please install numba to gain a massive speedup.
(or if you prefer slow execution, set the flag numba=False to avoid this warning!)

 2026-05-05 14:49:12
Load flow sukses. Voltage snapshot (pu): [1.03814406 1.05060094 1.03665371 1.03385436 1.03421481]
Bus 1: breaker CLOSE (line 0) | I_line=0.3638 kA, I_close=0.9539 kA
Bus 2: breaker CLOSE (line 2) | I_line=0.4617 kA, I_close=0.7949 kA
Bus 3: breaker CLOSE (line 4) | I_line=0.0432 kA, I_close=0.7949 kA
Bus 4: breaker CLOSE (line 10) | I_line=0.4432 kA, I_close=1.4308 kA
Bus 5: breaker CLOSE (line 9) | I_line=0.3120 kA, I_close=1.4308 kA
numba cannot be imported and numba functions are disabled.
Probably the execution is slow.
Please install numba to gain a massive speedup.
(or if you prefer slow execution, set the flag numba=False to avoid this warning!)

 2026-05-05 14:49:16
Load flow sukses. Voltage snapshot (pu): [1.03724059 1.05042056 1.03660068 1.0349408  1.03531658]
Bus 1: breaker CLOSE (line 0) | I_line=0.3740 kA, I_close=0.9539 kA
Bus 2: breaker CLOSE (line 2) | I_line=0.4548 kA, I_close=0.7949 kA
Bus 3: breaker CLOSE (line 4) | I_line=0.0341 kA, I_close=0.7949 kA
Bus 4: breaker CLOSE (line 10) | I_line=0.4262 kA, I_close=1.4308 kA
Bus 5: breaker CLOSE (line 9) | I_line=0.2989 kA, I_close=1.4308 kA
numba cannot be imported and numba functions are disabled.
Probably the execution is slow.
Please install numba to gain a massive speedup.
(or if you prefer slow execution, set the flag numba=False to avoid this warning!)

 2026-05-05 14:49:20
Load flow sukses. Voltage snapshot (pu): [1.03702627 1.05052433 1.03697001 1.03550669 1.035916  ]
Bus 1: breaker CLOSE (line 0) | I_line=0.3785 kA, I_close=0.9539 kA
Bus 2: breaker CLOSE (line 2) | I_line=0.4501 kA, I_close=0.7949 kA
Bus 3: breaker CLOSE (line 4) | I_line=0.0324 kA, I_close=0.7949 kA
Bus 4: breaker CLOSE (line 10) | I_line=0.4097 kA, I_close=1.4308 kA
Bus 5: breaker CLOSE (line 9) | I_line=0.2986 kA, I_close=1.4308 kA
numba cannot be imported and numba functions are disabled.
Probably the execution is slow.
Please install numba to gain a massive speedup.
(or if you prefer slow execution, set the flag numba=False to avoid this warning!)

 2026-05-05 14:49:24
Load flow sukses. Voltage snapshot (pu): [1.03656501 1.05169591 1.04023476 1.03706125 1.03715823]
Bus 1: breaker CLOSE (line 0) | I_line=0.4037 kA, I_close=0.9539 kA
Bus 2: breaker CLOSE (line 2) | I_line=0.4177 kA, I_close=0.7949 kA
Bus 3: breaker CLOSE (line 4) | I_line=0.0728 kA, I_close=0.7949 kA
Bus 4: breaker CLOSE (line 10) | I_line=0.3691 kA, I_close=1.4308 kA
Bus 5: breaker CLOSE (line 9) | I_line=0.2874 kA, I_close=1.4308 kA
numba cannot be imported and numba functions are disabled.
Probably the execution is slow.
Please install numba to gain a massive speedup.
(or if you prefer slow execution, set the flag numba=False to avoid this warning!)

 2026-05-05 14:49:28
Load flow sukses. Voltage snapshot (pu): [1.03624009 1.05241299 1.04226188 1.03794421 1.03782949]
Bus 1: breaker CLOSE (line 0) | I_line=0.4201 kA, I_close=0.9539 kA
Bus 2: breaker CLOSE (line 2) | I_line=0.3970 kA, I_close=0.7949 kA
Bus 3: breaker CLOSE (line 4) | I_line=0.1153 kA, I_close=0.7949 kA
Bus 4: breaker CLOSE (line 10) | I_line=0.3429 kA, I_close=1.4308 kA
Bus 5: breaker CLOSE (line 9) | I_line=0.2803 kA, I_close=1.4308 kA
numba cannot be imported and numba functions are disabled.
Probably the execution is slow.
Please install numba to gain a massive speedup.
(or if you prefer slow execution, set the flag numba=False to avoid this warning!)

 2026-05-05 14:49:33
Load flow sukses. Voltage snapshot (pu): [1.03801587 1.05166674 1.03944958 1.03565035 1.03702548]
Bus 1: breaker CLOSE (line 0) | I_line=0.3777 kA, I_close=0.9539 kA
Bus 2: breaker CLOSE (line 2) | I_line=0.4408 kA, I_close=0.7949 kA
Bus 3: breaker CLOSE (line 4) | I_line=0.0865 kA, I_close=0.7949 kA
Bus 4: breaker CLOSE (line 10) | I_line=0.3411 kA, I_close=1.4308 kA
Bus 5: breaker CLOSE (line 9) | I_line=0.2807 kA, I_close=1.4308 kA
numba cannot be imported and numba functions are disabled.
Probably the execution is slow.
Please install numba to gain a massive speedup.
(or if you prefer slow execution, set the flag numba=False to avoid this warning!)

 2026-05-05 14:49:38
Load flow sukses. Voltage snapshot (pu): [1.03560973 1.05194125 1.04134733 1.03692059 1.03737243]
Bus 1: breaker CLOSE (line 0) | I_line=0.4244 kA, I_close=0.9539 kA
Bus 2: breaker CLOSE (line 2) | I_line=0.3967 kA, I_close=0.7949 kA
Bus 3: breaker CLOSE (line 4) | I_line=0.1032 kA, I_close=0.7949 kA
Bus 4: breaker CLOSE (line 10) | I_line=0.3513 kA, I_close=1.4308 kA
Bus 5: breaker CLOSE (line 9) | I_line=0.3112 kA, I_close=1.4308 kA
numba cannot be imported and numba functions are disabled.
Probably the execution is slow.
Please install numba to gain a massive speedup.
(or if you prefer slow execution, set the flag numba=False to avoid this warning!)

 2026-05-05 14:49:42
Load flow sukses. Voltage snapshot (pu): [1.03469816 1.05136763 1.04028409 1.0346988  1.03590014]
Bus 1: breaker CLOSE (line 0) | I_line=0.4309 kA, I_close=0.9539 kA
Bus 2: breaker CLOSE (line 2) | I_line=0.3944 kA, I_close=0.7949 kA
Bus 3: breaker CLOSE (line 4) | I_line=0.1085 kA, I_close=0.7949 kA
Bus 4: breaker CLOSE (line 10) | I_line=0.3914 kA, I_close=1.4308 kA
Bus 5: breaker CLOSE (line 9) | I_line=0.3107 kA, I_close=1.4308 kA
numba cannot be imported and numba functions are disabled.
Probably the execution is slow.
Please install numba to gain a massive speedup.
(or if you prefer slow execution, set the flag numba=False to avoid this warning!)

 2026-05-05 14:49:47
Load flow sukses. Voltage snapshot (pu): [1.03507019 1.05055179 1.03801546 1.0322207  1.03280778]
Bus 1: breaker CLOSE (line 0) | I_line=0.4183 kA, I_close=0.9539 kA
Bus 2: breaker CLOSE (line 2) | I_line=0.4117 kA, I_close=0.7949 kA
Bus 3: breaker CLOSE (line 4) | I_line=0.0871 kA, I_close=0.7949 kA
Bus 4: breaker CLOSE (line 10) | I_line=0.4740 kA, I_close=1.4308 kA
Bus 5: breaker CLOSE (line 9) | I_line=0.3623 kA, I_close=1.4308 kA
numba cannot be imported and numba functions are disabled.
Probably the execution is slow.
Please install numba to gain a massive speedup.
(or if you prefer slow execution, set the flag numba=False to avoid this warning!)

 2026-05-05 14:49:51
Load flow sukses. Voltage snapshot (pu): [1.03797162 1.05139179 1.0387972  1.03443289 1.03477208]
Bus 1: breaker CLOSE (line 0) | I_line=0.3801 kA, I_close=0.9539 kA
Bus 2: breaker CLOSE (line 2) | I_line=0.4402 kA, I_close=0.7949 kA
Bus 3: breaker CLOSE (line 4) | I_line=0.0849 kA, I_close=0.7949 kA
Bus 4: breaker CLOSE (line 10) | I_line=0.4135 kA, I_close=1.4308 kA
Bus 5: breaker CLOSE (line 9) | I_line=0.3296 kA, I_close=1.4308 kA
numba cannot be imported and numba functions are disabled.
Probably the execution is slow.
Please install numba to gain a massive speedup.
(or if you prefer slow execution, set the flag numba=False to avoid this warning!)

 2026-05-05 14:49:55
Load flow sukses. Voltage snapshot (pu): [1.03980644 1.05188814 1.03921759 1.0357093  1.03583673]
Bus 1: breaker CLOSE (line 0) | I_line=0.3554 kA, I_close=0.9539 kA
Bus 2: breaker CLOSE (line 2) | I_line=0.4590 kA, I_close=0.7949 kA
Bus 3: breaker CLOSE (line 4) | I_line=0.0848 kA, I_close=0.7949 kA
Bus 4: breaker CLOSE (line 10) | I_line=0.3745 kA, I_close=1.4308 kA
Bus 5: breaker CLOSE (line 9) | I_line=0.3084 kA, I_close=1.4308 kA
numba cannot be imported and numba functions are disabled.
Probably the execution is slow.
Please install numba to gain a massive speedup.
(or if you prefer slow execution, set the flag numba=False to avoid this warning!)

 2026-05-05 14:50:00
Load flow sukses. Voltage snapshot (pu): [1.03856483 1.05100199 1.03747254 1.03461692 1.03604858]
Bus 1: breaker CLOSE (line 0) | I_line=0.3590 kA, I_close=0.9539 kA
Bus 2: breaker CLOSE (line 2) | I_line=0.4631 kA, I_close=0.7949 kA
Bus 3: breaker CLOSE (line 4) | I_line=0.0528 kA, I_close=0.7949 kA
Bus 4: breaker CLOSE (line 10) | I_line=0.3709 kA, I_close=1.4308 kA
Bus 5: breaker CLOSE (line 9) | I_line=0.2890 kA, I_close=1.4308 kA
numba cannot be imported and numba functions are disabled.
Probably the execution is slow.
Please install numba to gain a massive speedup.
(or if you prefer slow execution, set the flag numba=False to avoid this warning!)

 2026-05-05 14:50:04
Load flow sukses. Voltage snapshot (pu): [1.03680805 1.05074662 1.03764193 1.03315574 1.03503313]
Bus 1: breaker CLOSE (line 0) | I_line=0.3862 kA, I_close=0.9539 kA
Bus 2: breaker CLOSE (line 2) | I_line=0.4398 kA, I_close=0.7949 kA
Bus 3: breaker CLOSE (line 4) | I_line=0.0735 kA, I_close=0.7949 kA
Bus 4: breaker CLOSE (line 10) | I_line=0.3939 kA, I_close=1.4308 kA
Bus 5: breaker CLOSE (line 9) | I_line=0.3133 kA, I_close=1.4308 kA
numba cannot be imported and numba functions are disabled.
Probably the execution is slow.
Please install numba to gain a massive speedup.
(or if you prefer slow execution, set the flag numba=False to avoid this warning!)

 2026-05-05 14:50:08
Load flow sukses. Voltage snapshot (pu): [1.03823154 1.0507261  1.03693131 1.03378038 1.03491405]
Bus 1: breaker CLOSE (line 0) | I_line=0.3632 kA, I_close=0.9539 kA
Bus 2: breaker CLOSE (line 2) | I_line=0.4612 kA, I_close=0.7949 kA
Bus 3: breaker CLOSE (line 4) | I_line=0.0508 kA, I_close=0.7949 kA
Bus 4: breaker CLOSE (line 10) | I_line=0.4041 kA, I_close=1.4308 kA
Bus 5: breaker CLOSE (line 9) | I_line=0.3175 kA, I_close=1.4308 kA
numba cannot be imported and numba functions are disabled.
Probably the execution is slow.
Please install numba to gain a massive speedup.
(or if you prefer slow execution, set the flag numba=False to avoid this warning!)

 2026-05-05 14:50:13
Load flow sukses. Voltage snapshot (pu): [1.04005295 1.05194585 1.03920993 1.0346823  1.03656081]
Bus 1: breaker CLOSE (line 0) | I_line=0.3473 kA, I_close=0.9539 kA
Bus 2: breaker CLOSE (line 2) | I_line=0.4652 kA, I_close=0.7949 kA
Bus 3: breaker CLOSE (line 4) | I_line=0.1108 kA, I_close=0.7949 kA
Bus 4: breaker CLOSE (line 10) | I_line=0.3296 kA, I_close=1.4308 kA
Bus 5: breaker CLOSE (line 9) | I_line=0.2637 kA, I_close=1.4308 kA
numba cannot be imported and numba functions are disabled.
Probably the execution is slow.
Please install numba to gain a massive speedup.
(or if you prefer slow execution, set the flag numba=False to avoid this warning!)

 2026-05-05 14:50:18
Load flow sukses. Voltage snapshot (pu): [1.0412433  1.05287002 1.04103913 1.03606358 1.03779785]
Bus 1: breaker CLOSE (line 0) | I_line=0.3396 kA, I_close=0.9539 kA
Bus 2: breaker CLOSE (line 2) | I_line=0.4649 kA, I_close=0.7949 kA
Bus 3: breaker CLOSE (line 4) | I_line=0.1501 kA, I_close=0.7949 kA
Bus 4: breaker CLOSE (line 10) | I_line=0.2770 kA, I_close=1.4308 kA
Bus 5: breaker CLOSE (line 9) | I_line=0.2316 kA, I_close=1.4308 kA
numba cannot be imported and numba functions are disabled.
Probably the execution is slow.
Please install numba to gain a massive speedup.
(or if you prefer slow execution, set the flag numba=False to avoid this warning!)

 2026-05-05 14:50:23
Load flow sukses. Voltage snapshot (pu): [1.04190464 1.05329062 1.04183702 1.03615992 1.03744022]
Bus 1: breaker CLOSE (line 0) | I_line=0.3373 kA, I_close=0.9539 kA
Bus 2: breaker CLOSE (line 2) | I_line=0.4634 kA, I_close=0.7949 kA
Bus 3: breaker CLOSE (line 4) | I_line=0.1758 kA, I_close=0.7949 kA
Bus 4: breaker CLOSE (line 10) | I_line=0.2766 kA, I_close=1.4308 kA
Bus 5: breaker CLOSE (line 9) | I_line=0.2475 kA, I_close=1.4308 kA
numba cannot be imported and numba functions are disabled.
Probably the execution is slow.
Please install numba to gain a massive speedup.
(or if you prefer slow execution, set the flag numba=False to avoid this warning!)

 2026-05-05 14:50:27
Load flow sukses. Voltage snapshot (pu): [1.03891248 1.0527497  1.04188912 1.03568087 1.03524852]
Bus 1: breaker CLOSE (line 0) | I_line=0.3868 kA, I_close=0.9539 kA
Bus 2: breaker CLOSE (line 2) | I_line=0.4227 kA, I_close=0.7949 kA
Bus 3: breaker CLOSE (line 4) | I_line=0.1588 kA, I_close=0.7949 kA
Bus 4: breaker CLOSE (line 10) | I_line=0.3874 kA, I_close=1.4308 kA
Bus 5: breaker CLOSE (line 9) | I_line=0.3221 kA, I_close=1.4308 kA
numba cannot be imported and numba functions are disabled.
Probably the execution is slow.
Please install numba to gain a massive speedup.
(or if you prefer slow execution, set the flag numba=False to avoid this warning!)

 2026-05-05 14:50:31
Load flow sukses. Voltage snapshot (pu): [1.03813657 1.0520819  1.04055689 1.03472211 1.03342701]
Bus 1: breaker CLOSE (line 0) | I_line=0.3940 kA, I_close=0.9539 kA
Bus 2: breaker CLOSE (line 2) | I_line=0.4215 kA, I_close=0.7949 kA
Bus 3: breaker CLOSE (line 4) | I_line=0.1268 kA, I_close=0.7949 kA
Bus 4: breaker CLOSE (line 10) | I_line=0.4586 kA, I_close=1.4308 kA
Bus 5: breaker CLOSE (line 9) | I_line=0.3662 kA, I_close=1.4308 kA
numba cannot be imported and numba functions are disabled.
Probably the execution is slow.
Please install numba to gain a massive speedup.
(or if you prefer slow execution, set the flag numba=False to avoid this warning!)

 2026-05-05 14:50:36
Load flow sukses. Voltage snapshot (pu): [1.03972389 1.05256971 1.04107251 1.03313039 1.0321289 ]
Bus 1: breaker CLOSE (line 0) | I_line=0.3770 kA, I_close=0.9539 kA
Bus 2: breaker CLOSE (line 2) | I_line=0.4314 kA, I_close=0.7949 kA
Bus 3: breaker CLOSE (line 4) | I_line=0.1819 kA, I_close=0.7949 kA
Bus 4: breaker CLOSE (line 10) | I_line=0.4669 kA, I_close=1.4308 kA
Bus 5: breaker CLOSE (line 9) | I_line=0.3698 kA, I_close=1.4308 kA
numba cannot be imported and numba functions are disabled.
Probably the execution is slow.
Please install numba to gain a massive speedup.
(or if you prefer slow execution, set the flag numba=False to avoid this warning!)

 2026-05-05 14:50:40
Load flow sukses. Voltage snapshot (pu): [1.03592635 1.05050118 1.0375161  1.03039937 1.02992674]
Bus 1: breaker CLOSE (line 0) | I_line=0.4102 kA, I_close=0.9539 kA
Bus 2: breaker CLOSE (line 2) | I_line=0.4184 kA, I_close=0.7949 kA
Bus 3: breaker CLOSE (line 4) | I_line=0.1049 kA, I_close=0.7949 kA
Bus 4: breaker CLOSE (line 10) | I_line=0.5452 kA, I_close=1.4308 kA
Bus 5: breaker CLOSE (line 9) | I_line=0.4095 kA, I_close=1.4308 kA
numba cannot be imported and numba functions are disabled.
Probably the execution is slow.
Please install numba to gain a massive speedup.
(or if you prefer slow execution, set the flag numba=False to avoid this warning!)

 2026-05-05 14:50:44
Load flow sukses. Voltage snapshot (pu): [1.03840753 1.05181944 1.03970984 1.03225479 1.0327581 ]
Bus 1: breaker CLOSE (line 0) | I_line=0.3829 kA, I_close=0.9539 kA
Bus 2: breaker CLOSE (line 2) | I_line=0.4324 kA, I_close=0.7949 kA
Bus 3: breaker CLOSE (line 4) | I_line=0.1532 kA, I_close=0.7949 kA
Bus 4: breaker CLOSE (line 10) | I_line=0.4487 kA, I_close=1.4308 kA
Bus 5: breaker CLOSE (line 9) | I_line=0.3419 kA, I_close=1.4308 kA
numba cannot be imported and numba functions are disabled.
Probably the execution is slow.
Please install numba to gain a massive speedup.
(or if you prefer slow execution, set the flag numba=False to avoid this warning!)

 2026-05-05 14:50:48
Load flow sukses. Voltage snapshot (pu): [1.03826767 1.05273367 1.04214492 1.03532363 1.03524958]
Bus 1: breaker CLOSE (line 0) | I_line=0.3965 kA, I_close=0.9539 kA
Bus 2: breaker CLOSE (line 2) | I_line=0.4138 kA, I_close=0.7949 kA
Bus 3: breaker CLOSE (line 4) | I_line=0.1706 kA, I_close=0.7949 kA
Bus 4: breaker CLOSE (line 10) | I_line=0.3882 kA, I_close=1.4308 kA
Bus 5: breaker CLOSE (line 9) | I_line=0.3123 kA, I_close=1.4308 kA
