Connection to (10.0.2.2, 5020) failed: [Errno 111] Connection refused
Connection to GATEWAY (10.0.2.2:5020) failed (connect() returned False). Retrying in 1.0s...


[2026-05-12 23:43:31] Bus 1: V=1.013 pu, I=97.724 A, Breaker=CLOSE
[2026-05-12 23:43:31] Bus 2: V=0.977 pu, I=190.655 A, Breaker=CLOSE
[2026-05-12 23:43:31] Bus 3: V=1.023 pu, I=377.138 A, Breaker=CLOSE
[2026-05-12 23:43:31] Bus 4: V=1.039 pu, I=121.586 A, Breaker=CLOSE
[2026-05-12 23:43:31] Bus 5: V=0.992 pu, I=101.966 A, Breaker=CLOSE
DT_PATH_LAT,h2,1778604211.372344,1


[2026-05-12 23:43:35] Bus 1: V=0.971 pu, I=319.621 A, Breaker=CLOSE
[2026-05-12 23:43:35] Bus 2: V=0.952 pu, I=184.345 A, Breaker=CLOSE
[2026-05-12 23:43:35] Bus 3: V=1.014 pu, I=323.207 A, Breaker=CLOSE
[2026-05-12 23:43:35] Bus 4: V=0.972 pu, I=357.552 A, Breaker=CLOSE
[2026-05-12 23:43:35] Bus 5: V=1.030 pu, I=88.207 A, Breaker=CLOSE
DT_PATH_LAT,h2,1778604215.430972,2


[2026-05-12 23:43:39] Bus 1: V=1.030 pu, I=383.793 A, Breaker=CLOSE
[2026-05-12 23:43:39] Bus 2: V=0.984 pu, I=159.069 A, Breaker=CLOSE
[2026-05-12 23:43:39] Bus 3: V=1.045 pu, I=225.966 A, Breaker=CLOSE
[2026-05-12 23:43:39] Bus 4: V=0.959 pu, I=136.207 A, Breaker=CLOSE
[2026-05-12 23:43:39] Bus 5: V=1.034 pu, I=342.034 A, Breaker=CLOSE
DT_PATH_LAT,h2,1778604219.457884,3


[2026-05-12 23:43:43] Bus 1: V=1.030 pu, I=383.793 A, Breaker=CLOSE
[2026-05-12 23:43:43] Bus 2: V=0.984 pu, I=159.069 A, Breaker=CLOSE
[2026-05-12 23:43:43] Bus 3: V=1.045 pu, I=225.966 A, Breaker=CLOSE
[2026-05-12 23:43:43] Bus 4: V=0.959 pu, I=136.207 A, Breaker=CLOSE
[2026-05-12 23:43:43] Bus 5: V=1.034 pu, I=342.034 A, Breaker=CLOSE
DT_PATH_LAT,h2,1778604223.516177,4


[2026-05-12 23:43:47] Bus 1: V=1.030 pu, I=397.241 A, Breaker=CLOSE
[2026-05-12 23:43:47] Bus 2: V=1.003 pu, I=514.759 A, Breaker=CLOSE
[2026-05-12 23:43:47] Bus 3: V=0.987 pu, I=335.241 A, Breaker=CLOSE
[2026-05-12 23:43:47] Bus 4: V=1.032 pu, I=348.966 A, Breaker=CLOSE
[2026-05-12 23:43:47] Bus 5: V=1.036 pu, I=330.379 A, Breaker=CLOSE
DT_PATH_LAT,h2,1778604227.544023,5


[2026-05-12 23:43:51] Bus 1: V=1.020 pu, I=106.069 A, Breaker=CLOSE
[2026-05-12 23:43:51] Bus 2: V=0.972 pu, I=221.517 A, Breaker=CLOSE
[2026-05-12 23:43:51] Bus 3: V=0.957 pu, I=198.931 A, Breaker=CLOSE
[2026-05-12 23:43:51] Bus 4: V=0.960 pu, I=219.241 A, Breaker=CLOSE
[2026-05-12 23:43:51] Bus 5: V=1.013 pu, I=245.414 A, Breaker=CLOSE
DT_PATH_LAT,h2,1778604231.571475,6


[2026-05-12 23:43:55] Bus 1: V=0.987 pu, I=182.690 A, Breaker=CLOSE
[2026-05-12 23:43:55] Bus 2: V=0.976 pu, I=512.483 A, Breaker=CLOSE
[2026-05-12 23:43:55] Bus 3: V=1.014 pu, I=351.103 A, Breaker=CLOSE
[2026-05-12 23:43:55] Bus 4: V=0.967 pu, I=423.069 A, Breaker=CLOSE
[2026-05-12 23:43:55] Bus 5: V=0.966 pu, I=264.069 A, Breaker=CLOSE
DT_PATH_LAT,h2,1778604235.590573,7


[2026-05-12 23:43:59] Bus 1: V=1.048 pu, I=352.655 A, Breaker=CLOSE
[2026-05-12 23:43:59] Bus 2: V=1.005 pu, I=387.345 A, Breaker=CLOSE
[2026-05-12 23:43:59] Bus 3: V=1.034 pu, I=415.552 A, Breaker=CLOSE
[2026-05-12 23:43:59] Bus 4: V=0.972 pu, I=105.034 A, Breaker=CLOSE
[2026-05-12 23:43:59] Bus 5: V=0.981 pu, I=209.828 A, Breaker=CLOSE
DT_PATH_LAT,h2,1778604239.617102,8


[2026-05-12 23:44:03] Bus 1: V=1.048 pu, I=352.655 A, Breaker=CLOSE
[2026-05-12 23:44:03] Bus 2: V=1.005 pu, I=387.345 A, Breaker=CLOSE
[2026-05-12 23:44:03] Bus 3: V=1.034 pu, I=415.552 A, Breaker=CLOSE
[2026-05-12 23:44:03] Bus 4: V=0.972 pu, I=105.034 A, Breaker=CLOSE
[2026-05-12 23:44:03] Bus 5: V=0.981 pu, I=209.828 A, Breaker=CLOSE
DT_PATH_LAT,h2,1778604243.645576,9


[2026-05-12 23:44:07] Bus 1: V=0.971 pu, I=518.276 A, Breaker=CLOSE
[2026-05-12 23:44:07] Bus 2: V=1.037 pu, I=218.414 A, Breaker=CLOSE
[2026-05-12 23:44:07] Bus 3: V=1.015 pu, I=258.276 A, Breaker=CLOSE
[2026-05-12 23:44:07] Bus 4: V=1.041 pu, I=278.586 A, Breaker=CLOSE
[2026-05-12 23:44:07] Bus 5: V=0.976 pu, I=201.414 A, Breaker=CLOSE
DT_PATH_LAT,h2,1778604247.677595,10


[2026-05-12 23:44:11] Bus 1: V=1.006 pu, I=202.517 A, Breaker=CLOSE
[2026-05-12 23:44:11] Bus 2: V=1.008 pu, I=479.414 A, Breaker=CLOSE
[2026-05-12 23:44:11] Bus 3: V=0.989 pu, I=186.517 A, Breaker=CLOSE
[2026-05-12 23:44:11] Bus 4: V=1.049 pu, I=297.655 A, Breaker=CLOSE
[2026-05-12 23:44:11] Bus 5: V=0.959 pu, I=113.448 A, Breaker=CLOSE
DT_PATH_LAT,h2,1778604251.702775,11


[2026-05-12 23:44:15] Bus 1: V=0.960 pu, I=379.172 A, Breaker=CLOSE
[2026-05-12 23:44:15] Bus 2: V=1.029 pu, I=266.207 A, Breaker=CLOSE
[2026-05-12 23:44:15] Bus 3: V=0.956 pu, I=267.828 A, Breaker=CLOSE
[2026-05-12 23:44:15] Bus 4: V=1.049 pu, I=305.897 A, Breaker=CLOSE
[2026-05-12 23:44:15] Bus 5: V=1.047 pu, I=446.138 A, Breaker=CLOSE
DT_PATH_LAT,h2,1778604255.731978,12


[2026-05-12 23:44:19] Bus 1: V=0.951 pu, I=426.276 A, Breaker=CLOSE
[2026-05-12 23:44:19] Bus 2: V=1.018 pu, I=318.759 A, Breaker=CLOSE
[2026-05-12 23:44:19] Bus 3: V=0.976 pu, I=379.172 A, Breaker=CLOSE
[2026-05-12 23:44:19] Bus 4: V=0.961 pu, I=290.828 A, Breaker=CLOSE
[2026-05-12 23:44:19] Bus 5: V=0.995 pu, I=510.483 A, Breaker=CLOSE
DT_PATH_LAT,h2,1778604259.756866,13


[2026-05-12 23:44:23] Bus 1: V=0.951 pu, I=426.276 A, Breaker=CLOSE
[2026-05-12 23:44:23] Bus 2: V=1.018 pu, I=318.759 A, Breaker=CLOSE
[2026-05-12 23:44:23] Bus 3: V=0.976 pu, I=379.172 A, Breaker=CLOSE
[2026-05-12 23:44:23] Bus 4: V=0.961 pu, I=290.828 A, Breaker=CLOSE
[2026-05-12 23:44:23] Bus 5: V=0.995 pu, I=510.483 A, Breaker=CLOSE
DT_PATH_LAT,h2,1778604263.780256,14


[2026-05-12 23:44:27] Bus 1: V=1.037 pu, I=196.655 A, Breaker=CLOSE
[2026-05-12 23:44:27] Bus 2: V=1.000 pu, I=166.724 A, Breaker=CLOSE
[2026-05-12 23:44:27] Bus 3: V=1.041 pu, I=452.759 A, Breaker=CLOSE
[2026-05-12 23:44:27] Bus 4: V=0.979 pu, I=377.034 A, Breaker=CLOSE
[2026-05-12 23:44:27] Bus 5: V=1.010 pu, I=153.690 A, Breaker=CLOSE
DT_PATH_LAT,h2,1778604267.810831,15


[2026-05-12 23:44:31] Bus 1: V=1.026 pu, I=317.276 A, Breaker=CLOSE
[2026-05-12 23:44:31] Bus 2: V=1.027 pu, I=312.897 A, Breaker=CLOSE
[2026-05-12 23:44:31] Bus 3: V=0.950 pu, I=242.966 A, Breaker=CLOSE
[2026-05-12 23:44:31] Bus 4: V=0.951 pu, I=522.310 A, Breaker=CLOSE
[2026-05-12 23:44:31] Bus 5: V=1.037 pu, I=437.724 A, Breaker=CLOSE
DT_PATH_LAT,h2,1778604271.997707,16


[2026-05-12 23:44:36] Bus 1: V=0.980 pu, I=115.793 A, Breaker=CLOSE
[2026-05-12 23:44:36] Bus 2: V=1.037 pu, I=486.690 A, Breaker=CLOSE
[2026-05-12 23:44:36] Bus 3: V=0.958 pu, I=315.138 A, Breaker=CLOSE
[2026-05-12 23:44:36] Bus 4: V=0.956 pu, I=442.069 A, Breaker=CLOSE
[2026-05-12 23:44:36] Bus 5: V=1.026 pu, I=140.862 A, Breaker=CLOSE
DT_PATH_LAT,h2,1778604276.028916,17


[2026-05-12 23:44:40] Bus 1: V=0.997 pu, I=331.000 A, Breaker=CLOSE
[2026-05-12 23:44:40] Bus 2: V=0.976 pu, I=483.621 A, Breaker=CLOSE
[2026-05-12 23:44:40] Bus 3: V=0.992 pu, I=182.724 A, Breaker=CLOSE
[2026-05-12 23:44:40] Bus 4: V=1.003 pu, I=407.897 A, Breaker=CLOSE
[2026-05-12 23:44:40] Bus 5: V=0.970 pu, I=232.276 A, Breaker=CLOSE
DT_PATH_LAT,h2,1778604280.057207,18


[2026-05-12 23:44:44] Bus 1: V=0.997 pu, I=331.000 A, Breaker=CLOSE
[2026-05-12 23:44:44] Bus 2: V=0.976 pu, I=483.621 A, Breaker=CLOSE
[2026-05-12 23:44:44] Bus 3: V=0.992 pu, I=182.724 A, Breaker=CLOSE
[2026-05-12 23:44:44] Bus 4: V=1.003 pu, I=407.897 A, Breaker=CLOSE
[2026-05-12 23:44:44] Bus 5: V=0.970 pu, I=232.276 A, Breaker=CLOSE
DT_PATH_LAT,h2,1778604284.121419,19


[2026-05-12 23:44:48] Bus 1: V=1.049 pu, I=356.586 A, Breaker=CLOSE
[2026-05-12 23:44:48] Bus 2: V=0.993 pu, I=317.966 A, Breaker=CLOSE
[2026-05-12 23:44:48] Bus 3: V=0.962 pu, I=194.379 A, Breaker=CLOSE
[2026-05-12 23:44:48] Bus 4: V=0.983 pu, I=352.862 A, Breaker=CLOSE
[2026-05-12 23:44:48] Bus 5: V=0.973 pu, I=190.172 A, Breaker=CLOSE
DT_PATH_LAT,h2,1778604288.161800,20


[2026-05-12 23:44:52] Bus 1: V=0.957 pu, I=382.414 A, Breaker=CLOSE
[2026-05-12 23:44:52] Bus 2: V=0.972 pu, I=500.345 A, Breaker=CLOSE
[2026-05-12 23:44:52] Bus 3: V=1.035 pu, I=115.138 A, Breaker=CLOSE
[2026-05-12 23:44:52] Bus 4: V=0.973 pu, I=392.966 A, Breaker=CLOSE
[2026-05-12 23:44:52] Bus 5: V=0.971 pu, I=150.621 A, Breaker=CLOSE
DT_PATH_LAT,h2,1778604292.199618,21


[2026-05-12 23:44:56] Bus 1: V=1.043 pu, I=325.379 A, Breaker=CLOSE
[2026-05-12 23:44:56] Bus 2: V=0.997 pu, I=434.793 A, Breaker=CLOSE
[2026-05-12 23:44:56] Bus 3: V=1.030 pu, I=166.793 A, Breaker=CLOSE
[2026-05-12 23:44:56] Bus 4: V=0.959 pu, I=289.552 A, Breaker=CLOSE
[2026-05-12 23:44:56] Bus 5: V=0.992 pu, I=296.000 A, Breaker=CLOSE
DT_PATH_LAT,h2,1778604296.259171,22


[2026-05-12 23:45:00] Bus 1: V=1.022 pu, I=376.000 A, Breaker=CLOSE
[2026-05-12 23:45:00] Bus 2: V=1.048 pu, I=125.345 A, Breaker=CLOSE
[2026-05-12 23:45:00] Bus 3: V=0.990 pu, I=239.828 A, Breaker=CLOSE
[2026-05-12 23:45:00] Bus 4: V=1.036 pu, I=190.655 A, Breaker=CLOSE
[2026-05-12 23:45:00] Bus 5: V=0.969 pu, I=294.759 A, Breaker=CLOSE
DT_PATH_LAT,h2,1778604300.283353,23


[2026-05-12 23:45:04] Bus 1: V=1.022 pu, I=376.000 A, Breaker=CLOSE
[2026-05-12 23:45:04] Bus 2: V=1.048 pu, I=125.345 A, Breaker=CLOSE
[2026-05-12 23:45:04] Bus 3: V=0.990 pu, I=239.828 A, Breaker=CLOSE
[2026-05-12 23:45:04] Bus 4: V=1.036 pu, I=109.793 A, Breaker=CLOSE
[2026-05-12 23:45:04] Bus 5: V=1.049 pu, I=434.552 A, Breaker=CLOSE
DT_PATH_LAT,h2,1778604304.376807,24


[2026-05-12 23:45:08] Bus 1: V=0.992 pu, I=212.379 A, Breaker=CLOSE
[2026-05-12 23:45:08] Bus 2: V=0.974 pu, I=507.345 A, Breaker=CLOSE
[2026-05-12 23:45:08] Bus 3: V=0.994 pu, I=470.069 A, Breaker=CLOSE
[2026-05-12 23:45:08] Bus 4: V=1.005 pu, I=109.793 A, Breaker=CLOSE
[2026-05-12 23:45:08] Bus 5: V=1.049 pu, I=434.552 A, Breaker=CLOSE
DT_PATH_LAT,h2,1778604308.400643,25


[2026-05-12 23:45:12] Bus 1: V=1.046 pu, I=473.793 A, Breaker=CLOSE
[2026-05-12 23:45:12] Bus 2: V=1.034 pu, I=155.862 A, Breaker=CLOSE
[2026-05-12 23:45:12] Bus 3: V=0.998 pu, I=182.448 A, Breaker=CLOSE
[2026-05-12 23:45:12] Bus 4: V=0.990 pu, I=115.034 A, Breaker=CLOSE
[2026-05-12 23:45:12] Bus 5: V=0.987 pu, I=528.379 A, Breaker=CLOSE
DT_PATH_LAT,h2,1778604312.424782,26


[2026-05-12 23:45:16] Bus 1: V=0.976 pu, I=443.793 A, Breaker=CLOSE
[2026-05-12 23:45:16] Bus 2: V=0.995 pu, I=275.586 A, Breaker=CLOSE
[2026-05-12 23:45:16] Bus 3: V=1.045 pu, I=503.414 A, Breaker=CLOSE
[2026-05-12 23:45:16] Bus 4: V=1.005 pu, I=402.207 A, Breaker=CLOSE
[2026-05-12 23:45:16] Bus 5: V=0.965 pu, I=226.552 A, Breaker=CLOSE
DT_PATH_LAT,h2,1778604316.452369,27


[2026-05-12 23:45:20] Bus 1: V=1.046 pu, I=327.759 A, Breaker=CLOSE
[2026-05-12 23:45:20] Bus 2: V=1.004 pu, I=415.690 A, Breaker=CLOSE
[2026-05-12 23:45:20] Bus 3: V=0.955 pu, I=361.345 A, Breaker=CLOSE
[2026-05-12 23:45:20] Bus 4: V=1.000 pu, I=463.448 A, Breaker=CLOSE
[2026-05-12 23:45:20] Bus 5: V=0.965 pu, I=529.310 A, Breaker=CLOSE
DT_PATH_LAT,h2,1778604320.479428,28


[2026-05-12 23:45:24] Bus 1: V=0.958 pu, I=177.345 A, Breaker=CLOSE
[2026-05-12 23:45:24] Bus 2: V=1.009 pu, I=381.793 A, Breaker=CLOSE
[2026-05-12 23:45:24] Bus 3: V=0.973 pu, I=144.690 A, Breaker=CLOSE
[2026-05-12 23:45:24] Bus 4: V=1.039 pu, I=189.103 A, Breaker=CLOSE
[2026-05-12 23:45:24] Bus 5: V=1.009 pu, I=357.448 A, Breaker=CLOSE
DT_PATH_LAT,h2,1778604324.507550,29


[2026-05-12 23:45:28] Bus 1: V=0.958 pu, I=177.345 A, Breaker=CLOSE
[2026-05-12 23:45:28] Bus 2: V=1.009 pu, I=381.793 A, Breaker=CLOSE
[2026-05-12 23:45:28] Bus 3: V=0.973 pu, I=144.690 A, Breaker=CLOSE
[2026-05-12 23:45:28] Bus 4: V=1.039 pu, I=189.103 A, Breaker=CLOSE
[2026-05-12 23:45:28] Bus 5: V=1.009 pu, I=357.448 A, Breaker=CLOSE
DT_PATH_LAT,h2,1778604328.572953,30


[2026-05-12 23:45:32] Bus 1: V=0.991 pu, I=347.931 A, Breaker=CLOSE
[2026-05-12 23:45:32] Bus 2: V=1.002 pu, I=498.552 A, Breaker=CLOSE
[2026-05-12 23:45:32] Bus 3: V=0.970 pu, I=415.759 A, Breaker=CLOSE
[2026-05-12 23:45:32] Bus 4: V=0.973 pu, I=269.414 A, Breaker=CLOSE
[2026-05-12 23:45:32] Bus 5: V=1.017 pu, I=216.448 A, Breaker=CLOSE
DT_PATH_LAT,h2,1778604333.002386,31


[2026-05-12 23:45:37] Bus 1: V=0.981 pu, I=427.034 A, Breaker=CLOSE
[2026-05-12 23:45:37] Bus 2: V=0.957 pu, I=302.828 A, Breaker=CLOSE
[2026-05-12 23:45:37] Bus 3: V=1.049 pu, I=501.724 A, Breaker=CLOSE
[2026-05-12 23:45:37] Bus 4: V=0.957 pu, I=190.034 A, Breaker=CLOSE
[2026-05-12 23:45:37] Bus 5: V=0.976 pu, I=511.069 A, Breaker=CLOSE
DT_PATH_LAT,h2,1778604337.037159,32


[2026-05-12 23:45:41] Bus 1: V=1.038 pu, I=457.828 A, Breaker=CLOSE
[2026-05-12 23:45:41] Bus 2: V=0.986 pu, I=159.621 A, Breaker=CLOSE
[2026-05-12 23:45:41] Bus 3: V=1.033 pu, I=385.034 A, Breaker=CLOSE
[2026-05-12 23:45:41] Bus 4: V=1.011 pu, I=517.069 A, Breaker=CLOSE
[2026-05-12 23:45:41] Bus 5: V=1.015 pu, I=90.103 A, Breaker=CLOSE
DT_PATH_LAT,h2,1778604341.084282,33


[2026-05-12 23:45:45] Bus 1: V=1.031 pu, I=213.138 A, Breaker=CLOSE
[2026-05-12 23:45:45] Bus 2: V=1.016 pu, I=493.483 A, Breaker=CLOSE
[2026-05-12 23:45:45] Bus 3: V=0.963 pu, I=144.172 A, Breaker=CLOSE
[2026-05-12 23:45:45] Bus 4: V=0.960 pu, I=345.276 A, Breaker=CLOSE
[2026-05-12 23:45:45] Bus 5: V=0.977 pu, I=362.690 A, Breaker=CLOSE
DT_PATH_LAT,h2,1778604345.127513,34


[2026-05-12 23:45:49] Bus 1: V=1.031 pu, I=213.138 A, Breaker=CLOSE
[2026-05-12 23:45:49] Bus 2: V=1.016 pu, I=493.483 A, Breaker=CLOSE
[2026-05-12 23:45:49] Bus 3: V=0.963 pu, I=144.172 A, Breaker=CLOSE
[2026-05-12 23:45:49] Bus 4: V=0.960 pu, I=345.276 A, Breaker=CLOSE
[2026-05-12 23:45:49] Bus 5: V=0.977 pu, I=362.690 A, Breaker=CLOSE
DT_PATH_LAT,h2,1778604349.155669,35


[2026-05-12 23:45:53] Bus 1: V=1.021 pu, I=173.931 A, Breaker=CLOSE
[2026-05-12 23:45:53] Bus 2: V=1.013 pu, I=201.621 A, Breaker=CLOSE
[2026-05-12 23:45:53] Bus 3: V=0.998 pu, I=487.310 A, Breaker=CLOSE
[2026-05-12 23:45:53] Bus 4: V=1.034 pu, I=124.414 A, Breaker=CLOSE
[2026-05-12 23:45:53] Bus 5: V=0.992 pu, I=211.517 A, Breaker=CLOSE
DT_PATH_LAT,h2,1778604353.192989,36


[2026-05-12 23:45:57] Bus 1: V=0.950 pu, I=450.000 A, Breaker=CLOSE
[2026-05-12 23:45:57] Bus 2: V=1.013 pu, I=200.655 A, Breaker=CLOSE
[2026-05-12 23:45:57] Bus 3: V=1.024 pu, I=323.207 A, Breaker=CLOSE
[2026-05-12 23:45:57] Bus 4: V=0.992 pu, I=93.000 A, Breaker=CLOSE
[2026-05-12 23:45:57] Bus 5: V=0.957 pu, I=498.138 A, Breaker=CLOSE
DT_PATH_LAT,h2,1778604357.223803,37


[2026-05-12 23:46:01] Bus 1: V=1.040 pu, I=315.586 A, Breaker=CLOSE
[2026-05-12 23:46:01] Bus 2: V=1.033 pu, I=333.448 A, Breaker=CLOSE
[2026-05-12 23:46:01] Bus 3: V=0.964 pu, I=149.448 A, Breaker=CLOSE
[2026-05-12 23:46:01] Bus 4: V=0.980 pu, I=493.414 A, Breaker=CLOSE
[2026-05-12 23:46:01] Bus 5: V=1.029 pu, I=453.655 A, Breaker=CLOSE
DT_PATH_LAT,h2,1778604361.291704,38


[2026-05-12 23:46:05] Bus 1: V=1.039 pu, I=173.655 A, Breaker=CLOSE
[2026-05-12 23:46:05] Bus 2: V=0.974 pu, I=136.759 A, Breaker=CLOSE
[2026-05-12 23:46:05] Bus 3: V=1.028 pu, I=464.414 A, Breaker=CLOSE
[2026-05-12 23:46:05] Bus 4: V=0.990 pu, I=364.793 A, Breaker=CLOSE
[2026-05-12 23:46:05] Bus 5: V=0.965 pu, I=515.379 A, Breaker=CLOSE
DT_PATH_LAT,h2,1778604365.390952,39


[2026-05-12 23:46:09] Bus 1: V=1.039 pu, I=173.655 A, Breaker=CLOSE
[2026-05-12 23:46:09] Bus 2: V=0.974 pu, I=136.759 A, Breaker=CLOSE
[2026-05-12 23:46:09] Bus 3: V=1.028 pu, I=464.414 A, Breaker=CLOSE
[2026-05-12 23:46:09] Bus 4: V=0.990 pu, I=364.793 A, Breaker=CLOSE
[2026-05-12 23:46:09] Bus 5: V=0.965 pu, I=515.379 A, Breaker=CLOSE
DT_PATH_LAT,h2,1778604369.501346,40


[2026-05-12 23:46:13] Bus 1: V=1.036 pu, I=499.759 A, Breaker=CLOSE
[2026-05-12 23:46:13] Bus 2: V=1.031 pu, I=461.862 A, Breaker=CLOSE
[2026-05-12 23:46:13] Bus 3: V=0.952 pu, I=433.000 A, Breaker=CLOSE
[2026-05-12 23:46:13] Bus 4: V=0.983 pu, I=506.483 A, Breaker=CLOSE
[2026-05-12 23:46:13] Bus 5: V=1.030 pu, I=454.828 A, Breaker=CLOSE
DT_PATH_LAT,h2,1778604373.524785,41


[2026-05-12 23:46:17] Bus 1: V=1.031 pu, I=199.379 A, Breaker=CLOSE
[2026-05-12 23:46:17] Bus 2: V=1.028 pu, I=131.862 A, Breaker=CLOSE
[2026-05-12 23:46:17] Bus 3: V=1.037 pu, I=449.448 A, Breaker=CLOSE
[2026-05-12 23:46:17] Bus 4: V=0.972 pu, I=460.448 A, Breaker=CLOSE
[2026-05-12 23:46:17] Bus 5: V=0.996 pu, I=223.345 A, Breaker=CLOSE
DT_PATH_LAT,h2,1778604377.553307,42


[2026-05-12 23:46:21] Bus 1: V=1.029 pu, I=182.897 A, Breaker=CLOSE
[2026-05-12 23:46:21] Bus 2: V=0.952 pu, I=181.759 A, Breaker=CLOSE
[2026-05-12 23:46:21] Bus 3: V=0.982 pu, I=476.897 A, Breaker=CLOSE
[2026-05-12 23:46:21] Bus 4: V=1.046 pu, I=201.586 A, Breaker=CLOSE
[2026-05-12 23:46:21] Bus 5: V=1.014 pu, I=260.379 A, Breaker=CLOSE
DT_PATH_LAT,h2,1778604381.574049,43


[2026-05-12 23:46:25] Bus 1: V=1.048 pu, I=309.310 A, Breaker=CLOSE
[2026-05-12 23:46:25] Bus 2: V=1.043 pu, I=133.000 A, Breaker=CLOSE
[2026-05-12 23:46:25] Bus 3: V=1.047 pu, I=159.207 A, Breaker=CLOSE
[2026-05-12 23:46:25] Bus 4: V=1.046 pu, I=195.897 A, Breaker=CLOSE
[2026-05-12 23:46:25] Bus 5: V=0.960 pu, I=290.828 A, Breaker=CLOSE
DT_PATH_LAT,h2,1778604385.628031,44


[2026-05-12 23:46:29] Bus 1: V=1.022 pu, I=221.138 A, Breaker=CLOSE
[2026-05-12 23:46:29] Bus 2: V=1.010 pu, I=310.000 A, Breaker=CLOSE
[2026-05-12 23:46:29] Bus 3: V=0.988 pu, I=345.966 A, Breaker=CLOSE
[2026-05-12 23:46:29] Bus 4: V=0.975 pu, I=410.276 A, Breaker=CLOSE
[2026-05-12 23:46:29] Bus 5: V=0.950 pu, I=521.655 A, Breaker=CLOSE
DT_PATH_LAT,h2,1778604389.923473,45


[2026-05-12 23:46:33] Bus 1: V=1.022 pu, I=221.138 A, Breaker=CLOSE
[2026-05-12 23:46:33] Bus 2: V=1.010 pu, I=310.000 A, Breaker=CLOSE
[2026-05-12 23:46:33] Bus 3: V=0.988 pu, I=345.966 A, Breaker=CLOSE
[2026-05-12 23:46:33] Bus 4: V=0.975 pu, I=410.276 A, Breaker=CLOSE
[2026-05-12 23:46:33] Bus 5: V=0.950 pu, I=521.655 A, Breaker=CLOSE
DT_PATH_LAT,h2,1778604393.959095,46


[2026-05-12 23:46:37] Bus 1: V=1.003 pu, I=403.345 A, Breaker=CLOSE
[2026-05-12 23:46:37] Bus 2: V=1.024 pu, I=374.345 A, Breaker=CLOSE
[2026-05-12 23:46:37] Bus 3: V=0.986 pu, I=120.517 A, Breaker=CLOSE
[2026-05-12 23:46:37] Bus 4: V=1.016 pu, I=229.690 A, Breaker=CLOSE
[2026-05-12 23:46:37] Bus 5: V=0.981 pu, I=470.276 A, Breaker=CLOSE
DT_PATH_LAT,h2,1778604398.000896,47


[2026-05-12 23:46:42] Bus 1: V=1.021 pu, I=215.586 A, Breaker=CLOSE
[2026-05-12 23:46:42] Bus 2: V=0.980 pu, I=273.138 A, Breaker=CLOSE
[2026-05-12 23:46:42] Bus 3: V=0.990 pu, I=220.414 A, Breaker=CLOSE
[2026-05-12 23:46:42] Bus 4: V=0.962 pu, I=283.793 A, Breaker=CLOSE
[2026-05-12 23:46:42] Bus 5: V=1.044 pu, I=370.034 A, Breaker=CLOSE
DT_PATH_LAT,h2,1778604402.045087,48


[2026-05-12 23:46:46] Bus 1: V=1.040 pu, I=345.207 A, Breaker=CLOSE
[2026-05-12 23:46:46] Bus 2: V=0.980 pu, I=336.069 A, Breaker=CLOSE
[2026-05-12 23:46:46] Bus 3: V=0.950 pu, I=225.690 A, Breaker=CLOSE
[2026-05-12 23:46:46] Bus 4: V=0.992 pu, I=345.897 A, Breaker=CLOSE
[2026-05-12 23:46:46] Bus 5: V=1.015 pu, I=288.379 A, Breaker=CLOSE
DT_PATH_LAT,h2,1778604406.094770,49


[2026-05-12 23:46:50] Bus 1: V=1.040 pu, I=345.207 A, Breaker=CLOSE
[2026-05-12 23:46:50] Bus 2: V=0.980 pu, I=336.069 A, Breaker=CLOSE
[2026-05-12 23:46:50] Bus 3: V=0.950 pu, I=225.690 A, Breaker=CLOSE
[2026-05-12 23:46:50] Bus 4: V=0.992 pu, I=345.897 A, Breaker=CLOSE
[2026-05-12 23:46:50] Bus 5: V=1.015 pu, I=288.379 A, Breaker=CLOSE
DT_PATH_LAT,h2,1778604410.124603,50


[2026-05-12 23:46:54] Bus 1: V=0.994 pu, I=183.241 A, Breaker=CLOSE
[2026-05-12 23:46:54] Bus 2: V=0.997 pu, I=486.241 A, Breaker=CLOSE
[2026-05-12 23:46:54] Bus 3: V=1.029 pu, I=158.103 A, Breaker=CLOSE
[2026-05-12 23:46:54] Bus 4: V=0.958 pu, I=328.724 A, Breaker=CLOSE
[2026-05-12 23:46:54] Bus 5: V=1.013 pu, I=232.586 A, Breaker=CLOSE
DT_PATH_LAT,h2,1778604414.176715,51


[2026-05-12 23:46:58] Bus 1: V=1.031 pu, I=405.931 A, Breaker=CLOSE
[2026-05-12 23:46:58] Bus 2: V=1.017 pu, I=183.828 A, Breaker=CLOSE
[2026-05-12 23:46:58] Bus 3: V=0.969 pu, I=101.897 A, Breaker=CLOSE
[2026-05-12 23:46:58] Bus 4: V=0.974 pu, I=305.103 A, Breaker=CLOSE
[2026-05-12 23:46:58] Bus 5: V=1.034 pu, I=116.069 A, Breaker=CLOSE
DT_PATH_LAT,h2,1778604418.204336,52


[2026-05-12 23:47:02] Bus 1: V=0.991 pu, I=368.552 A, Breaker=CLOSE
[2026-05-12 23:47:02] Bus 2: V=0.969 pu, I=407.172 A, Breaker=CLOSE
[2026-05-12 23:47:02] Bus 3: V=0.999 pu, I=195.621 A, Breaker=CLOSE
[2026-05-12 23:47:02] Bus 4: V=1.015 pu, I=89.103 A, Breaker=CLOSE
[2026-05-12 23:47:02] Bus 5: V=1.025 pu, I=416.724 A, Breaker=CLOSE
DT_PATH_LAT,h2,1778604422.258492,53


[2026-05-12 23:47:06] Bus 1: V=0.960 pu, I=286.552 A, Breaker=CLOSE
[2026-05-12 23:47:06] Bus 2: V=0.967 pu, I=527.034 A, Breaker=CLOSE
[2026-05-12 23:47:06] Bus 3: V=1.001 pu, I=109.966 A, Breaker=CLOSE
[2026-05-12 23:47:06] Bus 4: V=0.974 pu, I=473.552 A, Breaker=CLOSE
[2026-05-12 23:47:06] Bus 5: V=0.995 pu, I=442.931 A, Breaker=CLOSE
DT_PATH_LAT,h2,1778604426.288522,54


[2026-05-12 23:47:10] Bus 1: V=0.960 pu, I=286.552 A, Breaker=CLOSE
[2026-05-12 23:47:10] Bus 2: V=0.967 pu, I=527.034 A, Breaker=CLOSE
[2026-05-12 23:47:10] Bus 3: V=1.001 pu, I=109.966 A, Breaker=CLOSE
[2026-05-12 23:47:10] Bus 4: V=0.974 pu, I=473.552 A, Breaker=CLOSE
[2026-05-12 23:47:10] Bus 5: V=0.995 pu, I=442.931 A, Breaker=CLOSE
DT_PATH_LAT,h2,1778604430.317645,55


[2026-05-12 23:47:14] Bus 1: V=1.016 pu, I=514.483 A, Breaker=CLOSE
[2026-05-12 23:47:14] Bus 2: V=1.009 pu, I=501.655 A, Breaker=CLOSE
[2026-05-12 23:47:14] Bus 3: V=1.039 pu, I=344.379 A, Breaker=CLOSE
[2026-05-12 23:47:14] Bus 4: V=1.021 pu, I=303.690 A, Breaker=CLOSE
[2026-05-12 23:47:14] Bus 5: V=1.033 pu, I=318.793 A, Breaker=CLOSE
DT_PATH_LAT,h2,1778604434.341405,56


[2026-05-12 23:47:18] Bus 1: V=1.039 pu, I=399.690 A, Breaker=CLOSE
[2026-05-12 23:47:18] Bus 2: V=0.997 pu, I=202.724 A, Breaker=CLOSE
[2026-05-12 23:47:18] Bus 3: V=0.974 pu, I=378.448 A, Breaker=CLOSE
[2026-05-12 23:47:18] Bus 4: V=1.026 pu, I=309.414 A, Breaker=CLOSE
[2026-05-12 23:47:18] Bus 5: V=1.012 pu, I=206.379 A, Breaker=CLOSE
DT_PATH_LAT,h2,1778604438.367397,57


[2026-05-12 23:47:22] Bus 1: V=0.957 pu, I=223.345 A, Breaker=CLOSE
[2026-05-12 23:47:22] Bus 2: V=0.977 pu, I=234.207 A, Breaker=CLOSE
[2026-05-12 23:47:22] Bus 3: V=1.004 pu, I=148.414 A, Breaker=CLOSE
[2026-05-12 23:47:22] Bus 4: V=0.973 pu, I=404.552 A, Breaker=CLOSE
[2026-05-12 23:47:22] Bus 5: V=1.020 pu, I=114.000 A, Breaker=CLOSE
DT_PATH_LAT,h2,1778604442.392576,58


[2026-05-12 23:47:26] Bus 1: V=0.990 pu, I=330.069 A, Breaker=CLOSE
[2026-05-12 23:47:26] Bus 2: V=0.991 pu, I=180.655 A, Breaker=CLOSE
[2026-05-12 23:47:26] Bus 3: V=0.992 pu, I=490.448 A, Breaker=CLOSE
[2026-05-12 23:47:26] Bus 4: V=1.008 pu, I=391.069 A, Breaker=CLOSE
[2026-05-12 23:47:26] Bus 5: V=1.035 pu, I=410.586 A, Breaker=CLOSE
DT_PATH_LAT,h2,1778604446.420759,59


[2026-05-12 23:47:30] Bus 1: V=0.990 pu, I=330.069 A, Breaker=CLOSE
[2026-05-12 23:47:30] Bus 2: V=0.991 pu, I=180.655 A, Breaker=CLOSE
[2026-05-12 23:47:30] Bus 3: V=0.992 pu, I=490.448 A, Breaker=CLOSE
[2026-05-12 23:47:30] Bus 4: V=1.008 pu, I=391.069 A, Breaker=CLOSE
[2026-05-12 23:47:30] Bus 5: V=1.035 pu, I=410.586 A, Breaker=CLOSE
DT_PATH_LAT,h2,1778604450.471615,60


[2026-05-12 23:47:34] Bus 1: V=0.988 pu, I=91.759 A, Breaker=CLOSE
[2026-05-12 23:47:34] Bus 2: V=0.985 pu, I=426.207 A, Breaker=CLOSE
[2026-05-12 23:47:34] Bus 3: V=1.035 pu, I=490.586 A, Breaker=CLOSE
[2026-05-12 23:47:34] Bus 4: V=0.991 pu, I=420.655 A, Breaker=CLOSE
[2026-05-12 23:47:34] Bus 5: V=1.004 pu, I=352.103 A, Breaker=CLOSE
DT_PATH_LAT,h2,1778604454.505406,61


[2026-05-12 23:47:38] Bus 1: V=0.972 pu, I=190.000 A, Breaker=CLOSE
[2026-05-12 23:47:38] Bus 2: V=0.993 pu, I=101.483 A, Breaker=CLOSE
[2026-05-12 23:47:38] Bus 3: V=0.983 pu, I=393.586 A, Breaker=CLOSE
[2026-05-12 23:47:38] Bus 4: V=0.990 pu, I=162.310 A, Breaker=CLOSE
[2026-05-12 23:47:38] Bus 5: V=0.996 pu, I=144.724 A, Breaker=CLOSE
DT_PATH_LAT,h2,1778604458.537118,62


[2026-05-12 23:47:42] Bus 1: V=1.012 pu, I=98.724 A, Breaker=CLOSE
[2026-05-12 23:47:42] Bus 2: V=0.989 pu, I=340.207 A, Breaker=CLOSE
[2026-05-12 23:47:42] Bus 3: V=0.952 pu, I=389.552 A, Breaker=CLOSE
[2026-05-12 23:47:42] Bus 4: V=0.963 pu, I=302.414 A, Breaker=CLOSE
[2026-05-12 23:47:42] Bus 5: V=0.955 pu, I=267.034 A, Breaker=CLOSE
DT_PATH_LAT,h2,1778604462.559762,63


[2026-05-12 23:47:46] Bus 1: V=0.971 pu, I=238.897 A, Breaker=CLOSE
[2026-05-12 23:47:46] Bus 2: V=1.026 pu, I=248.517 A, Breaker=CLOSE
[2026-05-12 23:47:46] Bus 3: V=1.025 pu, I=443.276 A, Breaker=CLOSE
[2026-05-12 23:47:46] Bus 4: V=0.975 pu, I=127.276 A, Breaker=CLOSE
[2026-05-12 23:47:46] Bus 5: V=0.951 pu, I=342.069 A, Breaker=CLOSE
DT_PATH_LAT,h2,1778604466.610226,64


[2026-05-12 23:47:50] Bus 1: V=0.971 pu, I=238.897 A, Breaker=CLOSE
[2026-05-12 23:47:50] Bus 2: V=1.026 pu, I=248.517 A, Breaker=CLOSE
[2026-05-12 23:47:50] Bus 3: V=1.025 pu, I=443.276 A, Breaker=CLOSE
[2026-05-12 23:47:50] Bus 4: V=0.975 pu, I=127.276 A, Breaker=CLOSE
[2026-05-12 23:47:50] Bus 5: V=0.951 pu, I=342.069 A, Breaker=CLOSE
DT_PATH_LAT,h2,1778604470.810112,65


[2026-05-12 23:47:54] Bus 1: V=1.049 pu, I=230.655 A, Breaker=CLOSE
[2026-05-12 23:47:54] Bus 2: V=1.015 pu, I=425.724 A, Breaker=CLOSE
[2026-05-12 23:47:54] Bus 3: V=1.015 pu, I=413.931 A, Breaker=CLOSE
[2026-05-12 23:47:54] Bus 4: V=1.044 pu, I=168.276 A, Breaker=CLOSE
[2026-05-12 23:47:54] Bus 5: V=0.952 pu, I=163.000 A, Breaker=CLOSE
DT_PATH_LAT,h2,1778604474.954361,66


[2026-05-12 23:47:58] Bus 1: V=0.962 pu, I=397.759 A, Breaker=CLOSE
[2026-05-12 23:47:58] Bus 2: V=1.006 pu, I=182.897 A, Breaker=CLOSE
[2026-05-12 23:47:58] Bus 3: V=1.019 pu, I=417.483 A, Breaker=CLOSE
[2026-05-12 23:47:58] Bus 4: V=0.966 pu, I=367.690 A, Breaker=CLOSE
[2026-05-12 23:47:58] Bus 5: V=1.024 pu, I=135.138 A, Breaker=CLOSE
DT_PATH_LAT,h2,1778604478.984317,67


[2026-05-12 23:48:03] Bus 1: V=1.031 pu, I=497.034 A, Breaker=CLOSE
[2026-05-12 23:48:03] Bus 2: V=0.960 pu, I=103.414 A, Breaker=CLOSE
[2026-05-12 23:48:03] Bus 3: V=0.981 pu, I=393.759 A, Breaker=CLOSE
[2026-05-12 23:48:03] Bus 4: V=1.045 pu, I=251.241 A, Breaker=CLOSE
[2026-05-12 23:48:03] Bus 5: V=1.021 pu, I=118.966 A, Breaker=CLOSE
DT_PATH_LAT,h2,1778604483.087186,68


[2026-05-12 23:48:07] Bus 1: V=1.019 pu, I=357.483 A, Breaker=CLOSE
[2026-05-12 23:48:07] Bus 2: V=0.960 pu, I=446.000 A, Breaker=CLOSE
[2026-05-12 23:48:07] Bus 3: V=1.035 pu, I=340.552 A, Breaker=CLOSE
[2026-05-12 23:48:07] Bus 4: V=0.962 pu, I=541.862 A, Breaker=CLOSE
[2026-05-12 23:48:07] Bus 5: V=1.028 pu, I=234.345 A, Breaker=CLOSE
DT_PATH_LAT,h2,1778604487.124619,69


[2026-05-12 23:48:11] Bus 1: V=1.019 pu, I=357.483 A, Breaker=CLOSE
[2026-05-12 23:48:11] Bus 2: V=0.960 pu, I=446.000 A, Breaker=CLOSE
[2026-05-12 23:48:11] Bus 3: V=1.035 pu, I=340.552 A, Breaker=CLOSE
[2026-05-12 23:48:11] Bus 4: V=0.962 pu, I=541.862 A, Breaker=CLOSE
[2026-05-12 23:48:11] Bus 5: V=1.028 pu, I=234.345 A, Breaker=CLOSE
DT_PATH_LAT,h2,1778604491.153961,70


[2026-05-12 23:48:15] Bus 1: V=0.992 pu, I=253.069 A, Breaker=CLOSE
[2026-05-12 23:48:15] Bus 2: V=1.000 pu, I=238.207 A, Breaker=CLOSE
[2026-05-12 23:48:15] Bus 3: V=1.034 pu, I=435.000 A, Breaker=CLOSE
[2026-05-12 23:48:15] Bus 4: V=0.960 pu, I=532.172 A, Breaker=CLOSE
[2026-05-12 23:48:15] Bus 5: V=1.013 pu, I=446.966 A, Breaker=CLOSE
DT_PATH_LAT,h2,1778604495.178458,71


[2026-05-12 23:48:19] Bus 1: V=1.020 pu, I=274.172 A, Breaker=CLOSE
[2026-05-12 23:48:19] Bus 2: V=1.023 pu, I=501.517 A, Breaker=CLOSE
[2026-05-12 23:48:19] Bus 3: V=0.977 pu, I=454.448 A, Breaker=CLOSE
[2026-05-12 23:48:19] Bus 4: V=1.003 pu, I=299.828 A, Breaker=CLOSE
[2026-05-12 23:48:19] Bus 5: V=0.993 pu, I=412.655 A, Breaker=CLOSE
DT_PATH_LAT,h2,1778604499.207806,72


[2026-05-12 23:48:23] Bus 1: V=0.976 pu, I=474.138 A, Breaker=CLOSE
[2026-05-12 23:48:23] Bus 2: V=1.033 pu, I=122.172 A, Breaker=CLOSE
[2026-05-12 23:48:23] Bus 3: V=1.038 pu, I=188.276 A, Breaker=CLOSE
[2026-05-12 23:48:23] Bus 4: V=0.996 pu, I=358.103 A, Breaker=CLOSE
[2026-05-12 23:48:23] Bus 5: V=0.987 pu, I=101.931 A, Breaker=CLOSE
DT_PATH_LAT,h2,1778604503.269350,73


[2026-05-12 23:48:28] Bus 1: V=1.035 pu, I=162.448 A, Breaker=CLOSE
[2026-05-12 23:48:28] Bus 2: V=0.971 pu, I=452.448 A, Breaker=CLOSE
[2026-05-12 23:48:28] Bus 3: V=0.984 pu, I=483.448 A, Breaker=CLOSE
[2026-05-12 23:48:28] Bus 4: V=1.020 pu, I=205.586 A, Breaker=CLOSE
[2026-05-12 23:48:28] Bus 5: V=0.951 pu, I=531.621 A, Breaker=CLOSE
DT_PATH_LAT,h2,1778604508.615996,74


[2026-05-12 23:48:32] Bus 1: V=0.958 pu, I=422.690 A, Breaker=CLOSE
[2026-05-12 23:48:32] Bus 2: V=0.998 pu, I=422.414 A, Breaker=CLOSE
[2026-05-12 23:48:32] Bus 3: V=1.019 pu, I=365.552 A, Breaker=CLOSE
[2026-05-12 23:48:32] Bus 4: V=0.999 pu, I=437.655 A, Breaker=CLOSE
[2026-05-12 23:48:32] Bus 5: V=0.959 pu, I=193.517 A, Breaker=CLOSE
DT_PATH_LAT,h2,1778604512.661146,75


[2026-05-12 23:48:36] Bus 1: V=0.958 pu, I=422.690 A, Breaker=CLOSE
[2026-05-12 23:48:36] Bus 2: V=0.998 pu, I=422.414 A, Breaker=CLOSE
[2026-05-12 23:48:36] Bus 3: V=1.019 pu, I=365.552 A, Breaker=CLOSE
[2026-05-12 23:48:36] Bus 4: V=0.999 pu, I=437.655 A, Breaker=CLOSE
[2026-05-12 23:48:36] Bus 5: V=0.959 pu, I=193.517 A, Breaker=CLOSE
DT_PATH_LAT,h2,1778604516.716284,76


[2026-05-12 23:48:40] Bus 1: V=1.019 pu, I=218.724 A, Breaker=CLOSE
[2026-05-12 23:48:40] Bus 2: V=1.008 pu, I=294.069 A, Breaker=CLOSE
[2026-05-12 23:48:40] Bus 3: V=1.003 pu, I=274.586 A, Breaker=CLOSE
[2026-05-12 23:48:40] Bus 4: V=1.024 pu, I=228.138 A, Breaker=CLOSE
[2026-05-12 23:48:40] Bus 5: V=1.020 pu, I=203.241 A, Breaker=CLOSE
DT_PATH_LAT,h2,1778604520.775497,77


[2026-05-12 23:48:44] Bus 1: V=0.975 pu, I=144.793 A, Breaker=CLOSE
[2026-05-12 23:48:44] Bus 2: V=0.969 pu, I=145.172 A, Breaker=CLOSE
[2026-05-12 23:48:44] Bus 3: V=1.003 pu, I=422.207 A, Breaker=CLOSE
[2026-05-12 23:48:44] Bus 4: V=0.968 pu, I=189.310 A, Breaker=CLOSE
[2026-05-12 23:48:44] Bus 5: V=0.998 pu, I=407.793 A, Breaker=CLOSE
DT_PATH_LAT,h2,1778604524.800659,78


[2026-05-12 23:48:48] Bus 1: V=1.047 pu, I=304.586 A, Breaker=CLOSE
[2026-05-12 23:48:48] Bus 2: V=0.978 pu, I=135.276 A, Breaker=CLOSE
[2026-05-12 23:48:48] Bus 3: V=0.969 pu, I=194.172 A, Breaker=CLOSE
[2026-05-12 23:48:48] Bus 4: V=0.967 pu, I=97.414 A, Breaker=CLOSE
[2026-05-12 23:48:48] Bus 5: V=1.003 pu, I=208.138 A, Breaker=CLOSE
DT_PATH_LAT,h2,1778604528.828791,79


[2026-05-12 23:48:52] Bus 1: V=1.047 pu, I=316.724 A, Breaker=CLOSE
[2026-05-12 23:48:52] Bus 2: V=1.019 pu, I=140.897 A, Breaker=CLOSE
[2026-05-12 23:48:52] Bus 3: V=1.036 pu, I=293.414 A, Breaker=CLOSE
[2026-05-12 23:48:52] Bus 4: V=1.037 pu, I=328.621 A, Breaker=CLOSE
[2026-05-12 23:48:52] Bus 5: V=0.996 pu, I=282.897 A, Breaker=CLOSE
DT_PATH_LAT,h2,1778604532.852492,80


[2026-05-12 23:48:56] Bus 1: V=1.047 pu, I=316.724 A, Breaker=CLOSE
[2026-05-12 23:48:56] Bus 2: V=1.019 pu, I=140.897 A, Breaker=CLOSE
[2026-05-12 23:48:56] Bus 3: V=1.036 pu, I=293.414 A, Breaker=CLOSE
[2026-05-12 23:48:56] Bus 4: V=1.037 pu, I=328.621 A, Breaker=CLOSE
[2026-05-12 23:48:56] Bus 5: V=0.996 pu, I=282.897 A, Breaker=CLOSE
DT_PATH_LAT,h2,1778604536.888477,81


[2026-05-12 23:49:00] Bus 1: V=0.968 pu, I=114.310 A, Breaker=CLOSE
[2026-05-12 23:49:00] Bus 2: V=1.044 pu, I=285.828 A, Breaker=CLOSE
[2026-05-12 23:49:00] Bus 3: V=1.032 pu, I=256.276 A, Breaker=CLOSE
[2026-05-12 23:49:00] Bus 4: V=0.957 pu, I=381.517 A, Breaker=CLOSE
[2026-05-12 23:49:00] Bus 5: V=0.955 pu, I=160.966 A, Breaker=CLOSE
DT_PATH_LAT,h2,1778604541.000353,82


[2026-05-12 23:49:05] Bus 1: V=1.006 pu, I=220.483 A, Breaker=CLOSE
[2026-05-12 23:49:05] Bus 2: V=1.049 pu, I=133.621 A, Breaker=CLOSE
[2026-05-12 23:49:05] Bus 3: V=1.026 pu, I=345.931 A, Breaker=CLOSE
[2026-05-12 23:49:05] Bus 4: V=1.029 pu, I=182.138 A, Breaker=CLOSE
[2026-05-12 23:49:05] Bus 5: V=1.002 pu, I=285.828 A, Breaker=CLOSE
DT_PATH_LAT,h2,1778604545.023857,83


[2026-05-12 23:49:09] Bus 1: V=0.994 pu, I=469.552 A, Breaker=CLOSE
[2026-05-12 23:49:09] Bus 2: V=1.049 pu, I=212.138 A, Breaker=CLOSE
[2026-05-12 23:49:09] Bus 3: V=1.012 pu, I=352.276 A, Breaker=CLOSE
[2026-05-12 23:49:09] Bus 4: V=1.024 pu, I=493.517 A, Breaker=CLOSE
[2026-05-12 23:49:09] Bus 5: V=0.970 pu, I=186.448 A, Breaker=CLOSE
DT_PATH_LAT,h2,1778604549.069420,84


[2026-05-12 23:49:13] Bus 1: V=1.016 pu, I=154.759 A, Breaker=CLOSE
[2026-05-12 23:49:13] Bus 2: V=0.967 pu, I=125.207 A, Breaker=CLOSE
[2026-05-12 23:49:13] Bus 3: V=0.950 pu, I=301.448 A, Breaker=CLOSE
[2026-05-12 23:49:13] Bus 4: V=1.009 pu, I=214.310 A, Breaker=CLOSE
[2026-05-12 23:49:13] Bus 5: V=0.973 pu, I=410.414 A, Breaker=CLOSE
DT_PATH_LAT,h2,1778604553.099847,85


[2026-05-12 23:49:17] Bus 1: V=1.020 pu, I=282.276 A, Breaker=CLOSE
[2026-05-12 23:49:17] Bus 2: V=1.018 pu, I=485.828 A, Breaker=CLOSE
[2026-05-12 23:49:17] Bus 3: V=1.028 pu, I=353.172 A, Breaker=CLOSE
[2026-05-12 23:49:17] Bus 4: V=1.016 pu, I=491.310 A, Breaker=CLOSE
[2026-05-12 23:49:17] Bus 5: V=0.992 pu, I=330.345 A, Breaker=CLOSE
DT_PATH_LAT,h2,1778604557.371520,86


[2026-05-12 23:49:21] Bus 1: V=1.020 pu, I=282.276 A, Breaker=CLOSE
[2026-05-12 23:49:21] Bus 2: V=1.018 pu, I=485.828 A, Breaker=CLOSE
[2026-05-12 23:49:21] Bus 3: V=1.028 pu, I=353.172 A, Breaker=CLOSE
[2026-05-12 23:49:21] Bus 4: V=1.016 pu, I=491.310 A, Breaker=CLOSE
[2026-05-12 23:49:21] Bus 5: V=0.992 pu, I=330.345 A, Breaker=CLOSE
DT_PATH_LAT,h2,1778604561.691358,87


[2026-05-12 23:49:25] Bus 1: V=1.014 pu, I=481.000 A, Breaker=CLOSE
[2026-05-12 23:49:25] Bus 2: V=1.032 pu, I=115.724 A, Breaker=CLOSE
[2026-05-12 23:49:25] Bus 3: V=0.966 pu, I=231.241 A, Breaker=CLOSE
[2026-05-12 23:49:25] Bus 4: V=1.024 pu, I=330.517 A, Breaker=CLOSE
[2026-05-12 23:49:25] Bus 5: V=0.978 pu, I=145.897 A, Breaker=CLOSE
DT_PATH_LAT,h2,1778604565.721145,88


[2026-05-12 23:49:29] Bus 1: V=1.018 pu, I=388.862 A, Breaker=CLOSE
[2026-05-12 23:49:29] Bus 2: V=1.044 pu, I=295.379 A, Breaker=CLOSE
[2026-05-12 23:49:29] Bus 3: V=0.999 pu, I=123.552 A, Breaker=CLOSE
[2026-05-12 23:49:29] Bus 4: V=0.953 pu, I=291.759 A, Breaker=CLOSE
[2026-05-12 23:49:29] Bus 5: V=0.982 pu, I=201.897 A, Breaker=CLOSE
DT_PATH_LAT,h2,1778604569.751427,89


[2026-05-12 23:49:34] Bus 1: V=0.959 pu, I=533.483 A, Breaker=CLOSE
[2026-05-12 23:49:34] Bus 2: V=1.033 pu, I=330.276 A, Breaker=CLOSE
[2026-05-12 23:49:34] Bus 3: V=1.045 pu, I=505.483 A, Breaker=CLOSE
[2026-05-12 23:49:34] Bus 4: V=1.017 pu, I=203.241 A, Breaker=CLOSE
[2026-05-12 23:49:34] Bus 5: V=0.954 pu, I=441.414 A, Breaker=CLOSE
DT_PATH_LAT,h2,1778604574.332684,90


[2026-05-12 23:49:38] Bus 1: V=0.997 pu, I=376.103 A, Breaker=CLOSE
[2026-05-12 23:49:38] Bus 2: V=1.041 pu, I=161.276 A, Breaker=CLOSE
[2026-05-12 23:49:38] Bus 3: V=1.008 pu, I=364.517 A, Breaker=CLOSE
[2026-05-12 23:49:38] Bus 4: V=0.999 pu, I=128.345 A, Breaker=CLOSE
[2026-05-12 23:49:38] Bus 5: V=0.984 pu, I=238.483 A, Breaker=CLOSE
DT_PATH_LAT,h2,1778604578.366470,91


[2026-05-12 23:49:42] Bus 1: V=0.997 pu, I=376.103 A, Breaker=CLOSE
[2026-05-12 23:49:42] Bus 2: V=1.041 pu, I=161.276 A, Breaker=CLOSE
[2026-05-12 23:49:42] Bus 3: V=1.008 pu, I=364.517 A, Breaker=CLOSE
[2026-05-12 23:49:42] Bus 4: V=1.031 pu, I=320.276 A, Breaker=CLOSE
[2026-05-12 23:49:42] Bus 5: V=0.995 pu, I=227.586 A, Breaker=CLOSE
DT_PATH_LAT,h2,1778604582.392656,92


[2026-05-12 23:49:46] Bus 1: V=1.017 pu, I=458.000 A, Breaker=CLOSE
[2026-05-12 23:49:46] Bus 2: V=0.982 pu, I=400.345 A, Breaker=CLOSE
[2026-05-12 23:49:46] Bus 3: V=0.978 pu, I=515.241 A, Breaker=CLOSE
[2026-05-12 23:49:46] Bus 4: V=1.031 pu, I=320.276 A, Breaker=CLOSE
[2026-05-12 23:49:46] Bus 5: V=0.995 pu, I=227.586 A, Breaker=CLOSE
DT_PATH_LAT,h2,1778604586.421741,93


[2026-05-12 23:49:50] Bus 1: V=0.982 pu, I=524.586 A, Breaker=CLOSE
[2026-05-12 23:49:50] Bus 2: V=0.990 pu, I=317.724 A, Breaker=CLOSE
[2026-05-12 23:49:50] Bus 3: V=1.048 pu, I=360.103 A, Breaker=CLOSE
[2026-05-12 23:49:50] Bus 4: V=1.004 pu, I=268.897 A, Breaker=CLOSE
[2026-05-12 23:49:50] Bus 5: V=0.968 pu, I=255.379 A, Breaker=CLOSE
DT_PATH_LAT,h2,1778604590.635750,94


[2026-05-12 23:49:54] Bus 1: V=1.025 pu, I=354.379 A, Breaker=CLOSE
[2026-05-12 23:49:54] Bus 2: V=1.025 pu, I=173.207 A, Breaker=CLOSE
[2026-05-12 23:49:54] Bus 3: V=1.004 pu, I=494.172 A, Breaker=CLOSE
[2026-05-12 23:49:54] Bus 4: V=0.993 pu, I=398.034 A, Breaker=CLOSE
[2026-05-12 23:49:54] Bus 5: V=0.962 pu, I=536.966 A, Breaker=CLOSE
DT_PATH_LAT,h2,1778604594.658974,95


[2026-05-12 23:49:58] Bus 1: V=1.010 pu, I=191.345 A, Breaker=CLOSE
[2026-05-12 23:49:58] Bus 2: V=0.965 pu, I=342.345 A, Breaker=CLOSE
[2026-05-12 23:49:58] Bus 3: V=1.005 pu, I=128.448 A, Breaker=CLOSE
[2026-05-12 23:49:58] Bus 4: V=1.049 pu, I=467.103 A, Breaker=CLOSE
[2026-05-12 23:49:58] Bus 5: V=0.996 pu, I=140.345 A, Breaker=CLOSE
DT_PATH_LAT,h2,1778604598.751901,96


[2026-05-12 23:50:02] Bus 1: V=1.033 pu, I=297.655 A, Breaker=CLOSE
[2026-05-12 23:50:02] Bus 2: V=1.021 pu, I=305.552 A, Breaker=CLOSE
[2026-05-12 23:50:02] Bus 3: V=0.977 pu, I=466.241 A, Breaker=CLOSE
[2026-05-12 23:50:02] Bus 4: V=1.048 pu, I=186.448 A, Breaker=CLOSE
[2026-05-12 23:50:02] Bus 5: V=1.005 pu, I=255.690 A, Breaker=CLOSE
DT_PATH_LAT,h2,1778604602.894338,97


[2026-05-12 23:50:06] Bus 1: V=1.033 pu, I=297.655 A, Breaker=CLOSE
[2026-05-12 23:50:06] Bus 2: V=1.021 pu, I=305.552 A, Breaker=CLOSE
[2026-05-12 23:50:06] Bus 3: V=0.977 pu, I=466.241 A, Breaker=CLOSE
[2026-05-12 23:50:06] Bus 4: V=1.048 pu, I=186.448 A, Breaker=CLOSE
[2026-05-12 23:50:06] Bus 5: V=1.005 pu, I=255.690 A, Breaker=CLOSE
DT_PATH_LAT,h2,1778604606.917198,98


[2026-05-12 23:50:10] Bus 1: V=1.042 pu, I=299.276 A, Breaker=CLOSE
[2026-05-12 23:50:10] Bus 2: V=1.037 pu, I=451.448 A, Breaker=CLOSE
[2026-05-12 23:50:10] Bus 3: V=0.977 pu, I=445.966 A, Breaker=CLOSE
[2026-05-12 23:50:10] Bus 4: V=0.991 pu, I=503.793 A, Breaker=CLOSE
[2026-05-12 23:50:10] Bus 5: V=1.000 pu, I=449.069 A, Breaker=CLOSE
DT_PATH_LAT,h2,1778604610.938886,99


[2026-05-12 23:50:14] Bus 1: V=0.978 pu, I=224.414 A, Breaker=CLOSE
[2026-05-12 23:50:14] Bus 2: V=1.008 pu, I=523.414 A, Breaker=CLOSE
[2026-05-12 23:50:14] Bus 3: V=0.998 pu, I=153.655 A, Breaker=CLOSE
[2026-05-12 23:50:14] Bus 4: V=1.003 pu, I=239.138 A, Breaker=CLOSE
[2026-05-12 23:50:14] Bus 5: V=1.005 pu, I=325.690 A, Breaker=CLOSE
DT_PATH_LAT,h2,1778604615.000487,100


[2026-05-12 23:50:19] Bus 1: V=0.995 pu, I=230.793 A, Breaker=CLOSE
[2026-05-12 23:50:19] Bus 2: V=0.968 pu, I=407.931 A, Breaker=CLOSE
[2026-05-12 23:50:19] Bus 3: V=1.007 pu, I=189.552 A, Breaker=CLOSE
[2026-05-12 23:50:19] Bus 4: V=1.027 pu, I=104.414 A, Breaker=CLOSE
[2026-05-12 23:50:19] Bus 5: V=1.024 pu, I=389.103 A, Breaker=CLOSE
DT_PATH_LAT,h2,1778604619.045520,101


[2026-05-12 23:50:23] Bus 1: V=1.031 pu, I=250.276 A, Breaker=CLOSE
[2026-05-12 23:50:23] Bus 2: V=1.016 pu, I=442.276 A, Breaker=CLOSE
[2026-05-12 23:50:23] Bus 3: V=1.048 pu, I=292.138 A, Breaker=CLOSE
[2026-05-12 23:50:23] Bus 4: V=0.953 pu, I=324.276 A, Breaker=CLOSE
[2026-05-12 23:50:23] Bus 5: V=1.009 pu, I=466.862 A, Breaker=CLOSE
DT_PATH_LAT,h2,1778604623.077373,102


[2026-05-12 23:50:27] Bus 1: V=1.031 pu, I=250.276 A, Breaker=CLOSE
[2026-05-12 23:50:27] Bus 2: V=1.016 pu, I=442.276 A, Breaker=CLOSE
[2026-05-12 23:50:27] Bus 3: V=1.048 pu, I=292.138 A, Breaker=CLOSE
[2026-05-12 23:50:27] Bus 4: V=0.953 pu, I=324.276 A, Breaker=CLOSE
[2026-05-12 23:50:27] Bus 5: V=1.009 pu, I=466.862 A, Breaker=CLOSE
DT_PATH_LAT,h2,1778604627.146528,103


[2026-05-12 23:50:31] Bus 1: V=1.037 pu, I=271.793 A, Breaker=CLOSE
[2026-05-12 23:50:31] Bus 2: V=1.002 pu, I=288.552 A, Breaker=CLOSE
[2026-05-12 23:50:31] Bus 3: V=1.022 pu, I=262.759 A, Breaker=CLOSE
[2026-05-12 23:50:31] Bus 4: V=1.015 pu, I=153.655 A, Breaker=CLOSE
[2026-05-12 23:50:31] Bus 5: V=0.996 pu, I=516.448 A, Breaker=CLOSE
DT_PATH_LAT,h2,1778604631.185560,104


[2026-05-12 23:50:35] Bus 1: V=0.983 pu, I=399.586 A, Breaker=CLOSE
[2026-05-12 23:50:35] Bus 2: V=1.014 pu, I=456.345 A, Breaker=CLOSE
[2026-05-12 23:50:35] Bus 3: V=1.035 pu, I=450.621 A, Breaker=CLOSE
[2026-05-12 23:50:35] Bus 4: V=0.988 pu, I=230.276 A, Breaker=CLOSE
[2026-05-12 23:50:35] Bus 5: V=1.021 pu, I=413.448 A, Breaker=CLOSE
DT_PATH_LAT,h2,1778604635.452553,105


[2026-05-12 23:50:39] Bus 1: V=1.037 pu, I=100.138 A, Breaker=CLOSE
[2026-05-12 23:50:39] Bus 2: V=0.956 pu, I=382.517 A, Breaker=CLOSE
[2026-05-12 23:50:39] Bus 3: V=1.042 pu, I=506.000 A, Breaker=CLOSE
[2026-05-12 23:50:39] Bus 4: V=1.024 pu, I=272.448 A, Breaker=CLOSE
[2026-05-12 23:50:39] Bus 5: V=0.959 pu, I=382.517 A, Breaker=CLOSE
DT_PATH_LAT,h2,1778604639.719939,106


[2026-05-12 23:50:44] Bus 1: V=1.037 pu, I=100.138 A, Breaker=CLOSE
[2026-05-12 23:50:44] Bus 2: V=0.956 pu, I=382.517 A, Breaker=CLOSE
[2026-05-12 23:50:44] Bus 3: V=1.042 pu, I=506.000 A, Breaker=CLOSE
[2026-05-12 23:50:44] Bus 4: V=0.979 pu, I=258.483 A, Breaker=CLOSE
[2026-05-12 23:50:44] Bus 5: V=0.964 pu, I=333.828 A, Breaker=CLOSE
DT_PATH_LAT,h2,1778604644.985073,107


[2026-05-12 23:50:48] Bus 1: V=1.037 pu, I=273.276 A, Breaker=CLOSE
[2026-05-12 23:50:48] Bus 2: V=1.019 pu, I=476.655 A, Breaker=CLOSE
[2026-05-12 23:50:48] Bus 3: V=0.954 pu, I=459.552 A, Breaker=CLOSE
[2026-05-12 23:50:48] Bus 4: V=0.979 pu, I=258.483 A, Breaker=CLOSE
[2026-05-12 23:50:48] Bus 5: V=0.964 pu, I=333.828 A, Breaker=CLOSE
DT_PATH_LAT,h2,1778604649.009352,108


[2026-05-12 23:50:53] Bus 1: V=1.006 pu, I=434.207 A, Breaker=CLOSE
[2026-05-12 23:50:53] Bus 2: V=0.966 pu, I=127.034 A, Breaker=CLOSE
[2026-05-12 23:50:53] Bus 3: V=1.037 pu, I=348.069 A, Breaker=CLOSE
[2026-05-12 23:50:53] Bus 4: V=0.974 pu, I=503.103 A, Breaker=CLOSE
[2026-05-12 23:50:53] Bus 5: V=0.964 pu, I=301.931 A, Breaker=CLOSE
DT_PATH_LAT,h2,1778604653.043154,109


[2026-05-12 23:50:57] Bus 1: V=0.975 pu, I=205.552 A, Breaker=CLOSE
[2026-05-12 23:50:57] Bus 2: V=0.950 pu, I=465.241 A, Breaker=CLOSE
[2026-05-12 23:50:57] Bus 3: V=1.040 pu, I=371.552 A, Breaker=CLOSE
[2026-05-12 23:50:57] Bus 4: V=0.965 pu, I=292.586 A, Breaker=CLOSE
[2026-05-12 23:50:57] Bus 5: V=0.984 pu, I=352.276 A, Breaker=CLOSE
DT_PATH_LAT,h2,1778604657.071875,110


[2026-05-12 23:51:01] Bus 1: V=1.013 pu, I=271.138 A, Breaker=CLOSE
[2026-05-12 23:51:01] Bus 2: V=0.975 pu, I=472.138 A, Breaker=CLOSE
[2026-05-12 23:51:01] Bus 3: V=0.969 pu, I=265.448 A, Breaker=CLOSE
[2026-05-12 23:51:01] Bus 4: V=0.998 pu, I=192.862 A, Breaker=CLOSE
[2026-05-12 23:51:01] Bus 5: V=1.007 pu, I=338.759 A, Breaker=CLOSE
DT_PATH_LAT,h2,1778604661.099779,111


[2026-05-12 23:51:05] Bus 1: V=1.013 pu, I=271.138 A, Breaker=CLOSE
[2026-05-12 23:51:05] Bus 2: V=0.975 pu, I=472.138 A, Breaker=CLOSE
[2026-05-12 23:51:05] Bus 3: V=0.969 pu, I=265.448 A, Breaker=CLOSE
[2026-05-12 23:51:05] Bus 4: V=0.998 pu, I=192.862 A, Breaker=CLOSE
[2026-05-12 23:51:05] Bus 5: V=1.007 pu, I=338.759 A, Breaker=CLOSE
DT_PATH_LAT,h2,1778604665.126067,112


[2026-05-12 23:51:09] Bus 1: V=1.049 pu, I=207.828 A, Breaker=CLOSE
[2026-05-12 23:51:09] Bus 2: V=1.047 pu, I=360.690 A, Breaker=CLOSE
[2026-05-12 23:51:09] Bus 3: V=0.977 pu, I=345.069 A, Breaker=CLOSE
[2026-05-12 23:51:09] Bus 4: V=1.018 pu, I=408.414 A, Breaker=CLOSE
[2026-05-12 23:51:09] Bus 5: V=0.954 pu, I=371.897 A, Breaker=CLOSE
DT_PATH_LAT,h2,1778604669.149688,113


[2026-05-12 23:51:13] Bus 1: V=0.999 pu, I=486.414 A, Breaker=CLOSE
[2026-05-12 23:51:13] Bus 2: V=0.978 pu, I=449.483 A, Breaker=CLOSE
[2026-05-12 23:51:13] Bus 3: V=1.010 pu, I=240.655 A, Breaker=CLOSE
[2026-05-12 23:51:13] Bus 4: V=1.013 pu, I=356.621 A, Breaker=CLOSE
[2026-05-12 23:51:13] Bus 5: V=1.017 pu, I=398.483 A, Breaker=CLOSE
DT_PATH_LAT,h2,1778604673.190154,114


[2026-05-12 23:51:17] Bus 1: V=1.015 pu, I=450.103 A, Breaker=CLOSE
[2026-05-12 23:51:17] Bus 2: V=1.012 pu, I=479.759 A, Breaker=CLOSE
[2026-05-12 23:51:17] Bus 3: V=1.014 pu, I=220.862 A, Breaker=CLOSE
[2026-05-12 23:51:17] Bus 4: V=0.994 pu, I=345.345 A, Breaker=CLOSE
[2026-05-12 23:51:17] Bus 5: V=1.023 pu, I=124.862 A, Breaker=CLOSE
DT_PATH_LAT,h2,1778604677.219096,115


[2026-05-12 23:51:21] Bus 1: V=0.979 pu, I=425.966 A, Breaker=CLOSE
[2026-05-12 23:51:21] Bus 2: V=0.967 pu, I=151.172 A, Breaker=CLOSE
[2026-05-12 23:51:21] Bus 3: V=1.003 pu, I=513.862 A, Breaker=CLOSE
[2026-05-12 23:51:21] Bus 4: V=1.003 pu, I=488.828 A, Breaker=CLOSE
[2026-05-12 23:51:21] Bus 5: V=1.033 pu, I=194.793 A, Breaker=CLOSE
DT_PATH_LAT,h2,1778604681.243504,116


[2026-05-12 23:51:25] Bus 1: V=0.979 pu, I=425.966 A, Breaker=CLOSE
[2026-05-12 23:51:25] Bus 2: V=0.967 pu, I=151.172 A, Breaker=CLOSE
[2026-05-12 23:51:25] Bus 3: V=1.003 pu, I=513.862 A, Breaker=CLOSE
[2026-05-12 23:51:25] Bus 4: V=1.003 pu, I=488.828 A, Breaker=CLOSE
[2026-05-12 23:51:25] Bus 5: V=1.033 pu, I=194.793 A, Breaker=CLOSE
DT_PATH_LAT,h2,1778604685.279909,117


[2026-05-12 23:51:29] Bus 1: V=1.032 pu, I=290.828 A, Breaker=CLOSE
[2026-05-12 23:51:29] Bus 2: V=1.030 pu, I=404.448 A, Breaker=CLOSE
[2026-05-12 23:51:29] Bus 3: V=0.983 pu, I=141.069 A, Breaker=CLOSE
[2026-05-12 23:51:29] Bus 4: V=1.046 pu, I=143.414 A, Breaker=CLOSE
[2026-05-12 23:51:29] Bus 5: V=1.046 pu, I=446.034 A, Breaker=CLOSE
DT_PATH_LAT,h2,1778604689.313594,118


[2026-05-12 23:51:33] Bus 1: V=1.022 pu, I=508.207 A, Breaker=CLOSE
[2026-05-12 23:51:33] Bus 2: V=1.046 pu, I=422.655 A, Breaker=CLOSE
[2026-05-12 23:51:33] Bus 3: V=0.986 pu, I=442.207 A, Breaker=CLOSE
[2026-05-12 23:51:33] Bus 4: V=0.951 pu, I=340.931 A, Breaker=CLOSE
[2026-05-12 23:51:33] Bus 5: V=0.995 pu, I=386.103 A, Breaker=CLOSE
DT_PATH_LAT,h2,1778604693.357663,119


[2026-05-12 23:51:37] Bus 1: V=1.017 pu, I=339.655 A, Breaker=CLOSE
[2026-05-12 23:51:37] Bus 2: V=1.032 pu, I=486.483 A, Breaker=CLOSE
[2026-05-12 23:51:37] Bus 3: V=0.960 pu, I=198.828 A, Breaker=CLOSE
[2026-05-12 23:51:37] Bus 4: V=0.952 pu, I=501.276 A, Breaker=CLOSE
[2026-05-12 23:51:37] Bus 5: V=1.006 pu, I=488.138 A, Breaker=CLOSE
DT_PATH_LAT,h2,1778604697.388454,120


[2026-05-12 23:51:41] Bus 1: V=0.972 pu, I=119.207 A, Breaker=CLOSE
[2026-05-12 23:51:41] Bus 2: V=1.032 pu, I=473.207 A, Breaker=CLOSE
[2026-05-12 23:51:41] Bus 3: V=0.980 pu, I=273.276 A, Breaker=CLOSE
[2026-05-12 23:51:41] Bus 4: V=0.963 pu, I=523.655 A, Breaker=CLOSE
[2026-05-12 23:51:41] Bus 5: V=0.980 pu, I=311.103 A, Breaker=CLOSE
DT_PATH_LAT,h2,1778604701.423302,121


[2026-05-12 23:51:45] Bus 1: V=0.972 pu, I=119.207 A, Breaker=CLOSE
[2026-05-12 23:51:45] Bus 2: V=1.032 pu, I=473.207 A, Breaker=CLOSE
[2026-05-12 23:51:45] Bus 3: V=0.980 pu, I=273.276 A, Breaker=CLOSE
[2026-05-12 23:51:45] Bus 4: V=0.963 pu, I=523.655 A, Breaker=CLOSE
[2026-05-12 23:51:45] Bus 5: V=0.980 pu, I=311.103 A, Breaker=CLOSE
DT_PATH_LAT,h2,1778604705.456255,122


[2026-05-12 23:51:49] Bus 1: V=0.959 pu, I=498.897 A, Breaker=CLOSE
[2026-05-12 23:51:49] Bus 2: V=0.963 pu, I=298.724 A, Breaker=CLOSE
[2026-05-12 23:51:49] Bus 3: V=1.017 pu, I=408.379 A, Breaker=CLOSE
[2026-05-12 23:51:49] Bus 4: V=1.044 pu, I=261.000 A, Breaker=CLOSE
[2026-05-12 23:51:49] Bus 5: V=1.024 pu, I=152.414 A, Breaker=CLOSE
DT_PATH_LAT,h2,1778604709.546909,123


[2026-05-12 23:51:53] Bus 1: V=0.991 pu, I=132.793 A, Breaker=CLOSE
[2026-05-12 23:51:53] Bus 2: V=0.998 pu, I=268.069 A, Breaker=CLOSE
[2026-05-12 23:51:53] Bus 3: V=1.045 pu, I=98.034 A, Breaker=CLOSE
[2026-05-12 23:51:53] Bus 4: V=0.987 pu, I=287.034 A, Breaker=CLOSE
[2026-05-12 23:51:53] Bus 5: V=1.045 pu, I=444.759 A, Breaker=CLOSE
DT_PATH_LAT,h2,1778604713.597943,124


[2026-05-12 23:51:57] Bus 1: V=0.959 pu, I=406.310 A, Breaker=CLOSE
[2026-05-12 23:51:57] Bus 2: V=1.004 pu, I=516.379 A, Breaker=CLOSE
[2026-05-12 23:51:57] Bus 3: V=0.985 pu, I=267.172 A, Breaker=CLOSE
[2026-05-12 23:51:57] Bus 4: V=0.968 pu, I=146.414 A, Breaker=CLOSE
[2026-05-12 23:51:57] Bus 5: V=1.034 pu, I=278.621 A, Breaker=CLOSE
DT_PATH_LAT,h2,1778604717.858293,125


[2026-05-12 23:52:02] Bus 1: V=1.016 pu, I=364.724 A, Breaker=CLOSE
[2026-05-12 23:52:02] Bus 2: V=1.009 pu, I=96.517 A, Breaker=CLOSE
[2026-05-12 23:52:02] Bus 3: V=1.028 pu, I=189.897 A, Breaker=CLOSE
[2026-05-12 23:52:02] Bus 4: V=0.962 pu, I=349.793 A, Breaker=CLOSE
[2026-05-12 23:52:02] Bus 5: V=0.956 pu, I=444.207 A, Breaker=CLOSE
DT_PATH_LAT,h2,1778604722.210825,126


[2026-05-12 23:52:06] Bus 1: V=1.016 pu, I=364.724 A, Breaker=CLOSE
[2026-05-12 23:52:06] Bus 2: V=1.009 pu, I=96.517 A, Breaker=CLOSE
[2026-05-12 23:52:06] Bus 3: V=1.028 pu, I=189.897 A, Breaker=CLOSE
[2026-05-12 23:52:06] Bus 4: V=0.962 pu, I=349.793 A, Breaker=CLOSE
[2026-05-12 23:52:06] Bus 5: V=0.956 pu, I=444.207 A, Breaker=CLOSE
DT_PATH_LAT,h2,1778604726.416905,127


[2026-05-12 23:52:10] Bus 1: V=0.970 pu, I=188.690 A, Breaker=CLOSE
[2026-05-12 23:52:10] Bus 2: V=1.036 pu, I=224.448 A, Breaker=CLOSE
[2026-05-12 23:52:10] Bus 3: V=0.964 pu, I=502.345 A, Breaker=CLOSE
[2026-05-12 23:52:10] Bus 4: V=0.950 pu, I=490.483 A, Breaker=CLOSE
[2026-05-12 23:52:10] Bus 5: V=0.964 pu, I=150.655 A, Breaker=CLOSE
DT_PATH_LAT,h2,1778604730.516862,128


[2026-05-12 23:52:14] Bus 1: V=0.975 pu, I=169.138 A, Breaker=CLOSE
[2026-05-12 23:52:14] Bus 2: V=1.016 pu, I=97.828 A, Breaker=CLOSE
[2026-05-12 23:52:14] Bus 3: V=0.951 pu, I=458.207 A, Breaker=CLOSE
[2026-05-12 23:52:14] Bus 4: V=0.973 pu, I=236.862 A, Breaker=CLOSE
[2026-05-12 23:52:14] Bus 5: V=0.967 pu, I=114.897 A, Breaker=CLOSE
DT_PATH_LAT,h2,1778604734.553061,129


[2026-05-12 23:52:18] Bus 1: V=1.024 pu, I=312.207 A, Breaker=CLOSE
[2026-05-12 23:52:18] Bus 2: V=1.024 pu, I=290.655 A, Breaker=CLOSE
[2026-05-12 23:52:18] Bus 3: V=1.027 pu, I=305.586 A, Breaker=CLOSE
[2026-05-12 23:52:18] Bus 4: V=0.960 pu, I=322.552 A, Breaker=CLOSE
[2026-05-12 23:52:18] Bus 5: V=1.044 pu, I=102.586 A, Breaker=CLOSE
DT_PATH_LAT,h2,1778604738.583537,130


[2026-05-12 23:52:22] Bus 1: V=1.028 pu, I=456.931 A, Breaker=CLOSE
[2026-05-12 23:52:22] Bus 2: V=1.002 pu, I=289.172 A, Breaker=CLOSE
[2026-05-12 23:52:22] Bus 3: V=1.046 pu, I=109.759 A, Breaker=CLOSE
[2026-05-12 23:52:22] Bus 4: V=0.997 pu, I=265.483 A, Breaker=CLOSE
[2026-05-12 23:52:22] Bus 5: V=1.018 pu, I=298.414 A, Breaker=CLOSE
DT_PATH_LAT,h2,1778604742.612396,131


[2026-05-12 23:52:26] Bus 1: V=1.028 pu, I=456.931 A, Breaker=CLOSE
[2026-05-12 23:52:26] Bus 2: V=1.002 pu, I=289.172 A, Breaker=CLOSE
[2026-05-12 23:52:26] Bus 3: V=1.046 pu, I=109.759 A, Breaker=CLOSE
[2026-05-12 23:52:26] Bus 4: V=0.997 pu, I=265.483 A, Breaker=CLOSE
[2026-05-12 23:52:26] Bus 5: V=1.018 pu, I=298.414 A, Breaker=CLOSE
DT_PATH_LAT,h2,1778604746.665604,132


[2026-05-12 23:52:30] Bus 1: V=1.040 pu, I=115.690 A, Breaker=CLOSE
[2026-05-12 23:52:30] Bus 2: V=0.958 pu, I=371.517 A, Breaker=CLOSE
[2026-05-12 23:52:30] Bus 3: V=0.956 pu, I=218.690 A, Breaker=CLOSE
[2026-05-12 23:52:30] Bus 4: V=1.013 pu, I=325.207 A, Breaker=CLOSE
[2026-05-12 23:52:30] Bus 5: V=0.982 pu, I=535.448 A, Breaker=CLOSE
DT_PATH_LAT,h2,1778604750.721978,133


[2026-05-12 23:52:34] Bus 1: V=1.003 pu, I=287.000 A, Breaker=CLOSE
[2026-05-12 23:52:34] Bus 2: V=1.010 pu, I=130.379 A, Breaker=CLOSE
[2026-05-12 23:52:34] Bus 3: V=1.020 pu, I=454.448 A, Breaker=CLOSE
[2026-05-12 23:52:34] Bus 4: V=1.015 pu, I=420.345 A, Breaker=CLOSE
[2026-05-12 23:52:34] Bus 5: V=1.022 pu, I=178.793 A, Breaker=CLOSE
DT_PATH_LAT,h2,1778604754.944422,134


[2026-05-12 23:52:38] Bus 1: V=0.995 pu, I=189.621 A, Breaker=CLOSE
[2026-05-12 23:52:38] Bus 2: V=0.983 pu, I=292.483 A, Breaker=CLOSE
[2026-05-12 23:52:38] Bus 3: V=0.991 pu, I=131.034 A, Breaker=CLOSE
[2026-05-12 23:52:38] Bus 4: V=0.992 pu, I=383.793 A, Breaker=CLOSE
[2026-05-12 23:52:38] Bus 5: V=0.987 pu, I=157.241 A, Breaker=CLOSE
DT_PATH_LAT,h2,1778604758.974457,135


[2026-05-12 23:52:43] Bus 1: V=1.042 pu, I=112.862 A, Breaker=CLOSE
[2026-05-12 23:52:43] Bus 2: V=1.033 pu, I=124.966 A, Breaker=CLOSE
[2026-05-12 23:52:43] Bus 3: V=0.959 pu, I=430.793 A, Breaker=CLOSE
[2026-05-12 23:52:43] Bus 4: V=1.031 pu, I=323.000 A, Breaker=CLOSE
[2026-05-12 23:52:43] Bus 5: V=1.008 pu, I=332.517 A, Breaker=CLOSE
DT_PATH_LAT,h2,1778604763.105127,136


[2026-05-12 23:52:47] Bus 1: V=0.982 pu, I=144.345 A, Breaker=CLOSE
[2026-05-12 23:52:47] Bus 2: V=0.985 pu, I=386.724 A, Breaker=CLOSE
[2026-05-12 23:52:47] Bus 3: V=1.025 pu, I=458.862 A, Breaker=CLOSE
[2026-05-12 23:52:47] Bus 4: V=1.022 pu, I=503.414 A, Breaker=CLOSE
[2026-05-12 23:52:47] Bus 5: V=1.010 pu, I=240.517 A, Breaker=CLOSE
DT_PATH_LAT,h2,1778604767.808444,137


[2026-05-12 23:52:51] Bus 1: V=0.982 pu, I=144.345 A, Breaker=CLOSE
[2026-05-12 23:52:51] Bus 2: V=0.985 pu, I=386.724 A, Breaker=CLOSE
[2026-05-12 23:52:51] Bus 3: V=1.025 pu, I=458.862 A, Breaker=CLOSE
[2026-05-12 23:52:51] Bus 4: V=1.022 pu, I=503.414 A, Breaker=CLOSE
[2026-05-12 23:52:51] Bus 5: V=1.010 pu, I=240.517 A, Breaker=CLOSE
DT_PATH_LAT,h2,1778604771.846618,138


[2026-05-12 23:52:55] Bus 1: V=1.007 pu, I=180.345 A, Breaker=CLOSE
[2026-05-12 23:52:55] Bus 2: V=1.015 pu, I=183.931 A, Breaker=CLOSE
[2026-05-12 23:52:55] Bus 3: V=0.960 pu, I=479.138 A, Breaker=CLOSE
[2026-05-12 23:52:55] Bus 4: V=0.986 pu, I=429.586 A, Breaker=CLOSE
[2026-05-12 23:52:55] Bus 5: V=1.007 pu, I=440.276 A, Breaker=CLOSE
DT_PATH_LAT,h2,1778604776.844169,139


[2026-05-12 23:53:00] Bus 1: V=1.034 pu, I=499.966 A, Breaker=CLOSE
[2026-05-12 23:53:00] Bus 2: V=1.031 pu, I=347.207 A, Breaker=CLOSE
[2026-05-12 23:53:00] Bus 3: V=1.014 pu, I=98.207 A, Breaker=CLOSE
[2026-05-12 23:53:00] Bus 4: V=1.042 pu, I=434.690 A, Breaker=CLOSE
[2026-05-12 23:53:00] Bus 5: V=0.976 pu, I=171.517 A, Breaker=CLOSE
DT_PATH_LAT,h2,1778604780.871479,140


[2026-05-12 23:53:04] Bus 1: V=1.020 pu, I=219.690 A, Breaker=CLOSE
[2026-05-12 23:53:04] Bus 2: V=0.983 pu, I=92.241 A, Breaker=CLOSE
[2026-05-12 23:53:04] Bus 3: V=1.036 pu, I=325.414 A, Breaker=CLOSE
[2026-05-12 23:53:04] Bus 4: V=0.990 pu, I=152.034 A, Breaker=CLOSE
[2026-05-12 23:53:04] Bus 5: V=1.013 pu, I=100.241 A, Breaker=CLOSE
DT_PATH_LAT,h2,1778604785.736921,141


[2026-05-12 23:53:09] Bus 1: V=1.024 pu, I=178.414 A, Breaker=CLOSE
[2026-05-12 23:53:09] Bus 2: V=0.991 pu, I=240.103 A, Breaker=CLOSE
[2026-05-12 23:53:09] Bus 3: V=0.987 pu, I=411.172 A, Breaker=CLOSE
[2026-05-12 23:53:09] Bus 4: V=1.027 pu, I=328.931 A, Breaker=CLOSE
[2026-05-12 23:53:09] Bus 5: V=0.958 pu, I=116.034 A, Breaker=CLOSE
DT_PATH_LAT,h2,1778604790.267330,142


[2026-05-12 23:53:14] Bus 1: V=0.965 pu, I=372.931 A, Breaker=CLOSE
[2026-05-12 23:53:14] Bus 2: V=1.017 pu, I=204.345 A, Breaker=CLOSE
[2026-05-12 23:53:14] Bus 3: V=1.016 pu, I=297.138 A, Breaker=CLOSE
[2026-05-12 23:53:14] Bus 4: V=0.994 pu, I=209.586 A, Breaker=CLOSE
[2026-05-12 23:53:14] Bus 5: V=1.025 pu, I=134.759 A, Breaker=CLOSE
DT_PATH_LAT,h2,1778604794.324817,143


[2026-05-12 23:53:18] Bus 1: V=0.992 pu, I=214.310 A, Breaker=CLOSE
[2026-05-12 23:53:18] Bus 2: V=1.017 pu, I=297.069 A, Breaker=CLOSE
[2026-05-12 23:53:18] Bus 3: V=1.016 pu, I=106.276 A, Breaker=CLOSE
[2026-05-12 23:53:18] Bus 4: V=0.989 pu, I=355.724 A, Breaker=CLOSE
[2026-05-12 23:53:18] Bus 5: V=0.950 pu, I=232.241 A, Breaker=CLOSE
DT_PATH_LAT,h2,1778604798.819103,144


[2026-05-12 23:53:23] Bus 1: V=0.971 pu, I=152.897 A, Breaker=CLOSE
[2026-05-12 23:53:23] Bus 2: V=0.975 pu, I=238.379 A, Breaker=CLOSE
[2026-05-12 23:53:23] Bus 3: V=0.950 pu, I=438.621 A, Breaker=CLOSE
[2026-05-12 23:53:23] Bus 4: V=0.967 pu, I=264.069 A, Breaker=CLOSE
[2026-05-12 23:53:23] Bus 5: V=1.020 pu, I=302.207 A, Breaker=CLOSE
DT_PATH_LAT,h2,1778604803.395251,145


[2026-05-12 23:53:27] Bus 1: V=0.971 pu, I=152.897 A, Breaker=CLOSE
[2026-05-12 23:53:27] Bus 2: V=0.975 pu, I=238.379 A, Breaker=CLOSE
[2026-05-12 23:53:27] Bus 3: V=0.950 pu, I=438.621 A, Breaker=CLOSE
[2026-05-12 23:53:27] Bus 4: V=0.967 pu, I=264.069 A, Breaker=CLOSE
[2026-05-12 23:53:27] Bus 5: V=1.020 pu, I=302.207 A, Breaker=CLOSE
DT_PATH_LAT,h2,1778604807.780981,146


[2026-05-12 23:53:31] Bus 1: V=1.033 pu, I=428.793 A, Breaker=CLOSE
[2026-05-12 23:53:31] Bus 2: V=0.957 pu, I=488.483 A, Breaker=CLOSE
[2026-05-12 23:53:31] Bus 3: V=0.954 pu, I=100.931 A, Breaker=CLOSE
[2026-05-12 23:53:31] Bus 4: V=1.042 pu, I=448.828 A, Breaker=CLOSE
[2026-05-12 23:53:31] Bus 5: V=1.007 pu, I=338.034 A, Breaker=CLOSE
DT_PATH_LAT,h2,1778604811.820830,147


