RTU measurement noise: seed=7 V_sigma=0.003 I_sigma=1.5
Siklus realtime RTU: interval=1.0s


[2026-05-31 23:01:03] CMD DT diterapkan ke field
[2026-05-31 23:01:03] Bus 1: V=1.019 pu (raw 1.020) I=738.4 A (raw 737.7) PF=0.9669 FB=CLOSE CMD=CLOSE
[2026-05-31 23:01:03] Bus 2: V=1.010 pu (raw 1.011) I=287.5 A (raw 288.0) PF=0.9159 FB=CLOSE CMD=CLOSE
[2026-05-31 23:01:03] Bus 3: V=1.006 pu (raw 1.009) I=444.8 A (raw 445.1) PF=0.9290 FB=CLOSE CMD=CLOSE
[2026-05-31 23:01:03] Bus 4: V=1.013 pu (raw 1.010) I=466.6 A (raw 466.0) PF=0.8922 FB=CLOSE CMD=CLOSE
[2026-05-31 23:01:03] Bus 5: V=1.010 pu (raw 1.007) I=467.1 A (raw 466.8) PF=0.9736 FB=CLOSE CMD=CLOSE


[2026-05-31 23:01:04] CMD DT diterapkan ke field
[2026-05-31 23:01:04] Bus 1: V=1.021 pu (raw 1.020) I=887.3 A (raw 887.0) PF=0.9767 FB=CLOSE CMD=CLOSE
[2026-05-31 23:01:04] Bus 2: V=1.005 pu (raw 1.010) I=430.1 A (raw 428.8) PF=0.9005 FB=CLOSE CMD=CLOSE
[2026-05-31 23:01:04] Bus 3: V=1.010 pu (raw 1.008) I=465.5 A (raw 464.8) PF=0.9428 FB=CLOSE CMD=CLOSE
[2026-05-31 23:01:04] Bus 4: V=1.005 pu (raw 1.010) I=515.2 A (raw 517.8) PF=0.8028 FB=CLOSE CMD=CLOSE
[2026-05-31 23:01:04] Bus 5: V=1.004 pu (raw 1.007) I=481.2 A (raw 481.9) PF=0.9562 FB=CLOSE CMD=CLOSE


[2026-05-31 23:01:05] CMD DT diterapkan ke field
[2026-05-31 23:01:05] Bus 1: V=1.021 pu (raw 1.020) I=828.3 A (raw 828.4) PF=0.9709 FB=CLOSE CMD=CLOSE
[2026-05-31 23:01:05] Bus 2: V=1.012 pu (raw 1.010) I=440.3 A (raw 441.3) PF=0.9269 FB=CLOSE CMD=CLOSE
[2026-05-31 23:01:05] Bus 3: V=1.010 pu (raw 1.009) I=368.2 A (raw 367.6) PF=0.8887 FB=CLOSE CMD=CLOSE
[2026-05-31 23:01:05] Bus 4: V=1.008 pu (raw 1.010) I=494.5 A (raw 492.0) PF=0.8450 FB=CLOSE CMD=CLOSE
[2026-05-31 23:01:05] Bus 5: V=1.009 pu (raw 1.007) I=501.9 A (raw 500.1) PF=0.9741 FB=CLOSE CMD=CLOSE


[2026-05-31 23:01:06] CMD DT diterapkan ke field
[2026-05-31 23:01:06] Bus 1: V=1.018 pu (raw 1.020) I=837.7 A (raw 838.8) PF=0.9842 FB=CLOSE CMD=CLOSE
[2026-05-31 23:01:06] Bus 2: V=1.010 pu (raw 1.011) I=401.9 A (raw 402.1) PF=0.9584 FB=CLOSE CMD=CLOSE
[2026-05-31 23:01:06] Bus 3: V=1.011 pu (raw 1.009) I=409.3 A (raw 409.0) PF=0.9676 FB=CLOSE CMD=CLOSE
[2026-05-31 23:01:06] Bus 4: V=1.009 pu (raw 1.010) I=458.4 A (raw 459.9) PF=0.9040 FB=CLOSE CMD=CLOSE
[2026-05-31 23:01:06] Bus 5: V=1.005 pu (raw 1.007) I=477.8 A (raw 476.0) PF=0.9721 FB=CLOSE CMD=CLOSE


[2026-05-31 23:01:07] CMD DT diterapkan ke field
[2026-05-31 23:01:07] Bus 1: V=1.018 pu (raw 1.020) I=911.3 A (raw 910.9) PF=0.9851 FB=CLOSE CMD=CLOSE
[2026-05-31 23:01:07] Bus 2: V=1.011 pu (raw 1.010) I=407.6 A (raw 409.8) PF=0.9495 FB=CLOSE CMD=CLOSE
[2026-05-31 23:01:07] Bus 3: V=1.008 pu (raw 1.008) I=481.4 A (raw 479.5) PF=0.9320 FB=CLOSE CMD=CLOSE
[2026-05-31 23:01:07] Bus 4: V=1.004 pu (raw 1.010) I=523.3 A (raw 523.8) PF=0.7937 FB=CLOSE CMD=CLOSE
[2026-05-31 23:01:07] Bus 5: V=1.007 pu (raw 1.007) I=503.0 A (raw 504.2) PF=0.9518 FB=CLOSE CMD=CLOSE


[2026-05-31 23:01:08] CMD DT diterapkan ke field
[2026-05-31 23:01:08] Bus 1: V=1.021 pu (raw 1.020) I=682.2 A (raw 682.3) PF=0.9517 FB=CLOSE CMD=CLOSE
[2026-05-31 23:01:08] Bus 2: V=1.007 pu (raw 1.011) I=320.9 A (raw 319.6) PF=0.9232 FB=CLOSE CMD=CLOSE
[2026-05-31 23:01:08] Bus 3: V=1.011 pu (raw 1.009) I=361.6 A (raw 360.2) PF=0.9010 FB=CLOSE CMD=CLOSE
[2026-05-31 23:01:08] Bus 4: V=1.014 pu (raw 1.010) I=465.4 A (raw 464.9) PF=0.8943 FB=CLOSE CMD=CLOSE
[2026-05-31 23:01:08] Bus 5: V=1.007 pu (raw 1.007) I=464.5 A (raw 466.4) PF=0.9611 FB=CLOSE CMD=CLOSE


[2026-05-31 23:01:09] CMD DT diterapkan ke field
[2026-05-31 23:01:09] Bus 1: V=1.022 pu (raw 1.020) I=791.7 A (raw 792.7) PF=0.9677 FB=CLOSE CMD=CLOSE
[2026-05-31 23:01:09] Bus 2: V=1.009 pu (raw 1.010) I=384.3 A (raw 386.2) PF=0.9292 FB=CLOSE CMD=CLOSE
[2026-05-31 23:01:09] Bus 3: V=1.006 pu (raw 1.009) I=410.9 A (raw 411.7) PF=0.8989 FB=CLOSE CMD=CLOSE
[2026-05-31 23:01:09] Bus 4: V=1.014 pu (raw 1.010) I=462.4 A (raw 465.5) PF=0.8932 FB=CLOSE CMD=CLOSE
[2026-05-31 23:01:09] Bus 5: V=1.004 pu (raw 1.008) I=462.9 A (raw 462.5) PF=0.9875 FB=CLOSE CMD=CLOSE


[2026-05-31 23:01:10] CMD DT diterapkan ke field
[2026-05-31 23:01:10] Bus 1: V=1.024 pu (raw 1.020) I=754.7 A (raw 753.8) PF=0.9714 FB=CLOSE CMD=CLOSE
[2026-05-31 23:01:10] Bus 2: V=1.005 pu (raw 1.011) I=376.2 A (raw 380.0) PF=0.9487 FB=CLOSE CMD=CLOSE
[2026-05-31 23:01:10] Bus 3: V=1.010 pu (raw 1.009) I=357.1 A (raw 358.2) PF=0.9456 FB=CLOSE CMD=CLOSE
[2026-05-31 23:01:10] Bus 4: V=1.007 pu (raw 1.010) I=459.4 A (raw 457.9) PF=0.9078 FB=CLOSE CMD=CLOSE
[2026-05-31 23:01:10] Bus 5: V=1.010 pu (raw 1.007) I=468.1 A (raw 467.8) PF=0.9652 FB=CLOSE CMD=CLOSE


[2026-05-31 23:01:11] CMD DT diterapkan ke field
[2026-05-31 23:01:11] Bus 1: V=1.021 pu (raw 1.020) I=896.0 A (raw 895.3) PF=0.9849 FB=CLOSE CMD=CLOSE
[2026-05-31 23:01:11] Bus 2: V=1.015 pu (raw 1.010) I=436.2 A (raw 435.2) PF=0.9512 FB=CLOSE CMD=CLOSE
[2026-05-31 23:01:11] Bus 3: V=1.011 pu (raw 1.009) I=424.7 A (raw 423.9) PF=0.9416 FB=CLOSE CMD=CLOSE
[2026-05-31 23:01:11] Bus 4: V=1.005 pu (raw 1.010) I=479.8 A (raw 477.9) PF=0.8700 FB=CLOSE CMD=CLOSE
[2026-05-31 23:01:11] Bus 5: V=1.010 pu (raw 1.007) I=497.1 A (raw 496.3) PF=0.9810 FB=CLOSE CMD=CLOSE


[2026-05-31 23:01:12] CMD DT diterapkan ke field
[2026-05-31 23:01:12] Bus 1: V=1.014 pu (raw 1.020) I=722.6 A (raw 723.5) PF=0.9565 FB=CLOSE CMD=CLOSE
[2026-05-31 23:01:12] Bus 2: V=1.014 pu (raw 1.011) I=324.5 A (raw 327.2) PF=0.9026 FB=CLOSE CMD=CLOSE
[2026-05-31 23:01:12] Bus 3: V=1.008 pu (raw 1.009) I=401.2 A (raw 399.7) PF=0.9041 FB=CLOSE CMD=CLOSE
[2026-05-31 23:01:12] Bus 4: V=1.006 pu (raw 1.010) I=456.8 A (raw 454.4) PF=0.9150 FB=CLOSE CMD=CLOSE
[2026-05-31 23:01:12] Bus 5: V=1.010 pu (raw 1.008) I=459.2 A (raw 459.4) PF=0.9877 FB=CLOSE CMD=CLOSE


[2026-05-31 23:01:13] CMD DT diterapkan ke field
[2026-05-31 23:01:13] Bus 1: V=1.021 pu (raw 1.020) I=902.4 A (raw 901.4) PF=0.9800 FB=CLOSE CMD=CLOSE
[2026-05-31 23:01:13] Bus 2: V=1.010 pu (raw 1.010) I=430.4 A (raw 428.6) PF=0.9252 FB=CLOSE CMD=CLOSE
[2026-05-31 23:01:13] Bus 3: V=1.006 pu (raw 1.008) I=452.3 A (raw 452.9) PF=0.9156 FB=CLOSE CMD=CLOSE
[2026-05-31 23:01:13] Bus 4: V=1.013 pu (raw 1.010) I=518.4 A (raw 518.4) PF=0.8020 FB=CLOSE CMD=CLOSE
[2026-05-31 23:01:13] Bus 5: V=1.004 pu (raw 1.007) I=508.2 A (raw 506.8) PF=0.9684 FB=CLOSE CMD=CLOSE


[2026-05-31 23:01:14] CMD DT diterapkan ke field
[2026-05-31 23:01:14] Bus 1: V=1.024 pu (raw 1.020) I=779.0 A (raw 779.7) PF=0.9693 FB=CLOSE CMD=CLOSE
[2026-05-31 23:01:14] Bus 2: V=1.007 pu (raw 1.011) I=327.0 A (raw 327.2) PF=0.9197 FB=CLOSE CMD=CLOSE
[2026-05-31 23:01:14] Bus 3: V=1.009 pu (raw 1.009) I=442.1 A (raw 442.5) PF=0.9036 FB=CLOSE CMD=CLOSE
[2026-05-31 23:01:14] Bus 4: V=1.014 pu (raw 1.010) I=468.7 A (raw 470.2) PF=0.8841 FB=CLOSE CMD=CLOSE
[2026-05-31 23:01:14] Bus 5: V=1.011 pu (raw 1.007) I=478.2 A (raw 480.1) PF=0.9859 FB=CLOSE CMD=CLOSE


[2026-05-31 23:01:15] CMD DT diterapkan ke field
[2026-05-31 23:01:15] Bus 1: V=1.018 pu (raw 1.020) I=841.1 A (raw 840.1) PF=0.9751 FB=CLOSE CMD=CLOSE
[2026-05-31 23:01:15] Bus 2: V=1.013 pu (raw 1.010) I=352.3 A (raw 351.0) PF=0.9175 FB=CLOSE CMD=CLOSE
[2026-05-31 23:01:15] Bus 3: V=1.009 pu (raw 1.008) I=505.8 A (raw 505.6) PF=0.9259 FB=CLOSE CMD=CLOSE
[2026-05-31 23:01:15] Bus 4: V=1.010 pu (raw 1.010) I=515.7 A (raw 514.9) PF=0.8075 FB=CLOSE CMD=CLOSE
[2026-05-31 23:01:15] Bus 5: V=1.006 pu (raw 1.007) I=470.9 A (raw 470.5) PF=0.9519 FB=CLOSE CMD=CLOSE


[2026-05-31 23:01:16] CMD DT diterapkan ke field
[2026-05-31 23:01:16] Bus 1: V=1.022 pu (raw 1.020) I=761.3 A (raw 761.3) PF=0.9724 FB=CLOSE CMD=CLOSE
[2026-05-31 23:01:16] Bus 2: V=1.013 pu (raw 1.011) I=292.0 A (raw 291.2) PF=0.9502 FB=CLOSE CMD=CLOSE
[2026-05-31 23:01:16] Bus 3: V=1.015 pu (raw 1.009) I=475.2 A (raw 474.7) PF=0.9180 FB=CLOSE CMD=CLOSE
[2026-05-31 23:01:16] Bus 4: V=1.009 pu (raw 1.010) I=476.8 A (raw 477.4) PF=0.8708 FB=CLOSE CMD=CLOSE
[2026-05-31 23:01:16] Bus 5: V=1.007 pu (raw 1.007) I=463.8 A (raw 462.4) PF=0.9653 FB=CLOSE CMD=CLOSE


[2026-05-31 23:01:17] CMD DT diterapkan ke field
[2026-05-31 23:01:17] Bus 1: V=1.019 pu (raw 1.020) I=918.8 A (raw 918.3) PF=0.9846 FB=CLOSE CMD=CLOSE
[2026-05-31 23:01:17] Bus 2: V=1.016 pu (raw 1.010) I=436.7 A (raw 440.5) PF=0.9423 FB=CLOSE CMD=CLOSE
[2026-05-31 23:01:17] Bus 3: V=1.005 pu (raw 1.008) I=484.9 A (raw 484.5) PF=0.9575 FB=CLOSE CMD=CLOSE
[2026-05-31 23:01:17] Bus 4: V=1.011 pu (raw 1.010) I=479.1 A (raw 478.7) PF=0.8684 FB=CLOSE CMD=CLOSE
[2026-05-31 23:01:17] Bus 5: V=1.006 pu (raw 1.007) I=454.0 A (raw 453.1) PF=0.9788 FB=CLOSE CMD=CLOSE


[2026-05-31 23:01:18] CMD DT diterapkan ke field
[2026-05-31 23:01:18] Bus 1: V=1.021 pu (raw 1.020) I=771.3 A (raw 772.1) PF=0.9712 FB=CLOSE CMD=CLOSE
[2026-05-31 23:01:18] Bus 2: V=1.018 pu (raw 1.011) I=388.5 A (raw 388.0) PF=0.9430 FB=CLOSE CMD=CLOSE
[2026-05-31 23:01:18] Bus 3: V=1.007 pu (raw 1.009) I=377.1 A (raw 377.2) PF=0.9377 FB=CLOSE CMD=CLOSE
[2026-05-31 23:01:18] Bus 4: V=1.009 pu (raw 1.010) I=463.9 A (raw 464.0) PF=0.8959 FB=CLOSE CMD=CLOSE
[2026-05-31 23:01:18] Bus 5: V=0.999 pu (raw 1.007) I=463.2 A (raw 463.9) PF=0.9674 FB=CLOSE CMD=CLOSE


[2026-05-31 23:01:19] CMD DT diterapkan ke field
[2026-05-31 23:01:19] Bus 1: V=1.023 pu (raw 1.020) I=842.5 A (raw 844.3) PF=0.9831 FB=CLOSE CMD=CLOSE
[2026-05-31 23:01:19] Bus 2: V=1.011 pu (raw 1.011) I=339.8 A (raw 338.4) PF=0.9763 FB=CLOSE CMD=CLOSE
[2026-05-31 23:01:19] Bus 3: V=1.012 pu (raw 1.009) I=499.1 A (raw 496.8) PF=0.9037 FB=CLOSE CMD=CLOSE
[2026-05-31 23:01:19] Bus 4: V=1.005 pu (raw 1.010) I=506.0 A (raw 506.5) PF=0.8208 FB=CLOSE CMD=CLOSE
[2026-05-31 23:01:19] Bus 5: V=1.006 pu (raw 1.007) I=491.2 A (raw 490.2) PF=0.9571 FB=CLOSE CMD=CLOSE


[2026-05-31 23:01:20] CMD DT diterapkan ke field
[2026-05-31 23:01:20] Bus 1: V=1.023 pu (raw 1.020) I=827.0 A (raw 831.0) PF=0.9830 FB=CLOSE CMD=CLOSE
[2026-05-31 23:01:20] Bus 2: V=1.014 pu (raw 1.011) I=412.2 A (raw 414.4) PF=0.9696 FB=CLOSE CMD=CLOSE
[2026-05-31 23:01:20] Bus 3: V=1.011 pu (raw 1.009) I=380.3 A (raw 382.5) PF=0.9375 FB=CLOSE CMD=CLOSE
[2026-05-31 23:01:20] Bus 4: V=1.011 pu (raw 1.010) I=482.9 A (raw 481.1) PF=0.8641 FB=CLOSE CMD=CLOSE
[2026-05-31 23:01:20] Bus 5: V=1.007 pu (raw 1.007) I=497.0 A (raw 496.7) PF=0.9561 FB=CLOSE CMD=CLOSE


[2026-05-31 23:01:21] CMD DT diterapkan ke field
[2026-05-31 23:01:21] Bus 1: V=1.022 pu (raw 1.020) I=855.9 A (raw 855.7) PF=0.9780 FB=CLOSE CMD=CLOSE
[2026-05-31 23:01:21] Bus 2: V=1.010 pu (raw 1.010) I=403.8 A (raw 401.5) PF=0.9432 FB=CLOSE CMD=CLOSE
[2026-05-31 23:01:21] Bus 3: V=1.011 pu (raw 1.008) I=467.2 A (raw 467.7) PF=0.9277 FB=CLOSE CMD=CLOSE
[2026-05-31 23:01:21] Bus 4: V=1.018 pu (raw 1.010) I=493.4 A (raw 495.1) PF=0.8397 FB=CLOSE CMD=CLOSE
[2026-05-31 23:01:21] Bus 5: V=1.010 pu (raw 1.007) I=459.7 A (raw 460.1) PF=0.9630 FB=CLOSE CMD=CLOSE


[2026-05-31 23:01:22] CMD DT diterapkan ke field
[2026-05-31 23:01:22] Bus 1: V=1.020 pu (raw 1.020) I=766.7 A (raw 765.7) PF=0.9827 FB=CLOSE CMD=CLOSE
[2026-05-31 23:01:22] Bus 2: V=1.012 pu (raw 1.011) I=270.4 A (raw 269.4) PF=0.9743 FB=CLOSE CMD=CLOSE
[2026-05-31 23:01:22] Bus 3: V=1.004 pu (raw 1.009) I=468.0 A (raw 470.3) PF=0.9548 FB=CLOSE CMD=CLOSE
[2026-05-31 23:01:22] Bus 4: V=1.012 pu (raw 1.010) I=468.5 A (raw 469.9) PF=0.8847 FB=CLOSE CMD=CLOSE
[2026-05-31 23:01:22] Bus 5: V=1.004 pu (raw 1.007) I=480.0 A (raw 482.2) PF=0.9523 FB=CLOSE CMD=CLOSE


[2026-05-31 23:01:23] CMD DT diterapkan ke field
[2026-05-31 23:01:23] Bus 1: V=1.024 pu (raw 1.020) I=769.4 A (raw 768.3) PF=0.9760 FB=CLOSE CMD=CLOSE
[2026-05-31 23:01:23] Bus 2: V=1.015 pu (raw 1.011) I=404.8 A (raw 406.2) PF=0.9758 FB=CLOSE CMD=CLOSE
[2026-05-31 23:01:23] Bus 3: V=1.009 pu (raw 1.009) I=350.5 A (raw 352.2) PF=0.9237 FB=CLOSE CMD=CLOSE
[2026-05-31 23:01:23] Bus 4: V=1.012 pu (raw 1.010) I=447.3 A (raw 444.9) PF=0.9345 FB=CLOSE CMD=CLOSE
[2026-05-31 23:01:23] Bus 5: V=1.004 pu (raw 1.007) I=457.7 A (raw 455.4) PF=0.9804 FB=CLOSE CMD=CLOSE


[2026-05-31 23:01:24] CMD DT diterapkan ke field
[2026-05-31 23:01:24] Bus 1: V=1.023 pu (raw 1.020) I=827.7 A (raw 828.0) PF=0.9707 FB=CLOSE CMD=CLOSE
[2026-05-31 23:01:24] Bus 2: V=1.004 pu (raw 1.010) I=418.7 A (raw 416.6) PF=0.9103 FB=CLOSE CMD=CLOSE
[2026-05-31 23:01:24] Bus 3: V=1.009 pu (raw 1.009) I=414.9 A (raw 415.8) PF=0.9295 FB=CLOSE CMD=CLOSE
[2026-05-31 23:01:24] Bus 4: V=1.011 pu (raw 1.010) I=471.7 A (raw 471.1) PF=0.8825 FB=CLOSE CMD=CLOSE
[2026-05-31 23:01:24] Bus 5: V=1.011 pu (raw 1.007) I=462.1 A (raw 463.6) PF=0.9849 FB=CLOSE CMD=CLOSE


[2026-05-31 23:01:25] CMD DT diterapkan ke field
[2026-05-31 23:01:25] Bus 1: V=1.023 pu (raw 1.020) I=781.7 A (raw 779.4) PF=0.9710 FB=CLOSE CMD=CLOSE
[2026-05-31 23:01:25] Bus 2: V=1.015 pu (raw 1.011) I=354.8 A (raw 355.1) PF=0.9169 FB=CLOSE CMD=CLOSE
[2026-05-31 23:01:25] Bus 3: V=1.007 pu (raw 1.009) I=420.6 A (raw 419.0) PF=0.9457 FB=CLOSE CMD=CLOSE
[2026-05-31 23:01:25] Bus 4: V=1.010 pu (raw 1.010) I=476.4 A (raw 476.2) PF=0.8730 FB=CLOSE CMD=CLOSE
[2026-05-31 23:01:25] Bus 5: V=1.011 pu (raw 1.007) I=470.8 A (raw 471.2) PF=0.9625 FB=CLOSE CMD=CLOSE


[2026-05-31 23:01:26] CMD DT diterapkan ke field
[2026-05-31 23:01:26] Bus 1: V=1.013 pu (raw 1.020) I=844.4 A (raw 845.0) PF=0.9778 FB=CLOSE CMD=CLOSE
[2026-05-31 23:01:26] Bus 2: V=1.004 pu (raw 1.010) I=437.0 A (raw 435.8) PF=0.9520 FB=CLOSE CMD=CLOSE
[2026-05-31 23:01:26] Bus 3: V=1.010 pu (raw 1.009) I=409.8 A (raw 410.7) PF=0.9266 FB=CLOSE CMD=CLOSE
[2026-05-31 23:01:26] Bus 4: V=1.010 pu (raw 1.010) I=490.7 A (raw 489.4) PF=0.8494 FB=CLOSE CMD=CLOSE
[2026-05-31 23:01:26] Bus 5: V=1.007 pu (raw 1.007) I=470.6 A (raw 468.6) PF=0.9590 FB=CLOSE CMD=CLOSE


[2026-05-31 23:01:27] CMD DT diterapkan ke field
[2026-05-31 23:01:27] Bus 1: V=1.020 pu (raw 1.020) I=717.2 A (raw 715.7) PF=0.9618 FB=CLOSE CMD=CLOSE
[2026-05-31 23:01:27] Bus 2: V=1.015 pu (raw 1.011) I=332.1 A (raw 329.7) PF=0.9471 FB=CLOSE CMD=CLOSE
[2026-05-31 23:01:27] Bus 3: V=1.007 pu (raw 1.009) I=388.1 A (raw 386.7) PF=0.8998 FB=CLOSE CMD=CLOSE
[2026-05-31 23:01:27] Bus 4: V=1.004 pu (raw 1.010) I=455.7 A (raw 457.4) PF=0.9090 FB=CLOSE CMD=CLOSE
[2026-05-31 23:01:27] Bus 5: V=1.001 pu (raw 1.007) I=459.5 A (raw 457.9) PF=0.9752 FB=CLOSE CMD=CLOSE


[2026-05-31 23:01:28] CMD DT diterapkan ke field
[2026-05-31 23:01:28] Bus 1: V=1.016 pu (raw 1.020) I=797.3 A (raw 797.3) PF=0.9766 FB=CLOSE CMD=CLOSE
[2026-05-31 23:01:28] Bus 2: V=1.010 pu (raw 1.011) I=303.7 A (raw 303.7) PF=0.9724 FB=CLOSE CMD=CLOSE
[2026-05-31 23:01:28] Bus 3: V=1.006 pu (raw 1.008) I=504.1 A (raw 503.7) PF=0.8864 FB=CLOSE CMD=CLOSE
[2026-05-31 23:01:28] Bus 4: V=1.015 pu (raw 1.010) I=483.3 A (raw 483.2) PF=0.8604 FB=CLOSE CMD=CLOSE
[2026-05-31 23:01:28] Bus 5: V=1.009 pu (raw 1.007) I=467.7 A (raw 466.2) PF=0.9768 FB=CLOSE CMD=CLOSE


[2026-05-31 23:01:29] CMD DT diterapkan ke field
[2026-05-31 23:01:29] Bus 1: V=1.019 pu (raw 1.020) I=818.5 A (raw 820.4) PF=0.9758 FB=CLOSE CMD=CLOSE
[2026-05-31 23:01:29] Bus 2: V=1.008 pu (raw 1.010) I=323.5 A (raw 321.9) PF=0.9106 FB=CLOSE CMD=CLOSE
[2026-05-31 23:01:29] Bus 3: V=1.004 pu (raw 1.009) I=491.2 A (raw 492.1) PF=0.9314 FB=CLOSE CMD=CLOSE
[2026-05-31 23:01:29] Bus 4: V=1.013 pu (raw 1.010) I=480.8 A (raw 479.6) PF=0.8668 FB=CLOSE CMD=CLOSE
[2026-05-31 23:01:29] Bus 5: V=1.007 pu (raw 1.007) I=477.6 A (raw 476.4) PF=0.9814 FB=CLOSE CMD=CLOSE


[2026-05-31 23:01:30] CMD DT diterapkan ke field
[2026-05-31 23:01:30] Bus 1: V=1.020 pu (raw 1.020) I=784.6 A (raw 786.4) PF=0.9656 FB=CLOSE CMD=CLOSE
[2026-05-31 23:01:30] Bus 2: V=1.005 pu (raw 1.010) I=420.4 A (raw 421.3) PF=0.9152 FB=CLOSE CMD=CLOSE
[2026-05-31 23:01:30] Bus 3: V=1.012 pu (raw 1.009) I=355.4 A (raw 356.2) PF=0.9188 FB=CLOSE CMD=CLOSE
[2026-05-31 23:01:30] Bus 4: V=1.007 pu (raw 1.010) I=477.7 A (raw 478.9) PF=0.8682 FB=CLOSE CMD=CLOSE
[2026-05-31 23:01:30] Bus 5: V=1.002 pu (raw 1.007) I=480.0 A (raw 480.1) PF=0.9687 FB=CLOSE CMD=CLOSE


[2026-05-31 23:01:31] CMD DT diterapkan ke field
[2026-05-31 23:01:31] Bus 1: V=1.016 pu (raw 1.020) I=902.8 A (raw 902.2) PF=0.9810 FB=CLOSE CMD=CLOSE
[2026-05-31 23:01:31] Bus 2: V=1.003 pu (raw 1.010) I=392.1 A (raw 391.6) PF=0.9539 FB=CLOSE CMD=CLOSE
[2026-05-31 23:01:31] Bus 3: V=1.006 pu (raw 1.008) I=521.6 A (raw 524.5) PF=0.8889 FB=CLOSE CMD=CLOSE
[2026-05-31 23:01:31] Bus 4: V=1.012 pu (raw 1.010) I=529.9 A (raw 530.3) PF=0.7840 FB=CLOSE CMD=CLOSE
[2026-05-31 23:01:31] Bus 5: V=1.000 pu (raw 1.007) I=480.3 A (raw 481.6) PF=0.9636 FB=CLOSE CMD=CLOSE


[2026-05-31 23:01:32] CMD DT diterapkan ke field
[2026-05-31 23:01:32] Bus 1: V=1.021 pu (raw 1.020) I=806.7 A (raw 807.4) PF=0.9689 FB=CLOSE CMD=CLOSE
[2026-05-31 23:01:32] Bus 2: V=1.012 pu (raw 1.010) I=429.6 A (raw 428.4) PF=0.9199 FB=CLOSE CMD=CLOSE
[2026-05-31 23:01:32] Bus 3: V=1.011 pu (raw 1.009) I=372.0 A (raw 371.5) PF=0.9204 FB=CLOSE CMD=CLOSE
[2026-05-31 23:01:32] Bus 4: V=1.014 pu (raw 1.010) I=491.6 A (raw 490.6) PF=0.8475 FB=CLOSE CMD=CLOSE
[2026-05-31 23:01:32] Bus 5: V=1.008 pu (raw 1.007) I=480.7 A (raw 483.9) PF=0.9611 FB=CLOSE CMD=CLOSE


[2026-05-31 23:01:33] CMD DT diterapkan ke field
[2026-05-31 23:01:33] Bus 1: V=1.023 pu (raw 1.020) I=749.1 A (raw 747.1) PF=0.9809 FB=CLOSE CMD=CLOSE
[2026-05-31 23:01:33] Bus 2: V=1.011 pu (raw 1.012) I=305.6 A (raw 306.3) PF=0.9739 FB=CLOSE CMD=CLOSE
[2026-05-31 23:01:33] Bus 3: V=1.016 pu (raw 1.010) I=395.3 A (raw 397.9) PF=0.9575 FB=CLOSE CMD=CLOSE
[2026-05-31 23:01:33] Bus 4: V=1.011 pu (raw 1.010) I=466.5 A (raw 462.8) PF=0.8982 FB=CLOSE CMD=CLOSE
[2026-05-31 23:01:33] Bus 5: V=1.004 pu (raw 1.007) I=496.7 A (raw 495.6) PF=0.9520 FB=CLOSE CMD=CLOSE


[2026-05-31 23:01:34] CMD DT diterapkan ke field
[2026-05-31 23:01:34] Bus 1: V=1.026 pu (raw 1.020) I=955.9 A (raw 956.0) PF=0.9919 FB=CLOSE CMD=CLOSE
[2026-05-31 23:01:34] Bus 2: V=1.012 pu (raw 1.010) I=431.1 A (raw 429.7) PF=0.9669 FB=CLOSE CMD=CLOSE
[2026-05-31 23:01:34] Bus 3: V=1.006 pu (raw 1.009) I=480.9 A (raw 481.1) PF=0.9634 FB=CLOSE CMD=CLOSE
[2026-05-31 23:01:34] Bus 4: V=1.011 pu (raw 1.010) I=505.8 A (raw 504.6) PF=0.8239 FB=CLOSE CMD=CLOSE
[2026-05-31 23:01:34] Bus 5: V=1.007 pu (raw 1.007) I=509.2 A (raw 509.5) PF=0.9567 FB=CLOSE CMD=CLOSE


[2026-05-31 23:01:35] CMD DT diterapkan ke field
[2026-05-31 23:01:35] Bus 1: V=1.017 pu (raw 1.020) I=781.8 A (raw 782.3) PF=0.9643 FB=CLOSE CMD=CLOSE
[2026-05-31 23:01:35] Bus 2: V=1.013 pu (raw 1.010) I=366.0 A (raw 365.8) PF=0.9171 FB=CLOSE CMD=CLOSE
[2026-05-31 23:01:35] Bus 3: V=1.005 pu (raw 1.008) I=422.2 A (raw 423.5) PF=0.8853 FB=CLOSE CMD=CLOSE
[2026-05-31 23:01:35] Bus 4: V=1.018 pu (raw 1.010) I=470.3 A (raw 468.6) PF=0.8872 FB=CLOSE CMD=CLOSE
[2026-05-31 23:01:35] Bus 5: V=1.010 pu (raw 1.008) I=463.6 A (raw 467.5) PF=0.9894 FB=CLOSE CMD=CLOSE


[2026-05-31 23:01:36] CMD DT diterapkan ke field
[2026-05-31 23:01:36] Bus 1: V=1.022 pu (raw 1.020) I=775.7 A (raw 775.0) PF=0.9787 FB=CLOSE CMD=CLOSE
[2026-05-31 23:01:36] Bus 2: V=1.016 pu (raw 1.011) I=313.1 A (raw 312.5) PF=0.9627 FB=CLOSE CMD=CLOSE
[2026-05-31 23:01:36] Bus 3: V=1.009 pu (raw 1.009) I=418.0 A (raw 417.2) PF=0.9181 FB=CLOSE CMD=CLOSE
[2026-05-31 23:01:36] Bus 4: V=1.004 pu (raw 1.010) I=452.8 A (raw 451.2) PF=0.9213 FB=CLOSE CMD=CLOSE
[2026-05-31 23:01:36] Bus 5: V=1.008 pu (raw 1.007) I=496.7 A (raw 497.8) PF=0.9898 FB=CLOSE CMD=CLOSE


[2026-05-31 23:01:37] CMD DT diterapkan ke field
[2026-05-31 23:01:37] Bus 1: V=1.024 pu (raw 1.020) I=779.1 A (raw 776.4) PF=0.9757 FB=CLOSE CMD=CLOSE
[2026-05-31 23:01:37] Bus 2: V=1.007 pu (raw 1.011) I=360.5 A (raw 361.5) PF=0.9575 FB=CLOSE CMD=CLOSE
[2026-05-31 23:01:37] Bus 3: V=1.010 pu (raw 1.009) I=371.1 A (raw 370.8) PF=0.9067 FB=CLOSE CMD=CLOSE
[2026-05-31 23:01:37] Bus 4: V=1.009 pu (raw 1.010) I=469.2 A (raw 470.6) PF=0.8834 FB=CLOSE CMD=CLOSE
[2026-05-31 23:01:37] Bus 5: V=1.013 pu (raw 1.007) I=508.7 A (raw 507.2) PF=0.9732 FB=CLOSE CMD=CLOSE


[2026-05-31 23:01:38] CMD DT diterapkan ke field
[2026-05-31 23:01:38] Bus 1: V=1.016 pu (raw 1.020) I=734.0 A (raw 736.1) PF=0.9723 FB=CLOSE CMD=CLOSE
[2026-05-31 23:01:38] Bus 2: V=1.016 pu (raw 1.011) I=359.9 A (raw 358.4) PF=0.9598 FB=CLOSE CMD=CLOSE
[2026-05-31 23:01:38] Bus 3: V=1.015 pu (raw 1.010) I=345.3 A (raw 344.1) PF=0.9326 FB=CLOSE CMD=CLOSE
[2026-05-31 23:01:38] Bus 4: V=1.007 pu (raw 1.010) I=442.0 A (raw 441.6) PF=0.9414 FB=CLOSE CMD=CLOSE
[2026-05-31 23:01:38] Bus 5: V=1.001 pu (raw 1.007) I=475.5 A (raw 476.6) PF=0.9841 FB=CLOSE CMD=CLOSE


[2026-05-31 23:01:39] CMD DT diterapkan ke field
[2026-05-31 23:01:39] Bus 1: V=1.020 pu (raw 1.020) I=686.8 A (raw 686.0) PF=0.9681 FB=CLOSE CMD=CLOSE
[2026-05-31 23:01:39] Bus 2: V=1.010 pu (raw 1.012) I=290.5 A (raw 290.7) PF=0.9769 FB=CLOSE CMD=CLOSE
[2026-05-31 23:01:39] Bus 3: V=1.011 pu (raw 1.010) I=362.4 A (raw 361.8) PF=0.8967 FB=CLOSE CMD=CLOSE
[2026-05-31 23:01:39] Bus 4: V=1.012 pu (raw 1.010) I=447.3 A (raw 447.0) PF=0.9300 FB=CLOSE CMD=CLOSE
[2026-05-31 23:01:39] Bus 5: V=1.006 pu (raw 1.007) I=486.3 A (raw 485.1) PF=0.9770 FB=CLOSE CMD=CLOSE


[2026-05-31 23:01:40] CMD DT diterapkan ke field
[2026-05-31 23:01:40] Bus 1: V=1.020 pu (raw 1.020) I=824.3 A (raw 825.5) PF=0.9730 FB=CLOSE CMD=CLOSE
[2026-05-31 23:01:40] Bus 2: V=1.008 pu (raw 1.010) I=325.9 A (raw 325.9) PF=0.9096 FB=CLOSE CMD=CLOSE
[2026-05-31 23:01:40] Bus 3: V=1.008 pu (raw 1.008) I=500.6 A (raw 500.3) PF=0.9022 FB=CLOSE CMD=CLOSE
[2026-05-31 23:01:40] Bus 4: V=1.010 pu (raw 1.010) I=503.9 A (raw 503.6) PF=0.8255 FB=CLOSE CMD=CLOSE
[2026-05-31 23:01:40] Bus 5: V=1.007 pu (raw 1.007) I=484.3 A (raw 486.2) PF=0.9748 FB=CLOSE CMD=CLOSE


[2026-05-31 23:01:41] CMD DT diterapkan ke field
[2026-05-31 23:01:41] Bus 1: V=1.021 pu (raw 1.020) I=772.6 A (raw 771.1) PF=0.9774 FB=CLOSE CMD=CLOSE
[2026-05-31 23:01:41] Bus 2: V=1.012 pu (raw 1.011) I=342.8 A (raw 343.1) PF=0.9467 FB=CLOSE CMD=CLOSE
[2026-05-31 23:01:41] Bus 3: V=1.010 pu (raw 1.009) I=406.8 A (raw 408.2) PF=0.9641 FB=CLOSE CMD=CLOSE
[2026-05-31 23:01:41] Bus 4: V=1.004 pu (raw 1.010) I=447.1 A (raw 447.0) PF=0.9300 FB=CLOSE CMD=CLOSE
[2026-05-31 23:01:41] Bus 5: V=1.004 pu (raw 1.007) I=464.5 A (raw 463.4) PF=0.9786 FB=CLOSE CMD=CLOSE


[2026-05-31 23:01:42] CMD DT diterapkan ke field
[2026-05-31 23:01:42] Bus 1: V=1.017 pu (raw 1.020) I=774.0 A (raw 777.9) PF=0.9703 FB=CLOSE CMD=CLOSE
[2026-05-31 23:01:42] Bus 2: V=1.008 pu (raw 1.011) I=321.0 A (raw 318.6) PF=0.9317 FB=CLOSE CMD=CLOSE
[2026-05-31 23:01:42] Bus 3: V=1.008 pu (raw 1.009) I=457.8 A (raw 459.8) PF=0.9070 FB=CLOSE CMD=CLOSE
[2026-05-31 23:01:42] Bus 4: V=1.008 pu (raw 1.010) I=474.6 A (raw 473.9) PF=0.8773 FB=CLOSE CMD=CLOSE
[2026-05-31 23:01:42] Bus 5: V=1.008 pu (raw 1.007) I=469.0 A (raw 468.7) PF=0.9801 FB=CLOSE CMD=CLOSE


[2026-05-31 23:01:43] CMD DT diterapkan ke field
[2026-05-31 23:01:43] Bus 1: V=1.024 pu (raw 1.020) I=783.6 A (raw 782.5) PF=0.9804 FB=CLOSE CMD=CLOSE
[2026-05-31 23:01:43] Bus 2: V=1.011 pu (raw 1.011) I=290.1 A (raw 289.2) PF=0.9367 FB=CLOSE CMD=CLOSE
[2026-05-31 23:01:43] Bus 3: V=1.014 pu (raw 1.009) I=483.9 A (raw 482.5) PF=0.9696 FB=CLOSE CMD=CLOSE
[2026-05-31 23:01:43] Bus 4: V=1.013 pu (raw 1.010) I=464.9 A (raw 466.5) PF=0.8911 FB=CLOSE CMD=CLOSE
[2026-05-31 23:01:43] Bus 5: V=1.007 pu (raw 1.007) I=467.3 A (raw 466.2) PF=0.9585 FB=CLOSE CMD=CLOSE


[2026-05-31 23:01:44] CMD DT diterapkan ke field
[2026-05-31 23:01:44] Bus 1: V=1.019 pu (raw 1.020) I=807.5 A (raw 805.9) PF=0.9857 FB=CLOSE CMD=CLOSE
[2026-05-31 23:01:44] Bus 2: V=1.013 pu (raw 1.011) I=310.0 A (raw 308.6) PF=0.9747 FB=CLOSE CMD=CLOSE
[2026-05-31 23:01:44] Bus 3: V=1.008 pu (raw 1.009) I=472.4 A (raw 468.6) PF=0.9591 FB=CLOSE CMD=CLOSE
[2026-05-31 23:01:44] Bus 4: V=1.014 pu (raw 1.010) I=471.0 A (raw 471.3) PF=0.8821 FB=CLOSE CMD=CLOSE
[2026-05-31 23:01:44] Bus 5: V=1.007 pu (raw 1.007) I=487.4 A (raw 483.5) PF=0.9563 FB=CLOSE CMD=CLOSE


[2026-05-31 23:01:46] CMD DT diterapkan ke field
[2026-05-31 23:01:46] Bus 1: V=1.019 pu (raw 1.020) I=853.6 A (raw 852.3) PF=0.9789 FB=CLOSE CMD=CLOSE
[2026-05-31 23:01:46] Bus 2: V=1.013 pu (raw 1.010) I=419.0 A (raw 419.0) PF=0.9240 FB=CLOSE CMD=CLOSE
[2026-05-31 23:01:46] Bus 3: V=1.005 pu (raw 1.009) I=431.3 A (raw 431.0) PF=0.9645 FB=CLOSE CMD=CLOSE
[2026-05-31 23:01:46] Bus 4: V=1.011 pu (raw 1.010) I=489.8 A (raw 488.1) PF=0.8518 FB=CLOSE CMD=CLOSE
[2026-05-31 23:01:46] Bus 5: V=1.009 pu (raw 1.007) I=471.5 A (raw 471.5) PF=0.9546 FB=CLOSE CMD=CLOSE


[2026-05-31 23:01:47] CMD DT diterapkan ke field
[2026-05-31 23:01:47] Bus 1: V=1.023 pu (raw 1.020) I=714.7 A (raw 713.9) PF=0.9703 FB=CLOSE CMD=CLOSE
[2026-05-31 23:01:47] Bus 2: V=1.012 pu (raw 1.011) I=292.5 A (raw 292.5) PF=0.9443 FB=CLOSE CMD=CLOSE
[2026-05-31 23:01:47] Bus 3: V=1.009 pu (raw 1.010) I=380.3 A (raw 379.3) PF=0.9344 FB=CLOSE CMD=CLOSE
[2026-05-31 23:01:47] Bus 4: V=1.007 pu (raw 1.010) I=466.5 A (raw 467.4) PF=0.8894 FB=CLOSE CMD=CLOSE
[2026-05-31 23:01:47] Bus 5: V=1.007 pu (raw 1.007) I=499.4 A (raw 501.6) PF=0.9581 FB=CLOSE CMD=CLOSE


[2026-05-31 23:01:48] CMD DT diterapkan ke field
[2026-05-31 23:01:48] Bus 1: V=1.019 pu (raw 1.020) I=829.6 A (raw 832.6) PF=0.9797 FB=CLOSE CMD=CLOSE
[2026-05-31 23:01:48] Bus 2: V=1.009 pu (raw 1.011) I=390.1 A (raw 389.2) PF=0.9211 FB=CLOSE CMD=CLOSE
[2026-05-31 23:01:48] Bus 3: V=1.011 pu (raw 1.009) I=403.8 A (raw 403.9) PF=0.9615 FB=CLOSE CMD=CLOSE
[2026-05-31 23:01:48] Bus 4: V=1.009 pu (raw 1.010) I=490.6 A (raw 492.8) PF=0.8437 FB=CLOSE CMD=CLOSE
[2026-05-31 23:01:48] Bus 5: V=1.012 pu (raw 1.007) I=511.8 A (raw 511.0) PF=0.9537 FB=CLOSE CMD=CLOSE


[2026-05-31 23:01:49] CMD DT diterapkan ke field
[2026-05-31 23:01:49] Bus 1: V=1.023 pu (raw 1.020) I=719.2 A (raw 720.6) PF=0.9657 FB=CLOSE CMD=CLOSE
[2026-05-31 23:01:49] Bus 2: V=1.010 pu (raw 1.011) I=350.3 A (raw 353.0) PF=0.9221 FB=CLOSE CMD=CLOSE
[2026-05-31 23:01:49] Bus 3: V=1.012 pu (raw 1.010) I=330.5 A (raw 329.1) PF=0.9494 FB=CLOSE CMD=CLOSE
[2026-05-31 23:01:49] Bus 4: V=1.004 pu (raw 1.010) I=462.2 A (raw 462.3) PF=0.8994 FB=CLOSE CMD=CLOSE
[2026-05-31 23:01:49] Bus 5: V=1.009 pu (raw 1.007) I=493.3 A (raw 495.9) PF=0.9605 FB=CLOSE CMD=CLOSE


[2026-05-31 23:01:50] CMD DT diterapkan ke field
[2026-05-31 23:01:50] Bus 1: V=1.015 pu (raw 1.020) I=805.9 A (raw 807.5) PF=0.9690 FB=CLOSE CMD=CLOSE
[2026-05-31 23:01:50] Bus 2: V=1.008 pu (raw 1.010) I=395.4 A (raw 397.5) PF=0.9441 FB=CLOSE CMD=CLOSE
[2026-05-31 23:01:50] Bus 3: V=1.008 pu (raw 1.008) I=430.7 A (raw 430.3) PF=0.8809 FB=CLOSE CMD=CLOSE
[2026-05-31 23:01:50] Bus 4: V=1.012 pu (raw 1.010) I=474.3 A (raw 473.2) PF=0.8786 FB=CLOSE CMD=CLOSE
[2026-05-31 23:01:50] Bus 5: V=1.013 pu (raw 1.008) I=455.1 A (raw 453.4) PF=0.9853 FB=CLOSE CMD=CLOSE


[2026-05-31 23:01:51] CMD DT diterapkan ke field
[2026-05-31 23:01:51] Bus 1: V=1.016 pu (raw 1.020) I=891.5 A (raw 892.3) PF=0.9813 FB=CLOSE CMD=CLOSE
[2026-05-31 23:01:51] Bus 2: V=1.007 pu (raw 1.010) I=423.1 A (raw 424.7) PF=0.9436 FB=CLOSE CMD=CLOSE
[2026-05-31 23:01:51] Bus 3: V=1.008 pu (raw 1.008) I=474.7 A (raw 474.7) PF=0.9324 FB=CLOSE CMD=CLOSE
[2026-05-31 23:01:51] Bus 4: V=1.011 pu (raw 1.010) I=508.4 A (raw 510.8) PF=0.8139 FB=CLOSE CMD=CLOSE
[2026-05-31 23:01:51] Bus 5: V=1.003 pu (raw 1.007) I=472.0 A (raw 472.0) PF=0.9551 FB=CLOSE CMD=CLOSE


[2026-05-31 23:01:52] CMD DT diterapkan ke field
[2026-05-31 23:01:52] Bus 1: V=1.019 pu (raw 1.020) I=825.4 A (raw 825.9) PF=0.9876 FB=CLOSE CMD=CLOSE
[2026-05-31 23:01:52] Bus 2: V=1.011 pu (raw 1.011) I=315.3 A (raw 316.4) PF=0.9719 FB=CLOSE CMD=CLOSE
[2026-05-31 23:01:52] Bus 3: V=1.011 pu (raw 1.009) I=456.1 A (raw 455.6) PF=0.9575 FB=CLOSE CMD=CLOSE
[2026-05-31 23:01:52] Bus 4: V=1.010 pu (raw 1.010) I=478.0 A (raw 479.0) PF=0.8679 FB=CLOSE CMD=CLOSE
[2026-05-31 23:01:52] Bus 5: V=1.006 pu (raw 1.007) I=507.3 A (raw 511.3) PF=0.9584 FB=CLOSE CMD=CLOSE


[2026-05-31 23:01:53] CMD DT diterapkan ke field
[2026-05-31 23:01:53] Bus 1: V=1.017 pu (raw 1.020) I=797.1 A (raw 797.1) PF=0.9763 FB=CLOSE CMD=CLOSE
[2026-05-31 23:01:53] Bus 2: V=1.006 pu (raw 1.011) I=329.0 A (raw 328.7) PF=0.9082 FB=CLOSE CMD=CLOSE
[2026-05-31 23:01:53] Bus 3: V=1.009 pu (raw 1.009) I=450.1 A (raw 452.1) PF=0.9596 FB=CLOSE CMD=CLOSE
[2026-05-31 23:01:53] Bus 4: V=1.009 pu (raw 1.010) I=466.4 A (raw 466.9) PF=0.8905 FB=CLOSE CMD=CLOSE
[2026-05-31 23:01:53] Bus 5: V=1.008 pu (raw 1.007) I=477.1 A (raw 476.1) PF=0.9748 FB=CLOSE CMD=CLOSE


[2026-05-31 23:01:54] CMD DT diterapkan ke field
[2026-05-31 23:01:54] Bus 1: V=1.020 pu (raw 1.020) I=805.9 A (raw 807.2) PF=0.9882 FB=CLOSE CMD=CLOSE
[2026-05-31 23:01:54] Bus 2: V=1.011 pu (raw 1.011) I=290.9 A (raw 291.0) PF=0.9744 FB=CLOSE CMD=CLOSE
[2026-05-31 23:01:54] Bus 3: V=1.011 pu (raw 1.009) I=462.1 A (raw 461.7) PF=0.9679 FB=CLOSE CMD=CLOSE
[2026-05-31 23:01:54] Bus 4: V=1.008 pu (raw 1.010) I=442.5 A (raw 444.5) PF=0.9353 FB=CLOSE CMD=CLOSE
[2026-05-31 23:01:54] Bus 5: V=1.006 pu (raw 1.007) I=491.3 A (raw 492.4) PF=0.9853 FB=CLOSE CMD=CLOSE


[2026-05-31 23:01:55] CMD DT diterapkan ke field
[2026-05-31 23:01:55] Bus 1: V=1.017 pu (raw 1.020) I=709.7 A (raw 709.8) PF=0.9771 FB=CLOSE CMD=CLOSE
[2026-05-31 23:01:55] Bus 2: V=1.011 pu (raw 1.012) I=274.7 A (raw 274.5) PF=0.9589 FB=CLOSE CMD=CLOSE
[2026-05-31 23:01:55] Bus 3: V=1.012 pu (raw 1.010) I=376.7 A (raw 377.3) PF=0.9638 FB=CLOSE CMD=CLOSE
[2026-05-31 23:01:55] Bus 4: V=1.017 pu (raw 1.010) I=433.8 A (raw 434.2) PF=0.9574 FB=CLOSE CMD=CLOSE
[2026-05-31 23:01:55] Bus 5: V=1.010 pu (raw 1.007) I=492.5 A (raw 492.3) PF=0.9846 FB=CLOSE CMD=CLOSE


[2026-05-31 23:01:56] CMD DT diterapkan ke field
[2026-05-31 23:01:56] Bus 1: V=1.023 pu (raw 1.020) I=908.0 A (raw 911.6) PF=0.9782 FB=CLOSE CMD=CLOSE
[2026-05-31 23:01:56] Bus 2: V=1.008 pu (raw 1.010) I=419.8 A (raw 419.4) PF=0.9213 FB=CLOSE CMD=CLOSE
[2026-05-31 23:01:56] Bus 3: V=1.010 pu (raw 1.008) I=493.0 A (raw 489.5) PF=0.8897 FB=CLOSE CMD=CLOSE
[2026-05-31 23:01:56] Bus 4: V=1.011 pu (raw 1.010) I=486.4 A (raw 484.5) PF=0.8581 FB=CLOSE CMD=CLOSE
[2026-05-31 23:01:56] Bus 5: V=1.009 pu (raw 1.007) I=506.7 A (raw 505.3) PF=0.9591 FB=CLOSE CMD=CLOSE


[2026-05-31 23:01:58] CMD DT diterapkan ke field
[2026-05-31 23:01:58] Bus 1: V=1.022 pu (raw 1.020) I=762.0 A (raw 762.2) PF=0.9764 FB=CLOSE CMD=CLOSE
[2026-05-31 23:01:58] Bus 2: V=1.013 pu (raw 1.011) I=285.8 A (raw 287.5) PF=0.9155 FB=CLOSE CMD=CLOSE
[2026-05-31 23:01:58] Bus 3: V=1.014 pu (raw 1.010) I=377.6 A (raw 379.1) PF=0.9578 FB=CLOSE CMD=CLOSE
[2026-05-31 23:01:58] Bus 4: V=1.011 pu (raw 1.010) I=468.3 A (raw 465.2) PF=0.8937 FB=CLOSE CMD=CLOSE
[2026-05-31 23:01:58] Bus 5: V=1.006 pu (raw 1.007) I=513.6 A (raw 513.5) PF=0.9612 FB=CLOSE CMD=CLOSE


[2026-05-31 23:01:59] CMD DT diterapkan ke field
[2026-05-31 23:01:59] Bus 1: V=1.023 pu (raw 1.020) I=913.6 A (raw 913.6) PF=0.9842 FB=CLOSE CMD=CLOSE
[2026-05-31 23:01:59] Bus 2: V=1.008 pu (raw 1.010) I=386.5 A (raw 386.1) PF=0.9320 FB=CLOSE CMD=CLOSE
[2026-05-31 23:01:59] Bus 3: V=1.010 pu (raw 1.008) I=502.6 A (raw 501.6) PF=0.9283 FB=CLOSE CMD=CLOSE
[2026-05-31 23:01:59] Bus 4: V=1.008 pu (raw 1.010) I=537.6 A (raw 534.9) PF=0.7772 FB=CLOSE CMD=CLOSE
[2026-05-31 23:01:59] Bus 5: V=1.012 pu (raw 1.007) I=463.8 A (raw 463.8) PF=0.9674 FB=CLOSE CMD=CLOSE


[2026-05-31 23:02:01] CMD DT diterapkan ke field
[2026-05-31 23:02:01] Bus 1: V=1.021 pu (raw 1.020) I=925.6 A (raw 926.3) PF=0.9761 FB=CLOSE CMD=CLOSE
[2026-05-31 23:02:01] Bus 2: V=1.013 pu (raw 1.009) I=449.0 A (raw 450.0) PF=0.9143 FB=CLOSE CMD=CLOSE
[2026-05-31 23:02:01] Bus 3: V=1.010 pu (raw 1.008) I=511.4 A (raw 512.2) PF=0.9039 FB=CLOSE CMD=CLOSE
[2026-05-31 23:02:01] Bus 4: V=1.008 pu (raw 1.010) I=535.1 A (raw 534.1) PF=0.7784 FB=CLOSE CMD=CLOSE
[2026-05-31 23:02:01] Bus 5: V=1.011 pu (raw 1.007) I=463.8 A (raw 463.8) PF=0.9674 FB=CLOSE CMD=CLOSE


[2026-05-31 23:02:02] CMD DT diterapkan ke field
[2026-05-31 23:02:02] Bus 1: V=1.018 pu (raw 1.020) I=846.7 A (raw 845.5) PF=0.9755 FB=CLOSE CMD=CLOSE
[2026-05-31 23:02:02] Bus 2: V=1.010 pu (raw 1.010) I=404.1 A (raw 403.6) PF=0.9251 FB=CLOSE CMD=CLOSE
[2026-05-31 23:02:02] Bus 3: V=1.013 pu (raw 1.008) I=441.1 A (raw 439.4) PF=0.9260 FB=CLOSE CMD=CLOSE
[2026-05-31 23:02:02] Bus 4: V=1.008 pu (raw 1.010) I=492.6 A (raw 489.2) PF=0.8499 FB=CLOSE CMD=CLOSE
[2026-05-31 23:02:02] Bus 5: V=1.007 pu (raw 1.007) I=477.0 A (raw 475.9) PF=0.9731 FB=CLOSE CMD=CLOSE


[2026-05-31 23:02:03] CMD DT diterapkan ke field
[2026-05-31 23:02:03] Bus 1: V=1.018 pu (raw 1.020) I=684.3 A (raw 684.4) PF=0.9702 FB=CLOSE CMD=CLOSE
[2026-05-31 23:02:03] Bus 2: V=1.007 pu (raw 1.012) I=315.2 A (raw 312.6) PF=0.9567 FB=CLOSE CMD=CLOSE
[2026-05-31 23:02:03] Bus 3: V=1.014 pu (raw 1.010) I=322.1 A (raw 323.9) PF=0.9633 FB=CLOSE CMD=CLOSE
[2026-05-31 23:02:03] Bus 4: V=1.005 pu (raw 1.010) I=430.6 A (raw 433.0) PF=0.9601 FB=CLOSE CMD=CLOSE
[2026-05-31 23:02:03] Bus 5: V=1.011 pu (raw 1.007) I=480.5 A (raw 481.2) PF=0.9788 FB=CLOSE CMD=CLOSE


[2026-05-31 23:02:04] CMD DT diterapkan ke field
[2026-05-31 23:02:04] Bus 1: V=1.020 pu (raw 1.020) I=823.1 A (raw 823.6) PF=0.9757 FB=CLOSE CMD=CLOSE
[2026-05-31 23:02:04] Bus 2: V=1.010 pu (raw 1.010) I=392.0 A (raw 393.6) PF=0.9537 FB=CLOSE CMD=CLOSE
[2026-05-31 23:02:04] Bus 3: V=1.009 pu (raw 1.009) I=414.3 A (raw 416.4) PF=0.8863 FB=CLOSE CMD=CLOSE
[2026-05-31 23:02:04] Bus 4: V=1.010 pu (raw 1.010) I=483.5 A (raw 483.0) PF=0.8607 FB=CLOSE CMD=CLOSE
[2026-05-31 23:02:04] Bus 5: V=1.008 pu (raw 1.007) I=474.8 A (raw 475.1) PF=0.9663 FB=CLOSE CMD=CLOSE


[2026-05-31 23:02:05] CMD DT diterapkan ke field
[2026-05-31 23:02:05] Bus 1: V=1.017 pu (raw 1.020) I=791.8 A (raw 791.6) PF=0.9774 FB=CLOSE CMD=CLOSE
[2026-05-31 23:02:05] Bus 2: V=1.010 pu (raw 1.011) I=321.1 A (raw 318.8) PF=0.9678 FB=CLOSE CMD=CLOSE
[2026-05-31 23:02:05] Bus 3: V=1.011 pu (raw 1.009) I=467.9 A (raw 468.0) PF=0.9070 FB=CLOSE CMD=CLOSE
[2026-05-31 23:02:05] Bus 4: V=1.009 pu (raw 1.010) I=464.5 A (raw 465.6) PF=0.8929 FB=CLOSE CMD=CLOSE
[2026-05-31 23:02:05] Bus 5: V=1.004 pu (raw 1.007) I=503.0 A (raw 503.6) PF=0.9771 FB=CLOSE CMD=CLOSE


[2026-05-31 23:02:06] CMD DT diterapkan ke field
[2026-05-31 23:02:06] Bus 1: V=1.021 pu (raw 1.020) I=752.3 A (raw 751.5) PF=0.9685 FB=CLOSE CMD=CLOSE
[2026-05-31 23:02:06] Bus 2: V=1.013 pu (raw 1.011) I=352.1 A (raw 349.0) PF=0.9237 FB=CLOSE CMD=CLOSE
[2026-05-31 23:02:06] Bus 3: V=1.007 pu (raw 1.009) I=361.7 A (raw 361.6) PF=0.9178 FB=CLOSE CMD=CLOSE
[2026-05-31 23:02:06] Bus 4: V=1.018 pu (raw 1.010) I=473.0 A (raw 475.8) PF=0.8737 FB=CLOSE CMD=CLOSE
[2026-05-31 23:02:06] Bus 5: V=1.005 pu (raw 1.007) I=461.1 A (raw 460.8) PF=0.9615 FB=CLOSE CMD=CLOSE


[2026-05-31 23:02:07] CMD DT diterapkan ke field
[2026-05-31 23:02:07] Bus 1: V=1.020 pu (raw 1.020) I=805.8 A (raw 805.2) PF=0.9736 FB=CLOSE CMD=CLOSE
[2026-05-31 23:02:07] Bus 2: V=1.009 pu (raw 1.010) I=422.3 A (raw 421.8) PF=0.9492 FB=CLOSE CMD=CLOSE
[2026-05-31 23:02:07] Bus 3: V=1.009 pu (raw 1.009) I=450.7 A (raw 449.5) PF=0.9218 FB=CLOSE CMD=CLOSE
[2026-05-31 23:02:07] Bus 4: V=1.004 pu (raw 1.010) I=492.0 A (raw 493.3) PF=0.8428 FB=CLOSE CMD=CLOSE
[2026-05-31 23:02:07] Bus 5: V=1.007 pu (raw 1.007) I=484.8 A (raw 486.3) PF=0.9585 FB=CLOSE CMD=CLOSE


[2026-05-31 23:02:08] CMD DT diterapkan ke field
[2026-05-31 23:02:08] Bus 1: V=1.017 pu (raw 1.020) I=808.3 A (raw 807.3) PF=0.9768 FB=CLOSE CMD=CLOSE
[2026-05-31 23:02:08] Bus 2: V=1.009 pu (raw 1.011) I=346.1 A (raw 345.2) PF=0.9464 FB=CLOSE CMD=CLOSE
[2026-05-31 23:02:08] Bus 3: V=1.011 pu (raw 1.009) I=450.0 A (raw 449.5) PF=0.9218 FB=CLOSE CMD=CLOSE
[2026-05-31 23:02:08] Bus 4: V=1.012 pu (raw 1.010) I=486.3 A (raw 486.4) PF=0.8547 FB=CLOSE CMD=CLOSE
[2026-05-31 23:02:08] Bus 5: V=1.003 pu (raw 1.007) I=460.9 A (raw 460.9) PF=0.9706 FB=CLOSE CMD=CLOSE


[2026-05-31 23:02:09] CMD DT diterapkan ke field
[2026-05-31 23:02:09] Bus 1: V=1.021 pu (raw 1.020) I=815.9 A (raw 816.7) PF=0.9780 FB=CLOSE CMD=CLOSE
[2026-05-31 23:02:09] Bus 2: V=1.011 pu (raw 1.011) I=344.1 A (raw 343.0) PF=0.9721 FB=CLOSE CMD=CLOSE
[2026-05-31 23:02:09] Bus 3: V=1.005 pu (raw 1.008) I=488.6 A (raw 487.6) PF=0.8953 FB=CLOSE CMD=CLOSE
[2026-05-31 23:02:09] Bus 4: V=1.016 pu (raw 1.010) I=485.6 A (raw 486.4) PF=0.8547 FB=CLOSE CMD=CLOSE
[2026-05-31 23:02:09] Bus 5: V=1.007 pu (raw 1.007) I=460.7 A (raw 460.9) PF=0.9706 FB=CLOSE CMD=CLOSE


[2026-05-31 23:02:10] CMD DT diterapkan ke field
[2026-05-31 23:02:10] Bus 1: V=1.025 pu (raw 1.020) I=874.3 A (raw 873.9) PF=0.9820 FB=CLOSE CMD=CLOSE
[2026-05-31 23:02:10] Bus 2: V=1.013 pu (raw 1.010) I=385.7 A (raw 386.7) PF=0.9268 FB=CLOSE CMD=CLOSE
[2026-05-31 23:02:10] Bus 3: V=1.009 pu (raw 1.009) I=464.3 A (raw 464.3) PF=0.9476 FB=CLOSE CMD=CLOSE
[2026-05-31 23:02:10] Bus 4: V=1.005 pu (raw 1.010) I=507.1 A (raw 504.9) PF=0.8234 FB=CLOSE CMD=CLOSE
[2026-05-31 23:02:10] Bus 5: V=1.010 pu (raw 1.007) I=496.0 A (raw 498.7) PF=0.9590 FB=CLOSE CMD=CLOSE


[2026-05-31 23:02:11] CMD DT diterapkan ke field
[2026-05-31 23:02:11] Bus 1: V=1.022 pu (raw 1.020) I=735.5 A (raw 735.7) PF=0.9647 FB=CLOSE CMD=CLOSE
[2026-05-31 23:02:11] Bus 2: V=1.012 pu (raw 1.011) I=322.8 A (raw 322.2) PF=0.9020 FB=CLOSE CMD=CLOSE
[2026-05-31 23:02:11] Bus 3: V=1.005 pu (raw 1.009) I=379.3 A (raw 379.6) PF=0.9228 FB=CLOSE CMD=CLOSE
[2026-05-31 23:02:11] Bus 4: V=1.014 pu (raw 1.010) I=488.8 A (raw 489.7) PF=0.8490 FB=CLOSE CMD=CLOSE
[2026-05-31 23:02:11] Bus 5: V=1.004 pu (raw 1.007) I=509.6 A (raw 511.6) PF=0.9529 FB=CLOSE CMD=CLOSE


[2026-05-31 23:02:12] CMD DT diterapkan ke field
[2026-05-31 23:02:12] Bus 1: V=1.016 pu (raw 1.020) I=737.7 A (raw 737.2) PF=0.9723 FB=CLOSE CMD=CLOSE
[2026-05-31 23:02:12] Bus 2: V=1.016 pu (raw 1.011) I=341.6 A (raw 341.0) PF=0.9504 FB=CLOSE CMD=CLOSE
[2026-05-31 23:02:12] Bus 3: V=1.010 pu (raw 1.009) I=366.5 A (raw 363.1) PF=0.9427 FB=CLOSE CMD=CLOSE
[2026-05-31 23:02:12] Bus 4: V=1.008 pu (raw 1.010) I=462.1 A (raw 463.1) PF=0.8978 FB=CLOSE CMD=CLOSE
[2026-05-31 23:02:12] Bus 5: V=1.009 pu (raw 1.007) I=489.4 A (raw 488.5) PF=0.9598 FB=CLOSE CMD=CLOSE


[2026-05-31 23:02:13] CMD DT diterapkan ke field
[2026-05-31 23:02:13] Bus 1: V=1.017 pu (raw 1.020) I=736.7 A (raw 738.4) PF=0.9715 FB=CLOSE CMD=CLOSE
[2026-05-31 23:02:13] Bus 2: V=1.012 pu (raw 1.011) I=294.2 A (raw 293.8) PF=0.9766 FB=CLOSE CMD=CLOSE
[2026-05-31 23:02:13] Bus 3: V=1.005 pu (raw 1.009) I=444.0 A (raw 444.3) PF=0.8845 FB=CLOSE CMD=CLOSE
[2026-05-31 23:02:13] Bus 4: V=1.008 pu (raw 1.010) I=457.7 A (raw 457.0) PF=0.9096 FB=CLOSE CMD=CLOSE
[2026-05-31 23:02:13] Bus 5: V=1.007 pu (raw 1.007) I=463.1 A (raw 463.3) PF=0.9839 FB=CLOSE CMD=CLOSE


[2026-05-31 23:02:14] CMD DT diterapkan ke field
[2026-05-31 23:02:14] Bus 1: V=1.019 pu (raw 1.020) I=815.9 A (raw 814.3) PF=0.9856 FB=CLOSE CMD=CLOSE
[2026-05-31 23:02:14] Bus 2: V=1.015 pu (raw 1.011) I=342.3 A (raw 342.9) PF=0.9641 FB=CLOSE CMD=CLOSE
[2026-05-31 23:02:14] Bus 3: V=1.012 pu (raw 1.009) I=428.3 A (raw 429.5) PF=0.9689 FB=CLOSE CMD=CLOSE
[2026-05-31 23:02:14] Bus 4: V=1.010 pu (raw 1.010) I=442.7 A (raw 441.6) PF=0.9415 FB=CLOSE CMD=CLOSE
[2026-05-31 23:02:14] Bus 5: V=1.012 pu (raw 1.007) I=479.0 A (raw 479.6) PF=0.9880 FB=CLOSE CMD=CLOSE


[2026-05-31 23:02:15] CMD DT diterapkan ke field
[2026-05-31 23:02:15] Bus 1: V=1.020 pu (raw 1.020) I=905.9 A (raw 905.6) PF=0.9843 FB=CLOSE CMD=CLOSE
[2026-05-31 23:02:15] Bus 2: V=1.006 pu (raw 1.010) I=420.2 A (raw 420.2) PF=0.9490 FB=CLOSE CMD=CLOSE
[2026-05-31 23:02:15] Bus 3: V=1.006 pu (raw 1.008) I=459.4 A (raw 458.8) PF=0.9254 FB=CLOSE CMD=CLOSE
[2026-05-31 23:02:15] Bus 4: V=1.007 pu (raw 1.010) I=499.4 A (raw 502.3) PF=0.8276 FB=CLOSE CMD=CLOSE
[2026-05-31 23:02:15] Bus 5: V=1.007 pu (raw 1.007) I=500.8 A (raw 500.4) PF=0.9719 FB=CLOSE CMD=CLOSE


[2026-05-31 23:02:16] CMD DT diterapkan ke field
[2026-05-31 23:02:16] Bus 1: V=1.018 pu (raw 1.020) I=843.3 A (raw 841.9) PF=0.9777 FB=CLOSE CMD=CLOSE
[2026-05-31 23:02:16] Bus 2: V=1.009 pu (raw 1.010) I=415.6 A (raw 416.5) PF=0.9595 FB=CLOSE CMD=CLOSE
[2026-05-31 23:02:16] Bus 3: V=1.010 pu (raw 1.009) I=425.3 A (raw 427.7) PF=0.9033 FB=CLOSE CMD=CLOSE
[2026-05-31 23:02:16] Bus 4: V=1.008 pu (raw 1.010) I=480.9 A (raw 480.9) PF=0.8644 FB=CLOSE CMD=CLOSE
[2026-05-31 23:02:16] Bus 5: V=1.010 pu (raw 1.007) I=467.0 A (raw 467.3) PF=0.9755 FB=CLOSE CMD=CLOSE


[2026-05-31 23:02:17] CMD DT diterapkan ke field
[2026-05-31 23:02:17] Bus 1: V=1.021 pu (raw 1.020) I=838.4 A (raw 839.4) PF=0.9741 FB=CLOSE CMD=CLOSE
[2026-05-31 23:02:17] Bus 2: V=1.011 pu (raw 1.010) I=405.2 A (raw 402.7) PF=0.9417 FB=CLOSE CMD=CLOSE
[2026-05-31 23:02:17] Bus 3: V=1.006 pu (raw 1.008) I=456.9 A (raw 453.4) PF=0.9047 FB=CLOSE CMD=CLOSE
[2026-05-31 23:02:17] Bus 4: V=1.008 pu (raw 1.010) I=502.1 A (raw 502.0) PF=0.8281 FB=CLOSE CMD=CLOSE
[2026-05-31 23:02:17] Bus 5: V=1.008 pu (raw 1.007) I=466.5 A (raw 465.0) PF=0.9614 FB=CLOSE CMD=CLOSE


[2026-05-31 23:02:18] CMD DT diterapkan ke field
[2026-05-31 23:02:18] Bus 1: V=1.016 pu (raw 1.020) I=758.6 A (raw 761.8) PF=0.9648 FB=CLOSE CMD=CLOSE
[2026-05-31 23:02:18] Bus 2: V=1.013 pu (raw 1.011) I=327.5 A (raw 326.3) PF=0.9256 FB=CLOSE CMD=CLOSE
[2026-05-31 23:02:18] Bus 3: V=1.011 pu (raw 1.009) I=448.3 A (raw 444.3) PF=0.8925 FB=CLOSE CMD=CLOSE
[2026-05-31 23:02:18] Bus 4: V=1.011 pu (raw 1.010) I=477.2 A (raw 476.8) PF=0.8719 FB=CLOSE CMD=CLOSE
[2026-05-31 23:02:18] Bus 5: V=1.010 pu (raw 1.007) I=465.9 A (raw 465.3) PF=0.9778 FB=CLOSE CMD=CLOSE


[2026-05-31 23:02:19] CMD DT diterapkan ke field
[2026-05-31 23:02:19] Bus 1: V=1.025 pu (raw 1.020) I=814.8 A (raw 816.6) PF=0.9696 FB=CLOSE CMD=CLOSE
[2026-05-31 23:02:19] Bus 2: V=1.009 pu (raw 1.010) I=403.5 A (raw 408.7) PF=0.9051 FB=CLOSE CMD=CLOSE
[2026-05-31 23:02:19] Bus 3: V=1.011 pu (raw 1.009) I=404.1 A (raw 404.7) PF=0.9288 FB=CLOSE CMD=CLOSE
[2026-05-31 23:02:19] Bus 4: V=1.013 pu (raw 1.010) I=502.4 A (raw 499.2) PF=0.8328 FB=CLOSE CMD=CLOSE
[2026-05-31 23:02:19] Bus 5: V=1.007 pu (raw 1.007) I=484.7 A (raw 485.0) PF=0.9583 FB=CLOSE CMD=CLOSE


[2026-05-31 23:02:20] CMD DT diterapkan ke field
[2026-05-31 23:02:20] Bus 1: V=1.019 pu (raw 1.020) I=808.8 A (raw 810.0) PF=0.9847 FB=CLOSE CMD=CLOSE
[2026-05-31 23:02:20] Bus 2: V=1.009 pu (raw 1.011) I=335.2 A (raw 334.2) PF=0.9724 FB=CLOSE CMD=CLOSE
[2026-05-31 23:02:20] Bus 3: V=1.009 pu (raw 1.009) I=427.8 A (raw 427.7) PF=0.9426 FB=CLOSE CMD=CLOSE
[2026-05-31 23:02:20] Bus 4: V=1.009 pu (raw 1.010) I=459.3 A (raw 457.9) PF=0.9079 FB=CLOSE CMD=CLOSE
[2026-05-31 23:02:20] Bus 5: V=1.008 pu (raw 1.007) I=497.0 A (raw 497.2) PF=0.9806 FB=CLOSE CMD=CLOSE


[2026-05-31 23:02:21] CMD DT diterapkan ke field
[2026-05-31 23:02:21] Bus 1: V=1.022 pu (raw 1.020) I=776.9 A (raw 777.2) PF=0.9714 FB=CLOSE CMD=CLOSE
[2026-05-31 23:02:21] Bus 2: V=1.008 pu (raw 1.011) I=356.3 A (raw 354.2) PF=0.9005 FB=CLOSE CMD=CLOSE
[2026-05-31 23:02:21] Bus 3: V=1.010 pu (raw 1.009) I=385.7 A (raw 387.2) PF=0.9478 FB=CLOSE CMD=CLOSE
[2026-05-31 23:02:21] Bus 4: V=1.013 pu (raw 1.010) I=454.3 A (raw 453.8) PF=0.9161 FB=CLOSE CMD=CLOSE
[2026-05-31 23:02:21] Bus 5: V=1.002 pu (raw 1.007) I=495.6 A (raw 493.2) PF=0.9881 FB=CLOSE CMD=CLOSE


[2026-05-31 23:02:22] CMD DT diterapkan ke field
[2026-05-31 23:02:22] Bus 1: V=1.021 pu (raw 1.020) I=777.7 A (raw 776.4) PF=0.9766 FB=CLOSE CMD=CLOSE
[2026-05-31 23:02:22] Bus 2: V=1.012 pu (raw 1.011) I=338.2 A (raw 338.5) PF=0.9598 FB=CLOSE CMD=CLOSE
[2026-05-31 23:02:22] Bus 3: V=1.004 pu (raw 1.009) I=426.7 A (raw 425.2) PF=0.9343 FB=CLOSE CMD=CLOSE
[2026-05-31 23:02:22] Bus 4: V=1.010 pu (raw 1.010) I=473.5 A (raw 473.9) PF=0.8772 FB=CLOSE CMD=CLOSE
[2026-05-31 23:02:22] Bus 5: V=1.008 pu (raw 1.007) I=474.2 A (raw 474.1) PF=0.9588 FB=CLOSE CMD=CLOSE


[2026-05-31 23:02:23] CMD DT diterapkan ke field
[2026-05-31 23:02:23] Bus 1: V=1.022 pu (raw 1.020) I=762.8 A (raw 763.3) PF=0.9664 FB=CLOSE CMD=CLOSE
[2026-05-31 23:02:23] Bus 2: V=1.011 pu (raw 1.011) I=359.9 A (raw 363.1) PF=0.9023 FB=CLOSE CMD=CLOSE
[2026-05-31 23:02:23] Bus 3: V=1.008 pu (raw 1.009) I=388.4 A (raw 387.4) PF=0.9411 FB=CLOSE CMD=CLOSE
[2026-05-31 23:02:23] Bus 4: V=1.014 pu (raw 1.010) I=482.0 A (raw 482.5) PF=0.8616 FB=CLOSE CMD=CLOSE
[2026-05-31 23:02:23] Bus 5: V=1.007 pu (raw 1.007) I=487.6 A (raw 485.3) PF=0.9566 FB=CLOSE CMD=CLOSE


[2026-05-31 23:02:24] CMD DT diterapkan ke field
[2026-05-31 23:02:24] Bus 1: V=1.019 pu (raw 1.020) I=815.1 A (raw 814.0) PF=0.9669 FB=CLOSE CMD=CLOSE
[2026-05-31 23:02:24] Bus 2: V=1.015 pu (raw 1.010) I=365.6 A (raw 365.5) PF=0.9102 FB=CLOSE CMD=CLOSE
[2026-05-31 23:02:24] Bus 3: V=1.012 pu (raw 1.008) I=463.1 A (raw 464.1) PF=0.8824 FB=CLOSE CMD=CLOSE
[2026-05-31 23:02:24] Bus 4: V=1.011 pu (raw 1.010) I=504.9 A (raw 505.0) PF=0.8232 FB=CLOSE CMD=CLOSE
[2026-05-31 23:02:24] Bus 5: V=1.007 pu (raw 1.007) I=478.3 A (raw 476.6) PF=0.9726 FB=CLOSE CMD=CLOSE


[2026-05-31 23:02:25] CMD DT diterapkan ke field
[2026-05-31 23:02:25] Bus 1: V=1.027 pu (raw 1.020) I=651.3 A (raw 652.3) PF=0.9566 FB=CLOSE CMD=CLOSE
[2026-05-31 23:02:25] Bus 2: V=1.010 pu (raw 1.012) I=277.9 A (raw 277.1) PF=0.9514 FB=CLOSE CMD=CLOSE
[2026-05-31 23:02:25] Bus 3: V=1.007 pu (raw 1.010) I=362.2 A (raw 361.4) PF=0.9216 FB=CLOSE CMD=CLOSE
[2026-05-31 23:02:25] Bus 4: V=1.012 pu (raw 1.010) I=447.0 A (raw 447.4) PF=0.9292 FB=CLOSE CMD=CLOSE
[2026-05-31 23:02:25] Bus 5: V=1.009 pu (raw 1.007) I=459.4 A (raw 461.7) PF=0.9652 FB=CLOSE CMD=CLOSE


[2026-05-31 23:02:26] CMD DT diterapkan ke field
[2026-05-31 23:02:26] Bus 1: V=1.022 pu (raw 1.020) I=804.9 A (raw 807.2) PF=0.9755 FB=CLOSE CMD=CLOSE
[2026-05-31 23:02:26] Bus 2: V=1.009 pu (raw 1.011) I=315.2 A (raw 316.0) PF=0.9261 FB=CLOSE CMD=CLOSE
[2026-05-31 23:02:26] Bus 3: V=1.008 pu (raw 1.009) I=472.9 A (raw 471.6) PF=0.9141 FB=CLOSE CMD=CLOSE
[2026-05-31 23:02:26] Bus 4: V=1.010 pu (raw 1.010) I=477.8 A (raw 478.4) PF=0.8691 FB=CLOSE CMD=CLOSE
[2026-05-31 23:02:26] Bus 5: V=1.009 pu (raw 1.007) I=492.7 A (raw 490.3) PF=0.9833 FB=CLOSE CMD=CLOSE


[2026-05-31 23:02:27] CMD DT diterapkan ke field
[2026-05-31 23:02:27] Bus 1: V=1.020 pu (raw 1.020) I=807.8 A (raw 807.2) PF=0.9755 FB=CLOSE CMD=CLOSE
[2026-05-31 23:02:27] Bus 2: V=1.015 pu (raw 1.011) I=316.4 A (raw 316.0) PF=0.9261 FB=CLOSE CMD=CLOSE
[2026-05-31 23:02:27] Bus 3: V=1.005 pu (raw 1.009) I=475.3 A (raw 471.6) PF=0.9285 FB=CLOSE CMD=CLOSE
[2026-05-31 23:02:27] Bus 4: V=1.017 pu (raw 1.010) I=467.8 A (raw 470.7) PF=0.8831 FB=CLOSE CMD=CLOSE
[2026-05-31 23:02:27] Bus 5: V=1.007 pu (raw 1.007) I=514.4 A (raw 513.8) PF=0.9640 FB=CLOSE CMD=CLOSE


[2026-05-31 23:02:29] CMD DT diterapkan ke field
[2026-05-31 23:02:29] Bus 1: V=1.023 pu (raw 1.020) I=861.8 A (raw 860.8) PF=0.9865 FB=CLOSE CMD=CLOSE
[2026-05-31 23:02:29] Bus 2: V=1.010 pu (raw 1.011) I=373.4 A (raw 375.0) PF=0.9625 FB=CLOSE CMD=CLOSE
[2026-05-31 23:02:29] Bus 3: V=1.009 pu (raw 1.009) I=438.1 A (raw 436.6) PF=0.9479 FB=CLOSE CMD=CLOSE
[2026-05-31 23:02:29] Bus 4: V=1.007 pu (raw 1.010) I=490.9 A (raw 492.4) PF=0.8442 FB=CLOSE CMD=CLOSE
[2026-05-31 23:02:29] Bus 5: V=1.007 pu (raw 1.007) I=511.4 A (raw 514.3) PF=0.9580 FB=CLOSE CMD=CLOSE


[2026-05-31 23:02:30] CMD DT diterapkan ke field
[2026-05-31 23:02:30] Bus 1: V=1.019 pu (raw 1.020) I=675.2 A (raw 675.8) PF=0.9593 FB=CLOSE CMD=CLOSE
[2026-05-31 23:02:30] Bus 2: V=1.012 pu (raw 1.011) I=286.9 A (raw 287.9) PF=0.9122 FB=CLOSE CMD=CLOSE
[2026-05-31 23:02:30] Bus 3: V=1.007 pu (raw 1.010) I=352.1 A (raw 352.7) PF=0.9403 FB=CLOSE CMD=CLOSE
[2026-05-31 23:02:30] Bus 4: V=1.010 pu (raw 1.010) I=459.2 A (raw 460.2) PF=0.9033 FB=CLOSE CMD=CLOSE
[2026-05-31 23:02:30] Bus 5: V=1.007 pu (raw 1.007) I=494.0 A (raw 492.9) PF=0.9587 FB=CLOSE CMD=CLOSE


[2026-05-31 23:02:31] CMD DT diterapkan ke field
[2026-05-31 23:02:31] Bus 1: V=1.024 pu (raw 1.020) I=789.9 A (raw 787.3) PF=0.9786 FB=CLOSE CMD=CLOSE
[2026-05-31 23:02:31] Bus 2: V=1.009 pu (raw 1.011) I=382.7 A (raw 383.3) PF=0.9614 FB=CLOSE CMD=CLOSE
[2026-05-31 23:02:31] Bus 3: V=1.002 pu (raw 1.009) I=364.7 A (raw 361.8) PF=0.9347 FB=CLOSE CMD=CLOSE
[2026-05-31 23:02:31] Bus 4: V=1.008 pu (raw 1.010) I=478.0 A (raw 478.1) PF=0.8696 FB=CLOSE CMD=CLOSE
[2026-05-31 23:02:31] Bus 5: V=1.009 pu (raw 1.007) I=503.1 A (raw 505.1) PF=0.9546 FB=CLOSE CMD=CLOSE


[2026-05-31 23:02:32] CMD DT diterapkan ke field
[2026-05-31 23:02:32] Bus 1: V=1.021 pu (raw 1.020) I=787.3 A (raw 787.3) PF=0.9786 FB=CLOSE CMD=CLOSE
[2026-05-31 23:02:32] Bus 2: V=1.006 pu (raw 1.011) I=383.8 A (raw 383.3) PF=0.9614 FB=CLOSE CMD=CLOSE
[2026-05-31 23:02:32] Bus 3: V=1.013 pu (raw 1.009) I=370.0 A (raw 372.8) PF=0.8823 FB=CLOSE CMD=CLOSE
[2026-05-31 23:02:32] Bus 4: V=1.012 pu (raw 1.010) I=461.2 A (raw 460.9) PF=0.9019 FB=CLOSE CMD=CLOSE
[2026-05-31 23:02:32] Bus 5: V=1.008 pu (raw 1.007) I=470.6 A (raw 469.9) PF=0.9771 FB=CLOSE CMD=CLOSE


[2026-05-31 23:02:33] CMD DT diterapkan ke field
[2026-05-31 23:02:33] Bus 1: V=1.024 pu (raw 1.020) I=913.3 A (raw 913.7) PF=0.9783 FB=CLOSE CMD=CLOSE
[2026-05-31 23:02:33] Bus 2: V=1.013 pu (raw 1.010) I=438.8 A (raw 439.4) PF=0.9317 FB=CLOSE CMD=CLOSE
[2026-05-31 23:02:33] Bus 3: V=1.010 pu (raw 1.008) I=477.1 A (raw 478.3) PF=0.8868 FB=CLOSE CMD=CLOSE
[2026-05-31 23:02:33] Bus 4: V=1.010 pu (raw 1.010) I=526.1 A (raw 523.5) PF=0.7942 FB=CLOSE CMD=CLOSE
[2026-05-31 23:02:33] Bus 5: V=1.008 pu (raw 1.007) I=491.0 A (raw 491.2) PF=0.9751 FB=CLOSE CMD=CLOSE


[2026-05-31 23:02:34] CMD DT diterapkan ke field
[2026-05-31 23:02:34] Bus 1: V=1.017 pu (raw 1.020) I=767.3 A (raw 768.5) PF=0.9773 FB=CLOSE CMD=CLOSE
[2026-05-31 23:02:34] Bus 2: V=1.012 pu (raw 1.011) I=287.8 A (raw 286.4) PF=0.9618 FB=CLOSE CMD=CLOSE
[2026-05-31 23:02:34] Bus 3: V=1.010 pu (raw 1.009) I=477.0 A (raw 476.2) PF=0.9340 FB=CLOSE CMD=CLOSE
[2026-05-31 23:02:34] Bus 4: V=1.010 pu (raw 1.010) I=449.3 A (raw 447.3) PF=0.9294 FB=CLOSE CMD=CLOSE
[2026-05-31 23:02:34] Bus 5: V=1.007 pu (raw 1.008) I=453.1 A (raw 453.9) PF=0.9894 FB=CLOSE CMD=CLOSE


[2026-05-31 23:02:35] CMD DT diterapkan ke field
[2026-05-31 23:02:35] Bus 1: V=1.023 pu (raw 1.020) I=833.8 A (raw 833.7) PF=0.9735 FB=CLOSE CMD=CLOSE
[2026-05-31 23:02:35] Bus 2: V=1.009 pu (raw 1.010) I=410.7 A (raw 411.5) PF=0.9278 FB=CLOSE CMD=CLOSE
[2026-05-31 23:02:35] Bus 3: V=1.008 pu (raw 1.009) I=416.0 A (raw 415.1) PF=0.9134 FB=CLOSE CMD=CLOSE
[2026-05-31 23:02:35] Bus 4: V=1.011 pu (raw 1.010) I=497.6 A (raw 499.4) PF=0.8324 FB=CLOSE CMD=CLOSE
[2026-05-31 23:02:35] Bus 5: V=1.008 pu (raw 1.007) I=487.4 A (raw 487.2) PF=0.9636 FB=CLOSE CMD=CLOSE


[2026-05-31 23:02:36] CMD DT diterapkan ke field
[2026-05-31 23:02:36] Bus 1: V=1.017 pu (raw 1.020) I=793.6 A (raw 792.4) PF=0.9819 FB=CLOSE CMD=CLOSE
[2026-05-31 23:02:36] Bus 2: V=1.010 pu (raw 1.011) I=405.2 A (raw 405.7) PF=0.9658 FB=CLOSE CMD=CLOSE
[2026-05-31 23:02:36] Bus 3: V=1.012 pu (raw 1.010) I=341.7 A (raw 339.8) PF=0.9665 FB=CLOSE CMD=CLOSE
[2026-05-31 23:02:36] Bus 4: V=1.008 pu (raw 1.010) I=440.9 A (raw 440.2) PF=0.9444 FB=CLOSE CMD=CLOSE
[2026-05-31 23:02:36] Bus 5: V=1.004 pu (raw 1.007) I=487.6 A (raw 484.2) PF=0.9831 FB=CLOSE CMD=CLOSE


[2026-05-31 23:02:37] CMD DT diterapkan ke field
[2026-05-31 23:02:37] Bus 1: V=1.019 pu (raw 1.020) I=852.5 A (raw 850.7) PF=0.9819 FB=CLOSE CMD=CLOSE
[2026-05-31 23:02:37] Bus 2: V=1.008 pu (raw 1.010) I=396.9 A (raw 395.7) PF=0.9348 FB=CLOSE CMD=CLOSE
[2026-05-31 23:02:37] Bus 3: V=1.016 pu (raw 1.009) I=437.5 A (raw 441.3) PF=0.9669 FB=CLOSE CMD=CLOSE
[2026-05-31 23:02:37] Bus 4: V=1.009 pu (raw 1.010) I=459.8 A (raw 459.0) PF=0.9057 FB=CLOSE CMD=CLOSE
[2026-05-31 23:02:37] Bus 5: V=1.007 pu (raw 1.007) I=464.2 A (raw 465.2) PF=0.9823 FB=CLOSE CMD=CLOSE


[2026-05-31 23:02:38] CMD DT diterapkan ke field
[2026-05-31 23:02:38] Bus 1: V=1.026 pu (raw 1.020) I=782.3 A (raw 782.2) PF=0.9742 FB=CLOSE CMD=CLOSE
[2026-05-31 23:02:38] Bus 2: V=1.006 pu (raw 1.011) I=367.2 A (raw 365.9) PF=0.9387 FB=CLOSE CMD=CLOSE
[2026-05-31 23:02:38] Bus 3: V=1.004 pu (raw 1.009) I=403.6 A (raw 401.8) PF=0.9458 FB=CLOSE CMD=CLOSE
[2026-05-31 23:02:38] Bus 4: V=1.008 pu (raw 1.010) I=451.7 A (raw 451.4) PF=0.9209 FB=CLOSE CMD=CLOSE
[2026-05-31 23:02:38] Bus 5: V=1.011 pu (raw 1.007) I=464.4 A (raw 464.2) PF=0.9841 FB=CLOSE CMD=CLOSE


[2026-05-31 23:02:39] CMD DT diterapkan ke field
[2026-05-31 23:02:39] Bus 1: V=1.016 pu (raw 1.020) I=907.9 A (raw 910.4) PF=0.9757 FB=CLOSE CMD=CLOSE
[2026-05-31 23:02:39] Bus 2: V=1.013 pu (raw 1.009) I=430.7 A (raw 429.6) PF=0.9069 FB=CLOSE CMD=CLOSE
[2026-05-31 23:02:39] Bus 3: V=1.006 pu (raw 1.008) I=500.5 A (raw 499.2) PF=0.9019 FB=CLOSE CMD=CLOSE
[2026-05-31 23:02:39] Bus 4: V=1.011 pu (raw 1.010) I=526.9 A (raw 525.9) PF=0.7905 FB=CLOSE CMD=CLOSE
[2026-05-31 23:02:39] Bus 5: V=1.000 pu (raw 1.007) I=479.0 A (raw 479.5) PF=0.9744 FB=CLOSE CMD=CLOSE


[2026-05-31 23:02:40] CMD DT diterapkan ke field
[2026-05-31 23:02:40] Bus 1: V=1.023 pu (raw 1.020) I=826.6 A (raw 825.5) PF=0.9685 FB=CLOSE CMD=CLOSE
[2026-05-31 23:02:40] Bus 2: V=1.013 pu (raw 1.010) I=349.8 A (raw 353.5) PF=0.9023 FB=CLOSE CMD=CLOSE
[2026-05-31 23:02:40] Bus 3: V=1.009 pu (raw 1.008) I=497.5 A (raw 496.8) PF=0.8964 FB=CLOSE CMD=CLOSE
[2026-05-31 23:02:40] Bus 4: V=1.018 pu (raw 1.010) I=493.7 A (raw 495.1) PF=0.8397 FB=CLOSE CMD=CLOSE
[2026-05-31 23:02:40] Bus 5: V=1.006 pu (raw 1.007) I=462.3 A (raw 462.3) PF=0.9819 FB=CLOSE CMD=CLOSE


[2026-05-31 23:02:41] CMD DT diterapkan ke field
[2026-05-31 23:02:41] Bus 1: V=1.023 pu (raw 1.020) I=777.9 A (raw 778.5) PF=0.9752 FB=CLOSE CMD=CLOSE
[2026-05-31 23:02:41] Bus 2: V=1.014 pu (raw 1.011) I=321.0 A (raw 322.2) PF=0.9704 FB=CLOSE CMD=CLOSE
[2026-05-31 23:02:41] Bus 3: V=1.010 pu (raw 1.009) I=465.2 A (raw 466.0) PF=0.9049 FB=CLOSE CMD=CLOSE
[2026-05-31 23:02:41] Bus 4: V=1.010 pu (raw 1.010) I=454.5 A (raw 455.6) PF=0.9126 FB=CLOSE CMD=CLOSE
[2026-05-31 23:02:41] Bus 5: V=1.003 pu (raw 1.008) I=450.3 A (raw 448.7) PF=0.9879 FB=CLOSE CMD=CLOSE


[2026-05-31 23:02:42] CMD DT diterapkan ke field
[2026-05-31 23:02:42] Bus 1: V=1.021 pu (raw 1.020) I=737.6 A (raw 738.4) PF=0.9774 FB=CLOSE CMD=CLOSE
[2026-05-31 23:02:42] Bus 2: V=1.012 pu (raw 1.011) I=286.4 A (raw 284.9) PF=0.9576 FB=CLOSE CMD=CLOSE
[2026-05-31 23:02:42] Bus 3: V=1.007 pu (raw 1.010) I=409.2 A (raw 409.3) PF=0.9482 FB=CLOSE CMD=CLOSE
[2026-05-31 23:02:42] Bus 4: V=1.012 pu (raw 1.010) I=452.1 A (raw 451.3) PF=0.9212 FB=CLOSE CMD=CLOSE
[2026-05-31 23:02:42] Bus 5: V=1.006 pu (raw 1.007) I=487.7 A (raw 490.8) PF=0.9758 FB=CLOSE CMD=CLOSE


[2026-05-31 23:02:43] CMD DT diterapkan ke field
[2026-05-31 23:02:43] Bus 1: V=1.024 pu (raw 1.020) I=744.6 A (raw 744.1) PF=0.9719 FB=CLOSE CMD=CLOSE
[2026-05-31 23:02:43] Bus 2: V=1.011 pu (raw 1.011) I=348.3 A (raw 348.7) PF=0.9634 FB=CLOSE CMD=CLOSE
[2026-05-31 23:02:43] Bus 3: V=1.010 pu (raw 1.009) I=362.2 A (raw 362.8) PF=0.8999 FB=CLOSE CMD=CLOSE
[2026-05-31 23:02:43] Bus 4: V=1.007 pu (raw 1.010) I=471.2 A (raw 472.3) PF=0.8803 FB=CLOSE CMD=CLOSE
[2026-05-31 23:02:43] Bus 5: V=1.005 pu (raw 1.007) I=497.0 A (raw 498.0) PF=0.9622 FB=CLOSE CMD=CLOSE


[2026-05-31 23:02:44] CMD DT diterapkan ke field
[2026-05-31 23:02:44] Bus 1: V=1.017 pu (raw 1.020) I=828.7 A (raw 827.7) PF=0.9772 FB=CLOSE CMD=CLOSE
[2026-05-31 23:02:44] Bus 2: V=1.006 pu (raw 1.010) I=374.6 A (raw 373.6) PF=0.9379 FB=CLOSE CMD=CLOSE
[2026-05-31 23:02:44] Bus 3: V=1.006 pu (raw 1.009) I=430.8 A (raw 430.2) PF=0.9183 FB=CLOSE CMD=CLOSE
[2026-05-31 23:02:44] Bus 4: V=1.014 pu (raw 1.010) I=498.1 A (raw 497.8) PF=0.8352 FB=CLOSE CMD=CLOSE
[2026-05-31 23:02:44] Bus 5: V=1.005 pu (raw 1.007) I=500.5 A (raw 500.4) PF=0.9632 FB=CLOSE CMD=CLOSE


[2026-05-31 23:02:45] CMD DT diterapkan ke field
[2026-05-31 23:02:45] Bus 1: V=1.020 pu (raw 1.020) I=781.3 A (raw 783.9) PF=0.9633 FB=CLOSE CMD=CLOSE
[2026-05-31 23:02:45] Bus 2: V=1.008 pu (raw 1.010) I=401.0 A (raw 400.7) PF=0.9217 FB=CLOSE CMD=CLOSE
[2026-05-31 23:02:45] Bus 3: V=1.008 pu (raw 1.009) I=394.7 A (raw 394.5) PF=0.8909 FB=CLOSE CMD=CLOSE
[2026-05-31 23:02:45] Bus 4: V=1.012 pu (raw 1.010) I=501.2 A (raw 500.0) PF=0.8314 FB=CLOSE CMD=CLOSE
[2026-05-31 23:02:45] Bus 5: V=1.010 pu (raw 1.007) I=475.5 A (raw 474.6) PF=0.9548 FB=CLOSE CMD=CLOSE


[2026-05-31 23:02:46] CMD DT diterapkan ke field
[2026-05-31 23:02:46] Bus 1: V=1.019 pu (raw 1.020) I=755.3 A (raw 755.3) PF=0.9715 FB=CLOSE CMD=CLOSE
[2026-05-31 23:02:46] Bus 2: V=1.010 pu (raw 1.011) I=356.5 A (raw 357.0) PF=0.9610 FB=CLOSE CMD=CLOSE
[2026-05-31 23:02:46] Bus 3: V=1.008 pu (raw 1.009) I=376.5 A (raw 379.1) PF=0.8995 FB=CLOSE CMD=CLOSE
[2026-05-31 23:02:46] Bus 4: V=1.009 pu (raw 1.010) I=459.2 A (raw 459.2) PF=0.9054 FB=CLOSE CMD=CLOSE
[2026-05-31 23:02:46] Bus 5: V=1.004 pu (raw 1.007) I=478.2 A (raw 478.2) PF=0.9790 FB=CLOSE CMD=CLOSE


[2026-05-31 23:02:47] CMD DT diterapkan ke field
[2026-05-31 23:02:47] Bus 1: V=1.022 pu (raw 1.020) I=826.8 A (raw 827.0) PF=0.9709 FB=CLOSE CMD=CLOSE
[2026-05-31 23:02:47] Bus 2: V=1.016 pu (raw 1.010) I=433.6 A (raw 437.5) PF=0.9420 FB=CLOSE CMD=CLOSE
[2026-05-31 23:02:47] Bus 3: V=1.007 pu (raw 1.008) I=398.2 A (raw 400.9) PF=0.8890 FB=CLOSE CMD=CLOSE
[2026-05-31 23:02:47] Bus 4: V=1.013 pu (raw 1.010) I=505.1 A (raw 501.1) PF=0.8296 FB=CLOSE CMD=CLOSE
[2026-05-31 23:02:47] Bus 5: V=0.999 pu (raw 1.007) I=472.7 A (raw 472.5) PF=0.9591 FB=CLOSE CMD=CLOSE


[2026-05-31 23:02:48] CMD DT diterapkan ke field
[2026-05-31 23:02:48] Bus 1: V=1.022 pu (raw 1.020) I=781.9 A (raw 782.4) PF=0.9695 FB=CLOSE CMD=CLOSE
[2026-05-31 23:02:48] Bus 2: V=1.012 pu (raw 1.010) I=315.9 A (raw 319.2) PF=0.9011 FB=CLOSE CMD=CLOSE
[2026-05-31 23:02:48] Bus 3: V=1.012 pu (raw 1.009) I=437.8 A (raw 437.3) PF=0.9047 FB=CLOSE CMD=CLOSE
[2026-05-31 23:02:48] Bus 4: V=1.010 pu (raw 1.010) I=492.6 A (raw 493.5) PF=0.8425 FB=CLOSE CMD=CLOSE
[2026-05-31 23:02:48] Bus 5: V=1.009 pu (raw 1.007) I=507.3 A (raw 508.0) PF=0.9721 FB=CLOSE CMD=CLOSE


[2026-05-31 23:02:49] CMD DT diterapkan ke field
[2026-05-31 23:02:49] Bus 1: V=1.021 pu (raw 1.020) I=904.0 A (raw 904.8) PF=0.9800 FB=CLOSE CMD=CLOSE
[2026-05-31 23:02:49] Bus 2: V=1.003 pu (raw 1.010) I=405.0 A (raw 405.1) PF=0.9101 FB=CLOSE CMD=CLOSE
[2026-05-31 23:02:49] Bus 3: V=1.009 pu (raw 1.008) I=485.9 A (raw 484.8) PF=0.9242 FB=CLOSE CMD=CLOSE
[2026-05-31 23:02:49] Bus 4: V=1.007 pu (raw 1.010) I=516.7 A (raw 516.7) PF=0.8045 FB=CLOSE CMD=CLOSE
[2026-05-31 23:02:49] Bus 5: V=1.009 pu (raw 1.007) I=502.3 A (raw 502.1) PF=0.9730 FB=CLOSE CMD=CLOSE


[2026-05-31 23:02:50] CMD DT diterapkan ke field
[2026-05-31 23:02:50] Bus 1: V=1.024 pu (raw 1.020) I=774.1 A (raw 771.1) PF=0.9692 FB=CLOSE CMD=CLOSE
[2026-05-31 23:02:50] Bus 2: V=1.008 pu (raw 1.011) I=353.0 A (raw 355.9) PF=0.9352 FB=CLOSE CMD=CLOSE
[2026-05-31 23:02:50] Bus 3: V=1.012 pu (raw 1.009) I=387.7 A (raw 385.4) PF=0.8846 FB=CLOSE CMD=CLOSE
[2026-05-31 23:02:50] Bus 4: V=1.013 pu (raw 1.010) I=488.3 A (raw 487.1) PF=0.8535 FB=CLOSE CMD=CLOSE
[2026-05-31 23:02:50] Bus 5: V=1.005 pu (raw 1.007) I=506.8 A (raw 507.8) PF=0.9691 FB=CLOSE CMD=CLOSE


[2026-05-31 23:02:51] CMD DT diterapkan ke field
[2026-05-31 23:02:51] Bus 1: V=1.023 pu (raw 1.020) I=763.1 A (raw 764.4) PF=0.9662 FB=CLOSE CMD=CLOSE
[2026-05-31 23:02:51] Bus 2: V=1.006 pu (raw 1.011) I=414.6 A (raw 416.1) PF=0.9321 FB=CLOSE CMD=CLOSE
[2026-05-31 23:02:51] Bus 3: V=1.016 pu (raw 1.009) I=348.4 A (raw 345.5) PF=0.9367 FB=CLOSE CMD=CLOSE
[2026-05-31 23:02:51] Bus 4: V=1.008 pu (raw 1.010) I=470.9 A (raw 472.0) PF=0.8808 FB=CLOSE CMD=CLOSE
[2026-05-31 23:02:51] Bus 5: V=1.008 pu (raw 1.007) I=465.3 A (raw 466.4) PF=0.9560 FB=CLOSE CMD=CLOSE


[2026-05-31 23:02:52] CMD DT diterapkan ke field
[2026-05-31 23:02:52] Bus 1: V=1.024 pu (raw 1.020) I=898.7 A (raw 898.9) PF=0.9786 FB=CLOSE CMD=CLOSE
[2026-05-31 23:02:52] Bus 2: V=1.007 pu (raw 1.010) I=378.1 A (raw 376.2) PF=0.9243 FB=CLOSE CMD=CLOSE
[2026-05-31 23:02:52] Bus 3: V=1.006 pu (raw 1.008) I=525.5 A (raw 525.2) PF=0.8907 FB=CLOSE CMD=CLOSE
[2026-05-31 23:02:52] Bus 4: V=1.010 pu (raw 1.010) I=528.4 A (raw 528.9) PF=0.7861 FB=CLOSE CMD=CLOSE
[2026-05-31 23:02:52] Bus 5: V=1.008 pu (raw 1.007) I=494.6 A (raw 495.6) PF=0.9743 FB=CLOSE CMD=CLOSE


[2026-05-31 23:02:53] CMD DT diterapkan ke field
[2026-05-31 23:02:53] Bus 1: V=1.014 pu (raw 1.020) I=843.4 A (raw 846.7) PF=0.9736 FB=CLOSE CMD=CLOSE
[2026-05-31 23:02:53] Bus 2: V=1.006 pu (raw 1.010) I=416.2 A (raw 417.3) PF=0.9181 FB=CLOSE CMD=CLOSE
[2026-05-31 23:02:53] Bus 3: V=1.008 pu (raw 1.008) I=427.9 A (raw 427.9) PF=0.9205 FB=CLOSE CMD=CLOSE
[2026-05-31 23:02:53] Bus 4: V=1.012 pu (raw 1.010) I=479.1 A (raw 478.9) PF=0.8681 FB=CLOSE CMD=CLOSE
[2026-05-31 23:02:53] Bus 5: V=1.005 pu (raw 1.007) I=472.2 A (raw 473.3) PF=0.9844 FB=CLOSE CMD=CLOSE


[2026-05-31 23:02:54] CMD DT diterapkan ke field
[2026-05-31 23:02:54] Bus 1: V=1.014 pu (raw 1.020) I=903.8 A (raw 904.1) PF=0.9807 FB=CLOSE CMD=CLOSE
[2026-05-31 23:02:54] Bus 2: V=1.011 pu (raw 1.010) I=448.9 A (raw 448.1) PF=0.9244 FB=CLOSE CMD=CLOSE
[2026-05-31 23:02:54] Bus 3: V=1.008 pu (raw 1.008) I=437.5 A (raw 437.8) PF=0.9349 FB=CLOSE CMD=CLOSE
[2026-05-31 23:02:54] Bus 4: V=1.013 pu (raw 1.010) I=481.3 A (raw 481.3) PF=0.8638 FB=CLOSE CMD=CLOSE
[2026-05-31 23:02:54] Bus 5: V=1.009 pu (raw 1.007) I=488.2 A (raw 487.3) PF=0.9879 FB=CLOSE CMD=CLOSE


[2026-05-31 23:02:55] CMD DT diterapkan ke field
[2026-05-31 23:02:55] Bus 1: V=1.021 pu (raw 1.020) I=770.0 A (raw 768.1) PF=0.9646 FB=CLOSE CMD=CLOSE
[2026-05-31 23:02:55] Bus 2: V=1.008 pu (raw 1.010) I=318.1 A (raw 318.6) PF=0.9169 FB=CLOSE CMD=CLOSE
[2026-05-31 23:02:55] Bus 3: V=1.006 pu (raw 1.008) I=463.4 A (raw 464.6) PF=0.8941 FB=CLOSE CMD=CLOSE
[2026-05-31 23:02:55] Bus 4: V=1.015 pu (raw 1.010) I=508.8 A (raw 506.2) PF=0.8213 FB=CLOSE CMD=CLOSE
[2026-05-31 23:02:55] Bus 5: V=1.007 pu (raw 1.007) I=475.3 A (raw 474.5) PF=0.9530 FB=CLOSE CMD=CLOSE


[2026-05-31 23:02:56] CMD DT diterapkan ke field
[2026-05-31 23:02:56] Bus 1: V=1.024 pu (raw 1.020) I=727.6 A (raw 726.4) PF=0.9654 FB=CLOSE CMD=CLOSE
[2026-05-31 23:02:56] Bus 2: V=1.015 pu (raw 1.011) I=275.9 A (raw 277.8) PF=0.9360 FB=CLOSE CMD=CLOSE
[2026-05-31 23:02:56] Bus 3: V=1.007 pu (raw 1.009) I=447.4 A (raw 446.7) PF=0.9062 FB=CLOSE CMD=CLOSE
[2026-05-31 23:02:56] Bus 4: V=1.014 pu (raw 1.010) I=463.8 A (raw 463.6) PF=0.8967 FB=CLOSE CMD=CLOSE
[2026-05-31 23:02:56] Bus 5: V=1.004 pu (raw 1.007) I=464.5 A (raw 465.1) PF=0.9783 FB=CLOSE CMD=CLOSE


[2026-05-31 23:02:57] CMD DT diterapkan ke field
[2026-05-31 23:02:57] Bus 1: V=1.018 pu (raw 1.020) I=866.8 A (raw 868.1) PF=0.9843 FB=CLOSE CMD=CLOSE
[2026-05-31 23:02:57] Bus 2: V=1.015 pu (raw 1.010) I=393.4 A (raw 394.4) PF=0.9363 FB=CLOSE CMD=CLOSE
[2026-05-31 23:02:57] Bus 3: V=1.009 pu (raw 1.009) I=438.7 A (raw 435.4) PF=0.9632 FB=CLOSE CMD=CLOSE
[2026-05-31 23:02:57] Bus 4: V=1.014 pu (raw 1.010) I=475.3 A (raw 474.8) PF=0.8756 FB=CLOSE CMD=CLOSE
[2026-05-31 23:02:57] Bus 5: V=1.005 pu (raw 1.007) I=497.1 A (raw 496.5) PF=0.9750 FB=CLOSE CMD=CLOSE


[2026-05-31 23:02:58] CMD DT diterapkan ke field
[2026-05-31 23:02:58] Bus 1: V=1.025 pu (raw 1.020) I=814.3 A (raw 813.4) PF=0.9828 FB=CLOSE CMD=CLOSE
[2026-05-31 23:02:58] Bus 2: V=1.015 pu (raw 1.011) I=372.1 A (raw 372.0) PF=0.9747 FB=CLOSE CMD=CLOSE
[2026-05-31 23:02:58] Bus 3: V=1.011 pu (raw 1.009) I=407.0 A (raw 407.3) PF=0.9290 FB=CLOSE CMD=CLOSE
[2026-05-31 23:02:58] Bus 4: V=1.011 pu (raw 1.010) I=454.2 A (raw 452.3) PF=0.9193 FB=CLOSE CMD=CLOSE
[2026-05-31 23:02:58] Bus 5: V=1.003 pu (raw 1.007) I=483.1 A (raw 483.2) PF=0.9863 FB=CLOSE CMD=CLOSE


[2026-05-31 23:02:59] CMD DT diterapkan ke field
[2026-05-31 23:02:59] Bus 1: V=1.021 pu (raw 1.020) I=815.7 A (raw 816.5) PF=0.9678 FB=CLOSE CMD=CLOSE
[2026-05-31 23:02:59] Bus 2: V=1.009 pu (raw 1.010) I=430.3 A (raw 429.2) PF=0.9057 FB=CLOSE CMD=CLOSE
[2026-05-31 23:02:59] Bus 3: V=1.015 pu (raw 1.009) I=373.5 A (raw 372.5) PF=0.9077 FB=CLOSE CMD=CLOSE
[2026-05-31 23:02:59] Bus 4: V=1.011 pu (raw 1.010) I=488.7 A (raw 491.0) PF=0.8466 FB=CLOSE CMD=CLOSE
[2026-05-31 23:02:59] Bus 5: V=1.013 pu (raw 1.007) I=495.7 A (raw 495.6) PF=0.9728 FB=CLOSE CMD=CLOSE


[2026-05-31 23:03:00] CMD DT diterapkan ke field
[2026-05-31 23:03:00] Bus 1: V=1.020 pu (raw 1.020) I=814.6 A (raw 816.3) PF=0.9777 FB=CLOSE CMD=CLOSE
[2026-05-31 23:03:00] Bus 2: V=1.011 pu (raw 1.011) I=333.2 A (raw 334.8) PF=0.9099 FB=CLOSE CMD=CLOSE
[2026-05-31 23:03:00] Bus 3: V=1.009 pu (raw 1.009) I=445.7 A (raw 445.0) PF=0.9430 FB=CLOSE CMD=CLOSE
[2026-05-31 23:03:00] Bus 4: V=1.010 pu (raw 1.010) I=487.5 A (raw 487.1) PF=0.8535 FB=CLOSE CMD=CLOSE
[2026-05-31 23:03:00] Bus 5: V=1.004 pu (raw 1.007) I=509.6 A (raw 507.4) PF=0.9700 FB=CLOSE CMD=CLOSE


[2026-05-31 23:03:01] CMD DT diterapkan ke field
[2026-05-31 23:03:01] Bus 1: V=1.018 pu (raw 1.020) I=724.4 A (raw 727.2) PF=0.9573 FB=CLOSE CMD=CLOSE
[2026-05-31 23:03:01] Bus 2: V=1.010 pu (raw 1.011) I=370.2 A (raw 371.4) PF=0.9064 FB=CLOSE CMD=CLOSE
[2026-05-31 23:03:01] Bus 3: V=1.006 pu (raw 1.009) I=345.9 A (raw 346.4) PF=0.9189 FB=CLOSE CMD=CLOSE
[2026-05-31 23:03:01] Bus 4: V=1.011 pu (raw 1.010) I=472.5 A (raw 474.2) PF=0.8767 FB=CLOSE CMD=CLOSE
[2026-05-31 23:03:01] Bus 5: V=1.007 pu (raw 1.007) I=481.2 A (raw 479.0) PF=0.9600 FB=CLOSE CMD=CLOSE


[2026-05-31 23:03:02] CMD DT diterapkan ke field
[2026-05-31 23:03:02] Bus 1: V=1.022 pu (raw 1.020) I=802.4 A (raw 802.6) PF=0.9851 FB=CLOSE CMD=CLOSE
[2026-05-31 23:03:02] Bus 2: V=1.011 pu (raw 1.011) I=280.0 A (raw 280.2) PF=0.9770 FB=CLOSE CMD=CLOSE
[2026-05-31 23:03:02] Bus 3: V=1.009 pu (raw 1.009) I=476.0 A (raw 474.9) PF=0.9318 FB=CLOSE CMD=CLOSE
[2026-05-31 23:03:02] Bus 4: V=1.010 pu (raw 1.010) I=449.2 A (raw 452.8) PF=0.9181 FB=CLOSE CMD=CLOSE
[2026-05-31 23:03:02] Bus 5: V=1.007 pu (raw 1.007) I=496.0 A (raw 497.4) PF=0.9900 FB=CLOSE CMD=CLOSE


