Memulai Server OPC UA
Endpoints other than open requested but private key and certificate are not set.
Listening on 10.0.2.2:4840
Memulai Modbus Gateway di 0.0.0.0:5020

[2026-05-31 23:01:02] [iter 1] realtime transfer
[2026-05-31 23:01:02] [Bus 1] P=0.0000 MW Q=0.0000 MVar BRK_FB=0 CMD=CLOSE V_DT=1.0000 pu
[2026-05-31 23:01:02] [Bus 2] P=0.0000 MW Q=0.0000 MVar BRK_FB=0 CMD=CLOSE V_DT=1.0000 pu
[2026-05-31 23:01:02] [Bus 3] P=0.0000 MW Q=0.0000 MVar BRK_FB=0 CMD=CLOSE V_DT=1.0000 pu
[2026-05-31 23:01:02] [Bus 4] P=0.0000 MW Q=0.0000 MVar BRK_FB=0 CMD=CLOSE V_DT=1.0000 pu
[2026-05-31 23:01:02] [Bus 5] P=0.0000 MW Q=0.0000 MVar BRK_FB=0 CMD=CLOSE V_DT=1.0000 pu

[2026-05-31 23:01:03] [iter 2] realtime transfer
[2026-05-31 23:01:03] [Bus 1] P=0.0000 MW Q=0.0000 MVar BRK_FB=0 CMD=CLOSE V_DT=1.0000 pu
[2026-05-31 23:01:03] [Bus 2] P=0.0000 MW Q=0.0000 MVar BRK_FB=0 CMD=CLOSE V_DT=1.0000 pu
[2026-05-31 23:01:03] [Bus 3] P=0.0000 MW Q=0.0000 MVar BRK_FB=0 CMD=CLOSE V_DT=1.0000 pu
[2026-05-31 23:01:03] [Bus 4] P=0.0000 MW Q=0.0000 MVar BRK_FB=0 CMD=CLOSE V_DT=1.0000 pu
[2026-05-31 23:01:03] [Bus 5] P=0.0000 MW Q=0.0000 MVar BRK_FB=0 CMD=CLOSE V_DT=1.0000 pu

[2026-05-31 23:01:04] [iter 3] realtime transfer
[2026-05-31 23:01:04] [Bus 1] P=138.6182 MW Q=36.5800 MVar BRK_FB=1 CMD=CLOSE V_DT=1.0000 pu
[2026-05-31 23:01:04] [Bus 2] P=50.6653 MW Q=22.2048 MVar BRK_FB=1 CMD=CLOSE V_DT=1.0000 pu
[2026-05-31 23:01:04] [Bus 3] P=79.2012 MW Q=31.5509 MVar BRK_FB=1 CMD=CLOSE V_DT=1.0000 pu
[2026-05-31 23:01:04] [Bus 4] P=80.3527 MW Q=40.6754 MVar BRK_FB=1 CMD=CLOSE V_DT=1.0000 pu
[2026-05-31 23:01:04] [Bus 5] P=87.5177 MW Q=20.5186 MVar BRK_FB=1 CMD=CLOSE V_DT=1.0000 pu

[2026-05-31 23:01:05] [iter 4] realtime transfer
[2026-05-31 23:01:05] [Bus 1] P=168.5818 MW Q=37.0423 MVar BRK_FB=1 CMD=CLOSE V_DT=1.0000 pu
[2026-05-31 23:01:05] [Bus 2] P=74.1547 MW Q=35.8097 MVar BRK_FB=1 CMD=CLOSE V_DT=1.0000 pu
[2026-05-31 23:01:05] [Bus 3] P=84.3692 MW Q=29.8316 MVar BRK_FB=1 CMD=CLOSE V_DT=1.0000 pu
[2026-05-31 23:01:05] [Bus 4] P=79.1171 MW Q=58.7611 MVar BRK_FB=1 CMD=CLOSE V_DT=1.0000 pu
[2026-05-31 23:01:05] [Bus 5] P=88.0160 MW Q=26.9436 MVar BRK_FB=1 CMD=CLOSE V_DT=1.0000 pu

[2026-05-31 23:01:06] [iter 5] realtime transfer
[2026-05-31 23:01:06] [Bus 1] P=156.2844 MW Q=38.5496 MVar BRK_FB=1 CMD=CLOSE V_DT=1.0000 pu
[2026-05-31 23:01:06] [Bus 2] P=78.6174 MW Q=31.8328 MVar BRK_FB=1 CMD=CLOSE V_DT=1.0000 pu
[2026-05-31 23:01:06] [Bus 3] P=62.9048 MW Q=32.4532 MVar BRK_FB=1 CMD=CLOSE V_DT=1.0000 pu
[2026-05-31 23:01:06] [Bus 4] P=80.2539 MW Q=50.7894 MVar BRK_FB=1 CMD=CLOSE V_DT=1.0000 pu
[2026-05-31 23:01:06] [Bus 5] P=93.8933 MW Q=21.7954 MVar BRK_FB=1 CMD=CLOSE V_DT=1.0000 pu

[2026-05-31 23:01:07] [iter 6] realtime transfer
[2026-05-31 23:01:07] [Bus 1] P=159.8963 MW Q=28.7658 MVar BRK_FB=1 CMD=CLOSE V_DT=1.0200 pu
[2026-05-31 23:01:07] [Bus 2] P=74.0535 MW Q=22.0544 MVar BRK_FB=1 CMD=CLOSE V_DT=1.0096 pu
[2026-05-31 23:01:07] [Bus 3] P=76.2163 MW Q=19.8881 MVar BRK_FB=1 CMD=CLOSE V_DT=1.0071 pu
[2026-05-31 23:01:07] [Bus 4] P=79.5842 MW Q=37.6381 MVar BRK_FB=1 CMD=CLOSE V_DT=1.0100 pu
[2026-05-31 23:01:07] [Bus 5] P=88.9358 MW Q=21.4601 MVar BRK_FB=1 CMD=CLOSE V_DT=1.0081 pu

[2026-05-31 23:01:08] [iter 7] realtime transfer
[2026-05-31 23:01:08] [Bus 1] P=173.9466 MW Q=30.3683 MVar BRK_FB=1 CMD=CLOSE V_DT=1.0200 pu
[2026-05-31 23:01:08] [Bus 2] P=74.5354 MW Q=24.6306 MVar BRK_FB=1 CMD=CLOSE V_DT=1.0107 pu
[2026-05-31 23:01:08] [Bus 3] P=86.1660 MW Q=33.5103 MVar BRK_FB=1 CMD=CLOSE V_DT=1.0082 pu
[2026-05-31 23:01:08] [Bus 4] P=79.3659 MW Q=60.8278 MVar BRK_FB=1 CMD=CLOSE V_DT=1.0100 pu
[2026-05-31 23:01:08] [Bus 5] P=91.7624 MW Q=29.5706 MVar BRK_FB=1 CMD=CLOSE V_DT=1.0082 pu

[2026-05-31 23:01:09] [iter 8] realtime transfer
[2026-05-31 23:01:09] [Bus 1] P=126.2902 MW Q=40.7427 MVar BRK_FB=1 CMD=CLOSE V_DT=1.0200 pu
[2026-05-31 23:01:09] [Bus 2] P=56.7769 MW Q=23.6357 MVar BRK_FB=1 CMD=CLOSE V_DT=1.0097 pu
[2026-05-31 23:01:09] [Bus 3] P=62.7506 MW Q=30.2135 MVar BRK_FB=1 CMD=CLOSE V_DT=1.0067 pu
[2026-05-31 23:01:09] [Bus 4] P=80.4083 MW Q=40.2327 MVar BRK_FB=1 CMD=CLOSE V_DT=1.0100 pu
[2026-05-31 23:01:09] [Bus 5] P=85.6458 MW Q=24.6129 MVar BRK_FB=1 CMD=CLOSE V_DT=1.0079 pu

[2026-05-31 23:01:10] [iter 9] realtime transfer
[2026-05-31 23:01:10] [Bus 1] P=149.0386 MW Q=38.8274 MVar BRK_FB=1 CMD=CLOSE V_DT=1.0200 pu
[2026-05-31 23:01:10] [Bus 2] P=68.5794 MW Q=27.2766 MVar BRK_FB=1 CMD=CLOSE V_DT=1.0110 pu
[2026-05-31 23:01:10] [Bus 3] P=70.7886 MW Q=34.5047 MVar BRK_FB=1 CMD=CLOSE V_DT=1.0081 pu
[2026-05-31 23:01:10] [Bus 4] P=79.7130 MW Q=40.1296 MVar BRK_FB=1 CMD=CLOSE V_DT=1.0100 pu
[2026-05-31 23:01:10] [Bus 5] P=87.3406 MW Q=13.9408 MVar BRK_FB=1 CMD=CLOSE V_DT=1.0081 pu

[2026-05-31 23:01:11] [iter 10] realtime transfer
[2026-05-31 23:01:11] [Bus 1] P=143.0295 MW Q=34.9621 MVar BRK_FB=1 CMD=CLOSE V_DT=1.0200 pu
[2026-05-31 23:01:11] [Bus 2] P=68.3388 MW Q=22.7756 MVar BRK_FB=1 CMD=CLOSE V_DT=1.0100 pu
[2026-05-31 23:01:11] [Bus 3] P=64.9667 MW Q=22.3517 MVar BRK_FB=1 CMD=CLOSE V_DT=1.0071 pu
[2026-05-31 23:01:11] [Bus 4] P=79.9284 MW Q=36.9269 MVar BRK_FB=1 CMD=CLOSE V_DT=1.0100 pu
[2026-05-31 23:01:11] [Bus 5] P=86.9360 MW Q=23.5546 MVar BRK_FB=1 CMD=CLOSE V_DT=1.0085 pu

[2026-05-31 23:01:12] [iter 11] realtime transfer
[2026-05-31 23:01:12] [Bus 1] P=171.4831 MW Q=30.1430 MVar BRK_FB=1 CMD=CLOSE V_DT=1.0200 pu
[2026-05-31 23:01:12] [Bus 2] P=80.1461 MW Q=25.9999 MVar BRK_FB=1 CMD=CLOSE V_DT=1.0110 pu
[2026-05-31 23:01:12] [Bus 3] P=76.9526 MW Q=27.5197 MVar BRK_FB=1 CMD=CLOSE V_DT=1.0085 pu
[2026-05-31 23:01:12] [Bus 4] P=79.9224 MW Q=45.2941 MVar BRK_FB=1 CMD=CLOSE V_DT=1.0100 pu
[2026-05-31 23:01:12] [Bus 5] P=93.7407 MW Q=18.5387 MVar BRK_FB=1 CMD=CLOSE V_DT=1.0082 pu

[2026-05-31 23:01:13] [iter 12] realtime transfer
[2026-05-31 23:01:13] [Bus 1] P=133.5224 MW Q=40.7243 MVar BRK_FB=1 CMD=CLOSE V_DT=1.0200 pu
[2026-05-31 23:01:13] [Bus 2] P=56.5292 MW Q=26.9607 MVar BRK_FB=1 CMD=CLOSE V_DT=1.0099 pu
[2026-05-31 23:01:13] [Bus 3] P=69.6612 MW Q=32.9252 MVar BRK_FB=1 CMD=CLOSE V_DT=1.0073 pu
[2026-05-31 23:01:13] [Bus 4] P=80.1063 MW Q=35.3215 MVar BRK_FB=1 CMD=CLOSE V_DT=1.0100 pu
[2026-05-31 23:01:13] [Bus 5] P=87.1910 MW Q=13.8030 MVar BRK_FB=1 CMD=CLOSE V_DT=1.0082 pu

[2026-05-31 23:01:14] [iter 13] realtime transfer
[2026-05-31 23:01:14] [Bus 1] P=171.8552 MW Q=34.8967 MVar BRK_FB=1 CMD=CLOSE V_DT=1.0200 pu
[2026-05-31 23:01:14] [Bus 2] P=76.6153 MW Q=31.4245 MVar BRK_FB=1 CMD=CLOSE V_DT=1.0105 pu
[2026-05-31 23:01:14] [Bus 3] P=79.3750 MW Q=34.8579 MVar BRK_FB=1 CMD=CLOSE V_DT=1.0076 pu
[2026-05-31 23:01:14] [Bus 4] P=80.2421 MW Q=59.7637 MVar BRK_FB=1 CMD=CLOSE V_DT=1.0100 pu
[2026-05-31 23:01:14] [Bus 5] P=94.1405 MW Q=24.2450 MVar BRK_FB=1 CMD=CLOSE V_DT=1.0085 pu

[2026-05-31 23:01:15] [iter 14] realtime transfer
[2026-05-31 23:01:15] [Bus 1] P=147.3094 MW Q=37.3678 MVar BRK_FB=1 CMD=CLOSE V_DT=1.0200 pu
[2026-05-31 23:01:15] [Bus 2] P=57.6428 MW Q=24.6078 MVar BRK_FB=1 CMD=CLOSE V_DT=1.0093 pu
[2026-05-31 23:01:15] [Bus 3] P=76.7088 MW Q=36.3660 MVar BRK_FB=1 CMD=CLOSE V_DT=1.0064 pu
[2026-05-31 23:01:15] [Bus 4] P=80.0491 MW Q=42.3106 MVar BRK_FB=1 CMD=CLOSE V_DT=1.0100 pu
[2026-05-31 23:01:15] [Bus 5] P=90.7103 MW Q=15.3961 MVar BRK_FB=1 CMD=CLOSE V_DT=1.0080 pu

[2026-05-31 23:01:16] [iter 15] realtime transfer
[2026-05-31 23:01:16] [Bus 1] P=158.9110 MW Q=36.1409 MVar BRK_FB=1 CMD=CLOSE V_DT=1.0200 pu
[2026-05-31 23:01:16] [Bus 2] P=62.3793 MW Q=27.0414 MVar BRK_FB=1 CMD=CLOSE V_DT=1.0103 pu
[2026-05-31 23:01:16] [Bus 3] P=90.0300 MW Q=36.7324 MVar BRK_FB=1 CMD=CLOSE V_DT=1.0071 pu
[2026-05-31 23:01:16] [Bus 4] P=80.1335 MW Q=58.5364 MVar BRK_FB=1 CMD=CLOSE V_DT=1.0100 pu
[2026-05-31 23:01:16] [Bus 5] P=85.9094 MW Q=27.6535 MVar BRK_FB=1 CMD=CLOSE V_DT=1.0084 pu

[2026-05-31 23:01:17] [iter 16] realtime transfer
[2026-05-31 23:01:17] [Bus 1] P=144.0058 MW Q=34.5531 MVar BRK_FB=1 CMD=CLOSE V_DT=1.0200 pu
[2026-05-31 23:01:17] [Bus 2] P=53.5563 MW Q=17.5651 MVar BRK_FB=1 CMD=CLOSE V_DT=1.0097 pu
[2026-05-31 23:01:17] [Bus 3] P=84.3604 MW Q=36.4441 MVar BRK_FB=1 CMD=CLOSE V_DT=1.0065 pu
[2026-05-31 23:01:17] [Bus 4] P=79.7442 MW Q=45.0221 MVar BRK_FB=1 CMD=CLOSE V_DT=1.0100 pu
[2026-05-31 23:01:17] [Bus 5] P=85.7989 MW Q=23.2113 MVar BRK_FB=1 CMD=CLOSE V_DT=1.0080 pu

[2026-05-31 23:01:18] [iter 17] realtime transfer
[2026-05-31 23:01:18] [Bus 1] P=175.4679 MW Q=31.1555 MVar BRK_FB=1 CMD=CLOSE V_DT=1.0200 pu
[2026-05-31 23:01:18] [Bus 2] P=79.5717 MW Q=28.2693 MVar BRK_FB=1 CMD=CLOSE V_DT=1.0107 pu
[2026-05-31 23:01:18] [Bus 3] P=88.8011 MW Q=26.7501 MVar BRK_FB=1 CMD=CLOSE V_DT=1.0073 pu
[2026-05-31 23:01:18] [Bus 4] P=80.1346 MW Q=45.7576 MVar BRK_FB=1 CMD=CLOSE V_DT=1.0100 pu
[2026-05-31 23:01:18] [Bus 5] P=85.0944 MW Q=17.8064 MVar BRK_FB=1 CMD=CLOSE V_DT=1.0082 pu

[2026-05-31 23:01:19] [iter 18] realtime transfer
[2026-05-31 23:01:19] [Bus 1] P=145.5746 MW Q=35.7140 MVar BRK_FB=1 CMD=CLOSE V_DT=1.0200 pu
[2026-05-31 23:01:19] [Bus 2] P=71.0565 MW Q=25.0764 MVar BRK_FB=1 CMD=CLOSE V_DT=1.0096 pu
[2026-05-31 23:01:19] [Bus 3] P=67.8307 MW Q=25.1333 MVar BRK_FB=1 CMD=CLOSE V_DT=1.0069 pu
[2026-05-31 23:01:19] [Bus 4] P=79.9024 MW Q=39.6217 MVar BRK_FB=1 CMD=CLOSE V_DT=1.0100 pu
[2026-05-31 23:01:19] [Bus 5] P=85.2037 MW Q=22.3053 MVar BRK_FB=1 CMD=CLOSE V_DT=1.0084 pu

[2026-05-31 23:01:20] [iter 19] realtime transfer
[2026-05-31 23:01:20] [Bus 1] P=161.4410 MW Q=30.0630 MVar BRK_FB=1 CMD=CLOSE V_DT=1.0200 pu
[2026-05-31 23:01:20] [Bus 2] P=63.8320 MW Q=14.1500 MVar BRK_FB=1 CMD=CLOSE V_DT=1.0106 pu
[2026-05-31 23:01:20] [Bus 3] P=86.8735 MW Q=41.1600 MVar BRK_FB=1 CMD=CLOSE V_DT=1.0080 pu
[2026-05-31 23:01:20] [Bus 4] P=79.4413 MW Q=55.2852 MVar BRK_FB=1 CMD=CLOSE V_DT=1.0100 pu
[2026-05-31 23:01:20] [Bus 5] P=90.0131 MW Q=27.2511 MVar BRK_FB=1 CMD=CLOSE V_DT=1.0082 pu

[2026-05-31 23:01:21] [iter 20] realtime transfer
[2026-05-31 23:01:21] [Bus 1] P=158.4484 MW Q=29.5951 MVar BRK_FB=1 CMD=CLOSE V_DT=1.0200 pu
[2026-05-31 23:01:21] [Bus 2] P=77.2070 MW Q=19.4845 MVar BRK_FB=1 CMD=CLOSE V_DT=1.0104 pu
[2026-05-31 23:01:21] [Bus 3] P=68.6695 MW Q=25.4890 MVar BRK_FB=1 CMD=CLOSE V_DT=1.0068 pu
[2026-05-31 23:01:21] [Bus 4] P=80.2908 MW Q=46.7677 MVar BRK_FB=1 CMD=CLOSE V_DT=1.0100 pu
[2026-05-31 23:01:21] [Bus 5] P=91.0714 MW Q=27.9130 MVar BRK_FB=1 CMD=CLOSE V_DT=1.0080 pu

[2026-05-31 23:01:22] [iter 21] realtime transfer
[2026-05-31 23:01:22] [Bus 1] P=162.9919 MW Q=34.7658 MVar BRK_FB=1 CMD=CLOSE V_DT=1.0200 pu
[2026-05-31 23:01:22] [Bus 2] P=73.2054 MW Q=25.7853 MVar BRK_FB=1 CMD=CLOSE V_DT=1.0107 pu
[2026-05-31 23:01:22] [Bus 3] P=83.4862 MW Q=33.5967 MVar BRK_FB=1 CMD=CLOSE V_DT=1.0081 pu
[2026-05-31 23:01:22] [Bus 4] P=80.3571 MW Q=51.9685 MVar BRK_FB=1 CMD=CLOSE V_DT=1.0100 pu
[2026-05-31 23:01:22] [Bus 5] P=85.0969 MW Q=23.8149 MVar BRK_FB=1 CMD=CLOSE V_DT=1.0080 pu

[2026-05-31 23:01:23] [iter 22] realtime transfer
[2026-05-31 23:01:23] [Bus 1] P=146.4198 MW Q=27.5950 MVar BRK_FB=1 CMD=CLOSE V_DT=1.0200 pu
[2026-05-31 23:01:23] [Bus 2] P=50.7337 MW Q=11.7294 MVar BRK_FB=1 CMD=CLOSE V_DT=1.0097 pu
[2026-05-31 23:01:23] [Bus 3] P=85.4823 MW Q=26.6124 MVar BRK_FB=1 CMD=CLOSE V_DT=1.0068 pu
[2026-05-31 23:01:23] [Bus 4] P=79.8267 MW Q=42.0618 MVar BRK_FB=1 CMD=CLOSE V_DT=1.0100 pu
[2026-05-31 23:01:23] [Bus 5] P=87.3391 MW Q=27.9877 MVar BRK_FB=1 CMD=CLOSE V_DT=1.0082 pu

[2026-05-31 23:01:24] [iter 23] realtime transfer
[2026-05-31 23:01:24] [Bus 1] P=146.3629 MW Q=32.6573 MVar BRK_FB=1 CMD=CLOSE V_DT=1.0200 pu
[2026-05-31 23:01:24] [Bus 2] P=76.3746 MW Q=17.1146 MVar BRK_FB=1 CMD=CLOSE V_DT=1.0116 pu
[2026-05-31 23:01:24] [Bus 3] P=62.2391 MW Q=25.8145 MVar BRK_FB=1 CMD=CLOSE V_DT=1.0083 pu
[2026-05-31 23:01:24] [Bus 4] P=80.5837 MW Q=30.6954 MVar BRK_FB=1 CMD=CLOSE V_DT=1.0100 pu
[2026-05-31 23:01:24] [Bus 5] P=85.8363 MW Q=17.2493 MVar BRK_FB=1 CMD=CLOSE V_DT=1.0080 pu

[2026-05-31 23:01:25] [iter 24] realtime transfer
[2026-05-31 23:01:25] [Bus 1] P=156.4389 MW Q=38.7261 MVar BRK_FB=1 CMD=CLOSE V_DT=1.0200 pu
[2026-05-31 23:01:25] [Bus 2] P=72.9079 MW Q=33.1541 MVar BRK_FB=1 CMD=CLOSE V_DT=1.0110 pu
[2026-05-31 23:01:25] [Bus 3] P=74.0520 MW Q=29.3836 MVar BRK_FB=1 CMD=CLOSE V_DT=1.0084 pu
[2026-05-31 23:01:25] [Bus 4] P=80.1835 MW Q=42.7323 MVar BRK_FB=1 CMD=CLOSE V_DT=1.0100 pu
[2026-05-31 23:01:25] [Bus 5] P=87.6663 MW Q=15.4098 MVar BRK_FB=1 CMD=CLOSE V_DT=1.0084 pu

[2026-05-31 23:01:26] [iter 25] realtime transfer
[2026-05-31 23:01:26] [Bus 1] P=147.9283 MW Q=36.4229 MVar BRK_FB=1 CMD=CLOSE V_DT=1.0200 pu
[2026-05-31 23:01:26] [Bus 2] P=62.9108 MW Q=27.3844 MVar BRK_FB=1 CMD=CLOSE V_DT=1.0096 pu
[2026-05-31 23:01:26] [Bus 3] P=76.2263 MW Q=26.1993 MVar BRK_FB=1 CMD=CLOSE V_DT=1.0071 pu
[2026-05-31 23:01:26] [Bus 4] P=80.0314 MW Q=44.7113 MVar BRK_FB=1 CMD=CLOSE V_DT=1.0100 pu
[2026-05-31 23:01:26] [Bus 5] P=87.2854 MW Q=24.6015 MVar BRK_FB=1 CMD=CLOSE V_DT=1.0084 pu

[2026-05-31 23:01:27] [iter 26] realtime transfer
[2026-05-31 23:01:27] [Bus 1] P=159.3470 MW Q=34.1477 MVar BRK_FB=1 CMD=CLOSE V_DT=1.0200 pu
[2026-05-31 23:01:27] [Bus 2] P=79.5803 MW Q=25.5876 MVar BRK_FB=1 CMD=CLOSE V_DT=1.0104 pu
[2026-05-31 23:01:27] [Bus 3] P=72.9976 MW Q=29.6251 MVar BRK_FB=1 CMD=CLOSE V_DT=1.0077 pu
[2026-05-31 23:01:27] [Bus 4] P=80.1204 MW Q=49.7805 MVar BRK_FB=1 CMD=CLOSE V_DT=1.0100 pu
[2026-05-31 23:01:27] [Bus 5] P=86.5749 MW Q=25.5848 MVar BRK_FB=1 CMD=CLOSE V_DT=1.0081 pu

[2026-05-31 23:01:28] [iter 27] realtime transfer
[2026-05-31 23:01:28] [Bus 1] P=133.9222 MW Q=38.1177 MVar BRK_FB=1 CMD=CLOSE V_DT=1.0200 pu
[2026-05-31 23:01:28] [Bus 2] P=60.8253 MW Q=20.6115 MVar BRK_FB=1 CMD=CLOSE V_DT=1.0100 pu
[2026-05-31 23:01:28] [Bus 3] P=66.9216 MW Q=32.4495 MVar BRK_FB=1 CMD=CLOSE V_DT=1.0073 pu
[2026-05-31 23:01:28] [Bus 4] P=79.2431 MW Q=36.3347 MVar BRK_FB=1 CMD=CLOSE V_DT=1.0100 pu
[2026-05-31 23:01:28] [Bus 5] P=85.4669 MW Q=19.3971 MVar BRK_FB=1 CMD=CLOSE V_DT=1.0081 pu

[2026-05-31 23:01:29] [iter 28] realtime transfer
[2026-05-31 23:01:29] [Bus 1] P=150.7188 MW Q=33.1908 MVar BRK_FB=1 CMD=CLOSE V_DT=1.0200 pu
[2026-05-31 23:01:29] [Bus 2] P=56.8158 MW Q=13.6325 MVar BRK_FB=1 CMD=CLOSE V_DT=1.0109 pu
[2026-05-31 23:01:29] [Bus 3] P=85.6385 MW Q=44.7245 MVar BRK_FB=1 CMD=CLOSE V_DT=1.0079 pu
[2026-05-31 23:01:29] [Bus 4] P=80.4038 MW Q=47.6236 MVar BRK_FB=1 CMD=CLOSE V_DT=1.0100 pu
[2026-05-31 23:01:29] [Bus 5] P=87.7316 MW Q=19.2343 MVar BRK_FB=1 CMD=CLOSE V_DT=1.0083 pu

[2026-05-31 23:01:30] [iter 29] realtime transfer
[2026-05-31 23:01:30] [Bus 1] P=155.0563 MW Q=34.7462 MVar BRK_FB=1 CMD=CLOSE V_DT=1.0200 pu
[2026-05-31 23:01:30] [Bus 2] P=56.5739 MW Q=25.6769 MVar BRK_FB=1 CMD=CLOSE V_DT=1.0105 pu
[2026-05-31 23:01:30] [Bus 3] P=87.5089 MW Q=34.1991 MVar BRK_FB=1 CMD=CLOSE V_DT=1.0067 pu
[2026-05-31 23:01:30] [Bus 4] P=80.4352 MW Q=46.2731 MVar BRK_FB=1 CMD=CLOSE V_DT=1.0100 pu
[2026-05-31 23:01:30] [Bus 5] P=89.9276 MW Q=17.5910 MVar BRK_FB=1 CMD=CLOSE V_DT=1.0083 pu

[2026-05-31 23:01:31] [iter 30] realtime transfer
[2026-05-31 23:01:31] [Bus 1] P=147.2309 MW Q=39.6487 MVar BRK_FB=1 CMD=CLOSE V_DT=1.0200 pu
[2026-05-31 23:01:31] [Bus 2] P=73.6654 MW Q=32.4379 MVar BRK_FB=1 CMD=CLOSE V_DT=1.0101 pu
[2026-05-31 23:01:31] [Bus 3] P=62.8871 MW Q=27.0168 MVar BRK_FB=1 CMD=CLOSE V_DT=1.0069 pu
[2026-05-31 23:01:31] [Bus 4] P=79.5715 MW Q=45.4786 MVar BRK_FB=1 CMD=CLOSE V_DT=1.0100 pu
[2026-05-31 23:01:31] [Bus 5] P=88.7547 MW Q=22.7438 MVar BRK_FB=1 CMD=CLOSE V_DT=1.0083 pu

[2026-05-31 23:01:32] [iter 31] realtime transfer
[2026-05-31 23:01:32] [Bus 1] P=171.4319 MW Q=33.9033 MVar BRK_FB=1 CMD=CLOSE V_DT=1.0200 pu
[2026-05-31 23:01:32] [Bus 2] P=71.4037 MW Q=22.4657 MVar BRK_FB=1 CMD=CLOSE V_DT=1.0100 pu
[2026-05-31 23:01:32] [Bus 3] P=88.8616 MW Q=45.7955 MVar BRK_FB=1 CMD=CLOSE V_DT=1.0076 pu
[2026-05-31 23:01:32] [Bus 4] P=80.0920 MW Q=63.4158 MVar BRK_FB=1 CMD=CLOSE V_DT=1.0100 pu
[2026-05-31 23:01:32] [Bus 5] P=88.1724 MW Q=24.4632 MVar BRK_FB=1 CMD=CLOSE V_DT=1.0082 pu

[2026-05-31 23:01:33] [iter 32] realtime transfer
[2026-05-31 23:01:33] [Bus 1] P=151.9016 MW Q=38.7950 MVar BRK_FB=1 CMD=CLOSE V_DT=1.0200 pu
[2026-05-31 23:01:33] [Bus 2] P=76.1853 MW Q=32.4778 MVar BRK_FB=1 CMD=CLOSE V_DT=1.0100 pu
[2026-05-31 23:01:33] [Bus 3] P=65.8744 MW Q=27.9829 MVar BRK_FB=1 CMD=CLOSE V_DT=1.0076 pu
[2026-05-31 23:01:33] [Bus 4] P=80.4793 MW Q=50.4047 MVar BRK_FB=1 CMD=CLOSE V_DT=1.0100 pu
[2026-05-31 23:01:33] [Bus 5] P=88.7333 MW Q=25.5002 MVar BRK_FB=1 CMD=CLOSE V_DT=1.0082 pu

[2026-05-31 23:01:34] [iter 33] realtime transfer
[2026-05-31 23:01:34] [Bus 1] P=143.0703 MW Q=28.3709 MVar BRK_FB=1 CMD=CLOSE V_DT=1.0200 pu
[2026-05-31 23:01:34] [Bus 2] P=57.3287 MW Q=13.3611 MVar BRK_FB=1 CMD=CLOSE V_DT=1.0098 pu
[2026-05-31 23:01:34] [Bus 3] P=73.1833 MW Q=22.0454 MVar BRK_FB=1 CMD=CLOSE V_DT=1.0074 pu
[2026-05-31 23:01:34] [Bus 4] P=80.7046 MW Q=39.4975 MVar BRK_FB=1 CMD=CLOSE V_DT=1.0100 pu
[2026-05-31 23:01:34] [Bus 5] P=90.4459 MW Q=29.0812 MVar BRK_FB=1 CMD=CLOSE V_DT=1.0081 pu

[2026-05-31 23:01:35] [iter 34] realtime transfer
[2026-05-31 23:01:35] [Bus 1] P=185.1515 MW Q=23.7102 MVar BRK_FB=1 CMD=CLOSE V_DT=1.0200 pu
[2026-05-31 23:01:35] [Bus 2] P=80.2781 MW Q=21.1846 MVar BRK_FB=1 CMD=CLOSE V_DT=1.0118 pu
[2026-05-31 23:01:35] [Bus 3] P=88.7999 MW Q=24.7088 MVar BRK_FB=1 CMD=CLOSE V_DT=1.0089 pu
[2026-05-31 23:01:35] [Bus 4] P=80.1914 MW Q=55.1612 MVar BRK_FB=1 CMD=CLOSE V_DT=1.0100 pu
[2026-05-31 23:01:35] [Bus 5] P=93.3779 MW Q=28.4102 MVar BRK_FB=1 CMD=CLOSE V_DT=1.0079 pu

[2026-05-31 23:01:36] [iter 35] realtime transfer
[2026-05-31 23:01:36] [Bus 1] P=145.9210 MW Q=40.0722 MVar BRK_FB=1 CMD=CLOSE V_DT=1.0200 pu
[2026-05-31 23:01:36] [Bus 2] P=64.7072 MW Q=28.1278 MVar BRK_FB=1 CMD=CLOSE V_DT=1.0101 pu
[2026-05-31 23:01:36] [Bus 3] P=71.5695 MW Q=37.5932 MVar BRK_FB=1 CMD=CLOSE V_DT=1.0073 pu
[2026-05-31 23:01:36] [Bus 4] P=80.9278 MW Q=42.0862 MVar BRK_FB=1 CMD=CLOSE V_DT=1.0100 pu
[2026-05-31 23:01:36] [Bus 5] P=88.1716 MW Q=12.9411 MVar BRK_FB=1 CMD=CLOSE V_DT=1.0079 pu

[2026-05-31 23:01:37] [iter 36] realtime transfer
[2026-05-31 23:01:37] [Bus 1] P=147.6803 MW Q=30.9779 MVar BRK_FB=1 CMD=CLOSE V_DT=1.0200 pu
[2026-05-31 23:01:37] [Bus 2] P=58.3536 MW Q=16.4005 MVar BRK_FB=1 CMD=CLOSE V_DT=1.0099 pu
[2026-05-31 23:01:37] [Bus 3] P=73.7021 MW Q=31.8176 MVar BRK_FB=1 CMD=CLOSE V_DT=1.0069 pu
[2026-05-31 23:01:37] [Bus 4] P=79.7926 MW Q=33.6780 MVar BRK_FB=1 CMD=CLOSE V_DT=1.0100 pu
[2026-05-31 23:01:37] [Bus 5] P=94.3308 MW Q=13.5772 MVar BRK_FB=1 CMD=CLOSE V_DT=1.0085 pu

[2026-05-31 23:01:38] [iter 37] realtime transfer
[2026-05-31 23:01:38] [Bus 1] P=148.1626 MW Q=33.2725 MVar BRK_FB=1 CMD=CLOSE V_DT=1.0200 pu
[2026-05-31 23:01:38] [Bus 2] P=66.1661 MW Q=19.9316 MVar BRK_FB=1 CMD=CLOSE V_DT=1.0111 pu
[2026-05-31 23:01:38] [Bus 3] P=64.6785 MW Q=30.0870 MVar BRK_FB=1 CMD=CLOSE V_DT=1.0079 pu
[2026-05-31 23:01:38] [Bus 4] P=79.5973 MW Q=42.2242 MVar BRK_FB=1 CMD=CLOSE V_DT=1.0100 pu
[2026-05-31 23:01:38] [Bus 5] P=95.5491 MW Q=22.5776 MVar BRK_FB=1 CMD=CLOSE V_DT=1.0084 pu

[2026-05-31 23:01:39] [iter 38] realtime transfer
[2026-05-31 23:01:39] [Bus 1] P=138.1539 MW Q=33.2116 MVar BRK_FB=1 CMD=CLOSE V_DT=1.0200 pu
[2026-05-31 23:01:39] [Bus 2] P=66.8543 MW Q=19.5509 MVar BRK_FB=1 CMD=CLOSE V_DT=1.0109 pu
[2026-05-31 23:01:39] [Bus 3] P=62.2686 MW Q=24.0977 MVar BRK_FB=1 CMD=CLOSE V_DT=1.0081 pu
[2026-05-31 23:01:39] [Bus 4] P=79.8264 MW Q=28.6008 MVar BRK_FB=1 CMD=CLOSE V_DT=1.0100 pu
[2026-05-31 23:01:39] [Bus 5] P=89.1545 MW Q=16.0910 MVar BRK_FB=1 CMD=CLOSE V_DT=1.0081 pu

[2026-05-31 23:01:40] [iter 39] realtime transfer
[2026-05-31 23:01:40] [Bus 1] P=129.0731 MW Q=33.4068 MVar BRK_FB=1 CMD=CLOSE V_DT=1.0200 pu
[2026-05-31 23:01:40] [Bus 2] P=54.5495 MW Q=11.9327 MVar BRK_FB=1 CMD=CLOSE V_DT=1.0112 pu
[2026-05-31 23:01:40] [Bus 3] P=62.5835 MW Q=30.8932 MVar BRK_FB=1 CMD=CLOSE V_DT=1.0086 pu
[2026-05-31 23:01:40] [Bus 4] P=80.1284 MW Q=31.6688 MVar BRK_FB=1 CMD=CLOSE V_DT=1.0100 pu
[2026-05-31 23:01:40] [Bus 5] P=91.0647 MW Q=19.8757 MVar BRK_FB=1 CMD=CLOSE V_DT=1.0084 pu

[2026-05-31 23:01:41] [iter 40] realtime transfer
[2026-05-31 23:01:41] [Bus 1] P=155.8535 MW Q=36.9700 MVar BRK_FB=1 CMD=CLOSE V_DT=1.0200 pu
[2026-05-31 23:01:41] [Bus 2] P=56.9310 MW Q=26.0048 MVar BRK_FB=1 CMD=CLOSE V_DT=1.0118 pu
[2026-05-31 23:01:41] [Bus 3] P=86.6458 MW Q=41.4231 MVar BRK_FB=1 CMD=CLOSE V_DT=1.0087 pu
[2026-05-31 23:01:41] [Bus 4] P=79.9555 MW Q=54.6663 MVar BRK_FB=1 CMD=CLOSE V_DT=1.0100 pu
[2026-05-31 23:01:41] [Bus 5] P=90.4922 MW Q=20.7089 MVar BRK_FB=1 CMD=CLOSE V_DT=1.0082 pu

[2026-05-31 23:01:42] [iter 41] realtime transfer
[2026-05-31 23:01:42] [Bus 1] P=146.9010 MW Q=31.7727 MVar BRK_FB=1 CMD=CLOSE V_DT=1.0200 pu
[2026-05-31 23:01:42] [Bus 2] P=62.5791 MW Q=21.2927 MVar BRK_FB=1 CMD=CLOSE V_DT=1.0097 pu
[2026-05-31 23:01:42] [Bus 3] P=75.4582 MW Q=20.7833 MVar BRK_FB=1 CMD=CLOSE V_DT=1.0063 pu
[2026-05-31 23:01:42] [Bus 4] P=79.5321 MW Q=31.4331 MVar BRK_FB=1 CMD=CLOSE V_DT=1.0100 pu
[2026-05-31 23:01:42] [Bus 5] P=86.9579 MW Q=18.2848 MVar BRK_FB=1 CMD=CLOSE V_DT=1.0082 pu

[2026-05-31 23:01:43] [iter 42] realtime transfer
[2026-05-31 23:01:43] [Bus 1] P=145.3702 MW Q=36.2421 MVar BRK_FB=1 CMD=CLOSE V_DT=1.0200 pu
[2026-05-31 23:01:43] [Bus 2] P=57.3804 MW Q=22.3701 MVar BRK_FB=1 CMD=CLOSE V_DT=1.0111 pu
[2026-05-31 23:01:43] [Bus 3] P=79.6589 MW Q=36.9865 MVar BRK_FB=1 CMD=CLOSE V_DT=1.0084 pu
[2026-05-31 23:01:43] [Bus 4] P=79.8894 MW Q=43.7049 MVar BRK_FB=1 CMD=CLOSE V_DT=1.0100 pu
[2026-05-31 23:01:43] [Bus 5] P=88.2664 MW Q=17.8770 MVar BRK_FB=1 CMD=CLOSE V_DT=1.0083 pu

[2026-05-31 23:01:44] [iter 43] realtime transfer
[2026-05-31 23:01:44] [Bus 1] P=149.8761 MW Q=30.1185 MVar BRK_FB=1 CMD=CLOSE V_DT=1.0200 pu
[2026-05-31 23:01:44] [Bus 2] P=52.2785 MW Q=19.5414 MVar BRK_FB=1 CMD=CLOSE V_DT=1.0103 pu
[2026-05-31 23:01:44] [Bus 3] P=90.5547 MW Q=22.8531 MVar BRK_FB=1 CMD=CLOSE V_DT=1.0071 pu
[2026-05-31 23:01:44] [Bus 4] P=79.9556 MW Q=40.7187 MVar BRK_FB=1 CMD=CLOSE V_DT=1.0100 pu
[2026-05-31 23:01:44] [Bus 5] P=85.8437 MW Q=25.5330 MVar BRK_FB=1 CMD=CLOSE V_DT=1.0083 pu

[2026-05-31 23:01:46] [iter 44] realtime transfer
[2026-05-31 23:01:46] [Bus 1] P=154.5243 MW Q=26.4166 MVar BRK_FB=1 CMD=CLOSE V_DT=1.0200 pu
[2026-05-31 23:01:46] [Bus 2] P=58.2532 MW Q=13.3586 MVar BRK_FB=1 CMD=CLOSE V_DT=1.0111 pu
[2026-05-31 23:01:46] [Bus 3] P=87.0137 MW Q=25.6811 MVar BRK_FB=1 CMD=CLOSE V_DT=1.0081 pu
[2026-05-31 23:01:46] [Bus 4] P=80.1809 MW Q=42.8185 MVar BRK_FB=1 CMD=CLOSE V_DT=1.0100 pu
[2026-05-31 23:01:46] [Bus 5] P=89.4196 MW Q=27.3399 MVar BRK_FB=1 CMD=CLOSE V_DT=1.0081 pu

[2026-05-31 23:01:47] [iter 45] realtime transfer
[2026-05-31 23:01:47] [Bus 1] P=162.0667 MW Q=33.8305 MVar BRK_FB=1 CMD=CLOSE V_DT=1.0200 pu
[2026-05-31 23:01:47] [Bus 2] P=74.6483 MW Q=30.8928 MVar BRK_FB=1 CMD=CLOSE V_DT=1.0113 pu
[2026-05-31 23:01:47] [Bus 3] P=79.6466 MW Q=21.8075 MVar BRK_FB=1 CMD=CLOSE V_DT=1.0081 pu
[2026-05-31 23:01:47] [Bus 4] P=80.3529 MW Q=49.4180 MVar BRK_FB=1 CMD=CLOSE V_DT=1.0100 pu
[2026-05-31 23:01:47] [Bus 5] P=86.5323 MW Q=27.0031 MVar BRK_FB=1 CMD=CLOSE V_DT=1.0080 pu

[2026-05-31 23:01:48] [iter 46] realtime transfer
[2026-05-31 23:01:48] [Bus 1] P=135.0312 MW Q=33.6645 MVar BRK_FB=1 CMD=CLOSE V_DT=1.0200 pu
[2026-05-31 23:01:48] [Bus 2] P=53.2096 MW Q=18.5434 MVar BRK_FB=1 CMD=CLOSE V_DT=1.0100 pu
[2026-05-31 23:01:48] [Bus 3] P=68.3130 MW Q=26.0433 MVar BRK_FB=1 CMD=CLOSE V_DT=1.0075 pu
[2026-05-31 23:01:48] [Bus 4] P=79.5187 MW Q=40.8706 MVar BRK_FB=1 CMD=CLOSE V_DT=1.0100 pu
[2026-05-31 23:01:48] [Bus 5] P=91.7938 MW Q=27.4427 MVar BRK_FB=1 CMD=CLOSE V_DT=1.0080 pu

[2026-05-31 23:01:49] [iter 47] realtime transfer
[2026-05-31 23:01:49] [Bus 1] P=157.6261 MW Q=32.2539 MVar BRK_FB=1 CMD=CLOSE V_DT=1.0200 pu
[2026-05-31 23:01:49] [Bus 2] P=69.0016 MW Q=29.1653 MVar BRK_FB=1 CMD=CLOSE V_DT=1.0115 pu
[2026-05-31 23:01:49] [Bus 3] P=74.7120 MW Q=21.3533 MVar BRK_FB=1 CMD=CLOSE V_DT=1.0086 pu
[2026-05-31 23:01:49] [Bus 4] P=79.5774 MW Q=50.6321 MVar BRK_FB=1 CMD=CLOSE V_DT=1.0100 pu
[2026-05-31 23:01:49] [Bus 5] P=94.1061 MW Q=29.6774 MVar BRK_FB=1 CMD=CLOSE V_DT=1.0080 pu

[2026-05-31 23:01:50] [iter 48] realtime transfer
[2026-05-31 23:01:50] [Bus 1] P=135.3758 MW Q=36.4003 MVar BRK_FB=1 CMD=CLOSE V_DT=1.0200 pu
[2026-05-31 23:01:50] [Bus 2] P=62.1574 MW Q=26.0838 MVar BRK_FB=1 CMD=CLOSE V_DT=1.0104 pu
[2026-05-31 23:01:50] [Bus 3] P=60.5060 MW Q=20.0159 MVar BRK_FB=1 CMD=CLOSE V_DT=1.0079 pu
[2026-05-31 23:01:50] [Bus 4] P=79.5131 MW Q=38.6450 MVar BRK_FB=1 CMD=CLOSE V_DT=1.0100 pu
[2026-05-31 23:01:50] [Bus 5] P=90.9899 MW Q=26.3620 MVar BRK_FB=1 CMD=CLOSE V_DT=1.0079 pu

[2026-05-31 23:01:51] [iter 49] realtime transfer
[2026-05-31 23:01:51] [Bus 1] P=150.8739 MW Q=38.4675 MVar BRK_FB=1 CMD=CLOSE V_DT=1.0200 pu
[2026-05-31 23:01:51] [Bus 2] P=71.6916 MW Q=25.0332 MVar BRK_FB=1 CMD=CLOSE V_DT=1.0111 pu
[2026-05-31 23:01:51] [Bus 3] P=72.8644 MW Q=39.1496 MVar BRK_FB=1 CMD=CLOSE V_DT=1.0088 pu
[2026-05-31 23:01:51] [Bus 4] P=80.2579 MW Q=43.6238 MVar BRK_FB=1 CMD=CLOSE V_DT=1.0100 pu
[2026-05-31 23:01:51] [Bus 5] P=86.4588 MW Q=14.9904 MVar BRK_FB=1 CMD=CLOSE V_DT=1.0080 pu

[2026-05-31 23:01:52] [iter 50] realtime transfer
[2026-05-31 23:01:52] [Bus 1] P=169.3441 MW Q=33.2173 MVar BRK_FB=1 CMD=CLOSE V_DT=1.0200 pu
[2026-05-31 23:01:52] [Bus 2] P=76.5153 MW Q=26.8475 MVar BRK_FB=1 CMD=CLOSE V_DT=1.0098 pu
[2026-05-31 23:01:52] [Bus 3] P=84.9248 MW Q=32.9196 MVar BRK_FB=1 CMD=CLOSE V_DT=1.0067 pu
[2026-05-31 23:01:52] [Bus 4] P=79.6989 MW Q=56.8933 MVar BRK_FB=1 CMD=CLOSE V_DT=1.0100 pu
[2026-05-31 23:01:52] [Bus 5] P=86.1358 MW Q=26.7204 MVar BRK_FB=1 CMD=CLOSE V_DT=1.0084 pu

[2026-05-31 23:01:53] [iter 51] realtime transfer
[2026-05-31 23:01:53] [Bus 1] P=158.2543 MW Q=25.1565 MVar BRK_FB=1 CMD=CLOSE V_DT=1.0200 pu
[2026-05-31 23:01:53] [Bus 2] P=58.9561 MW Q=14.2792 MVar BRK_FB=1 CMD=CLOSE V_DT=1.0098 pu
[2026-05-31 23:01:53] [Bus 3] P=84.1208 MW Q=25.3402 MVar BRK_FB=1 CMD=CLOSE V_DT=1.0067 pu
[2026-05-31 23:01:53] [Bus 4] P=79.7465 MW Q=45.6426 MVar BRK_FB=1 CMD=CLOSE V_DT=1.0100 pu
[2026-05-31 23:01:53] [Bus 5] P=93.1764 MW Q=27.7496 MVar BRK_FB=1 CMD=CLOSE V_DT=1.0084 pu

[2026-05-31 23:01:54] [iter 52] realtime transfer
[2026-05-31 23:01:54] [Bus 1] P=150.7892 MW Q=33.4263 MVar BRK_FB=1 CMD=CLOSE V_DT=1.0200 pu
[2026-05-31 23:01:54] [Bus 2] P=57.2644 MW Q=26.3898 MVar BRK_FB=1 CMD=CLOSE V_DT=1.0096 pu
[2026-05-31 23:01:54] [Bus 3] P=83.0255 MW Q=24.3442 MVar BRK_FB=1 CMD=CLOSE V_DT=1.0066 pu
[2026-05-31 23:01:54] [Bus 4] P=79.8373 MW Q=40.7913 MVar BRK_FB=1 CMD=CLOSE V_DT=1.0100 pu
[2026-05-31 23:01:54] [Bus 5] P=89.3055 MW Q=20.4373 MVar BRK_FB=1 CMD=CLOSE V_DT=1.0081 pu

[2026-05-31 23:01:55] [iter 53] realtime transfer
[2026-05-31 23:01:55] [Bus 1] P=154.6093 MW Q=23.9641 MVar BRK_FB=1 CMD=CLOSE V_DT=1.0200 pu
[2026-05-31 23:01:55] [Bus 2] P=54.5388 MW Q=12.5836 MVar BRK_FB=1 CMD=CLOSE V_DT=1.0105 pu
[2026-05-31 23:01:55] [Bus 3] P=86.1531 MW Q=22.3715 MVar BRK_FB=1 CMD=CLOSE V_DT=1.0077 pu
[2026-05-31 23:01:55] [Bus 4] P=79.3989 MW Q=30.0393 MVar BRK_FB=1 CMD=CLOSE V_DT=1.0100 pu
[2026-05-31 23:01:55] [Bus 5] P=92.6841 MW Q=16.0697 MVar BRK_FB=1 CMD=CLOSE V_DT=1.0082 pu

[2026-05-31 23:01:56] [iter 54] realtime transfer
[2026-05-31 23:01:56] [Bus 1] P=134.2209 MW Q=29.2289 MVar BRK_FB=1 CMD=CLOSE V_DT=1.0200 pu
[2026-05-31 23:01:56] [Bus 2] P=50.6759 MW Q=14.9953 MVar BRK_FB=1 CMD=CLOSE V_DT=1.0106 pu
[2026-05-31 23:01:56] [Bus 3] P=69.9276 MW Q=19.3448 MVar BRK_FB=1 CMD=CLOSE V_DT=1.0078 pu
[2026-05-31 23:01:56] [Bus 4] P=80.3828 MW Q=24.2446 MVar BRK_FB=1 CMD=CLOSE V_DT=1.0100 pu
[2026-05-31 23:01:56] [Bus 5] P=93.3064 MW Q=16.5672 MVar BRK_FB=1 CMD=CLOSE V_DT=1.0082 pu

[2026-05-31 23:01:57] [iter 55] realtime transfer
[2026-05-31 23:01:57] [Bus 1] P=173.1181 MW Q=36.7518 MVar BRK_FB=1 CMD=CLOSE V_DT=1.0200 pu
[2026-05-31 23:01:57] [Bus 2] P=74.1979 MW Q=31.3167 MVar BRK_FB=1 CMD=CLOSE V_DT=1.0121 pu
[2026-05-31 23:01:57] [Bus 3] P=69.7893 MW Q=19.3065 MVar BRK_FB=1 CMD=CLOSE V_DT=1.0093 pu
[2026-05-31 23:01:57] [Bus 4] P=80.3828 MW Q=24.2446 MVar BRK_FB=1 CMD=CLOSE V_DT=1.0100 pu
[2026-05-31 23:01:57] [Bus 5] P=93.3064 MW Q=16.5672 MVar BRK_FB=1 CMD=CLOSE V_DT=1.0083 pu

[2026-05-31 23:01:58] [iter 56] realtime transfer
[2026-05-31 23:01:58] [Bus 1] P=173.1181 MW Q=36.7518 MVar BRK_FB=1 CMD=CLOSE V_DT=1.0200 pu
[2026-05-31 23:01:58] [Bus 2] P=74.1979 MW Q=31.3167 MVar BRK_FB=1 CMD=CLOSE V_DT=1.0103 pu
[2026-05-31 23:01:58] [Bus 3] P=84.3152 MW Q=43.2659 MVar BRK_FB=1 CMD=CLOSE V_DT=1.0080 pu
[2026-05-31 23:01:58] [Bus 4] P=80.3168 MW Q=48.0611 MVar BRK_FB=1 CMD=CLOSE V_DT=1.0100 pu
[2026-05-31 23:01:58] [Bus 5] P=93.4242 MW Q=27.5731 MVar BRK_FB=1 CMD=CLOSE V_DT=1.0083 pu

[2026-05-31 23:01:59] [iter 57] realtime transfer
[2026-05-31 23:01:59] [Bus 1] P=144.7184 MW Q=32.0103 MVar BRK_FB=1 CMD=CLOSE V_DT=1.0200 pu
[2026-05-31 23:01:59] [Bus 2] P=50.4551 MW Q=22.1726 MVar BRK_FB=1 CMD=CLOSE V_DT=1.0088 pu
[2026-05-31 23:01:59] [Bus 3] P=69.8023 MW Q=20.9476 MVar BRK_FB=1 CMD=CLOSE V_DT=1.0057 pu
[2026-05-31 23:01:59] [Bus 4] P=80.5418 MW Q=40.4345 MVar BRK_FB=1 CMD=CLOSE V_DT=1.0100 pu
[2026-05-31 23:01:59] [Bus 5] P=94.6093 MW Q=27.1517 MVar BRK_FB=1 CMD=CLOSE V_DT=1.0079 pu

[2026-05-31 23:02:00] [iter 58] realtime transfer
[2026-05-31 23:02:00] [Bus 1] P=175.2542 MW Q=31.5287 MVar BRK_FB=1 CMD=CLOSE V_DT=1.0200 pu
[2026-05-31 23:02:00] [Bus 2] P=69.1052 MW Q=26.8753 MVar BRK_FB=1 CMD=CLOSE V_DT=1.0115 pu
[2026-05-31 23:02:00] [Bus 3] P=89.6923 MW Q=35.9264 MVar BRK_FB=1 CMD=CLOSE V_DT=1.0088 pu
[2026-05-31 23:02:00] [Bus 4] P=80.5418 MW Q=40.4345 MVar BRK_FB=1 CMD=CLOSE V_DT=1.0100 pu
[2026-05-31 23:02:00] [Bus 5] P=94.6093 MW Q=27.1517 MVar BRK_FB=1 CMD=CLOSE V_DT=1.0079 pu

[2026-05-31 23:02:01] [iter 59] realtime transfer
[2026-05-31 23:02:01] [Bus 1] P=175.5784 MW Q=39.0913 MVar BRK_FB=1 CMD=CLOSE V_DT=1.0200 pu
[2026-05-31 23:02:01] [Bus 2] P=79.2256 MW Q=35.0972 MVar BRK_FB=1 CMD=CLOSE V_DT=1.0095 pu
[2026-05-31 23:02:01] [Bus 3] P=88.9578 MW Q=42.0966 MVar BRK_FB=1 CMD=CLOSE V_DT=1.0064 pu
[2026-05-31 23:02:01] [Bus 4] P=79.9186 MW Q=64.4532 MVar BRK_FB=1 CMD=CLOSE V_DT=1.0100 pu
[2026-05-31 23:02:01] [Bus 5] P=86.4130 MW Q=22.6218 MVar BRK_FB=1 CMD=CLOSE V_DT=1.0079 pu

[2026-05-31 23:02:02] [iter 60] realtime transfer
[2026-05-31 23:02:02] [Bus 1] P=160.0409 MW Q=36.0932 MVar BRK_FB=1 CMD=CLOSE V_DT=1.0200 pu
[2026-05-31 23:02:02] [Bus 2] P=71.8539 MW Q=29.4937 MVar BRK_FB=1 CMD=CLOSE V_DT=1.0084 pu
[2026-05-31 23:02:02] [Bus 3] P=78.7557 MW Q=32.1081 MVar BRK_FB=1 CMD=CLOSE V_DT=1.0053 pu
[2026-05-31 23:02:02] [Bus 4] P=80.3983 MW Q=49.8475 MVar BRK_FB=1 CMD=CLOSE V_DT=1.0100 pu
[2026-05-31 23:02:02] [Bus 5] P=89.0613 MW Q=21.0854 MVar BRK_FB=1 CMD=CLOSE V_DT=1.0082 pu

[2026-05-31 23:02:03] [iter 61] realtime transfer
[2026-05-31 23:02:03] [Bus 1] P=128.7620 MW Q=32.1581 MVar BRK_FB=1 CMD=CLOSE V_DT=1.0200 pu
[2026-05-31 23:02:03] [Bus 2] P=57.8042 MW Q=17.5869 MVar BRK_FB=1 CMD=CLOSE V_DT=1.0097 pu
[2026-05-31 23:02:03] [Bus 3] P=59.9437 MW Q=16.7035 MVar BRK_FB=1 CMD=CLOSE V_DT=1.0069 pu
[2026-05-31 23:02:03] [Bus 4] P=79.1546 MW Q=23.0561 MVar BRK_FB=1 CMD=CLOSE V_DT=1.0100 pu
[2026-05-31 23:02:03] [Bus 5] P=90.5028 MW Q=18.9381 MVar BRK_FB=1 CMD=CLOSE V_DT=1.0082 pu

[2026-05-31 23:02:04] [iter 62] realtime transfer
[2026-05-31 23:02:04] [Bus 1] P=155.9181 MW Q=35.0142 MVar BRK_FB=1 CMD=CLOSE V_DT=1.0200 pu
[2026-05-31 23:02:04] [Bus 2] P=71.8630 MW Q=22.6628 MVar BRK_FB=1 CMD=CLOSE V_DT=1.0120 pu
[2026-05-31 23:02:04] [Bus 3] P=59.6481 MW Q=16.6212 MVar BRK_FB=1 CMD=CLOSE V_DT=1.0095 pu
[2026-05-31 23:02:04] [Bus 4] P=79.1546 MW Q=23.0561 MVar BRK_FB=1 CMD=CLOSE V_DT=1.0100 pu
[2026-05-31 23:02:04] [Bus 5] P=90.5028 MW Q=18.9381 MVar BRK_FB=1 CMD=CLOSE V_DT=1.0083 pu

[2026-05-31 23:02:05] [iter 63] realtime transfer
[2026-05-31 23:02:05] [Bus 1] P=149.9554 MW Q=32.4333 MVar BRK_FB=1 CMD=CLOSE V_DT=1.0200 pu
[2026-05-31 23:02:05] [Bus 2] P=59.7407 MW Q=15.5383 MVar BRK_FB=1 CMD=CLOSE V_DT=1.0113 pu
[2026-05-31 23:02:05] [Bus 3] P=70.7237 MW Q=36.9547 MVar BRK_FB=1 CMD=CLOSE V_DT=1.0090 pu
[2026-05-31 23:02:05] [Bus 4] P=79.9950 MW Q=47.3178 MVar BRK_FB=1 CMD=CLOSE V_DT=1.0100 pu
[2026-05-31 23:02:05] [Bus 5] P=88.1061 MW Q=23.4711 MVar BRK_FB=1 CMD=CLOSE V_DT=1.0083 pu

[2026-05-31 23:02:06] [iter 64] realtime transfer
[2026-05-31 23:02:06] [Bus 1] P=141.5875 MW Q=36.4039 MVar BRK_FB=1 CMD=CLOSE V_DT=1.0200 pu
[2026-05-31 23:02:06] [Bus 2] P=62.7091 MW Q=26.0094 MVar BRK_FB=1 CMD=CLOSE V_DT=1.0109 pu
[2026-05-31 23:02:06] [Bus 3] P=81.7340 MW Q=37.9501 MVar BRK_FB=1 CMD=CLOSE V_DT=1.0077 pu
[2026-05-31 23:02:06] [Bus 4] P=79.6530 MW Q=40.1660 MVar BRK_FB=1 CMD=CLOSE V_DT=1.0100 pu
[2026-05-31 23:02:06] [Bus 5] P=94.0206 MW Q=20.4746 MVar BRK_FB=1 CMD=CLOSE V_DT=1.0081 pu

[2026-05-31 23:02:07] [iter 65] realtime transfer
[2026-05-31 23:02:07] [Bus 1] P=152.4619 MW Q=35.7448 MVar BRK_FB=1 CMD=CLOSE V_DT=1.0200 pu
[2026-05-31 23:02:07] [Bus 2] P=77.0651 MW Q=25.5482 MVar BRK_FB=1 CMD=CLOSE V_DT=1.0098 pu
[2026-05-31 23:02:07] [Bus 3] P=63.6162 MW Q=27.5206 MVar BRK_FB=1 CMD=CLOSE V_DT=1.0067 pu
[2026-05-31 23:02:07] [Bus 4] P=80.1482 MW Q=44.6255 MVar BRK_FB=1 CMD=CLOSE V_DT=1.0100 pu
[2026-05-31 23:02:07] [Bus 5] P=84.8791 MW Q=24.2592 MVar BRK_FB=1 CMD=CLOSE V_DT=1.0082 pu

[2026-05-31 23:02:08] [iter 66] realtime transfer
[2026-05-31 23:02:08] [Bus 1] P=152.8296 MW Q=33.5063 MVar BRK_FB=1 CMD=CLOSE V_DT=1.0200 pu
[2026-05-31 23:02:08] [Bus 2] P=62.9681 MW Q=21.4904 MVar BRK_FB=1 CMD=CLOSE V_DT=1.0104 pu
[2026-05-31 23:02:08] [Bus 3] P=79.8554 MW Q=33.5834 MVar BRK_FB=1 CMD=CLOSE V_DT=1.0078 pu
[2026-05-31 23:02:08] [Bus 4] P=79.3135 MW Q=50.6510 MVar BRK_FB=1 CMD=CLOSE V_DT=1.0100 pu
[2026-05-31 23:02:08] [Bus 5] P=89.0525 MW Q=26.4874 MVar BRK_FB=1 CMD=CLOSE V_DT=1.0082 pu

[2026-05-31 23:02:09] [iter 67] realtime transfer
[2026-05-31 23:02:09] [Bus 1] P=155.2289 MW Q=33.1099 MVar BRK_FB=1 CMD=CLOSE V_DT=1.0200 pu
[2026-05-31 23:02:09] [Bus 2] P=64.3618 MW Q=15.5304 MVar BRK_FB=1 CMD=CLOSE V_DT=1.0104 pu
[2026-05-31 23:02:09] [Bus 3] P=83.7552 MW Q=41.6731 MVar BRK_FB=1 CMD=CLOSE V_DT=1.0073 pu
[2026-05-31 23:02:09] [Bus 4] P=80.2623 MW Q=48.7492 MVar BRK_FB=1 CMD=CLOSE V_DT=1.0100 pu
[2026-05-31 23:02:09] [Bus 5] P=85.7847 MW Q=21.2737 MVar BRK_FB=1 CMD=CLOSE V_DT=1.0080 pu

[2026-05-31 23:02:10] [iter 68] realtime transfer
[2026-05-31 23:02:10] [Bus 1] P=167.5104 MW Q=32.2195 MVar BRK_FB=1 CMD=CLOSE V_DT=1.0200 pu
[2026-05-31 23:02:10] [Bus 2] P=68.9179 MW Q=27.9267 MVar BRK_FB=1 CMD=CLOSE V_DT=1.0104 pu
[2026-05-31 23:02:10] [Bus 3] P=84.4963 MW Q=28.4858 MVar BRK_FB=1 CMD=CLOSE V_DT=1.0073 pu
[2026-05-31 23:02:10] [Bus 4] P=79.8609 MW Q=55.0376 MVar BRK_FB=1 CMD=CLOSE V_DT=1.0100 pu
[2026-05-31 23:02:10] [Bus 5] P=91.4479 MW Q=27.0249 MVar BRK_FB=1 CMD=CLOSE V_DT=1.0080 pu

[2026-05-31 23:02:11] [iter 69] realtime transfer
[2026-05-31 23:02:11] [Bus 1] P=138.1653 MW Q=37.7174 MVar BRK_FB=1 CMD=CLOSE V_DT=1.0200 pu
[2026-05-31 23:02:11] [Bus 2] P=56.1344 MW Q=26.8683 MVar BRK_FB=1 CMD=CLOSE V_DT=1.0103 pu
[2026-05-31 23:02:11] [Bus 3] P=66.9483 MW Q=27.9516 MVar BRK_FB=1 CMD=CLOSE V_DT=1.0068 pu
[2026-05-31 23:02:11] [Bus 4] P=80.1788 MW Q=49.9010 MVar BRK_FB=1 CMD=CLOSE V_DT=1.0100 pu
[2026-05-31 23:02:11] [Bus 5] P=92.7842 MW Q=29.5309 MVar BRK_FB=1 CMD=CLOSE V_DT=1.0082 pu

[2026-05-31 23:02:12] [iter 70] realtime transfer
[2026-05-31 23:02:12] [Bus 1] P=138.8440 MW Q=33.3775 MVar BRK_FB=1 CMD=CLOSE V_DT=1.0200 pu
[2026-05-31 23:02:12] [Bus 2] P=62.8512 MW Q=20.5688 MVar BRK_FB=1 CMD=CLOSE V_DT=1.0099 pu
[2026-05-31 23:02:12] [Bus 3] P=66.4069 MW Q=23.5028 MVar BRK_FB=1 CMD=CLOSE V_DT=1.0071 pu
[2026-05-31 23:02:12] [Bus 4] P=79.6649 MW Q=39.0785 MVar BRK_FB=1 CMD=CLOSE V_DT=1.0100 pu
[2026-05-31 23:02:12] [Bus 5] P=90.1985 MW Q=26.3777 MVar BRK_FB=1 CMD=CLOSE V_DT=1.0080 pu

[2026-05-31 23:02:13] [iter 71] realtime transfer
[2026-05-31 23:02:13] [Bus 1] P=138.8440 MW Q=33.3775 MVar BRK_FB=1 CMD=CLOSE V_DT=1.0200 pu
[2026-05-31 23:02:13] [Bus 2] P=62.8512 MW Q=20.5688 MVar BRK_FB=1 CMD=CLOSE V_DT=1.0108 pu
[2026-05-31 23:02:13] [Bus 3] P=66.4069 MW Q=23.5028 MVar BRK_FB=1 CMD=CLOSE V_DT=1.0080 pu
[2026-05-31 23:02:13] [Bus 4] P=79.6649 MW Q=39.0785 MVar BRK_FB=1 CMD=CLOSE V_DT=1.0100 pu
[2026-05-31 23:02:13] [Bus 5] P=90.1985 MW Q=26.3777 MVar BRK_FB=1 CMD=CLOSE V_DT=1.0079 pu

[2026-05-31 23:02:14] [iter 72] realtime transfer
[2026-05-31 23:02:14] [Bus 1] P=138.5354 MW Q=33.8017 MVar BRK_FB=1 CMD=CLOSE V_DT=1.0200 pu
[2026-05-31 23:02:14] [Bus 2] P=55.3369 MW Q=12.1861 MVar BRK_FB=1 CMD=CLOSE V_DT=1.0112 pu
[2026-05-31 23:02:14] [Bus 3] P=75.1857 MW Q=39.6576 MVar BRK_FB=1 CMD=CLOSE V_DT=1.0086 pu
[2026-05-31 23:02:14] [Bus 4] P=79.9549 MW Q=36.5216 MVar BRK_FB=1 CMD=CLOSE V_DT=1.0100 pu
[2026-05-31 23:02:14] [Bus 5] P=87.3390 MW Q=15.8646 MVar BRK_FB=1 CMD=CLOSE V_DT=1.0080 pu

[2026-05-31 23:02:15] [iter 73] realtime transfer
[2026-05-31 23:02:15] [Bus 1] P=155.9692 MW Q=26.7587 MVar BRK_FB=1 CMD=CLOSE V_DT=1.0200 pu
[2026-05-31 23:02:15] [Bus 2] P=63.8250 MW Q=17.5791 MVar BRK_FB=1 CMD=CLOSE V_DT=1.0111 pu
[2026-05-31 23:02:15] [Bus 3] P=79.9340 MW Q=20.4148 MVar BRK_FB=1 CMD=CLOSE V_DT=1.0076 pu
[2026-05-31 23:02:15] [Bus 4] P=80.1995 MW Q=28.7077 MVar BRK_FB=1 CMD=CLOSE V_DT=1.0100 pu
[2026-05-31 23:02:15] [Bus 5] P=91.1584 MW Q=14.2508 MVar BRK_FB=1 CMD=CLOSE V_DT=1.0084 pu

[2026-05-31 23:02:16] [iter 74] realtime transfer
[2026-05-31 23:02:16] [Bus 1] P=173.1025 MW Q=31.0405 MVar BRK_FB=1 CMD=CLOSE V_DT=1.0200 pu
[2026-05-31 23:02:16] [Bus 2] P=76.3557 MW Q=25.3668 MVar BRK_FB=1 CMD=CLOSE V_DT=1.0112 pu
[2026-05-31 23:02:16] [Bus 3] P=81.3911 MW Q=33.3332 MVar BRK_FB=1 CMD=CLOSE V_DT=1.0085 pu
[2026-05-31 23:02:16] [Bus 4] P=79.2121 MW Q=53.7254 MVar BRK_FB=1 CMD=CLOSE V_DT=1.0100 pu
[2026-05-31 23:02:16] [Bus 5] P=93.3770 MW Q=22.6159 MVar BRK_FB=1 CMD=CLOSE V_DT=1.0084 pu

[2026-05-31 23:02:17] [iter 75] realtime transfer
[2026-05-31 23:02:17] [Bus 1] P=159.9022 MW Q=34.3464 MVar BRK_FB=1 CMD=CLOSE V_DT=1.0200 pu
[2026-05-31 23:02:17] [Bus 2] P=76.6470 MW Q=22.5035 MVar BRK_FB=1 CMD=CLOSE V_DT=1.0097 pu
[2026-05-31 23:02:17] [Bus 3] P=73.9326 MW Q=35.1132 MVar BRK_FB=1 CMD=CLOSE V_DT=1.0068 pu
[2026-05-31 23:02:17] [Bus 4] P=79.7540 MW Q=46.3913 MVar BRK_FB=1 CMD=CLOSE V_DT=1.0100 pu
[2026-05-31 23:02:17] [Bus 5] P=87.5767 MW Q=19.7507 MVar BRK_FB=1 CMD=CLOSE V_DT=1.0081 pu

[2026-05-31 23:02:18] [iter 76] realtime transfer
[2026-05-31 23:02:18] [Bus 1] P=158.7115 MW Q=36.8417 MVar BRK_FB=1 CMD=CLOSE V_DT=1.0200 pu
[2026-05-31 23:02:18] [Bus 2] P=73.4151 MW Q=26.2300 MVar BRK_FB=1 CMD=CLOSE V_DT=1.0100 pu
[2026-05-31 23:02:18] [Bus 3] P=79.1489 MW Q=37.2735 MVar BRK_FB=1 CMD=CLOSE V_DT=1.0070 pu
[2026-05-31 23:02:18] [Bus 4] P=79.8416 MW Q=54.0486 MVar BRK_FB=1 CMD=CLOSE V_DT=1.0100 pu
[2026-05-31 23:02:18] [Bus 5] P=86.0537 MW Q=24.6287 MVar BRK_FB=1 CMD=CLOSE V_DT=1.0083 pu

[2026-05-31 23:02:19] [iter 77] realtime transfer
[2026-05-31 23:02:19] [Bus 1] P=141.6825 MW Q=38.6197 MVar BRK_FB=1 CMD=CLOSE V_DT=1.0200 pu
[2026-05-31 23:02:19] [Bus 2] P=58.4478 MW Q=23.9009 MVar BRK_FB=1 CMD=CLOSE V_DT=1.0096 pu
[2026-05-31 23:02:19] [Bus 3] P=76.9873 MW Q=38.9075 MVar BRK_FB=1 CMD=CLOSE V_DT=1.0066 pu
[2026-05-31 23:02:19] [Bus 4] P=80.0592 MW Q=44.9636 MVar BRK_FB=1 CMD=CLOSE V_DT=1.0100 pu
[2026-05-31 23:02:19] [Bus 5] P=87.5639 MW Q=18.7647 MVar BRK_FB=1 CMD=CLOSE V_DT=1.0081 pu

[2026-05-31 23:02:20] [iter 78] realtime transfer
[2026-05-31 23:02:20] [Bus 1] P=154.1271 MW Q=38.8967 MVar BRK_FB=1 CMD=CLOSE V_DT=1.0200 pu
[2026-05-31 23:02:20] [Bus 2] P=70.1381 MW Q=32.9495 MVar BRK_FB=1 CMD=CLOSE V_DT=1.0102 pu
[2026-05-31 23:02:20] [Bus 3] P=72.2962 MW Q=28.8454 MVar BRK_FB=1 CMD=CLOSE V_DT=1.0069 pu
[2026-05-31 23:02:20] [Bus 4] P=80.6723 MW Q=53.6240 MVar BRK_FB=1 CMD=CLOSE V_DT=1.0100 pu
[2026-05-31 23:02:20] [Bus 5] P=89.0156 MW Q=26.5444 MVar BRK_FB=1 CMD=CLOSE V_DT=1.0083 pu

[2026-05-31 23:02:21] [iter 79] realtime transfer
[2026-05-31 23:02:21] [Bus 1] P=154.4644 MW Q=27.3349 MVar BRK_FB=1 CMD=CLOSE V_DT=1.0200 pu
[2026-05-31 23:02:21] [Bus 2] P=62.6480 MW Q=15.0319 MVar BRK_FB=1 CMD=CLOSE V_DT=1.0098 pu
[2026-05-31 23:02:21] [Bus 3] P=77.5138 MW Q=27.4599 MVar BRK_FB=1 CMD=CLOSE V_DT=1.0072 pu
[2026-05-31 23:02:21] [Bus 4] P=80.1581 MW Q=37.0098 MVar BRK_FB=1 CMD=CLOSE V_DT=1.0100 pu
[2026-05-31 23:02:21] [Bus 5] P=93.5970 MW Q=18.7098 MVar BRK_FB=1 CMD=CLOSE V_DT=1.0080 pu

[2026-05-31 23:02:22] [iter 80] realtime transfer
[2026-05-31 23:02:22] [Bus 1] P=146.8118 MW Q=35.8867 MVar BRK_FB=1 CMD=CLOSE V_DT=1.0200 pu
[2026-05-31 23:02:22] [Bus 2] P=61.5635 MW Q=29.7293 MVar BRK_FB=1 CMD=CLOSE V_DT=1.0112 pu
[2026-05-31 23:02:22] [Bus 3] P=70.3463 MW Q=23.6664 MVar BRK_FB=1 CMD=CLOSE V_DT=1.0081 pu
[2026-05-31 23:02:22] [Bus 4] P=80.3246 MW Q=35.1557 MVar BRK_FB=1 CMD=CLOSE V_DT=1.0100 pu
[2026-05-31 23:02:22] [Bus 5] P=93.4811 MW Q=14.5518 MVar BRK_FB=1 CMD=CLOSE V_DT=1.0082 pu

[2026-05-31 23:02:23] [iter 81] realtime transfer
[2026-05-31 23:02:23] [Bus 1] P=147.7433 MW Q=32.5356 MVar BRK_FB=1 CMD=CLOSE V_DT=1.0200 pu
[2026-05-31 23:02:23] [Bus 2] P=62.5319 MW Q=18.2869 MVar BRK_FB=1 CMD=CLOSE V_DT=1.0105 pu
[2026-05-31 23:02:23] [Bus 3] P=76.2539 MW Q=29.0951 MVar BRK_FB=1 CMD=CLOSE V_DT=1.0080 pu
[2026-05-31 23:02:23] [Bus 4] P=79.9270 MW Q=43.7471 MVar BRK_FB=1 CMD=CLOSE V_DT=1.0100 pu
[2026-05-31 23:02:23] [Bus 5] P=87.3179 MW Q=25.8713 MVar BRK_FB=1 CMD=CLOSE V_DT=1.0084 pu

[2026-05-31 23:02:24] [iter 82] realtime transfer
[2026-05-31 23:02:24] [Bus 1] P=143.5334 MW Q=38.1770 MVar BRK_FB=1 CMD=CLOSE V_DT=1.0200 pu
[2026-05-31 23:02:24] [Bus 2] P=62.4780 MW Q=29.8513 MVar BRK_FB=1 CMD=CLOSE V_DT=1.0109 pu
[2026-05-31 23:02:24] [Bus 3] P=70.1230 MW Q=25.1945 MVar BRK_FB=1 CMD=CLOSE V_DT=1.0079 pu
[2026-05-31 23:02:24] [Bus 4] P=80.2258 MW Q=47.2628 MVar BRK_FB=1 CMD=CLOSE V_DT=1.0100 pu
[2026-05-31 23:02:24] [Bus 5] P=89.4077 MW Q=27.2358 MVar BRK_FB=1 CMD=CLOSE V_DT=1.0081 pu

[2026-05-31 23:02:25] [iter 83] realtime transfer
[2026-05-31 23:02:25] [Bus 1] P=153.0038 MW Q=40.3762 MVar BRK_FB=1 CMD=CLOSE V_DT=1.0200 pu
[2026-05-31 23:02:25] [Bus 2] P=64.3462 MW Q=29.2795 MVar BRK_FB=1 CMD=CLOSE V_DT=1.0104 pu
[2026-05-31 23:02:25] [Bus 3] P=78.7070 MW Q=41.9670 MVar BRK_FB=1 CMD=CLOSE V_DT=1.0079 pu
[2026-05-31 23:02:25] [Bus 4] P=79.9807 MW Q=55.1618 MVar BRK_FB=1 CMD=CLOSE V_DT=1.0100 pu
[2026-05-31 23:02:25] [Bus 5] P=89.2457 MW Q=21.3328 MVar BRK_FB=1 CMD=CLOSE V_DT=1.0080 pu

[2026-05-31 23:02:26] [iter 84] realtime transfer
[2026-05-31 23:02:26] [Bus 1] P=121.9151 MW Q=37.1384 MVar BRK_FB=1 CMD=CLOSE V_DT=1.0200 pu
[2026-05-31 23:02:26] [Bus 2] P=50.8715 MW Q=16.4665 MVar BRK_FB=1 CMD=CLOSE V_DT=1.0095 pu
[2026-05-31 23:02:26] [Bus 3] P=63.9738 MW Q=26.9432 MVar BRK_FB=1 CMD=CLOSE V_DT=1.0063 pu
[2026-05-31 23:02:26] [Bus 4] P=79.9998 MW Q=31.8189 MVar BRK_FB=1 CMD=CLOSE V_DT=1.0100 pu
[2026-05-31 23:02:26] [Bus 5] P=85.1512 MW Q=23.0710 MVar BRK_FB=1 CMD=CLOSE V_DT=1.0082 pu

[2026-05-31 23:02:28] [iter 85] realtime transfer
[2026-05-31 23:02:28] [Bus 1] P=153.1323 MW Q=34.5351 MVar BRK_FB=1 CMD=CLOSE V_DT=1.0200 pu
[2026-05-31 23:02:28] [Bus 2] P=56.0488 MW Q=22.8334 MVar BRK_FB=1 CMD=CLOSE V_DT=1.0117 pu
[2026-05-31 23:02:28] [Bus 3] P=82.9248 MW Q=36.7849 MVar BRK_FB=1 CMD=CLOSE V_DT=1.0088 pu
[2026-05-31 23:02:28] [Bus 4] P=79.9025 MW Q=45.4754 MVar BRK_FB=1 CMD=CLOSE V_DT=1.0100 pu
[2026-05-31 23:02:28] [Bus 5] P=93.0364 MW Q=17.2195 MVar BRK_FB=1 CMD=CLOSE V_DT=1.0082 pu

[2026-05-31 23:02:29] [iter 86] realtime transfer
[2026-05-31 23:02:29] [Bus 1] P=153.1323 MW Q=34.5351 MVar BRK_FB=1 CMD=CLOSE V_DT=1.0200 pu
[2026-05-31 23:02:29] [Bus 2] P=56.6090 MW Q=23.0616 MVar BRK_FB=1 CMD=CLOSE V_DT=1.0117 pu
[2026-05-31 23:02:29] [Bus 3] P=84.5024 MW Q=33.7948 MVar BRK_FB=1 CMD=CLOSE V_DT=1.0088 pu
[2026-05-31 23:02:29] [Bus 4] P=79.9568 MW Q=42.4805 MVar BRK_FB=1 CMD=CLOSE V_DT=1.0100 pu
[2026-05-31 23:02:29] [Bus 5] P=95.0388 MW Q=26.2148 MVar BRK_FB=1 CMD=CLOSE V_DT=1.0082 pu

[2026-05-31 23:02:30] [iter 87] realtime transfer
[2026-05-31 23:02:30] [Bus 1] P=165.5354 MW Q=27.4793 MVar BRK_FB=1 CMD=CLOSE V_DT=1.0200 pu
[2026-05-31 23:02:30] [Bus 2] P=69.1530 MW Q=19.4908 MVar BRK_FB=1 CMD=CLOSE V_DT=1.0103 pu
[2026-05-31 23:02:30] [Bus 3] P=79.8326 MW Q=26.8300 MVar BRK_FB=1 CMD=CLOSE V_DT=1.0071 pu
[2026-05-31 23:02:30] [Bus 4] P=79.4255 MW Q=50.4316 MVar BRK_FB=1 CMD=CLOSE V_DT=1.0100 pu
[2026-05-31 23:02:30] [Bus 5] P=93.9026 MW Q=28.1088 MVar BRK_FB=1 CMD=CLOSE V_DT=1.0080 pu

[2026-05-31 23:02:31] [iter 88] realtime transfer
[2026-05-31 23:02:31] [Bus 1] P=125.7456 MW Q=37.0157 MVar BRK_FB=1 CMD=CLOSE V_DT=1.0200 pu
[2026-05-31 23:02:31] [Bus 2] P=50.4550 MW Q=22.6635 MVar BRK_FB=1 CMD=CLOSE V_DT=1.0106 pu
[2026-05-31 23:02:31] [Bus 3] P=63.5147 MW Q=22.9895 MVar BRK_FB=1 CMD=CLOSE V_DT=1.0078 pu
[2026-05-31 23:02:31] [Bus 4] P=79.7462 MW Q=37.8743 MVar BRK_FB=1 CMD=CLOSE V_DT=1.0100 pu
[2026-05-31 23:02:31] [Bus 5] P=90.8580 MW Q=26.9550 MVar BRK_FB=1 CMD=CLOSE V_DT=1.0079 pu

[2026-05-31 23:02:32] [iter 89] realtime transfer
[2026-05-31 23:02:32] [Bus 1] P=150.6502 MW Q=31.6775 MVar BRK_FB=1 CMD=CLOSE V_DT=1.0200 pu
[2026-05-31 23:02:32] [Bus 2] P=70.6605 MW Q=20.2232 MVar BRK_FB=1 CMD=CLOSE V_DT=1.0115 pu
[2026-05-31 23:02:32] [Bus 3] P=65.0063 MW Q=24.7199 MVar BRK_FB=1 CMD=CLOSE V_DT=1.0088 pu
[2026-05-31 23:02:32] [Bus 4] P=79.7499 MW Q=45.2818 MVar BRK_FB=1 CMD=CLOSE V_DT=1.0100 pu
[2026-05-31 23:02:32] [Bus 5] P=92.2276 MW Q=28.7804 MVar BRK_FB=1 CMD=CLOSE V_DT=1.0080 pu

[2026-05-31 23:02:33] [iter 90] realtime transfer
[2026-05-31 23:02:33] [Bus 1] P=149.8607 MW Q=31.5115 MVar BRK_FB=1 CMD=CLOSE V_DT=1.0200 pu
[2026-05-31 23:02:33] [Bus 2] P=70.6465 MW Q=20.2192 MVar BRK_FB=1 CMD=CLOSE V_DT=1.0110 pu
[2026-05-31 23:02:33] [Bus 3] P=62.9436 MW Q=33.5790 MVar BRK_FB=1 CMD=CLOSE V_DT=1.0084 pu
[2026-05-31 23:02:33] [Bus 4] P=80.2071 MW Q=38.4134 MVar BRK_FB=1 CMD=CLOSE V_DT=1.0100 pu
[2026-05-31 23:02:33] [Bus 5] P=88.3027 MW Q=19.2295 MVar BRK_FB=1 CMD=CLOSE V_DT=1.0079 pu

[2026-05-31 23:02:34] [iter 91] realtime transfer
[2026-05-31 23:02:34] [Bus 1] P=174.1464 MW Q=36.8823 MVar BRK_FB=1 CMD=CLOSE V_DT=1.0200 pu
[2026-05-31 23:02:34] [Bus 2] P=78.8213 MW Q=30.7289 MVar BRK_FB=1 CMD=CLOSE V_DT=1.0106 pu
[2026-05-31 23:02:34] [Bus 3] P=81.4103 MW Q=42.4268 MVar BRK_FB=1 CMD=CLOSE V_DT=1.0078 pu
[2026-05-31 23:02:34] [Bus 4] P=80.3133 MW Q=61.4491 MVar BRK_FB=1 CMD=CLOSE V_DT=1.0100 pu
[2026-05-31 23:02:34] [Bus 5] P=91.9422 MW Q=20.9103 MVar BRK_FB=1 CMD=CLOSE V_DT=1.0083 pu

[2026-05-31 23:02:35] [iter 92] realtime transfer
[2026-05-31 23:02:35] [Bus 1] P=145.1577 MW Q=31.4674 MVar BRK_FB=1 CMD=CLOSE V_DT=1.0200 pu
[2026-05-31 23:02:35] [Bus 2] P=53.3126 MW Q=15.1741 MVar BRK_FB=1 CMD=CLOSE V_DT=1.0095 pu
[2026-05-31 23:02:35] [Bus 3] P=85.7254 MW Q=32.7916 MVar BRK_FB=1 CMD=CLOSE V_DT=1.0066 pu
[2026-05-31 23:02:35] [Bus 4] P=80.2756 MW Q=31.8782 MVar BRK_FB=1 CMD=CLOSE V_DT=1.0100 pu
[2026-05-31 23:02:35] [Bus 5] P=85.9182 MW Q=12.6104 MVar BRK_FB=1 CMD=CLOSE V_DT=1.0082 pu

[2026-05-31 23:02:36] [iter 93] realtime transfer
[2026-05-31 23:02:36] [Bus 1] P=158.0527 MW Q=37.1285 MVar BRK_FB=1 CMD=CLOSE V_DT=1.0200 pu
[2026-05-31 23:02:36] [Bus 2] P=73.2467 MW Q=29.4533 MVar BRK_FB=1 CMD=CLOSE V_DT=1.0110 pu
[2026-05-31 23:02:36] [Bus 3] P=72.9799 MW Q=32.5240 MVar BRK_FB=1 CMD=CLOSE V_DT=1.0076 pu
[2026-05-31 23:02:36] [Bus 4] P=79.7842 MW Q=53.1168 MVar BRK_FB=1 CMD=CLOSE V_DT=1.0100 pu
[2026-05-31 23:02:36] [Bus 5] P=90.2040 MW Q=25.0269 MVar BRK_FB=1 CMD=CLOSE V_DT=1.0085 pu

[2026-05-31 23:02:37] [iter 94] realtime transfer
[2026-05-31 23:02:37] [Bus 1] P=150.8335 MW Q=29.0945 MVar BRK_FB=1 CMD=CLOSE V_DT=1.0200 pu
[2026-05-31 23:02:37] [Bus 2] P=75.3063 MW Q=20.2175 MVar BRK_FB=1 CMD=CLOSE V_DT=1.0098 pu
[2026-05-31 23:02:37] [Bus 3] P=63.6829 MW Q=16.9118 MVar BRK_FB=1 CMD=CLOSE V_DT=1.0070 pu
[2026-05-31 23:02:37] [Bus 4] P=79.8815 MW Q=27.8112 MVar BRK_FB=1 CMD=CLOSE V_DT=1.0100 pu
[2026-05-31 23:02:37] [Bus 5] P=91.7019 MW Q=17.0764 MVar BRK_FB=1 CMD=CLOSE V_DT=1.0081 pu

[2026-05-31 23:02:38] [iter 95] realtime transfer
[2026-05-31 23:02:38] [Bus 1] P=162.3412 MW Q=31.3142 MVar BRK_FB=1 CMD=CLOSE V_DT=1.0200 pu
[2026-05-31 23:02:38] [Bus 2] P=71.2547 MW Q=27.0730 MVar BRK_FB=1 CMD=CLOSE V_DT=1.0112 pu
[2026-05-31 23:02:38] [Bus 3] P=81.7924 MW Q=21.5842 MVar BRK_FB=1 CMD=CLOSE V_DT=1.0089 pu
[2026-05-31 23:02:38] [Bus 4] P=79.9658 MW Q=37.4285 MVar BRK_FB=1 CMD=CLOSE V_DT=1.0100 pu
[2026-05-31 23:02:38] [Bus 5] P=87.3853 MW Q=16.6635 MVar BRK_FB=1 CMD=CLOSE V_DT=1.0083 pu

[2026-05-31 23:02:39] [iter 96] realtime transfer
[2026-05-31 23:02:39] [Bus 1] P=148.9716 MW Q=34.5113 MVar BRK_FB=1 CMD=CLOSE V_DT=1.0200 pu
[2026-05-31 23:02:39] [Bus 2] P=66.0664 MW Q=24.2627 MVar BRK_FB=1 CMD=CLOSE V_DT=1.0103 pu
[2026-05-31 23:02:39] [Bus 3] P=72.9345 MW Q=25.0428 MVar BRK_FB=1 CMD=CLOSE V_DT=1.0077 pu
[2026-05-31 23:02:39] [Bus 4] P=79.8753 MW Q=33.8096 MVar BRK_FB=1 CMD=CLOSE V_DT=1.0100 pu
[2026-05-31 23:02:39] [Bus 5] P=87.9440 MW Q=15.8726 MVar BRK_FB=1 CMD=CLOSE V_DT=1.0084 pu

[2026-05-31 23:02:40] [iter 97] realtime transfer
[2026-05-31 23:02:40] [Bus 1] P=171.3001 MW Q=38.4685 MVar BRK_FB=1 CMD=CLOSE V_DT=1.0200 pu
[2026-05-31 23:02:40] [Bus 2] P=75.3069 MW Q=34.9876 MVar BRK_FB=1 CMD=CLOSE V_DT=1.0107 pu
[2026-05-31 23:02:40] [Bus 3] P=86.4277 MW Q=41.3926 MVar BRK_FB=1 CMD=CLOSE V_DT=1.0080 pu
[2026-05-31 23:02:40] [Bus 4] P=80.2245 MW Q=62.1562 MVar BRK_FB=1 CMD=CLOSE V_DT=1.0100 pu
[2026-05-31 23:02:40] [Bus 5] P=88.9255 MW Q=20.5176 MVar BRK_FB=1 CMD=CLOSE V_DT=1.0084 pu

[2026-05-31 23:02:41] [iter 98] realtime transfer
[2026-05-31 23:02:41] [Bus 1] P=155.8832 MW Q=40.0795 MVar BRK_FB=1 CMD=CLOSE V_DT=1.0200 pu
[2026-05-31 23:02:41] [Bus 2] P=60.8504 MW Q=29.0736 MVar BRK_FB=1 CMD=CLOSE V_DT=1.0086 pu
[2026-05-31 23:02:41] [Bus 3] P=85.6521 MW Q=42.3527 MVar BRK_FB=1 CMD=CLOSE V_DT=1.0056 pu
[2026-05-31 23:02:41] [Bus 4] P=80.3270 MW Q=51.9491 MVar BRK_FB=1 CMD=CLOSE V_DT=1.0100 pu
[2026-05-31 23:02:41] [Bus 5] P=87.0046 MW Q=16.7824 MVar BRK_FB=1 CMD=CLOSE V_DT=1.0082 pu

[2026-05-31 23:02:42] [iter 99] realtime transfer
[2026-05-31 23:02:42] [Bus 1] P=147.7077 MW Q=33.5228 MVar BRK_FB=1 CMD=CLOSE V_DT=1.0200 pu
[2026-05-31 23:02:42] [Bus 2] P=60.1730 MW Q=14.9753 MVar BRK_FB=1 CMD=CLOSE V_DT=1.0094 pu
[2026-05-31 23:02:42] [Bus 3] P=80.9196 MW Q=38.0609 MVar BRK_FB=1 CMD=CLOSE V_DT=1.0061 pu
[2026-05-31 23:02:42] [Bus 4] P=79.8158 MW Q=35.7583 MVar BRK_FB=1 CMD=CLOSE V_DT=1.0100 pu
[2026-05-31 23:02:42] [Bus 5] P=85.0161 MW Q=13.3468 MVar BRK_FB=1 CMD=CLOSE V_DT=1.0084 pu

[2026-05-31 23:02:43] [iter 100] realtime transfer
[2026-05-31 23:02:43] [Bus 1] P=140.0964 MW Q=30.3010 MVar BRK_FB=1 CMD=CLOSE V_DT=1.0200 pu
[2026-05-31 23:02:43] [Bus 2] P=52.8154 MW Q=15.8899 MVar BRK_FB=1 CMD=CLOSE V_DT=1.0107 pu
[2026-05-31 23:02:43] [Bus 3] P=74.4360 MW Q=24.9382 MVar BRK_FB=1 CMD=CLOSE V_DT=1.0073 pu
[2026-05-31 23:02:43] [Bus 4] P=80.2160 MW Q=33.8810 MVar BRK_FB=1 CMD=CLOSE V_DT=1.0100 pu
[2026-05-31 23:02:43] [Bus 5] P=91.1178 MW Q=20.4184 MVar BRK_FB=1 CMD=CLOSE V_DT=1.0085 pu

[2026-05-31 23:02:44] [iter 101] realtime transfer
[2026-05-31 23:02:44] [Bus 1] P=141.0502 MW Q=34.1623 MVar BRK_FB=1 CMD=CLOSE V_DT=1.0200 pu
[2026-05-31 23:02:44] [Bus 2] P=64.6345 MW Q=17.9847 MVar BRK_FB=1 CMD=CLOSE V_DT=1.0116 pu
[2026-05-31 23:02:44] [Bus 3] P=62.6538 MW Q=30.3623 MVar BRK_FB=1 CMD=CLOSE V_DT=1.0086 pu
[2026-05-31 23:02:44] [Bus 4] P=79.4924 MW Q=42.8406 MVar BRK_FB=1 CMD=CLOSE V_DT=1.0100 pu
[2026-05-31 23:02:44] [Bus 5] P=91.5736 MW Q=25.9192 MVar BRK_FB=1 CMD=CLOSE V_DT=1.0082 pu

[2026-05-31 23:02:45] [iter 102] realtime transfer
[2026-05-31 23:02:45] [Bus 1] P=156.7447 MW Q=34.0567 MVar BRK_FB=1 CMD=CLOSE V_DT=1.0200 pu
[2026-05-31 23:02:45] [Bus 2] P=67.3284 MW Q=24.9031 MVar BRK_FB=1 CMD=CLOSE V_DT=1.0111 pu
[2026-05-31 23:02:45] [Bus 3] P=75.7378 MW Q=32.6510 MVar BRK_FB=1 CMD=CLOSE V_DT=1.0082 pu
[2026-05-31 23:02:45] [Bus 4] P=80.3654 MW Q=52.9175 MVar BRK_FB=1 CMD=CLOSE V_DT=1.0100 pu
[2026-05-31 23:02:45] [Bus 5] P=92.2101 MW Q=25.7317 MVar BRK_FB=1 CMD=CLOSE V_DT=1.0080 pu

[2026-05-31 23:02:46] [iter 103] realtime transfer
[2026-05-31 23:02:46] [Bus 1] P=146.2562 MW Q=40.7548 MVar BRK_FB=1 CMD=CLOSE V_DT=1.0200 pu
[2026-05-31 23:02:46] [Bus 2] P=70.9760 MW Q=29.8707 MVar BRK_FB=1 CMD=CLOSE V_DT=1.0102 pu
[2026-05-31 23:02:46] [Bus 3] P=67.4537 MW Q=34.3893 MVar BRK_FB=1 CMD=CLOSE V_DT=1.0072 pu
[2026-05-31 23:02:46] [Bus 4] P=80.3389 MW Q=53.6953 MVar BRK_FB=1 CMD=CLOSE V_DT=1.0100 pu
[2026-05-31 23:02:46] [Bus 5] P=87.2724 MW Q=27.1697 MVar BRK_FB=1 CMD=CLOSE V_DT=1.0080 pu

[2026-05-31 23:02:47] [iter 104] realtime transfer
[2026-05-31 23:02:47] [Bus 1] P=142.4590 MW Q=34.7590 MVar BRK_FB=1 CMD=CLOSE V_DT=1.0200 pu
[2026-05-31 23:02:47] [Bus 2] P=65.9261 MW Q=18.9717 MVar BRK_FB=1 CMD=CLOSE V_DT=1.0098 pu
[2026-05-31 23:02:47] [Bus 3] P=65.0342 MW Q=31.5895 MVar BRK_FB=1 CMD=CLOSE V_DT=1.0071 pu
[2026-05-31 23:02:47] [Bus 4] P=79.9142 MW Q=37.4733 MVar BRK_FB=1 CMD=CLOSE V_DT=1.0100 pu
[2026-05-31 23:02:47] [Bus 5] P=89.5403 MW Q=18.6453 MVar BRK_FB=1 CMD=CLOSE V_DT=1.0080 pu

[2026-05-31 23:02:48] [iter 105] realtime transfer
[2026-05-31 23:02:48] [Bus 1] P=156.1417 MW Q=38.5144 MVar BRK_FB=1 CMD=CLOSE V_DT=1.0200 pu
[2026-05-31 23:02:48] [Bus 2] P=79.0534 MW Q=28.1649 MVar BRK_FB=1 CMD=CLOSE V_DT=1.0109 pu
[2026-05-31 23:02:48] [Bus 3] P=67.9125 MW Q=34.9804 MVar BRK_FB=1 CMD=CLOSE V_DT=1.0080 pu
[2026-05-31 23:02:48] [Bus 4] P=80.7942 MW Q=54.3781 MVar BRK_FB=1 CMD=CLOSE V_DT=1.0100 pu
[2026-05-31 23:02:48] [Bus 5] P=86.2855 MW Q=25.4662 MVar BRK_FB=1 CMD=CLOSE V_DT=1.0083 pu

[2026-05-31 23:02:49] [iter 106] realtime transfer
[2026-05-31 23:02:49] [Bus 1] P=147.4676 MW Q=37.2801 MVar BRK_FB=1 CMD=CLOSE V_DT=1.0200 pu
[2026-05-31 23:02:49] [Bus 2] P=54.8253 MW Q=26.3821 MVar BRK_FB=1 CMD=CLOSE V_DT=1.0097 pu
[2026-05-31 23:02:49] [Bus 3] P=76.2930 MW Q=35.9286 MVar BRK_FB=1 CMD=CLOSE V_DT=1.0069 pu
[2026-05-31 23:02:49] [Bus 4] P=79.8564 MW Q=51.0603 MVar BRK_FB=1 CMD=CLOSE V_DT=1.0100 pu
[2026-05-31 23:02:49] [Bus 5] P=94.7024 MW Q=22.8516 MVar BRK_FB=1 CMD=CLOSE V_DT=1.0081 pu

[2026-05-31 23:02:50] [iter 107] realtime transfer
[2026-05-31 23:02:50] [Bus 1] P=172.1662 MW Q=34.9598 MVar BRK_FB=1 CMD=CLOSE V_DT=1.0200 pu
[2026-05-31 23:02:50] [Bus 2] P=70.4366 MW Q=32.0713 MVar BRK_FB=1 CMD=CLOSE V_DT=1.0102 pu
[2026-05-31 23:02:50] [Bus 3] P=86.2436 MW Q=35.6386 MVar BRK_FB=1 CMD=CLOSE V_DT=1.0071 pu
[2026-05-31 23:02:50] [Bus 4] P=79.7479 MW Q=58.8769 MVar BRK_FB=1 CMD=CLOSE V_DT=1.0100 pu
[2026-05-31 23:02:50] [Bus 5] P=93.8620 MW Q=22.2650 MVar BRK_FB=1 CMD=CLOSE V_DT=1.0081 pu

[2026-05-31 23:02:51] [iter 108] realtime transfer
[2026-05-31 23:02:51] [Bus 1] P=146.2184 MW Q=37.1543 MVar BRK_FB=1 CMD=CLOSE V_DT=1.0200 pu
[2026-05-31 23:02:51] [Bus 2] P=63.3946 MW Q=24.0048 MVar BRK_FB=1 CMD=CLOSE V_DT=1.0092 pu
[2026-05-31 23:02:51] [Bus 3] P=66.0556 MW Q=34.8237 MVar BRK_FB=1 CMD=CLOSE V_DT=1.0062 pu
[2026-05-31 23:02:51] [Bus 4] P=80.3571 MW Q=49.0609 MVar BRK_FB=1 CMD=CLOSE V_DT=1.0100 pu
[2026-05-31 23:02:51] [Bus 5] P=94.0302 MW Q=23.9338 MVar BRK_FB=1 CMD=CLOSE V_DT=1.0081 pu

[2026-05-31 23:02:52] [iter 109] realtime transfer
[2026-05-31 23:02:52] [Bus 1] P=143.5538 MW Q=38.3019 MVar BRK_FB=1 CMD=CLOSE V_DT=1.0200 pu
[2026-05-31 23:02:52] [Bus 2] P=73.9906 MW Q=28.7517 MVar BRK_FB=1 CMD=CLOSE V_DT=1.0104 pu
[2026-05-31 23:02:52] [Bus 3] P=63.1661 MW Q=23.6111 MVar BRK_FB=1 CMD=CLOSE V_DT=1.0075 pu
[2026-05-31 23:02:52] [Bus 4] P=79.5772 MW Q=42.7780 MVar BRK_FB=1 CMD=CLOSE V_DT=1.0100 pu
[2026-05-31 23:02:52] [Bus 5] P=85.3380 MW Q=26.1876 MVar BRK_FB=1 CMD=CLOSE V_DT=1.0081 pu

[2026-05-31 23:02:53] [iter 110] realtime transfer
[2026-05-31 23:02:53] [Bus 1] P=171.4214 MW Q=36.0451 MVar BRK_FB=1 CMD=CLOSE V_DT=1.0200 pu
[2026-05-31 23:02:53] [Bus 2] P=66.9840 MW Q=27.6594 MVar BRK_FB=1 CMD=CLOSE V_DT=1.0104 pu
[2026-05-31 23:02:53] [Bus 3] P=89.7130 MW Q=45.7873 MVar BRK_FB=1 CMD=CLOSE V_DT=1.0081 pu
[2026-05-31 23:02:53] [Bus 4] P=79.8519 MW Q=62.7864 MVar BRK_FB=1 CMD=CLOSE V_DT=1.0100 pu
[2026-05-31 23:02:53] [Bus 5] P=92.4486 MW Q=21.3738 MVar BRK_FB=1 CMD=CLOSE V_DT=1.0081 pu

[2026-05-31 23:02:54] [iter 111] realtime transfer
[2026-05-31 23:02:54] [Bus 1] P=158.6311 MW Q=37.1911 MVar BRK_FB=1 CMD=CLOSE V_DT=1.0200 pu
[2026-05-31 23:02:54] [Bus 2] P=73.2333 MW Q=31.6152 MVar BRK_FB=1 CMD=CLOSE V_DT=1.0091 pu
[2026-05-31 23:02:54] [Bus 3] P=75.5758 MW Q=32.0811 MVar BRK_FB=1 CMD=CLOSE V_DT=1.0056 pu
[2026-05-31 23:02:54] [Bus 4] P=80.1069 MW Q=45.8061 MVar BRK_FB=1 CMD=CLOSE V_DT=1.0100 pu
[2026-05-31 23:02:54] [Bus 5] P=88.9232 MW Q=15.8935 MVar BRK_FB=1 CMD=CLOSE V_DT=1.0082 pu

[2026-05-31 23:02:55] [iter 112] realtime transfer
[2026-05-31 23:02:55] [Bus 1] P=171.0690 MW Q=34.1054 MVar BRK_FB=1 CMD=CLOSE V_DT=1.0200 pu
[2026-05-31 23:02:55] [Bus 2] P=79.9308 MW Q=32.9809 MVar BRK_FB=1 CMD=CLOSE V_DT=1.0096 pu
[2026-05-31 23:02:55] [Bus 3] P=78.4800 MW Q=29.7930 MVar BRK_FB=1 CMD=CLOSE V_DT=1.0069 pu
[2026-05-31 23:02:55] [Bus 4] P=80.1610 MW Q=46.7561 MVar BRK_FB=1 CMD=CLOSE V_DT=1.0100 pu
[2026-05-31 23:02:55] [Bus 5] P=92.7098 MW Q=14.5547 MVar BRK_FB=1 CMD=CLOSE V_DT=1.0084 pu

[2026-05-31 23:02:56] [iter 113] realtime transfer
[2026-05-31 23:02:56] [Bus 1] P=144.3416 MW Q=39.4623 MVar BRK_FB=1 CMD=CLOSE V_DT=1.0200 pu
[2026-05-31 23:02:56] [Bus 2] P=56.0026 MW Q=24.3774 MVar BRK_FB=1 CMD=CLOSE V_DT=1.0093 pu
[2026-05-31 23:02:56] [Bus 3] P=79.3287 MW Q=39.7369 MVar BRK_FB=1 CMD=CLOSE V_DT=1.0067 pu
[2026-05-31 23:02:56] [Bus 4] P=80.7363 MW Q=56.0815 MVar BRK_FB=1 CMD=CLOSE V_DT=1.0100 pu
[2026-05-31 23:02:56] [Bus 5] P=86.9047 MW Q=27.6281 MVar BRK_FB=1 CMD=CLOSE V_DT=1.0084 pu

[2026-05-31 23:02:57] [iter 114] realtime transfer
[2026-05-31 23:02:57] [Bus 1] P=136.9143 MW Q=36.9832 MVar BRK_FB=1 CMD=CLOSE V_DT=1.0200 pu
[2026-05-31 23:02:57] [Bus 2] P=49.8846 MW Q=18.7600 MVar BRK_FB=1 CMD=CLOSE V_DT=1.0101 pu
[2026-05-31 23:02:57] [Bus 3] P=77.7805 MW Q=36.2938 MVar BRK_FB=1 CMD=CLOSE V_DT=1.0068 pu
[2026-05-31 23:02:57] [Bus 4] P=80.3411 MW Q=39.6589 MVar BRK_FB=1 CMD=CLOSE V_DT=1.0100 pu
[2026-05-31 23:02:57] [Bus 5] P=86.9313 MW Q=18.4111 MVar BRK_FB=1 CMD=CLOSE V_DT=1.0080 pu

[2026-05-31 23:02:58] [iter 115] realtime transfer
[2026-05-31 23:02:58] [Bus 1] P=165.4871 MW Q=29.6750 MVar BRK_FB=1 CMD=CLOSE V_DT=1.0200 pu
[2026-05-31 23:02:58] [Bus 2] P=71.1608 MW Q=26.6920 MVar BRK_FB=1 CMD=CLOSE V_DT=1.0109 pu
[2026-05-31 23:02:58] [Bus 3] P=81.2261 MW Q=22.6665 MVar BRK_FB=1 CMD=CLOSE V_DT=1.0075 pu
[2026-05-31 23:02:58] [Bus 4] P=80.3223 MW Q=44.3109 MVar BRK_FB=1 CMD=CLOSE V_DT=1.0100 pu
[2026-05-31 23:02:58] [Bus 5] P=92.7980 MW Q=21.1489 MVar BRK_FB=1 CMD=CLOSE V_DT=1.0083 pu

[2026-05-31 23:02:59] [iter 116] realtime transfer
[2026-05-31 23:02:59] [Bus 1] P=156.1423 MW Q=29.3399 MVar BRK_FB=1 CMD=CLOSE V_DT=1.0200 pu
[2026-05-31 23:02:59] [Bus 2] P=70.0684 MW Q=16.0680 MVar BRK_FB=1 CMD=CLOSE V_DT=1.0103 pu
[2026-05-31 23:02:59] [Bus 3] P=72.7527 MW Q=28.9820 MVar BRK_FB=1 CMD=CLOSE V_DT=1.0077 pu
[2026-05-31 23:02:59] [Bus 4] P=80.4283 MW Q=34.4318 MVar BRK_FB=1 CMD=CLOSE V_DT=1.0100 pu
[2026-05-31 23:02:59] [Bus 5] P=90.9635 MW Q=15.2139 MVar BRK_FB=1 CMD=CLOSE V_DT=1.0082 pu

[2026-05-31 23:03:00] [iter 117] realtime transfer
[2026-05-31 23:03:00] [Bus 1] P=153.4093 MW Q=39.9011 MVar BRK_FB=1 CMD=CLOSE V_DT=1.0200 pu
[2026-05-31 23:03:00] [Bus 2] P=74.9262 MW Q=35.0697 MVar BRK_FB=1 CMD=CLOSE V_DT=1.0103 pu
[2026-05-31 23:03:00] [Bus 3] P=65.5562 MW Q=30.3059 MVar BRK_FB=1 CMD=CLOSE V_DT=1.0077 pu
[2026-05-31 23:03:00] [Bus 4] P=79.6151 MW Q=50.0514 MVar BRK_FB=1 CMD=CLOSE V_DT=1.0100 pu
[2026-05-31 23:03:00] [Bus 5] P=92.9709 MW Q=22.1386 MVar BRK_FB=1 CMD=CLOSE V_DT=1.0082 pu

[2026-05-31 23:03:01] [iter 118] realtime transfer
[2026-05-31 23:03:01] [Bus 1] P=154.6242 MW Q=33.2127 MVar BRK_FB=1 CMD=CLOSE V_DT=1.0200 pu
[2026-05-31 23:03:01] [Bus 2] P=58.3293 MW Q=26.5926 MVar BRK_FB=1 CMD=CLOSE V_DT=1.0109 pu
[2026-05-31 23:03:01] [Bus 3] P=80.7977 MW Q=28.5142 MVar BRK_FB=1 CMD=CLOSE V_DT=1.0080 pu
[2026-05-31 23:03:01] [Bus 4] P=80.0669 MW Q=48.8837 MVar BRK_FB=1 CMD=CLOSE V_DT=1.0100 pu
[2026-05-31 23:03:01] [Bus 5] P=94.5496 MW Q=23.6964 MVar BRK_FB=1 CMD=CLOSE V_DT=1.0084 pu

[2026-05-31 23:03:02] [iter 119] realtime transfer
[2026-05-31 23:03:02] [Bus 1] P=134.5078 MW Q=40.6202 MVar BRK_FB=1 CMD=CLOSE V_DT=1.0200 pu
[2026-05-31 23:03:02] [Bus 2] P=64.5700 MW Q=30.0923 MVar BRK_FB=1 CMD=CLOSE V_DT=1.0096 pu
[2026-05-31 23:03:02] [Bus 3] P=60.8550 MW Q=26.1255 MVar BRK_FB=1 CMD=CLOSE V_DT=1.0071 pu
[2026-05-31 23:03:02] [Bus 4] P=79.7015 MW Q=43.7315 MVar BRK_FB=1 CMD=CLOSE V_DT=1.0100 pu
[2026-05-31 23:03:02] [Bus 5] P=88.5356 MW Q=25.8229 MVar BRK_FB=1 CMD=CLOSE V_DT=1.0081 pu

[2026-05-31 23:03:03] [iter 120] realtime transfer
[2026-05-31 23:03:03] [Bus 1] P=153.9131 MW Q=26.8707 MVar BRK_FB=1 CMD=CLOSE V_DT=1.0200 pu
[2026-05-31 23:03:03] [Bus 2] P=52.6935 MW Q=11.5008 MVar BRK_FB=1 CMD=CLOSE V_DT=1.0104 pu
[2026-05-31 23:03:03] [Bus 3] P=85.1812 MW Q=33.1814 MVar BRK_FB=1 CMD=CLOSE V_DT=1.0075 pu
[2026-05-31 23:03:03] [Bus 4] P=79.2760 MW Q=34.2239 MVar BRK_FB=1 CMD=CLOSE V_DT=1.0100 pu
[2026-05-31 23:03:03] [Bus 5] P=94.1170 MW Q=13.4109 MVar BRK_FB=1 CMD=CLOSE V_DT=1.0081 pu
