Memulai Server OPC UA
Endpoints other than open requested but private key and certificate are not set.
Listening on 10.0.2.2:4840
Memulai Modbus Gateway di 0.0.0.0:5020

[2026-05-31 22:12:36] [iter 1] realtime transfer
[2026-05-31 22:12:36] [Bus 1] P=0.0000 MW Q=0.0000 MVar BRK_FB=0 CMD=CLOSE V_DT=1.0000 pu
[2026-05-31 22:12:36] [Bus 2] P=0.0000 MW Q=0.0000 MVar BRK_FB=0 CMD=CLOSE V_DT=1.0000 pu
[2026-05-31 22:12:36] [Bus 3] P=0.0000 MW Q=0.0000 MVar BRK_FB=0 CMD=CLOSE V_DT=1.0000 pu
[2026-05-31 22:12:36] [Bus 4] P=0.0000 MW Q=0.0000 MVar BRK_FB=0 CMD=CLOSE V_DT=1.0000 pu
[2026-05-31 22:12:36] [Bus 5] P=0.0000 MW Q=0.0000 MVar BRK_FB=0 CMD=CLOSE V_DT=1.0000 pu

[2026-05-31 22:12:37] [iter 2] realtime transfer
[2026-05-31 22:12:37] [Bus 1] P=0.0000 MW Q=0.0000 MVar BRK_FB=0 CMD=CLOSE V_DT=1.0000 pu
[2026-05-31 22:12:37] [Bus 2] P=0.0000 MW Q=0.0000 MVar BRK_FB=0 CMD=CLOSE V_DT=1.0000 pu
[2026-05-31 22:12:37] [Bus 3] P=0.0000 MW Q=0.0000 MVar BRK_FB=0 CMD=CLOSE V_DT=1.0000 pu
[2026-05-31 22:12:37] [Bus 4] P=0.0000 MW Q=0.0000 MVar BRK_FB=0 CMD=CLOSE V_DT=1.0000 pu
[2026-05-31 22:12:37] [Bus 5] P=0.0000 MW Q=0.0000 MVar BRK_FB=0 CMD=CLOSE V_DT=1.0000 pu

[2026-05-31 22:12:38] [iter 3] realtime transfer
[2026-05-31 22:12:38] [Bus 1] P=151.0766 MW Q=40.1203 MVar BRK_FB=1 CMD=CLOSE V_DT=1.0000 pu
[2026-05-31 22:12:38] [Bus 2] P=69.0251 MW Q=33.0384 MVar BRK_FB=1 CMD=CLOSE V_DT=1.0000 pu
[2026-05-31 22:12:38] [Bus 3] P=68.0193 MW Q=32.9240 MVar BRK_FB=1 CMD=CLOSE V_DT=1.0000 pu
[2026-05-31 22:12:38] [Bus 4] P=80.3411 MW Q=49.4741 MVar BRK_FB=1 CMD=CLOSE V_DT=1.0000 pu
[2026-05-31 22:12:38] [Bus 5] P=92.7022 MW Q=20.1875 MVar BRK_FB=1 CMD=CLOSE V_DT=1.0000 pu

[2026-05-31 22:12:39] [iter 4] realtime transfer
[2026-05-31 22:12:39] [Bus 1] P=158.1618 MW Q=42.7226 MVar BRK_FB=1 CMD=CLOSE V_DT=1.0000 pu
[2026-05-31 22:12:39] [Bus 2] P=76.6409 MW Q=35.5853 MVar BRK_FB=1 CMD=CLOSE V_DT=1.0000 pu
[2026-05-31 22:12:39] [Bus 3] P=72.8538 MW Q=38.7863 MVar BRK_FB=1 CMD=CLOSE V_DT=1.0000 pu
[2026-05-31 22:12:39] [Bus 4] P=79.1155 MW Q=56.1480 MVar BRK_FB=1 CMD=CLOSE V_DT=1.0000 pu
[2026-05-31 22:12:39] [Bus 5] P=86.7806 MW Q=21.6733 MVar BRK_FB=1 CMD=CLOSE V_DT=1.0000 pu

[2026-05-31 22:12:40] [iter 5] realtime transfer
[2026-05-31 22:12:40] [Bus 1] P=138.5914 MW Q=36.5729 MVar BRK_FB=1 CMD=CLOSE V_DT=1.0200 pu
[2026-05-31 22:12:40] [Bus 2] P=50.6832 MW Q=22.2126 MVar BRK_FB=1 CMD=CLOSE V_DT=1.0090 pu
[2026-05-31 22:12:40] [Bus 3] P=79.5981 MW Q=31.7090 MVar BRK_FB=1 CMD=CLOSE V_DT=1.0062 pu
[2026-05-31 22:12:40] [Bus 4] P=80.2874 MW Q=40.6423 MVar BRK_FB=1 CMD=CLOSE V_DT=1.0100 pu
[2026-05-31 22:12:40] [Bus 5] P=87.6062 MW Q=20.5393 MVar BRK_FB=1 CMD=CLOSE V_DT=1.0082 pu

[2026-05-31 22:12:41] [iter 6] realtime transfer
[2026-05-31 22:12:41] [Bus 1] P=167.8213 MW Q=36.8752 MVar BRK_FB=1 CMD=CLOSE V_DT=1.0200 pu
[2026-05-31 22:12:41] [Bus 2] P=74.1282 MW Q=35.7969 MVar BRK_FB=1 CMD=CLOSE V_DT=1.0108 pu
[2026-05-31 22:12:41] [Bus 3] P=84.3027 MW Q=29.8081 MVar BRK_FB=1 CMD=CLOSE V_DT=1.0077 pu
[2026-05-31 22:12:41] [Bus 4] P=79.6122 MW Q=59.1288 MVar BRK_FB=1 CMD=CLOSE V_DT=1.0100 pu
[2026-05-31 22:12:41] [Bus 5] P=88.5674 MW Q=27.1125 MVar BRK_FB=1 CMD=CLOSE V_DT=1.0082 pu

[2026-05-31 22:12:42] [iter 7] realtime transfer
[2026-05-31 22:12:42] [Bus 1] P=155.9125 MW Q=38.4579 MVar BRK_FB=1 CMD=CLOSE V_DT=1.0200 pu
[2026-05-31 22:12:42] [Bus 2] P=78.3853 MW Q=31.7388 MVar BRK_FB=1 CMD=CLOSE V_DT=1.0092 pu
[2026-05-31 22:12:42] [Bus 3] P=63.1382 MW Q=32.5736 MVar BRK_FB=1 CMD=CLOSE V_DT=1.0065 pu
[2026-05-31 22:12:42] [Bus 4] P=79.3606 MW Q=50.2241 MVar BRK_FB=1 CMD=CLOSE V_DT=1.0100 pu
[2026-05-31 22:12:42] [Bus 5] P=93.1469 MW Q=21.6222 MVar BRK_FB=1 CMD=CLOSE V_DT=1.0080 pu

[2026-05-31 22:12:43] [iter 8] realtime transfer
[2026-05-31 22:12:43] [Bus 1] P=160.5653 MW Q=28.8862 MVar BRK_FB=1 CMD=CLOSE V_DT=1.0200 pu
[2026-05-31 22:12:43] [Bus 2] P=74.0904 MW Q=22.0654 MVar BRK_FB=1 CMD=CLOSE V_DT=1.0096 pu
[2026-05-31 22:12:43] [Bus 3] P=76.4843 MW Q=19.9580 MVar BRK_FB=1 CMD=CLOSE V_DT=1.0071 pu
[2026-05-31 22:12:43] [Bus 4] P=80.4072 MW Q=38.0273 MVar BRK_FB=1 CMD=CLOSE V_DT=1.0100 pu
[2026-05-31 22:12:43] [Bus 5] P=88.4102 MW Q=21.3333 MVar BRK_FB=1 CMD=CLOSE V_DT=1.0081 pu

[2026-05-31 22:12:44] [iter 9] realtime transfer
[2026-05-31 22:12:44] [Bus 1] P=174.3816 MW Q=30.4442 MVar BRK_FB=1 CMD=CLOSE V_DT=1.0200 pu
[2026-05-31 22:12:44] [Bus 2] P=74.3811 MW Q=24.5796 MVar BRK_FB=1 CMD=CLOSE V_DT=1.0107 pu
[2026-05-31 22:12:44] [Bus 3] P=85.4218 MW Q=33.2208 MVar BRK_FB=1 CMD=CLOSE V_DT=1.0082 pu
[2026-05-31 22:12:44] [Bus 4] P=79.7640 MW Q=61.1329 MVar BRK_FB=1 CMD=CLOSE V_DT=1.0100 pu
[2026-05-31 22:12:44] [Bus 5] P=91.6823 MW Q=29.5448 MVar BRK_FB=1 CMD=CLOSE V_DT=1.0082 pu

[2026-05-31 22:12:45] [iter 10] realtime transfer
[2026-05-31 22:12:45] [Bus 1] P=126.8408 MW Q=40.9203 MVar BRK_FB=1 CMD=CLOSE V_DT=1.0200 pu
[2026-05-31 22:12:45] [Bus 2] P=55.8307 MW Q=23.2418 MVar BRK_FB=1 CMD=CLOSE V_DT=1.0097 pu
[2026-05-31 22:12:45] [Bus 3] P=62.2493 MW Q=29.9722 MVar BRK_FB=1 CMD=CLOSE V_DT=1.0067 pu
[2026-05-31 22:12:45] [Bus 4] P=79.9282 MW Q=39.9925 MVar BRK_FB=1 CMD=CLOSE V_DT=1.0100 pu
[2026-05-31 22:12:45] [Bus 5] P=86.3078 MW Q=24.8031 MVar BRK_FB=1 CMD=CLOSE V_DT=1.0079 pu

[2026-05-31 22:12:46] [iter 11] realtime transfer
[2026-05-31 22:12:46] [Bus 1] P=149.1872 MW Q=38.8662 MVar BRK_FB=1 CMD=CLOSE V_DT=1.0200 pu
[2026-05-31 22:12:46] [Bus 2] P=69.4902 MW Q=27.6388 MVar BRK_FB=1 CMD=CLOSE V_DT=1.0110 pu
[2026-05-31 22:12:46] [Bus 3] P=71.3469 MW Q=34.7768 MVar BRK_FB=1 CMD=CLOSE V_DT=1.0082 pu
[2026-05-31 22:12:46] [Bus 4] P=79.9329 MW Q=40.2403 MVar BRK_FB=1 CMD=CLOSE V_DT=1.0100 pu
[2026-05-31 22:12:46] [Bus 5] P=88.0325 MW Q=14.0512 MVar BRK_FB=1 CMD=CLOSE V_DT=1.0081 pu

[2026-05-31 22:12:47] [iter 12] realtime transfer
[2026-05-31 22:12:47] [Bus 1] P=141.2887 MW Q=34.5366 MVar BRK_FB=1 CMD=CLOSE V_DT=1.0200 pu
[2026-05-31 22:12:47] [Bus 2] P=69.0781 MW Q=23.0220 MVar BRK_FB=1 CMD=CLOSE V_DT=1.0099 pu
[2026-05-31 22:12:47] [Bus 3] P=65.3163 MW Q=22.4719 MVar BRK_FB=1 CMD=CLOSE V_DT=1.0071 pu
[2026-05-31 22:12:47] [Bus 4] P=80.0966 MW Q=37.0046 MVar BRK_FB=1 CMD=CLOSE V_DT=1.0100 pu
[2026-05-31 22:12:47] [Bus 5] P=86.6774 MW Q=23.4845 MVar BRK_FB=1 CMD=CLOSE V_DT=1.0085 pu

[2026-05-31 22:12:48] [iter 13] realtime transfer
[2026-05-31 22:12:48] [Bus 1] P=171.5469 MW Q=30.1542 MVar BRK_FB=1 CMD=CLOSE V_DT=1.0200 pu
[2026-05-31 22:12:48] [Bus 2] P=79.9764 MW Q=25.9448 MVar BRK_FB=1 CMD=CLOSE V_DT=1.0109 pu
[2026-05-31 22:12:48] [Bus 3] P=76.4651 MW Q=27.3453 MVar BRK_FB=1 CMD=CLOSE V_DT=1.0084 pu
[2026-05-31 22:12:48] [Bus 4] P=80.2452 MW Q=45.4770 MVar BRK_FB=1 CMD=CLOSE V_DT=1.0100 pu
[2026-05-31 22:12:48] [Bus 5] P=93.3950 MW Q=18.4703 MVar BRK_FB=1 CMD=CLOSE V_DT=1.0082 pu

[2026-05-31 22:12:49] [iter 14] realtime transfer
[2026-05-31 22:12:49] [Bus 1] P=134.8890 MW Q=41.1411 MVar BRK_FB=1 CMD=CLOSE V_DT=1.0200 pu
[2026-05-31 22:12:49] [Bus 2] P=56.5711 MW Q=26.9806 MVar BRK_FB=1 CMD=CLOSE V_DT=1.0099 pu
[2026-05-31 22:12:49] [Bus 3] P=69.3198 MW Q=32.7638 MVar BRK_FB=1 CMD=CLOSE V_DT=1.0073 pu
[2026-05-31 22:12:49] [Bus 4] P=80.0422 MW Q=35.2932 MVar BRK_FB=1 CMD=CLOSE V_DT=1.0100 pu
[2026-05-31 22:12:49] [Bus 5] P=87.0403 MW Q=13.7792 MVar BRK_FB=1 CMD=CLOSE V_DT=1.0082 pu

[2026-05-31 22:12:50] [iter 15] realtime transfer
[2026-05-31 22:12:50] [Bus 1] P=171.3434 MW Q=34.7928 MVar BRK_FB=1 CMD=CLOSE V_DT=1.0200 pu
[2026-05-31 22:12:50] [Bus 2] P=76.7655 MW Q=31.4861 MVar BRK_FB=1 CMD=CLOSE V_DT=1.0105 pu
[2026-05-31 22:12:50] [Bus 3] P=79.7584 MW Q=35.0263 MVar BRK_FB=1 CMD=CLOSE V_DT=1.0076 pu
[2026-05-31 22:12:50] [Bus 4] P=80.1279 MW Q=59.6787 MVar BRK_FB=1 CMD=CLOSE V_DT=1.0100 pu
[2026-05-31 22:12:50] [Bus 5] P=94.1424 MW Q=24.2455 MVar BRK_FB=1 CMD=CLOSE V_DT=1.0085 pu

[2026-05-31 22:12:51] [iter 16] realtime transfer
[2026-05-31 22:12:51] [Bus 1] P=147.0098 MW Q=37.2918 MVar BRK_FB=1 CMD=CLOSE V_DT=1.0200 pu
[2026-05-31 22:12:51] [Bus 2] P=58.2333 MW Q=24.8599 MVar BRK_FB=1 CMD=CLOSE V_DT=1.0092 pu
[2026-05-31 22:12:51] [Bus 3] P=77.4046 MW Q=36.6958 MVar BRK_FB=1 CMD=CLOSE V_DT=1.0064 pu
[2026-05-31 22:12:51] [Bus 4] P=79.7453 MW Q=42.1500 MVar BRK_FB=1 CMD=CLOSE V_DT=1.0100 pu
[2026-05-31 22:12:51] [Bus 5] P=90.9746 MW Q=15.4410 MVar BRK_FB=1 CMD=CLOSE V_DT=1.0080 pu

[2026-05-31 22:12:52] [iter 17] realtime transfer
[2026-05-31 22:12:52] [Bus 1] P=158.9979 MW Q=36.1607 MVar BRK_FB=1 CMD=CLOSE V_DT=1.0200 pu
[2026-05-31 22:12:52] [Bus 2] P=61.5916 MW Q=26.6999 MVar BRK_FB=1 CMD=CLOSE V_DT=1.0102 pu
[2026-05-31 22:12:52] [Bus 3] P=89.6075 MW Q=36.5600 MVar BRK_FB=1 CMD=CLOSE V_DT=1.0071 pu
[2026-05-31 22:12:52] [Bus 4] P=80.1351 MW Q=58.5376 MVar BRK_FB=1 CMD=CLOSE V_DT=1.0100 pu
[2026-05-31 22:12:52] [Bus 5] P=85.9273 MW Q=27.6593 MVar BRK_FB=1 CMD=CLOSE V_DT=1.0084 pu

[2026-05-31 22:12:53] [iter 18] realtime transfer
[2026-05-31 22:12:53] [Bus 1] P=143.7135 MW Q=34.4830 MVar BRK_FB=1 CMD=CLOSE V_DT=1.0200 pu
[2026-05-31 22:12:53] [Bus 2] P=53.7592 MW Q=17.6316 MVar BRK_FB=1 CMD=CLOSE V_DT=1.0097 pu
[2026-05-31 22:12:53] [Bus 3] P=83.5839 MW Q=36.1086 MVar BRK_FB=1 CMD=CLOSE V_DT=1.0065 pu
[2026-05-31 22:12:53] [Bus 4] P=79.9014 MW Q=45.1108 MVar BRK_FB=1 CMD=CLOSE V_DT=1.0100 pu
[2026-05-31 22:12:53] [Bus 5] P=84.7312 MW Q=22.9224 MVar BRK_FB=1 CMD=CLOSE V_DT=1.0080 pu

[2026-05-31 22:12:54] [iter 19] realtime transfer
[2026-05-31 22:12:54] [Bus 1] P=175.8819 MW Q=31.2290 MVar BRK_FB=1 CMD=CLOSE V_DT=1.0200 pu
[2026-05-31 22:12:54] [Bus 2] P=80.0554 MW Q=28.4412 MVar BRK_FB=1 CMD=CLOSE V_DT=1.0107 pu
[2026-05-31 22:12:54] [Bus 3] P=89.6818 MW Q=27.0154 MVar BRK_FB=1 CMD=CLOSE V_DT=1.0073 pu
[2026-05-31 22:12:54] [Bus 4] P=79.4358 MW Q=45.3586 MVar BRK_FB=1 CMD=CLOSE V_DT=1.0100 pu
[2026-05-31 22:12:54] [Bus 5] P=85.0882 MW Q=17.8051 MVar BRK_FB=1 CMD=CLOSE V_DT=1.0082 pu

[2026-05-31 22:12:55] [iter 20] realtime transfer
[2026-05-31 22:12:55] [Bus 1] P=145.3907 MW Q=35.6689 MVar BRK_FB=1 CMD=CLOSE V_DT=1.0200 pu
[2026-05-31 22:12:55] [Bus 2] P=70.2854 MW Q=24.8043 MVar BRK_FB=1 CMD=CLOSE V_DT=1.0095 pu
[2026-05-31 22:12:55] [Bus 3] P=67.7209 MW Q=25.0926 MVar BRK_FB=1 CMD=CLOSE V_DT=1.0068 pu
[2026-05-31 22:12:55] [Bus 4] P=80.3034 MW Q=39.8205 MVar BRK_FB=1 CMD=CLOSE V_DT=1.0100 pu
[2026-05-31 22:12:55] [Bus 5] P=86.0721 MW Q=22.5326 MVar BRK_FB=1 CMD=CLOSE V_DT=1.0084 pu

[2026-05-31 22:12:56] [iter 21] realtime transfer
[2026-05-31 22:12:56] [Bus 1] P=161.6596 MW Q=30.1037 MVar BRK_FB=1 CMD=CLOSE V_DT=1.0200 pu
[2026-05-31 22:12:56] [Bus 2] P=63.9949 MW Q=14.1861 MVar BRK_FB=1 CMD=CLOSE V_DT=1.0106 pu
[2026-05-31 22:12:56] [Bus 3] P=86.4890 MW Q=40.9778 MVar BRK_FB=1 CMD=CLOSE V_DT=1.0081 pu
[2026-05-31 22:12:56] [Bus 4] P=80.3580 MW Q=55.9232 MVar BRK_FB=1 CMD=CLOSE V_DT=1.0100 pu
[2026-05-31 22:12:56] [Bus 5] P=90.1260 MW Q=27.2853 MVar BRK_FB=1 CMD=CLOSE V_DT=1.0082 pu

[2026-05-31 22:12:57] [iter 22] realtime transfer
[2026-05-31 22:12:57] [Bus 1] P=158.9517 MW Q=29.6891 MVar BRK_FB=1 CMD=CLOSE V_DT=1.0200 pu
[2026-05-31 22:12:57] [Bus 2] P=77.5638 MW Q=19.5746 MVar BRK_FB=1 CMD=CLOSE V_DT=1.0104 pu
[2026-05-31 22:12:57] [Bus 3] P=68.1941 MW Q=25.3126 MVar BRK_FB=1 CMD=CLOSE V_DT=1.0068 pu
[2026-05-31 22:12:57] [Bus 4] P=79.8322 MW Q=46.5006 MVar BRK_FB=1 CMD=CLOSE V_DT=1.0100 pu
[2026-05-31 22:12:57] [Bus 5] P=90.3430 MW Q=27.6898 MVar BRK_FB=1 CMD=CLOSE V_DT=1.0080 pu

[2026-05-31 22:12:58] [iter 23] realtime transfer
[2026-05-31 22:12:58] [Bus 1] P=163.3230 MW Q=34.8364 MVar BRK_FB=1 CMD=CLOSE V_DT=1.0200 pu
[2026-05-31 22:12:58] [Bus 2] P=72.8939 MW Q=25.6756 MVar BRK_FB=1 CMD=CLOSE V_DT=1.0107 pu
[2026-05-31 22:12:58] [Bus 3] P=83.0128 MW Q=33.4062 MVar BRK_FB=1 CMD=CLOSE V_DT=1.0081 pu
[2026-05-31 22:12:58] [Bus 4] P=80.5473 MW Q=52.0915 MVar BRK_FB=1 CMD=CLOSE V_DT=1.0100 pu
[2026-05-31 22:12:58] [Bus 5] P=85.1787 MW Q=23.8378 MVar BRK_FB=1 CMD=CLOSE V_DT=1.0080 pu

[2026-05-31 22:12:59] [iter 24] realtime transfer
[2026-05-31 22:12:59] [Bus 1] P=146.4518 MW Q=27.6010 MVar BRK_FB=1 CMD=CLOSE V_DT=1.0200 pu
[2026-05-31 22:12:59] [Bus 2] P=50.6503 MW Q=11.7101 MVar BRK_FB=1 CMD=CLOSE V_DT=1.0098 pu
[2026-05-31 22:12:59] [Bus 3] P=86.0674 MW Q=26.7946 MVar BRK_FB=1 CMD=CLOSE V_DT=1.0068 pu
[2026-05-31 22:12:59] [Bus 4] P=80.1789 MW Q=42.2474 MVar BRK_FB=1 CMD=CLOSE V_DT=1.0100 pu
[2026-05-31 22:12:59] [Bus 5] P=88.1642 MW Q=28.2521 MVar BRK_FB=1 CMD=CLOSE V_DT=1.0082 pu

[2026-05-31 22:13:00] [iter 25] realtime transfer
[2026-05-31 22:13:00] [Bus 1] P=146.5721 MW Q=32.7040 MVar BRK_FB=1 CMD=CLOSE V_DT=1.0200 pu
[2026-05-31 22:13:00] [Bus 2] P=76.5885 MW Q=17.1626 MVar BRK_FB=1 CMD=CLOSE V_DT=1.0116 pu
[2026-05-31 22:13:00] [Bus 3] P=62.6265 MW Q=25.9752 MVar BRK_FB=1 CMD=CLOSE V_DT=1.0083 pu
[2026-05-31 22:13:00] [Bus 4] P=80.0288 MW Q=30.4840 MVar BRK_FB=1 CMD=CLOSE V_DT=1.0100 pu
[2026-05-31 22:13:00] [Bus 5] P=85.9186 MW Q=17.2659 MVar BRK_FB=1 CMD=CLOSE V_DT=1.0080 pu

[2026-05-31 22:13:01] [iter 26] realtime transfer
[2026-05-31 22:13:01] [Bus 1] P=155.0050 MW Q=38.3712 MVar BRK_FB=1 CMD=CLOSE V_DT=1.0200 pu
[2026-05-31 22:13:01] [Bus 2] P=72.7512 MW Q=33.0828 MVar BRK_FB=1 CMD=CLOSE V_DT=1.0110 pu
[2026-05-31 22:13:01] [Bus 3] P=74.1255 MW Q=29.4127 MVar BRK_FB=1 CMD=CLOSE V_DT=1.0084 pu
[2026-05-31 22:13:01] [Bus 4] P=80.1323 MW Q=42.7051 MVar BRK_FB=1 CMD=CLOSE V_DT=1.0100 pu
[2026-05-31 22:13:01] [Bus 5] P=87.9808 MW Q=15.4651 MVar BRK_FB=1 CMD=CLOSE V_DT=1.0084 pu

[2026-05-31 22:13:02] [iter 27] realtime transfer
[2026-05-31 22:13:02] [Bus 1] P=147.2242 MW Q=36.2495 MVar BRK_FB=1 CMD=CLOSE V_DT=1.0200 pu
[2026-05-31 22:13:02] [Bus 2] P=63.3895 MW Q=27.5928 MVar BRK_FB=1 CMD=CLOSE V_DT=1.0096 pu
[2026-05-31 22:13:02] [Bus 3] P=76.1901 MW Q=26.1868 MVar BRK_FB=1 CMD=CLOSE V_DT=1.0071 pu
[2026-05-31 22:13:02] [Bus 4] P=79.2554 MW Q=44.2777 MVar BRK_FB=1 CMD=CLOSE V_DT=1.0100 pu
[2026-05-31 22:13:02] [Bus 5] P=86.7892 MW Q=24.4616 MVar BRK_FB=1 CMD=CLOSE V_DT=1.0084 pu

[2026-05-31 22:13:03] [iter 28] realtime transfer
[2026-05-31 22:13:03] [Bus 1] P=159.9262 MW Q=34.2718 MVar BRK_FB=1 CMD=CLOSE V_DT=1.0200 pu
[2026-05-31 22:13:03] [Bus 2] P=79.7448 MW Q=25.6405 MVar BRK_FB=1 CMD=CLOSE V_DT=1.0104 pu
[2026-05-31 22:13:03] [Bus 3] P=73.0781 MW Q=29.6578 MVar BRK_FB=1 CMD=CLOSE V_DT=1.0077 pu
[2026-05-31 22:13:03] [Bus 4] P=80.3998 MW Q=49.9540 MVar BRK_FB=1 CMD=CLOSE V_DT=1.0100 pu
[2026-05-31 22:13:03] [Bus 5] P=86.5749 MW Q=25.5848 MVar BRK_FB=1 CMD=CLOSE V_DT=1.0081 pu

[2026-05-31 22:13:04] [iter 29] realtime transfer
[2026-05-31 22:13:04] [Bus 1] P=133.2811 MW Q=37.9352 MVar BRK_FB=1 CMD=CLOSE V_DT=1.0200 pu
[2026-05-31 22:13:04] [Bus 2] P=60.3201 MW Q=20.4403 MVar BRK_FB=1 CMD=CLOSE V_DT=1.0100 pu
[2026-05-31 22:13:04] [Bus 3] P=66.4099 MW Q=32.2014 MVar BRK_FB=1 CMD=CLOSE V_DT=1.0073 pu
[2026-05-31 22:13:04] [Bus 4] P=80.4447 MW Q=36.8856 MVar BRK_FB=1 CMD=CLOSE V_DT=1.0100 pu
[2026-05-31 22:13:04] [Bus 5] P=85.9044 MW Q=19.4963 MVar BRK_FB=1 CMD=CLOSE V_DT=1.0081 pu

[2026-05-31 22:13:05] [iter 30] realtime transfer
[2026-05-31 22:13:05] [Bus 1] P=150.9769 MW Q=33.2477 MVar BRK_FB=1 CMD=CLOSE V_DT=1.0200 pu
[2026-05-31 22:13:05] [Bus 2] P=56.4230 MW Q=13.5383 MVar BRK_FB=1 CMD=CLOSE V_DT=1.0109 pu
[2026-05-31 22:13:05] [Bus 3] P=85.7743 MW Q=44.7954 MVar BRK_FB=1 CMD=CLOSE V_DT=1.0079 pu
[2026-05-31 22:13:05] [Bus 4] P=79.5720 MW Q=47.1309 MVar BRK_FB=1 CMD=CLOSE V_DT=1.0100 pu
[2026-05-31 22:13:05] [Bus 5] P=86.8923 MW Q=19.0503 MVar BRK_FB=1 CMD=CLOSE V_DT=1.0083 pu

[2026-05-31 22:13:06] [iter 31] realtime transfer
[2026-05-31 22:13:06] [Bus 1] P=155.0594 MW Q=34.7469 MVar BRK_FB=1 CMD=CLOSE V_DT=1.0200 pu
[2026-05-31 22:13:06] [Bus 2] P=56.0401 MW Q=25.4346 MVar BRK_FB=1 CMD=CLOSE V_DT=1.0109 pu
[2026-05-31 22:13:06] [Bus 3] P=87.4070 MW Q=34.1592 MVar BRK_FB=1 CMD=CLOSE V_DT=1.0079 pu
[2026-05-31 22:13:06] [Bus 4] P=80.0884 MW Q=46.0735 MVar BRK_FB=1 CMD=CLOSE V_DT=1.0100 pu
[2026-05-31 22:13:06] [Bus 5] P=88.8288 MW Q=17.3760 MVar BRK_FB=1 CMD=CLOSE V_DT=1.0083 pu

[2026-05-31 22:13:07] [iter 32] realtime transfer
[2026-05-31 22:13:07] [Bus 1] P=147.4373 MW Q=39.7043 MVar BRK_FB=1 CMD=CLOSE V_DT=1.0200 pu
[2026-05-31 22:13:07] [Bus 2] P=74.5432 MW Q=32.8244 MVar BRK_FB=1 CMD=CLOSE V_DT=1.0105 pu
[2026-05-31 22:13:07] [Bus 3] P=63.0606 MW Q=27.0913 MVar BRK_FB=1 CMD=CLOSE V_DT=1.0067 pu
[2026-05-31 22:13:07] [Bus 4] P=80.4825 MW Q=45.9993 MVar BRK_FB=1 CMD=CLOSE V_DT=1.0100 pu
[2026-05-31 22:13:07] [Bus 5] P=88.7404 MW Q=22.7402 MVar BRK_FB=1 CMD=CLOSE V_DT=1.0083 pu

[2026-05-31 22:13:08] [iter 33] realtime transfer
[2026-05-31 22:13:08] [Bus 1] P=172.7117 MW Q=34.1564 MVar BRK_FB=1 CMD=CLOSE V_DT=1.0200 pu
[2026-05-31 22:13:08] [Bus 2] P=71.6825 MW Q=22.5534 MVar BRK_FB=1 CMD=CLOSE V_DT=1.0101 pu
[2026-05-31 22:13:08] [Bus 3] P=89.5256 MW Q=46.1377 MVar BRK_FB=1 CMD=CLOSE V_DT=1.0069 pu
[2026-05-31 22:13:08] [Bus 4] P=80.6270 MW Q=63.8394 MVar BRK_FB=1 CMD=CLOSE V_DT=1.0100 pu
[2026-05-31 22:13:08] [Bus 5] P=88.9613 MW Q=24.6821 MVar BRK_FB=1 CMD=CLOSE V_DT=1.0083 pu

[2026-05-31 22:13:09] [iter 34] realtime transfer
[2026-05-31 22:13:09] [Bus 1] P=152.7409 MW Q=39.0093 MVar BRK_FB=1 CMD=CLOSE V_DT=1.0200 pu
[2026-05-31 22:13:09] [Bus 2] P=76.1514 MW Q=32.4633 MVar BRK_FB=1 CMD=CLOSE V_DT=1.0093 pu
[2026-05-31 22:13:09] [Bus 3] P=65.5017 MW Q=27.8246 MVar BRK_FB=1 CMD=CLOSE V_DT=1.0057 pu
[2026-05-31 22:13:09] [Bus 4] P=80.2053 MW Q=50.2331 MVar BRK_FB=1 CMD=CLOSE V_DT=1.0100 pu
[2026-05-31 22:13:09] [Bus 5] P=89.0792 MW Q=25.5995 MVar BRK_FB=1 CMD=CLOSE V_DT=1.0081 pu

[2026-05-31 22:13:10] [iter 35] realtime transfer
[2026-05-31 22:13:10] [Bus 1] P=141.7556 MW Q=28.1102 MVar BRK_FB=1 CMD=CLOSE V_DT=1.0200 pu
[2026-05-31 22:13:10] [Bus 2] P=57.6619 MW Q=13.4387 MVar BRK_FB=1 CMD=CLOSE V_DT=1.0098 pu
[2026-05-31 22:13:10] [Bus 3] P=72.8636 MW Q=21.9491 MVar BRK_FB=1 CMD=CLOSE V_DT=1.0074 pu
[2026-05-31 22:13:10] [Bus 4] P=80.9265 MW Q=39.6062 MVar BRK_FB=1 CMD=CLOSE V_DT=1.0100 pu
[2026-05-31 22:13:10] [Bus 5] P=89.9043 MW Q=28.9071 MVar BRK_FB=1 CMD=CLOSE V_DT=1.0081 pu

[2026-05-31 22:13:11] [iter 36] realtime transfer
[2026-05-31 22:13:11] [Bus 1] P=184.6026 MW Q=23.6399 MVar BRK_FB=1 CMD=CLOSE V_DT=1.0200 pu
[2026-05-31 22:13:11] [Bus 2] P=80.4648 MW Q=21.2339 MVar BRK_FB=1 CMD=CLOSE V_DT=1.0118 pu
[2026-05-31 22:13:11] [Bus 3] P=89.1492 MW Q=24.8059 MVar BRK_FB=1 CMD=CLOSE V_DT=1.0089 pu
[2026-05-31 22:13:11] [Bus 4] P=79.7623 MW Q=54.8660 MVar BRK_FB=1 CMD=CLOSE V_DT=1.0100 pu
[2026-05-31 22:13:11] [Bus 5] P=93.3300 MW Q=28.3956 MVar BRK_FB=1 CMD=CLOSE V_DT=1.0079 pu

[2026-05-31 22:13:12] [iter 37] realtime transfer
[2026-05-31 22:13:12] [Bus 1] P=147.5403 MW Q=40.5169 MVar BRK_FB=1 CMD=CLOSE V_DT=1.0200 pu
[2026-05-31 22:13:12] [Bus 2] P=64.0606 MW Q=27.8467 MVar BRK_FB=1 CMD=CLOSE V_DT=1.0101 pu
[2026-05-31 22:13:12] [Bus 3] P=72.0439 MW Q=37.8424 MVar BRK_FB=1 CMD=CLOSE V_DT=1.0073 pu
[2026-05-31 22:13:12] [Bus 4] P=79.5932 MW Q=41.3922 MVar BRK_FB=1 CMD=CLOSE V_DT=1.0100 pu
[2026-05-31 22:13:12] [Bus 5] P=89.6471 MW Q=13.1576 MVar BRK_FB=1 CMD=CLOSE V_DT=1.0079 pu

[2026-05-31 22:13:13] [iter 38] realtime transfer
[2026-05-31 22:13:13] [Bus 1] P=146.4392 MW Q=30.7176 MVar BRK_FB=1 CMD=CLOSE V_DT=1.0200 pu
[2026-05-31 22:13:13] [Bus 2] P=58.5088 MW Q=16.4442 MVar BRK_FB=1 CMD=CLOSE V_DT=1.0099 pu
[2026-05-31 22:13:13] [Bus 3] P=74.2177 MW Q=32.0402 MVar BRK_FB=1 CMD=CLOSE V_DT=1.0069 pu
[2026-05-31 22:13:13] [Bus 4] P=79.8248 MW Q=33.6916 MVar BRK_FB=1 CMD=CLOSE V_DT=1.0100 pu
[2026-05-31 22:13:13] [Bus 5] P=93.6625 MW Q=13.4810 MVar BRK_FB=1 CMD=CLOSE V_DT=1.0085 pu

[2026-05-31 22:13:14] [iter 39] realtime transfer
[2026-05-31 22:13:14] [Bus 1] P=147.2170 MW Q=33.0602 MVar BRK_FB=1 CMD=CLOSE V_DT=1.0200 pu
[2026-05-31 22:13:14] [Bus 2] P=66.4447 MW Q=20.0155 MVar BRK_FB=1 CMD=CLOSE V_DT=1.0110 pu
[2026-05-31 22:13:14] [Bus 3] P=64.7891 MW Q=30.1384 MVar BRK_FB=1 CMD=CLOSE V_DT=1.0079 pu
[2026-05-31 22:13:14] [Bus 4] P=80.1348 MW Q=42.5093 MVar BRK_FB=1 CMD=CLOSE V_DT=1.0100 pu
[2026-05-31 22:13:14] [Bus 5] P=94.8204 MW Q=22.4054 MVar BRK_FB=1 CMD=CLOSE V_DT=1.0084 pu

[2026-05-31 22:13:15] [iter 40] realtime transfer
[2026-05-31 22:13:15] [Bus 1] P=138.8427 MW Q=33.3771 MVar BRK_FB=1 CMD=CLOSE V_DT=1.0200 pu
[2026-05-31 22:13:15] [Bus 2] P=66.1169 MW Q=19.3353 MVar BRK_FB=1 CMD=CLOSE V_DT=1.0109 pu
[2026-05-31 22:13:15] [Bus 3] P=61.7272 MW Q=23.8881 MVar BRK_FB=1 CMD=CLOSE V_DT=1.0080 pu
[2026-05-31 22:13:15] [Bus 4] P=79.9608 MW Q=28.6490 MVar BRK_FB=1 CMD=CLOSE V_DT=1.0100 pu
[2026-05-31 22:13:15] [Bus 5] P=89.5448 MW Q=16.1615 MVar BRK_FB=1 CMD=CLOSE V_DT=1.0081 pu

[2026-05-31 22:13:16] [iter 41] realtime transfer
[2026-05-31 22:13:16] [Bus 1] P=129.4771 MW Q=33.5113 MVar BRK_FB=1 CMD=CLOSE V_DT=1.0200 pu
[2026-05-31 22:13:16] [Bus 2] P=54.7469 MW Q=11.9759 MVar BRK_FB=1 CMD=CLOSE V_DT=1.0113 pu
[2026-05-31 22:13:16] [Bus 3] P=62.2381 MW Q=30.7226 MVar BRK_FB=1 CMD=CLOSE V_DT=1.0087 pu
[2026-05-31 22:13:16] [Bus 4] P=79.5321 MW Q=31.4331 MVar BRK_FB=1 CMD=CLOSE V_DT=1.0100 pu
[2026-05-31 22:13:16] [Bus 5] P=90.8712 MW Q=19.8335 MVar BRK_FB=1 CMD=CLOSE V_DT=1.0084 pu

[2026-05-31 22:13:18] [iter 42] realtime transfer
[2026-05-31 22:13:18] [Bus 1] P=154.7337 MW Q=36.7044 MVar BRK_FB=1 CMD=CLOSE V_DT=1.0200 pu
[2026-05-31 22:13:18] [Bus 2] P=57.2364 MW Q=26.1443 MVar BRK_FB=1 CMD=CLOSE V_DT=1.0118 pu
[2026-05-31 22:13:18] [Bus 3] P=86.1620 MW Q=41.1918 MVar BRK_FB=1 CMD=CLOSE V_DT=1.0087 pu
[2026-05-31 22:13:18] [Bus 4] P=79.8815 MW Q=54.6157 MVar BRK_FB=1 CMD=CLOSE V_DT=1.0100 pu
[2026-05-31 22:13:18] [Bus 5] P=91.0715 MW Q=20.8415 MVar BRK_FB=1 CMD=CLOSE V_DT=1.0082 pu

[2026-05-31 22:13:19] [iter 43] realtime transfer
[2026-05-31 22:13:19] [Bus 1] P=147.2310 MW Q=31.8441 MVar BRK_FB=1 CMD=CLOSE V_DT=1.0200 pu
[2026-05-31 22:13:19] [Bus 2] P=62.6680 MW Q=21.3229 MVar BRK_FB=1 CMD=CLOSE V_DT=1.0103 pu
[2026-05-31 22:13:19] [Bus 3] P=76.2220 MW Q=20.9936 MVar BRK_FB=1 CMD=CLOSE V_DT=1.0072 pu
[2026-05-31 22:13:19] [Bus 4] P=79.9399 MW Q=31.5943 MVar BRK_FB=1 CMD=CLOSE V_DT=1.0100 pu
[2026-05-31 22:13:19] [Bus 5] P=87.1249 MW Q=18.3199 MVar BRK_FB=1 CMD=CLOSE V_DT=1.0082 pu

[2026-05-31 22:13:20] [iter 44] realtime transfer
[2026-05-31 22:13:20] [Bus 1] P=146.8481 MW Q=36.6106 MVar BRK_FB=1 CMD=CLOSE V_DT=1.0200 pu
[2026-05-31 22:13:20] [Bus 2] P=57.4797 MW Q=22.4088 MVar BRK_FB=1 CMD=CLOSE V_DT=1.0111 pu
[2026-05-31 22:13:20] [Bus 3] P=80.7599 MW Q=37.4978 MVar BRK_FB=1 CMD=CLOSE V_DT=1.0084 pu
[2026-05-31 22:13:20] [Bus 4] P=80.1791 MW Q=43.8634 MVar BRK_FB=1 CMD=CLOSE V_DT=1.0100 pu
[2026-05-31 22:13:20] [Bus 5] P=88.8620 MW Q=17.9977 MVar BRK_FB=1 CMD=CLOSE V_DT=1.0083 pu

[2026-05-31 22:13:21] [iter 45] realtime transfer
[2026-05-31 22:13:21] [Bus 1] P=149.0487 MW Q=29.9522 MVar BRK_FB=1 CMD=CLOSE V_DT=1.0200 pu
[2026-05-31 22:13:21] [Bus 2] P=52.2771 MW Q=19.5409 MVar BRK_FB=1 CMD=CLOSE V_DT=1.0103 pu
[2026-05-31 22:13:21] [Bus 3] P=89.6230 MW Q=22.6179 MVar BRK_FB=1 CMD=CLOSE V_DT=1.0070 pu
[2026-05-31 22:13:21] [Bus 4] P=80.3641 MW Q=40.9267 MVar BRK_FB=1 CMD=CLOSE V_DT=1.0100 pu
[2026-05-31 22:13:21] [Bus 5] P=85.9092 MW Q=25.5525 MVar BRK_FB=1 CMD=CLOSE V_DT=1.0083 pu

[2026-05-31 22:13:22] [iter 46] realtime transfer
[2026-05-31 22:13:22] [Bus 1] P=154.8257 MW Q=26.4681 MVar BRK_FB=1 CMD=CLOSE V_DT=1.0200 pu
[2026-05-31 22:13:22] [Bus 2] P=57.9578 MW Q=13.2908 MVar BRK_FB=1 CMD=CLOSE V_DT=1.0111 pu
[2026-05-31 22:13:22] [Bus 3] P=86.4980 MW Q=25.5289 MVar BRK_FB=1 CMD=CLOSE V_DT=1.0081 pu
[2026-05-31 22:13:22] [Bus 4] P=79.5197 MW Q=42.4654 MVar BRK_FB=1 CMD=CLOSE V_DT=1.0100 pu
[2026-05-31 22:13:22] [Bus 5] P=88.3065 MW Q=26.9996 MVar BRK_FB=1 CMD=CLOSE V_DT=1.0081 pu

[2026-05-31 22:13:23] [iter 47] realtime transfer
[2026-05-31 22:13:23] [Bus 1] P=165.4528 MW Q=27.3615 MVar BRK_FB=1 CMD=CLOSE V_DT=1.0200 pu
[2026-05-31 22:13:23] [Bus 2] P=74.9689 MW Q=22.9216 MVar BRK_FB=1 CMD=CLOSE V_DT=1.0113 pu
[2026-05-31 22:13:23] [Bus 3] P=78.4006 MW Q=20.0232 MVar BRK_FB=1 CMD=CLOSE V_DT=1.0082 pu
[2026-05-31 22:13:23] [Bus 4] P=79.5722 MW Q=48.7285 MVar BRK_FB=1 CMD=CLOSE V_DT=1.0100 pu
[2026-05-31 22:13:23] [Bus 5] P=92.1704 MW Q=30.1967 MVar BRK_FB=1 CMD=CLOSE V_DT=1.0080 pu

[2026-05-31 22:13:24] [iter 48] realtime transfer
[2026-05-31 22:13:24] [Bus 1] P=162.3603 MW Q=33.8918 MVar BRK_FB=1 CMD=CLOSE V_DT=1.0200 pu
[2026-05-31 22:13:24] [Bus 2] P=73.9415 MW Q=30.6003 MVar BRK_FB=1 CMD=CLOSE V_DT=1.0106 pu
[2026-05-31 22:13:24] [Bus 3] P=80.3327 MW Q=21.9953 MVar BRK_FB=1 CMD=CLOSE V_DT=1.0081 pu
[2026-05-31 22:13:24] [Bus 4] P=79.5087 MW Q=48.8988 MVar BRK_FB=1 CMD=CLOSE V_DT=1.0100 pu
[2026-05-31 22:13:24] [Bus 5] P=85.9516 MW Q=26.8219 MVar BRK_FB=1 CMD=CLOSE V_DT=1.0079 pu

[2026-05-31 22:13:25] [iter 49] realtime transfer
[2026-05-31 22:13:25] [Bus 1] P=133.5243 MW Q=33.2888 MVar BRK_FB=1 CMD=CLOSE V_DT=1.0200 pu
[2026-05-31 22:13:25] [Bus 2] P=52.7049 MW Q=18.3675 MVar BRK_FB=1 CMD=CLOSE V_DT=1.0100 pu
[2026-05-31 22:13:25] [Bus 3] P=68.2669 MW Q=26.0257 MVar BRK_FB=1 CMD=CLOSE V_DT=1.0076 pu
[2026-05-31 22:13:25] [Bus 4] P=80.2565 MW Q=41.2499 MVar BRK_FB=1 CMD=CLOSE V_DT=1.0100 pu
[2026-05-31 22:13:25] [Bus 5] P=92.8843 MW Q=27.7687 MVar BRK_FB=1 CMD=CLOSE V_DT=1.0081 pu

[2026-05-31 22:13:26] [iter 50] realtime transfer
[2026-05-31 22:13:26] [Bus 1] P=157.7463 MW Q=32.2785 MVar BRK_FB=1 CMD=CLOSE V_DT=1.0200 pu
[2026-05-31 22:13:26] [Bus 2] P=68.4973 MW Q=28.9521 MVar BRK_FB=1 CMD=CLOSE V_DT=1.0100 pu
[2026-05-31 22:13:26] [Bus 3] P=74.5825 MW Q=21.3163 MVar BRK_FB=1 CMD=CLOSE V_DT=1.0075 pu
[2026-05-31 22:13:26] [Bus 4] P=79.6918 MW Q=50.7049 MVar BRK_FB=1 CMD=CLOSE V_DT=1.0100 pu
[2026-05-31 22:13:26] [Bus 5] P=93.1173 MW Q=29.3655 MVar BRK_FB=1 CMD=CLOSE V_DT=1.0081 pu

[2026-05-31 22:13:27] [iter 51] realtime transfer
[2026-05-31 22:13:27] [Bus 1] P=135.0027 MW Q=36.2999 MVar BRK_FB=1 CMD=CLOSE V_DT=1.0200 pu
[2026-05-31 22:13:27] [Bus 2] P=62.4354 MW Q=26.2005 MVar BRK_FB=1 CMD=CLOSE V_DT=1.0115 pu
[2026-05-31 22:13:27] [Bus 3] P=60.3412 MW Q=19.9614 MVar BRK_FB=1 CMD=CLOSE V_DT=1.0086 pu
[2026-05-31 22:13:27] [Bus 4] P=79.7477 MW Q=38.7590 MVar BRK_FB=1 CMD=CLOSE V_DT=1.0100 pu
[2026-05-31 22:13:27] [Bus 5] P=90.5454 MW Q=26.2332 MVar BRK_FB=1 CMD=CLOSE V_DT=1.0079 pu

[2026-05-31 22:13:28] [iter 52] realtime transfer
[2026-05-31 22:13:28] [Bus 1] P=151.6270 MW Q=38.6595 MVar BRK_FB=1 CMD=CLOSE V_DT=1.0200 pu
[2026-05-31 22:13:28] [Bus 2] P=71.9121 MW Q=25.1102 MVar BRK_FB=1 CMD=CLOSE V_DT=1.0104 pu
[2026-05-31 22:13:28] [Bus 3] P=72.4527 MW Q=38.9284 MVar BRK_FB=1 CMD=CLOSE V_DT=1.0079 pu
[2026-05-31 22:13:28] [Bus 4] P=79.8401 MW Q=43.3967 MVar BRK_FB=1 CMD=CLOSE V_DT=1.0100 pu
[2026-05-31 22:13:28] [Bus 5] P=86.0446 MW Q=14.9186 MVar BRK_FB=1 CMD=CLOSE V_DT=1.0079 pu

[2026-05-31 22:13:29] [iter 53] realtime transfer
[2026-05-31 22:13:29] [Bus 1] P=169.7426 MW Q=33.2954 MVar BRK_FB=1 CMD=CLOSE V_DT=1.0200 pu
[2026-05-31 22:13:29] [Bus 2] P=77.0216 MW Q=27.0251 MVar BRK_FB=1 CMD=CLOSE V_DT=1.0111 pu
[2026-05-31 22:13:29] [Bus 3] P=85.2556 MW Q=33.0478 MVar BRK_FB=1 CMD=CLOSE V_DT=1.0088 pu
[2026-05-31 22:13:29] [Bus 4] P=79.4409 MW Q=56.7091 MVar BRK_FB=1 CMD=CLOSE V_DT=1.0100 pu
[2026-05-31 22:13:29] [Bus 5] P=86.1125 MW Q=26.7131 MVar BRK_FB=1 CMD=CLOSE V_DT=1.0080 pu

[2026-05-31 22:13:30] [iter 54] realtime transfer
[2026-05-31 22:13:30] [Bus 1] P=157.8457 MW Q=25.0915 MVar BRK_FB=1 CMD=CLOSE V_DT=1.0200 pu
[2026-05-31 22:13:30] [Bus 2] P=59.1406 MW Q=14.3238 MVar BRK_FB=1 CMD=CLOSE V_DT=1.0098 pu
[2026-05-31 22:13:30] [Bus 3] P=83.8288 MW Q=25.2522 MVar BRK_FB=1 CMD=CLOSE V_DT=1.0068 pu
[2026-05-31 22:13:30] [Bus 4] P=80.3894 MW Q=46.0105 MVar BRK_FB=1 CMD=CLOSE V_DT=1.0100 pu
[2026-05-31 22:13:30] [Bus 5] P=94.3338 MW Q=28.0943 MVar BRK_FB=1 CMD=CLOSE V_DT=1.0084 pu

[2026-05-31 22:13:31] [iter 55] realtime transfer
[2026-05-31 22:13:31] [Bus 1] P=150.9938 MW Q=33.4716 MVar BRK_FB=1 CMD=CLOSE V_DT=1.0200 pu
[2026-05-31 22:13:31] [Bus 2] P=57.3957 MW Q=26.4503 MVar BRK_FB=1 CMD=CLOSE V_DT=1.0095 pu
[2026-05-31 22:13:31] [Bus 3] P=84.1357 MW Q=24.6697 MVar BRK_FB=1 CMD=CLOSE V_DT=1.0066 pu
[2026-05-31 22:13:31] [Bus 4] P=80.3277 MW Q=41.0418 MVar BRK_FB=1 CMD=CLOSE V_DT=1.0100 pu
[2026-05-31 22:13:31] [Bus 5] P=89.4878 MW Q=20.4791 MVar BRK_FB=1 CMD=CLOSE V_DT=1.0081 pu

[2026-05-31 22:13:32] [iter 56] realtime transfer
[2026-05-31 22:13:32] [Bus 1] P=155.1114 MW Q=24.0420 MVar BRK_FB=1 CMD=CLOSE V_DT=1.0200 pu
[2026-05-31 22:13:32] [Bus 2] P=54.3588 MW Q=12.5421 MVar BRK_FB=1 CMD=CLOSE V_DT=1.0105 pu
[2026-05-31 22:13:32] [Bus 3] P=85.8713 MW Q=22.2983 MVar BRK_FB=1 CMD=CLOSE V_DT=1.0082 pu
[2026-05-31 22:13:32] [Bus 4] P=80.5713 MW Q=30.4829 MVar BRK_FB=1 CMD=CLOSE V_DT=1.0100 pu
[2026-05-31 22:13:32] [Bus 5] P=92.9903 MW Q=16.1228 MVar BRK_FB=1 CMD=CLOSE V_DT=1.0079 pu

[2026-05-31 22:13:33] [iter 57] realtime transfer
[2026-05-31 22:13:33] [Bus 1] P=135.1901 MW Q=29.4400 MVar BRK_FB=1 CMD=CLOSE V_DT=1.0200 pu
[2026-05-31 22:13:33] [Bus 2] P=50.6687 MW Q=14.9932 MVar BRK_FB=1 CMD=CLOSE V_DT=1.0116 pu
[2026-05-31 22:13:33] [Bus 3] P=70.2370 MW Q=19.4304 MVar BRK_FB=1 CMD=CLOSE V_DT=1.0085 pu
[2026-05-31 22:13:33] [Bus 4] P=80.2402 MW Q=24.2015 MVar BRK_FB=1 CMD=CLOSE V_DT=1.0100 pu
[2026-05-31 22:13:33] [Bus 5] P=93.4595 MW Q=16.5944 MVar BRK_FB=1 CMD=CLOSE V_DT=1.0083 pu

[2026-05-31 22:13:34] [iter 58] realtime transfer
[2026-05-31 22:13:34] [Bus 1] P=173.1617 MW Q=36.7610 MVar BRK_FB=1 CMD=CLOSE V_DT=1.0200 pu
[2026-05-31 22:13:34] [Bus 2] P=74.4586 MW Q=31.4267 MVar BRK_FB=1 CMD=CLOSE V_DT=1.0120 pu
[2026-05-31 22:13:34] [Bus 3] P=83.6739 MW Q=42.9369 MVar BRK_FB=1 CMD=CLOSE V_DT=1.0085 pu
[2026-05-31 22:13:34] [Bus 4] P=79.9272 MW Q=58.1780 MVar BRK_FB=1 CMD=CLOSE V_DT=1.0100 pu
[2026-05-31 22:13:34] [Bus 5] P=94.0592 MW Q=16.8666 MVar BRK_FB=1 CMD=CLOSE V_DT=1.0083 pu

[2026-05-31 22:13:35] [iter 59] realtime transfer
[2026-05-31 22:13:35] [Bus 1] P=144.4289 MW Q=31.9462 MVar BRK_FB=1 CMD=CLOSE V_DT=1.0200 pu
[2026-05-31 22:13:35] [Bus 2] P=56.6920 MW Q=15.3369 MVar BRK_FB=1 CMD=CLOSE V_DT=1.0120 pu
[2026-05-31 22:13:35] [Bus 3] P=74.3919 MW Q=34.4336 MVar BRK_FB=1 CMD=CLOSE V_DT=1.0092 pu
[2026-05-31 22:13:35] [Bus 4] P=80.4049 MW Q=48.1139 MVar BRK_FB=1 CMD=CLOSE V_DT=1.0100 pu
[2026-05-31 22:13:35] [Bus 5] P=93.1961 MW Q=27.5058 MVar BRK_FB=1 CMD=CLOSE V_DT=1.0083 pu

[2026-05-31 22:13:36] [iter 60] realtime transfer
[2026-05-31 22:13:36] [Bus 1] P=136.0454 MW Q=32.8890 MVar BRK_FB=1 CMD=CLOSE V_DT=1.0200 pu
[2026-05-31 22:13:36] [Bus 2] P=50.8599 MW Q=22.3505 MVar BRK_FB=1 CMD=CLOSE V_DT=1.0088 pu
[2026-05-31 22:13:36] [Bus 3] P=69.8157 MW Q=20.9517 MVar BRK_FB=1 CMD=CLOSE V_DT=1.0057 pu
[2026-05-31 22:13:36] [Bus 4] P=79.1848 MW Q=39.7532 MVar BRK_FB=1 CMD=CLOSE V_DT=1.0100 pu
[2026-05-31 22:13:36] [Bus 5] P=94.8560 MW Q=27.2225 MVar BRK_FB=1 CMD=CLOSE V_DT=1.0083 pu

[2026-05-31 22:13:37] [iter 61] realtime transfer
[2026-05-31 22:13:37] [Bus 1] P=174.4670 MW Q=31.3871 MVar BRK_FB=1 CMD=CLOSE V_DT=1.0200 pu
[2026-05-31 22:13:37] [Bus 2] P=68.8841 MW Q=26.7893 MVar BRK_FB=1 CMD=CLOSE V_DT=1.0111 pu
[2026-05-31 22:13:37] [Bus 3] P=89.0329 MW Q=35.6623 MVar BRK_FB=1 CMD=CLOSE V_DT=1.0078 pu
[2026-05-31 22:13:37] [Bus 4] P=79.9887 MW Q=64.7622 MVar BRK_FB=1 CMD=CLOSE V_DT=1.0100 pu
[2026-05-31 22:13:37] [Bus 5] P=94.4581 MW Q=29.4764 MVar BRK_FB=1 CMD=CLOSE V_DT=1.0079 pu

[2026-05-31 22:13:38] [iter 62] realtime transfer
[2026-05-31 22:13:38] [Bus 1] P=175.2322 MW Q=39.0142 MVar BRK_FB=1 CMD=CLOSE V_DT=1.0200 pu
[2026-05-31 22:13:38] [Bus 2] P=79.3528 MW Q=35.1535 MVar BRK_FB=1 CMD=CLOSE V_DT=1.0095 pu
[2026-05-31 22:13:38] [Bus 3] P=89.0506 MW Q=42.1405 MVar BRK_FB=1 CMD=CLOSE V_DT=1.0064 pu
[2026-05-31 22:13:38] [Bus 4] P=79.6790 MW Q=64.2600 MVar BRK_FB=1 CMD=CLOSE V_DT=1.0100 pu
[2026-05-31 22:13:38] [Bus 5] P=85.7221 MW Q=22.4410 MVar BRK_FB=1 CMD=CLOSE V_DT=1.0079 pu

[2026-05-31 22:13:39] [iter 63] realtime transfer
[2026-05-31 22:13:39] [Bus 1] P=160.4309 MW Q=36.1811 MVar BRK_FB=1 CMD=CLOSE V_DT=1.0200 pu
[2026-05-31 22:13:39] [Bus 2] P=72.4775 MW Q=29.7496 MVar BRK_FB=1 CMD=CLOSE V_DT=1.0095 pu
[2026-05-31 22:13:39] [Bus 3] P=77.9154 MW Q=31.7655 MVar BRK_FB=1 CMD=CLOSE V_DT=1.0064 pu
[2026-05-31 22:13:39] [Bus 4] P=80.1684 MW Q=49.7049 MVar BRK_FB=1 CMD=CLOSE V_DT=1.0100 pu
[2026-05-31 22:13:39] [Bus 5] P=88.7105 MW Q=21.0024 MVar BRK_FB=1 CMD=CLOSE V_DT=1.0079 pu

[2026-05-31 22:13:40] [iter 64] realtime transfer
[2026-05-31 22:13:40] [Bus 1] P=129.1470 MW Q=32.2542 MVar BRK_FB=1 CMD=CLOSE V_DT=1.0200 pu
[2026-05-31 22:13:40] [Bus 2] P=57.6983 MW Q=17.5547 MVar BRK_FB=1 CMD=CLOSE V_DT=1.0084 pu
[2026-05-31 22:13:40] [Bus 3] P=60.2572 MW Q=16.7909 MVar BRK_FB=1 CMD=CLOSE V_DT=1.0053 pu
[2026-05-31 22:13:40] [Bus 4] P=79.2779 MW Q=23.0920 MVar BRK_FB=1 CMD=CLOSE V_DT=1.0100 pu
[2026-05-31 22:13:40] [Bus 5] P=89.9818 MW Q=18.8291 MVar BRK_FB=1 CMD=CLOSE V_DT=1.0082 pu

[2026-05-31 22:13:41] [iter 65] realtime transfer
[2026-05-31 22:13:41] [Bus 1] P=155.7297 MW Q=34.9719 MVar BRK_FB=1 CMD=CLOSE V_DT=1.0200 pu
[2026-05-31 22:13:41] [Bus 2] P=72.2619 MW Q=22.7886 MVar BRK_FB=1 CMD=CLOSE V_DT=1.0120 pu
[2026-05-31 22:13:41] [Bus 3] P=71.1676 MW Q=37.1867 MVar BRK_FB=1 CMD=CLOSE V_DT=1.0095 pu
[2026-05-31 22:13:41] [Bus 4] P=80.0469 MW Q=53.6252 MVar BRK_FB=1 CMD=CLOSE V_DT=1.0100 pu
[2026-05-31 22:13:41] [Bus 5] P=91.1867 MW Q=25.4461 MVar BRK_FB=1 CMD=CLOSE V_DT=1.0083 pu

[2026-05-31 22:13:42] [iter 66] realtime transfer
[2026-05-31 22:13:42] [Bus 1] P=150.3487 MW Q=32.5184 MVar BRK_FB=1 CMD=CLOSE V_DT=1.0200 pu
[2026-05-31 22:13:42] [Bus 2] P=59.5702 MW Q=15.4939 MVar BRK_FB=1 CMD=CLOSE V_DT=1.0100 pu
[2026-05-31 22:13:42] [Bus 3] P=81.5268 MW Q=37.8539 MVar BRK_FB=1 CMD=CLOSE V_DT=1.0070 pu
[2026-05-31 22:13:42] [Bus 4] P=80.2599 MW Q=47.4745 MVar BRK_FB=1 CMD=CLOSE V_DT=1.0100 pu
[2026-05-31 22:13:42] [Bus 5] P=88.0434 MW Q=23.4544 MVar BRK_FB=1 CMD=CLOSE V_DT=1.0080 pu

[2026-05-31 22:13:43] [iter 67] realtime transfer
[2026-05-31 22:13:43] [Bus 1] P=142.0861 MW Q=36.5321 MVar BRK_FB=1 CMD=CLOSE V_DT=1.0200 pu
[2026-05-31 22:13:43] [Bus 2] P=62.0223 MW Q=25.7246 MVar BRK_FB=1 CMD=CLOSE V_DT=1.0107 pu
[2026-05-31 22:13:43] [Bus 3] P=63.7368 MW Q=27.5727 MVar BRK_FB=1 CMD=CLOSE V_DT=1.0072 pu
[2026-05-31 22:13:43] [Bus 4] P=79.8835 MW Q=40.2822 MVar BRK_FB=1 CMD=CLOSE V_DT=1.0100 pu
[2026-05-31 22:13:43] [Bus 5] P=94.0943 MW Q=20.4907 MVar BRK_FB=1 CMD=CLOSE V_DT=1.0081 pu

[2026-05-31 22:13:44] [iter 68] realtime transfer
[2026-05-31 22:13:44] [Bus 1] P=152.6092 MW Q=35.7793 MVar BRK_FB=1 CMD=CLOSE V_DT=1.0200 pu
[2026-05-31 22:13:44] [Bus 2] P=77.2178 MW Q=25.5988 MVar BRK_FB=1 CMD=CLOSE V_DT=1.0107 pu
[2026-05-31 22:13:44] [Bus 3] P=68.6345 MW Q=27.2770 MVar BRK_FB=1 CMD=CLOSE V_DT=1.0081 pu
[2026-05-31 22:13:44] [Bus 4] P=80.1653 MW Q=44.6350 MVar BRK_FB=1 CMD=CLOSE V_DT=1.0100 pu
[2026-05-31 22:13:44] [Bus 5] P=84.2876 MW Q=24.0901 MVar BRK_FB=1 CMD=CLOSE V_DT=1.0082 pu

[2026-05-31 22:13:45] [iter 69] realtime transfer
[2026-05-31 22:13:45] [Bus 1] P=152.7476 MW Q=33.4884 MVar BRK_FB=1 CMD=CLOSE V_DT=1.0200 pu
[2026-05-31 22:13:45] [Bus 2] P=63.3500 MW Q=21.6207 MVar BRK_FB=1 CMD=CLOSE V_DT=1.0103 pu
[2026-05-31 22:13:45] [Bus 3] P=80.2453 MW Q=33.7474 MVar BRK_FB=1 CMD=CLOSE V_DT=1.0077 pu
[2026-05-31 22:13:45] [Bus 4] P=79.6781 MW Q=50.8838 MVar BRK_FB=1 CMD=CLOSE V_DT=1.0100 pu
[2026-05-31 22:13:45] [Bus 5] P=89.6652 MW Q=26.6697 MVar BRK_FB=1 CMD=CLOSE V_DT=1.0082 pu

[2026-05-31 22:13:46] [iter 70] realtime transfer
[2026-05-31 22:13:46] [Bus 1] P=154.2857 MW Q=32.9087 MVar BRK_FB=1 CMD=CLOSE V_DT=1.0200 pu
[2026-05-31 22:13:46] [Bus 2] P=64.2882 MW Q=15.5127 MVar BRK_FB=1 CMD=CLOSE V_DT=1.0104 pu
[2026-05-31 22:13:46] [Bus 3] P=83.4549 MW Q=41.5237 MVar BRK_FB=1 CMD=CLOSE V_DT=1.0072 pu
[2026-05-31 22:13:46] [Bus 4] P=79.9550 MW Q=48.5626 MVar BRK_FB=1 CMD=CLOSE V_DT=1.0100 pu
[2026-05-31 22:13:46] [Bus 5] P=85.7181 MW Q=21.2572 MVar BRK_FB=1 CMD=CLOSE V_DT=1.0080 pu

[2026-05-31 22:13:47] [iter 71] realtime transfer
[2026-05-31 22:13:47] [Bus 1] P=166.7384 MW Q=32.0710 MVar BRK_FB=1 CMD=CLOSE V_DT=1.0200 pu
[2026-05-31 22:13:47] [Bus 2] P=69.1436 MW Q=28.0182 MVar BRK_FB=1 CMD=CLOSE V_DT=1.0103 pu
[2026-05-31 22:13:47] [Bus 3] P=84.5409 MW Q=28.5008 MVar BRK_FB=1 CMD=CLOSE V_DT=1.0068 pu
[2026-05-31 22:13:47] [Bus 4] P=80.1745 MW Q=55.2537 MVar BRK_FB=1 CMD=CLOSE V_DT=1.0100 pu
[2026-05-31 22:13:47] [Bus 5] P=92.0048 MW Q=27.1895 MVar BRK_FB=1 CMD=CLOSE V_DT=1.0082 pu

[2026-05-31 22:13:48] [iter 72] realtime transfer
[2026-05-31 22:13:48] [Bus 1] P=137.8471 MW Q=37.6306 MVar BRK_FB=1 CMD=CLOSE V_DT=1.0200 pu
[2026-05-31 22:13:48] [Bus 2] P=55.7094 MW Q=26.6649 MVar BRK_FB=1 CMD=CLOSE V_DT=1.0099 pu
[2026-05-31 22:13:48] [Bus 3] P=67.2349 MW Q=28.0713 MVar BRK_FB=1 CMD=CLOSE V_DT=1.0071 pu
[2026-05-31 22:13:48] [Bus 4] P=79.2045 MW Q=49.2946 MVar BRK_FB=1 CMD=CLOSE V_DT=1.0100 pu
[2026-05-31 22:13:48] [Bus 5] P=93.5991 MW Q=29.7903 MVar BRK_FB=1 CMD=CLOSE V_DT=1.0080 pu

[2026-05-31 22:13:49] [iter 73] realtime transfer
[2026-05-31 22:13:49] [Bus 1] P=139.2682 MW Q=33.4794 MVar BRK_FB=1 CMD=CLOSE V_DT=1.0200 pu
[2026-05-31 22:13:49] [Bus 2] P=62.1935 MW Q=20.3536 MVar BRK_FB=1 CMD=CLOSE V_DT=1.0108 pu
[2026-05-31 22:13:49] [Bus 3] P=65.4387 MW Q=23.1601 MVar BRK_FB=1 CMD=CLOSE V_DT=1.0080 pu
[2026-05-31 22:13:49] [Bus 4] P=79.7581 MW Q=39.1242 MVar BRK_FB=1 CMD=CLOSE V_DT=1.0100 pu
[2026-05-31 22:13:49] [Bus 5] P=90.0912 MW Q=26.3464 MVar BRK_FB=1 CMD=CLOSE V_DT=1.0079 pu

[2026-05-31 22:13:50] [iter 74] realtime transfer
[2026-05-31 22:13:50] [Bus 1] P=159.4511 MW Q=37.2357 MVar BRK_FB=1 CMD=CLOSE V_DT=1.0200 pu
[2026-05-31 22:13:50] [Bus 2] P=70.1029 MW Q=33.8729 MVar BRK_FB=1 CMD=CLOSE V_DT=1.0113 pu
[2026-05-31 22:13:50] [Bus 3] P=82.9637 MW Q=27.4744 MVar BRK_FB=1 CMD=CLOSE V_DT=1.0086 pu
[2026-05-31 22:13:50] [Bus 4] P=79.8428 MW Q=49.6499 MVar BRK_FB=1 CMD=CLOSE V_DT=1.0100 pu
[2026-05-31 22:13:50] [Bus 5] P=86.3385 MW Q=22.7477 MVar BRK_FB=1 CMD=CLOSE V_DT=1.0080 pu

[2026-05-31 22:13:51] [iter 75] realtime transfer
[2026-05-31 22:13:51] [Bus 1] P=138.2721 MW Q=33.7375 MVar BRK_FB=1 CMD=CLOSE V_DT=1.0200 pu
[2026-05-31 22:13:51] [Bus 2] P=55.5423 MW Q=12.2313 MVar BRK_FB=1 CMD=CLOSE V_DT=1.0096 pu
[2026-05-31 22:13:51] [Bus 3] P=76.2859 MW Q=40.2379 MVar BRK_FB=1 CMD=CLOSE V_DT=1.0069 pu
[2026-05-31 22:13:51] [Bus 4] P=80.0611 MW Q=36.5701 MVar BRK_FB=1 CMD=CLOSE V_DT=1.0100 pu
[2026-05-31 22:13:51] [Bus 5] P=87.7256 MW Q=15.9349 MVar BRK_FB=1 CMD=CLOSE V_DT=1.0082 pu

[2026-05-31 22:13:52] [iter 76] realtime transfer
[2026-05-31 22:13:52] [Bus 1] P=156.2282 MW Q=26.8032 MVar BRK_FB=1 CMD=CLOSE V_DT=1.0200 pu
[2026-05-31 22:13:52] [Bus 2] P=62.5889 MW Q=17.2387 MVar BRK_FB=1 CMD=CLOSE V_DT=1.0110 pu
[2026-05-31 22:13:52] [Bus 3] P=80.0460 MW Q=20.4434 MVar BRK_FB=1 CMD=CLOSE V_DT=1.0075 pu
[2026-05-31 22:13:52] [Bus 4] P=80.7396 MW Q=28.9010 MVar BRK_FB=1 CMD=CLOSE V_DT=1.0100 pu
[2026-05-31 22:13:52] [Bus 5] P=90.7455 MW Q=14.1862 MVar BRK_FB=1 CMD=CLOSE V_DT=1.0084 pu

[2026-05-31 22:13:53] [iter 77] realtime transfer
[2026-05-31 22:13:53] [Bus 1] P=172.6399 MW Q=30.9576 MVar BRK_FB=1 CMD=CLOSE V_DT=1.0200 pu
[2026-05-31 22:13:53] [Bus 2] P=76.7538 MW Q=25.4991 MVar BRK_FB=1 CMD=CLOSE V_DT=1.0113 pu
[2026-05-31 22:13:53] [Bus 3] P=81.5511 MW Q=33.3988 MVar BRK_FB=1 CMD=CLOSE V_DT=1.0085 pu
[2026-05-31 22:13:53] [Bus 4] P=80.1377 MW Q=54.3533 MVar BRK_FB=1 CMD=CLOSE V_DT=1.0100 pu
[2026-05-31 22:13:53] [Bus 5] P=93.3577 MW Q=22.6112 MVar BRK_FB=1 CMD=CLOSE V_DT=1.0084 pu

[2026-05-31 22:13:54] [iter 78] realtime transfer
[2026-05-31 22:13:54] [Bus 1] P=160.0818 MW Q=34.3850 MVar BRK_FB=1 CMD=CLOSE V_DT=1.0200 pu
[2026-05-31 22:13:54] [Bus 2] P=76.9892 MW Q=22.6040 MVar BRK_FB=1 CMD=CLOSE V_DT=1.0097 pu
[2026-05-31 22:13:54] [Bus 3] P=74.0891 MW Q=35.1875 MVar BRK_FB=1 CMD=CLOSE V_DT=1.0068 pu
[2026-05-31 22:13:54] [Bus 4] P=80.3181 MW Q=46.7195 MVar BRK_FB=1 CMD=CLOSE V_DT=1.0100 pu
[2026-05-31 22:13:54] [Bus 5] P=87.4658 MW Q=19.7257 MVar BRK_FB=1 CMD=CLOSE V_DT=1.0081 pu

[2026-05-31 22:13:55] [iter 79] realtime transfer
[2026-05-31 22:13:55] [Bus 1] P=159.3092 MW Q=36.9804 MVar BRK_FB=1 CMD=CLOSE V_DT=1.0200 pu
[2026-05-31 22:13:55] [Bus 2] P=72.9258 MW Q=26.0552 MVar BRK_FB=1 CMD=CLOSE V_DT=1.0100 pu
[2026-05-31 22:13:55] [Bus 3] P=78.6284 MW Q=37.0284 MVar BRK_FB=1 CMD=CLOSE V_DT=1.0070 pu
[2026-05-31 22:13:55] [Bus 4] P=79.9310 MW Q=54.1091 MVar BRK_FB=1 CMD=CLOSE V_DT=1.0100 pu
[2026-05-31 22:13:55] [Bus 5] P=85.8745 MW Q=24.5775 MVar BRK_FB=1 CMD=CLOSE V_DT=1.0083 pu

[2026-05-31 22:13:56] [iter 80] realtime transfer
[2026-05-31 22:13:56] [Bus 1] P=143.0077 MW Q=38.9810 MVar BRK_FB=1 CMD=CLOSE V_DT=1.0200 pu
[2026-05-31 22:13:56] [Bus 2] P=57.5486 MW Q=23.5332 MVar BRK_FB=1 CMD=CLOSE V_DT=1.0097 pu
[2026-05-31 22:13:56] [Bus 3] P=76.2564 MW Q=38.5381 MVar BRK_FB=1 CMD=CLOSE V_DT=1.0066 pu
[2026-05-31 22:13:56] [Bus 4] P=80.2191 MW Q=45.0533 MVar BRK_FB=1 CMD=CLOSE V_DT=1.0100 pu
[2026-05-31 22:13:56] [Bus 5] P=87.6471 MW Q=18.7826 MVar BRK_FB=1 CMD=CLOSE V_DT=1.0081 pu

[2026-05-31 22:13:57] [iter 81] realtime transfer
[2026-05-31 22:13:57] [Bus 1] P=153.9330 MW Q=38.8477 MVar BRK_FB=1 CMD=CLOSE V_DT=1.0200 pu
[2026-05-31 22:13:57] [Bus 2] P=71.5412 MW Q=33.6087 MVar BRK_FB=1 CMD=CLOSE V_DT=1.0103 pu
[2026-05-31 22:13:57] [Bus 3] P=72.2782 MW Q=28.8382 MVar BRK_FB=1 CMD=CLOSE V_DT=1.0070 pu
[2026-05-31 22:13:57] [Bus 4] P=79.9786 MW Q=53.1629 MVar BRK_FB=1 CMD=CLOSE V_DT=1.0100 pu
[2026-05-31 22:13:57] [Bus 5] P=89.4840 MW Q=26.6841 MVar BRK_FB=1 CMD=CLOSE V_DT=1.0083 pu

[2026-05-31 22:13:58] [iter 82] realtime transfer
[2026-05-31 22:13:58] [Bus 1] P=155.8813 MW Q=27.5857 MVar BRK_FB=1 CMD=CLOSE V_DT=1.0200 pu
[2026-05-31 22:13:58] [Bus 2] P=62.6106 MW Q=15.0229 MVar BRK_FB=1 CMD=CLOSE V_DT=1.0097 pu
[2026-05-31 22:13:58] [Bus 3] P=77.3268 MW Q=27.3937 MVar BRK_FB=1 CMD=CLOSE V_DT=1.0072 pu
[2026-05-31 22:13:58] [Bus 4] P=80.0022 MW Q=36.9378 MVar BRK_FB=1 CMD=CLOSE V_DT=1.0100 pu
[2026-05-31 22:13:58] [Bus 5] P=93.2016 MW Q=18.6308 MVar BRK_FB=1 CMD=CLOSE V_DT=1.0080 pu

[2026-05-31 22:13:59] [iter 83] realtime transfer
[2026-05-31 22:13:59] [Bus 1] P=146.5584 MW Q=35.8247 MVar BRK_FB=1 CMD=CLOSE V_DT=1.0200 pu
[2026-05-31 22:13:59] [Bus 2] P=61.1000 MW Q=29.5055 MVar BRK_FB=1 CMD=CLOSE V_DT=1.0110 pu
[2026-05-31 22:13:59] [Bus 3] P=70.6344 MW Q=23.7633 MVar BRK_FB=1 CMD=CLOSE V_DT=1.0081 pu
[2026-05-31 22:13:59] [Bus 4] P=79.8928 MW Q=34.9667 MVar BRK_FB=1 CMD=CLOSE V_DT=1.0100 pu
[2026-05-31 22:13:59] [Bus 5] P=94.0346 MW Q=14.6379 MVar BRK_FB=1 CMD=CLOSE V_DT=1.0083 pu

[2026-05-31 22:14:00] [iter 84] realtime transfer
[2026-05-31 22:14:00] [Bus 1] P=147.4468 MW Q=32.4703 MVar BRK_FB=1 CMD=CLOSE V_DT=1.0200 pu
[2026-05-31 22:14:00] [Bus 2] P=62.8349 MW Q=18.3755 MVar BRK_FB=1 CMD=CLOSE V_DT=1.0104 pu
[2026-05-31 22:14:00] [Bus 3] P=76.7413 MW Q=29.2811 MVar BRK_FB=1 CMD=CLOSE V_DT=1.0078 pu
[2026-05-31 22:14:00] [Bus 4] P=79.9659 MW Q=43.7684 MVar BRK_FB=1 CMD=CLOSE V_DT=1.0100 pu
[2026-05-31 22:14:00] [Bus 5] P=87.2366 MW Q=25.8472 MVar BRK_FB=1 CMD=CLOSE V_DT=1.0084 pu

[2026-05-31 22:14:01] [iter 85] realtime transfer
[2026-05-31 22:14:01] [Bus 1] P=143.8282 MW Q=38.2554 MVar BRK_FB=1 CMD=CLOSE V_DT=1.0200 pu
[2026-05-31 22:14:01] [Bus 2] P=62.7616 MW Q=29.9868 MVar BRK_FB=1 CMD=CLOSE V_DT=1.0109 pu
[2026-05-31 22:14:01] [Bus 3] P=70.3588 MW Q=25.2792 MVar BRK_FB=1 CMD=CLOSE V_DT=1.0079 pu
[2026-05-31 22:14:01] [Bus 4] P=79.4277 MW Q=46.7926 MVar BRK_FB=1 CMD=CLOSE V_DT=1.0100 pu
[2026-05-31 22:14:01] [Bus 5] P=88.4360 MW Q=26.9398 MVar BRK_FB=1 CMD=CLOSE V_DT=1.0081 pu

[2026-05-31 22:14:02] [iter 86] realtime transfer
[2026-05-31 22:14:02] [Bus 1] P=152.6722 MW Q=40.2887 MVar BRK_FB=1 CMD=CLOSE V_DT=1.0200 pu
[2026-05-31 22:14:02] [Bus 2] P=63.8997 MW Q=29.0763 MVar BRK_FB=1 CMD=CLOSE V_DT=1.0104 pu
[2026-05-31 22:14:02] [Bus 3] P=78.3188 MW Q=41.7599 MVar BRK_FB=1 CMD=CLOSE V_DT=1.0079 pu
[2026-05-31 22:14:02] [Bus 4] P=79.7644 MW Q=55.0126 MVar BRK_FB=1 CMD=CLOSE V_DT=1.0100 pu
[2026-05-31 22:14:02] [Bus 5] P=89.1399 MW Q=21.3075 MVar BRK_FB=1 CMD=CLOSE V_DT=1.0080 pu

[2026-05-31 22:14:03] [iter 87] realtime transfer
[2026-05-31 22:14:03] [Bus 1] P=122.0990 MW Q=37.1944 MVar BRK_FB=1 CMD=CLOSE V_DT=1.0200 pu
[2026-05-31 22:14:03] [Bus 2] P=50.5711 MW Q=16.3693 MVar BRK_FB=1 CMD=CLOSE V_DT=1.0095 pu
[2026-05-31 22:14:03] [Bus 3] P=64.0889 MW Q=26.9917 MVar BRK_FB=1 CMD=CLOSE V_DT=1.0063 pu
[2026-05-31 22:14:03] [Bus 4] P=79.7486 MW Q=31.7190 MVar BRK_FB=1 CMD=CLOSE V_DT=1.0100 pu
[2026-05-31 22:14:03] [Bus 5] P=85.2006 MW Q=23.0844 MVar BRK_FB=1 CMD=CLOSE V_DT=1.0082 pu

[2026-05-31 22:14:04] [iter 88] realtime transfer
[2026-05-31 22:14:04] [Bus 1] P=153.1685 MW Q=34.5433 MVar BRK_FB=1 CMD=CLOSE V_DT=1.0200 pu
[2026-05-31 22:14:04] [Bus 2] P=56.1125 MW Q=22.8593 MVar BRK_FB=1 CMD=CLOSE V_DT=1.0095 pu
[2026-05-31 22:14:04] [Bus 3] P=82.6139 MW Q=36.6470 MVar BRK_FB=1 CMD=CLOSE V_DT=1.0063 pu
[2026-05-31 22:14:04] [Bus 4] P=80.2115 MW Q=45.6513 MVar BRK_FB=1 CMD=CLOSE V_DT=1.0100 pu
[2026-05-31 22:14:04] [Bus 5] P=92.7091 MW Q=17.1589 MVar BRK_FB=1 CMD=CLOSE V_DT=1.0082 pu

[2026-05-31 22:14:05] [iter 89] realtime transfer
[2026-05-31 22:14:05] [Bus 1] P=134.5464 MW Q=37.4378 MVar BRK_FB=1 CMD=CLOSE V_DT=1.0200 pu
[2026-05-31 22:14:05] [Bus 2] P=57.5729 MW Q=26.7982 MVar BRK_FB=1 CMD=CLOSE V_DT=1.0118 pu
[2026-05-31 22:14:05] [Bus 3] P=60.4509 MW Q=24.1760 MVar BRK_FB=1 CMD=CLOSE V_DT=1.0088 pu
[2026-05-31 22:14:05] [Bus 4] P=80.3509 MW Q=42.6899 MVar BRK_FB=1 CMD=CLOSE V_DT=1.0100 pu
[2026-05-31 22:14:05] [Bus 5] P=95.0673 MW Q=26.2226 MVar BRK_FB=1 CMD=CLOSE V_DT=1.0082 pu

[2026-05-31 22:14:06] [iter 90] realtime transfer
[2026-05-31 22:14:06] [Bus 1] P=164.1435 MW Q=27.2482 MVar BRK_FB=1 CMD=CLOSE V_DT=1.0200 pu
[2026-05-31 22:14:06] [Bus 2] P=69.7777 MW Q=19.6669 MVar BRK_FB=1 CMD=CLOSE V_DT=1.0106 pu
[2026-05-31 22:14:06] [Bus 3] P=79.7719 MW Q=26.8095 MVar BRK_FB=1 CMD=CLOSE V_DT=1.0078 pu
[2026-05-31 22:14:06] [Bus 4] P=80.2412 MW Q=50.9495 MVar BRK_FB=1 CMD=CLOSE V_DT=1.0100 pu
[2026-05-31 22:14:06] [Bus 5] P=94.1945 MW Q=28.1962 MVar BRK_FB=1 CMD=CLOSE V_DT=1.0080 pu

[2026-05-31 22:14:07] [iter 91] realtime transfer
[2026-05-31 22:14:07] [Bus 1] P=126.2528 MW Q=37.1650 MVar BRK_FB=1 CMD=CLOSE V_DT=1.0200 pu
[2026-05-31 22:14:07] [Bus 2] P=50.3904 MW Q=22.6345 MVar BRK_FB=1 CMD=CLOSE V_DT=1.0114 pu
[2026-05-31 22:14:07] [Bus 3] P=63.9180 MW Q=23.1355 MVar BRK_FB=1 CMD=CLOSE V_DT=1.0086 pu
[2026-05-31 22:14:07] [Bus 4] P=79.7593 MW Q=37.8805 MVar BRK_FB=1 CMD=CLOSE V_DT=1.0100 pu
[2026-05-31 22:14:07] [Bus 5] P=90.7948 MW Q=26.9363 MVar BRK_FB=1 CMD=CLOSE V_DT=1.0079 pu

[2026-05-31 22:14:08] [iter 92] realtime transfer
[2026-05-31 22:14:08] [Bus 1] P=149.3541 MW Q=31.4049 MVar BRK_FB=1 CMD=CLOSE V_DT=1.0200 pu
[2026-05-31 22:14:08] [Bus 2] P=70.8192 MW Q=20.2686 MVar BRK_FB=1 CMD=CLOSE V_DT=1.0115 pu
[2026-05-31 22:14:08] [Bus 3] P=65.4997 MW Q=24.9075 MVar BRK_FB=1 CMD=CLOSE V_DT=1.0088 pu
[2026-05-31 22:14:08] [Bus 4] P=79.8667 MW Q=45.3481 MVar BRK_FB=1 CMD=CLOSE V_DT=1.0100 pu
[2026-05-31 22:14:08] [Bus 5] P=92.8720 MW Q=28.9815 MVar BRK_FB=1 CMD=CLOSE V_DT=1.0080 pu

[2026-05-31 22:14:09] [iter 93] realtime transfer
[2026-05-31 22:14:09] [Bus 1] P=147.1511 MW Q=33.6752 MVar BRK_FB=1 CMD=CLOSE V_DT=1.0200 pu
[2026-05-31 22:14:09] [Bus 2] P=74.6670 MW Q=16.2233 MVar BRK_FB=1 CMD=CLOSE V_DT=1.0109 pu
[2026-05-31 22:14:09] [Bus 3] P=62.9596 MW Q=33.5876 MVar BRK_FB=1 CMD=CLOSE V_DT=1.0083 pu
[2026-05-31 22:14:09] [Bus 4] P=79.9651 MW Q=38.2975 MVar BRK_FB=1 CMD=CLOSE V_DT=1.0100 pu
[2026-05-31 22:14:09] [Bus 5] P=87.8154 MW Q=19.1233 MVar BRK_FB=1 CMD=CLOSE V_DT=1.0079 pu

[2026-05-31 22:14:10] [iter 94] realtime transfer
[2026-05-31 22:14:10] [Bus 1] P=174.7463 MW Q=37.0094 MVar BRK_FB=1 CMD=CLOSE V_DT=1.0200 pu
[2026-05-31 22:14:10] [Bus 2] P=78.6150 MW Q=30.6485 MVar BRK_FB=1 CMD=CLOSE V_DT=1.0108 pu
[2026-05-31 22:14:10] [Bus 3] P=81.2621 MW Q=42.3495 MVar BRK_FB=1 CMD=CLOSE V_DT=1.0079 pu
[2026-05-31 22:14:10] [Bus 4] P=79.8728 MW Q=61.1121 MVar BRK_FB=1 CMD=CLOSE V_DT=1.0100 pu
[2026-05-31 22:14:10] [Bus 5] P=92.2060 MW Q=20.9703 MVar BRK_FB=1 CMD=CLOSE V_DT=1.0083 pu

[2026-05-31 22:14:11] [iter 95] realtime transfer
[2026-05-31 22:14:11] [Bus 1] P=144.7565 MW Q=31.3805 MVar BRK_FB=1 CMD=CLOSE V_DT=1.0200 pu
[2026-05-31 22:14:11] [Bus 2] P=53.4150 MW Q=15.2033 MVar BRK_FB=1 CMD=CLOSE V_DT=1.0089 pu
[2026-05-31 22:14:11] [Bus 3] P=85.4754 MW Q=32.6960 MVar BRK_FB=1 CMD=CLOSE V_DT=1.0058 pu
[2026-05-31 22:14:11] [Bus 4] P=80.2497 MW Q=31.8680 MVar BRK_FB=1 CMD=CLOSE V_DT=1.0100 pu
[2026-05-31 22:14:11] [Bus 5] P=85.5604 MW Q=12.5578 MVar BRK_FB=1 CMD=CLOSE V_DT=1.0082 pu

[2026-05-31 22:14:12] [iter 96] realtime transfer
[2026-05-31 22:14:12] [Bus 1] P=158.2486 MW Q=37.1745 MVar BRK_FB=1 CMD=CLOSE V_DT=1.0200 pu
[2026-05-31 22:14:12] [Bus 2] P=72.9577 MW Q=29.3370 MVar BRK_FB=1 CMD=CLOSE V_DT=1.0110 pu
[2026-05-31 22:14:12] [Bus 3] P=73.0171 MW Q=32.5406 MVar BRK_FB=1 CMD=CLOSE V_DT=1.0077 pu
[2026-05-31 22:14:12] [Bus 4] P=80.3222 MW Q=53.4750 MVar BRK_FB=1 CMD=CLOSE V_DT=1.0100 pu
[2026-05-31 22:14:12] [Bus 5] P=89.9819 MW Q=24.9652 MVar BRK_FB=1 CMD=CLOSE V_DT=1.0085 pu

[2026-05-31 22:14:13] [iter 97] realtime transfer
[2026-05-31 22:14:13] [Bus 1] P=151.3801 MW Q=29.1999 MVar BRK_FB=1 CMD=CLOSE V_DT=1.0200 pu
[2026-05-31 22:14:13] [Bus 2] P=75.4802 MW Q=20.2641 MVar BRK_FB=1 CMD=CLOSE V_DT=1.0098 pu
[2026-05-31 22:14:13] [Bus 3] P=63.0425 MW Q=16.7418 MVar BRK_FB=1 CMD=CLOSE V_DT=1.0070 pu
[2026-05-31 22:14:13] [Bus 4] P=79.8105 MW Q=27.7865 MVar BRK_FB=1 CMD=CLOSE V_DT=1.0100 pu
[2026-05-31 22:14:13] [Bus 5] P=91.1751 MW Q=16.9783 MVar BRK_FB=1 CMD=CLOSE V_DT=1.0081 pu

[2026-05-31 22:14:14] [iter 98] realtime transfer
[2026-05-31 22:14:14] [Bus 1] P=162.1577 MW Q=31.2788 MVar BRK_FB=1 CMD=CLOSE V_DT=1.0200 pu
[2026-05-31 22:14:14] [Bus 2] P=71.4441 MW Q=27.1450 MVar BRK_FB=1 CMD=CLOSE V_DT=1.0113 pu
[2026-05-31 22:14:14] [Bus 3] P=81.7466 MW Q=21.5722 MVar BRK_FB=1 CMD=CLOSE V_DT=1.0090 pu
[2026-05-31 22:14:14] [Bus 4] P=80.2096 MW Q=37.5427 MVar BRK_FB=1 CMD=CLOSE V_DT=1.0100 pu
[2026-05-31 22:14:14] [Bus 5] P=86.8971 MW Q=16.5704 MVar BRK_FB=1 CMD=CLOSE V_DT=1.0083 pu

[2026-05-31 22:14:15] [iter 99] realtime transfer
[2026-05-31 22:14:15] [Bus 1] P=148.6057 MW Q=34.4265 MVar BRK_FB=1 CMD=CLOSE V_DT=1.0200 pu
[2026-05-31 22:14:15] [Bus 2] P=66.0874 MW Q=24.2704 MVar BRK_FB=1 CMD=CLOSE V_DT=1.0103 pu
[2026-05-31 22:14:15] [Bus 3] P=72.9405 MW Q=25.0448 MVar BRK_FB=1 CMD=CLOSE V_DT=1.0077 pu
[2026-05-31 22:14:15] [Bus 4] P=79.4814 MW Q=33.6429 MVar BRK_FB=1 CMD=CLOSE V_DT=1.0100 pu
[2026-05-31 22:14:15] [Bus 5] P=87.3013 MW Q=15.7566 MVar BRK_FB=1 CMD=CLOSE V_DT=1.0084 pu

[2026-05-31 22:14:16] [iter 100] realtime transfer
[2026-05-31 22:14:16] [Bus 1] P=172.1300 MW Q=38.6548 MVar BRK_FB=1 CMD=CLOSE V_DT=1.0200 pu
[2026-05-31 22:14:16] [Bus 2] P=74.7628 MW Q=34.7348 MVar BRK_FB=1 CMD=CLOSE V_DT=1.0107 pu
[2026-05-31 22:14:16] [Bus 3] P=86.2094 MW Q=41.2881 MVar BRK_FB=1 CMD=CLOSE V_DT=1.0080 pu
[2026-05-31 22:14:16] [Bus 4] P=80.3608 MW Q=62.2617 MVar BRK_FB=1 CMD=CLOSE V_DT=1.0100 pu
[2026-05-31 22:14:16] [Bus 5] P=89.3806 MW Q=20.6226 MVar BRK_FB=1 CMD=CLOSE V_DT=1.0084 pu

[2026-05-31 22:14:17] [iter 101] realtime transfer
[2026-05-31 22:14:17] [Bus 1] P=154.8754 MW Q=39.8204 MVar BRK_FB=1 CMD=CLOSE V_DT=1.0200 pu
[2026-05-31 22:14:17] [Bus 2] P=61.2914 MW Q=29.2844 MVar BRK_FB=1 CMD=CLOSE V_DT=1.0087 pu
[2026-05-31 22:14:17] [Bus 3] P=85.3733 MW Q=42.2148 MVar BRK_FB=1 CMD=CLOSE V_DT=1.0056 pu
[2026-05-31 22:14:17] [Bus 4] P=80.3476 MW Q=51.9624 MVar BRK_FB=1 CMD=CLOSE V_DT=1.0100 pu
[2026-05-31 22:14:17] [Bus 5] P=87.4214 MW Q=16.8628 MVar BRK_FB=1 CMD=CLOSE V_DT=1.0082 pu

[2026-05-31 22:14:18] [iter 102] realtime transfer
[2026-05-31 22:14:18] [Bus 1] P=147.3940 MW Q=33.4516 MVar BRK_FB=1 CMD=CLOSE V_DT=1.0200 pu
[2026-05-31 22:14:18] [Bus 2] P=60.0664 MW Q=14.9487 MVar BRK_FB=1 CMD=CLOSE V_DT=1.0094 pu
[2026-05-31 22:14:18] [Bus 3] P=80.5266 MW Q=37.8761 MVar BRK_FB=1 CMD=CLOSE V_DT=1.0061 pu
[2026-05-31 22:14:18] [Bus 4] P=79.9122 MW Q=35.8015 MVar BRK_FB=1 CMD=CLOSE V_DT=1.0100 pu
[2026-05-31 22:14:18] [Bus 5] P=84.8641 MW Q=13.3230 MVar BRK_FB=1 CMD=CLOSE V_DT=1.0084 pu

[2026-05-31 22:14:19] [iter 103] realtime transfer
[2026-05-31 22:14:19] [Bus 1] P=140.3479 MW Q=30.3553 MVar BRK_FB=1 CMD=CLOSE V_DT=1.0200 pu
[2026-05-31 22:14:19] [Bus 2] P=52.1269 MW Q=15.6828 MVar BRK_FB=1 CMD=CLOSE V_DT=1.0107 pu
[2026-05-31 22:14:19] [Bus 3] P=74.1099 MW Q=24.8289 MVar BRK_FB=1 CMD=CLOSE V_DT=1.0073 pu
[2026-05-31 22:14:19] [Bus 4] P=80.8637 MW Q=34.1546 MVar BRK_FB=1 CMD=CLOSE V_DT=1.0100 pu
[2026-05-31 22:14:19] [Bus 5] P=91.1929 MW Q=20.4352 MVar BRK_FB=1 CMD=CLOSE V_DT=1.0085 pu

[2026-05-31 22:14:20] [iter 104] realtime transfer
[2026-05-31 22:14:20] [Bus 1] P=140.5979 MW Q=34.0528 MVar BRK_FB=1 CMD=CLOSE V_DT=1.0200 pu
[2026-05-31 22:14:20] [Bus 2] P=64.1536 MW Q=17.8509 MVar BRK_FB=1 CMD=CLOSE V_DT=1.0116 pu
[2026-05-31 22:14:20] [Bus 3] P=62.9860 MW Q=30.5233 MVar BRK_FB=1 CMD=CLOSE V_DT=1.0086 pu
[2026-05-31 22:14:20] [Bus 4] P=79.8480 MW Q=43.0323 MVar BRK_FB=1 CMD=CLOSE V_DT=1.0100 pu
[2026-05-31 22:14:20] [Bus 5] P=91.8839 MW Q=26.0071 MVar BRK_FB=1 CMD=CLOSE V_DT=1.0082 pu

[2026-05-31 22:14:21] [iter 105] realtime transfer
[2026-05-31 22:14:21] [Bus 1] P=157.0390 MW Q=34.1206 MVar BRK_FB=1 CMD=CLOSE V_DT=1.0200 pu
[2026-05-31 22:14:21] [Bus 2] P=66.9424 MW Q=24.7603 MVar BRK_FB=1 CMD=CLOSE V_DT=1.0111 pu
[2026-05-31 22:14:21] [Bus 3] P=76.1451 MW Q=32.8267 MVar BRK_FB=1 CMD=CLOSE V_DT=1.0082 pu
[2026-05-31 22:14:21] [Bus 4] P=79.7519 MW Q=52.5135 MVar BRK_FB=1 CMD=CLOSE V_DT=1.0100 pu
[2026-05-31 22:14:21] [Bus 5] P=92.6022 MW Q=25.8411 MVar BRK_FB=1 CMD=CLOSE V_DT=1.0080 pu

[2026-05-31 22:14:22] [iter 106] realtime transfer
[2026-05-31 22:14:22] [Bus 1] P=147.7378 MW Q=41.1677 MVar BRK_FB=1 CMD=CLOSE V_DT=1.0200 pu
[2026-05-31 22:14:22] [Bus 2] P=70.3515 MW Q=29.6079 MVar BRK_FB=1 CMD=CLOSE V_DT=1.0102 pu
[2026-05-31 22:14:22] [Bus 3] P=68.0934 MW Q=34.7154 MVar BRK_FB=1 CMD=CLOSE V_DT=1.0072 pu
[2026-05-31 22:14:22] [Bus 4] P=80.3496 MW Q=53.7025 MVar BRK_FB=1 CMD=CLOSE V_DT=1.0100 pu
[2026-05-31 22:14:22] [Bus 5] P=86.5669 MW Q=26.9501 MVar BRK_FB=1 CMD=CLOSE V_DT=1.0080 pu

[2026-05-31 22:14:23] [iter 107] realtime transfer
[2026-05-31 22:14:23] [Bus 1] P=142.6198 MW Q=34.7983 MVar BRK_FB=1 CMD=CLOSE V_DT=1.0200 pu
[2026-05-31 22:14:23] [Bus 2] P=65.4158 MW Q=18.8248 MVar BRK_FB=1 CMD=CLOSE V_DT=1.0098 pu
[2026-05-31 22:14:23] [Bus 3] P=66.5022 MW Q=32.3026 MVar BRK_FB=1 CMD=CLOSE V_DT=1.0071 pu
[2026-05-31 22:14:23] [Bus 4] P=79.5763 MW Q=37.3149 MVar BRK_FB=1 CMD=CLOSE V_DT=1.0100 pu
[2026-05-31 22:14:23] [Bus 5] P=89.6075 MW Q=18.6593 MVar BRK_FB=1 CMD=CLOSE V_DT=1.0080 pu

[2026-05-31 22:14:24] [iter 108] realtime transfer
[2026-05-31 22:14:24] [Bus 1] P=156.4728 MW Q=38.5961 MVar BRK_FB=1 CMD=CLOSE V_DT=1.0200 pu
[2026-05-31 22:14:24] [Bus 2] P=79.3345 MW Q=28.2651 MVar BRK_FB=1 CMD=CLOSE V_DT=1.0108 pu
[2026-05-31 22:14:24] [Bus 3] P=68.3676 MW Q=35.2148 MVar BRK_FB=1 CMD=CLOSE V_DT=1.0079 pu
[2026-05-31 22:14:24] [Bus 4] P=79.8423 MW Q=53.7375 MVar BRK_FB=1 CMD=CLOSE V_DT=1.0100 pu
[2026-05-31 22:14:24] [Bus 5] P=86.7495 MW Q=25.6031 MVar BRK_FB=1 CMD=CLOSE V_DT=1.0083 pu

[2026-05-31 22:14:25] [iter 109] realtime transfer
[2026-05-31 22:14:25] [Bus 1] P=145.9196 MW Q=36.8887 MVar BRK_FB=1 CMD=CLOSE V_DT=1.0200 pu
[2026-05-31 22:14:25] [Bus 2] P=54.9342 MW Q=26.4344 MVar BRK_FB=1 CMD=CLOSE V_DT=1.0096 pu
[2026-05-31 22:14:25] [Bus 3] P=75.9856 MW Q=35.7838 MVar BRK_FB=1 CMD=CLOSE V_DT=1.0069 pu
[2026-05-31 22:14:25] [Bus 4] P=80.1085 MW Q=51.2216 MVar BRK_FB=1 CMD=CLOSE V_DT=1.0100 pu
[2026-05-31 22:14:25] [Bus 5] P=94.2646 MW Q=22.7460 MVar BRK_FB=1 CMD=CLOSE V_DT=1.0081 pu

[2026-05-31 22:14:26] [iter 110] realtime transfer
[2026-05-31 22:14:26] [Bus 1] P=171.0793 MW Q=34.7391 MVar BRK_FB=1 CMD=CLOSE V_DT=1.0200 pu
[2026-05-31 22:14:26] [Bus 2] P=71.1445 MW Q=32.3937 MVar BRK_FB=1 CMD=CLOSE V_DT=1.0103 pu
[2026-05-31 22:14:26] [Bus 3] P=85.9157 MW Q=35.5031 MVar BRK_FB=1 CMD=CLOSE V_DT=1.0072 pu
[2026-05-31 22:14:26] [Bus 4] P=80.1542 MW Q=59.1769 MVar BRK_FB=1 CMD=CLOSE V_DT=1.0100 pu
[2026-05-31 22:14:26] [Bus 5] P=94.0798 MW Q=22.3167 MVar BRK_FB=1 CMD=CLOSE V_DT=1.0081 pu

[2026-05-31 22:14:27] [iter 111] realtime transfer
[2026-05-31 22:14:27] [Bus 1] P=145.5950 MW Q=36.9959 MVar BRK_FB=1 CMD=CLOSE V_DT=1.0200 pu
[2026-05-31 22:14:27] [Bus 2] P=63.8770 MW Q=24.1875 MVar BRK_FB=1 CMD=CLOSE V_DT=1.0092 pu
[2026-05-31 22:14:27] [Bus 3] P=65.1412 MW Q=34.3416 MVar BRK_FB=1 CMD=CLOSE V_DT=1.0062 pu
[2026-05-31 22:14:27] [Bus 4] P=80.7522 MW Q=49.3022 MVar BRK_FB=1 CMD=CLOSE V_DT=1.0100 pu
[2026-05-31 22:14:27] [Bus 5] P=94.5768 MW Q=24.0729 MVar BRK_FB=1 CMD=CLOSE V_DT=1.0081 pu

[2026-05-31 22:14:28] [iter 112] realtime transfer
[2026-05-31 22:14:28] [Bus 1] P=145.5950 MW Q=36.9959 MVar BRK_FB=1 CMD=CLOSE V_DT=1.0200 pu
[2026-05-31 22:14:28] [Bus 2] P=63.8770 MW Q=24.1875 MVar BRK_FB=1 CMD=CLOSE V_DT=1.0104 pu
[2026-05-31 22:14:28] [Bus 3] P=65.1412 MW Q=34.3416 MVar BRK_FB=1 CMD=CLOSE V_DT=1.0076 pu
[2026-05-31 22:14:28] [Bus 4] P=80.7522 MW Q=49.3022 MVar BRK_FB=1 CMD=CLOSE V_DT=1.0100 pu
[2026-05-31 22:14:28] [Bus 5] P=94.5768 MW Q=24.0729 MVar BRK_FB=1 CMD=CLOSE V_DT=1.0080 pu

[2026-05-31 22:14:29] [iter 113] realtime transfer
[2026-05-31 22:14:29] [Bus 1] P=144.1839 MW Q=38.4700 MVar BRK_FB=1 CMD=CLOSE V_DT=1.0200 pu
[2026-05-31 22:14:29] [Bus 2] P=74.5811 MW Q=28.9812 MVar BRK_FB=1 CMD=CLOSE V_DT=1.0104 pu
[2026-05-31 22:14:29] [Bus 3] P=89.7756 MW Q=45.8193 MVar BRK_FB=1 CMD=CLOSE V_DT=1.0076 pu
[2026-05-31 22:14:29] [Bus 4] P=80.3438 MW Q=63.1732 MVar BRK_FB=1 CMD=CLOSE V_DT=1.0100 pu
[2026-05-31 22:14:29] [Bus 5] P=92.2726 MW Q=21.3331 MVar BRK_FB=1 CMD=CLOSE V_DT=1.0080 pu

[2026-05-31 22:14:30] [iter 114] realtime transfer
[2026-05-31 22:14:30] [Bus 1] P=159.6408 MW Q=37.4278 MVar BRK_FB=1 CMD=CLOSE V_DT=1.0200 pu
[2026-05-31 22:14:30] [Bus 2] P=73.8511 MW Q=31.8819 MVar BRK_FB=1 CMD=CLOSE V_DT=1.0087 pu
[2026-05-31 22:14:30] [Bus 3] P=76.2106 MW Q=32.3506 MVar BRK_FB=1 CMD=CLOSE V_DT=1.0054 pu
[2026-05-31 22:14:30] [Bus 4] P=80.3213 MW Q=45.9286 MVar BRK_FB=1 CMD=CLOSE V_DT=1.0100 pu
[2026-05-31 22:14:30] [Bus 5] P=89.3260 MW Q=15.9655 MVar BRK_FB=1 CMD=CLOSE V_DT=1.0082 pu

[2026-05-31 22:14:31] [iter 115] realtime transfer
[2026-05-31 22:14:31] [Bus 1] P=173.1562 MW Q=34.5215 MVar BRK_FB=1 CMD=CLOSE V_DT=1.0200 pu
[2026-05-31 22:14:31] [Bus 2] P=79.9759 MW Q=32.9995 MVar BRK_FB=1 CMD=CLOSE V_DT=1.0095 pu
[2026-05-31 22:14:31] [Bus 3] P=78.6239 MW Q=29.8476 MVar BRK_FB=1 CMD=CLOSE V_DT=1.0068 pu
[2026-05-31 22:14:31] [Bus 4] P=80.4034 MW Q=46.8975 MVar BRK_FB=1 CMD=CLOSE V_DT=1.0100 pu
[2026-05-31 22:14:31] [Bus 5] P=91.8843 MW Q=14.4251 MVar BRK_FB=1 CMD=CLOSE V_DT=1.0084 pu

[2026-05-31 22:14:32] [iter 116] realtime transfer
[2026-05-31 22:14:32] [Bus 1] P=143.8167 MW Q=39.3188 MVar BRK_FB=1 CMD=CLOSE V_DT=1.0200 pu
[2026-05-31 22:14:32] [Bus 2] P=56.3637 MW Q=24.5345 MVar BRK_FB=1 CMD=CLOSE V_DT=1.0093 pu
[2026-05-31 22:14:32] [Bus 3] P=80.4076 MW Q=40.2773 MVar BRK_FB=1 CMD=CLOSE V_DT=1.0067 pu
[2026-05-31 22:14:32] [Bus 4] P=79.6328 MW Q=55.3151 MVar BRK_FB=1 CMD=CLOSE V_DT=1.0100 pu
[2026-05-31 22:14:32] [Bus 5] P=87.2015 MW Q=27.7224 MVar BRK_FB=1 CMD=CLOSE V_DT=1.0084 pu

[2026-05-31 22:14:33] [iter 117] realtime transfer
[2026-05-31 22:14:33] [Bus 1] P=143.5196 MW Q=39.2376 MVar BRK_FB=1 CMD=CLOSE V_DT=1.0200 pu
[2026-05-31 22:14:33] [Bus 2] P=49.7298 MW Q=18.7018 MVar BRK_FB=1 CMD=CLOSE V_DT=1.0101 pu
[2026-05-31 22:14:33] [Bus 3] P=77.9349 MW Q=36.3659 MVar BRK_FB=1 CMD=CLOSE V_DT=1.0067 pu
[2026-05-31 22:14:33] [Bus 4] P=80.0702 MW Q=39.5251 MVar BRK_FB=1 CMD=CLOSE V_DT=1.0100 pu
[2026-05-31 22:14:33] [Bus 5] P=87.4303 MW Q=18.5168 MVar BRK_FB=1 CMD=CLOSE V_DT=1.0080 pu

[2026-05-31 22:14:34] [iter 118] realtime transfer
[2026-05-31 22:14:34] [Bus 1] P=135.5086 MW Q=36.6035 MVar BRK_FB=1 CMD=CLOSE V_DT=1.0200 pu
[2026-05-31 22:14:34] [Bus 2] P=49.8199 MW Q=18.7357 MVar BRK_FB=1 CMD=CLOSE V_DT=1.0109 pu
[2026-05-31 22:14:34] [Bus 3] P=77.4178 MW Q=36.1245 MVar BRK_FB=1 CMD=CLOSE V_DT=1.0075 pu
[2026-05-31 22:14:34] [Bus 4] P=79.6906 MW Q=39.3377 MVar BRK_FB=1 CMD=CLOSE V_DT=1.0100 pu
[2026-05-31 22:14:34] [Bus 5] P=87.6045 MW Q=18.5537 MVar BRK_FB=1 CMD=CLOSE V_DT=1.0083 pu

[2026-05-31 22:14:35] [iter 119] realtime transfer
[2026-05-31 22:14:35] [Bus 1] P=166.3418 MW Q=29.8282 MVar BRK_FB=1 CMD=CLOSE V_DT=1.0200 pu
[2026-05-31 22:14:35] [Bus 2] P=69.7985 MW Q=16.0061 MVar BRK_FB=1 CMD=CLOSE V_DT=1.0109 pu
[2026-05-31 22:14:35] [Bus 3] P=72.8584 MW Q=29.0241 MVar BRK_FB=1 CMD=CLOSE V_DT=1.0076 pu
[2026-05-31 22:14:35] [Bus 4] P=79.2854 MW Q=33.9425 MVar BRK_FB=1 CMD=CLOSE V_DT=1.0100 pu
[2026-05-31 22:14:35] [Bus 5] P=91.0872 MW Q=15.2346 MVar BRK_FB=1 CMD=CLOSE V_DT=1.0083 pu

[2026-05-31 22:14:36] [iter 120] realtime transfer
[2026-05-31 22:14:36] [Bus 1] P=155.3280 MW Q=29.1869 MVar BRK_FB=1 CMD=CLOSE V_DT=1.0200 pu
[2026-05-31 22:14:36] [Bus 2] P=75.3607 MW Q=35.2731 MVar BRK_FB=1 CMD=CLOSE V_DT=1.0109 pu
[2026-05-31 22:14:36] [Bus 3] P=64.4526 MW Q=29.7957 MVar BRK_FB=1 CMD=CLOSE V_DT=1.0080 pu
[2026-05-31 22:14:36] [Bus 4] P=79.0156 MW Q=49.6745 MVar BRK_FB=1 CMD=CLOSE V_DT=1.0100 pu
[2026-05-31 22:14:36] [Bus 5] P=92.0408 MW Q=21.9171 MVar BRK_FB=1 CMD=CLOSE V_DT=1.0084 pu

[2026-05-31 22:14:37] [iter 121] realtime transfer
[2026-05-31 22:14:37] [Bus 1] P=154.2576 MW Q=33.1340 MVar BRK_FB=1 CMD=CLOSE V_DT=1.0200 pu
[2026-05-31 22:14:37] [Bus 2] P=58.5459 MW Q=26.6913 MVar BRK_FB=1 CMD=CLOSE V_DT=1.0096 pu
[2026-05-31 22:14:37] [Bus 3] P=80.3345 MW Q=28.3507 MVar BRK_FB=1 CMD=CLOSE V_DT=1.0072 pu
[2026-05-31 22:14:37] [Bus 4] P=80.3351 MW Q=49.0475 MVar BRK_FB=1 CMD=CLOSE V_DT=1.0100 pu
[2026-05-31 22:14:37] [Bus 5] P=95.1908 MW Q=23.8571 MVar BRK_FB=1 CMD=CLOSE V_DT=1.0081 pu

[2026-05-31 22:14:38] [iter 122] realtime transfer
[2026-05-31 22:14:38] [Bus 1] P=135.3302 MW Q=40.8686 MVar BRK_FB=1 CMD=CLOSE V_DT=1.0200 pu
[2026-05-31 22:14:38] [Bus 2] P=65.5326 MW Q=30.5410 MVar BRK_FB=1 CMD=CLOSE V_DT=1.0104 pu
[2026-05-31 22:14:38] [Bus 3] P=61.2484 MW Q=26.2944 MVar BRK_FB=1 CMD=CLOSE V_DT=1.0075 pu
[2026-05-31 22:14:38] [Bus 4] P=80.0164 MW Q=43.9043 MVar BRK_FB=1 CMD=CLOSE V_DT=1.0100 pu
[2026-05-31 22:14:38] [Bus 5] P=87.6878 MW Q=25.5756 MVar BRK_FB=1 CMD=CLOSE V_DT=1.0080 pu

[2026-05-31 22:14:39] [iter 123] realtime transfer
[2026-05-31 22:14:39] [Bus 1] P=152.9094 MW Q=26.6955 MVar BRK_FB=1 CMD=CLOSE V_DT=1.0200 pu
[2026-05-31 22:14:39] [Bus 2] P=53.0386 MW Q=11.5762 MVar BRK_FB=1 CMD=CLOSE V_DT=1.0105 pu
[2026-05-31 22:14:39] [Bus 3] P=85.1061 MW Q=33.1521 MVar BRK_FB=1 CMD=CLOSE V_DT=1.0080 pu
[2026-05-31 22:14:39] [Bus 4] P=79.6475 MW Q=34.3843 MVar BRK_FB=1 CMD=CLOSE V_DT=1.0100 pu
[2026-05-31 22:14:39] [Bus 5] P=95.1683 MW Q=13.5607 MVar BRK_FB=1 CMD=CLOSE V_DT=1.0081 pu

[2026-05-31 22:14:40] [iter 124] realtime transfer
[2026-05-31 22:14:40] [Bus 1] P=142.6831 MW Q=37.2924 MVar BRK_FB=1 CMD=CLOSE V_DT=1.0200 pu
[2026-05-31 22:14:40] [Bus 2] P=70.3733 MW Q=29.6384 MVar BRK_FB=1 CMD=CLOSE V_DT=1.0112 pu
[2026-05-31 22:14:40] [Bus 3] P=61.2343 MW Q=20.5367 MVar BRK_FB=1 CMD=CLOSE V_DT=1.0078 pu
[2026-05-31 22:14:40] [Bus 4] P=79.8321 MW Q=35.5542 MVar BRK_FB=1 CMD=CLOSE V_DT=1.0100 pu
[2026-05-31 22:14:40] [Bus 5] P=88.9437 MW Q=19.8027 MVar BRK_FB=1 CMD=CLOSE V_DT=1.0084 pu

[2026-05-31 22:14:41] [iter 125] realtime transfer
[2026-05-31 22:14:41] [Bus 1] P=165.9356 MW Q=36.2984 MVar BRK_FB=1 CMD=CLOSE V_DT=1.0200 pu
[2026-05-31 22:14:41] [Bus 2] P=77.6362 MW Q=34.3472 MVar BRK_FB=1 CMD=CLOSE V_DT=1.0106 pu
[2026-05-31 22:14:41] [Bus 3] P=77.3390 MW Q=28.8081 MVar BRK_FB=1 CMD=CLOSE V_DT=1.0084 pu
[2026-05-31 22:14:41] [Bus 4] P=80.0625 MW Q=58.7343 MVar BRK_FB=1 CMD=CLOSE V_DT=1.0100 pu
[2026-05-31 22:14:41] [Bus 5] P=90.1386 MW Q=28.4591 MVar BRK_FB=1 CMD=CLOSE V_DT=1.0083 pu

[2026-05-31 22:14:42] [iter 126] realtime transfer
[2026-05-31 22:14:42] [Bus 1] P=150.3738 MW Q=33.1148 MVar BRK_FB=1 CMD=CLOSE V_DT=1.0200 pu
[2026-05-31 22:14:42] [Bus 2] P=60.4454 MW Q=24.5123 MVar BRK_FB=1 CMD=CLOSE V_DT=1.0094 pu
[2026-05-31 22:14:42] [Bus 3] P=80.2588 MW Q=24.2677 MVar BRK_FB=1 CMD=CLOSE V_DT=1.0068 pu
[2026-05-31 22:14:42] [Bus 4] P=79.8574 MW Q=37.5613 MVar BRK_FB=1 CMD=CLOSE V_DT=1.0100 pu
[2026-05-31 22:14:42] [Bus 5] P=88.5824 MW Q=19.0272 MVar BRK_FB=1 CMD=CLOSE V_DT=1.0080 pu

[2026-05-31 22:14:43] [iter 127] realtime transfer
[2026-05-31 22:14:43] [Bus 1] P=153.3411 MW Q=28.7275 MVar BRK_FB=1 CMD=CLOSE V_DT=1.0200 pu
[2026-05-31 22:14:43] [Bus 2] P=58.8260 MW Q=13.2386 MVar BRK_FB=1 CMD=CLOSE V_DT=1.0107 pu
[2026-05-31 22:14:43] [Bus 3] P=84.1075 MW Q=33.3735 MVar BRK_FB=1 CMD=CLOSE V_DT=1.0079 pu
[2026-05-31 22:14:43] [Bus 4] P=79.9212 MW Q=46.1906 MVar BRK_FB=1 CMD=CLOSE V_DT=1.0100 pu
[2026-05-31 22:14:43] [Bus 5] P=89.4054 MW Q=25.1634 MVar BRK_FB=1 CMD=CLOSE V_DT=1.0083 pu

[2026-05-31 22:14:44] [iter 128] realtime transfer
[2026-05-31 22:14:44] [Bus 1] P=148.2173 MW Q=28.4271 MVar BRK_FB=1 CMD=CLOSE V_DT=1.0200 pu
[2026-05-31 22:14:44] [Bus 2] P=58.8960 MW Q=12.6800 MVar BRK_FB=1 CMD=CLOSE V_DT=1.0110 pu
[2026-05-31 22:14:44] [Bus 3] P=72.3158 MW Q=29.4156 MVar BRK_FB=1 CMD=CLOSE V_DT=1.0076 pu
[2026-05-31 22:14:44] [Bus 4] P=79.5478 MW Q=37.6436 MVar BRK_FB=1 CMD=CLOSE V_DT=1.0100 pu
[2026-05-31 22:14:44] [Bus 5] P=95.2741 MW Q=21.1199 MVar BRK_FB=1 CMD=CLOSE V_DT=1.0081 pu

[2026-05-31 22:14:45] [iter 129] realtime transfer
[2026-05-31 22:14:45] [Bus 1] P=145.5142 MW Q=36.2780 MVar BRK_FB=1 CMD=CLOSE V_DT=1.0200 pu
[2026-05-31 22:14:45] [Bus 2] P=66.8791 MW Q=25.7752 MVar BRK_FB=1 CMD=CLOSE V_DT=1.0114 pu
[2026-05-31 22:14:45] [Bus 3] P=65.7418 MW Q=29.4529 MVar BRK_FB=1 CMD=CLOSE V_DT=1.0083 pu
[2026-05-31 22:14:45] [Bus 4] P=79.5524 MW Q=42.4177 MVar BRK_FB=1 CMD=CLOSE V_DT=1.0100 pu
[2026-05-31 22:14:45] [Bus 5] P=93.0846 MW Q=21.2142 MVar BRK_FB=1 CMD=CLOSE V_DT=1.0081 pu

[2026-05-31 22:14:46] [iter 130] realtime transfer
[2026-05-31 22:14:46] [Bus 1] P=160.8776 MW Q=34.3953 MVar BRK_FB=1 CMD=CLOSE V_DT=1.0200 pu
[2026-05-31 22:14:46] [Bus 2] P=72.1968 MW Q=31.5555 MVar BRK_FB=1 CMD=CLOSE V_DT=1.0105 pu
[2026-05-31 22:14:46] [Bus 3] P=76.1424 MW Q=21.1561 MVar BRK_FB=1 CMD=CLOSE V_DT=1.0078 pu
[2026-05-31 22:14:46] [Bus 4] P=79.9092 MW Q=41.2701 MVar BRK_FB=1 CMD=CLOSE V_DT=1.0100 pu
[2026-05-31 22:14:46] [Bus 5] P=89.2755 MW Q=19.0869 MVar BRK_FB=1 CMD=CLOSE V_DT=1.0082 pu

[2026-05-31 22:14:47] [iter 131] realtime transfer
[2026-05-31 22:14:47] [Bus 1] P=139.5529 MW Q=32.9112 MVar BRK_FB=1 CMD=CLOSE V_DT=1.0200 pu
[2026-05-31 22:14:47] [Bus 2] P=53.8408 MW Q=11.5111 MVar BRK_FB=1 CMD=CLOSE V_DT=1.0101 pu
[2026-05-31 22:14:47] [Bus 3] P=78.2343 MW Q=37.5576 MVar BRK_FB=1 CMD=CLOSE V_DT=1.0077 pu
[2026-05-31 22:14:47] [Bus 4] P=79.9673 MW Q=39.7436 MVar BRK_FB=1 CMD=CLOSE V_DT=1.0100 pu
[2026-05-31 22:14:47] [Bus 5] P=86.8720 MW Q=21.0013 MVar BRK_FB=1 CMD=CLOSE V_DT=1.0083 pu

[2026-05-31 22:14:48] [iter 132] realtime transfer
[2026-05-31 22:14:48] [Bus 1] P=166.5506 MW Q=32.3081 MVar BRK_FB=1 CMD=CLOSE V_DT=1.0200 pu
[2026-05-31 22:14:48] [Bus 2] P=66.1793 MW Q=30.6322 MVar BRK_FB=1 CMD=CLOSE V_DT=1.0112 pu
[2026-05-31 22:14:48] [Bus 3] P=89.8298 MW Q=25.4257 MVar BRK_FB=1 CMD=CLOSE V_DT=1.0077 pu
[2026-05-31 22:14:48] [Bus 4] P=80.6165 MW Q=55.7679 MVar BRK_FB=1 CMD=CLOSE V_DT=1.0100 pu
[2026-05-31 22:14:48] [Bus 5] P=88.9797 MW Q=27.7340 MVar BRK_FB=1 CMD=CLOSE V_DT=1.0082 pu

[2026-05-31 22:14:49] [iter 133] realtime transfer
[2026-05-31 22:14:49] [Bus 1] P=166.0650 MW Q=34.5802 MVar BRK_FB=1 CMD=CLOSE V_DT=1.0200 pu
[2026-05-31 22:14:49] [Bus 2] P=74.6071 MW Q=27.1035 MVar BRK_FB=1 CMD=CLOSE V_DT=1.0098 pu
[2026-05-31 22:14:49] [Bus 3] P=81.8373 MW Q=33.4150 MVar BRK_FB=1 CMD=CLOSE V_DT=1.0071 pu
[2026-05-31 22:14:49] [Bus 4] P=79.9548 MW Q=45.7618 MVar BRK_FB=1 CMD=CLOSE V_DT=1.0100 pu
[2026-05-31 22:14:49] [Bus 5] P=87.9223 MW Q=16.2229 MVar BRK_FB=1 CMD=CLOSE V_DT=1.0080 pu

[2026-05-31 22:14:50] [iter 134] realtime transfer
[2026-05-31 22:14:50] [Bus 1] P=170.8857 MW Q=35.8456 MVar BRK_FB=1 CMD=CLOSE V_DT=1.0200 pu
[2026-05-31 22:14:50] [Bus 2] P=79.5582 MW Q=34.0115 MVar BRK_FB=1 CMD=CLOSE V_DT=1.0096 pu
[2026-05-31 22:14:50] [Bus 3] P=76.7560 MW Q=33.9578 MVar BRK_FB=1 CMD=CLOSE V_DT=1.0067 pu
[2026-05-31 22:14:50] [Bus 4] P=79.8172 MW Q=58.9488 MVar BRK_FB=1 CMD=CLOSE V_DT=1.0100 pu
[2026-05-31 22:14:50] [Bus 5] P=94.2837 MW Q=23.5058 MVar BRK_FB=1 CMD=CLOSE V_DT=1.0084 pu

[2026-05-31 22:14:51] [iter 135] realtime transfer
[2026-05-31 22:14:51] [Bus 1] P=155.5968 MW Q=29.8424 MVar BRK_FB=1 CMD=CLOSE V_DT=1.0200 pu
[2026-05-31 22:14:51] [Bus 2] P=77.2641 MW Q=19.6663 MVar BRK_FB=1 CMD=CLOSE V_DT=1.0091 pu
[2026-05-31 22:14:51] [Bus 3] P=68.5604 MW Q=22.2659 MVar BRK_FB=1 CMD=CLOSE V_DT=1.0064 pu
[2026-05-31 22:14:51] [Bus 4] P=80.3427 MW Q=29.3997 MVar BRK_FB=1 CMD=CLOSE V_DT=1.0100 pu
[2026-05-31 22:14:51] [Bus 5] P=88.7158 MW Q=14.2179 MVar BRK_FB=1 CMD=CLOSE V_DT=1.0081 pu

[2026-05-31 22:14:52] [iter 136] realtime transfer
[2026-05-31 22:14:52] [Bus 1] P=146.2818 MW Q=33.1297 MVar BRK_FB=1 CMD=CLOSE V_DT=1.0200 pu
[2026-05-31 22:14:52] [Bus 2] P=65.4109 MW Q=17.6149 MVar BRK_FB=1 CMD=CLOSE V_DT=1.0109 pu
[2026-05-31 22:14:52] [Bus 3] P=68.4546 MW Q=31.8040 MVar BRK_FB=1 CMD=CLOSE V_DT=1.0083 pu
[2026-05-31 22:14:52] [Bus 4] P=79.8849 MW Q=32.1225 MVar BRK_FB=1 CMD=CLOSE V_DT=1.0100 pu
[2026-05-31 22:14:52] [Bus 5] P=90.4232 MW Q=12.8846 MVar BRK_FB=1 CMD=CLOSE V_DT=1.0084 pu

[2026-05-31 22:14:53] [iter 137] realtime transfer
[2026-05-31 22:14:53] [Bus 1] P=151.9776 MW Q=37.8227 MVar BRK_FB=1 CMD=CLOSE V_DT=1.0200 pu
[2026-05-31 22:14:53] [Bus 2] P=65.0788 MW Q=29.2895 MVar BRK_FB=1 CMD=CLOSE V_DT=1.0109 pu
[2026-05-31 22:14:53] [Bus 3] P=76.0568 MW Q=34.4084 MVar BRK_FB=1 CMD=CLOSE V_DT=1.0079 pu
[2026-05-31 22:14:53] [Bus 4] P=80.0159 MW Q=50.7645 MVar BRK_FB=1 CMD=CLOSE V_DT=1.0100 pu
[2026-05-31 22:14:53] [Bus 5] P=89.8519 MW Q=21.8428 MVar BRK_FB=1 CMD=CLOSE V_DT=1.0085 pu

[2026-05-31 22:14:54] [iter 138] realtime transfer
[2026-05-31 22:14:54] [Bus 1] P=140.9817 MW Q=35.7626 MVar BRK_FB=1 CMD=CLOSE V_DT=1.0200 pu
[2026-05-31 22:14:54] [Bus 2] P=62.9967 MW Q=25.7417 MVar BRK_FB=1 CMD=CLOSE V_DT=1.0098 pu
[2026-05-31 22:14:54] [Bus 3] P=65.2177 MW Q=23.0599 MVar BRK_FB=1 CMD=CLOSE V_DT=1.0069 pu
[2026-05-31 22:14:54] [Bus 4] P=79.8433 MW Q=42.7688 MVar BRK_FB=1 CMD=CLOSE V_DT=1.0100 pu
[2026-05-31 22:14:54] [Bus 5] P=90.2220 MW Q=26.5586 MVar BRK_FB=1 CMD=CLOSE V_DT=1.0082 pu

[2026-05-31 22:14:55] [iter 139] realtime transfer
[2026-05-31 22:14:55] [Bus 1] P=170.3098 MW Q=35.0259 MVar BRK_FB=1 CMD=CLOSE V_DT=1.0200 pu
[2026-05-31 22:14:55] [Bus 2] P=73.5844 MW Q=34.9058 MVar BRK_FB=1 CMD=CLOSE V_DT=1.0109 pu
[2026-05-31 22:14:55] [Bus 3] P=81.8899 MW Q=28.7610 MVar BRK_FB=1 CMD=CLOSE V_DT=1.0084 pu
[2026-05-31 22:14:55] [Bus 4] P=79.7124 MW Q=57.4415 MVar BRK_FB=1 CMD=CLOSE V_DT=1.0100 pu
[2026-05-31 22:14:55] [Bus 5] P=92.9809 MW Q=25.1160 MVar BRK_FB=1 CMD=CLOSE V_DT=1.0080 pu

[2026-05-31 22:14:56] [iter 140] realtime transfer
[2026-05-31 22:14:56] [Bus 1] P=166.2355 MW Q=29.5162 MVar BRK_FB=1 CMD=CLOSE V_DT=1.0200 pu
[2026-05-31 22:14:56] [Bus 2] P=68.2856 MW Q=17.2331 MVar BRK_FB=1 CMD=CLOSE V_DT=1.0093 pu
[2026-05-31 22:14:56] [Bus 3] P=86.3972 MW Q=36.9091 MVar BRK_FB=1 CMD=CLOSE V_DT=1.0067 pu
[2026-05-31 22:14:56] [Bus 4] P=79.7603 MW Q=49.4310 MVar BRK_FB=1 CMD=CLOSE V_DT=1.0100 pu
[2026-05-31 22:14:56] [Bus 5] P=84.6360 MW Q=21.1748 MVar BRK_FB=1 CMD=CLOSE V_DT=1.0080 pu

[2026-05-31 22:14:57] [iter 141] realtime transfer
[2026-05-31 22:14:57] [Bus 1] P=161.6012 MW Q=36.9058 MVar BRK_FB=1 CMD=CLOSE V_DT=1.0200 pu
[2026-05-31 22:14:57] [Bus 2] P=71.4576 MW Q=27.6082 MVar BRK_FB=1 CMD=CLOSE V_DT=1.0093 pu
[2026-05-31 22:14:57] [Bus 3] P=85.4581 MW Q=36.5080 MVar BRK_FB=1 CMD=CLOSE V_DT=1.0067 pu
[2026-05-31 22:14:57] [Bus 4] P=80.4249 MW Q=51.6131 MVar BRK_FB=1 CMD=CLOSE V_DT=1.0100 pu
[2026-05-31 22:14:57] [Bus 5] P=89.6978 MW Q=23.1391 MVar BRK_FB=1 CMD=CLOSE V_DT=1.0080 pu

[2026-05-31 22:14:58] [iter 142] realtime transfer
[2026-05-31 22:14:58] [Bus 1] P=154.5735 MW Q=35.3008 MVar BRK_FB=1 CMD=CLOSE V_DT=1.0200 pu
[2026-05-31 22:14:58] [Bus 2] P=71.4576 MW Q=27.6082 MVar BRK_FB=1 CMD=CLOSE V_DT=1.0095 pu
[2026-05-31 22:14:58] [Bus 3] P=79.4044 MW Q=39.8192 MVar BRK_FB=1 CMD=CLOSE V_DT=1.0069 pu
[2026-05-31 22:14:58] [Bus 4] P=80.4463 MW Q=47.8619 MVar BRK_FB=1 CMD=CLOSE V_DT=1.0100 pu
[2026-05-31 22:14:58] [Bus 5] P=89.6801 MW Q=13.5361 MVar BRK_FB=1 CMD=CLOSE V_DT=1.0083 pu

[2026-05-31 22:14:59] [iter 143] realtime transfer
[2026-05-31 22:14:59] [Bus 1] P=155.9688 MW Q=28.5106 MVar BRK_FB=1 CMD=CLOSE V_DT=1.0200 pu
[2026-05-31 22:14:59] [Bus 2] P=60.1613 MW Q=18.5959 MVar BRK_FB=1 CMD=CLOSE V_DT=1.0095 pu
[2026-05-31 22:14:59] [Bus 3] P=79.6671 MW Q=24.2387 MVar BRK_FB=1 CMD=CLOSE V_DT=1.0064 pu
[2026-05-31 22:14:59] [Bus 4] P=80.2575 MW Q=34.5995 MVar BRK_FB=1 CMD=CLOSE V_DT=1.0100 pu
[2026-05-31 22:14:59] [Bus 5] P=93.2439 MW Q=16.6658 MVar BRK_FB=1 CMD=CLOSE V_DT=1.0081 pu

[2026-05-31 22:15:00] [iter 144] realtime transfer
[2026-05-31 22:15:00] [Bus 1] P=157.9450 MW Q=31.6565 MVar BRK_FB=1 CMD=CLOSE V_DT=1.0200 pu
[2026-05-31 22:15:00] [Bus 2] P=61.8526 MW Q=25.3504 MVar BRK_FB=1 CMD=CLOSE V_DT=1.0094 pu
[2026-05-31 22:15:00] [Bus 3] P=81.6823 MW Q=27.3373 MVar BRK_FB=1 CMD=CLOSE V_DT=1.0063 pu
[2026-05-31 22:15:00] [Bus 4] P=80.4976 MW Q=54.8277 MVar BRK_FB=1 CMD=CLOSE V_DT=1.0100 pu
[2026-05-31 22:15:00] [Bus 5] P=93.6913 MW Q=30.3268 MVar BRK_FB=1 CMD=CLOSE V_DT=1.0085 pu

[2026-05-31 22:15:01] [iter 145] realtime transfer
[2026-05-31 22:15:01] [Bus 1] P=154.2706 MW Q=26.6545 MVar BRK_FB=1 CMD=CLOSE V_DT=1.0200 pu
[2026-05-31 22:15:01] [Bus 2] P=51.7243 MW Q=16.9090 MVar BRK_FB=1 CMD=CLOSE V_DT=1.0111 pu
[2026-05-31 22:15:01] [Bus 3] P=87.3202 MW Q=21.9608 MVar BRK_FB=1 CMD=CLOSE V_DT=1.0082 pu
[2026-05-31 22:15:01] [Bus 4] P=80.7307 MW Q=40.3715 MVar BRK_FB=1 CMD=CLOSE V_DT=1.0100 pu
[2026-05-31 22:15:01] [Bus 5] P=92.5197 MW Q=24.2205 MVar BRK_FB=1 CMD=CLOSE V_DT=1.0083 pu

[2026-05-31 22:15:02] [iter 146] realtime transfer
[2026-05-31 22:15:02] [Bus 1] P=152.1968 MW Q=31.5363 MVar BRK_FB=1 CMD=CLOSE V_DT=1.0200 pu
[2026-05-31 22:15:02] [Bus 2] P=52.8452 MW Q=17.2378 MVar BRK_FB=1 CMD=CLOSE V_DT=1.0104 pu
[2026-05-31 22:15:02] [Bus 3] P=85.9807 MW Q=36.6535 MVar BRK_FB=1 CMD=CLOSE V_DT=1.0075 pu
[2026-05-31 22:15:02] [Bus 4] P=79.8658 MW Q=41.0269 MVar BRK_FB=1 CMD=CLOSE V_DT=1.0100 pu
[2026-05-31 22:15:02] [Bus 5] P=91.8116 MW Q=15.4698 MVar BRK_FB=1 CMD=CLOSE V_DT=1.0078 pu

[2026-05-31 22:15:03] [iter 147] realtime transfer
[2026-05-31 22:15:03] [Bus 1] P=127.4842 MW Q=35.1642 MVar BRK_FB=1 CMD=CLOSE V_DT=1.0200 pu
[2026-05-31 22:15:03] [Bus 2] P=51.3299 MW Q=14.2207 MVar BRK_FB=1 CMD=CLOSE V_DT=1.0114 pu
[2026-05-31 22:15:03] [Bus 3] P=69.0455 MW Q=30.7096 MVar BRK_FB=1 CMD=CLOSE V_DT=1.0084 pu
[2026-05-31 22:15:03] [Bus 4] P=80.1147 MW Q=33.2286 MVar BRK_FB=1 CMD=CLOSE V_DT=1.0100 pu
[2026-05-31 22:15:03] [Bus 5] P=86.5599 MW Q=21.2358 MVar BRK_FB=1 CMD=CLOSE V_DT=1.0081 pu

[2026-05-31 22:15:04] [iter 148] realtime transfer
[2026-05-31 22:15:04] [Bus 1] P=146.5828 MW Q=33.6142 MVar BRK_FB=1 CMD=CLOSE V_DT=1.0200 pu
[2026-05-31 22:15:04] [Bus 2] P=66.6303 MW Q=18.5400 MVar BRK_FB=1 CMD=CLOSE V_DT=1.0107 pu
[2026-05-31 22:15:04] [Bus 3] P=65.1992 MW Q=33.9246 MVar BRK_FB=1 CMD=CLOSE V_DT=1.0072 pu
[2026-05-31 22:15:04] [Bus 4] P=80.5550 MW Q=43.5228 MVar BRK_FB=1 CMD=CLOSE V_DT=1.0100 pu
[2026-05-31 22:15:04] [Bus 5] P=93.8023 MW Q=21.4664 MVar BRK_FB=1 CMD=CLOSE V_DT=1.0084 pu

[2026-05-31 22:15:05] [iter 149] realtime transfer
[2026-05-31 22:15:05] [Bus 1] P=130.8226 MW Q=33.6361 MVar BRK_FB=1 CMD=CLOSE V_DT=1.0200 pu
[2026-05-31 22:15:05] [Bus 2] P=57.1570 MW Q=13.5582 MVar BRK_FB=1 CMD=CLOSE V_DT=1.0116 pu
[2026-05-31 22:15:05] [Bus 3] P=64.8032 MW Q=27.3122 MVar BRK_FB=1 CMD=CLOSE V_DT=1.0084 pu
[2026-05-31 22:15:05] [Bus 4] P=79.6703 MW Q=34.9166 MVar BRK_FB=1 CMD=CLOSE V_DT=1.0100 pu
[2026-05-31 22:15:05] [Bus 5] P=87.7159 MW Q=25.5157 MVar BRK_FB=1 CMD=CLOSE V_DT=1.0082 pu

[2026-05-31 22:15:06] [iter 150] realtime transfer
[2026-05-31 22:15:06] [Bus 1] P=145.5617 MW Q=30.6075 MVar BRK_FB=1 CMD=CLOSE V_DT=1.0200 pu
[2026-05-31 22:15:06] [Bus 2] P=50.3541 MW Q=13.8076 MVar BRK_FB=1 CMD=CLOSE V_DT=1.0108 pu
[2026-05-31 22:15:06] [Bus 3] P=87.0966 MW Q=31.3221 MVar BRK_FB=1 CMD=CLOSE V_DT=1.0078 pu
[2026-05-31 22:15:06] [Bus 4] P=80.7047 MW Q=40.4486 MVar BRK_FB=1 CMD=CLOSE V_DT=1.0100 pu
[2026-05-31 22:15:06] [Bus 5] P=85.8365 MW Q=22.3621 MVar BRK_FB=1 CMD=CLOSE V_DT=1.0081 pu

[2026-05-31 22:15:07] [iter 151] realtime transfer
[2026-05-31 22:15:07] [Bus 1] P=147.1449 MW Q=34.3619 MVar BRK_FB=1 CMD=CLOSE V_DT=1.0200 pu
[2026-05-31 22:15:07] [Bus 2] P=59.9331 MW Q=20.3300 MVar BRK_FB=1 CMD=CLOSE V_DT=1.0117 pu
[2026-05-31 22:15:07] [Bus 3] P=79.6460 MW Q=34.3598 MVar BRK_FB=1 CMD=CLOSE V_DT=1.0088 pu
[2026-05-31 22:15:07] [Bus 4] P=79.5145 MW Q=38.6682 MVar BRK_FB=1 CMD=CLOSE V_DT=1.0100 pu
[2026-05-31 22:15:07] [Bus 5] P=87.1588 MW Q=15.8822 MVar BRK_FB=1 CMD=CLOSE V_DT=1.0081 pu

[2026-05-31 22:15:08] [iter 152] realtime transfer
[2026-05-31 22:15:08] [Bus 1] P=141.8611 MW Q=36.5956 MVar BRK_FB=1 CMD=CLOSE V_DT=1.0200 pu
[2026-05-31 22:15:08] [Bus 2] P=56.1363 MW Q=22.0450 MVar BRK_FB=1 CMD=CLOSE V_DT=1.0112 pu
[2026-05-31 22:15:08] [Bus 3] P=74.3568 MW Q=35.7384 MVar BRK_FB=1 CMD=CLOSE V_DT=1.0078 pu
[2026-05-31 22:15:08] [Bus 4] P=79.8700 MW Q=45.3714 MVar BRK_FB=1 CMD=CLOSE V_DT=1.0100 pu
[2026-05-31 22:15:08] [Bus 5] P=90.3656 MW Q=21.4356 MVar BRK_FB=1 CMD=CLOSE V_DT=1.0082 pu

[2026-05-31 22:15:09] [iter 153] realtime transfer
[2026-05-31 22:15:09] [Bus 1] P=177.3271 MW Q=34.1076 MVar BRK_FB=1 CMD=CLOSE V_DT=1.0200 pu
[2026-05-31 22:15:09] [Bus 2] P=80.2252 MW Q=33.2990 MVar BRK_FB=1 CMD=CLOSE V_DT=1.0105 pu
[2026-05-31 22:15:09] [Bus 3] P=89.0442 MW Q=32.5545 MVar BRK_FB=1 CMD=CLOSE V_DT=1.0073 pu
[2026-05-31 22:15:09] [Bus 4] P=79.3755 MW Q=55.9613 MVar BRK_FB=1 CMD=CLOSE V_DT=1.0100 pu
[2026-05-31 22:15:09] [Bus 5] P=87.6713 MW Q=20.9565 MVar BRK_FB=1 CMD=CLOSE V_DT=1.0084 pu

[2026-05-31 22:15:10] [iter 154] realtime transfer
[2026-05-31 22:15:10] [Bus 1] P=143.2322 MW Q=33.3152 MVar BRK_FB=1 CMD=CLOSE V_DT=1.0200 pu
[2026-05-31 22:15:10] [Bus 2] P=70.0613 MW Q=20.5429 MVar BRK_FB=1 CMD=CLOSE V_DT=1.0106 pu
[2026-05-31 22:15:10] [Bus 3] P=61.7561 MW Q=23.5038 MVar BRK_FB=1 CMD=CLOSE V_DT=1.0074 pu
[2026-05-31 22:15:10] [Bus 4] P=79.1882 MW Q=28.3722 MVar BRK_FB=1 CMD=CLOSE V_DT=1.0100 pu
[2026-05-31 22:15:10] [Bus 5] P=90.1823 MW Q=15.1394 MVar BRK_FB=1 CMD=CLOSE V_DT=1.0082 pu

[2026-05-31 22:15:11] [iter 155] realtime transfer
[2026-05-31 22:15:11] [Bus 1] P=148.7956 MW Q=31.7377 MVar BRK_FB=1 CMD=CLOSE V_DT=1.0200 pu
[2026-05-31 22:15:11] [Bus 2] P=58.5410 MW Q=16.1712 MVar BRK_FB=1 CMD=CLOSE V_DT=1.0089 pu
[2026-05-31 22:15:11] [Bus 3] P=77.7758 MW Q=35.0496 MVar BRK_FB=1 CMD=CLOSE V_DT=1.0062 pu
[2026-05-31 22:15:11] [Bus 4] P=80.1009 MW Q=43.5819 MVar BRK_FB=1 CMD=CLOSE V_DT=1.0100 pu
[2026-05-31 22:15:11] [Bus 5] P=91.3192 MW Q=20.8982 MVar BRK_FB=1 CMD=CLOSE V_DT=1.0082 pu

[2026-05-31 22:15:12] [iter 156] realtime transfer
[2026-05-31 22:15:12] [Bus 1] P=161.7471 MW Q=28.4316 MVar BRK_FB=1 CMD=CLOSE V_DT=1.0200 pu
[2026-05-31 22:15:12] [Bus 2] P=70.6349 MW Q=21.2243 MVar BRK_FB=1 CMD=CLOSE V_DT=1.0111 pu
[2026-05-31 22:15:12] [Bus 3] P=79.6170 MW Q=24.5801 MVar BRK_FB=1 CMD=CLOSE V_DT=1.0086 pu
[2026-05-31 22:15:12] [Bus 4] P=79.8862 MW Q=35.9070 MVar BRK_FB=1 CMD=CLOSE V_DT=1.0100 pu
[2026-05-31 22:15:12] [Bus 5] P=91.0730 MW Q=15.3453 MVar BRK_FB=1 CMD=CLOSE V_DT=1.0084 pu

[2026-05-31 22:15:13] [iter 157] realtime transfer
[2026-05-31 22:15:13] [Bus 1] P=155.8234 MW Q=34.9181 MVar BRK_FB=1 CMD=CLOSE V_DT=1.0200 pu
[2026-05-31 22:15:13] [Bus 2] P=68.7197 MW Q=28.2917 MVar BRK_FB=1 CMD=CLOSE V_DT=1.0108 pu
[2026-05-31 22:15:13] [Bus 3] P=72.5586 MW Q=28.1722 MVar BRK_FB=1 CMD=CLOSE V_DT=1.0076 pu
[2026-05-31 22:15:13] [Bus 4] P=80.0161 MW Q=54.3957 MVar BRK_FB=1 CMD=CLOSE V_DT=1.0100 pu
[2026-05-31 22:15:13] [Bus 5] P=92.5141 MW Q=29.2091 MVar BRK_FB=1 CMD=CLOSE V_DT=1.0082 pu

[2026-05-31 22:15:14] [iter 158] realtime transfer
[2026-05-31 22:15:14] [Bus 1] P=134.6612 MW Q=35.2526 MVar BRK_FB=1 CMD=CLOSE V_DT=1.0200 pu
[2026-05-31 22:15:14] [Bus 2] P=59.1847 MW Q=17.3080 MVar BRK_FB=1 CMD=CLOSE V_DT=1.0106 pu
[2026-05-31 22:15:14] [Bus 3] P=65.1691 MW Q=33.0436 MVar BRK_FB=1 CMD=CLOSE V_DT=1.0078 pu
[2026-05-31 22:15:14] [Bus 4] P=80.2229 MW Q=31.0969 MVar BRK_FB=1 CMD=CLOSE V_DT=1.0100 pu
[2026-05-31 22:15:14] [Bus 5] P=90.4516 MW Q=13.5904 MVar BRK_FB=1 CMD=CLOSE V_DT=1.0084 pu

[2026-05-31 22:15:15] [iter 159] realtime transfer
[2026-05-31 22:15:15] [Bus 1] P=165.8685 MW Q=29.3530 MVar BRK_FB=1 CMD=CLOSE V_DT=1.0200 pu
[2026-05-31 22:15:15] [Bus 2] P=65.3408 MW Q=15.4695 MVar BRK_FB=1 CMD=CLOSE V_DT=1.0102 pu
[2026-05-31 22:15:15] [Bus 3] P=84.9255 MW Q=40.3827 MVar BRK_FB=1 CMD=CLOSE V_DT=1.0075 pu
[2026-05-31 22:15:15] [Bus 4] P=79.4530 MW Q=53.6202 MVar BRK_FB=1 CMD=CLOSE V_DT=1.0100 pu
[2026-05-31 22:15:15] [Bus 5] P=92.7133 MW Q=23.5185 MVar BRK_FB=1 CMD=CLOSE V_DT=1.0079 pu

[2026-05-31 22:15:16] [iter 160] realtime transfer
[2026-05-31 22:15:16] [Bus 1] P=160.0343 MW Q=32.8298 MVar BRK_FB=1 CMD=CLOSE V_DT=1.0200 pu
[2026-05-31 22:15:16] [Bus 2] P=73.7486 MW Q=21.5956 MVar BRK_FB=1 CMD=CLOSE V_DT=1.0111 pu
[2026-05-31 22:15:16] [Bus 3] P=70.0659 MW Q=35.8182 MVar BRK_FB=1 CMD=CLOSE V_DT=1.0081 pu
[2026-05-31 22:15:16] [Bus 4] P=80.0594 MW Q=57.3586 MVar BRK_FB=1 CMD=CLOSE V_DT=1.0100 pu
[2026-05-31 22:15:16] [Bus 5] P=94.1533 MW Q=29.0329 MVar BRK_FB=1 CMD=CLOSE V_DT=1.0084 pu

[2026-05-31 22:15:17] [iter 161] realtime transfer
[2026-05-31 22:15:17] [Bus 1] P=176.4326 MW Q=23.5622 MVar BRK_FB=1 CMD=CLOSE V_DT=1.0200 pu
[2026-05-31 22:15:17] [Bus 2] P=78.7314 MW Q=20.1415 MVar BRK_FB=1 CMD=CLOSE V_DT=1.0103 pu
[2026-05-31 22:15:17] [Bus 3] P=81.3926 MW Q=21.0314 MVar BRK_FB=1 CMD=CLOSE V_DT=1.0068 pu
[2026-05-31 22:15:17] [Bus 4] P=80.0888 MW Q=39.7815 MVar BRK_FB=1 CMD=CLOSE V_DT=1.0100 pu
[2026-05-31 22:15:17] [Bus 5] P=94.7371 MW Q=18.1177 MVar BRK_FB=1 CMD=CLOSE V_DT=1.0081 pu

[2026-05-31 22:15:18] [iter 162] realtime transfer
[2026-05-31 22:15:18] [Bus 1] P=130.7682 MW Q=33.5661 MVar BRK_FB=1 CMD=CLOSE V_DT=1.0200 pu
[2026-05-31 22:15:18] [Bus 2] P=61.2464 MW Q=17.0665 MVar BRK_FB=1 CMD=CLOSE V_DT=1.0102 pu
[2026-05-31 22:15:18] [Bus 3] P=60.5273 MW Q=24.2443 MVar BRK_FB=1 CMD=CLOSE V_DT=1.0072 pu
[2026-05-31 22:15:18] [Bus 4] P=79.7473 MW Q=29.2607 MVar BRK_FB=1 CMD=CLOSE V_DT=1.0100 pu
[2026-05-31 22:15:18] [Bus 5] P=89.5554 MW Q=19.5902 MVar BRK_FB=1 CMD=CLOSE V_DT=1.0079 pu

[2026-05-31 22:15:19] [iter 163] realtime transfer
[2026-05-31 22:15:19] [Bus 1] P=162.6449 MW Q=30.3789 MVar BRK_FB=1 CMD=CLOSE V_DT=1.0200 pu
[2026-05-31 22:15:19] [Bus 2] P=69.4347 MW Q=23.6012 MVar BRK_FB=1 CMD=CLOSE V_DT=1.0106 pu
[2026-05-31 22:15:19] [Bus 3] P=84.8842 MW Q=23.2070 MVar BRK_FB=1 CMD=CLOSE V_DT=1.0079 pu
[2026-05-31 22:15:19] [Bus 4] P=79.8959 MW Q=45.3647 MVar BRK_FB=1 CMD=CLOSE V_DT=1.0100 pu
[2026-05-31 22:15:19] [Bus 5] P=85.7654 MW Q=25.2137 MVar BRK_FB=1 CMD=CLOSE V_DT=1.0082 pu

[2026-05-31 22:15:20] [iter 164] realtime transfer
[2026-05-31 22:15:20] [Bus 1] P=135.9012 MW Q=29.2587 MVar BRK_FB=1 CMD=CLOSE V_DT=1.0200 pu
[2026-05-31 22:15:20] [Bus 2] P=50.9779 MW Q=12.6195 MVar BRK_FB=1 CMD=CLOSE V_DT=1.0116 pu
[2026-05-31 22:15:20] [Bus 3] P=77.7453 MW Q=21.9435 MVar BRK_FB=1 CMD=CLOSE V_DT=1.0089 pu
[2026-05-31 22:15:20] [Bus 4] P=80.6786 MW Q=35.7409 MVar BRK_FB=1 CMD=CLOSE V_DT=1.0100 pu
[2026-05-31 22:15:20] [Bus 5] P=87.2612 MW Q=27.8996 MVar BRK_FB=1 CMD=CLOSE V_DT=1.0083 pu

[2026-05-31 22:15:21] [iter 165] realtime transfer
[2026-05-31 22:15:21] [Bus 1] P=151.0332 MW Q=32.3661 MVar BRK_FB=1 CMD=CLOSE V_DT=1.0200 pu
[2026-05-31 22:15:21] [Bus 2] P=74.4793 MW Q=17.7353 MVar BRK_FB=1 CMD=CLOSE V_DT=1.0104 pu
[2026-05-31 22:15:21] [Bus 3] P=69.4727 MW Q=30.2821 MVar BRK_FB=1 CMD=CLOSE V_DT=1.0077 pu
[2026-05-31 22:15:21] [Bus 4] P=79.3245 MW Q=31.6992 MVar BRK_FB=1 CMD=CLOSE V_DT=1.0100 pu
[2026-05-31 22:15:21] [Bus 5] P=86.2334 MW Q=13.5379 MVar BRK_FB=1 CMD=CLOSE V_DT=1.0081 pu

[2026-05-31 22:15:22] [iter 166] realtime transfer
[2026-05-31 22:15:22] [Bus 1] P=128.5204 MW Q=35.1369 MVar BRK_FB=1 CMD=CLOSE V_DT=1.0200 pu
[2026-05-31 22:15:22] [Bus 2] P=58.8503 MW Q=21.4767 MVar BRK_FB=1 CMD=CLOSE V_DT=1.0119 pu
[2026-05-31 22:15:22] [Bus 3] P=63.5834 MW Q=18.5698 MVar BRK_FB=1 CMD=CLOSE V_DT=1.0089 pu
[2026-05-31 22:15:22] [Bus 4] P=79.8798 MW Q=29.2303 MVar BRK_FB=1 CMD=CLOSE V_DT=1.0100 pu
[2026-05-31 22:15:22] [Bus 5] P=86.7241 MW Q=22.4460 MVar BRK_FB=1 CMD=CLOSE V_DT=1.0080 pu

[2026-05-31 22:15:23] [iter 167] realtime transfer
[2026-05-31 22:15:23] [Bus 1] P=172.4127 MW Q=29.7891 MVar BRK_FB=1 CMD=CLOSE V_DT=1.0200 pu
[2026-05-31 22:15:23] [Bus 2] P=70.3734 MW Q=20.6616 MVar BRK_FB=1 CMD=CLOSE V_DT=1.0107 pu
[2026-05-31 22:15:23] [Bus 3] P=89.0678 MW Q=38.5576 MVar BRK_FB=1 CMD=CLOSE V_DT=1.0078 pu
[2026-05-31 22:15:23] [Bus 4] P=79.8523 MW Q=61.0756 MVar BRK_FB=1 CMD=CLOSE V_DT=1.0100 pu
[2026-05-31 22:15:23] [Bus 5] P=92.4424 MW Q=28.2987 MVar BRK_FB=1 CMD=CLOSE V_DT=1.0085 pu

[2026-05-31 22:15:24] [iter 168] realtime transfer
[2026-05-31 22:15:24] [Bus 1] P=152.3769 MW Q=36.3540 MVar BRK_FB=1 CMD=CLOSE V_DT=1.0200 pu
[2026-05-31 22:15:24] [Bus 2] P=62.9765 MW Q=29.0769 MVar BRK_FB=1 CMD=CLOSE V_DT=1.0116 pu
[2026-05-31 22:15:24] [Bus 3] P=74.7674 MW Q=32.5900 MVar BRK_FB=1 CMD=CLOSE V_DT=1.0091 pu
[2026-05-31 22:15:24] [Bus 4] P=79.5873 MW Q=58.4479 MVar BRK_FB=1 CMD=CLOSE V_DT=1.0100 pu
[2026-05-31 22:15:24] [Bus 5] P=94.5009 MW Q=30.6228 MVar BRK_FB=1 CMD=CLOSE V_DT=1.0082 pu

[2026-05-31 22:15:25] [iter 169] realtime transfer
[2026-05-31 22:15:25] [Bus 1] P=157.3994 MW Q=31.7962 MVar BRK_FB=1 CMD=CLOSE V_DT=1.0200 pu
[2026-05-31 22:15:25] [Bus 2] P=60.8637 MW Q=22.9875 MVar BRK_FB=1 CMD=CLOSE V_DT=1.0098 pu
[2026-05-31 22:15:25] [Bus 3] P=89.4203 MW Q=27.1053 MVar BRK_FB=1 CMD=CLOSE V_DT=1.0065 pu
[2026-05-31 22:15:25] [Bus 4] P=79.3740 MW Q=39.7374 MVar BRK_FB=1 CMD=CLOSE V_DT=1.0100 pu
[2026-05-31 22:15:25] [Bus 5] P=86.0349 MW Q=18.6082 MVar BRK_FB=1 CMD=CLOSE V_DT=1.0079 pu

[2026-05-31 22:15:26] [iter 170] realtime transfer
[2026-05-31 22:15:26] [Bus 1] P=145.7731 MW Q=31.8879 MVar BRK_FB=1 CMD=CLOSE V_DT=1.0200 pu
[2026-05-31 22:15:26] [Bus 2] P=65.9838 MW Q=14.0079 MVar BRK_FB=1 CMD=CLOSE V_DT=1.0100 pu
[2026-05-31 22:15:26] [Bus 3] P=70.5569 MW Q=30.9435 MVar BRK_FB=1 CMD=CLOSE V_DT=1.0072 pu
[2026-05-31 22:15:26] [Bus 4] P=79.9489 MW Q=43.1518 MVar BRK_FB=1 CMD=CLOSE V_DT=1.0100 pu
[2026-05-31 22:15:26] [Bus 5] P=86.0432 MW Q=26.7553 MVar BRK_FB=1 CMD=CLOSE V_DT=1.0078 pu

[2026-05-31 22:15:27] [iter 171] realtime transfer
[2026-05-31 22:15:27] [Bus 1] P=167.5762 MW Q=32.8705 MVar BRK_FB=1 CMD=CLOSE V_DT=1.0200 pu
[2026-05-31 22:15:27] [Bus 2] P=75.5839 MW Q=28.3266 MVar BRK_FB=1 CMD=CLOSE V_DT=1.0105 pu
[2026-05-31 22:15:27] [Bus 3] P=79.7702 MW Q=29.5311 MVar BRK_FB=1 CMD=CLOSE V_DT=1.0074 pu
[2026-05-31 22:15:27] [Bus 4] P=79.7052 MW Q=57.9956 MVar BRK_FB=1 CMD=CLOSE V_DT=1.0100 pu
[2026-05-31 22:15:27] [Bus 5] P=91.5930 MW Q=29.8116 MVar BRK_FB=1 CMD=CLOSE V_DT=1.0083 pu

[2026-05-31 22:15:28] [iter 172] realtime transfer
[2026-05-31 22:15:28] [Bus 1] P=143.9441 MW Q=39.7626 MVar BRK_FB=1 CMD=CLOSE V_DT=1.0200 pu
[2026-05-31 22:15:28] [Bus 2] P=73.2650 MW Q=31.3211 MVar BRK_FB=1 CMD=CLOSE V_DT=1.0100 pu
[2026-05-31 22:15:28] [Bus 3] P=63.5740 MW Q=24.9658 MVar BRK_FB=1 CMD=CLOSE V_DT=1.0072 pu
[2026-05-31 22:15:28] [Bus 4] P=79.2241 MW Q=36.2339 MVar BRK_FB=1 CMD=CLOSE V_DT=1.0100 pu
[2026-05-31 22:15:28] [Bus 5] P=85.6615 MW Q=17.1235 MVar BRK_FB=1 CMD=CLOSE V_DT=1.0079 pu

[2026-05-31 22:15:29] [iter 173] realtime transfer
[2026-05-31 22:15:29] [Bus 1] P=148.9870 MW Q=37.3397 MVar BRK_FB=1 CMD=CLOSE V_DT=1.0200 pu
[2026-05-31 22:15:29] [Bus 2] P=56.6709 MW Q=24.6006 MVar BRK_FB=1 CMD=CLOSE V_DT=1.0101 pu
[2026-05-31 22:15:29] [Bus 3] P=86.0611 MW Q=39.3108 MVar BRK_FB=1 CMD=CLOSE V_DT=1.0078 pu
[2026-05-31 22:15:29] [Bus 4] P=79.4431 MW Q=43.5468 MVar BRK_FB=1 CMD=CLOSE V_DT=1.0100 pu
[2026-05-31 22:15:29] [Bus 5] P=86.3789 MW Q=14.6078 MVar BRK_FB=1 CMD=CLOSE V_DT=1.0084 pu

[2026-05-31 22:15:30] [iter 174] realtime transfer
[2026-05-31 22:15:30] [Bus 1] P=123.1945 MW Q=36.2173 MVar BRK_FB=1 CMD=CLOSE V_DT=1.0200 pu
[2026-05-31 22:15:30] [Bus 2] P=49.8009 MW Q=12.7617 MVar BRK_FB=1 CMD=CLOSE V_DT=1.0100 pu
[2026-05-31 22:15:30] [Bus 3] P=64.8712 MW Q=32.9286 MVar BRK_FB=1 CMD=CLOSE V_DT=1.0066 pu
[2026-05-31 22:15:30] [Bus 4] P=79.8039 MW Q=38.0612 MVar BRK_FB=1 CMD=CLOSE V_DT=1.0100 pu
[2026-05-31 22:15:30] [Bus 5] P=89.3470 MW Q=15.1097 MVar BRK_FB=1 CMD=CLOSE V_DT=1.0085 pu

[2026-05-31 22:15:31] [iter 175] realtime transfer
[2026-05-31 22:15:31] [Bus 1] P=138.7646 MW Q=40.0952 MVar BRK_FB=1 CMD=CLOSE V_DT=1.0200 pu
[2026-05-31 22:15:31] [Bus 2] P=69.6343 MW Q=33.3102 MVar BRK_FB=1 CMD=CLOSE V_DT=1.0117 pu
[2026-05-31 22:15:31] [Bus 3] P=60.5931 MW Q=19.6785 MVar BRK_FB=1 CMD=CLOSE V_DT=1.0085 pu
[2026-05-31 22:15:31] [Bus 4] P=80.4395 MW Q=40.2933 MVar BRK_FB=1 CMD=CLOSE V_DT=1.0100 pu
[2026-05-31 22:15:31] [Bus 5] P=87.3954 MW Q=24.4581 MVar BRK_FB=1 CMD=CLOSE V_DT=1.0084 pu

[2026-05-31 22:15:32] [iter 176] realtime transfer
[2026-05-31 22:15:32] [Bus 1] P=150.9822 MW Q=35.3978 MVar BRK_FB=1 CMD=CLOSE V_DT=1.0200 pu
[2026-05-31 22:15:32] [Bus 2] P=55.3100 MW Q=26.1263 MVar BRK_FB=1 CMD=CLOSE V_DT=1.0105 pu
[2026-05-31 22:15:32] [Bus 3] P=82.4321 MW Q=33.2750 MVar BRK_FB=1 CMD=CLOSE V_DT=1.0083 pu
[2026-05-31 22:15:32] [Bus 4] P=80.4495 MW Q=50.8922 MVar BRK_FB=1 CMD=CLOSE V_DT=1.0100 pu
[2026-05-31 22:15:32] [Bus 5] P=92.2989 MW Q=23.5330 MVar BRK_FB=1 CMD=CLOSE V_DT=1.0081 pu

[2026-05-31 22:15:33] [iter 177] realtime transfer
[2026-05-31 22:15:33] [Bus 1] P=151.7427 MW Q=34.0765 MVar BRK_FB=1 CMD=CLOSE V_DT=1.0200 pu
[2026-05-31 22:15:33] [Bus 2] P=73.2898 MW Q=26.3323 MVar BRK_FB=1 CMD=CLOSE V_DT=1.0105 pu
[2026-05-31 22:15:33] [Bus 3] P=63.9289 MW Q=26.2014 MVar BRK_FB=1 CMD=CLOSE V_DT=1.0083 pu
[2026-05-31 22:15:33] [Bus 4] P=79.9432 MW Q=51.6173 MVar BRK_FB=1 CMD=CLOSE V_DT=1.0100 pu
[2026-05-31 22:15:33] [Bus 5] P=94.1251 MW Q=30.3659 MVar BRK_FB=1 CMD=CLOSE V_DT=1.0081 pu

[2026-05-31 22:15:34] [iter 178] realtime transfer
[2026-05-31 22:15:34] [Bus 1] P=164.9491 MW Q=28.6985 MVar BRK_FB=1 CMD=CLOSE V_DT=1.0200 pu
[2026-05-31 22:15:34] [Bus 2] P=73.6554 MW Q=18.6522 MVar BRK_FB=1 CMD=CLOSE V_DT=1.0103 pu
[2026-05-31 22:15:34] [Bus 3] P=75.2510 MW Q=31.7839 MVar BRK_FB=1 CMD=CLOSE V_DT=1.0071 pu
[2026-05-31 22:15:34] [Bus 4] P=79.9842 MW Q=55.6630 MVar BRK_FB=1 CMD=CLOSE V_DT=1.0100 pu
[2026-05-31 22:15:34] [Bus 5] P=94.8474 MW Q=30.3594 MVar BRK_FB=1 CMD=CLOSE V_DT=1.0081 pu

[2026-05-31 22:15:35] [iter 179] realtime transfer
[2026-05-31 22:15:35] [Bus 1] P=160.5304 MW Q=33.0147 MVar BRK_FB=1 CMD=CLOSE V_DT=1.0200 pu
[2026-05-31 22:15:35] [Bus 2] P=63.7658 MW Q=24.7785 MVar BRK_FB=1 CMD=CLOSE V_DT=1.0104 pu
[2026-05-31 22:15:35] [Bus 3] P=80.1367 MW Q=33.1396 MVar BRK_FB=1 CMD=CLOSE V_DT=1.0075 pu
[2026-05-31 22:15:35] [Bus 4] P=79.9481 MW Q=58.6920 MVar BRK_FB=1 CMD=CLOSE V_DT=1.0100 pu
[2026-05-31 22:15:35] [Bus 5] P=93.6909 MW Q=29.8195 MVar BRK_FB=1 CMD=CLOSE V_DT=1.0078 pu

[2026-05-31 22:15:36] [iter 180] realtime transfer
[2026-05-31 22:15:36] [Bus 1] P=127.7916 MW Q=36.4232 MVar BRK_FB=1 CMD=CLOSE V_DT=1.0200 pu
[2026-05-31 22:15:36] [Bus 2] P=52.6987 MW Q=17.5632 MVar BRK_FB=1 CMD=CLOSE V_DT=1.0101 pu
[2026-05-31 22:15:36] [Bus 3] P=61.1859 MW Q=28.7967 MVar BRK_FB=1 CMD=CLOSE V_DT=1.0071 pu
[2026-05-31 22:15:36] [Bus 4] P=79.6084 MW Q=34.8186 MVar BRK_FB=1 CMD=CLOSE V_DT=1.0100 pu
[2026-05-31 22:15:36] [Bus 5] P=91.1941 MW Q=22.0872 MVar BRK_FB=1 CMD=CLOSE V_DT=1.0079 pu

[2026-05-31 22:15:37] [iter 181] realtime transfer
[2026-05-31 22:15:37] [Bus 1] P=149.0542 MW Q=29.6370 MVar BRK_FB=1 CMD=CLOSE V_DT=1.0200 pu
[2026-05-31 22:15:37] [Bus 2] P=59.8216 MW Q=12.2719 MVar BRK_FB=1 CMD=CLOSE V_DT=1.0116 pu
[2026-05-31 22:15:37] [Bus 3] P=76.0645 MW Q=32.2196 MVar BRK_FB=1 CMD=CLOSE V_DT=1.0087 pu
[2026-05-31 22:15:37] [Bus 4] P=80.0886 MW Q=46.6712 MVar BRK_FB=1 CMD=CLOSE V_DT=1.0100 pu
[2026-05-31 22:15:37] [Bus 5] P=91.0105 MW Q=28.6012 MVar BRK_FB=1 CMD=CLOSE V_DT=1.0082 pu

[2026-05-31 22:15:38] [iter 182] realtime transfer
[2026-05-31 22:15:38] [Bus 1] P=163.9470 MW Q=27.2156 MVar BRK_FB=1 CMD=CLOSE V_DT=1.0200 pu
[2026-05-31 22:15:38] [Bus 2] P=69.9968 MW Q=18.0868 MVar BRK_FB=1 CMD=CLOSE V_DT=1.0112 pu
[2026-05-31 22:15:38] [Bus 3] P=79.6499 MW Q=26.4051 MVar BRK_FB=1 CMD=CLOSE V_DT=1.0080 pu
[2026-05-31 22:15:38] [Bus 4] P=79.4136 MW Q=47.9823 MVar BRK_FB=1 CMD=CLOSE V_DT=1.0100 pu
[2026-05-31 22:15:38] [Bus 5] P=91.8428 MW Q=27.2823 MVar BRK_FB=1 CMD=CLOSE V_DT=1.0079 pu

[2026-05-31 22:15:39] [iter 183] realtime transfer
[2026-05-31 22:15:39] [Bus 1] P=143.0813 MW Q=37.6978 MVar BRK_FB=1 CMD=CLOSE V_DT=1.0200 pu
[2026-05-31 22:15:39] [Bus 2] P=63.8456 MW Q=27.5243 MVar BRK_FB=1 CMD=CLOSE V_DT=1.0107 pu
[2026-05-31 22:15:39] [Bus 3] P=70.2406 MW Q=29.7527 MVar BRK_FB=1 CMD=CLOSE V_DT=1.0079 pu
[2026-05-31 22:15:39] [Bus 4] P=79.8566 MW Q=50.0147 MVar BRK_FB=1 CMD=CLOSE V_DT=1.0100 pu
[2026-05-31 22:15:39] [Bus 5] P=89.3261 MW Q=28.1373 MVar BRK_FB=1 CMD=CLOSE V_DT=1.0080 pu

[2026-05-31 22:15:40] [iter 184] realtime transfer
[2026-05-31 22:15:40] [Bus 1] P=149.3405 MW Q=33.8224 MVar BRK_FB=1 CMD=CLOSE V_DT=1.0200 pu
[2026-05-31 22:15:40] [Bus 2] P=62.5724 MW Q=19.8470 MVar BRK_FB=1 CMD=CLOSE V_DT=1.0103 pu
[2026-05-31 22:15:40] [Bus 3] P=71.7923 MW Q=36.0419 MVar BRK_FB=1 CMD=CLOSE V_DT=1.0076 pu
[2026-05-31 22:15:40] [Bus 4] P=80.6229 MW Q=55.3951 MVar BRK_FB=1 CMD=CLOSE V_DT=1.0100 pu
[2026-05-31 22:15:40] [Bus 5] P=94.2142 MW Q=30.0544 MVar BRK_FB=1 CMD=CLOSE V_DT=1.0080 pu

[2026-05-31 22:15:41] [iter 185] realtime transfer
[2026-05-31 22:15:41] [Bus 1] P=152.7720 MW Q=37.5477 MVar BRK_FB=1 CMD=CLOSE V_DT=1.0200 pu
[2026-05-31 22:15:41] [Bus 2] P=75.6503 MW Q=35.0160 MVar BRK_FB=1 CMD=CLOSE V_DT=1.0106 pu
[2026-05-31 22:15:41] [Bus 3] P=62.6985 MW Q=21.3767 MVar BRK_FB=1 CMD=CLOSE V_DT=1.0074 pu
[2026-05-31 22:15:41] [Bus 4] P=79.8304 MW Q=44.1042 MVar BRK_FB=1 CMD=CLOSE V_DT=1.0100 pu
[2026-05-31 22:15:41] [Bus 5] P=92.9293 MW Q=22.3398 MVar BRK_FB=1 CMD=CLOSE V_DT=1.0079 pu

[2026-05-31 22:15:42] [iter 186] realtime transfer
[2026-05-31 22:15:42] [Bus 1] P=146.8123 MW Q=37.1781 MVar BRK_FB=1 CMD=CLOSE V_DT=1.0200 pu
[2026-05-31 22:15:42] [Bus 2] P=67.6521 MW Q=23.4380 MVar BRK_FB=1 CMD=CLOSE V_DT=1.0100 pu
[2026-05-31 22:15:42] [Bus 3] P=69.5189 MW Q=35.4229 MVar BRK_FB=1 CMD=CLOSE V_DT=1.0079 pu
[2026-05-31 22:15:42] [Bus 4] P=80.6378 MW Q=44.4850 MVar BRK_FB=1 CMD=CLOSE V_DT=1.0100 pu
[2026-05-31 22:15:42] [Bus 5] P=88.7126 MW Q=19.5360 MVar BRK_FB=1 CMD=CLOSE V_DT=1.0081 pu

[2026-05-31 22:15:43] [iter 187] realtime transfer
[2026-05-31 22:15:43] [Bus 1] P=166.9499 MW Q=25.4268 MVar BRK_FB=1 CMD=CLOSE V_DT=1.0200 pu
[2026-05-31 22:15:43] [Bus 2] P=72.3660 MW Q=18.3257 MVar BRK_FB=1 CMD=CLOSE V_DT=1.0103 pu
[2026-05-31 22:15:43] [Bus 3] P=81.9793 MW Q=21.5302 MVar BRK_FB=1 CMD=CLOSE V_DT=1.0073 pu
[2026-05-31 22:15:43] [Bus 4] P=80.2644 MW Q=43.1475 MVar BRK_FB=1 CMD=CLOSE V_DT=1.0100 pu
[2026-05-31 22:15:43] [Bus 5] P=92.0692 MW Q=25.3584 MVar BRK_FB=1 CMD=CLOSE V_DT=1.0083 pu

[2026-05-31 22:15:44] [iter 188] realtime transfer
[2026-05-31 22:15:44] [Bus 1] P=155.3922 MW Q=39.8867 MVar BRK_FB=1 CMD=CLOSE V_DT=1.0200 pu
[2026-05-31 22:15:44] [Bus 2] P=67.0449 MW Q=29.1640 MVar BRK_FB=1 CMD=CLOSE V_DT=1.0103 pu
[2026-05-31 22:15:44] [Bus 3] P=79.4735 MW Q=38.4457 MVar BRK_FB=1 CMD=CLOSE V_DT=1.0073 pu
[2026-05-31 22:15:44] [Bus 4] P=80.0900 MW Q=47.1190 MVar BRK_FB=1 CMD=CLOSE V_DT=1.0100 pu
[2026-05-31 22:15:44] [Bus 5] P=86.0908 MW Q=15.6876 MVar BRK_FB=1 CMD=CLOSE V_DT=1.0083 pu

[2026-05-31 22:15:45] [iter 189] realtime transfer
[2026-05-31 22:15:45] [Bus 1] P=153.8679 MW Q=28.4783 MVar BRK_FB=1 CMD=CLOSE V_DT=1.0200 pu
[2026-05-31 22:15:45] [Bus 2] P=61.2687 MW Q=17.6314 MVar BRK_FB=1 CMD=CLOSE V_DT=1.0095 pu
[2026-05-31 22:15:45] [Bus 3] P=77.1336 MW Q=24.6336 MVar BRK_FB=1 CMD=CLOSE V_DT=1.0065 pu
[2026-05-31 22:15:45] [Bus 4] P=79.6897 MW Q=30.9156 MVar BRK_FB=1 CMD=CLOSE V_DT=1.0100 pu
[2026-05-31 22:15:45] [Bus 5] P=93.4007 MW Q=13.9691 MVar BRK_FB=1 CMD=CLOSE V_DT=1.0084 pu

[2026-05-31 22:15:46] [iter 190] realtime transfer
[2026-05-31 22:15:46] [Bus 1] P=169.4231 MW Q=34.0466 MVar BRK_FB=1 CMD=CLOSE V_DT=1.0200 pu
[2026-05-31 22:15:46] [Bus 2] P=74.5703 MW Q=24.7474 MVar BRK_FB=1 CMD=CLOSE V_DT=1.0112 pu
[2026-05-31 22:15:46] [Bus 3] P=79.0828 MW Q=42.1674 MVar BRK_FB=1 CMD=CLOSE V_DT=1.0083 pu
[2026-05-31 22:15:46] [Bus 4] P=80.3125 MW Q=54.4718 MVar BRK_FB=1 CMD=CLOSE V_DT=1.0100 pu
[2026-05-31 22:15:46] [Bus 5] P=94.2606 MW Q=17.4995 MVar BRK_FB=1 CMD=CLOSE V_DT=1.0084 pu

[2026-05-31 22:15:47] [iter 191] realtime transfer
[2026-05-31 22:15:47] [Bus 1] P=148.3931 MW Q=37.8350 MVar BRK_FB=1 CMD=CLOSE V_DT=1.0200 pu
[2026-05-31 22:15:47] [Bus 2] P=58.5222 MW Q=25.9082 MVar BRK_FB=1 CMD=CLOSE V_DT=1.0094 pu
[2026-05-31 22:15:47] [Bus 3] P=80.8718 MW Q=37.3628 MVar BRK_FB=1 CMD=CLOSE V_DT=1.0062 pu
[2026-05-31 22:15:47] [Bus 4] P=80.1177 MW Q=57.4005 MVar BRK_FB=1 CMD=CLOSE V_DT=1.0100 pu
[2026-05-31 22:15:47] [Bus 5] P=87.9484 MW Q=28.8448 MVar BRK_FB=1 CMD=CLOSE V_DT=1.0083 pu

[2026-05-31 22:15:48] [iter 192] realtime transfer
[2026-05-31 22:15:48] [Bus 1] P=160.8712 MW Q=35.8169 MVar BRK_FB=1 CMD=CLOSE V_DT=1.0200 pu
[2026-05-31 22:15:48] [Bus 2] P=75.5056 MW Q=26.0553 MVar BRK_FB=1 CMD=CLOSE V_DT=1.0100 pu
[2026-05-31 22:15:48] [Bus 3] P=71.7422 MW Q=36.1968 MVar BRK_FB=1 CMD=CLOSE V_DT=1.0068 pu
[2026-05-31 22:15:48] [Bus 4] P=80.0802 MW Q=59.9142 MVar BRK_FB=1 CMD=CLOSE V_DT=1.0100 pu
[2026-05-31 22:15:48] [Bus 5] P=90.9936 MW Q=29.5189 MVar BRK_FB=1 CMD=CLOSE V_DT=1.0080 pu
