Connection to (10.0.2.2, 5020) failed: [Errno 111] Connection refused
Connection to GATEWAY (10.0.2.2:5020) failed (connect() returned False). Retrying in 1.0s...
RTU measurement noise: seed=7 V_sigma=0.003 I_sigma=1.5


[2026-05-19 14:25:45] Bus 1: V=1.019 pu (raw 1.020) I=810.5 A (raw 809.7) PF=0.9603 FB=CLOSE CMD=CLOSE
[2026-05-19 14:25:45] Bus 2: V=1.009 pu (raw 1.010) I=398.2 A (raw 398.7) PF=0.9020 FB=CLOSE CMD=CLOSE
[2026-05-19 14:25:45] Bus 3: V=1.004 pu (raw 1.007) I=394.9 A (raw 395.2) PF=0.9001 FB=CLOSE CMD=CLOSE
[2026-05-19 14:25:45] Bus 4: V=1.013 pu (raw 1.010) I=479.1 A (raw 478.5) PF=0.8689 FB=CLOSE CMD=CLOSE
[2026-05-19 14:25:45] Bus 5: V=1.011 pu (raw 1.008) I=492.5 A (raw 492.1) PF=0.9771 FB=CLOSE CMD=CLOSE
DT_PATH_LAT,h2,1779175545.185830,1


[2026-05-19 14:25:49] Bus 1: V=1.021 pu (raw 1.020) I=810.0 A (raw 809.7) PF=0.9603 FB=CLOSE CMD=CLOSE
[2026-05-19 14:25:49] Bus 2: V=1.005 pu (raw 1.010) I=400.0 A (raw 398.7) PF=0.9020 FB=CLOSE CMD=CLOSE
[2026-05-19 14:25:49] Bus 3: V=1.009 pu (raw 1.007) I=395.9 A (raw 395.2) PF=0.9001 FB=CLOSE CMD=CLOSE
[2026-05-19 14:25:49] Bus 4: V=1.005 pu (raw 1.010) I=475.9 A (raw 478.5) PF=0.8689 FB=CLOSE CMD=CLOSE
[2026-05-19 14:25:49] Bus 5: V=1.005 pu (raw 1.008) I=491.4 A (raw 492.1) PF=0.9771 FB=CLOSE CMD=CLOSE
DT_PATH_LAT,h2,1779175549.388943,2


[2026-05-19 14:25:53] Bus 1: V=1.021 pu (raw 1.020) I=850.7 A (raw 850.8) PF=0.9557 FB=CLOSE CMD=CLOSE
[2026-05-19 14:25:53] Bus 2: V=1.011 pu (raw 1.009) I=439.3 A (raw 440.3) PF=0.9070 FB=CLOSE CMD=CLOSE
[2026-05-19 14:25:53] Bus 3: V=1.007 pu (raw 1.006) I=430.0 A (raw 429.4) PF=0.8827 FB=CLOSE CMD=CLOSE
[2026-05-19 14:25:53] Bus 4: V=1.008 pu (raw 1.010) I=495.2 A (raw 492.7) PF=0.8439 FB=CLOSE CMD=CLOSE
[2026-05-19 14:25:53] Bus 5: V=1.010 pu (raw 1.008) I=469.6 A (raw 467.8) PF=0.9702 FB=CLOSE CMD=CLOSE
DT_PATH_LAT,h2,1779175553.478770,3


[2026-05-19 14:25:57] Bus 1: V=1.018 pu (raw 1.020) I=849.7 A (raw 850.8) PF=0.9557 FB=CLOSE CMD=CLOSE
[2026-05-19 14:25:57] Bus 2: V=1.008 pu (raw 1.009) I=440.1 A (raw 440.3) PF=0.9070 FB=CLOSE CMD=CLOSE
[2026-05-19 14:25:57] Bus 3: V=1.008 pu (raw 1.006) I=429.8 A (raw 429.4) PF=0.8827 FB=CLOSE CMD=CLOSE
[2026-05-19 14:25:57] Bus 4: V=1.009 pu (raw 1.010) I=491.2 A (raw 492.7) PF=0.8439 FB=CLOSE CMD=CLOSE
[2026-05-19 14:25:57] Bus 5: V=1.006 pu (raw 1.008) I=469.7 A (raw 467.8) PF=0.9702 FB=CLOSE CMD=CLOSE
DT_PATH_LAT,h2,1779175557.621014,4


[2026-05-19 14:26:01] Bus 1: V=1.018 pu (raw 1.020) I=739.6 A (raw 739.2) PF=0.9651 FB=CLOSE CMD=CLOSE
[2026-05-19 14:26:01] Bus 2: V=1.012 pu (raw 1.011) I=285.7 A (raw 288.0) PF=0.9159 FB=CLOSE CMD=CLOSE
[2026-05-19 14:26:01] Bus 3: V=1.008 pu (raw 1.008) I=447.7 A (raw 445.7) PF=0.9290 FB=CLOSE CMD=CLOSE
[2026-05-19 14:26:01] Bus 4: V=1.004 pu (raw 1.010) I=463.3 A (raw 463.8) PF=0.8964 FB=CLOSE CMD=CLOSE
[2026-05-19 14:26:01] Bus 5: V=1.008 pu (raw 1.008) I=465.0 A (raw 466.3) PF=0.9736 FB=CLOSE CMD=CLOSE
DT_PATH_LAT,h2,1779175561.714101,5


[2026-05-19 14:26:05] Bus 1: V=1.021 pu (raw 1.020) I=739.1 A (raw 739.2) PF=0.9651 FB=CLOSE CMD=CLOSE
[2026-05-19 14:26:05] Bus 2: V=1.007 pu (raw 1.011) I=289.2 A (raw 288.0) PF=0.9159 FB=CLOSE CMD=CLOSE
[2026-05-19 14:26:05] Bus 3: V=1.010 pu (raw 1.008) I=447.1 A (raw 445.7) PF=0.9290 FB=CLOSE CMD=CLOSE
[2026-05-19 14:26:05] Bus 4: V=1.014 pu (raw 1.010) I=464.3 A (raw 463.8) PF=0.8964 FB=CLOSE CMD=CLOSE
[2026-05-19 14:26:05] Bus 5: V=1.008 pu (raw 1.008) I=464.3 A (raw 466.3) PF=0.9736 FB=CLOSE CMD=CLOSE
DT_PATH_LAT,h2,1779175566.038632,6


[2026-05-19 14:26:10] Bus 1: V=1.022 pu (raw 1.020) I=892.6 A (raw 893.5) PF=0.9700 FB=CLOSE CMD=CLOSE
[2026-05-19 14:26:10] Bus 2: V=1.008 pu (raw 1.009) I=427.1 A (raw 429.0) PF=0.9005 FB=CLOSE CMD=CLOSE
[2026-05-19 14:26:10] Bus 3: V=1.004 pu (raw 1.007) I=464.7 A (raw 465.5) PF=0.9428 FB=CLOSE CMD=CLOSE
[2026-05-19 14:26:10] Bus 4: V=1.014 pu (raw 1.010) I=499.4 A (raw 502.4) PF=0.8274 FB=CLOSE CMD=CLOSE
[2026-05-19 14:26:10] Bus 5: V=1.004 pu (raw 1.008) I=481.7 A (raw 481.4) PF=0.9562 FB=CLOSE CMD=CLOSE
DT_PATH_LAT,h2,1779175570.485654,7


[2026-05-19 14:26:14] Bus 1: V=1.024 pu (raw 1.020) I=894.4 A (raw 893.5) PF=0.9700 FB=CLOSE CMD=CLOSE
[2026-05-19 14:26:14] Bus 2: V=1.003 pu (raw 1.009) I=425.2 A (raw 429.0) PF=0.9005 FB=CLOSE CMD=CLOSE
[2026-05-19 14:26:14] Bus 3: V=1.008 pu (raw 1.007) I=464.4 A (raw 465.5) PF=0.9428 FB=CLOSE CMD=CLOSE
[2026-05-19 14:26:14] Bus 4: V=1.007 pu (raw 1.010) I=503.9 A (raw 502.4) PF=0.8274 FB=CLOSE CMD=CLOSE
[2026-05-19 14:26:14] Bus 5: V=1.011 pu (raw 1.008) I=481.6 A (raw 481.4) PF=0.9562 FB=CLOSE CMD=CLOSE
DT_PATH_LAT,h2,1779175574.608049,8


[2026-05-19 14:26:18] Bus 1: V=1.021 pu (raw 1.020) I=834.0 A (raw 833.4) PF=0.9653 FB=CLOSE CMD=CLOSE
[2026-05-19 14:26:18] Bus 2: V=1.015 pu (raw 1.010) I=442.4 A (raw 441.5) PF=0.9269 FB=CLOSE CMD=CLOSE
[2026-05-19 14:26:18] Bus 3: V=1.009 pu (raw 1.007) I=369.0 A (raw 368.2) PF=0.8887 FB=CLOSE CMD=CLOSE
[2026-05-19 14:26:18] Bus 4: V=1.005 pu (raw 1.010) I=483.9 A (raw 482.0) PF=0.8625 FB=CLOSE CMD=CLOSE
[2026-05-19 14:26:18] Bus 5: V=1.011 pu (raw 1.008) I=500.4 A (raw 499.6) PF=0.9741 FB=CLOSE CMD=CLOSE
DT_PATH_LAT,h2,1779175578.712420,9


[2026-05-19 14:26:22] Bus 1: V=1.014 pu (raw 1.020) I=832.4 A (raw 833.4) PF=0.9653 FB=CLOSE CMD=CLOSE
[2026-05-19 14:26:22] Bus 2: V=1.013 pu (raw 1.010) I=438.7 A (raw 441.5) PF=0.9269 FB=CLOSE CMD=CLOSE
[2026-05-19 14:26:22] Bus 3: V=1.006 pu (raw 1.007) I=369.7 A (raw 368.2) PF=0.8887 FB=CLOSE CMD=CLOSE
[2026-05-19 14:26:22] Bus 4: V=1.006 pu (raw 1.010) I=484.4 A (raw 482.0) PF=0.8625 FB=CLOSE CMD=CLOSE
[2026-05-19 14:26:22] Bus 5: V=1.010 pu (raw 1.008) I=499.3 A (raw 499.6) PF=0.9741 FB=CLOSE CMD=CLOSE
DT_PATH_LAT,h2,1779175582.802400,10


[2026-05-19 14:26:26] Bus 1: V=1.021 pu (raw 1.020) I=840.3 A (raw 839.4) PF=0.9836 FB=CLOSE CMD=CLOSE
[2026-05-19 14:26:26] Bus 2: V=1.011 pu (raw 1.011) I=403.9 A (raw 402.1) PF=0.9584 FB=CLOSE CMD=CLOSE
[2026-05-19 14:26:26] Bus 3: V=1.006 pu (raw 1.008) I=408.7 A (raw 409.4) PF=0.9676 FB=CLOSE CMD=CLOSE
[2026-05-19 14:26:26] Bus 4: V=1.013 pu (raw 1.010) I=458.8 A (raw 458.8) PF=0.9061 FB=CLOSE CMD=CLOSE
[2026-05-19 14:26:26] Bus 5: V=1.005 pu (raw 1.008) I=476.9 A (raw 475.5) PF=0.9721 FB=CLOSE CMD=CLOSE
DT_PATH_LAT,h2,1779175586.893024,11


[2026-05-19 14:26:30] Bus 1: V=1.024 pu (raw 1.020) I=838.7 A (raw 839.4) PF=0.9836 FB=CLOSE CMD=CLOSE
[2026-05-19 14:26:30] Bus 2: V=1.007 pu (raw 1.011) I=401.9 A (raw 402.1) PF=0.9584 FB=CLOSE CMD=CLOSE
[2026-05-19 14:26:30] Bus 3: V=1.008 pu (raw 1.008) I=408.9 A (raw 409.4) PF=0.9676 FB=CLOSE CMD=CLOSE
[2026-05-19 14:26:30] Bus 4: V=1.014 pu (raw 1.010) I=457.3 A (raw 458.8) PF=0.9061 FB=CLOSE CMD=CLOSE
[2026-05-19 14:26:30] Bus 5: V=1.012 pu (raw 1.008) I=473.6 A (raw 475.5) PF=0.9721 FB=CLOSE CMD=CLOSE
DT_PATH_LAT,h2,1779175590.978734,12


[2026-05-19 14:26:34] Bus 1: V=1.018 pu (raw 1.020) I=916.1 A (raw 915.1) PF=0.9809 FB=CLOSE CMD=CLOSE
[2026-05-19 14:26:34] Bus 2: V=1.013 pu (raw 1.010) I=411.3 A (raw 410.0) PF=0.9495 FB=CLOSE CMD=CLOSE
[2026-05-19 14:26:34] Bus 3: V=1.008 pu (raw 1.007) I=480.5 A (raw 480.3) PF=0.9320 FB=CLOSE CMD=CLOSE
[2026-05-19 14:26:34] Bus 4: V=1.010 pu (raw 1.010) I=512.3 A (raw 511.4) PF=0.8129 FB=CLOSE CMD=CLOSE
[2026-05-19 14:26:34] Bus 5: V=1.007 pu (raw 1.008) I=504.0 A (raw 503.6) PF=0.9518 FB=CLOSE CMD=CLOSE
DT_PATH_LAT,h2,1779175595.059332,13


[2026-05-19 14:26:39] Bus 1: V=1.022 pu (raw 1.020) I=915.1 A (raw 915.1) PF=0.9809 FB=CLOSE CMD=CLOSE
[2026-05-19 14:26:39] Bus 2: V=1.012 pu (raw 1.010) I=410.8 A (raw 410.0) PF=0.9495 FB=CLOSE CMD=CLOSE
[2026-05-19 14:26:39] Bus 3: V=1.013 pu (raw 1.007) I=480.8 A (raw 480.3) PF=0.9320 FB=CLOSE CMD=CLOSE
[2026-05-19 14:26:39] Bus 4: V=1.009 pu (raw 1.010) I=510.9 A (raw 511.4) PF=0.8129 FB=CLOSE CMD=CLOSE
[2026-05-19 14:26:39] Bus 5: V=1.008 pu (raw 1.008) I=505.0 A (raw 503.6) PF=0.9518 FB=CLOSE CMD=CLOSE
DT_PATH_LAT,h2,1779175599.140227,14


[2026-05-19 14:26:43] Bus 1: V=1.019 pu (raw 1.020) I=683.1 A (raw 682.5) PF=0.9514 FB=CLOSE CMD=CLOSE
[2026-05-19 14:26:43] Bus 2: V=1.017 pu (raw 1.011) I=315.8 A (raw 319.6) PF=0.9232 FB=CLOSE CMD=CLOSE
[2026-05-19 14:26:43] Bus 3: V=1.005 pu (raw 1.008) I=360.9 A (raw 360.5) PF=0.9010 FB=CLOSE CMD=CLOSE
[2026-05-19 14:26:43] Bus 4: V=1.011 pu (raw 1.010) I=464.8 A (raw 464.5) PF=0.8950 FB=CLOSE CMD=CLOSE
[2026-05-19 14:26:43] Bus 5: V=1.007 pu (raw 1.008) I=466.9 A (raw 465.9) PF=0.9611 FB=CLOSE CMD=CLOSE
DT_PATH_LAT,h2,1779175603.229877,15


[2026-05-19 14:26:47] Bus 1: V=1.021 pu (raw 1.020) I=681.7 A (raw 682.5) PF=0.9514 FB=CLOSE CMD=CLOSE
[2026-05-19 14:26:47] Bus 2: V=1.018 pu (raw 1.011) I=320.2 A (raw 319.6) PF=0.9232 FB=CLOSE CMD=CLOSE
[2026-05-19 14:26:47] Bus 3: V=1.006 pu (raw 1.008) I=360.4 A (raw 360.5) PF=0.9010 FB=CLOSE CMD=CLOSE
[2026-05-19 14:26:47] Bus 4: V=1.009 pu (raw 1.010) I=464.4 A (raw 464.5) PF=0.8950 FB=CLOSE CMD=CLOSE
[2026-05-19 14:26:47] Bus 5: V=1.000 pu (raw 1.008) I=465.2 A (raw 465.9) PF=0.9611 FB=CLOSE CMD=CLOSE
DT_PATH_LAT,h2,1779175607.337303,16
