Modbus TCP server on 0.0.0.0:5020
Field random seed: 42
numba cannot be imported and numba functions are disabled.
Probably the execution is slow.
Please install numba to gain a massive speedup.
(or if you prefer slow execution, set the flag numba=False to avoid this warning!)
=== INITIAL POWER FLOW ===
      vm_pu  va_degree        p_mw     q_mvar
0  1.020000   0.000000 -141.110787 -26.780334
1  1.011758  -0.715545   60.000000  15.000000
2  1.009031  -0.998910   70.000000  20.000000
3  1.010000  -1.119058  -80.000000 -40.933003
4  1.007906  -1.265582   90.000000  30.000000
       i_ka  loading_percent
0  0.739078        73.907794
1  0.419623        41.962293
2  0.076273         7.627274
3  0.494024        49.402395
Bus 1 | V=1.020 pu | I=739.1 A | PF=0.9825 | Breaker=CLOSE
Bus 2 | V=1.012 pu | I=320.8 A | PF=0.9701 | Breaker=CLOSE
Bus 3 | V=1.009 pu | I=378.7 A | PF=0.9615 | Breaker=CLOSE
Bus 4 | V=1.010 pu | I=467.0 A | PF=0.8902 | Breaker=CLOSE
Bus 5 | V=1.008 pu | I=494.0 A | PF=0.9487 | Breaker=n/a

 2026-05-16 23:23:05
numba cannot be imported and numba functions are disabled.
Probably the execution is slow.
Please install numba to gain a massive speedup.
(or if you prefer slow execution, set the flag numba=False to avoid this warning!)
Bus 1 | V=1.020 pu | I=809.7 A | PF=0.9603 | Breaker=CLOSE
Bus 2 | V=1.010 pu | I=398.7 A | PF=0.9020 | Breaker=CLOSE
Bus 3 | V=1.007 pu | I=395.2 A | PF=0.9001 | Breaker=CLOSE
Bus 4 | V=1.010 pu | I=478.5 A | PF=0.8689 | Breaker=CLOSE
Bus 5 | V=1.008 pu | I=492.1 A | PF=0.9771 | Breaker=n/a

 2026-05-16 23:23:09
numba cannot be imported and numba functions are disabled.
Probably the execution is slow.
Please install numba to gain a massive speedup.
(or if you prefer slow execution, set the flag numba=False to avoid this warning!)
Bus 1 | V=1.020 pu | I=850.8 A | PF=0.9557 | Breaker=CLOSE
Bus 2 | V=1.009 pu | I=440.3 A | PF=0.9070 | Breaker=CLOSE
Bus 3 | V=1.006 pu | I=429.4 A | PF=0.8827 | Breaker=CLOSE
Bus 4 | V=1.010 pu | I=492.7 A | PF=0.8439 | Breaker=CLOSE
Bus 5 | V=1.008 pu | I=467.8 A | PF=0.9702 | Breaker=n/a

 2026-05-16 23:23:13
numba cannot be imported and numba functions are disabled.
Probably the execution is slow.
Please install numba to gain a massive speedup.
(or if you prefer slow execution, set the flag numba=False to avoid this warning!)
Bus 1 | V=1.020 pu | I=0.0 A | PF=1.0000 | Breaker=OPEN
Power flow error: cannot convert float NaN to integer

 2026-05-16 23:23:17
numba cannot be imported and numba functions are disabled.
Probably the execution is slow.
Please install numba to gain a massive speedup.
(or if you prefer slow execution, set the flag numba=False to avoid this warning!)
Bus 1 | V=1.020 pu | I=0.0 A | PF=1.0000 | Breaker=OPEN
Power flow error: cannot convert float NaN to integer

 2026-05-16 23:23:22
numba cannot be imported and numba functions are disabled.
Probably the execution is slow.
Please install numba to gain a massive speedup.
(or if you prefer slow execution, set the flag numba=False to avoid this warning!)
Bus 1 | V=1.020 pu | I=0.0 A | PF=1.0000 | Breaker=OPEN
Power flow error: cannot convert float NaN to integer

 2026-05-16 23:23:26
numba cannot be imported and numba functions are disabled.
Probably the execution is slow.
Please install numba to gain a massive speedup.
(or if you prefer slow execution, set the flag numba=False to avoid this warning!)
Bus 1 | V=1.020 pu | I=0.0 A | PF=1.0000 | Breaker=OPEN
Power flow error: cannot convert float NaN to integer

 2026-05-16 23:23:30
numba cannot be imported and numba functions are disabled.
Probably the execution is slow.
Please install numba to gain a massive speedup.
(or if you prefer slow execution, set the flag numba=False to avoid this warning!)
Bus 1 | V=1.020 pu | I=0.0 A | PF=1.0000 | Breaker=OPEN
Power flow error: cannot convert float NaN to integer

 2026-05-16 23:23:34
numba cannot be imported and numba functions are disabled.
Probably the execution is slow.
Please install numba to gain a massive speedup.
(or if you prefer slow execution, set the flag numba=False to avoid this warning!)
Bus 1 | V=1.020 pu | I=0.0 A | PF=1.0000 | Breaker=OPEN
Power flow error: cannot convert float NaN to integer

 2026-05-16 23:23:38
numba cannot be imported and numba functions are disabled.
Probably the execution is slow.
Please install numba to gain a massive speedup.
(or if you prefer slow execution, set the flag numba=False to avoid this warning!)
Bus 1 | V=1.020 pu | I=0.0 A | PF=1.0000 | Breaker=OPEN
Power flow error: cannot convert float NaN to integer

 2026-05-16 23:23:42
numba cannot be imported and numba functions are disabled.
Probably the execution is slow.
Please install numba to gain a massive speedup.
(or if you prefer slow execution, set the flag numba=False to avoid this warning!)
Bus 1 | V=1.020 pu | I=0.0 A | PF=1.0000 | Breaker=OPEN
Power flow error: cannot convert float NaN to integer

 2026-05-16 23:23:46
numba cannot be imported and numba functions are disabled.
Probably the execution is slow.
Please install numba to gain a massive speedup.
(or if you prefer slow execution, set the flag numba=False to avoid this warning!)
Bus 1 | V=1.020 pu | I=0.0 A | PF=1.0000 | Breaker=OPEN
Power flow error: cannot convert float NaN to integer

 2026-05-16 23:23:50
numba cannot be imported and numba functions are disabled.
Probably the execution is slow.
Please install numba to gain a massive speedup.
(or if you prefer slow execution, set the flag numba=False to avoid this warning!)
Bus 1 | V=1.020 pu | I=0.0 A | PF=1.0000 | Breaker=OPEN
Power flow error: cannot convert float NaN to integer

 2026-05-16 23:23:54
numba cannot be imported and numba functions are disabled.
Probably the execution is slow.
Please install numba to gain a massive speedup.
(or if you prefer slow execution, set the flag numba=False to avoid this warning!)
Bus 1 | V=1.020 pu | I=0.0 A | PF=1.0000 | Breaker=OPEN
Power flow error: cannot convert float NaN to integer

 2026-05-16 23:23:58
numba cannot be imported and numba functions are disabled.
Probably the execution is slow.
Please install numba to gain a massive speedup.
(or if you prefer slow execution, set the flag numba=False to avoid this warning!)
Bus 1 | V=1.020 pu | I=0.0 A | PF=1.0000 | Breaker=OPEN
Power flow error: cannot convert float NaN to integer

 2026-05-16 23:24:02
numba cannot be imported and numba functions are disabled.
Probably the execution is slow.
Please install numba to gain a massive speedup.
(or if you prefer slow execution, set the flag numba=False to avoid this warning!)
Bus 1 | V=1.020 pu | I=0.0 A | PF=1.0000 | Breaker=OPEN
Power flow error: cannot convert float NaN to integer

 2026-05-16 23:24:06
numba cannot be imported and numba functions are disabled.
Probably the execution is slow.
Please install numba to gain a massive speedup.
(or if you prefer slow execution, set the flag numba=False to avoid this warning!)
Bus 1 | V=1.020 pu | I=0.0 A | PF=1.0000 | Breaker=OPEN
Power flow error: cannot convert float NaN to integer

 2026-05-16 23:24:10
numba cannot be imported and numba functions are disabled.
Probably the execution is slow.
Please install numba to gain a massive speedup.
(or if you prefer slow execution, set the flag numba=False to avoid this warning!)
Bus 1 | V=1.020 pu | I=0.0 A | PF=1.0000 | Breaker=OPEN
Power flow error: cannot convert float NaN to integer

 2026-05-16 23:24:14
numba cannot be imported and numba functions are disabled.
Probably the execution is slow.
Please install numba to gain a massive speedup.
(or if you prefer slow execution, set the flag numba=False to avoid this warning!)
Bus 1 | V=1.020 pu | I=0.0 A | PF=1.0000 | Breaker=OPEN
Power flow error: cannot convert float NaN to integer

 2026-05-16 23:24:18
numba cannot be imported and numba functions are disabled.
Probably the execution is slow.
Please install numba to gain a massive speedup.
(or if you prefer slow execution, set the flag numba=False to avoid this warning!)
Bus 1 | V=1.020 pu | I=0.0 A | PF=1.0000 | Breaker=OPEN
Power flow error: cannot convert float NaN to integer

 2026-05-16 23:24:22
numba cannot be imported and numba functions are disabled.
Probably the execution is slow.
Please install numba to gain a massive speedup.
(or if you prefer slow execution, set the flag numba=False to avoid this warning!)
Bus 1 | V=1.020 pu | I=0.0 A | PF=1.0000 | Breaker=OPEN
Power flow error: cannot convert float NaN to integer

 2026-05-16 23:24:26
numba cannot be imported and numba functions are disabled.
Probably the execution is slow.
Please install numba to gain a massive speedup.
(or if you prefer slow execution, set the flag numba=False to avoid this warning!)
Bus 1 | V=1.020 pu | I=0.0 A | PF=1.0000 | Breaker=OPEN
Power flow error: cannot convert float NaN to integer

 2026-05-16 23:24:30
numba cannot be imported and numba functions are disabled.
Probably the execution is slow.
Please install numba to gain a massive speedup.
(or if you prefer slow execution, set the flag numba=False to avoid this warning!)
Bus 1 | V=1.020 pu | I=0.0 A | PF=1.0000 | Breaker=OPEN
Power flow error: cannot convert float NaN to integer

 2026-05-16 23:24:34
numba cannot be imported and numba functions are disabled.
Probably the execution is slow.
Please install numba to gain a massive speedup.
(or if you prefer slow execution, set the flag numba=False to avoid this warning!)
Bus 1 | V=1.020 pu | I=0.0 A | PF=1.0000 | Breaker=OPEN
Power flow error: cannot convert float NaN to integer

 2026-05-16 23:24:38
numba cannot be imported and numba functions are disabled.
Probably the execution is slow.
Please install numba to gain a massive speedup.
(or if you prefer slow execution, set the flag numba=False to avoid this warning!)
Bus 1 | V=1.020 pu | I=0.0 A | PF=1.0000 | Breaker=OPEN
Power flow error: cannot convert float NaN to integer

 2026-05-16 23:24:42
numba cannot be imported and numba functions are disabled.
Probably the execution is slow.
Please install numba to gain a massive speedup.
(or if you prefer slow execution, set the flag numba=False to avoid this warning!)
Bus 1 | V=1.020 pu | I=0.0 A | PF=1.0000 | Breaker=OPEN
Power flow error: cannot convert float NaN to integer

 2026-05-16 23:24:46
numba cannot be imported and numba functions are disabled.
Probably the execution is slow.
Please install numba to gain a massive speedup.
(or if you prefer slow execution, set the flag numba=False to avoid this warning!)
Bus 1 | V=1.020 pu | I=0.0 A | PF=1.0000 | Breaker=OPEN
Power flow error: cannot convert float NaN to integer

 2026-05-16 23:24:50
numba cannot be imported and numba functions are disabled.
Probably the execution is slow.
Please install numba to gain a massive speedup.
(or if you prefer slow execution, set the flag numba=False to avoid this warning!)
Bus 1 | V=1.020 pu | I=0.0 A | PF=1.0000 | Breaker=OPEN
Power flow error: cannot convert float NaN to integer

 2026-05-16 23:24:54
numba cannot be imported and numba functions are disabled.
Probably the execution is slow.
Please install numba to gain a massive speedup.
(or if you prefer slow execution, set the flag numba=False to avoid this warning!)
Bus 1 | V=1.020 pu | I=0.0 A | PF=1.0000 | Breaker=OPEN
Power flow error: cannot convert float NaN to integer

 2026-05-16 23:24:58
numba cannot be imported and numba functions are disabled.
Probably the execution is slow.
Please install numba to gain a massive speedup.
(or if you prefer slow execution, set the flag numba=False to avoid this warning!)
Bus 1 | V=1.020 pu | I=0.0 A | PF=1.0000 | Breaker=OPEN
Power flow error: cannot convert float NaN to integer

 2026-05-16 23:25:02
numba cannot be imported and numba functions are disabled.
Probably the execution is slow.
Please install numba to gain a massive speedup.
(or if you prefer slow execution, set the flag numba=False to avoid this warning!)
Bus 1 | V=1.020 pu | I=0.0 A | PF=1.0000 | Breaker=OPEN
Power flow error: cannot convert float NaN to integer

 2026-05-16 23:25:06
numba cannot be imported and numba functions are disabled.
Probably the execution is slow.
Please install numba to gain a massive speedup.
(or if you prefer slow execution, set the flag numba=False to avoid this warning!)
Bus 1 | V=1.020 pu | I=0.0 A | PF=1.0000 | Breaker=OPEN
Power flow error: cannot convert float NaN to integer

 2026-05-16 23:25:10
numba cannot be imported and numba functions are disabled.
Probably the execution is slow.
Please install numba to gain a massive speedup.
(or if you prefer slow execution, set the flag numba=False to avoid this warning!)
Bus 1 | V=1.020 pu | I=0.0 A | PF=1.0000 | Breaker=OPEN
Power flow error: cannot convert float NaN to integer

 2026-05-16 23:25:14
numba cannot be imported and numba functions are disabled.
Probably the execution is slow.
Please install numba to gain a massive speedup.
(or if you prefer slow execution, set the flag numba=False to avoid this warning!)
Bus 1 | V=1.020 pu | I=0.0 A | PF=1.0000 | Breaker=OPEN
Power flow error: cannot convert float NaN to integer

 2026-05-16 23:25:18
numba cannot be imported and numba functions are disabled.
Probably the execution is slow.
Please install numba to gain a massive speedup.
(or if you prefer slow execution, set the flag numba=False to avoid this warning!)
Bus 1 | V=1.020 pu | I=0.0 A | PF=1.0000 | Breaker=OPEN
Power flow error: cannot convert float NaN to integer

 2026-05-16 23:25:22
numba cannot be imported and numba functions are disabled.
Probably the execution is slow.
Please install numba to gain a massive speedup.
(or if you prefer slow execution, set the flag numba=False to avoid this warning!)
Bus 1 | V=1.020 pu | I=0.0 A | PF=1.0000 | Breaker=OPEN
Power flow error: cannot convert float NaN to integer

 2026-05-16 23:25:26
numba cannot be imported and numba functions are disabled.
Probably the execution is slow.
Please install numba to gain a massive speedup.
(or if you prefer slow execution, set the flag numba=False to avoid this warning!)
Bus 1 | V=1.020 pu | I=0.0 A | PF=1.0000 | Breaker=OPEN
Power flow error: cannot convert float NaN to integer

 2026-05-16 23:25:30
numba cannot be imported and numba functions are disabled.
Probably the execution is slow.
Please install numba to gain a massive speedup.
(or if you prefer slow execution, set the flag numba=False to avoid this warning!)
Bus 1 | V=1.020 pu | I=0.0 A | PF=1.0000 | Breaker=OPEN
Power flow error: cannot convert float NaN to integer

 2026-05-16 23:25:34
numba cannot be imported and numba functions are disabled.
Probably the execution is slow.
Please install numba to gain a massive speedup.
(or if you prefer slow execution, set the flag numba=False to avoid this warning!)
Bus 1 | V=1.020 pu | I=0.0 A | PF=1.0000 | Breaker=OPEN
Power flow error: cannot convert float NaN to integer

 2026-05-16 23:25:38
numba cannot be imported and numba functions are disabled.
Probably the execution is slow.
Please install numba to gain a massive speedup.
(or if you prefer slow execution, set the flag numba=False to avoid this warning!)
Bus 1 | V=1.020 pu | I=0.0 A | PF=1.0000 | Breaker=OPEN
Power flow error: cannot convert float NaN to integer

 2026-05-16 23:25:42
numba cannot be imported and numba functions are disabled.
Probably the execution is slow.
Please install numba to gain a massive speedup.
(or if you prefer slow execution, set the flag numba=False to avoid this warning!)
Bus 1 | V=1.020 pu | I=0.0 A | PF=1.0000 | Breaker=OPEN
Power flow error: cannot convert float NaN to integer

 2026-05-16 23:25:46
numba cannot be imported and numba functions are disabled.
Probably the execution is slow.
Please install numba to gain a massive speedup.
(or if you prefer slow execution, set the flag numba=False to avoid this warning!)
Bus 1 | V=1.020 pu | I=0.0 A | PF=1.0000 | Breaker=OPEN
Power flow error: cannot convert float NaN to integer

 2026-05-16 23:25:50
numba cannot be imported and numba functions are disabled.
Probably the execution is slow.
Please install numba to gain a massive speedup.
(or if you prefer slow execution, set the flag numba=False to avoid this warning!)
Bus 1 | V=1.020 pu | I=0.0 A | PF=1.0000 | Breaker=OPEN
Power flow error: cannot convert float NaN to integer

 2026-05-16 23:25:54
numba cannot be imported and numba functions are disabled.
Probably the execution is slow.
Please install numba to gain a massive speedup.
(or if you prefer slow execution, set the flag numba=False to avoid this warning!)
Bus 1 | V=1.020 pu | I=0.0 A | PF=1.0000 | Breaker=OPEN
Power flow error: cannot convert float NaN to integer

 2026-05-16 23:25:58
numba cannot be imported and numba functions are disabled.
Probably the execution is slow.
Please install numba to gain a massive speedup.
(or if you prefer slow execution, set the flag numba=False to avoid this warning!)
Bus 1 | V=1.020 pu | I=0.0 A | PF=1.0000 | Breaker=OPEN
Power flow error: cannot convert float NaN to integer

 2026-05-16 23:26:02
numba cannot be imported and numba functions are disabled.
Probably the execution is slow.
Please install numba to gain a massive speedup.
(or if you prefer slow execution, set the flag numba=False to avoid this warning!)
Bus 1 | V=1.020 pu | I=0.0 A | PF=1.0000 | Breaker=OPEN
Power flow error: cannot convert float NaN to integer

 2026-05-16 23:26:06
numba cannot be imported and numba functions are disabled.
Probably the execution is slow.
Please install numba to gain a massive speedup.
(or if you prefer slow execution, set the flag numba=False to avoid this warning!)
Bus 1 | V=1.020 pu | I=0.0 A | PF=1.0000 | Breaker=OPEN
Power flow error: cannot convert float NaN to integer

 2026-05-16 23:26:11
numba cannot be imported and numba functions are disabled.
Probably the execution is slow.
Please install numba to gain a massive speedup.
(or if you prefer slow execution, set the flag numba=False to avoid this warning!)
Bus 1 | V=1.020 pu | I=0.0 A | PF=1.0000 | Breaker=OPEN
Power flow error: cannot convert float NaN to integer

 2026-05-16 23:26:15
numba cannot be imported and numba functions are disabled.
Probably the execution is slow.
Please install numba to gain a massive speedup.
(or if you prefer slow execution, set the flag numba=False to avoid this warning!)
Bus 1 | V=1.020 pu | I=0.0 A | PF=1.0000 | Breaker=OPEN
Power flow error: cannot convert float NaN to integer

 2026-05-16 23:26:19
numba cannot be imported and numba functions are disabled.
Probably the execution is slow.
Please install numba to gain a massive speedup.
(or if you prefer slow execution, set the flag numba=False to avoid this warning!)
Bus 1 | V=1.020 pu | I=0.0 A | PF=1.0000 | Breaker=OPEN
Power flow error: cannot convert float NaN to integer

 2026-05-16 23:26:23
numba cannot be imported and numba functions are disabled.
Probably the execution is slow.
Please install numba to gain a massive speedup.
(or if you prefer slow execution, set the flag numba=False to avoid this warning!)
Bus 1 | V=1.020 pu | I=0.0 A | PF=1.0000 | Breaker=OPEN
Power flow error: cannot convert float NaN to integer

 2026-05-16 23:26:27
numba cannot be imported and numba functions are disabled.
Probably the execution is slow.
Please install numba to gain a massive speedup.
(or if you prefer slow execution, set the flag numba=False to avoid this warning!)
Bus 1 | V=1.020 pu | I=0.0 A | PF=1.0000 | Breaker=OPEN
Power flow error: cannot convert float NaN to integer

 2026-05-16 23:26:31
numba cannot be imported and numba functions are disabled.
Probably the execution is slow.
Please install numba to gain a massive speedup.
(or if you prefer slow execution, set the flag numba=False to avoid this warning!)
Bus 1 | V=1.020 pu | I=0.0 A | PF=1.0000 | Breaker=OPEN
Power flow error: cannot convert float NaN to integer

 2026-05-16 23:26:35
numba cannot be imported and numba functions are disabled.
Probably the execution is slow.
Please install numba to gain a massive speedup.
(or if you prefer slow execution, set the flag numba=False to avoid this warning!)
Bus 1 | V=1.020 pu | I=0.0 A | PF=1.0000 | Breaker=OPEN
Power flow error: cannot convert float NaN to integer

 2026-05-16 23:26:39
numba cannot be imported and numba functions are disabled.
Probably the execution is slow.
Please install numba to gain a massive speedup.
(or if you prefer slow execution, set the flag numba=False to avoid this warning!)
Bus 1 | V=1.020 pu | I=0.0 A | PF=1.0000 | Breaker=OPEN
Power flow error: cannot convert float NaN to integer

 2026-05-16 23:26:43
numba cannot be imported and numba functions are disabled.
Probably the execution is slow.
Please install numba to gain a massive speedup.
(or if you prefer slow execution, set the flag numba=False to avoid this warning!)
Bus 1 | V=1.020 pu | I=0.0 A | PF=1.0000 | Breaker=OPEN
Power flow error: cannot convert float NaN to integer

 2026-05-16 23:26:47
numba cannot be imported and numba functions are disabled.
Probably the execution is slow.
Please install numba to gain a massive speedup.
(or if you prefer slow execution, set the flag numba=False to avoid this warning!)
Bus 1 | V=1.020 pu | I=0.0 A | PF=1.0000 | Breaker=OPEN
Power flow error: cannot convert float NaN to integer

 2026-05-16 23:26:51
numba cannot be imported and numba functions are disabled.
Probably the execution is slow.
Please install numba to gain a massive speedup.
(or if you prefer slow execution, set the flag numba=False to avoid this warning!)
Bus 1 | V=1.020 pu | I=0.0 A | PF=1.0000 | Breaker=OPEN
Power flow error: cannot convert float NaN to integer

 2026-05-16 23:26:55
numba cannot be imported and numba functions are disabled.
Probably the execution is slow.
Please install numba to gain a massive speedup.
(or if you prefer slow execution, set the flag numba=False to avoid this warning!)
Bus 1 | V=1.020 pu | I=0.0 A | PF=1.0000 | Breaker=OPEN
Power flow error: cannot convert float NaN to integer

 2026-05-16 23:26:59
numba cannot be imported and numba functions are disabled.
Probably the execution is slow.
Please install numba to gain a massive speedup.
(or if you prefer slow execution, set the flag numba=False to avoid this warning!)
Bus 1 | V=1.020 pu | I=0.0 A | PF=1.0000 | Breaker=OPEN
Power flow error: cannot convert float NaN to integer

 2026-05-16 23:27:03
numba cannot be imported and numba functions are disabled.
Probably the execution is slow.
Please install numba to gain a massive speedup.
(or if you prefer slow execution, set the flag numba=False to avoid this warning!)
Bus 1 | V=1.020 pu | I=0.0 A | PF=1.0000 | Breaker=OPEN
Power flow error: cannot convert float NaN to integer

 2026-05-16 23:27:07
numba cannot be imported and numba functions are disabled.
Probably the execution is slow.
Please install numba to gain a massive speedup.
(or if you prefer slow execution, set the flag numba=False to avoid this warning!)
Bus 1 | V=1.020 pu | I=0.0 A | PF=1.0000 | Breaker=OPEN
Power flow error: cannot convert float NaN to integer

 2026-05-16 23:27:11
numba cannot be imported and numba functions are disabled.
Probably the execution is slow.
Please install numba to gain a massive speedup.
(or if you prefer slow execution, set the flag numba=False to avoid this warning!)
Bus 1 | V=1.020 pu | I=0.0 A | PF=1.0000 | Breaker=OPEN
Power flow error: cannot convert float NaN to integer

 2026-05-16 23:27:15
numba cannot be imported and numba functions are disabled.
Probably the execution is slow.
Please install numba to gain a massive speedup.
(or if you prefer slow execution, set the flag numba=False to avoid this warning!)
Bus 1 | V=1.020 pu | I=0.0 A | PF=1.0000 | Breaker=OPEN
Power flow error: cannot convert float NaN to integer

 2026-05-16 23:27:19
numba cannot be imported and numba functions are disabled.
Probably the execution is slow.
Please install numba to gain a massive speedup.
(or if you prefer slow execution, set the flag numba=False to avoid this warning!)
Bus 1 | V=1.020 pu | I=0.0 A | PF=1.0000 | Breaker=OPEN
Power flow error: cannot convert float NaN to integer

 2026-05-16 23:27:23
numba cannot be imported and numba functions are disabled.
Probably the execution is slow.
Please install numba to gain a massive speedup.
(or if you prefer slow execution, set the flag numba=False to avoid this warning!)
Bus 1 | V=1.020 pu | I=0.0 A | PF=1.0000 | Breaker=OPEN
Power flow error: cannot convert float NaN to integer

 2026-05-16 23:27:27
numba cannot be imported and numba functions are disabled.
Probably the execution is slow.
Please install numba to gain a massive speedup.
(or if you prefer slow execution, set the flag numba=False to avoid this warning!)
Bus 1 | V=1.020 pu | I=0.0 A | PF=1.0000 | Breaker=OPEN
Power flow error: cannot convert float NaN to integer

 2026-05-16 23:27:31
numba cannot be imported and numba functions are disabled.
Probably the execution is slow.
Please install numba to gain a massive speedup.
(or if you prefer slow execution, set the flag numba=False to avoid this warning!)
Bus 1 | V=1.020 pu | I=0.0 A | PF=1.0000 | Breaker=OPEN
Power flow error: cannot convert float NaN to integer

 2026-05-16 23:27:35
numba cannot be imported and numba functions are disabled.
Probably the execution is slow.
Please install numba to gain a massive speedup.
(or if you prefer slow execution, set the flag numba=False to avoid this warning!)
Bus 1 | V=1.020 pu | I=0.0 A | PF=1.0000 | Breaker=OPEN
Power flow error: cannot convert float NaN to integer

 2026-05-16 23:27:39
numba cannot be imported and numba functions are disabled.
Probably the execution is slow.
Please install numba to gain a massive speedup.
(or if you prefer slow execution, set the flag numba=False to avoid this warning!)
Bus 1 | V=1.020 pu | I=0.0 A | PF=1.0000 | Breaker=OPEN
Power flow error: cannot convert float NaN to integer

 2026-05-16 23:27:43
numba cannot be imported and numba functions are disabled.
Probably the execution is slow.
Please install numba to gain a massive speedup.
(or if you prefer slow execution, set the flag numba=False to avoid this warning!)
Bus 1 | V=1.020 pu | I=0.0 A | PF=1.0000 | Breaker=OPEN
Power flow error: cannot convert float NaN to integer

 2026-05-16 23:27:47
numba cannot be imported and numba functions are disabled.
Probably the execution is slow.
Please install numba to gain a massive speedup.
(or if you prefer slow execution, set the flag numba=False to avoid this warning!)
Bus 1 | V=1.020 pu | I=0.0 A | PF=1.0000 | Breaker=OPEN
Power flow error: cannot convert float NaN to integer

 2026-05-16 23:27:51
numba cannot be imported and numba functions are disabled.
Probably the execution is slow.
Please install numba to gain a massive speedup.
(or if you prefer slow execution, set the flag numba=False to avoid this warning!)
Bus 1 | V=1.020 pu | I=0.0 A | PF=1.0000 | Breaker=OPEN
Power flow error: cannot convert float NaN to integer

 2026-05-16 23:27:55
numba cannot be imported and numba functions are disabled.
Probably the execution is slow.
Please install numba to gain a massive speedup.
(or if you prefer slow execution, set the flag numba=False to avoid this warning!)
Bus 1 | V=1.020 pu | I=0.0 A | PF=1.0000 | Breaker=OPEN
Power flow error: cannot convert float NaN to integer

 2026-05-16 23:27:59
numba cannot be imported and numba functions are disabled.
Probably the execution is slow.
Please install numba to gain a massive speedup.
(or if you prefer slow execution, set the flag numba=False to avoid this warning!)
Bus 1 | V=1.020 pu | I=0.0 A | PF=1.0000 | Breaker=OPEN
Power flow error: cannot convert float NaN to integer

 2026-05-16 23:28:03
numba cannot be imported and numba functions are disabled.
Probably the execution is slow.
Please install numba to gain a massive speedup.
(or if you prefer slow execution, set the flag numba=False to avoid this warning!)
Bus 1 | V=1.020 pu | I=0.0 A | PF=1.0000 | Breaker=OPEN
Power flow error: cannot convert float NaN to integer

 2026-05-16 23:28:07
numba cannot be imported and numba functions are disabled.
Probably the execution is slow.
Please install numba to gain a massive speedup.
(or if you prefer slow execution, set the flag numba=False to avoid this warning!)
Bus 1 | V=1.020 pu | I=0.0 A | PF=1.0000 | Breaker=OPEN
Power flow error: cannot convert float NaN to integer

 2026-05-16 23:28:11
numba cannot be imported and numba functions are disabled.
Probably the execution is slow.
Please install numba to gain a massive speedup.
(or if you prefer slow execution, set the flag numba=False to avoid this warning!)
Bus 1 | V=1.020 pu | I=0.0 A | PF=1.0000 | Breaker=OPEN
Power flow error: cannot convert float NaN to integer

 2026-05-16 23:28:16
numba cannot be imported and numba functions are disabled.
Probably the execution is slow.
Please install numba to gain a massive speedup.
(or if you prefer slow execution, set the flag numba=False to avoid this warning!)
Bus 1 | V=1.020 pu | I=0.0 A | PF=1.0000 | Breaker=OPEN
Power flow error: cannot convert float NaN to integer

 2026-05-16 23:28:20
numba cannot be imported and numba functions are disabled.
Probably the execution is slow.
Please install numba to gain a massive speedup.
(or if you prefer slow execution, set the flag numba=False to avoid this warning!)
Bus 1 | V=1.020 pu | I=0.0 A | PF=1.0000 | Breaker=OPEN
Power flow error: cannot convert float NaN to integer

 2026-05-16 23:28:24
numba cannot be imported and numba functions are disabled.
Probably the execution is slow.
Please install numba to gain a massive speedup.
(or if you prefer slow execution, set the flag numba=False to avoid this warning!)
Bus 1 | V=1.020 pu | I=0.0 A | PF=1.0000 | Breaker=OPEN
Power flow error: cannot convert float NaN to integer

 2026-05-16 23:28:28
numba cannot be imported and numba functions are disabled.
Probably the execution is slow.
Please install numba to gain a massive speedup.
(or if you prefer slow execution, set the flag numba=False to avoid this warning!)
Bus 1 | V=1.020 pu | I=0.0 A | PF=1.0000 | Breaker=OPEN
Power flow error: cannot convert float NaN to integer

 2026-05-16 23:28:32
numba cannot be imported and numba functions are disabled.
Probably the execution is slow.
Please install numba to gain a massive speedup.
(or if you prefer slow execution, set the flag numba=False to avoid this warning!)
Bus 1 | V=1.020 pu | I=0.0 A | PF=1.0000 | Breaker=OPEN
Power flow error: cannot convert float NaN to integer

 2026-05-16 23:28:36
numba cannot be imported and numba functions are disabled.
Probably the execution is slow.
Please install numba to gain a massive speedup.
(or if you prefer slow execution, set the flag numba=False to avoid this warning!)
Bus 1 | V=1.020 pu | I=0.0 A | PF=1.0000 | Breaker=OPEN
Power flow error: cannot convert float NaN to integer

 2026-05-16 23:28:40
numba cannot be imported and numba functions are disabled.
Probably the execution is slow.
Please install numba to gain a massive speedup.
(or if you prefer slow execution, set the flag numba=False to avoid this warning!)
Bus 1 | V=1.020 pu | I=0.0 A | PF=1.0000 | Breaker=OPEN
Power flow error: cannot convert float NaN to integer

 2026-05-16 23:28:44
numba cannot be imported and numba functions are disabled.
Probably the execution is slow.
Please install numba to gain a massive speedup.
(or if you prefer slow execution, set the flag numba=False to avoid this warning!)
Bus 1 | V=1.020 pu | I=0.0 A | PF=1.0000 | Breaker=OPEN
Power flow error: cannot convert float NaN to integer

 2026-05-16 23:28:48
numba cannot be imported and numba functions are disabled.
Probably the execution is slow.
Please install numba to gain a massive speedup.
(or if you prefer slow execution, set the flag numba=False to avoid this warning!)
Bus 1 | V=1.020 pu | I=0.0 A | PF=1.0000 | Breaker=OPEN
Power flow error: cannot convert float NaN to integer

 2026-05-16 23:28:52
numba cannot be imported and numba functions are disabled.
Probably the execution is slow.
Please install numba to gain a massive speedup.
(or if you prefer slow execution, set the flag numba=False to avoid this warning!)
Bus 1 | V=1.020 pu | I=0.0 A | PF=1.0000 | Breaker=OPEN
Power flow error: cannot convert float NaN to integer

 2026-05-16 23:28:56
numba cannot be imported and numba functions are disabled.
Probably the execution is slow.
Please install numba to gain a massive speedup.
(or if you prefer slow execution, set the flag numba=False to avoid this warning!)
Bus 1 | V=1.020 pu | I=0.0 A | PF=1.0000 | Breaker=OPEN
Power flow error: cannot convert float NaN to integer

 2026-05-16 23:29:00
numba cannot be imported and numba functions are disabled.
Probably the execution is slow.
Please install numba to gain a massive speedup.
(or if you prefer slow execution, set the flag numba=False to avoid this warning!)
Bus 1 | V=1.020 pu | I=0.0 A | PF=1.0000 | Breaker=OPEN
Power flow error: cannot convert float NaN to integer

 2026-05-16 23:29:04
numba cannot be imported and numba functions are disabled.
Probably the execution is slow.
Please install numba to gain a massive speedup.
(or if you prefer slow execution, set the flag numba=False to avoid this warning!)
Bus 1 | V=1.020 pu | I=0.0 A | PF=1.0000 | Breaker=OPEN
Power flow error: cannot convert float NaN to integer

 2026-05-16 23:29:08
numba cannot be imported and numba functions are disabled.
Probably the execution is slow.
Please install numba to gain a massive speedup.
(or if you prefer slow execution, set the flag numba=False to avoid this warning!)
Bus 1 | V=1.020 pu | I=0.0 A | PF=1.0000 | Breaker=OPEN
Power flow error: cannot convert float NaN to integer

 2026-05-16 23:29:12
numba cannot be imported and numba functions are disabled.
Probably the execution is slow.
Please install numba to gain a massive speedup.
(or if you prefer slow execution, set the flag numba=False to avoid this warning!)
Bus 1 | V=1.020 pu | I=0.0 A | PF=1.0000 | Breaker=OPEN
Power flow error: cannot convert float NaN to integer

 2026-05-16 23:29:16
numba cannot be imported and numba functions are disabled.
Probably the execution is slow.
Please install numba to gain a massive speedup.
(or if you prefer slow execution, set the flag numba=False to avoid this warning!)
Bus 1 | V=1.020 pu | I=0.0 A | PF=1.0000 | Breaker=OPEN
Power flow error: cannot convert float NaN to integer

 2026-05-16 23:29:20
numba cannot be imported and numba functions are disabled.
Probably the execution is slow.
Please install numba to gain a massive speedup.
(or if you prefer slow execution, set the flag numba=False to avoid this warning!)
Bus 1 | V=1.020 pu | I=0.0 A | PF=1.0000 | Breaker=OPEN
Power flow error: cannot convert float NaN to integer

 2026-05-16 23:29:24
numba cannot be imported and numba functions are disabled.
Probably the execution is slow.
Please install numba to gain a massive speedup.
(or if you prefer slow execution, set the flag numba=False to avoid this warning!)
Bus 1 | V=1.020 pu | I=0.0 A | PF=1.0000 | Breaker=OPEN
Power flow error: cannot convert float NaN to integer

 2026-05-16 23:29:28
numba cannot be imported and numba functions are disabled.
Probably the execution is slow.
Please install numba to gain a massive speedup.
(or if you prefer slow execution, set the flag numba=False to avoid this warning!)
Bus 1 | V=1.020 pu | I=0.0 A | PF=1.0000 | Breaker=OPEN
Power flow error: cannot convert float NaN to integer

 2026-05-16 23:29:32
numba cannot be imported and numba functions are disabled.
Probably the execution is slow.
Please install numba to gain a massive speedup.
(or if you prefer slow execution, set the flag numba=False to avoid this warning!)
Bus 1 | V=1.020 pu | I=0.0 A | PF=1.0000 | Breaker=OPEN
Power flow error: cannot convert float NaN to integer

 2026-05-16 23:29:36
numba cannot be imported and numba functions are disabled.
Probably the execution is slow.
Please install numba to gain a massive speedup.
(or if you prefer slow execution, set the flag numba=False to avoid this warning!)
Bus 1 | V=1.020 pu | I=0.0 A | PF=1.0000 | Breaker=OPEN
Power flow error: cannot convert float NaN to integer

 2026-05-16 23:29:40
numba cannot be imported and numba functions are disabled.
Probably the execution is slow.
Please install numba to gain a massive speedup.
(or if you prefer slow execution, set the flag numba=False to avoid this warning!)
Bus 1 | V=1.020 pu | I=0.0 A | PF=1.0000 | Breaker=OPEN
Power flow error: cannot convert float NaN to integer

 2026-05-16 23:29:44
numba cannot be imported and numba functions are disabled.
Probably the execution is slow.
Please install numba to gain a massive speedup.
(or if you prefer slow execution, set the flag numba=False to avoid this warning!)
Bus 1 | V=1.020 pu | I=0.0 A | PF=1.0000 | Breaker=OPEN
Power flow error: cannot convert float NaN to integer

 2026-05-16 23:29:48
numba cannot be imported and numba functions are disabled.
Probably the execution is slow.
Please install numba to gain a massive speedup.
(or if you prefer slow execution, set the flag numba=False to avoid this warning!)
Bus 1 | V=1.020 pu | I=0.0 A | PF=1.0000 | Breaker=OPEN
Power flow error: cannot convert float NaN to integer

 2026-05-16 23:29:52
numba cannot be imported and numba functions are disabled.
Probably the execution is slow.
Please install numba to gain a massive speedup.
(or if you prefer slow execution, set the flag numba=False to avoid this warning!)
Bus 1 | V=1.020 pu | I=0.0 A | PF=1.0000 | Breaker=OPEN
Power flow error: cannot convert float NaN to integer

 2026-05-16 23:29:56
numba cannot be imported and numba functions are disabled.
Probably the execution is slow.
Please install numba to gain a massive speedup.
(or if you prefer slow execution, set the flag numba=False to avoid this warning!)
Bus 1 | V=1.020 pu | I=0.0 A | PF=1.0000 | Breaker=OPEN
Power flow error: cannot convert float NaN to integer

 2026-05-16 23:30:00
numba cannot be imported and numba functions are disabled.
Probably the execution is slow.
Please install numba to gain a massive speedup.
(or if you prefer slow execution, set the flag numba=False to avoid this warning!)
Bus 1 | V=1.020 pu | I=0.0 A | PF=1.0000 | Breaker=OPEN
Power flow error: cannot convert float NaN to integer

 2026-05-16 23:30:04
numba cannot be imported and numba functions are disabled.
Probably the execution is slow.
Please install numba to gain a massive speedup.
(or if you prefer slow execution, set the flag numba=False to avoid this warning!)
Bus 1 | V=1.020 pu | I=0.0 A | PF=1.0000 | Breaker=OPEN
Power flow error: cannot convert float NaN to integer

 2026-05-16 23:30:08
numba cannot be imported and numba functions are disabled.
Probably the execution is slow.
Please install numba to gain a massive speedup.
(or if you prefer slow execution, set the flag numba=False to avoid this warning!)
Bus 1 | V=1.020 pu | I=0.0 A | PF=1.0000 | Breaker=OPEN
Power flow error: cannot convert float NaN to integer

 2026-05-16 23:30:12
numba cannot be imported and numba functions are disabled.
Probably the execution is slow.
Please install numba to gain a massive speedup.
(or if you prefer slow execution, set the flag numba=False to avoid this warning!)
Bus 1 | V=1.020 pu | I=0.0 A | PF=1.0000 | Breaker=OPEN
Power flow error: cannot convert float NaN to integer

 2026-05-16 23:30:16
numba cannot be imported and numba functions are disabled.
Probably the execution is slow.
Please install numba to gain a massive speedup.
(or if you prefer slow execution, set the flag numba=False to avoid this warning!)
Bus 1 | V=1.020 pu | I=0.0 A | PF=1.0000 | Breaker=OPEN
Power flow error: cannot convert float NaN to integer

 2026-05-16 23:30:20
numba cannot be imported and numba functions are disabled.
Probably the execution is slow.
Please install numba to gain a massive speedup.
(or if you prefer slow execution, set the flag numba=False to avoid this warning!)
Bus 1 | V=1.020 pu | I=0.0 A | PF=1.0000 | Breaker=OPEN
Power flow error: cannot convert float NaN to integer

 2026-05-16 23:30:24
numba cannot be imported and numba functions are disabled.
Probably the execution is slow.
Please install numba to gain a massive speedup.
(or if you prefer slow execution, set the flag numba=False to avoid this warning!)
Bus 1 | V=1.020 pu | I=0.0 A | PF=1.0000 | Breaker=OPEN
Power flow error: cannot convert float NaN to integer

 2026-05-16 23:30:28
numba cannot be imported and numba functions are disabled.
Probably the execution is slow.
Please install numba to gain a massive speedup.
(or if you prefer slow execution, set the flag numba=False to avoid this warning!)
Bus 1 | V=1.020 pu | I=0.0 A | PF=1.0000 | Breaker=OPEN
Power flow error: cannot convert float NaN to integer

 2026-05-16 23:30:32
numba cannot be imported and numba functions are disabled.
Probably the execution is slow.
Please install numba to gain a massive speedup.
(or if you prefer slow execution, set the flag numba=False to avoid this warning!)
Bus 1 | V=1.020 pu | I=0.0 A | PF=1.0000 | Breaker=OPEN
Power flow error: cannot convert float NaN to integer

 2026-05-16 23:30:36
numba cannot be imported and numba functions are disabled.
Probably the execution is slow.
Please install numba to gain a massive speedup.
(or if you prefer slow execution, set the flag numba=False to avoid this warning!)
Bus 1 | V=1.020 pu | I=0.0 A | PF=1.0000 | Breaker=OPEN
Power flow error: cannot convert float NaN to integer

 2026-05-16 23:30:40
numba cannot be imported and numba functions are disabled.
Probably the execution is slow.
Please install numba to gain a massive speedup.
(or if you prefer slow execution, set the flag numba=False to avoid this warning!)
Bus 1 | V=1.020 pu | I=0.0 A | PF=1.0000 | Breaker=OPEN
Power flow error: cannot convert float NaN to integer

 2026-05-16 23:30:44
numba cannot be imported and numba functions are disabled.
Probably the execution is slow.
Please install numba to gain a massive speedup.
(or if you prefer slow execution, set the flag numba=False to avoid this warning!)
Bus 1 | V=1.020 pu | I=0.0 A | PF=1.0000 | Breaker=OPEN
Power flow error: cannot convert float NaN to integer

 2026-05-16 23:30:48
numba cannot be imported and numba functions are disabled.
Probably the execution is slow.
Please install numba to gain a massive speedup.
(or if you prefer slow execution, set the flag numba=False to avoid this warning!)
Bus 1 | V=1.020 pu | I=0.0 A | PF=1.0000 | Breaker=OPEN
Power flow error: cannot convert float NaN to integer

 2026-05-16 23:30:52
numba cannot be imported and numba functions are disabled.
Probably the execution is slow.
Please install numba to gain a massive speedup.
(or if you prefer slow execution, set the flag numba=False to avoid this warning!)
Bus 1 | V=1.020 pu | I=0.0 A | PF=1.0000 | Breaker=OPEN
Power flow error: cannot convert float NaN to integer

 2026-05-16 23:30:56
numba cannot be imported and numba functions are disabled.
Probably the execution is slow.
Please install numba to gain a massive speedup.
(or if you prefer slow execution, set the flag numba=False to avoid this warning!)
Bus 1 | V=1.020 pu | I=0.0 A | PF=1.0000 | Breaker=OPEN
Power flow error: cannot convert float NaN to integer

 2026-05-16 23:31:00
numba cannot be imported and numba functions are disabled.
Probably the execution is slow.
Please install numba to gain a massive speedup.
(or if you prefer slow execution, set the flag numba=False to avoid this warning!)
Bus 1 | V=1.020 pu | I=0.0 A | PF=1.0000 | Breaker=OPEN
Power flow error: cannot convert float NaN to integer

 2026-05-16 23:31:05
numba cannot be imported and numba functions are disabled.
Probably the execution is slow.
Please install numba to gain a massive speedup.
(or if you prefer slow execution, set the flag numba=False to avoid this warning!)
Bus 1 | V=1.020 pu | I=0.0 A | PF=1.0000 | Breaker=OPEN
Power flow error: cannot convert float NaN to integer

 2026-05-16 23:31:09
numba cannot be imported and numba functions are disabled.
Probably the execution is slow.
Please install numba to gain a massive speedup.
(or if you prefer slow execution, set the flag numba=False to avoid this warning!)
Bus 1 | V=1.020 pu | I=0.0 A | PF=1.0000 | Breaker=OPEN
Power flow error: cannot convert float NaN to integer

 2026-05-16 23:31:13
numba cannot be imported and numba functions are disabled.
Probably the execution is slow.
Please install numba to gain a massive speedup.
(or if you prefer slow execution, set the flag numba=False to avoid this warning!)
Bus 1 | V=1.020 pu | I=0.0 A | PF=1.0000 | Breaker=OPEN
Power flow error: cannot convert float NaN to integer

 2026-05-16 23:31:17
numba cannot be imported and numba functions are disabled.
Probably the execution is slow.
Please install numba to gain a massive speedup.
(or if you prefer slow execution, set the flag numba=False to avoid this warning!)
Bus 1 | V=1.020 pu | I=0.0 A | PF=1.0000 | Breaker=OPEN
Power flow error: cannot convert float NaN to integer

 2026-05-16 23:31:21
numba cannot be imported and numba functions are disabled.
Probably the execution is slow.
Please install numba to gain a massive speedup.
(or if you prefer slow execution, set the flag numba=False to avoid this warning!)
Bus 1 | V=1.020 pu | I=0.0 A | PF=1.0000 | Breaker=OPEN
Power flow error: cannot convert float NaN to integer

 2026-05-16 23:31:25
numba cannot be imported and numba functions are disabled.
Probably the execution is slow.
Please install numba to gain a massive speedup.
(or if you prefer slow execution, set the flag numba=False to avoid this warning!)
Bus 1 | V=1.020 pu | I=0.0 A | PF=1.0000 | Breaker=OPEN
Power flow error: cannot convert float NaN to integer

 2026-05-16 23:31:29
numba cannot be imported and numba functions are disabled.
Probably the execution is slow.
Please install numba to gain a massive speedup.
(or if you prefer slow execution, set the flag numba=False to avoid this warning!)
Bus 1 | V=1.020 pu | I=0.0 A | PF=1.0000 | Breaker=OPEN
Power flow error: cannot convert float NaN to integer

 2026-05-16 23:31:33
numba cannot be imported and numba functions are disabled.
Probably the execution is slow.
Please install numba to gain a massive speedup.
(or if you prefer slow execution, set the flag numba=False to avoid this warning!)
Bus 1 | V=1.020 pu | I=0.0 A | PF=1.0000 | Breaker=OPEN
Power flow error: cannot convert float NaN to integer

 2026-05-16 23:31:37
numba cannot be imported and numba functions are disabled.
Probably the execution is slow.
Please install numba to gain a massive speedup.
(or if you prefer slow execution, set the flag numba=False to avoid this warning!)
Bus 1 | V=1.020 pu | I=0.0 A | PF=1.0000 | Breaker=OPEN
Power flow error: cannot convert float NaN to integer

 2026-05-16 23:31:41
numba cannot be imported and numba functions are disabled.
Probably the execution is slow.
Please install numba to gain a massive speedup.
(or if you prefer slow execution, set the flag numba=False to avoid this warning!)
Bus 1 | V=1.020 pu | I=0.0 A | PF=1.0000 | Breaker=OPEN
Power flow error: cannot convert float NaN to integer

 2026-05-16 23:31:45
numba cannot be imported and numba functions are disabled.
Probably the execution is slow.
Please install numba to gain a massive speedup.
(or if you prefer slow execution, set the flag numba=False to avoid this warning!)
Bus 1 | V=1.020 pu | I=0.0 A | PF=1.0000 | Breaker=OPEN
Power flow error: cannot convert float NaN to integer

 2026-05-16 23:31:49
numba cannot be imported and numba functions are disabled.
Probably the execution is slow.
Please install numba to gain a massive speedup.
(or if you prefer slow execution, set the flag numba=False to avoid this warning!)
Bus 1 | V=1.020 pu | I=0.0 A | PF=1.0000 | Breaker=OPEN
Power flow error: cannot convert float NaN to integer

 2026-05-16 23:31:53
numba cannot be imported and numba functions are disabled.
Probably the execution is slow.
Please install numba to gain a massive speedup.
(or if you prefer slow execution, set the flag numba=False to avoid this warning!)
Bus 1 | V=1.020 pu | I=0.0 A | PF=1.0000 | Breaker=OPEN
Power flow error: cannot convert float NaN to integer

 2026-05-16 23:31:57
numba cannot be imported and numba functions are disabled.
Probably the execution is slow.
Please install numba to gain a massive speedup.
(or if you prefer slow execution, set the flag numba=False to avoid this warning!)
Bus 1 | V=1.020 pu | I=0.0 A | PF=1.0000 | Breaker=OPEN
Power flow error: cannot convert float NaN to integer

 2026-05-16 23:32:01
numba cannot be imported and numba functions are disabled.
Probably the execution is slow.
Please install numba to gain a massive speedup.
(or if you prefer slow execution, set the flag numba=False to avoid this warning!)
Bus 1 | V=1.020 pu | I=0.0 A | PF=1.0000 | Breaker=OPEN
Power flow error: cannot convert float NaN to integer

 2026-05-16 23:32:05
numba cannot be imported and numba functions are disabled.
Probably the execution is slow.
Please install numba to gain a massive speedup.
(or if you prefer slow execution, set the flag numba=False to avoid this warning!)
Bus 1 | V=1.020 pu | I=0.0 A | PF=1.0000 | Breaker=OPEN
Power flow error: cannot convert float NaN to integer

 2026-05-16 23:32:09
numba cannot be imported and numba functions are disabled.
Probably the execution is slow.
Please install numba to gain a massive speedup.
(or if you prefer slow execution, set the flag numba=False to avoid this warning!)
Bus 1 | V=1.020 pu | I=0.0 A | PF=1.0000 | Breaker=OPEN
Power flow error: cannot convert float NaN to integer

 2026-05-16 23:32:13
numba cannot be imported and numba functions are disabled.
Probably the execution is slow.
Please install numba to gain a massive speedup.
(or if you prefer slow execution, set the flag numba=False to avoid this warning!)
Bus 1 | V=1.020 pu | I=0.0 A | PF=1.0000 | Breaker=OPEN
Power flow error: cannot convert float NaN to integer

 2026-05-16 23:32:17
numba cannot be imported and numba functions are disabled.
Probably the execution is slow.
Please install numba to gain a massive speedup.
(or if you prefer slow execution, set the flag numba=False to avoid this warning!)
Bus 1 | V=1.020 pu | I=0.0 A | PF=1.0000 | Breaker=OPEN
Power flow error: cannot convert float NaN to integer

 2026-05-16 23:32:21
numba cannot be imported and numba functions are disabled.
Probably the execution is slow.
Please install numba to gain a massive speedup.
(or if you prefer slow execution, set the flag numba=False to avoid this warning!)
Bus 1 | V=1.020 pu | I=0.0 A | PF=1.0000 | Breaker=OPEN
Power flow error: cannot convert float NaN to integer

 2026-05-16 23:32:25
numba cannot be imported and numba functions are disabled.
Probably the execution is slow.
Please install numba to gain a massive speedup.
(or if you prefer slow execution, set the flag numba=False to avoid this warning!)
Bus 1 | V=1.020 pu | I=0.0 A | PF=1.0000 | Breaker=OPEN
Power flow error: cannot convert float NaN to integer

 2026-05-16 23:32:29
numba cannot be imported and numba functions are disabled.
Probably the execution is slow.
Please install numba to gain a massive speedup.
(or if you prefer slow execution, set the flag numba=False to avoid this warning!)
Bus 1 | V=1.020 pu | I=0.0 A | PF=1.0000 | Breaker=OPEN
Power flow error: cannot convert float NaN to integer

 2026-05-16 23:32:33
numba cannot be imported and numba functions are disabled.
Probably the execution is slow.
Please install numba to gain a massive speedup.
(or if you prefer slow execution, set the flag numba=False to avoid this warning!)
Bus 1 | V=1.020 pu | I=0.0 A | PF=1.0000 | Breaker=OPEN
Power flow error: cannot convert float NaN to integer

 2026-05-16 23:32:37
numba cannot be imported and numba functions are disabled.
Probably the execution is slow.
Please install numba to gain a massive speedup.
(or if you prefer slow execution, set the flag numba=False to avoid this warning!)
Bus 1 | V=1.020 pu | I=0.0 A | PF=1.0000 | Breaker=OPEN
Power flow error: cannot convert float NaN to integer

 2026-05-16 23:32:41
numba cannot be imported and numba functions are disabled.
Probably the execution is slow.
Please install numba to gain a massive speedup.
(or if you prefer slow execution, set the flag numba=False to avoid this warning!)
Bus 1 | V=1.020 pu | I=0.0 A | PF=1.0000 | Breaker=OPEN
Power flow error: cannot convert float NaN to integer

 2026-05-16 23:32:45
numba cannot be imported and numba functions are disabled.
Probably the execution is slow.
Please install numba to gain a massive speedup.
(or if you prefer slow execution, set the flag numba=False to avoid this warning!)
Bus 1 | V=1.020 pu | I=0.0 A | PF=1.0000 | Breaker=OPEN
Power flow error: cannot convert float NaN to integer

 2026-05-16 23:32:49
numba cannot be imported and numba functions are disabled.
Probably the execution is slow.
Please install numba to gain a massive speedup.
(or if you prefer slow execution, set the flag numba=False to avoid this warning!)
Bus 1 | V=1.020 pu | I=0.0 A | PF=1.0000 | Breaker=OPEN
Power flow error: cannot convert float NaN to integer

 2026-05-16 23:32:53
numba cannot be imported and numba functions are disabled.
Probably the execution is slow.
Please install numba to gain a massive speedup.
(or if you prefer slow execution, set the flag numba=False to avoid this warning!)
Bus 1 | V=1.020 pu | I=0.0 A | PF=1.0000 | Breaker=OPEN
Power flow error: cannot convert float NaN to integer

 2026-05-16 23:32:57
numba cannot be imported and numba functions are disabled.
Probably the execution is slow.
Please install numba to gain a massive speedup.
(or if you prefer slow execution, set the flag numba=False to avoid this warning!)
Bus 1 | V=1.020 pu | I=0.0 A | PF=1.0000 | Breaker=OPEN
Power flow error: cannot convert float NaN to integer

 2026-05-16 23:33:01
numba cannot be imported and numba functions are disabled.
Probably the execution is slow.
Please install numba to gain a massive speedup.
(or if you prefer slow execution, set the flag numba=False to avoid this warning!)
Bus 1 | V=1.020 pu | I=0.0 A | PF=1.0000 | Breaker=OPEN
Power flow error: cannot convert float NaN to integer

 2026-05-16 23:33:05
numba cannot be imported and numba functions are disabled.
Probably the execution is slow.
Please install numba to gain a massive speedup.
(or if you prefer slow execution, set the flag numba=False to avoid this warning!)
Bus 1 | V=1.020 pu | I=0.0 A | PF=1.0000 | Breaker=OPEN
Power flow error: cannot convert float NaN to integer

 2026-05-16 23:33:09
numba cannot be imported and numba functions are disabled.
Probably the execution is slow.
Please install numba to gain a massive speedup.
(or if you prefer slow execution, set the flag numba=False to avoid this warning!)
Bus 1 | V=1.020 pu | I=0.0 A | PF=1.0000 | Breaker=OPEN
Power flow error: cannot convert float NaN to integer

 2026-05-16 23:33:13
numba cannot be imported and numba functions are disabled.
Probably the execution is slow.
Please install numba to gain a massive speedup.
(or if you prefer slow execution, set the flag numba=False to avoid this warning!)
Bus 1 | V=1.020 pu | I=0.0 A | PF=1.0000 | Breaker=OPEN
Power flow error: cannot convert float NaN to integer

 2026-05-16 23:33:17
numba cannot be imported and numba functions are disabled.
Probably the execution is slow.
Please install numba to gain a massive speedup.
(or if you prefer slow execution, set the flag numba=False to avoid this warning!)
Bus 1 | V=1.020 pu | I=0.0 A | PF=1.0000 | Breaker=OPEN
Power flow error: cannot convert float NaN to integer

 2026-05-16 23:33:21
numba cannot be imported and numba functions are disabled.
Probably the execution is slow.
Please install numba to gain a massive speedup.
(or if you prefer slow execution, set the flag numba=False to avoid this warning!)
Bus 1 | V=1.020 pu | I=0.0 A | PF=1.0000 | Breaker=OPEN
Power flow error: cannot convert float NaN to integer

 2026-05-16 23:33:26
numba cannot be imported and numba functions are disabled.
Probably the execution is slow.
Please install numba to gain a massive speedup.
(or if you prefer slow execution, set the flag numba=False to avoid this warning!)
Bus 1 | V=1.020 pu | I=0.0 A | PF=1.0000 | Breaker=OPEN
Power flow error: cannot convert float NaN to integer

 2026-05-16 23:33:30
numba cannot be imported and numba functions are disabled.
Probably the execution is slow.
Please install numba to gain a massive speedup.
(or if you prefer slow execution, set the flag numba=False to avoid this warning!)
Bus 1 | V=1.020 pu | I=0.0 A | PF=1.0000 | Breaker=OPEN
Power flow error: cannot convert float NaN to integer

 2026-05-16 23:33:34
numba cannot be imported and numba functions are disabled.
Probably the execution is slow.
Please install numba to gain a massive speedup.
(or if you prefer slow execution, set the flag numba=False to avoid this warning!)
Bus 1 | V=1.020 pu | I=0.0 A | PF=1.0000 | Breaker=OPEN
Power flow error: cannot convert float NaN to integer

 2026-05-16 23:33:38
numba cannot be imported and numba functions are disabled.
Probably the execution is slow.
Please install numba to gain a massive speedup.
(or if you prefer slow execution, set the flag numba=False to avoid this warning!)
Bus 1 | V=1.020 pu | I=0.0 A | PF=1.0000 | Breaker=OPEN
Power flow error: cannot convert float NaN to integer

 2026-05-16 23:33:42
numba cannot be imported and numba functions are disabled.
Probably the execution is slow.
Please install numba to gain a massive speedup.
(or if you prefer slow execution, set the flag numba=False to avoid this warning!)
Bus 1 | V=1.020 pu | I=0.0 A | PF=1.0000 | Breaker=OPEN
Power flow error: cannot convert float NaN to integer
