Connection to (10.0.1.2, 5020) failed: [Errno 111] Connection refused
Connection to FIELD (10.0.1.2:5020) failed (connect() returned False). Retrying in 1.0s...
Connection to (10.0.1.2, 5020) failed: [Errno 111] Connection refused
Connection to FIELD (10.0.1.2:5020) failed (connect() returned False). Retrying in 1.0s...
RTU measurement noise: seed=7 V_sigma=0.003 I_sigma=1.5


[2026-05-16 23:23:05] Bus 1: V=1.019 pu (raw 1.020) I=810.5 A (raw 809.7) PF=0.9603 FB=CLOSE CMD=CLOSE
[2026-05-16 23:23:05] Bus 2: V=1.009 pu (raw 1.010) I=398.2 A (raw 398.7) PF=0.9020 FB=CLOSE CMD=CLOSE
[2026-05-16 23:23:05] Bus 3: V=1.004 pu (raw 1.007) I=394.9 A (raw 395.2) PF=0.9001 FB=CLOSE CMD=CLOSE
[2026-05-16 23:23:05] Bus 4: V=1.013 pu (raw 1.010) I=479.1 A (raw 478.5) PF=0.8689 FB=CLOSE CMD=CLOSE
[2026-05-16 23:23:05] Bus 5: V=1.011 pu (raw 1.008) I=492.5 A (raw 492.1) PF=0.9771 FB=CLOSE CMD=CLOSE
DT_PATH_LAT,h2,1778948586.014910,1


[2026-05-16 23:23:10] Bus 1: V=1.021 pu (raw 1.020) I=851.0 A (raw 850.8) PF=0.9557 FB=CLOSE CMD=OPEN
[2026-05-16 23:23:10] Bus 2: V=1.004 pu (raw 1.009) I=441.6 A (raw 440.3) PF=0.9070 FB=CLOSE CMD=OPEN
[2026-05-16 23:23:10] Bus 3: V=1.008 pu (raw 1.006) I=430.1 A (raw 429.4) PF=0.8827 FB=CLOSE CMD=OPEN
[2026-05-16 23:23:10] Bus 4: V=1.005 pu (raw 1.010) I=490.1 A (raw 492.7) PF=0.8439 FB=CLOSE CMD=OPEN
[2026-05-16 23:23:10] Bus 5: V=1.005 pu (raw 1.008) I=467.1 A (raw 467.8) PF=0.9702 FB=CLOSE CMD=OPEN
DT_PATH_LAT,h2,1778948590.045042,2


[2026-05-16 23:23:14] Bus 1: V=1.021 pu (raw 1.020) I=0.0 A (raw 0.0) PF=1.0000 FB=OPEN CMD=OPEN
[2026-05-16 23:23:14] Bus 2: V=1.011 pu (raw 1.009) I=439.3 A (raw 440.3) PF=0.9070 FB=OPEN CMD=OPEN
[2026-05-16 23:23:14] Bus 3: V=1.007 pu (raw 1.006) I=430.0 A (raw 429.4) PF=0.8827 FB=OPEN CMD=OPEN
[2026-05-16 23:23:14] Bus 4: V=1.008 pu (raw 1.010) I=495.2 A (raw 492.7) PF=0.8439 FB=OPEN CMD=OPEN
[2026-05-16 23:23:14] Bus 5: V=1.010 pu (raw 1.008) I=469.6 A (raw 467.8) PF=0.9702 FB=OPEN CMD=CLOSE
DT_PATH_LAT,h2,1778948594.076555,3


[2026-05-16 23:23:18] Bus 1: V=1.018 pu (raw 1.020) I=0.0 A (raw 0.0) PF=1.0000 FB=OPEN CMD=OPEN
[2026-05-16 23:23:18] Bus 2: V=1.008 pu (raw 1.009) I=440.1 A (raw 440.3) PF=0.9070 FB=OPEN CMD=OPEN
[2026-05-16 23:23:18] Bus 3: V=1.008 pu (raw 1.006) I=429.8 A (raw 429.4) PF=0.8827 FB=OPEN CMD=OPEN
[2026-05-16 23:23:18] Bus 4: V=1.009 pu (raw 1.010) I=491.2 A (raw 492.7) PF=0.8439 FB=OPEN CMD=OPEN
[2026-05-16 23:23:18] Bus 5: V=1.006 pu (raw 1.008) I=469.7 A (raw 467.8) PF=0.9702 FB=CLOSE CMD=CLOSE
DT_PATH_LAT,h2,1778948598.110652,4


[2026-05-16 23:23:22] Bus 1: V=1.018 pu (raw 1.020) I=0.4 A (raw 0.0) PF=1.0000 FB=OPEN CMD=OPEN
[2026-05-16 23:23:22] Bus 2: V=1.010 pu (raw 1.009) I=438.1 A (raw 440.3) PF=0.9070 FB=OPEN CMD=OPEN
[2026-05-16 23:23:22] Bus 3: V=1.006 pu (raw 1.006) I=431.4 A (raw 429.4) PF=0.8827 FB=OPEN CMD=OPEN
[2026-05-16 23:23:22] Bus 4: V=1.004 pu (raw 1.010) I=492.2 A (raw 492.7) PF=0.8439 FB=OPEN CMD=OPEN
[2026-05-16 23:23:22] Bus 5: V=1.008 pu (raw 1.008) I=466.6 A (raw 467.8) PF=0.9702 FB=CLOSE CMD=OPEN
DT_PATH_LAT,h2,1778948602.147810,5


[2026-05-16 23:23:26] Bus 1: V=1.021 pu (raw 1.020) I=0.0 A (raw 0.0) PF=1.0000 FB=OPEN CMD=OPEN
[2026-05-16 23:23:26] Bus 2: V=1.005 pu (raw 1.009) I=441.5 A (raw 440.3) PF=0.9070 FB=OPEN CMD=OPEN
[2026-05-16 23:23:26] Bus 3: V=1.008 pu (raw 1.006) I=430.8 A (raw 429.4) PF=0.8827 FB=OPEN CMD=OPEN
[2026-05-16 23:23:26] Bus 4: V=1.014 pu (raw 1.010) I=493.2 A (raw 492.7) PF=0.8439 FB=OPEN CMD=OPEN
[2026-05-16 23:23:26] Bus 5: V=1.008 pu (raw 1.008) I=465.9 A (raw 467.8) PF=0.9702 FB=OPEN CMD=CLOSE
DT_PATH_LAT,h2,1778948606.180514,6


[2026-05-16 23:23:30] Bus 1: V=1.022 pu (raw 1.020) I=0.0 A (raw 0.0) PF=1.0000 FB=OPEN CMD=OPEN
[2026-05-16 23:23:30] Bus 2: V=1.008 pu (raw 1.009) I=438.4 A (raw 440.3) PF=0.9070 FB=OPEN CMD=OPEN
[2026-05-16 23:23:30] Bus 3: V=1.003 pu (raw 1.006) I=428.6 A (raw 429.4) PF=0.8827 FB=OPEN CMD=OPEN
[2026-05-16 23:23:30] Bus 4: V=1.014 pu (raw 1.010) I=489.6 A (raw 492.7) PF=0.8439 FB=OPEN CMD=OPEN
[2026-05-16 23:23:30] Bus 5: V=1.004 pu (raw 1.008) I=468.2 A (raw 467.8) PF=0.9702 FB=CLOSE CMD=CLOSE
DT_PATH_LAT,h2,1778948610.213842,7


[2026-05-16 23:23:34] Bus 1: V=1.024 pu (raw 1.020) I=0.9 A (raw 0.0) PF=1.0000 FB=OPEN CMD=OPEN
[2026-05-16 23:23:34] Bus 2: V=1.003 pu (raw 1.009) I=436.5 A (raw 440.3) PF=0.9070 FB=OPEN CMD=OPEN
[2026-05-16 23:23:34] Bus 3: V=1.007 pu (raw 1.006) I=428.3 A (raw 429.4) PF=0.8827 FB=OPEN CMD=OPEN
[2026-05-16 23:23:34] Bus 4: V=1.007 pu (raw 1.010) I=494.1 A (raw 492.7) PF=0.8439 FB=OPEN CMD=OPEN
[2026-05-16 23:23:34] Bus 5: V=1.011 pu (raw 1.008) I=468.1 A (raw 467.8) PF=0.9702 FB=CLOSE CMD=OPEN
DT_PATH_LAT,h2,1778948614.247881,8


[2026-05-16 23:23:38] Bus 1: V=1.021 pu (raw 1.020) I=0.7 A (raw 0.0) PF=1.0000 FB=OPEN CMD=OPEN
[2026-05-16 23:23:38] Bus 2: V=1.014 pu (raw 1.009) I=441.2 A (raw 440.3) PF=0.9070 FB=OPEN CMD=OPEN
[2026-05-16 23:23:38] Bus 3: V=1.008 pu (raw 1.006) I=430.2 A (raw 429.4) PF=0.8827 FB=OPEN CMD=OPEN
[2026-05-16 23:23:38] Bus 4: V=1.005 pu (raw 1.010) I=494.6 A (raw 492.7) PF=0.8439 FB=OPEN CMD=OPEN
[2026-05-16 23:23:38] Bus 5: V=1.011 pu (raw 1.008) I=468.6 A (raw 467.8) PF=0.9702 FB=OPEN CMD=CLOSE
DT_PATH_LAT,h2,1778948618.285993,9


[2026-05-16 23:23:42] Bus 1: V=1.014 pu (raw 1.020) I=0.0 A (raw 0.0) PF=1.0000 FB=OPEN CMD=OPEN
[2026-05-16 23:23:42] Bus 2: V=1.012 pu (raw 1.009) I=437.6 A (raw 440.3) PF=0.9070 FB=OPEN CMD=OPEN
[2026-05-16 23:23:42] Bus 3: V=1.005 pu (raw 1.006) I=430.9 A (raw 429.4) PF=0.8827 FB=OPEN CMD=OPEN
[2026-05-16 23:23:42] Bus 4: V=1.006 pu (raw 1.010) I=495.1 A (raw 492.7) PF=0.8439 FB=OPEN CMD=OPEN
[2026-05-16 23:23:42] Bus 5: V=1.010 pu (raw 1.008) I=467.6 A (raw 467.8) PF=0.9702 FB=CLOSE CMD=CLOSE
DT_PATH_LAT,h2,1778948622.321455,10


[2026-05-16 23:23:46] Bus 1: V=1.021 pu (raw 1.020) I=1.0 A (raw 0.0) PF=1.0000 FB=OPEN CMD=OPEN
[2026-05-16 23:23:46] Bus 2: V=1.009 pu (raw 1.009) I=442.0 A (raw 440.3) PF=0.9070 FB=OPEN CMD=OPEN
[2026-05-16 23:23:46] Bus 3: V=1.004 pu (raw 1.006) I=428.8 A (raw 429.4) PF=0.8827 FB=OPEN CMD=OPEN
[2026-05-16 23:23:46] Bus 4: V=1.013 pu (raw 1.010) I=492.7 A (raw 492.7) PF=0.8439 FB=OPEN CMD=OPEN
[2026-05-16 23:23:46] Bus 5: V=1.005 pu (raw 1.008) I=469.3 A (raw 467.8) PF=0.9702 FB=CLOSE CMD=OPEN
DT_PATH_LAT,h2,1778948626.353026,11


[2026-05-16 23:23:50] Bus 1: V=1.024 pu (raw 1.020) I=0.0 A (raw 0.0) PF=1.0000 FB=OPEN CMD=OPEN
[2026-05-16 23:23:50] Bus 2: V=1.005 pu (raw 1.009) I=440.1 A (raw 440.3) PF=0.9070 FB=OPEN CMD=OPEN
[2026-05-16 23:23:50] Bus 3: V=1.006 pu (raw 1.006) I=429.0 A (raw 429.4) PF=0.8827 FB=OPEN CMD=OPEN
[2026-05-16 23:23:50] Bus 4: V=1.014 pu (raw 1.010) I=491.1 A (raw 492.7) PF=0.8439 FB=OPEN CMD=OPEN
[2026-05-16 23:23:50] Bus 5: V=1.012 pu (raw 1.008) I=465.9 A (raw 467.8) PF=0.9702 FB=OPEN CMD=CLOSE
DT_PATH_LAT,h2,1778948630.387559,12


[2026-05-16 23:23:54] Bus 1: V=1.018 pu (raw 1.020) I=0.9 A (raw 0.0) PF=1.0000 FB=OPEN CMD=OPEN
[2026-05-16 23:23:54] Bus 2: V=1.012 pu (raw 1.009) I=441.6 A (raw 440.3) PF=0.9070 FB=OPEN CMD=OPEN
[2026-05-16 23:23:54] Bus 3: V=1.007 pu (raw 1.006) I=429.6 A (raw 429.4) PF=0.8827 FB=OPEN CMD=OPEN
[2026-05-16 23:23:54] Bus 4: V=1.010 pu (raw 1.010) I=493.5 A (raw 492.7) PF=0.8439 FB=OPEN CMD=OPEN
[2026-05-16 23:23:54] Bus 5: V=1.007 pu (raw 1.008) I=468.2 A (raw 467.8) PF=0.9702 FB=CLOSE CMD=CLOSE
DT_PATH_LAT,h2,1778948634.426040,13


[2026-05-16 23:23:58] Bus 1: V=1.022 pu (raw 1.020) I=0.0 A (raw 0.0) PF=1.0000 FB=OPEN CMD=OPEN
[2026-05-16 23:23:58] Bus 2: V=1.011 pu (raw 1.009) I=441.1 A (raw 440.3) PF=0.9070 FB=OPEN CMD=OPEN
[2026-05-16 23:23:58] Bus 3: V=1.012 pu (raw 1.006) I=429.9 A (raw 429.4) PF=0.8827 FB=OPEN CMD=OPEN
[2026-05-16 23:23:58] Bus 4: V=1.009 pu (raw 1.010) I=492.1 A (raw 492.7) PF=0.8439 FB=OPEN CMD=OPEN
[2026-05-16 23:23:58] Bus 5: V=1.008 pu (raw 1.008) I=469.2 A (raw 467.8) PF=0.9702 FB=CLOSE CMD=OPEN
DT_PATH_LAT,h2,1778948638.463570,14


[2026-05-16 23:24:02] Bus 1: V=1.019 pu (raw 1.020) I=0.6 A (raw 0.0) PF=1.0000 FB=OPEN CMD=OPEN
[2026-05-16 23:24:02] Bus 2: V=1.015 pu (raw 1.009) I=436.5 A (raw 440.3) PF=0.9070 FB=OPEN CMD=OPEN
[2026-05-16 23:24:02] Bus 3: V=1.003 pu (raw 1.006) I=429.8 A (raw 429.4) PF=0.8827 FB=OPEN CMD=OPEN
[2026-05-16 23:24:02] Bus 4: V=1.011 pu (raw 1.010) I=493.0 A (raw 492.7) PF=0.8439 FB=OPEN CMD=OPEN
[2026-05-16 23:24:02] Bus 5: V=1.007 pu (raw 1.008) I=468.8 A (raw 467.8) PF=0.9702 FB=OPEN CMD=CLOSE
DT_PATH_LAT,h2,1778948642.501277,15


[2026-05-16 23:24:06] Bus 1: V=1.021 pu (raw 1.020) I=0.0 A (raw 0.0) PF=1.0000 FB=OPEN CMD=OPEN
[2026-05-16 23:24:06] Bus 2: V=1.016 pu (raw 1.009) I=440.8 A (raw 440.3) PF=0.9070 FB=OPEN CMD=OPEN
[2026-05-16 23:24:06] Bus 3: V=1.004 pu (raw 1.006) I=429.3 A (raw 429.4) PF=0.8827 FB=OPEN CMD=OPEN
[2026-05-16 23:24:06] Bus 4: V=1.009 pu (raw 1.010) I=492.6 A (raw 492.7) PF=0.8439 FB=OPEN CMD=OPEN
[2026-05-16 23:24:06] Bus 5: V=1.000 pu (raw 1.008) I=467.1 A (raw 467.8) PF=0.9702 FB=CLOSE CMD=CLOSE
DT_PATH_LAT,h2,1778948646.598380,16


[2026-05-16 23:24:10] Bus 1: V=1.023 pu (raw 1.020) I=0.0 A (raw 0.0) PF=1.0000 FB=OPEN CMD=OPEN
[2026-05-16 23:24:10] Bus 2: V=1.009 pu (raw 1.009) I=441.7 A (raw 440.3) PF=0.9070 FB=OPEN CMD=OPEN
[2026-05-16 23:24:10] Bus 3: V=1.009 pu (raw 1.006) I=431.6 A (raw 429.4) PF=0.8827 FB=OPEN CMD=OPEN
[2026-05-16 23:24:10] Bus 4: V=1.005 pu (raw 1.010) I=492.1 A (raw 492.7) PF=0.8439 FB=OPEN CMD=OPEN
[2026-05-16 23:24:10] Bus 5: V=1.007 pu (raw 1.008) I=468.8 A (raw 467.8) PF=0.9702 FB=CLOSE CMD=OPEN
DT_PATH_LAT,h2,1778948650.633867,17


[2026-05-16 23:24:14] Bus 1: V=1.023 pu (raw 1.020) I=0.0 A (raw 0.0) PF=1.0000 FB=OPEN CMD=OPEN
[2026-05-16 23:24:14] Bus 2: V=1.012 pu (raw 1.009) I=438.1 A (raw 440.3) PF=0.9070 FB=OPEN CMD=OPEN
[2026-05-16 23:24:14] Bus 3: V=1.008 pu (raw 1.006) I=427.2 A (raw 429.4) PF=0.8827 FB=OPEN CMD=OPEN
[2026-05-16 23:24:14] Bus 4: V=1.011 pu (raw 1.010) I=494.5 A (raw 492.7) PF=0.8439 FB=OPEN CMD=OPEN
[2026-05-16 23:24:14] Bus 5: V=1.008 pu (raw 1.008) I=468.1 A (raw 467.8) PF=0.9702 FB=OPEN CMD=CLOSE
DT_PATH_LAT,h2,1778948654.675510,18


[2026-05-16 23:24:18] Bus 1: V=1.022 pu (raw 1.020) I=0.2 A (raw 0.0) PF=1.0000 FB=OPEN CMD=OPEN
[2026-05-16 23:24:18] Bus 2: V=1.009 pu (raw 1.009) I=442.6 A (raw 440.3) PF=0.9070 FB=OPEN CMD=OPEN
[2026-05-16 23:24:18] Bus 3: V=1.009 pu (raw 1.006) I=429.0 A (raw 429.4) PF=0.8827 FB=OPEN CMD=OPEN
[2026-05-16 23:24:18] Bus 4: V=1.018 pu (raw 1.010) I=490.9 A (raw 492.7) PF=0.8439 FB=OPEN CMD=OPEN
[2026-05-16 23:24:18] Bus 5: V=1.011 pu (raw 1.008) I=467.4 A (raw 467.8) PF=0.9702 FB=CLOSE CMD=CLOSE
DT_PATH_LAT,h2,1778948658.828552,19


[2026-05-16 23:24:22] Bus 1: V=1.020 pu (raw 1.020) I=1.1 A (raw 0.0) PF=1.0000 FB=OPEN CMD=OPEN
[2026-05-16 23:24:22] Bus 2: V=1.010 pu (raw 1.009) I=441.3 A (raw 440.3) PF=0.9070 FB=OPEN CMD=OPEN
[2026-05-16 23:24:22] Bus 3: V=1.001 pu (raw 1.006) I=427.1 A (raw 429.4) PF=0.8827 FB=OPEN CMD=OPEN
[2026-05-16 23:24:22] Bus 4: V=1.012 pu (raw 1.010) I=491.2 A (raw 492.7) PF=0.8439 FB=OPEN CMD=OPEN
[2026-05-16 23:24:22] Bus 5: V=1.005 pu (raw 1.008) I=465.6 A (raw 467.8) PF=0.9702 FB=CLOSE CMD=OPEN
DT_PATH_LAT,h2,1778948662.873030,20


[2026-05-16 23:24:26] Bus 1: V=1.024 pu (raw 1.020) I=1.1 A (raw 0.0) PF=1.0000 FB=OPEN CMD=OPEN
[2026-05-16 23:24:26] Bus 2: V=1.013 pu (raw 1.009) I=438.9 A (raw 440.3) PF=0.9070 FB=OPEN CMD=OPEN
[2026-05-16 23:24:26] Bus 3: V=1.006 pu (raw 1.006) I=427.7 A (raw 429.4) PF=0.8827 FB=OPEN CMD=OPEN
[2026-05-16 23:24:26] Bus 4: V=1.012 pu (raw 1.010) I=495.1 A (raw 492.7) PF=0.8439 FB=OPEN CMD=OPEN
[2026-05-16 23:24:26] Bus 5: V=1.005 pu (raw 1.008) I=470.2 A (raw 467.8) PF=0.9702 FB=OPEN CMD=CLOSE
DT_PATH_LAT,h2,1778948666.908284,21


[2026-05-16 23:24:30] Bus 1: V=1.023 pu (raw 1.020) I=0.0 A (raw 0.0) PF=1.0000 FB=OPEN CMD=OPEN
[2026-05-16 23:24:30] Bus 2: V=1.003 pu (raw 1.009) I=442.4 A (raw 440.3) PF=0.9070 FB=OPEN CMD=OPEN
[2026-05-16 23:24:30] Bus 3: V=1.006 pu (raw 1.006) I=428.5 A (raw 429.4) PF=0.8827 FB=OPEN CMD=OPEN
[2026-05-16 23:24:30] Bus 4: V=1.011 pu (raw 1.010) I=493.3 A (raw 492.7) PF=0.8439 FB=OPEN CMD=OPEN
[2026-05-16 23:24:30] Bus 5: V=1.012 pu (raw 1.008) I=466.3 A (raw 467.8) PF=0.9702 FB=CLOSE CMD=CLOSE
DT_PATH_LAT,h2,1778948670.943683,22


[2026-05-16 23:24:34] Bus 1: V=1.023 pu (raw 1.020) I=2.2 A (raw 0.0) PF=1.0000 FB=OPEN CMD=OPEN
[2026-05-16 23:24:34] Bus 2: V=1.013 pu (raw 1.009) I=440.0 A (raw 440.3) PF=0.9070 FB=OPEN CMD=OPEN
[2026-05-16 23:24:34] Bus 3: V=1.004 pu (raw 1.006) I=430.9 A (raw 429.4) PF=0.8827 FB=OPEN CMD=OPEN
[2026-05-16 23:24:34] Bus 4: V=1.010 pu (raw 1.010) I=492.9 A (raw 492.7) PF=0.8439 FB=OPEN CMD=OPEN
[2026-05-16 23:24:34] Bus 5: V=1.012 pu (raw 1.008) I=467.4 A (raw 467.8) PF=0.9702 FB=CLOSE CMD=OPEN
DT_PATH_LAT,h2,1778948674.981248,23


[2026-05-16 23:24:38] Bus 1: V=1.013 pu (raw 1.020) I=0.0 A (raw 0.0) PF=1.0000 FB=OPEN CMD=OPEN
[2026-05-16 23:24:38] Bus 2: V=1.003 pu (raw 1.009) I=441.5 A (raw 440.3) PF=0.9070 FB=OPEN CMD=OPEN
[2026-05-16 23:24:38] Bus 3: V=1.007 pu (raw 1.006) I=428.5 A (raw 429.4) PF=0.8827 FB=OPEN CMD=OPEN
[2026-05-16 23:24:38] Bus 4: V=1.010 pu (raw 1.010) I=493.9 A (raw 492.7) PF=0.8439 FB=OPEN CMD=OPEN
[2026-05-16 23:24:38] Bus 5: V=1.008 pu (raw 1.008) I=469.8 A (raw 467.8) PF=0.9702 FB=OPEN CMD=CLOSE
DT_PATH_LAT,h2,1778948679.022454,24


[2026-05-16 23:24:43] Bus 1: V=1.020 pu (raw 1.020) I=1.6 A (raw 0.0) PF=1.0000 FB=OPEN CMD=OPEN
[2026-05-16 23:24:43] Bus 2: V=1.013 pu (raw 1.009) I=442.7 A (raw 440.3) PF=0.9070 FB=OPEN CMD=OPEN
[2026-05-16 23:24:43] Bus 3: V=1.004 pu (raw 1.006) I=430.7 A (raw 429.4) PF=0.8827 FB=OPEN CMD=OPEN
[2026-05-16 23:24:43] Bus 4: V=1.004 pu (raw 1.010) I=491.0 A (raw 492.7) PF=0.8439 FB=OPEN CMD=OPEN
[2026-05-16 23:24:43] Bus 5: V=1.002 pu (raw 1.008) I=469.4 A (raw 467.8) PF=0.9702 FB=CLOSE CMD=CLOSE
DT_PATH_LAT,h2,1778948683.128235,25


[2026-05-16 23:24:47] Bus 1: V=1.016 pu (raw 1.020) I=0.0 A (raw 0.0) PF=1.0000 FB=OPEN CMD=OPEN
[2026-05-16 23:24:47] Bus 2: V=1.008 pu (raw 1.009) I=440.3 A (raw 440.3) PF=0.9070 FB=OPEN CMD=OPEN
[2026-05-16 23:24:47] Bus 3: V=1.004 pu (raw 1.006) I=429.8 A (raw 429.4) PF=0.8827 FB=OPEN CMD=OPEN
[2026-05-16 23:24:47] Bus 4: V=1.015 pu (raw 1.010) I=492.7 A (raw 492.7) PF=0.8439 FB=OPEN CMD=OPEN
[2026-05-16 23:24:47] Bus 5: V=1.010 pu (raw 1.008) I=469.3 A (raw 467.8) PF=0.9702 FB=CLOSE CMD=OPEN
DT_PATH_LAT,h2,1778948687.190165,26


[2026-05-16 23:24:51] Bus 1: V=1.019 pu (raw 1.020) I=0.0 A (raw 0.0) PF=1.0000 FB=OPEN CMD=OPEN
[2026-05-16 23:24:51] Bus 2: V=1.007 pu (raw 1.009) I=441.9 A (raw 440.3) PF=0.9070 FB=OPEN CMD=OPEN
[2026-05-16 23:24:51] Bus 3: V=1.001 pu (raw 1.006) I=428.5 A (raw 429.4) PF=0.8827 FB=OPEN CMD=OPEN
[2026-05-16 23:24:51] Bus 4: V=1.013 pu (raw 1.010) I=493.9 A (raw 492.7) PF=0.8439 FB=OPEN CMD=OPEN
[2026-05-16 23:24:51] Bus 5: V=1.008 pu (raw 1.008) I=469.0 A (raw 467.8) PF=0.9702 FB=OPEN CMD=CLOSE
DT_PATH_LAT,h2,1778948691.225374,27


[2026-05-16 23:24:55] Bus 1: V=1.020 pu (raw 1.020) I=0.0 A (raw 0.0) PF=1.0000 FB=OPEN CMD=OPEN
[2026-05-16 23:24:55] Bus 2: V=1.004 pu (raw 1.009) I=439.3 A (raw 440.3) PF=0.9070 FB=OPEN CMD=OPEN
[2026-05-16 23:24:55] Bus 3: V=1.009 pu (raw 1.006) I=428.6 A (raw 429.4) PF=0.8827 FB=OPEN CMD=OPEN
[2026-05-16 23:24:55] Bus 4: V=1.007 pu (raw 1.010) I=491.5 A (raw 492.7) PF=0.8439 FB=OPEN CMD=OPEN
[2026-05-16 23:24:55] Bus 5: V=1.003 pu (raw 1.008) I=467.7 A (raw 467.8) PF=0.9702 FB=CLOSE CMD=CLOSE
DT_PATH_LAT,h2,1778948695.257056,28


[2026-05-16 23:24:59] Bus 1: V=1.016 pu (raw 1.020) I=0.5 A (raw 0.0) PF=1.0000 FB=OPEN CMD=OPEN
[2026-05-16 23:24:59] Bus 2: V=1.002 pu (raw 1.009) I=440.8 A (raw 440.3) PF=0.9070 FB=OPEN CMD=OPEN
[2026-05-16 23:24:59] Bus 3: V=1.004 pu (raw 1.006) I=426.5 A (raw 429.4) PF=0.8827 FB=OPEN CMD=OPEN
[2026-05-16 23:24:59] Bus 4: V=1.012 pu (raw 1.010) I=492.3 A (raw 492.7) PF=0.8439 FB=OPEN CMD=OPEN
[2026-05-16 23:24:59] Bus 5: V=1.001 pu (raw 1.008) I=466.5 A (raw 467.8) PF=0.9702 FB=CLOSE CMD=OPEN
DT_PATH_LAT,h2,1778948699.304596,29


[2026-05-16 23:25:03] Bus 1: V=1.021 pu (raw 1.020) I=0.0 A (raw 0.0) PF=1.0000 FB=OPEN CMD=OPEN
[2026-05-16 23:25:03] Bus 2: V=1.011 pu (raw 1.009) I=441.4 A (raw 440.3) PF=0.9070 FB=OPEN CMD=OPEN
[2026-05-16 23:25:03] Bus 3: V=1.008 pu (raw 1.006) I=429.9 A (raw 429.4) PF=0.8827 FB=OPEN CMD=OPEN
[2026-05-16 23:25:03] Bus 4: V=1.014 pu (raw 1.010) I=493.7 A (raw 492.7) PF=0.8439 FB=OPEN CMD=OPEN
[2026-05-16 23:25:03] Bus 5: V=1.009 pu (raw 1.008) I=464.7 A (raw 467.8) PF=0.9702 FB=OPEN CMD=CLOSE
DT_PATH_LAT,h2,1778948703.373823,30


[2026-05-16 23:25:07] Bus 1: V=1.023 pu (raw 1.020) I=2.0 A (raw 0.0) PF=1.0000 FB=OPEN CMD=OPEN
[2026-05-16 23:25:07] Bus 2: V=1.008 pu (raw 1.009) I=439.6 A (raw 440.3) PF=0.9070 FB=OPEN CMD=OPEN
[2026-05-16 23:25:07] Bus 3: V=1.012 pu (raw 1.006) I=426.8 A (raw 429.4) PF=0.8827 FB=OPEN CMD=OPEN
[2026-05-16 23:25:07] Bus 4: V=1.011 pu (raw 1.010) I=496.3 A (raw 492.7) PF=0.8439 FB=OPEN CMD=OPEN
[2026-05-16 23:25:07] Bus 5: V=1.005 pu (raw 1.008) I=468.9 A (raw 467.8) PF=0.9702 FB=CLOSE CMD=CLOSE
DT_PATH_LAT,h2,1778948707.408219,31


[2026-05-16 23:25:11] Bus 1: V=1.026 pu (raw 1.020) I=0.0 A (raw 0.0) PF=1.0000 FB=OPEN CMD=OPEN
[2026-05-16 23:25:11] Bus 2: V=1.011 pu (raw 1.009) I=441.7 A (raw 440.3) PF=0.9070 FB=OPEN CMD=OPEN
[2026-05-16 23:25:11] Bus 3: V=1.003 pu (raw 1.006) I=429.3 A (raw 429.4) PF=0.8827 FB=OPEN CMD=OPEN
[2026-05-16 23:25:11] Bus 4: V=1.011 pu (raw 1.010) I=493.9 A (raw 492.7) PF=0.8439 FB=OPEN CMD=OPEN
[2026-05-16 23:25:11] Bus 5: V=1.008 pu (raw 1.008) I=467.5 A (raw 467.8) PF=0.9702 FB=CLOSE CMD=OPEN
DT_PATH_LAT,h2,1778948711.440556,32


[2026-05-16 23:25:15] Bus 1: V=1.017 pu (raw 1.020) I=0.0 A (raw 0.0) PF=1.0000 FB=OPEN CMD=OPEN
[2026-05-16 23:25:15] Bus 2: V=1.012 pu (raw 1.009) I=440.5 A (raw 440.3) PF=0.9070 FB=OPEN CMD=OPEN
[2026-05-16 23:25:15] Bus 3: V=1.003 pu (raw 1.006) I=428.1 A (raw 429.4) PF=0.8827 FB=OPEN CMD=OPEN
[2026-05-16 23:25:15] Bus 4: V=1.018 pu (raw 1.010) I=494.4 A (raw 492.7) PF=0.8439 FB=OPEN CMD=OPEN
[2026-05-16 23:25:15] Bus 5: V=1.010 pu (raw 1.008) I=463.9 A (raw 467.8) PF=0.9702 FB=OPEN CMD=CLOSE
DT_PATH_LAT,h2,1778948715.467607,33


[2026-05-16 23:25:19] Bus 1: V=1.022 pu (raw 1.020) I=0.7 A (raw 0.0) PF=1.0000 FB=OPEN CMD=OPEN
[2026-05-16 23:25:19] Bus 2: V=1.014 pu (raw 1.009) I=440.9 A (raw 440.3) PF=0.9070 FB=OPEN CMD=OPEN
[2026-05-16 23:25:19] Bus 3: V=1.006 pu (raw 1.006) I=430.2 A (raw 429.4) PF=0.8827 FB=OPEN CMD=OPEN
[2026-05-16 23:25:19] Bus 4: V=1.004 pu (raw 1.010) I=494.2 A (raw 492.7) PF=0.8439 FB=OPEN CMD=OPEN
[2026-05-16 23:25:19] Bus 5: V=1.009 pu (raw 1.008) I=466.8 A (raw 467.8) PF=0.9702 FB=CLOSE CMD=CLOSE
DT_PATH_LAT,h2,1778948719.500907,34


[2026-05-16 23:25:23] Bus 1: V=1.024 pu (raw 1.020) I=2.7 A (raw 0.0) PF=1.0000 FB=OPEN CMD=OPEN
[2026-05-16 23:25:23] Bus 2: V=1.005 pu (raw 1.009) I=439.3 A (raw 440.3) PF=0.9070 FB=OPEN CMD=OPEN
[2026-05-16 23:25:23] Bus 3: V=1.007 pu (raw 1.006) I=429.7 A (raw 429.4) PF=0.8827 FB=OPEN CMD=OPEN
[2026-05-16 23:25:23] Bus 4: V=1.009 pu (raw 1.010) I=491.2 A (raw 492.7) PF=0.8439 FB=OPEN CMD=OPEN
[2026-05-16 23:25:23] Bus 5: V=1.014 pu (raw 1.008) I=469.4 A (raw 467.8) PF=0.9702 FB=CLOSE CMD=OPEN
DT_PATH_LAT,h2,1778948723.532238,35


[2026-05-16 23:25:27] Bus 1: V=1.016 pu (raw 1.020) I=0.0 A (raw 0.0) PF=1.0000 FB=OPEN CMD=OPEN
[2026-05-16 23:25:27] Bus 2: V=1.014 pu (raw 1.009) I=441.8 A (raw 440.3) PF=0.9070 FB=OPEN CMD=OPEN
[2026-05-16 23:25:27] Bus 3: V=1.011 pu (raw 1.006) I=430.6 A (raw 429.4) PF=0.8827 FB=OPEN CMD=OPEN
[2026-05-16 23:25:27] Bus 4: V=1.007 pu (raw 1.010) I=493.1 A (raw 492.7) PF=0.8439 FB=OPEN CMD=OPEN
[2026-05-16 23:25:27] Bus 5: V=1.002 pu (raw 1.008) I=466.7 A (raw 467.8) PF=0.9702 FB=OPEN CMD=CLOSE
DT_PATH_LAT,h2,1778948727.575119,36


[2026-05-16 23:25:31] Bus 1: V=1.020 pu (raw 1.020) I=0.8 A (raw 0.0) PF=1.0000 FB=OPEN CMD=OPEN
[2026-05-16 23:25:31] Bus 2: V=1.007 pu (raw 1.009) I=440.1 A (raw 440.3) PF=0.9070 FB=OPEN CMD=OPEN
[2026-05-16 23:25:31] Bus 3: V=1.007 pu (raw 1.006) I=430.0 A (raw 429.4) PF=0.8827 FB=OPEN CMD=OPEN
[2026-05-16 23:25:31] Bus 4: V=1.012 pu (raw 1.010) I=493.0 A (raw 492.7) PF=0.8439 FB=OPEN CMD=OPEN
[2026-05-16 23:25:31] Bus 5: V=1.007 pu (raw 1.008) I=469.0 A (raw 467.8) PF=0.9702 FB=CLOSE CMD=CLOSE
DT_PATH_LAT,h2,1778948731.607669,37


[2026-05-16 23:25:35] Bus 1: V=1.020 pu (raw 1.020) I=0.0 A (raw 0.0) PF=1.0000 FB=OPEN CMD=OPEN
[2026-05-16 23:25:35] Bus 2: V=1.007 pu (raw 1.009) I=440.3 A (raw 440.3) PF=0.9070 FB=OPEN CMD=OPEN
[2026-05-16 23:25:35] Bus 3: V=1.006 pu (raw 1.006) I=429.6 A (raw 429.4) PF=0.8827 FB=OPEN CMD=OPEN
[2026-05-16 23:25:35] Bus 4: V=1.010 pu (raw 1.010) I=492.9 A (raw 492.7) PF=0.8439 FB=OPEN CMD=OPEN
[2026-05-16 23:25:35] Bus 5: V=1.008 pu (raw 1.008) I=465.9 A (raw 467.8) PF=0.9702 FB=CLOSE CMD=OPEN
DT_PATH_LAT,h2,1778948735.647268,38


[2026-05-16 23:25:39] Bus 1: V=1.021 pu (raw 1.020) I=1.6 A (raw 0.0) PF=1.0000 FB=OPEN CMD=OPEN
[2026-05-16 23:25:39] Bus 2: V=1.010 pu (raw 1.009) I=440.0 A (raw 440.3) PF=0.9070 FB=OPEN CMD=OPEN
[2026-05-16 23:25:39] Bus 3: V=1.007 pu (raw 1.006) I=428.0 A (raw 429.4) PF=0.8827 FB=OPEN CMD=OPEN
[2026-05-16 23:25:39] Bus 4: V=1.004 pu (raw 1.010) I=492.8 A (raw 492.7) PF=0.8439 FB=OPEN CMD=OPEN
[2026-05-16 23:25:39] Bus 5: V=1.005 pu (raw 1.008) I=468.9 A (raw 467.8) PF=0.9702 FB=OPEN CMD=CLOSE
DT_PATH_LAT,h2,1778948739.682185,39


[2026-05-16 23:25:43] Bus 1: V=1.017 pu (raw 1.020) I=0.0 A (raw 0.0) PF=1.0000 FB=OPEN CMD=OPEN
[2026-05-16 23:25:43] Bus 2: V=1.006 pu (raw 1.009) I=442.7 A (raw 440.3) PF=0.9070 FB=OPEN CMD=OPEN
[2026-05-16 23:25:43] Bus 3: V=1.005 pu (raw 1.006) I=427.3 A (raw 429.4) PF=0.8827 FB=OPEN CMD=OPEN
[2026-05-16 23:25:43] Bus 4: V=1.008 pu (raw 1.010) I=493.4 A (raw 492.7) PF=0.8439 FB=OPEN CMD=OPEN
[2026-05-16 23:25:43] Bus 5: V=1.009 pu (raw 1.008) I=468.1 A (raw 467.8) PF=0.9702 FB=CLOSE CMD=CLOSE
DT_PATH_LAT,h2,1778948743.716147,40


[2026-05-16 23:25:47] Bus 1: V=1.024 pu (raw 1.020) I=1.1 A (raw 0.0) PF=1.0000 FB=OPEN CMD=OPEN
[2026-05-16 23:25:47] Bus 2: V=1.009 pu (raw 1.009) I=441.2 A (raw 440.3) PF=0.9070 FB=OPEN CMD=OPEN
[2026-05-16 23:25:47] Bus 3: V=1.011 pu (raw 1.006) I=430.9 A (raw 429.4) PF=0.8827 FB=OPEN CMD=OPEN
[2026-05-16 23:25:47] Bus 4: V=1.013 pu (raw 1.010) I=491.0 A (raw 492.7) PF=0.8439 FB=OPEN CMD=OPEN
[2026-05-16 23:25:47] Bus 5: V=1.008 pu (raw 1.008) I=468.9 A (raw 467.8) PF=0.9702 FB=CLOSE CMD=OPEN
DT_PATH_LAT,h2,1778948747.746797,41


[2026-05-16 23:25:51] Bus 1: V=1.019 pu (raw 1.020) I=1.6 A (raw 0.0) PF=1.0000 FB=OPEN CMD=OPEN
[2026-05-16 23:25:51] Bus 2: V=1.011 pu (raw 1.009) I=441.7 A (raw 440.3) PF=0.9070 FB=OPEN CMD=OPEN
[2026-05-16 23:25:51] Bus 3: V=1.005 pu (raw 1.006) I=433.2 A (raw 429.4) PF=0.8827 FB=OPEN CMD=OPEN
[2026-05-16 23:25:51] Bus 4: V=1.014 pu (raw 1.010) I=492.3 A (raw 492.7) PF=0.8439 FB=OPEN CMD=OPEN
[2026-05-16 23:25:51] Bus 5: V=1.008 pu (raw 1.008) I=471.7 A (raw 467.8) PF=0.9702 FB=OPEN CMD=CLOSE
DT_PATH_LAT,h2,1778948751.782148,42


[2026-05-16 23:25:55] Bus 1: V=1.019 pu (raw 1.020) I=1.3 A (raw 0.0) PF=1.0000 FB=OPEN CMD=OPEN
[2026-05-16 23:25:55] Bus 2: V=1.012 pu (raw 1.009) I=440.3 A (raw 440.3) PF=0.9070 FB=OPEN CMD=OPEN
[2026-05-16 23:25:55] Bus 3: V=1.002 pu (raw 1.006) I=429.7 A (raw 429.4) PF=0.8827 FB=OPEN CMD=OPEN
[2026-05-16 23:25:55] Bus 4: V=1.011 pu (raw 1.010) I=494.4 A (raw 492.7) PF=0.8439 FB=OPEN CMD=OPEN
[2026-05-16 23:25:55] Bus 5: V=1.010 pu (raw 1.008) I=467.9 A (raw 467.8) PF=0.9702 FB=CLOSE CMD=CLOSE
DT_PATH_LAT,h2,1778948755.833291,43


[2026-05-16 23:25:59] Bus 1: V=1.023 pu (raw 1.020) I=0.8 A (raw 0.0) PF=1.0000 FB=OPEN CMD=OPEN
[2026-05-16 23:25:59] Bus 2: V=1.010 pu (raw 1.009) I=440.4 A (raw 440.3) PF=0.9070 FB=OPEN CMD=OPEN
[2026-05-16 23:25:59] Bus 3: V=1.005 pu (raw 1.006) I=430.4 A (raw 429.4) PF=0.8827 FB=OPEN CMD=OPEN
[2026-05-16 23:25:59] Bus 4: V=1.007 pu (raw 1.010) I=491.7 A (raw 492.7) PF=0.8439 FB=OPEN CMD=OPEN
[2026-05-16 23:25:59] Bus 5: V=1.008 pu (raw 1.008) I=465.6 A (raw 467.8) PF=0.9702 FB=CLOSE CMD=OPEN
DT_PATH_LAT,h2,1778948759.862732,44


[2026-05-16 23:26:03] Bus 1: V=1.019 pu (raw 1.020) I=0.0 A (raw 0.0) PF=1.0000 FB=OPEN CMD=OPEN
[2026-05-16 23:26:03] Bus 2: V=1.007 pu (raw 1.009) I=441.2 A (raw 440.3) PF=0.9070 FB=OPEN CMD=OPEN
[2026-05-16 23:26:03] Bus 3: V=1.008 pu (raw 1.006) I=429.3 A (raw 429.4) PF=0.8827 FB=OPEN CMD=OPEN
[2026-05-16 23:26:03] Bus 4: V=1.009 pu (raw 1.010) I=490.5 A (raw 492.7) PF=0.8439 FB=OPEN CMD=OPEN
[2026-05-16 23:26:03] Bus 5: V=1.013 pu (raw 1.008) I=468.6 A (raw 467.8) PF=0.9702 FB=OPEN CMD=CLOSE
DT_PATH_LAT,h2,1778948763.895161,45


[2026-05-16 23:26:07] Bus 1: V=1.023 pu (raw 1.020) I=0.0 A (raw 0.0) PF=1.0000 FB=OPEN CMD=OPEN
[2026-05-16 23:26:07] Bus 2: V=1.008 pu (raw 1.009) I=437.6 A (raw 440.3) PF=0.9070 FB=OPEN CMD=OPEN
[2026-05-16 23:26:07] Bus 3: V=1.008 pu (raw 1.006) I=430.8 A (raw 429.4) PF=0.8827 FB=OPEN CMD=OPEN
[2026-05-16 23:26:07] Bus 4: V=1.004 pu (raw 1.010) I=492.6 A (raw 492.7) PF=0.8439 FB=OPEN CMD=OPEN
[2026-05-16 23:26:07] Bus 5: V=1.010 pu (raw 1.008) I=465.2 A (raw 467.8) PF=0.9702 FB=CLOSE CMD=CLOSE
DT_PATH_LAT,h2,1778948767.924263,46


[2026-05-16 23:26:11] Bus 1: V=1.015 pu (raw 1.020) I=0.0 A (raw 0.0) PF=1.0000 FB=OPEN CMD=OPEN
[2026-05-16 23:26:11] Bus 2: V=1.007 pu (raw 1.009) I=438.2 A (raw 440.3) PF=0.9070 FB=OPEN CMD=OPEN
[2026-05-16 23:26:11] Bus 3: V=1.006 pu (raw 1.006) I=429.8 A (raw 429.4) PF=0.8827 FB=OPEN CMD=OPEN
[2026-05-16 23:26:11] Bus 4: V=1.012 pu (raw 1.010) I=493.7 A (raw 492.7) PF=0.8439 FB=OPEN CMD=OPEN
[2026-05-16 23:26:11] Bus 5: V=1.013 pu (raw 1.008) I=469.6 A (raw 467.8) PF=0.9702 FB=CLOSE CMD=OPEN
DT_PATH_LAT,h2,1778948771.959151,47


[2026-05-16 23:26:15] Bus 1: V=1.016 pu (raw 1.020) I=0.0 A (raw 0.0) PF=1.0000 FB=OPEN CMD=OPEN
[2026-05-16 23:26:15] Bus 2: V=1.006 pu (raw 1.009) I=438.7 A (raw 440.3) PF=0.9070 FB=OPEN CMD=OPEN
[2026-05-16 23:26:15] Bus 3: V=1.006 pu (raw 1.006) I=429.4 A (raw 429.4) PF=0.8827 FB=OPEN CMD=OPEN
[2026-05-16 23:26:15] Bus 4: V=1.011 pu (raw 1.010) I=490.3 A (raw 492.7) PF=0.8439 FB=OPEN CMD=OPEN
[2026-05-16 23:26:15] Bus 5: V=1.004 pu (raw 1.008) I=467.8 A (raw 467.8) PF=0.9702 FB=OPEN CMD=CLOSE
DT_PATH_LAT,h2,1778948775.988570,48


[2026-05-16 23:26:19] Bus 1: V=1.019 pu (raw 1.020) I=0.0 A (raw 0.0) PF=1.0000 FB=OPEN CMD=OPEN
[2026-05-16 23:26:19] Bus 2: V=1.009 pu (raw 1.009) I=439.2 A (raw 440.3) PF=0.9070 FB=OPEN CMD=OPEN
[2026-05-16 23:26:19] Bus 3: V=1.008 pu (raw 1.006) I=429.9 A (raw 429.4) PF=0.8827 FB=OPEN CMD=OPEN
[2026-05-16 23:26:19] Bus 4: V=1.010 pu (raw 1.010) I=491.7 A (raw 492.7) PF=0.8439 FB=OPEN CMD=OPEN
[2026-05-16 23:26:19] Bus 5: V=1.007 pu (raw 1.008) I=463.8 A (raw 467.8) PF=0.9702 FB=CLOSE CMD=CLOSE
DT_PATH_LAT,h2,1778948780.028663,49


[2026-05-16 23:26:24] Bus 1: V=1.017 pu (raw 1.020) I=0.1 A (raw 0.0) PF=1.0000 FB=OPEN CMD=OPEN
[2026-05-16 23:26:24] Bus 2: V=1.004 pu (raw 1.009) I=440.6 A (raw 440.3) PF=0.9070 FB=OPEN CMD=OPEN
[2026-05-16 23:26:24] Bus 3: V=1.006 pu (raw 1.006) I=427.3 A (raw 429.4) PF=0.8827 FB=OPEN CMD=OPEN
[2026-05-16 23:26:24] Bus 4: V=1.009 pu (raw 1.010) I=492.2 A (raw 492.7) PF=0.8439 FB=OPEN CMD=OPEN
[2026-05-16 23:26:24] Bus 5: V=1.009 pu (raw 1.008) I=468.8 A (raw 467.8) PF=0.9702 FB=CLOSE CMD=OPEN
DT_PATH_LAT,h2,1778948784.083096,50


[2026-05-16 23:26:28] Bus 1: V=1.020 pu (raw 1.020) I=0.0 A (raw 0.0) PF=1.0000 FB=OPEN CMD=OPEN
[2026-05-16 23:26:28] Bus 2: V=1.009 pu (raw 1.009) I=440.2 A (raw 440.3) PF=0.9070 FB=OPEN CMD=OPEN
[2026-05-16 23:26:28] Bus 3: V=1.008 pu (raw 1.006) I=429.8 A (raw 429.4) PF=0.8827 FB=OPEN CMD=OPEN
[2026-05-16 23:26:28] Bus 4: V=1.008 pu (raw 1.010) I=490.6 A (raw 492.7) PF=0.8439 FB=OPEN CMD=OPEN
[2026-05-16 23:26:28] Bus 5: V=1.007 pu (raw 1.008) I=466.7 A (raw 467.8) PF=0.9702 FB=OPEN CMD=CLOSE
DT_PATH_LAT,h2,1778948788.117947,51


[2026-05-16 23:26:32] Bus 1: V=1.017 pu (raw 1.020) I=0.0 A (raw 0.0) PF=1.0000 FB=OPEN CMD=OPEN
[2026-05-16 23:26:32] Bus 2: V=1.008 pu (raw 1.009) I=440.5 A (raw 440.3) PF=0.9070 FB=OPEN CMD=OPEN
[2026-05-16 23:26:32] Bus 3: V=1.008 pu (raw 1.006) I=428.8 A (raw 429.4) PF=0.8827 FB=OPEN CMD=OPEN
[2026-05-16 23:26:32] Bus 4: V=1.017 pu (raw 1.010) I=492.2 A (raw 492.7) PF=0.8439 FB=OPEN CMD=OPEN
[2026-05-16 23:26:32] Bus 5: V=1.011 pu (raw 1.008) I=468.0 A (raw 467.8) PF=0.9702 FB=CLOSE CMD=CLOSE
DT_PATH_LAT,h2,1778948792.151922,52


[2026-05-16 23:26:36] Bus 1: V=1.023 pu (raw 1.020) I=0.0 A (raw 0.0) PF=1.0000 FB=OPEN CMD=OPEN
[2026-05-16 23:26:36] Bus 2: V=1.007 pu (raw 1.009) I=440.7 A (raw 440.3) PF=0.9070 FB=OPEN CMD=OPEN
[2026-05-16 23:26:36] Bus 3: V=1.008 pu (raw 1.006) I=432.9 A (raw 429.4) PF=0.8827 FB=OPEN CMD=OPEN
[2026-05-16 23:26:36] Bus 4: V=1.011 pu (raw 1.010) I=494.6 A (raw 492.7) PF=0.8439 FB=OPEN CMD=OPEN
[2026-05-16 23:26:36] Bus 5: V=1.010 pu (raw 1.008) I=469.3 A (raw 467.8) PF=0.9702 FB=CLOSE CMD=OPEN
DT_PATH_LAT,h2,1778948796.184675,53


[2026-05-16 23:26:40] Bus 1: V=1.022 pu (raw 1.020) I=0.0 A (raw 0.0) PF=1.0000 FB=OPEN CMD=OPEN
[2026-05-16 23:26:40] Bus 2: V=1.011 pu (raw 1.009) I=438.7 A (raw 440.3) PF=0.9070 FB=OPEN CMD=OPEN
[2026-05-16 23:26:40] Bus 3: V=1.010 pu (raw 1.006) I=427.9 A (raw 429.4) PF=0.8827 FB=OPEN CMD=OPEN
[2026-05-16 23:26:40] Bus 4: V=1.011 pu (raw 1.010) I=495.8 A (raw 492.7) PF=0.8439 FB=OPEN CMD=OPEN
[2026-05-16 23:26:40] Bus 5: V=1.007 pu (raw 1.008) I=467.9 A (raw 467.8) PF=0.9702 FB=OPEN CMD=CLOSE
DT_PATH_LAT,h2,1778948800.218309,54


[2026-05-16 23:26:44] Bus 1: V=1.023 pu (raw 1.020) I=0.0 A (raw 0.0) PF=1.0000 FB=OPEN CMD=OPEN
[2026-05-16 23:26:44] Bus 2: V=1.007 pu (raw 1.009) I=440.7 A (raw 440.3) PF=0.9070 FB=OPEN CMD=OPEN
[2026-05-16 23:26:44] Bus 3: V=1.008 pu (raw 1.006) I=430.5 A (raw 429.4) PF=0.8827 FB=OPEN CMD=OPEN
[2026-05-16 23:26:44] Bus 4: V=1.008 pu (raw 1.010) I=495.3 A (raw 492.7) PF=0.8439 FB=OPEN CMD=OPEN
[2026-05-16 23:26:44] Bus 5: V=1.013 pu (raw 1.008) I=467.9 A (raw 467.8) PF=0.9702 FB=CLOSE CMD=CLOSE
DT_PATH_LAT,h2,1778948804.251882,55


[2026-05-16 23:26:48] Bus 1: V=1.021 pu (raw 1.020) I=0.0 A (raw 0.0) PF=1.0000 FB=OPEN CMD=OPEN
[2026-05-16 23:26:48] Bus 2: V=1.013 pu (raw 1.009) I=439.2 A (raw 440.3) PF=0.9070 FB=OPEN CMD=OPEN
[2026-05-16 23:26:48] Bus 3: V=1.008 pu (raw 1.006) I=428.7 A (raw 429.4) PF=0.8827 FB=OPEN CMD=OPEN
[2026-05-16 23:26:48] Bus 4: V=1.008 pu (raw 1.010) I=493.7 A (raw 492.7) PF=0.8439 FB=OPEN CMD=OPEN
[2026-05-16 23:26:48] Bus 5: V=1.012 pu (raw 1.008) I=467.8 A (raw 467.8) PF=0.9702 FB=CLOSE CMD=OPEN
DT_PATH_LAT,h2,1778948808.285667,56


[2026-05-16 23:26:52] Bus 1: V=1.018 pu (raw 1.020) I=1.2 A (raw 0.0) PF=1.0000 FB=OPEN CMD=OPEN
[2026-05-16 23:26:52] Bus 2: V=1.009 pu (raw 1.009) I=440.8 A (raw 440.3) PF=0.9070 FB=OPEN CMD=OPEN
[2026-05-16 23:26:52] Bus 3: V=1.011 pu (raw 1.006) I=431.1 A (raw 429.4) PF=0.8827 FB=OPEN CMD=OPEN
[2026-05-16 23:26:52] Bus 4: V=1.008 pu (raw 1.010) I=496.1 A (raw 492.7) PF=0.8439 FB=OPEN CMD=OPEN
[2026-05-16 23:26:52] Bus 5: V=1.008 pu (raw 1.008) I=469.0 A (raw 467.8) PF=0.9702 FB=OPEN CMD=CLOSE
DT_PATH_LAT,h2,1778948812.320065,57


[2026-05-16 23:26:56] Bus 1: V=1.018 pu (raw 1.020) I=0.0 A (raw 0.0) PF=1.0000 FB=OPEN CMD=OPEN
[2026-05-16 23:26:56] Bus 2: V=1.004 pu (raw 1.009) I=443.0 A (raw 440.3) PF=0.9070 FB=OPEN CMD=OPEN
[2026-05-16 23:26:56] Bus 3: V=1.010 pu (raw 1.006) I=427.6 A (raw 429.4) PF=0.8827 FB=OPEN CMD=OPEN
[2026-05-16 23:26:56] Bus 4: V=1.005 pu (raw 1.010) I=490.2 A (raw 492.7) PF=0.8439 FB=OPEN CMD=OPEN
[2026-05-16 23:26:56] Bus 5: V=1.012 pu (raw 1.008) I=467.1 A (raw 467.8) PF=0.9702 FB=CLOSE CMD=CLOSE
DT_PATH_LAT,h2,1778948816.352332,58


[2026-05-16 23:27:00] Bus 1: V=1.020 pu (raw 1.020) I=0.0 A (raw 0.0) PF=1.0000 FB=OPEN CMD=OPEN
[2026-05-16 23:27:00] Bus 2: V=1.009 pu (raw 1.009) I=438.7 A (raw 440.3) PF=0.9070 FB=OPEN CMD=OPEN
[2026-05-16 23:27:00] Bus 3: V=1.006 pu (raw 1.006) I=427.2 A (raw 429.4) PF=0.8827 FB=OPEN CMD=OPEN
[2026-05-16 23:27:00] Bus 4: V=1.010 pu (raw 1.010) I=493.1 A (raw 492.7) PF=0.8439 FB=OPEN CMD=OPEN
[2026-05-16 23:27:00] Bus 5: V=1.009 pu (raw 1.008) I=467.5 A (raw 467.8) PF=0.9702 FB=CLOSE CMD=OPEN
DT_PATH_LAT,h2,1778948820.467299,59


[2026-05-16 23:27:04] Bus 1: V=1.017 pu (raw 1.020) I=0.2 A (raw 0.0) PF=1.0000 FB=OPEN CMD=OPEN
[2026-05-16 23:27:04] Bus 2: V=1.008 pu (raw 1.009) I=442.6 A (raw 440.3) PF=0.9070 FB=OPEN CMD=OPEN
[2026-05-16 23:27:04] Bus 3: V=1.008 pu (raw 1.006) I=429.2 A (raw 429.4) PF=0.8827 FB=OPEN CMD=OPEN
[2026-05-16 23:27:04] Bus 4: V=1.009 pu (raw 1.010) I=491.6 A (raw 492.7) PF=0.8439 FB=OPEN CMD=OPEN
[2026-05-16 23:27:04] Bus 5: V=1.005 pu (raw 1.008) I=467.3 A (raw 467.8) PF=0.9702 FB=OPEN CMD=CLOSE
DT_PATH_LAT,h2,1778948824.501313,60


[2026-05-16 23:27:08] Bus 1: V=1.021 pu (raw 1.020) I=0.8 A (raw 0.0) PF=1.0000 FB=OPEN CMD=OPEN
[2026-05-16 23:27:08] Bus 2: V=1.011 pu (raw 1.009) I=443.4 A (raw 440.3) PF=0.9070 FB=OPEN CMD=OPEN
[2026-05-16 23:27:08] Bus 3: V=1.004 pu (raw 1.006) I=429.4 A (raw 429.4) PF=0.8827 FB=OPEN CMD=OPEN
[2026-05-16 23:27:08] Bus 4: V=1.018 pu (raw 1.010) I=489.9 A (raw 492.7) PF=0.8439 FB=OPEN CMD=OPEN
[2026-05-16 23:27:08] Bus 5: V=1.006 pu (raw 1.008) I=468.1 A (raw 467.8) PF=0.9702 FB=CLOSE CMD=CLOSE
DT_PATH_LAT,h2,1778948828.541850,61


[2026-05-16 23:27:12] Bus 1: V=1.020 pu (raw 1.020) I=0.6 A (raw 0.0) PF=1.0000 FB=OPEN CMD=OPEN
[2026-05-16 23:27:12] Bus 2: V=1.008 pu (raw 1.009) I=440.8 A (raw 440.3) PF=0.9070 FB=OPEN CMD=OPEN
[2026-05-16 23:27:12] Bus 3: V=1.006 pu (raw 1.006) I=430.6 A (raw 429.4) PF=0.8827 FB=OPEN CMD=OPEN
[2026-05-16 23:27:12] Bus 4: V=1.004 pu (raw 1.010) I=491.3 A (raw 492.7) PF=0.8439 FB=OPEN CMD=OPEN
[2026-05-16 23:27:12] Bus 5: V=1.008 pu (raw 1.008) I=466.3 A (raw 467.8) PF=0.9702 FB=CLOSE CMD=OPEN
DT_PATH_LAT,h2,1778948832.576143,62


[2026-05-16 23:27:16] Bus 1: V=1.017 pu (raw 1.020) I=0.9 A (raw 0.0) PF=1.0000 FB=OPEN CMD=OPEN
[2026-05-16 23:27:16] Bus 2: V=1.007 pu (raw 1.009) I=441.3 A (raw 440.3) PF=0.9070 FB=OPEN CMD=OPEN
[2026-05-16 23:27:16] Bus 3: V=1.008 pu (raw 1.006) I=429.9 A (raw 429.4) PF=0.8827 FB=OPEN CMD=OPEN
[2026-05-16 23:27:16] Bus 4: V=1.012 pu (raw 1.010) I=492.5 A (raw 492.7) PF=0.8439 FB=OPEN CMD=OPEN
[2026-05-16 23:27:16] Bus 5: V=1.004 pu (raw 1.008) I=467.8 A (raw 467.8) PF=0.9702 FB=OPEN CMD=CLOSE
DT_PATH_LAT,h2,1778948836.612711,63


[2026-05-16 23:27:20] Bus 1: V=1.021 pu (raw 1.020) I=0.0 A (raw 0.0) PF=1.0000 FB=OPEN CMD=OPEN
[2026-05-16 23:27:20] Bus 2: V=1.009 pu (raw 1.009) I=441.4 A (raw 440.3) PF=0.9070 FB=OPEN CMD=OPEN
[2026-05-16 23:27:20] Bus 3: V=1.003 pu (raw 1.006) I=430.4 A (raw 429.4) PF=0.8827 FB=OPEN CMD=OPEN
[2026-05-16 23:27:20] Bus 4: V=1.016 pu (raw 1.010) I=491.8 A (raw 492.7) PF=0.8439 FB=OPEN CMD=OPEN
[2026-05-16 23:27:20] Bus 5: V=1.008 pu (raw 1.008) I=467.6 A (raw 467.8) PF=0.9702 FB=CLOSE CMD=CLOSE
DT_PATH_LAT,h2,1778948840.649786,64


[2026-05-16 23:27:24] Bus 1: V=1.025 pu (raw 1.020) I=0.5 A (raw 0.0) PF=1.0000 FB=OPEN CMD=OPEN
[2026-05-16 23:27:24] Bus 2: V=1.012 pu (raw 1.009) I=439.3 A (raw 440.3) PF=0.9070 FB=OPEN CMD=OPEN
[2026-05-16 23:27:24] Bus 3: V=1.006 pu (raw 1.006) I=429.4 A (raw 429.4) PF=0.8827 FB=OPEN CMD=OPEN
[2026-05-16 23:27:24] Bus 4: V=1.005 pu (raw 1.010) I=494.8 A (raw 492.7) PF=0.8439 FB=OPEN CMD=OPEN
[2026-05-16 23:27:24] Bus 5: V=1.011 pu (raw 1.008) I=465.2 A (raw 467.8) PF=0.9702 FB=CLOSE CMD=OPEN
DT_PATH_LAT,h2,1778948844.687334,65


[2026-05-16 23:27:28] Bus 1: V=1.022 pu (raw 1.020) I=0.0 A (raw 0.0) PF=1.0000 FB=OPEN CMD=OPEN
[2026-05-16 23:27:28] Bus 2: V=1.010 pu (raw 1.009) I=440.8 A (raw 440.3) PF=0.9070 FB=OPEN CMD=OPEN
[2026-05-16 23:27:28] Bus 3: V=1.002 pu (raw 1.006) I=429.1 A (raw 429.4) PF=0.8827 FB=OPEN CMD=OPEN
[2026-05-16 23:27:28] Bus 4: V=1.014 pu (raw 1.010) I=491.8 A (raw 492.7) PF=0.8439 FB=OPEN CMD=OPEN
[2026-05-16 23:27:28] Bus 5: V=1.005 pu (raw 1.008) I=465.8 A (raw 467.8) PF=0.9702 FB=OPEN CMD=CLOSE
DT_PATH_LAT,h2,1778948848.852853,66


[2026-05-16 23:27:32] Bus 1: V=1.016 pu (raw 1.020) I=0.5 A (raw 0.0) PF=1.0000 FB=OPEN CMD=OPEN
[2026-05-16 23:27:32] Bus 2: V=1.014 pu (raw 1.009) I=440.9 A (raw 440.3) PF=0.9070 FB=OPEN CMD=OPEN
[2026-05-16 23:27:32] Bus 3: V=1.007 pu (raw 1.006) I=432.8 A (raw 429.4) PF=0.8827 FB=OPEN CMD=OPEN
[2026-05-16 23:27:32] Bus 4: V=1.008 pu (raw 1.010) I=491.7 A (raw 492.7) PF=0.8439 FB=OPEN CMD=OPEN
[2026-05-16 23:27:32] Bus 5: V=1.010 pu (raw 1.008) I=468.7 A (raw 467.8) PF=0.9702 FB=CLOSE CMD=CLOSE
DT_PATH_LAT,h2,1778948852.886981,67


[2026-05-16 23:27:36] Bus 1: V=1.017 pu (raw 1.020) I=0.0 A (raw 0.0) PF=1.0000 FB=OPEN CMD=OPEN
[2026-05-16 23:27:36] Bus 2: V=1.010 pu (raw 1.009) I=440.7 A (raw 440.3) PF=0.9070 FB=OPEN CMD=OPEN
[2026-05-16 23:27:36] Bus 3: V=1.002 pu (raw 1.006) I=429.1 A (raw 429.4) PF=0.8827 FB=OPEN CMD=OPEN
[2026-05-16 23:27:36] Bus 4: V=1.008 pu (raw 1.010) I=493.4 A (raw 492.7) PF=0.8439 FB=OPEN CMD=OPEN
[2026-05-16 23:27:36] Bus 5: V=1.008 pu (raw 1.008) I=467.7 A (raw 467.8) PF=0.9702 FB=CLOSE CMD=OPEN
DT_PATH_LAT,h2,1778948856.929142,68


[2026-05-16 23:27:40] Bus 1: V=1.019 pu (raw 1.020) I=1.6 A (raw 0.0) PF=1.0000 FB=OPEN CMD=OPEN
[2026-05-16 23:27:40] Bus 2: V=1.013 pu (raw 1.009) I=439.7 A (raw 440.3) PF=0.9070 FB=OPEN CMD=OPEN
[2026-05-16 23:27:40] Bus 3: V=1.009 pu (raw 1.006) I=428.3 A (raw 429.4) PF=0.8827 FB=OPEN CMD=OPEN
[2026-05-16 23:27:40] Bus 4: V=1.010 pu (raw 1.010) I=493.8 A (raw 492.7) PF=0.8439 FB=OPEN CMD=OPEN
[2026-05-16 23:27:40] Bus 5: V=1.013 pu (raw 1.008) I=467.3 A (raw 467.8) PF=0.9702 FB=OPEN CMD=CLOSE
DT_PATH_LAT,h2,1778948860.964484,69


[2026-05-16 23:27:45] Bus 1: V=1.020 pu (raw 1.020) I=0.3 A (raw 0.0) PF=1.0000 FB=OPEN CMD=OPEN
[2026-05-16 23:27:45] Bus 2: V=1.005 pu (raw 1.009) I=440.3 A (raw 440.3) PF=0.9070 FB=OPEN CMD=OPEN
[2026-05-16 23:27:45] Bus 3: V=1.004 pu (raw 1.006) I=430.0 A (raw 429.4) PF=0.8827 FB=OPEN CMD=OPEN
[2026-05-16 23:27:45] Bus 4: V=1.007 pu (raw 1.010) I=489.7 A (raw 492.7) PF=0.8439 FB=OPEN CMD=OPEN
[2026-05-16 23:27:45] Bus 5: V=1.008 pu (raw 1.008) I=468.2 A (raw 467.8) PF=0.9702 FB=CLOSE CMD=CLOSE
DT_PATH_LAT,h2,1778948865.044862,70


[2026-05-16 23:27:49] Bus 1: V=1.018 pu (raw 1.020) I=1.3 A (raw 0.0) PF=1.0000 FB=OPEN CMD=OPEN
[2026-05-16 23:27:49] Bus 2: V=1.008 pu (raw 1.009) I=439.4 A (raw 440.3) PF=0.9070 FB=OPEN CMD=OPEN
[2026-05-16 23:27:49] Bus 3: V=1.007 pu (raw 1.006) I=427.0 A (raw 429.4) PF=0.8827 FB=OPEN CMD=OPEN
[2026-05-16 23:27:49] Bus 4: V=1.008 pu (raw 1.010) I=492.6 A (raw 492.7) PF=0.8439 FB=OPEN CMD=OPEN
[2026-05-16 23:27:49] Bus 5: V=1.011 pu (raw 1.008) I=467.6 A (raw 467.8) PF=0.9702 FB=CLOSE CMD=OPEN
DT_PATH_LAT,h2,1778948869.156300,71


[2026-05-16 23:27:53] Bus 1: V=1.021 pu (raw 1.020) I=0.0 A (raw 0.0) PF=1.0000 FB=OPEN CMD=OPEN
[2026-05-16 23:27:53] Bus 2: V=1.010 pu (raw 1.009) I=442.8 A (raw 440.3) PF=0.9070 FB=OPEN CMD=OPEN
[2026-05-16 23:27:53] Bus 3: V=1.004 pu (raw 1.006) I=432.9 A (raw 429.4) PF=0.8827 FB=OPEN CMD=OPEN
[2026-05-16 23:27:53] Bus 4: V=1.008 pu (raw 1.010) I=492.7 A (raw 492.7) PF=0.8439 FB=OPEN CMD=OPEN
[2026-05-16 23:27:53] Bus 5: V=1.009 pu (raw 1.008) I=469.4 A (raw 467.8) PF=0.9702 FB=OPEN CMD=CLOSE
DT_PATH_LAT,h2,1778948873.191887,72


[2026-05-16 23:27:57] Bus 1: V=1.016 pu (raw 1.020) I=0.0 A (raw 0.0) PF=1.0000 FB=OPEN CMD=OPEN
[2026-05-16 23:27:57] Bus 2: V=1.011 pu (raw 1.009) I=441.5 A (raw 440.3) PF=0.9070 FB=OPEN CMD=OPEN
[2026-05-16 23:27:57] Bus 3: V=1.008 pu (raw 1.006) I=433.3 A (raw 429.4) PF=0.8827 FB=OPEN CMD=OPEN
[2026-05-16 23:27:57] Bus 4: V=1.011 pu (raw 1.010) I=493.0 A (raw 492.7) PF=0.8439 FB=OPEN CMD=OPEN
[2026-05-16 23:27:57] Bus 5: V=1.011 pu (raw 1.008) I=468.4 A (raw 467.8) PF=0.9702 FB=CLOSE CMD=CLOSE
DT_PATH_LAT,h2,1778948877.220788,73


[2026-05-16 23:28:01] Bus 1: V=1.025 pu (raw 1.020) I=0.0 A (raw 0.0) PF=1.0000 FB=OPEN CMD=OPEN
[2026-05-16 23:28:01] Bus 2: V=1.008 pu (raw 1.009) I=435.1 A (raw 440.3) PF=0.9070 FB=OPEN CMD=OPEN
[2026-05-16 23:28:01] Bus 3: V=1.008 pu (raw 1.006) I=428.8 A (raw 429.4) PF=0.8827 FB=OPEN CMD=OPEN
[2026-05-16 23:28:01] Bus 4: V=1.013 pu (raw 1.010) I=495.9 A (raw 492.7) PF=0.8439 FB=OPEN CMD=OPEN
[2026-05-16 23:28:01] Bus 5: V=1.008 pu (raw 1.008) I=467.5 A (raw 467.8) PF=0.9702 FB=CLOSE CMD=OPEN
DT_PATH_LAT,h2,1778948881.248442,74


[2026-05-16 23:28:05] Bus 1: V=1.019 pu (raw 1.020) I=0.0 A (raw 0.0) PF=1.0000 FB=OPEN CMD=OPEN
[2026-05-16 23:28:05] Bus 2: V=1.007 pu (raw 1.009) I=441.3 A (raw 440.3) PF=0.9070 FB=OPEN CMD=OPEN
[2026-05-16 23:28:05] Bus 3: V=1.006 pu (raw 1.006) I=429.5 A (raw 429.4) PF=0.8827 FB=OPEN CMD=OPEN
[2026-05-16 23:28:05] Bus 4: V=1.009 pu (raw 1.010) I=494.0 A (raw 492.7) PF=0.8439 FB=OPEN CMD=OPEN
[2026-05-16 23:28:05] Bus 5: V=1.009 pu (raw 1.008) I=467.6 A (raw 467.8) PF=0.9702 FB=OPEN CMD=CLOSE
DT_PATH_LAT,h2,1778948885.308611,75


[2026-05-16 23:28:09] Bus 1: V=1.022 pu (raw 1.020) I=0.0 A (raw 0.0) PF=1.0000 FB=OPEN CMD=OPEN
[2026-05-16 23:28:09] Bus 2: V=1.006 pu (raw 1.009) I=442.5 A (raw 440.3) PF=0.9070 FB=OPEN CMD=OPEN
[2026-05-16 23:28:09] Bus 3: V=1.007 pu (raw 1.006) I=428.0 A (raw 429.4) PF=0.8827 FB=OPEN CMD=OPEN
[2026-05-16 23:28:09] Bus 4: V=1.013 pu (raw 1.010) I=493.2 A (raw 492.7) PF=0.8439 FB=OPEN CMD=OPEN
[2026-05-16 23:28:09] Bus 5: V=1.003 pu (raw 1.008) I=470.2 A (raw 467.8) PF=0.9702 FB=CLOSE CMD=CLOSE
DT_PATH_LAT,h2,1778948889.447328,76


[2026-05-16 23:28:13] Bus 1: V=1.021 pu (raw 1.020) I=1.3 A (raw 0.0) PF=1.0000 FB=OPEN CMD=OPEN
[2026-05-16 23:28:13] Bus 2: V=1.010 pu (raw 1.009) I=440.1 A (raw 440.3) PF=0.9070 FB=OPEN CMD=OPEN
[2026-05-16 23:28:13] Bus 3: V=1.001 pu (raw 1.006) I=430.9 A (raw 429.4) PF=0.8827 FB=OPEN CMD=OPEN
[2026-05-16 23:28:13] Bus 4: V=1.010 pu (raw 1.010) I=492.2 A (raw 492.7) PF=0.8439 FB=OPEN CMD=OPEN
[2026-05-16 23:28:13] Bus 5: V=1.009 pu (raw 1.008) I=468.0 A (raw 467.8) PF=0.9702 FB=CLOSE CMD=CLOSE
DT_PATH_LAT,h2,1778948893.486294,77


[2026-05-16 23:28:17] Bus 1: V=1.022 pu (raw 1.020) I=0.0 A (raw 0.0) PF=1.0000 FB=OPEN CMD=OPEN
[2026-05-16 23:28:17] Bus 2: V=1.009 pu (raw 1.009) I=437.1 A (raw 440.3) PF=0.9070 FB=OPEN CMD=OPEN
[2026-05-16 23:28:17] Bus 3: V=1.005 pu (raw 1.006) I=430.4 A (raw 429.4) PF=0.8827 FB=OPEN CMD=OPEN
[2026-05-16 23:28:17] Bus 4: V=1.014 pu (raw 1.010) I=492.1 A (raw 492.7) PF=0.8439 FB=OPEN CMD=OPEN
[2026-05-16 23:28:17] Bus 5: V=1.008 pu (raw 1.008) I=470.2 A (raw 467.8) PF=0.9702 FB=CLOSE CMD=CLOSE
DT_PATH_LAT,h2,1778948897.521476,78


[2026-05-16 23:28:21] Bus 1: V=1.019 pu (raw 1.020) I=1.1 A (raw 0.0) PF=1.0000 FB=OPEN CMD=OPEN
[2026-05-16 23:28:21] Bus 2: V=1.014 pu (raw 1.009) I=440.4 A (raw 440.3) PF=0.9070 FB=OPEN CMD=OPEN
[2026-05-16 23:28:21] Bus 3: V=1.010 pu (raw 1.006) I=428.3 A (raw 429.4) PF=0.8827 FB=OPEN CMD=OPEN
[2026-05-16 23:28:21] Bus 4: V=1.011 pu (raw 1.010) I=492.6 A (raw 492.7) PF=0.8439 FB=OPEN CMD=OPEN
[2026-05-16 23:28:21] Bus 5: V=1.008 pu (raw 1.008) I=469.5 A (raw 467.8) PF=0.9702 FB=CLOSE CMD=CLOSE
DT_PATH_LAT,h2,1778948901.588441,79


[2026-05-16 23:28:25] Bus 1: V=1.027 pu (raw 1.020) I=0.0 A (raw 0.0) PF=1.0000 FB=OPEN CMD=OPEN
[2026-05-16 23:28:25] Bus 2: V=1.007 pu (raw 1.009) I=441.0 A (raw 440.3) PF=0.9070 FB=OPEN CMD=OPEN
[2026-05-16 23:28:25] Bus 3: V=1.003 pu (raw 1.006) I=430.1 A (raw 429.4) PF=0.8827 FB=OPEN CMD=OPEN
[2026-05-16 23:28:25] Bus 4: V=1.012 pu (raw 1.010) I=492.3 A (raw 492.7) PF=0.8439 FB=OPEN CMD=OPEN
[2026-05-16 23:28:25] Bus 5: V=1.010 pu (raw 1.008) I=465.5 A (raw 467.8) PF=0.9702 FB=CLOSE CMD=CLOSE
DT_PATH_LAT,h2,1778948905.621089,80


[2026-05-16 23:28:29] Bus 1: V=1.022 pu (raw 1.020) I=0.0 A (raw 0.0) PF=1.0000 FB=OPEN CMD=OPEN
[2026-05-16 23:28:29] Bus 2: V=1.007 pu (raw 1.009) I=439.5 A (raw 440.3) PF=0.9070 FB=OPEN CMD=OPEN
[2026-05-16 23:28:29] Bus 3: V=1.005 pu (raw 1.006) I=430.7 A (raw 429.4) PF=0.8827 FB=OPEN CMD=OPEN
[2026-05-16 23:28:29] Bus 4: V=1.010 pu (raw 1.010) I=492.1 A (raw 492.7) PF=0.8439 FB=OPEN CMD=OPEN
[2026-05-16 23:28:29] Bus 5: V=1.010 pu (raw 1.008) I=470.2 A (raw 467.8) PF=0.9702 FB=CLOSE CMD=CLOSE
DT_PATH_LAT,h2,1778948909.663098,81


[2026-05-16 23:28:33] Bus 1: V=1.020 pu (raw 1.020) I=0.5 A (raw 0.0) PF=1.0000 FB=OPEN CMD=OPEN
[2026-05-16 23:28:33] Bus 2: V=1.013 pu (raw 1.009) I=440.7 A (raw 440.3) PF=0.9070 FB=OPEN CMD=OPEN
[2026-05-16 23:28:33] Bus 3: V=1.002 pu (raw 1.006) I=433.1 A (raw 429.4) PF=0.8827 FB=OPEN CMD=OPEN
[2026-05-16 23:28:33] Bus 4: V=1.017 pu (raw 1.010) I=489.7 A (raw 492.7) PF=0.8439 FB=OPEN CMD=OPEN
[2026-05-16 23:28:33] Bus 5: V=1.008 pu (raw 1.008) I=468.5 A (raw 467.8) PF=0.9702 FB=CLOSE CMD=CLOSE
DT_PATH_LAT,h2,1778948913.694782,82


[2026-05-16 23:28:37] Bus 1: V=1.023 pu (raw 1.020) I=1.0 A (raw 0.0) PF=1.0000 FB=OPEN CMD=OPEN
[2026-05-16 23:28:37] Bus 2: V=1.008 pu (raw 1.009) I=438.7 A (raw 440.3) PF=0.9070 FB=OPEN CMD=OPEN
[2026-05-16 23:28:37] Bus 3: V=1.006 pu (raw 1.006) I=431.0 A (raw 429.4) PF=0.8827 FB=OPEN CMD=OPEN
[2026-05-16 23:28:37] Bus 4: V=1.007 pu (raw 1.010) I=491.1 A (raw 492.7) PF=0.8439 FB=OPEN CMD=OPEN
[2026-05-16 23:28:37] Bus 5: V=1.008 pu (raw 1.008) I=464.9 A (raw 467.8) PF=0.9702 FB=CLOSE CMD=CLOSE
DT_PATH_LAT,h2,1778948917.730153,83


[2026-05-16 23:28:41] Bus 1: V=1.019 pu (raw 1.020) I=0.0 A (raw 0.0) PF=1.0000 FB=OPEN CMD=OPEN
[2026-05-16 23:28:41] Bus 2: V=1.010 pu (raw 1.009) I=439.2 A (raw 440.3) PF=0.9070 FB=OPEN CMD=OPEN
[2026-05-16 23:28:41] Bus 3: V=1.003 pu (raw 1.006) I=428.8 A (raw 429.4) PF=0.8827 FB=OPEN CMD=OPEN
[2026-05-16 23:28:41] Bus 4: V=1.010 pu (raw 1.010) I=491.7 A (raw 492.7) PF=0.8439 FB=OPEN CMD=OPEN
[2026-05-16 23:28:41] Bus 5: V=1.008 pu (raw 1.008) I=469.0 A (raw 467.8) PF=0.9702 FB=CLOSE CMD=CLOSE
DT_PATH_LAT,h2,1778948921.766261,84


[2026-05-16 23:28:45] Bus 1: V=1.024 pu (raw 1.020) I=2.6 A (raw 0.0) PF=1.0000 FB=OPEN CMD=OPEN
[2026-05-16 23:28:45] Bus 2: V=1.007 pu (raw 1.009) I=439.7 A (raw 440.3) PF=0.9070 FB=OPEN CMD=OPEN
[2026-05-16 23:28:45] Bus 3: V=0.999 pu (raw 1.006) I=432.2 A (raw 429.4) PF=0.8827 FB=OPEN CMD=OPEN
[2026-05-16 23:28:45] Bus 4: V=1.008 pu (raw 1.010) I=492.6 A (raw 492.7) PF=0.8439 FB=OPEN CMD=OPEN
[2026-05-16 23:28:45] Bus 5: V=1.010 pu (raw 1.008) I=465.8 A (raw 467.8) PF=0.9702 FB=CLOSE CMD=CLOSE
DT_PATH_LAT,h2,1778948925.800842,85


[2026-05-16 23:28:49] Bus 1: V=1.021 pu (raw 1.020) I=0.0 A (raw 0.0) PF=1.0000 FB=OPEN CMD=OPEN
[2026-05-16 23:28:49] Bus 2: V=1.004 pu (raw 1.009) I=440.7 A (raw 440.3) PF=0.9070 FB=OPEN CMD=OPEN
[2026-05-16 23:28:49] Bus 3: V=1.010 pu (raw 1.006) I=426.6 A (raw 429.4) PF=0.8827 FB=OPEN CMD=OPEN
[2026-05-16 23:28:49] Bus 4: V=1.012 pu (raw 1.010) I=493.0 A (raw 492.7) PF=0.8439 FB=OPEN CMD=OPEN
[2026-05-16 23:28:49] Bus 5: V=1.009 pu (raw 1.008) I=468.5 A (raw 467.8) PF=0.9702 FB=CLOSE CMD=CLOSE
DT_PATH_LAT,h2,1778948929.838078,86


[2026-05-16 23:28:53] Bus 1: V=1.024 pu (raw 1.020) I=0.0 A (raw 0.0) PF=1.0000 FB=OPEN CMD=OPEN
[2026-05-16 23:28:53] Bus 2: V=1.012 pu (raw 1.009) I=439.7 A (raw 440.3) PF=0.9070 FB=OPEN CMD=OPEN
[2026-05-16 23:28:53] Bus 3: V=1.008 pu (raw 1.006) I=428.2 A (raw 429.4) PF=0.8827 FB=OPEN CMD=OPEN
[2026-05-16 23:28:53] Bus 4: V=1.010 pu (raw 1.010) I=495.3 A (raw 492.7) PF=0.8439 FB=OPEN CMD=OPEN
[2026-05-16 23:28:53] Bus 5: V=1.009 pu (raw 1.008) I=467.6 A (raw 467.8) PF=0.9702 FB=CLOSE CMD=CLOSE
DT_PATH_LAT,h2,1778948933.871551,87


[2026-05-16 23:28:58] Bus 1: V=1.017 pu (raw 1.020) I=0.0 A (raw 0.0) PF=1.0000 FB=OPEN CMD=OPEN
[2026-05-16 23:28:58] Bus 2: V=1.010 pu (raw 1.009) I=441.7 A (raw 440.3) PF=0.9070 FB=OPEN CMD=OPEN
[2026-05-16 23:28:58] Bus 3: V=1.007 pu (raw 1.006) I=430.2 A (raw 429.4) PF=0.8827 FB=OPEN CMD=OPEN
[2026-05-16 23:28:58] Bus 4: V=1.010 pu (raw 1.010) I=494.7 A (raw 492.7) PF=0.8439 FB=OPEN CMD=OPEN
[2026-05-16 23:28:58] Bus 5: V=1.007 pu (raw 1.008) I=467.0 A (raw 467.8) PF=0.9702 FB=CLOSE CMD=CLOSE
DT_PATH_LAT,h2,1778948938.109253,88


[2026-05-16 23:29:02] Bus 1: V=1.023 pu (raw 1.020) I=0.1 A (raw 0.0) PF=1.0000 FB=OPEN CMD=OPEN
[2026-05-16 23:29:02] Bus 2: V=1.008 pu (raw 1.009) I=439.4 A (raw 440.3) PF=0.9070 FB=OPEN CMD=OPEN
[2026-05-16 23:29:02] Bus 3: V=1.005 pu (raw 1.006) I=430.3 A (raw 429.4) PF=0.8827 FB=OPEN CMD=OPEN
[2026-05-16 23:29:02] Bus 4: V=1.011 pu (raw 1.010) I=490.9 A (raw 492.7) PF=0.8439 FB=OPEN CMD=OPEN
[2026-05-16 23:29:02] Bus 5: V=1.009 pu (raw 1.008) I=468.1 A (raw 467.8) PF=0.9702 FB=CLOSE CMD=CLOSE
DT_PATH_LAT,h2,1778948942.142259,89


[2026-05-16 23:29:06] Bus 1: V=1.017 pu (raw 1.020) I=1.2 A (raw 0.0) PF=1.0000 FB=OPEN CMD=OPEN
[2026-05-16 23:29:06] Bus 2: V=1.008 pu (raw 1.009) I=439.8 A (raw 440.3) PF=0.9070 FB=OPEN CMD=OPEN
[2026-05-16 23:29:06] Bus 3: V=1.008 pu (raw 1.006) I=431.4 A (raw 429.4) PF=0.8827 FB=OPEN CMD=OPEN
[2026-05-16 23:29:06] Bus 4: V=1.008 pu (raw 1.010) I=493.3 A (raw 492.7) PF=0.8439 FB=OPEN CMD=OPEN
[2026-05-16 23:29:06] Bus 5: V=1.005 pu (raw 1.008) I=471.3 A (raw 467.8) PF=0.9702 FB=CLOSE CMD=CLOSE
DT_PATH_LAT,h2,1778948946.178883,90


[2026-05-16 23:29:10] Bus 1: V=1.019 pu (raw 1.020) I=1.8 A (raw 0.0) PF=1.0000 FB=OPEN CMD=OPEN
[2026-05-16 23:29:10] Bus 2: V=1.007 pu (raw 1.009) I=441.5 A (raw 440.3) PF=0.9070 FB=OPEN CMD=OPEN
[2026-05-16 23:29:10] Bus 3: V=1.013 pu (raw 1.006) I=425.6 A (raw 429.4) PF=0.8827 FB=OPEN CMD=OPEN
[2026-05-16 23:29:10] Bus 4: V=1.009 pu (raw 1.010) I=493.4 A (raw 492.7) PF=0.8439 FB=OPEN CMD=OPEN
[2026-05-16 23:29:10] Bus 5: V=1.008 pu (raw 1.008) I=466.8 A (raw 467.8) PF=0.9702 FB=CLOSE CMD=CLOSE
DT_PATH_LAT,h2,1778948950.271423,91


[2026-05-16 23:29:14] Bus 1: V=1.026 pu (raw 1.020) I=0.1 A (raw 0.0) PF=1.0000 FB=OPEN CMD=OPEN
[2026-05-16 23:29:14] Bus 2: V=1.004 pu (raw 1.009) I=441.6 A (raw 440.3) PF=0.9070 FB=OPEN CMD=OPEN
[2026-05-16 23:29:14] Bus 3: V=1.001 pu (raw 1.006) I=431.1 A (raw 429.4) PF=0.8827 FB=OPEN CMD=OPEN
[2026-05-16 23:29:14] Bus 4: V=1.008 pu (raw 1.010) I=492.9 A (raw 492.7) PF=0.8439 FB=OPEN CMD=OPEN
[2026-05-16 23:29:14] Bus 5: V=1.012 pu (raw 1.008) I=468.0 A (raw 467.8) PF=0.9702 FB=CLOSE CMD=CLOSE
DT_PATH_LAT,h2,1778948954.334711,92


[2026-05-16 23:29:18] Bus 1: V=1.016 pu (raw 1.020) I=0.0 A (raw 0.0) PF=1.0000 FB=OPEN CMD=OPEN
[2026-05-16 23:29:18] Bus 2: V=1.013 pu (raw 1.009) I=441.4 A (raw 440.3) PF=0.9070 FB=OPEN CMD=OPEN
[2026-05-16 23:29:18] Bus 3: V=1.004 pu (raw 1.006) I=430.7 A (raw 429.4) PF=0.8827 FB=OPEN CMD=OPEN
[2026-05-16 23:29:18] Bus 4: V=1.011 pu (raw 1.010) I=493.6 A (raw 492.7) PF=0.8439 FB=OPEN CMD=OPEN
[2026-05-16 23:29:18] Bus 5: V=1.001 pu (raw 1.008) I=467.4 A (raw 467.8) PF=0.9702 FB=CLOSE CMD=CLOSE
DT_PATH_LAT,h2,1778948958.369224,93


[2026-05-16 23:29:22] Bus 1: V=1.023 pu (raw 1.020) I=1.1 A (raw 0.0) PF=1.0000 FB=OPEN CMD=OPEN
[2026-05-16 23:29:22] Bus 2: V=1.012 pu (raw 1.009) I=436.6 A (raw 440.3) PF=0.9070 FB=OPEN CMD=OPEN
[2026-05-16 23:29:22] Bus 3: V=1.007 pu (raw 1.006) I=430.1 A (raw 429.4) PF=0.8827 FB=OPEN CMD=OPEN
[2026-05-16 23:29:22] Bus 4: V=1.018 pu (raw 1.010) I=491.2 A (raw 492.7) PF=0.8439 FB=OPEN CMD=OPEN
[2026-05-16 23:29:22] Bus 5: V=1.007 pu (raw 1.008) I=467.9 A (raw 467.8) PF=0.9702 FB=CLOSE CMD=CLOSE
DT_PATH_LAT,h2,1778948962.404037,94


[2026-05-16 23:29:26] Bus 1: V=1.023 pu (raw 1.020) I=0.0 A (raw 0.0) PF=1.0000 FB=OPEN CMD=OPEN
[2026-05-16 23:29:26] Bus 2: V=1.012 pu (raw 1.009) I=439.1 A (raw 440.3) PF=0.9070 FB=OPEN CMD=OPEN
[2026-05-16 23:29:26] Bus 3: V=1.007 pu (raw 1.006) I=428.6 A (raw 429.4) PF=0.8827 FB=OPEN CMD=OPEN
[2026-05-16 23:29:26] Bus 4: V=1.010 pu (raw 1.010) I=491.6 A (raw 492.7) PF=0.8439 FB=OPEN CMD=OPEN
[2026-05-16 23:29:26] Bus 5: V=1.003 pu (raw 1.008) I=469.5 A (raw 467.8) PF=0.9702 FB=CLOSE CMD=CLOSE
DT_PATH_LAT,h2,1778948966.442058,95


[2026-05-16 23:29:30] Bus 1: V=1.021 pu (raw 1.020) I=0.0 A (raw 0.0) PF=1.0000 FB=OPEN CMD=OPEN
[2026-05-16 23:29:30] Bus 2: V=1.010 pu (raw 1.009) I=441.8 A (raw 440.3) PF=0.9070 FB=OPEN CMD=OPEN
[2026-05-16 23:29:30] Bus 3: V=1.003 pu (raw 1.006) I=429.2 A (raw 429.4) PF=0.8827 FB=OPEN CMD=OPEN
[2026-05-16 23:29:30] Bus 4: V=1.012 pu (raw 1.010) I=493.5 A (raw 492.7) PF=0.8439 FB=OPEN CMD=OPEN
[2026-05-16 23:29:30] Bus 5: V=1.007 pu (raw 1.008) I=464.7 A (raw 467.8) PF=0.9702 FB=CLOSE CMD=CLOSE
DT_PATH_LAT,h2,1778948970.484140,96


[2026-05-16 23:29:34] Bus 1: V=1.024 pu (raw 1.020) I=0.5 A (raw 0.0) PF=1.0000 FB=OPEN CMD=OPEN
[2026-05-16 23:29:34] Bus 2: V=1.009 pu (raw 1.009) I=439.9 A (raw 440.3) PF=0.9070 FB=OPEN CMD=OPEN
[2026-05-16 23:29:34] Bus 3: V=1.007 pu (raw 1.006) I=428.8 A (raw 429.4) PF=0.8827 FB=OPEN CMD=OPEN
[2026-05-16 23:29:34] Bus 4: V=1.007 pu (raw 1.010) I=491.6 A (raw 492.7) PF=0.8439 FB=OPEN CMD=OPEN
[2026-05-16 23:29:34] Bus 5: V=1.006 pu (raw 1.008) I=466.9 A (raw 467.8) PF=0.9702 FB=CLOSE CMD=CLOSE
DT_PATH_LAT,h2,1778948974.522940,97


[2026-05-16 23:29:38] Bus 1: V=1.017 pu (raw 1.020) I=1.0 A (raw 0.0) PF=1.0000 FB=OPEN CMD=OPEN
[2026-05-16 23:29:38] Bus 2: V=1.005 pu (raw 1.009) I=441.3 A (raw 440.3) PF=0.9070 FB=OPEN CMD=OPEN
[2026-05-16 23:29:38] Bus 3: V=1.003 pu (raw 1.006) I=429.9 A (raw 429.4) PF=0.8827 FB=OPEN CMD=OPEN
[2026-05-16 23:29:38] Bus 4: V=1.014 pu (raw 1.010) I=493.0 A (raw 492.7) PF=0.8439 FB=OPEN CMD=OPEN
[2026-05-16 23:29:38] Bus 5: V=1.006 pu (raw 1.008) I=467.9 A (raw 467.8) PF=0.9702 FB=CLOSE CMD=CLOSE
DT_PATH_LAT,h2,1778948978.566161,98


[2026-05-16 23:29:42] Bus 1: V=1.020 pu (raw 1.020) I=0.0 A (raw 0.0) PF=1.0000 FB=OPEN CMD=OPEN
[2026-05-16 23:29:42] Bus 2: V=1.007 pu (raw 1.009) I=440.5 A (raw 440.3) PF=0.9070 FB=OPEN CMD=OPEN
[2026-05-16 23:29:42] Bus 3: V=1.005 pu (raw 1.006) I=429.5 A (raw 429.4) PF=0.8827 FB=OPEN CMD=OPEN
[2026-05-16 23:29:42] Bus 4: V=1.012 pu (raw 1.010) I=493.8 A (raw 492.7) PF=0.8439 FB=OPEN CMD=OPEN
[2026-05-16 23:29:42] Bus 5: V=1.011 pu (raw 1.008) I=468.7 A (raw 467.8) PF=0.9702 FB=CLOSE CMD=CLOSE
DT_PATH_LAT,h2,1778948982.605128,99


[2026-05-16 23:29:46] Bus 1: V=1.019 pu (raw 1.020) I=0.0 A (raw 0.0) PF=1.0000 FB=OPEN CMD=OPEN
[2026-05-16 23:29:46] Bus 2: V=1.008 pu (raw 1.009) I=439.8 A (raw 440.3) PF=0.9070 FB=OPEN CMD=OPEN
[2026-05-16 23:29:46] Bus 3: V=1.005 pu (raw 1.006) I=426.8 A (raw 429.4) PF=0.8827 FB=OPEN CMD=OPEN
[2026-05-16 23:29:46] Bus 4: V=1.009 pu (raw 1.010) I=492.6 A (raw 492.7) PF=0.8439 FB=OPEN CMD=OPEN
[2026-05-16 23:29:46] Bus 5: V=1.005 pu (raw 1.008) I=467.8 A (raw 467.8) PF=0.9702 FB=CLOSE CMD=CLOSE
DT_PATH_LAT,h2,1778948986.651989,100


[2026-05-16 23:29:50] Bus 1: V=1.022 pu (raw 1.020) I=0.0 A (raw 0.0) PF=1.0000 FB=OPEN CMD=OPEN
[2026-05-16 23:29:50] Bus 2: V=1.015 pu (raw 1.009) I=436.4 A (raw 440.3) PF=0.9070 FB=OPEN CMD=OPEN
[2026-05-16 23:29:50] Bus 3: V=1.005 pu (raw 1.006) I=426.7 A (raw 429.4) PF=0.8827 FB=OPEN CMD=OPEN
[2026-05-16 23:29:50] Bus 4: V=1.013 pu (raw 1.010) I=496.6 A (raw 492.7) PF=0.8439 FB=OPEN CMD=OPEN
[2026-05-16 23:29:50] Bus 5: V=1.000 pu (raw 1.008) I=468.0 A (raw 467.8) PF=0.9702 FB=CLOSE CMD=CLOSE
DT_PATH_LAT,h2,1778948990.694639,101


[2026-05-16 23:29:54] Bus 1: V=1.022 pu (raw 1.020) I=0.0 A (raw 0.0) PF=1.0000 FB=OPEN CMD=OPEN
[2026-05-16 23:29:54] Bus 2: V=1.011 pu (raw 1.009) I=436.9 A (raw 440.3) PF=0.9070 FB=OPEN CMD=OPEN
[2026-05-16 23:29:54] Bus 3: V=1.009 pu (raw 1.006) I=430.0 A (raw 429.4) PF=0.8827 FB=OPEN CMD=OPEN
[2026-05-16 23:29:54] Bus 4: V=1.010 pu (raw 1.010) I=491.8 A (raw 492.7) PF=0.8439 FB=OPEN CMD=OPEN
[2026-05-16 23:29:54] Bus 5: V=1.010 pu (raw 1.008) I=467.1 A (raw 467.8) PF=0.9702 FB=CLOSE CMD=CLOSE
DT_PATH_LAT,h2,1778948994.787365,102


[2026-05-16 23:29:58] Bus 1: V=1.021 pu (raw 1.020) I=0.0 A (raw 0.0) PF=1.0000 FB=OPEN CMD=OPEN
[2026-05-16 23:29:58] Bus 2: V=1.002 pu (raw 1.009) I=440.3 A (raw 440.3) PF=0.9070 FB=OPEN CMD=OPEN
[2026-05-16 23:29:58] Bus 3: V=1.007 pu (raw 1.006) I=430.5 A (raw 429.4) PF=0.8827 FB=OPEN CMD=OPEN
[2026-05-16 23:29:58] Bus 4: V=1.007 pu (raw 1.010) I=492.6 A (raw 492.7) PF=0.8439 FB=OPEN CMD=OPEN
[2026-05-16 23:29:58] Bus 5: V=1.010 pu (raw 1.008) I=468.1 A (raw 467.8) PF=0.9702 FB=CLOSE CMD=CLOSE
DT_PATH_LAT,h2,1778948998.888884,103


[2026-05-16 23:30:02] Bus 1: V=1.024 pu (raw 1.020) I=3.0 A (raw 0.0) PF=1.0000 FB=OPEN CMD=OPEN
[2026-05-16 23:30:02] Bus 2: V=1.006 pu (raw 1.009) I=437.4 A (raw 440.3) PF=0.9070 FB=OPEN CMD=OPEN
[2026-05-16 23:30:02] Bus 3: V=1.009 pu (raw 1.006) I=431.7 A (raw 429.4) PF=0.8827 FB=OPEN CMD=OPEN
[2026-05-16 23:30:02] Bus 4: V=1.013 pu (raw 1.010) I=493.9 A (raw 492.7) PF=0.8439 FB=OPEN CMD=OPEN
[2026-05-16 23:30:02] Bus 5: V=1.006 pu (raw 1.008) I=466.8 A (raw 467.8) PF=0.9702 FB=CLOSE CMD=CLOSE
DT_PATH_LAT,h2,1778949002.930581,104


[2026-05-16 23:30:06] Bus 1: V=1.023 pu (raw 1.020) I=0.0 A (raw 0.0) PF=1.0000 FB=OPEN CMD=OPEN
[2026-05-16 23:30:06] Bus 2: V=1.004 pu (raw 1.009) I=438.8 A (raw 440.3) PF=0.9070 FB=OPEN CMD=OPEN
[2026-05-16 23:30:06] Bus 3: V=1.013 pu (raw 1.006) I=432.3 A (raw 429.4) PF=0.8827 FB=OPEN CMD=OPEN
[2026-05-16 23:30:06] Bus 4: V=1.008 pu (raw 1.010) I=491.6 A (raw 492.7) PF=0.8439 FB=OPEN CMD=OPEN
[2026-05-16 23:30:06] Bus 5: V=1.009 pu (raw 1.008) I=466.7 A (raw 467.8) PF=0.9702 FB=CLOSE CMD=CLOSE
DT_PATH_LAT,h2,1778949006.976609,105


[2026-05-16 23:30:10] Bus 1: V=1.024 pu (raw 1.020) I=0.0 A (raw 0.0) PF=1.0000 FB=OPEN CMD=OPEN
[2026-05-16 23:30:10] Bus 2: V=1.006 pu (raw 1.009) I=442.3 A (raw 440.3) PF=0.9070 FB=OPEN CMD=OPEN
[2026-05-16 23:30:10] Bus 3: V=1.004 pu (raw 1.006) I=429.7 A (raw 429.4) PF=0.8827 FB=OPEN CMD=OPEN
[2026-05-16 23:30:10] Bus 4: V=1.010 pu (raw 1.010) I=492.2 A (raw 492.7) PF=0.8439 FB=OPEN CMD=OPEN
[2026-05-16 23:30:10] Bus 5: V=1.009 pu (raw 1.008) I=466.8 A (raw 467.8) PF=0.9702 FB=CLOSE CMD=CLOSE
DT_PATH_LAT,h2,1778949011.031135,106


[2026-05-16 23:30:15] Bus 1: V=1.014 pu (raw 1.020) I=0.0 A (raw 0.0) PF=1.0000 FB=OPEN CMD=OPEN
[2026-05-16 23:30:15] Bus 2: V=1.005 pu (raw 1.009) I=439.2 A (raw 440.3) PF=0.9070 FB=OPEN CMD=OPEN
[2026-05-16 23:30:15] Bus 3: V=1.006 pu (raw 1.006) I=429.5 A (raw 429.4) PF=0.8827 FB=OPEN CMD=OPEN
[2026-05-16 23:30:15] Bus 4: V=1.012 pu (raw 1.010) I=492.8 A (raw 492.7) PF=0.8439 FB=OPEN CMD=OPEN
[2026-05-16 23:30:15] Bus 5: V=1.006 pu (raw 1.008) I=466.8 A (raw 467.8) PF=0.9702 FB=CLOSE CMD=CLOSE
DT_PATH_LAT,h2,1778949015.090415,107


[2026-05-16 23:30:19] Bus 1: V=1.014 pu (raw 1.020) I=0.0 A (raw 0.0) PF=1.0000 FB=OPEN CMD=OPEN
[2026-05-16 23:30:19] Bus 2: V=1.010 pu (raw 1.009) I=441.1 A (raw 440.3) PF=0.9070 FB=OPEN CMD=OPEN
[2026-05-16 23:30:19] Bus 3: V=1.006 pu (raw 1.006) I=429.1 A (raw 429.4) PF=0.8827 FB=OPEN CMD=OPEN
[2026-05-16 23:30:19] Bus 4: V=1.013 pu (raw 1.010) I=492.7 A (raw 492.7) PF=0.8439 FB=OPEN CMD=OPEN
[2026-05-16 23:30:19] Bus 5: V=1.010 pu (raw 1.008) I=468.7 A (raw 467.8) PF=0.9702 FB=CLOSE CMD=CLOSE
DT_PATH_LAT,h2,1778949019.127620,108


[2026-05-16 23:30:23] Bus 1: V=1.021 pu (raw 1.020) I=2.0 A (raw 0.0) PF=1.0000 FB=OPEN CMD=OPEN
[2026-05-16 23:30:23] Bus 2: V=1.007 pu (raw 1.009) I=439.8 A (raw 440.3) PF=0.9070 FB=OPEN CMD=OPEN
[2026-05-16 23:30:23] Bus 3: V=1.004 pu (raw 1.006) I=428.2 A (raw 429.4) PF=0.8827 FB=OPEN CMD=OPEN
[2026-05-16 23:30:23] Bus 4: V=1.015 pu (raw 1.010) I=495.3 A (raw 492.7) PF=0.8439 FB=OPEN CMD=OPEN
[2026-05-16 23:30:23] Bus 5: V=1.008 pu (raw 1.008) I=468.7 A (raw 467.8) PF=0.9702 FB=CLOSE CMD=CLOSE
DT_PATH_LAT,h2,1778949023.168274,109


[2026-05-16 23:30:27] Bus 1: V=1.024 pu (raw 1.020) I=1.2 A (raw 0.0) PF=1.0000 FB=OPEN CMD=OPEN
[2026-05-16 23:30:27] Bus 2: V=1.013 pu (raw 1.009) I=438.4 A (raw 440.3) PF=0.9070 FB=OPEN CMD=OPEN
[2026-05-16 23:30:27] Bus 3: V=1.004 pu (raw 1.006) I=430.1 A (raw 429.4) PF=0.8827 FB=OPEN CMD=OPEN
[2026-05-16 23:30:27] Bus 4: V=1.014 pu (raw 1.010) I=492.8 A (raw 492.7) PF=0.8439 FB=OPEN CMD=OPEN
[2026-05-16 23:30:27] Bus 5: V=1.005 pu (raw 1.008) I=467.3 A (raw 467.8) PF=0.9702 FB=CLOSE CMD=CLOSE
DT_PATH_LAT,h2,1778949027.213076,110


[2026-05-16 23:30:31] Bus 1: V=1.018 pu (raw 1.020) I=0.0 A (raw 0.0) PF=1.0000 FB=OPEN CMD=OPEN
[2026-05-16 23:30:31] Bus 2: V=1.014 pu (raw 1.009) I=439.4 A (raw 440.3) PF=0.9070 FB=OPEN CMD=OPEN
[2026-05-16 23:30:31] Bus 3: V=1.006 pu (raw 1.006) I=432.6 A (raw 429.4) PF=0.8827 FB=OPEN CMD=OPEN
[2026-05-16 23:30:31] Bus 4: V=1.014 pu (raw 1.010) I=493.2 A (raw 492.7) PF=0.8439 FB=OPEN CMD=OPEN
[2026-05-16 23:30:31] Bus 5: V=1.006 pu (raw 1.008) I=468.4 A (raw 467.8) PF=0.9702 FB=CLOSE CMD=CLOSE
DT_PATH_LAT,h2,1778949031.247446,111


[2026-05-16 23:30:35] Bus 1: V=1.025 pu (raw 1.020) I=0.9 A (raw 0.0) PF=1.0000 FB=OPEN CMD=OPEN
[2026-05-16 23:30:35] Bus 2: V=1.013 pu (raw 1.009) I=440.4 A (raw 440.3) PF=0.9070 FB=OPEN CMD=OPEN
[2026-05-16 23:30:35] Bus 3: V=1.008 pu (raw 1.006) I=429.1 A (raw 429.4) PF=0.8827 FB=OPEN CMD=OPEN
[2026-05-16 23:30:35] Bus 4: V=1.011 pu (raw 1.010) I=494.6 A (raw 492.7) PF=0.8439 FB=OPEN CMD=OPEN
[2026-05-16 23:30:35] Bus 5: V=1.004 pu (raw 1.008) I=467.7 A (raw 467.8) PF=0.9702 FB=CLOSE CMD=CLOSE
DT_PATH_LAT,h2,1778949035.283493,112


[2026-05-16 23:30:39] Bus 1: V=1.021 pu (raw 1.020) I=0.0 A (raw 0.0) PF=1.0000 FB=OPEN CMD=OPEN
[2026-05-16 23:30:39] Bus 2: V=1.008 pu (raw 1.009) I=441.5 A (raw 440.3) PF=0.9070 FB=OPEN CMD=OPEN
[2026-05-16 23:30:39] Bus 3: V=1.012 pu (raw 1.006) I=430.3 A (raw 429.4) PF=0.8827 FB=OPEN CMD=OPEN
[2026-05-16 23:30:39] Bus 4: V=1.011 pu (raw 1.010) I=490.3 A (raw 492.7) PF=0.8439 FB=OPEN CMD=OPEN
[2026-05-16 23:30:39] Bus 5: V=1.014 pu (raw 1.008) I=467.9 A (raw 467.8) PF=0.9702 FB=CLOSE CMD=CLOSE
DT_PATH_LAT,h2,1778949039.318242,113


[2026-05-16 23:30:43] Bus 1: V=1.020 pu (raw 1.020) I=0.0 A (raw 0.0) PF=1.0000 FB=OPEN CMD=OPEN
[2026-05-16 23:30:43] Bus 2: V=1.009 pu (raw 1.009) I=438.7 A (raw 440.3) PF=0.9070 FB=OPEN CMD=OPEN
[2026-05-16 23:30:43] Bus 3: V=1.006 pu (raw 1.006) I=430.1 A (raw 429.4) PF=0.8827 FB=OPEN CMD=OPEN
[2026-05-16 23:30:43] Bus 4: V=1.010 pu (raw 1.010) I=493.1 A (raw 492.7) PF=0.8439 FB=OPEN CMD=OPEN
[2026-05-16 23:30:43] Bus 5: V=1.005 pu (raw 1.008) I=470.0 A (raw 467.8) PF=0.9702 FB=CLOSE CMD=CLOSE
DT_PATH_LAT,h2,1778949043.366511,114


[2026-05-16 23:30:47] Bus 1: V=1.018 pu (raw 1.020) I=0.0 A (raw 0.0) PF=1.0000 FB=OPEN CMD=OPEN
[2026-05-16 23:30:47] Bus 2: V=1.008 pu (raw 1.009) I=439.2 A (raw 440.3) PF=0.9070 FB=OPEN CMD=OPEN
[2026-05-16 23:30:47] Bus 3: V=1.003 pu (raw 1.006) I=428.9 A (raw 429.4) PF=0.8827 FB=OPEN CMD=OPEN
[2026-05-16 23:30:47] Bus 4: V=1.011 pu (raw 1.010) I=490.9 A (raw 492.7) PF=0.8439 FB=OPEN CMD=OPEN
[2026-05-16 23:30:47] Bus 5: V=1.008 pu (raw 1.008) I=470.0 A (raw 467.8) PF=0.9702 FB=CLOSE CMD=CLOSE
DT_PATH_LAT,h2,1778949047.400741,115


[2026-05-16 23:30:51] Bus 1: V=1.022 pu (raw 1.020) I=0.0 A (raw 0.0) PF=1.0000 FB=OPEN CMD=OPEN
[2026-05-16 23:30:51] Bus 2: V=1.009 pu (raw 1.009) I=440.1 A (raw 440.3) PF=0.9070 FB=OPEN CMD=OPEN
[2026-05-16 23:30:51] Bus 3: V=1.006 pu (raw 1.006) I=430.5 A (raw 429.4) PF=0.8827 FB=OPEN CMD=OPEN
[2026-05-16 23:30:51] Bus 4: V=1.010 pu (raw 1.010) I=489.1 A (raw 492.7) PF=0.8439 FB=OPEN CMD=OPEN
[2026-05-16 23:30:51] Bus 5: V=1.008 pu (raw 1.008) I=466.5 A (raw 467.8) PF=0.9702 FB=CLOSE CMD=CLOSE
DT_PATH_LAT,h2,1778949051.435512,116


[2026-05-16 23:30:55] Bus 1: V=1.022 pu (raw 1.020) I=0.0 A (raw 0.0) PF=1.0000 FB=OPEN CMD=OPEN
[2026-05-16 23:30:55] Bus 2: V=1.009 pu (raw 1.009) I=443.6 A (raw 440.3) PF=0.9070 FB=OPEN CMD=OPEN
[2026-05-16 23:30:55] Bus 3: V=1.003 pu (raw 1.006) I=427.7 A (raw 429.4) PF=0.8827 FB=OPEN CMD=OPEN
[2026-05-16 23:30:55] Bus 4: V=1.006 pu (raw 1.010) I=489.1 A (raw 492.7) PF=0.8439 FB=OPEN CMD=OPEN
[2026-05-16 23:30:55] Bus 5: V=1.002 pu (raw 1.008) I=468.4 A (raw 467.8) PF=0.9702 FB=CLOSE CMD=CLOSE
DT_PATH_LAT,h2,1778949055.495556,117


[2026-05-16 23:30:59] Bus 1: V=1.018 pu (raw 1.020) I=0.0 A (raw 0.0) PF=1.0000 FB=OPEN CMD=OPEN
[2026-05-16 23:30:59] Bus 2: V=1.005 pu (raw 1.009) I=441.2 A (raw 440.3) PF=0.9070 FB=OPEN CMD=OPEN
[2026-05-16 23:30:59] Bus 3: V=1.004 pu (raw 1.006) I=428.8 A (raw 429.4) PF=0.8827 FB=OPEN CMD=OPEN
[2026-05-16 23:30:59] Bus 4: V=1.011 pu (raw 1.010) I=494.7 A (raw 492.7) PF=0.8439 FB=OPEN CMD=OPEN
[2026-05-16 23:30:59] Bus 5: V=1.014 pu (raw 1.008) I=469.4 A (raw 467.8) PF=0.9702 FB=CLOSE CMD=CLOSE
DT_PATH_LAT,h2,1778949059.528091,118


[2026-05-16 23:31:03] Bus 1: V=1.020 pu (raw 1.020) I=0.3 A (raw 0.0) PF=1.0000 FB=OPEN CMD=OPEN
[2026-05-16 23:31:03] Bus 2: V=1.014 pu (raw 1.009) I=442.4 A (raw 440.3) PF=0.9070 FB=OPEN CMD=OPEN
[2026-05-16 23:31:03] Bus 3: V=1.005 pu (raw 1.006) I=430.1 A (raw 429.4) PF=0.8827 FB=OPEN CMD=OPEN
[2026-05-16 23:31:03] Bus 4: V=1.011 pu (raw 1.010) I=492.7 A (raw 492.7) PF=0.8439 FB=OPEN CMD=OPEN
[2026-05-16 23:31:03] Bus 5: V=1.006 pu (raw 1.008) I=465.8 A (raw 467.8) PF=0.9702 FB=CLOSE CMD=CLOSE
DT_PATH_LAT,h2,1778949063.563083,119


[2026-05-16 23:31:07] Bus 1: V=1.018 pu (raw 1.020) I=0.0 A (raw 0.0) PF=1.0000 FB=OPEN CMD=OPEN
[2026-05-16 23:31:07] Bus 2: V=1.013 pu (raw 1.009) I=441.1 A (raw 440.3) PF=0.9070 FB=OPEN CMD=OPEN
[2026-05-16 23:31:07] Bus 3: V=1.002 pu (raw 1.006) I=431.5 A (raw 429.4) PF=0.8827 FB=OPEN CMD=OPEN
[2026-05-16 23:31:07] Bus 4: V=1.013 pu (raw 1.010) I=489.8 A (raw 492.7) PF=0.8439 FB=OPEN CMD=OPEN
[2026-05-16 23:31:07] Bus 5: V=1.014 pu (raw 1.008) I=469.0 A (raw 467.8) PF=0.9702 FB=CLOSE CMD=CLOSE
DT_PATH_LAT,h2,1778949067.596881,120


[2026-05-16 23:31:11] Bus 1: V=1.026 pu (raw 1.020) I=0.0 A (raw 0.0) PF=1.0000 FB=OPEN CMD=OPEN
[2026-05-16 23:31:11] Bus 2: V=1.011 pu (raw 1.009) I=440.9 A (raw 440.3) PF=0.9070 FB=OPEN CMD=OPEN
[2026-05-16 23:31:11] Bus 3: V=1.007 pu (raw 1.006) I=429.7 A (raw 429.4) PF=0.8827 FB=OPEN CMD=OPEN
[2026-05-16 23:31:11] Bus 4: V=1.013 pu (raw 1.010) I=490.4 A (raw 492.7) PF=0.8439 FB=OPEN CMD=OPEN
[2026-05-16 23:31:11] Bus 5: V=1.004 pu (raw 1.008) I=465.7 A (raw 467.8) PF=0.9702 FB=CLOSE CMD=CLOSE
DT_PATH_LAT,h2,1778949071.625252,121


[2026-05-16 23:31:15] Bus 1: V=1.018 pu (raw 1.020) I=0.0 A (raw 0.0) PF=1.0000 FB=OPEN CMD=OPEN
[2026-05-16 23:31:15] Bus 2: V=1.010 pu (raw 1.009) I=440.7 A (raw 440.3) PF=0.9070 FB=OPEN CMD=OPEN
[2026-05-16 23:31:15] Bus 3: V=1.006 pu (raw 1.006) I=428.4 A (raw 429.4) PF=0.8827 FB=OPEN CMD=OPEN
[2026-05-16 23:31:15] Bus 4: V=1.009 pu (raw 1.010) I=494.1 A (raw 492.7) PF=0.8439 FB=OPEN CMD=OPEN
[2026-05-16 23:31:15] Bus 5: V=1.010 pu (raw 1.008) I=468.0 A (raw 467.8) PF=0.9702 FB=CLOSE CMD=CLOSE
DT_PATH_LAT,h2,1778949075.682247,122


[2026-05-16 23:31:19] Bus 1: V=1.019 pu (raw 1.020) I=2.3 A (raw 0.0) PF=1.0000 FB=OPEN CMD=OPEN
[2026-05-16 23:31:19] Bus 2: V=1.007 pu (raw 1.009) I=441.3 A (raw 440.3) PF=0.9070 FB=OPEN CMD=OPEN
[2026-05-16 23:31:19] Bus 3: V=1.009 pu (raw 1.006) I=429.0 A (raw 429.4) PF=0.8827 FB=OPEN CMD=OPEN
[2026-05-16 23:31:19] Bus 4: V=1.012 pu (raw 1.010) I=491.0 A (raw 492.7) PF=0.8439 FB=OPEN CMD=OPEN
[2026-05-16 23:31:19] Bus 5: V=1.011 pu (raw 1.008) I=468.1 A (raw 467.8) PF=0.9702 FB=CLOSE CMD=CLOSE
DT_PATH_LAT,h2,1778949079.832772,123


[2026-05-16 23:31:23] Bus 1: V=1.015 pu (raw 1.020) I=1.0 A (raw 0.0) PF=1.0000 FB=OPEN CMD=OPEN
[2026-05-16 23:31:23] Bus 2: V=1.006 pu (raw 1.009) I=442.2 A (raw 440.3) PF=0.9070 FB=OPEN CMD=OPEN
[2026-05-16 23:31:23] Bus 3: V=1.004 pu (raw 1.006) I=429.2 A (raw 429.4) PF=0.8827 FB=OPEN CMD=OPEN
[2026-05-16 23:31:23] Bus 4: V=1.011 pu (raw 1.010) I=492.2 A (raw 492.7) PF=0.8439 FB=OPEN CMD=OPEN
[2026-05-16 23:31:23] Bus 5: V=1.009 pu (raw 1.008) I=467.0 A (raw 467.8) PF=0.9702 FB=CLOSE CMD=CLOSE
DT_PATH_LAT,h2,1778949083.863710,124


[2026-05-16 23:31:27] Bus 1: V=1.022 pu (raw 1.020) I=0.0 A (raw 0.0) PF=1.0000 FB=OPEN CMD=OPEN
[2026-05-16 23:31:27] Bus 2: V=1.010 pu (raw 1.009) I=436.2 A (raw 440.3) PF=0.9070 FB=OPEN CMD=OPEN
[2026-05-16 23:31:27] Bus 3: V=1.009 pu (raw 1.006) I=429.4 A (raw 429.4) PF=0.8827 FB=OPEN CMD=OPEN
[2026-05-16 23:31:27] Bus 4: V=1.005 pu (raw 1.010) I=492.8 A (raw 492.7) PF=0.8439 FB=OPEN CMD=OPEN
[2026-05-16 23:31:27] Bus 5: V=1.009 pu (raw 1.008) I=469.4 A (raw 467.8) PF=0.9702 FB=CLOSE CMD=CLOSE
DT_PATH_LAT,h2,1778949087.896381,125


[2026-05-16 23:31:31] Bus 1: V=1.017 pu (raw 1.020) I=2.3 A (raw 0.0) PF=1.0000 FB=OPEN CMD=OPEN
[2026-05-16 23:31:31] Bus 2: V=1.009 pu (raw 1.009) I=443.9 A (raw 440.3) PF=0.9070 FB=OPEN CMD=OPEN
[2026-05-16 23:31:31] Bus 3: V=1.006 pu (raw 1.006) I=430.4 A (raw 429.4) PF=0.8827 FB=OPEN CMD=OPEN
[2026-05-16 23:31:31] Bus 4: V=1.009 pu (raw 1.010) I=491.0 A (raw 492.7) PF=0.8439 FB=OPEN CMD=OPEN
[2026-05-16 23:31:31] Bus 5: V=1.011 pu (raw 1.008) I=469.2 A (raw 467.8) PF=0.9702 FB=CLOSE CMD=CLOSE
DT_PATH_LAT,h2,1778949091.942910,126


[2026-05-16 23:31:35] Bus 1: V=1.025 pu (raw 1.020) I=1.3 A (raw 0.0) PF=1.0000 FB=OPEN CMD=OPEN
[2026-05-16 23:31:35] Bus 2: V=1.007 pu (raw 1.009) I=437.8 A (raw 440.3) PF=0.9070 FB=OPEN CMD=OPEN
[2026-05-16 23:31:35] Bus 3: V=1.004 pu (raw 1.006) I=428.4 A (raw 429.4) PF=0.8827 FB=OPEN CMD=OPEN
[2026-05-16 23:31:35] Bus 4: V=1.008 pu (raw 1.010) I=493.5 A (raw 492.7) PF=0.8439 FB=OPEN CMD=OPEN
[2026-05-16 23:31:35] Bus 5: V=1.009 pu (raw 1.008) I=467.4 A (raw 467.8) PF=0.9702 FB=CLOSE CMD=CLOSE
DT_PATH_LAT,h2,1778949095.995820,127


[2026-05-16 23:31:40] Bus 1: V=1.021 pu (raw 1.020) I=0.0 A (raw 0.0) PF=1.0000 FB=OPEN CMD=OPEN
[2026-05-16 23:31:40] Bus 2: V=1.010 pu (raw 1.009) I=441.4 A (raw 440.3) PF=0.9070 FB=OPEN CMD=OPEN
[2026-05-16 23:31:40] Bus 3: V=1.009 pu (raw 1.006) I=428.4 A (raw 429.4) PF=0.8827 FB=OPEN CMD=OPEN
[2026-05-16 23:31:40] Bus 4: V=1.005 pu (raw 1.010) I=494.8 A (raw 492.7) PF=0.8439 FB=OPEN CMD=OPEN
[2026-05-16 23:31:40] Bus 5: V=1.008 pu (raw 1.008) I=469.5 A (raw 467.8) PF=0.9702 FB=CLOSE CMD=CLOSE
DT_PATH_LAT,h2,1778949100.091900,128


[2026-05-16 23:31:44] Bus 1: V=1.015 pu (raw 1.020) I=0.0 A (raw 0.0) PF=1.0000 FB=OPEN CMD=OPEN
[2026-05-16 23:31:44] Bus 2: V=1.009 pu (raw 1.009) I=438.1 A (raw 440.3) PF=0.9070 FB=OPEN CMD=OPEN
[2026-05-16 23:31:44] Bus 3: V=1.004 pu (raw 1.006) I=430.5 A (raw 429.4) PF=0.8827 FB=OPEN CMD=OPEN
[2026-05-16 23:31:44] Bus 4: V=1.013 pu (raw 1.010) I=495.1 A (raw 492.7) PF=0.8439 FB=OPEN CMD=OPEN
[2026-05-16 23:31:44] Bus 5: V=1.005 pu (raw 1.008) I=465.7 A (raw 467.8) PF=0.9702 FB=CLOSE CMD=CLOSE
DT_PATH_LAT,h2,1778949104.124674,129


[2026-05-16 23:31:48] Bus 1: V=1.022 pu (raw 1.020) I=1.4 A (raw 0.0) PF=1.0000 FB=OPEN CMD=OPEN
[2026-05-16 23:31:48] Bus 2: V=1.010 pu (raw 1.009) I=438.3 A (raw 440.3) PF=0.9070 FB=OPEN CMD=OPEN
[2026-05-16 23:31:48] Bus 3: V=1.008 pu (raw 1.006) I=430.6 A (raw 429.4) PF=0.8827 FB=OPEN CMD=OPEN
[2026-05-16 23:31:48] Bus 4: V=1.012 pu (raw 1.010) I=491.9 A (raw 492.7) PF=0.8439 FB=OPEN CMD=OPEN
[2026-05-16 23:31:48] Bus 5: V=1.009 pu (raw 1.008) I=469.0 A (raw 467.8) PF=0.9702 FB=CLOSE CMD=CLOSE
DT_PATH_LAT,h2,1778949108.150270,130


[2026-05-16 23:31:52] Bus 1: V=1.018 pu (raw 1.020) I=0.0 A (raw 0.0) PF=1.0000 FB=OPEN CMD=OPEN
[2026-05-16 23:31:52] Bus 2: V=1.010 pu (raw 1.009) I=441.0 A (raw 440.3) PF=0.9070 FB=OPEN CMD=OPEN
[2026-05-16 23:31:52] Bus 3: V=1.006 pu (raw 1.006) I=430.7 A (raw 429.4) PF=0.8827 FB=OPEN CMD=OPEN
[2026-05-16 23:31:52] Bus 4: V=1.008 pu (raw 1.010) I=492.5 A (raw 492.7) PF=0.8439 FB=OPEN CMD=OPEN
[2026-05-16 23:31:52] Bus 5: V=1.007 pu (raw 1.008) I=468.7 A (raw 467.8) PF=0.9702 FB=CLOSE CMD=CLOSE
DT_PATH_LAT,h2,1778949112.185688,131


[2026-05-16 23:31:56] Bus 1: V=1.025 pu (raw 1.020) I=0.0 A (raw 0.0) PF=1.0000 FB=OPEN CMD=OPEN
[2026-05-16 23:31:56] Bus 2: V=1.015 pu (raw 1.009) I=442.6 A (raw 440.3) PF=0.9070 FB=OPEN CMD=OPEN
[2026-05-16 23:31:56] Bus 3: V=1.008 pu (raw 1.006) I=430.3 A (raw 429.4) PF=0.8827 FB=OPEN CMD=OPEN
[2026-05-16 23:31:56] Bus 4: V=1.015 pu (raw 1.010) I=492.4 A (raw 492.7) PF=0.8439 FB=OPEN CMD=OPEN
[2026-05-16 23:31:56] Bus 5: V=1.008 pu (raw 1.008) I=466.2 A (raw 467.8) PF=0.9702 FB=CLOSE CMD=CLOSE
DT_PATH_LAT,h2,1778949116.215912,132


[2026-05-16 23:32:00] Bus 1: V=1.021 pu (raw 1.020) I=2.0 A (raw 0.0) PF=1.0000 FB=OPEN CMD=OPEN
[2026-05-16 23:32:00] Bus 2: V=1.011 pu (raw 1.009) I=440.9 A (raw 440.3) PF=0.9070 FB=OPEN CMD=OPEN
[2026-05-16 23:32:00] Bus 3: V=1.005 pu (raw 1.006) I=429.7 A (raw 429.4) PF=0.8827 FB=OPEN CMD=OPEN
[2026-05-16 23:32:00] Bus 4: V=1.006 pu (raw 1.010) I=494.2 A (raw 492.7) PF=0.8439 FB=OPEN CMD=OPEN
[2026-05-16 23:32:00] Bus 5: V=1.007 pu (raw 1.008) I=466.2 A (raw 467.8) PF=0.9702 FB=CLOSE CMD=CLOSE
DT_PATH_LAT,h2,1778949120.251624,133


[2026-05-16 23:32:04] Bus 1: V=1.018 pu (raw 1.020) I=0.0 A (raw 0.0) PF=1.0000 FB=OPEN CMD=OPEN
[2026-05-16 23:32:04] Bus 2: V=1.012 pu (raw 1.009) I=441.9 A (raw 440.3) PF=0.9070 FB=OPEN CMD=OPEN
[2026-05-16 23:32:04] Bus 3: V=1.002 pu (raw 1.006) I=430.8 A (raw 429.4) PF=0.8827 FB=OPEN CMD=OPEN
[2026-05-16 23:32:04] Bus 4: V=1.013 pu (raw 1.010) I=491.8 A (raw 492.7) PF=0.8439 FB=OPEN CMD=OPEN
[2026-05-16 23:32:04] Bus 5: V=1.004 pu (raw 1.008) I=466.7 A (raw 467.8) PF=0.9702 FB=CLOSE CMD=CLOSE
DT_PATH_LAT,h2,1778949124.290147,134


[2026-05-16 23:32:08] Bus 1: V=1.018 pu (raw 1.020) I=0.5 A (raw 0.0) PF=1.0000 FB=OPEN CMD=OPEN
[2026-05-16 23:32:08] Bus 2: V=1.008 pu (raw 1.009) I=437.3 A (raw 440.3) PF=0.9070 FB=OPEN CMD=OPEN
[2026-05-16 23:32:08] Bus 3: V=1.007 pu (raw 1.006) I=427.1 A (raw 429.4) PF=0.8827 FB=OPEN CMD=OPEN
[2026-05-16 23:32:08] Bus 4: V=1.013 pu (raw 1.010) I=490.9 A (raw 492.7) PF=0.8439 FB=OPEN CMD=OPEN
[2026-05-16 23:32:08] Bus 5: V=1.006 pu (raw 1.008) I=466.6 A (raw 467.8) PF=0.9702 FB=CLOSE CMD=CLOSE
DT_PATH_LAT,h2,1778949128.331549,135


[2026-05-16 23:32:12] Bus 1: V=1.018 pu (raw 1.020) I=1.9 A (raw 0.0) PF=1.0000 FB=OPEN CMD=OPEN
[2026-05-16 23:32:12] Bus 2: V=1.012 pu (raw 1.009) I=441.2 A (raw 440.3) PF=0.9070 FB=OPEN CMD=OPEN
[2026-05-16 23:32:12] Bus 3: V=1.007 pu (raw 1.006) I=427.1 A (raw 429.4) PF=0.8827 FB=OPEN CMD=OPEN
[2026-05-16 23:32:12] Bus 4: V=1.008 pu (raw 1.010) I=491.8 A (raw 492.7) PF=0.8439 FB=OPEN CMD=OPEN
[2026-05-16 23:32:12] Bus 5: V=1.005 pu (raw 1.008) I=468.6 A (raw 467.8) PF=0.9702 FB=CLOSE CMD=CLOSE
DT_PATH_LAT,h2,1778949132.387252,136


[2026-05-16 23:32:16] Bus 1: V=1.018 pu (raw 1.020) I=0.0 A (raw 0.0) PF=1.0000 FB=OPEN CMD=OPEN
[2026-05-16 23:32:16] Bus 2: V=1.006 pu (raw 1.009) I=437.2 A (raw 440.3) PF=0.9070 FB=OPEN CMD=OPEN
[2026-05-16 23:32:16] Bus 3: V=1.008 pu (raw 1.006) I=431.4 A (raw 429.4) PF=0.8827 FB=OPEN CMD=OPEN
[2026-05-16 23:32:16] Bus 4: V=1.011 pu (raw 1.010) I=491.2 A (raw 492.7) PF=0.8439 FB=OPEN CMD=OPEN
[2026-05-16 23:32:16] Bus 5: V=1.000 pu (raw 1.008) I=468.1 A (raw 467.8) PF=0.9702 FB=CLOSE CMD=CLOSE
DT_PATH_LAT,h2,1778949136.427224,137


[2026-05-16 23:32:20] Bus 1: V=1.024 pu (raw 1.020) I=0.4 A (raw 0.0) PF=1.0000 FB=OPEN CMD=OPEN
[2026-05-16 23:32:20] Bus 2: V=1.012 pu (raw 1.009) I=442.5 A (raw 440.3) PF=0.9070 FB=OPEN CMD=OPEN
[2026-05-16 23:32:20] Bus 3: V=1.009 pu (raw 1.006) I=428.7 A (raw 429.4) PF=0.8827 FB=OPEN CMD=OPEN
[2026-05-16 23:32:20] Bus 4: V=1.013 pu (raw 1.010) I=493.8 A (raw 492.7) PF=0.8439 FB=OPEN CMD=OPEN
[2026-05-16 23:32:20] Bus 5: V=1.003 pu (raw 1.008) I=467.2 A (raw 467.8) PF=0.9702 FB=CLOSE CMD=CLOSE
DT_PATH_LAT,h2,1778949140.464342,138


[2026-05-16 23:32:24] Bus 1: V=1.016 pu (raw 1.020) I=0.0 A (raw 0.0) PF=1.0000 FB=OPEN CMD=OPEN
[2026-05-16 23:32:24] Bus 2: V=1.011 pu (raw 1.009) I=438.7 A (raw 440.3) PF=0.9070 FB=OPEN CMD=OPEN
[2026-05-16 23:32:24] Bus 3: V=1.000 pu (raw 1.006) I=431.3 A (raw 429.4) PF=0.8827 FB=OPEN CMD=OPEN
[2026-05-16 23:32:24] Bus 4: V=1.011 pu (raw 1.010) I=494.9 A (raw 492.7) PF=0.8439 FB=OPEN CMD=OPEN
[2026-05-16 23:32:24] Bus 5: V=1.004 pu (raw 1.008) I=469.4 A (raw 467.8) PF=0.9702 FB=CLOSE CMD=CLOSE
DT_PATH_LAT,h2,1778949144.515512,139


[2026-05-16 23:32:28] Bus 1: V=1.026 pu (raw 1.020) I=3.0 A (raw 0.0) PF=1.0000 FB=OPEN CMD=OPEN
[2026-05-16 23:32:28] Bus 2: V=1.008 pu (raw 1.009) I=440.7 A (raw 440.3) PF=0.9070 FB=OPEN CMD=OPEN
[2026-05-16 23:32:28] Bus 3: V=1.006 pu (raw 1.006) I=430.9 A (raw 429.4) PF=0.8827 FB=OPEN CMD=OPEN
[2026-05-16 23:32:28] Bus 4: V=1.013 pu (raw 1.010) I=492.8 A (raw 492.7) PF=0.8439 FB=OPEN CMD=OPEN
[2026-05-16 23:32:28] Bus 5: V=1.004 pu (raw 1.008) I=468.9 A (raw 467.8) PF=0.9702 FB=CLOSE CMD=CLOSE
DT_PATH_LAT,h2,1778949148.538878,140


[2026-05-16 23:32:32] Bus 1: V=1.019 pu (raw 1.020) I=0.9 A (raw 0.0) PF=1.0000 FB=OPEN CMD=OPEN
[2026-05-16 23:32:32] Bus 2: V=1.010 pu (raw 1.009) I=442.7 A (raw 440.3) PF=0.9070 FB=OPEN CMD=OPEN
[2026-05-16 23:32:32] Bus 3: V=1.009 pu (raw 1.006) I=428.7 A (raw 429.4) PF=0.8827 FB=OPEN CMD=OPEN
[2026-05-16 23:32:32] Bus 4: V=1.011 pu (raw 1.010) I=495.3 A (raw 492.7) PF=0.8439 FB=OPEN CMD=OPEN
[2026-05-16 23:32:32] Bus 5: V=1.006 pu (raw 1.008) I=468.5 A (raw 467.8) PF=0.9702 FB=CLOSE CMD=CLOSE
DT_PATH_LAT,h2,1778949153.601393,141


[2026-05-16 23:32:37] Bus 1: V=1.024 pu (raw 1.020) I=1.9 A (raw 0.0) PF=1.0000 FB=OPEN CMD=OPEN
[2026-05-16 23:32:37] Bus 2: V=1.011 pu (raw 1.009) I=438.3 A (raw 440.3) PF=0.9070 FB=OPEN CMD=OPEN
[2026-05-16 23:32:37] Bus 3: V=1.002 pu (raw 1.006) I=429.8 A (raw 429.4) PF=0.8827 FB=OPEN CMD=OPEN
[2026-05-16 23:32:37] Bus 4: V=1.011 pu (raw 1.010) I=496.5 A (raw 492.7) PF=0.8439 FB=OPEN CMD=OPEN
[2026-05-16 23:32:37] Bus 5: V=1.005 pu (raw 1.008) I=469.5 A (raw 467.8) PF=0.9702 FB=CLOSE CMD=CLOSE
DT_PATH_LAT,h2,1778949158.670896,142


[2026-05-16 23:32:42] Bus 1: V=1.022 pu (raw 1.020) I=0.0 A (raw 0.0) PF=1.0000 FB=OPEN CMD=OPEN
[2026-05-16 23:32:42] Bus 2: V=1.007 pu (raw 1.009) I=440.5 A (raw 440.3) PF=0.9070 FB=OPEN CMD=OPEN
[2026-05-16 23:32:42] Bus 3: V=1.005 pu (raw 1.006) I=429.2 A (raw 429.4) PF=0.8827 FB=OPEN CMD=OPEN
[2026-05-16 23:32:42] Bus 4: V=1.011 pu (raw 1.010) I=491.5 A (raw 492.7) PF=0.8439 FB=OPEN CMD=OPEN
[2026-05-16 23:32:42] Bus 5: V=1.009 pu (raw 1.008) I=466.9 A (raw 467.8) PF=0.9702 FB=CLOSE CMD=CLOSE
DT_PATH_LAT,h2,1778949162.705671,143


[2026-05-16 23:32:46] Bus 1: V=1.018 pu (raw 1.020) I=0.8 A (raw 0.0) PF=1.0000 FB=OPEN CMD=OPEN
[2026-05-16 23:32:46] Bus 2: V=1.007 pu (raw 1.009) I=440.7 A (raw 440.3) PF=0.9070 FB=OPEN CMD=OPEN
[2026-05-16 23:32:46] Bus 3: V=1.011 pu (raw 1.006) I=429.4 A (raw 429.4) PF=0.8827 FB=OPEN CMD=OPEN
[2026-05-16 23:32:46] Bus 4: V=1.010 pu (raw 1.010) I=493.8 A (raw 492.7) PF=0.8439 FB=OPEN CMD=OPEN
[2026-05-16 23:32:46] Bus 5: V=1.007 pu (raw 1.008) I=469.5 A (raw 467.8) PF=0.9702 FB=CLOSE CMD=CLOSE
DT_PATH_LAT,h2,1778949167.558907,144


[2026-05-16 23:32:51] Bus 1: V=1.016 pu (raw 1.020) I=0.9 A (raw 0.0) PF=1.0000 FB=OPEN CMD=OPEN
[2026-05-16 23:32:51] Bus 2: V=1.007 pu (raw 1.009) I=439.1 A (raw 440.3) PF=0.9070 FB=OPEN CMD=OPEN
[2026-05-16 23:32:51] Bus 3: V=1.011 pu (raw 1.006) I=428.1 A (raw 429.4) PF=0.8827 FB=OPEN CMD=OPEN
[2026-05-16 23:32:51] Bus 4: V=1.015 pu (raw 1.010) I=493.7 A (raw 492.7) PF=0.8439 FB=OPEN CMD=OPEN
[2026-05-16 23:32:51] Bus 5: V=1.012 pu (raw 1.008) I=466.4 A (raw 467.8) PF=0.9702 FB=CLOSE CMD=CLOSE
DT_PATH_LAT,h2,1778949171.592531,145


[2026-05-16 23:32:55] Bus 1: V=1.024 pu (raw 1.020) I=2.2 A (raw 0.0) PF=1.0000 FB=OPEN CMD=OPEN
[2026-05-16 23:32:55] Bus 2: V=1.009 pu (raw 1.009) I=440.1 A (raw 440.3) PF=0.9070 FB=OPEN CMD=OPEN
[2026-05-16 23:32:55] Bus 3: V=1.013 pu (raw 1.006) I=429.7 A (raw 429.4) PF=0.8827 FB=OPEN CMD=OPEN
[2026-05-16 23:32:55] Bus 4: V=1.009 pu (raw 1.010) I=491.7 A (raw 492.7) PF=0.8439 FB=OPEN CMD=OPEN
[2026-05-16 23:32:55] Bus 5: V=1.009 pu (raw 1.008) I=468.3 A (raw 467.8) PF=0.9702 FB=CLOSE CMD=CLOSE
DT_PATH_LAT,h2,1778949175.983741,146


[2026-05-16 23:32:59] Bus 1: V=1.021 pu (raw 1.020) I=2.6 A (raw 0.0) PF=1.0000 FB=OPEN CMD=OPEN
[2026-05-16 23:32:59] Bus 2: V=1.008 pu (raw 1.009) I=441.0 A (raw 440.3) PF=0.9070 FB=OPEN CMD=OPEN
[2026-05-16 23:32:59] Bus 3: V=1.010 pu (raw 1.006) I=427.9 A (raw 429.4) PF=0.8827 FB=OPEN CMD=OPEN
[2026-05-16 23:32:59] Bus 4: V=1.013 pu (raw 1.010) I=495.4 A (raw 492.7) PF=0.8439 FB=OPEN CMD=OPEN
[2026-05-16 23:32:59] Bus 5: V=1.004 pu (raw 1.008) I=466.2 A (raw 467.8) PF=0.9702 FB=CLOSE CMD=CLOSE
DT_PATH_LAT,h2,1778949180.586265,147


[2026-05-16 23:33:04] Bus 1: V=1.017 pu (raw 1.020) I=0.0 A (raw 0.0) PF=1.0000 FB=OPEN CMD=OPEN
[2026-05-16 23:33:04] Bus 2: V=1.010 pu (raw 1.009) I=437.5 A (raw 440.3) PF=0.9070 FB=OPEN CMD=OPEN
[2026-05-16 23:33:04] Bus 3: V=1.007 pu (raw 1.006) I=431.6 A (raw 429.4) PF=0.8827 FB=OPEN CMD=OPEN
[2026-05-16 23:33:04] Bus 4: V=1.005 pu (raw 1.010) I=492.2 A (raw 492.7) PF=0.8439 FB=OPEN CMD=OPEN
[2026-05-16 23:33:04] Bus 5: V=1.002 pu (raw 1.008) I=469.0 A (raw 467.8) PF=0.9702 FB=CLOSE CMD=CLOSE
DT_PATH_LAT,h2,1778949184.695217,148


[2026-05-16 23:33:08] Bus 1: V=1.018 pu (raw 1.020) I=0.0 A (raw 0.0) PF=1.0000 FB=OPEN CMD=OPEN
[2026-05-16 23:33:08] Bus 2: V=1.009 pu (raw 1.009) I=441.1 A (raw 440.3) PF=0.9070 FB=OPEN CMD=OPEN
[2026-05-16 23:33:08] Bus 3: V=1.005 pu (raw 1.006) I=429.4 A (raw 429.4) PF=0.8827 FB=OPEN CMD=OPEN
[2026-05-16 23:33:08] Bus 4: V=1.008 pu (raw 1.010) I=492.8 A (raw 492.7) PF=0.8439 FB=OPEN CMD=OPEN
[2026-05-16 23:33:08] Bus 5: V=1.004 pu (raw 1.008) I=467.9 A (raw 467.8) PF=0.9702 FB=CLOSE CMD=CLOSE
DT_PATH_LAT,h2,1778949189.276450,149


[2026-05-16 23:33:13] Bus 1: V=1.014 pu (raw 1.020) I=0.0 A (raw 0.0) PF=1.0000 FB=OPEN CMD=OPEN
[2026-05-16 23:33:13] Bus 2: V=1.015 pu (raw 1.009) I=440.4 A (raw 440.3) PF=0.9070 FB=OPEN CMD=OPEN
[2026-05-16 23:33:13] Bus 3: V=1.002 pu (raw 1.006) I=429.8 A (raw 429.4) PF=0.8827 FB=OPEN CMD=OPEN
[2026-05-16 23:33:13] Bus 4: V=1.007 pu (raw 1.010) I=490.2 A (raw 492.7) PF=0.8439 FB=OPEN CMD=OPEN
[2026-05-16 23:33:13] Bus 5: V=1.006 pu (raw 1.008) I=468.9 A (raw 467.8) PF=0.9702 FB=CLOSE CMD=CLOSE
DT_PATH_LAT,h2,1778949193.317243,150


[2026-05-16 23:33:17] Bus 1: V=1.021 pu (raw 1.020) I=0.0 A (raw 0.0) PF=1.0000 FB=OPEN CMD=OPEN
[2026-05-16 23:33:17] Bus 2: V=1.006 pu (raw 1.009) I=438.7 A (raw 440.3) PF=0.9070 FB=OPEN CMD=OPEN
[2026-05-16 23:33:17] Bus 3: V=1.010 pu (raw 1.006) I=429.8 A (raw 429.4) PF=0.8827 FB=OPEN CMD=OPEN
[2026-05-16 23:33:17] Bus 4: V=1.007 pu (raw 1.010) I=489.5 A (raw 492.7) PF=0.8439 FB=OPEN CMD=OPEN
[2026-05-16 23:33:17] Bus 5: V=1.004 pu (raw 1.008) I=471.5 A (raw 467.8) PF=0.9702 FB=CLOSE CMD=CLOSE
DT_PATH_LAT,h2,1778949197.355882,151


[2026-05-16 23:33:21] Bus 1: V=1.017 pu (raw 1.020) I=0.0 A (raw 0.0) PF=1.0000 FB=OPEN CMD=OPEN
[2026-05-16 23:33:21] Bus 2: V=1.010 pu (raw 1.009) I=440.1 A (raw 440.3) PF=0.9070 FB=OPEN CMD=OPEN
[2026-05-16 23:33:21] Bus 3: V=1.005 pu (raw 1.006) I=427.3 A (raw 429.4) PF=0.8827 FB=OPEN CMD=OPEN
[2026-05-16 23:33:21] Bus 4: V=1.007 pu (raw 1.010) I=495.2 A (raw 492.7) PF=0.8439 FB=OPEN CMD=OPEN
[2026-05-16 23:33:21] Bus 5: V=1.006 pu (raw 1.008) I=469.1 A (raw 467.8) PF=0.9702 FB=CLOSE CMD=CLOSE
DT_PATH_LAT,h2,1778949201.399839,152


[2026-05-16 23:33:25] Bus 1: V=1.015 pu (raw 1.020) I=0.0 A (raw 0.0) PF=1.0000 FB=OPEN CMD=OPEN
[2026-05-16 23:33:25] Bus 2: V=1.010 pu (raw 1.009) I=441.9 A (raw 440.3) PF=0.9070 FB=OPEN CMD=OPEN
[2026-05-16 23:33:25] Bus 3: V=1.003 pu (raw 1.006) I=430.3 A (raw 429.4) PF=0.8827 FB=OPEN CMD=OPEN
[2026-05-16 23:33:25] Bus 4: V=1.011 pu (raw 1.010) I=491.6 A (raw 492.7) PF=0.8439 FB=OPEN CMD=OPEN
[2026-05-16 23:33:25] Bus 5: V=1.009 pu (raw 1.008) I=466.5 A (raw 467.8) PF=0.9702 FB=CLOSE CMD=CLOSE
DT_PATH_LAT,h2,1778949205.439571,153


[2026-05-16 23:33:29] Bus 1: V=1.018 pu (raw 1.020) I=0.0 A (raw 0.0) PF=1.0000 FB=OPEN CMD=OPEN
[2026-05-16 23:33:29] Bus 2: V=1.001 pu (raw 1.009) I=440.1 A (raw 440.3) PF=0.9070 FB=OPEN CMD=OPEN
[2026-05-16 23:33:29] Bus 3: V=1.003 pu (raw 1.006) I=427.2 A (raw 429.4) PF=0.8827 FB=OPEN CMD=OPEN
[2026-05-16 23:33:29] Bus 4: V=1.009 pu (raw 1.010) I=493.8 A (raw 492.7) PF=0.8439 FB=OPEN CMD=OPEN
[2026-05-16 23:33:29] Bus 5: V=1.007 pu (raw 1.008) I=469.7 A (raw 467.8) PF=0.9702 FB=CLOSE CMD=CLOSE
DT_PATH_LAT,h2,1778949209.481739,154


[2026-05-16 23:33:33] Bus 1: V=1.017 pu (raw 1.020) I=0.0 A (raw 0.0) PF=1.0000 FB=OPEN CMD=OPEN
[2026-05-16 23:33:33] Bus 2: V=1.014 pu (raw 1.009) I=440.9 A (raw 440.3) PF=0.9070 FB=OPEN CMD=OPEN
[2026-05-16 23:33:33] Bus 3: V=1.009 pu (raw 1.006) I=428.2 A (raw 429.4) PF=0.8827 FB=OPEN CMD=OPEN
[2026-05-16 23:33:33] Bus 4: V=1.012 pu (raw 1.010) I=493.1 A (raw 492.7) PF=0.8439 FB=OPEN CMD=OPEN
[2026-05-16 23:33:33] Bus 5: V=1.010 pu (raw 1.008) I=467.9 A (raw 467.8) PF=0.9702 FB=CLOSE CMD=CLOSE
DT_PATH_LAT,h2,1778949213.526675,155


[2026-05-16 23:33:37] Bus 1: V=1.024 pu (raw 1.020) I=0.0 A (raw 0.0) PF=1.0000 FB=OPEN CMD=OPEN
[2026-05-16 23:33:37] Bus 2: V=1.006 pu (raw 1.009) I=438.1 A (raw 440.3) PF=0.9070 FB=OPEN CMD=OPEN
[2026-05-16 23:33:37] Bus 3: V=1.009 pu (raw 1.006) I=428.3 A (raw 429.4) PF=0.8827 FB=OPEN CMD=OPEN
[2026-05-16 23:33:37] Bus 4: V=1.007 pu (raw 1.010) I=491.3 A (raw 492.7) PF=0.8439 FB=OPEN CMD=OPEN
[2026-05-16 23:33:37] Bus 5: V=1.007 pu (raw 1.008) I=465.9 A (raw 467.8) PF=0.9702 FB=CLOSE CMD=CLOSE
DT_PATH_LAT,h2,1778949217.574052,156


[2026-05-16 23:33:41] Bus 1: V=1.019 pu (raw 1.020) I=0.0 A (raw 0.0) PF=1.0000 FB=OPEN CMD=OPEN
[2026-05-16 23:33:41] Bus 2: V=1.007 pu (raw 1.009) I=438.9 A (raw 440.3) PF=0.9070 FB=OPEN CMD=OPEN
[2026-05-16 23:33:41] Bus 3: V=1.006 pu (raw 1.006) I=428.7 A (raw 429.4) PF=0.8827 FB=OPEN CMD=OPEN
[2026-05-16 23:33:41] Bus 4: V=1.010 pu (raw 1.010) I=493.0 A (raw 492.7) PF=0.8439 FB=OPEN CMD=OPEN
[2026-05-16 23:33:41] Bus 5: V=1.009 pu (raw 1.008) I=464.5 A (raw 467.8) PF=0.9702 FB=CLOSE CMD=CLOSE
DT_PATH_LAT,h2,1778949221.606019,157
