numba cannot be imported and numba functions are disabled.
Probably the execution is slow.
Please install numba to gain a massive speedup.
(or if you prefer slow execution, set the flag numba=False to avoid this warning!)
OPC UA connected: opc.tcp://10.0.2.2:4840/mininet/
DT_PATH_LAT,h4,1778948585.998146,0
numba cannot be imported and numba functions are disabled.
Probably the execution is slow.
Please install numba to gain a massive speedup.
(or if you prefer slow execution, set the flag numba=False to avoid this warning!)

[2026-05-16 23:23:05] DT cycle OK
DT_PATH_LAT,h4,1778948590.035261,1
numba cannot be imported and numba functions are disabled.
Probably the execution is slow.
Please install numba to gain a massive speedup.
(or if you prefer slow execution, set the flag numba=False to avoid this warning!)

[2026-05-16 23:23:10] DT cycle OK
DT_PATH_LAT,h4,1778948594.087468,2
numba cannot be imported and numba functions are disabled.
Probably the execution is slow.
Please install numba to gain a massive speedup.
(or if you prefer slow execution, set the flag numba=False to avoid this warning!)

[2026-05-16 23:23:14] DT cycle OK
DT_PATH_LAT,h4,1778948598.138051,3
numba cannot be imported and numba functions are disabled.
Probably the execution is slow.
Please install numba to gain a massive speedup.
(or if you prefer slow execution, set the flag numba=False to avoid this warning!)

[2026-05-16 23:23:18] DT cycle OK
DT_PATH_LAT,h4,1778948602.176234,4
numba cannot be imported and numba functions are disabled.
Probably the execution is slow.
Please install numba to gain a massive speedup.
(or if you prefer slow execution, set the flag numba=False to avoid this warning!)

[2026-05-16 23:23:22] DT cycle OK
DT_PATH_LAT,h4,1778948606.219958,5
numba cannot be imported and numba functions are disabled.
Probably the execution is slow.
Please install numba to gain a massive speedup.
(or if you prefer slow execution, set the flag numba=False to avoid this warning!)

[2026-05-16 23:23:26] DT cycle OK
DT_PATH_LAT,h4,1778948610.264919,6
numba cannot be imported and numba functions are disabled.
Probably the execution is slow.
Please install numba to gain a massive speedup.
(or if you prefer slow execution, set the flag numba=False to avoid this warning!)

[2026-05-16 23:23:30] DT cycle OK
DT_PATH_LAT,h4,1778948614.311854,7
numba cannot be imported and numba functions are disabled.
Probably the execution is slow.
Please install numba to gain a massive speedup.
(or if you prefer slow execution, set the flag numba=False to avoid this warning!)

[2026-05-16 23:23:34] DT cycle OK
DT_PATH_LAT,h4,1778948618.355748,8
numba cannot be imported and numba functions are disabled.
Probably the execution is slow.
Please install numba to gain a massive speedup.
(or if you prefer slow execution, set the flag numba=False to avoid this warning!)

[2026-05-16 23:23:38] DT cycle OK
DT_PATH_LAT,h4,1778948622.416196,9
numba cannot be imported and numba functions are disabled.
Probably the execution is slow.
Please install numba to gain a massive speedup.
(or if you prefer slow execution, set the flag numba=False to avoid this warning!)

[2026-05-16 23:23:42] DT cycle OK
DT_PATH_LAT,h4,1778948626.466387,10
numba cannot be imported and numba functions are disabled.
Probably the execution is slow.
Please install numba to gain a massive speedup.
(or if you prefer slow execution, set the flag numba=False to avoid this warning!)

[2026-05-16 23:23:46] DT cycle OK
DT_PATH_LAT,h4,1778948630.510267,11
numba cannot be imported and numba functions are disabled.
Probably the execution is slow.
Please install numba to gain a massive speedup.
(or if you prefer slow execution, set the flag numba=False to avoid this warning!)

[2026-05-16 23:23:50] DT cycle OK
DT_PATH_LAT,h4,1778948634.620225,12
numba cannot be imported and numba functions are disabled.
Probably the execution is slow.
Please install numba to gain a massive speedup.
(or if you prefer slow execution, set the flag numba=False to avoid this warning!)

[2026-05-16 23:23:54] DT cycle OK
DT_PATH_LAT,h4,1778948638.689179,13
numba cannot be imported and numba functions are disabled.
Probably the execution is slow.
Please install numba to gain a massive speedup.
(or if you prefer slow execution, set the flag numba=False to avoid this warning!)

[2026-05-16 23:23:58] DT cycle OK
DT_PATH_LAT,h4,1778948642.732515,14
numba cannot be imported and numba functions are disabled.
Probably the execution is slow.
Please install numba to gain a massive speedup.
(or if you prefer slow execution, set the flag numba=False to avoid this warning!)

[2026-05-16 23:24:02] DT cycle OK
DT_PATH_LAT,h4,1778948646.884932,15
numba cannot be imported and numba functions are disabled.
Probably the execution is slow.
Please install numba to gain a massive speedup.
(or if you prefer slow execution, set the flag numba=False to avoid this warning!)

[2026-05-16 23:24:06] DT cycle OK
DT_PATH_LAT,h4,1778948650.927824,16
numba cannot be imported and numba functions are disabled.
Probably the execution is slow.
Please install numba to gain a massive speedup.
(or if you prefer slow execution, set the flag numba=False to avoid this warning!)

[2026-05-16 23:24:10] DT cycle OK
DT_PATH_LAT,h4,1778948654.972135,17
numba cannot be imported and numba functions are disabled.
Probably the execution is slow.
Please install numba to gain a massive speedup.
(or if you prefer slow execution, set the flag numba=False to avoid this warning!)

[2026-05-16 23:24:14] DT cycle OK
DT_PATH_LAT,h4,1778948659.018334,18
numba cannot be imported and numba functions are disabled.
Probably the execution is slow.
Please install numba to gain a massive speedup.
(or if you prefer slow execution, set the flag numba=False to avoid this warning!)

[2026-05-16 23:24:19] DT cycle OK
DT_PATH_LAT,h4,1778948663.060745,19
numba cannot be imported and numba functions are disabled.
Probably the execution is slow.
Please install numba to gain a massive speedup.
(or if you prefer slow execution, set the flag numba=False to avoid this warning!)

[2026-05-16 23:24:23] DT cycle OK
DT_PATH_LAT,h4,1778948667.210093,20
numba cannot be imported and numba functions are disabled.
Probably the execution is slow.
Please install numba to gain a massive speedup.
(or if you prefer slow execution, set the flag numba=False to avoid this warning!)

[2026-05-16 23:24:27] DT cycle OK
DT_PATH_LAT,h4,1778948671.261667,21
numba cannot be imported and numba functions are disabled.
Probably the execution is slow.
Please install numba to gain a massive speedup.
(or if you prefer slow execution, set the flag numba=False to avoid this warning!)

[2026-05-16 23:24:31] DT cycle OK
DT_PATH_LAT,h4,1778948675.307474,22
numba cannot be imported and numba functions are disabled.
Probably the execution is slow.
Please install numba to gain a massive speedup.
(or if you prefer slow execution, set the flag numba=False to avoid this warning!)

[2026-05-16 23:24:35] DT cycle OK
DT_PATH_LAT,h4,1778948679.397623,23
numba cannot be imported and numba functions are disabled.
Probably the execution is slow.
Please install numba to gain a massive speedup.
(or if you prefer slow execution, set the flag numba=False to avoid this warning!)

[2026-05-16 23:24:39] DT cycle OK
DT_PATH_LAT,h4,1778948683.442719,24
numba cannot be imported and numba functions are disabled.
Probably the execution is slow.
Please install numba to gain a massive speedup.
(or if you prefer slow execution, set the flag numba=False to avoid this warning!)

[2026-05-16 23:24:43] DT cycle OK
DT_PATH_LAT,h4,1778948687.514868,25
numba cannot be imported and numba functions are disabled.
Probably the execution is slow.
Please install numba to gain a massive speedup.
(or if you prefer slow execution, set the flag numba=False to avoid this warning!)

[2026-05-16 23:24:47] DT cycle OK
DT_PATH_LAT,h4,1778948691.564476,26
numba cannot be imported and numba functions are disabled.
Probably the execution is slow.
Please install numba to gain a massive speedup.
(or if you prefer slow execution, set the flag numba=False to avoid this warning!)

[2026-05-16 23:24:51] DT cycle OK
DT_PATH_LAT,h4,1778948695.609337,27
numba cannot be imported and numba functions are disabled.
Probably the execution is slow.
Please install numba to gain a massive speedup.
(or if you prefer slow execution, set the flag numba=False to avoid this warning!)

[2026-05-16 23:24:55] DT cycle OK
DT_PATH_LAT,h4,1778948699.659201,28
numba cannot be imported and numba functions are disabled.
Probably the execution is slow.
Please install numba to gain a massive speedup.
(or if you prefer slow execution, set the flag numba=False to avoid this warning!)

[2026-05-16 23:24:59] DT cycle OK
DT_PATH_LAT,h4,1778948703.708079,29
numba cannot be imported and numba functions are disabled.
Probably the execution is slow.
Please install numba to gain a massive speedup.
(or if you prefer slow execution, set the flag numba=False to avoid this warning!)

[2026-05-16 23:25:03] DT cycle OK
DT_PATH_LAT,h4,1778948707.756624,30
numba cannot be imported and numba functions are disabled.
Probably the execution is slow.
Please install numba to gain a massive speedup.
(or if you prefer slow execution, set the flag numba=False to avoid this warning!)

[2026-05-16 23:25:07] DT cycle OK
DT_PATH_LAT,h4,1778948711.799790,31
numba cannot be imported and numba functions are disabled.
Probably the execution is slow.
Please install numba to gain a massive speedup.
(or if you prefer slow execution, set the flag numba=False to avoid this warning!)

[2026-05-16 23:25:11] DT cycle OK
DT_PATH_LAT,h4,1778948715.845991,32
numba cannot be imported and numba functions are disabled.
Probably the execution is slow.
Please install numba to gain a massive speedup.
(or if you prefer slow execution, set the flag numba=False to avoid this warning!)

[2026-05-16 23:25:15] DT cycle OK
DT_PATH_LAT,h4,1778948719.883322,33
numba cannot be imported and numba functions are disabled.
Probably the execution is slow.
Please install numba to gain a massive speedup.
(or if you prefer slow execution, set the flag numba=False to avoid this warning!)

[2026-05-16 23:25:19] DT cycle OK
DT_PATH_LAT,h4,1778948723.927781,34
numba cannot be imported and numba functions are disabled.
Probably the execution is slow.
Please install numba to gain a massive speedup.
(or if you prefer slow execution, set the flag numba=False to avoid this warning!)

[2026-05-16 23:25:23] DT cycle OK
DT_PATH_LAT,h4,1778948727.972661,35
numba cannot be imported and numba functions are disabled.
Probably the execution is slow.
Please install numba to gain a massive speedup.
(or if you prefer slow execution, set the flag numba=False to avoid this warning!)

[2026-05-16 23:25:27] DT cycle OK
DT_PATH_LAT,h4,1778948732.016125,36
numba cannot be imported and numba functions are disabled.
Probably the execution is slow.
Please install numba to gain a massive speedup.
(or if you prefer slow execution, set the flag numba=False to avoid this warning!)

[2026-05-16 23:25:32] DT cycle OK
DT_PATH_LAT,h4,1778948736.059234,37
numba cannot be imported and numba functions are disabled.
Probably the execution is slow.
Please install numba to gain a massive speedup.
(or if you prefer slow execution, set the flag numba=False to avoid this warning!)

[2026-05-16 23:25:36] DT cycle OK
DT_PATH_LAT,h4,1778948740.103923,38
numba cannot be imported and numba functions are disabled.
Probably the execution is slow.
Please install numba to gain a massive speedup.
(or if you prefer slow execution, set the flag numba=False to avoid this warning!)

[2026-05-16 23:25:40] DT cycle OK
DT_PATH_LAT,h4,1778948744.151339,39
numba cannot be imported and numba functions are disabled.
Probably the execution is slow.
Please install numba to gain a massive speedup.
(or if you prefer slow execution, set the flag numba=False to avoid this warning!)

[2026-05-16 23:25:44] DT cycle OK
DT_PATH_LAT,h4,1778948748.193027,40
numba cannot be imported and numba functions are disabled.
Probably the execution is slow.
Please install numba to gain a massive speedup.
(or if you prefer slow execution, set the flag numba=False to avoid this warning!)

[2026-05-16 23:25:48] DT cycle OK
DT_PATH_LAT,h4,1778948752.232924,41
numba cannot be imported and numba functions are disabled.
Probably the execution is slow.
Please install numba to gain a massive speedup.
(or if you prefer slow execution, set the flag numba=False to avoid this warning!)

[2026-05-16 23:25:52] DT cycle OK
DT_PATH_LAT,h4,1778948756.276895,42
numba cannot be imported and numba functions are disabled.
Probably the execution is slow.
Please install numba to gain a massive speedup.
(or if you prefer slow execution, set the flag numba=False to avoid this warning!)

[2026-05-16 23:25:56] DT cycle OK
DT_PATH_LAT,h4,1778948760.320064,43
numba cannot be imported and numba functions are disabled.
Probably the execution is slow.
Please install numba to gain a massive speedup.
(or if you prefer slow execution, set the flag numba=False to avoid this warning!)

[2026-05-16 23:26:00] DT cycle OK
DT_PATH_LAT,h4,1778948764.365983,44
numba cannot be imported and numba functions are disabled.
Probably the execution is slow.
Please install numba to gain a massive speedup.
(or if you prefer slow execution, set the flag numba=False to avoid this warning!)

[2026-05-16 23:26:04] DT cycle OK
DT_PATH_LAT,h4,1778948768.409247,45
numba cannot be imported and numba functions are disabled.
Probably the execution is slow.
Please install numba to gain a massive speedup.
(or if you prefer slow execution, set the flag numba=False to avoid this warning!)

[2026-05-16 23:26:08] DT cycle OK
DT_PATH_LAT,h4,1778948772.450996,46
numba cannot be imported and numba functions are disabled.
Probably the execution is slow.
Please install numba to gain a massive speedup.
(or if you prefer slow execution, set the flag numba=False to avoid this warning!)

[2026-05-16 23:26:12] DT cycle OK
DT_PATH_LAT,h4,1778948776.492451,47
numba cannot be imported and numba functions are disabled.
Probably the execution is slow.
Please install numba to gain a massive speedup.
(or if you prefer slow execution, set the flag numba=False to avoid this warning!)

[2026-05-16 23:26:16] DT cycle OK
DT_PATH_LAT,h4,1778948780.538781,48
numba cannot be imported and numba functions are disabled.
Probably the execution is slow.
Please install numba to gain a massive speedup.
(or if you prefer slow execution, set the flag numba=False to avoid this warning!)

[2026-05-16 23:26:20] DT cycle OK
DT_PATH_LAT,h4,1778948784.582315,49
numba cannot be imported and numba functions are disabled.
Probably the execution is slow.
Please install numba to gain a massive speedup.
(or if you prefer slow execution, set the flag numba=False to avoid this warning!)

[2026-05-16 23:26:24] DT cycle OK
DT_PATH_LAT,h4,1778948788.625276,50
numba cannot be imported and numba functions are disabled.
Probably the execution is slow.
Please install numba to gain a massive speedup.
(or if you prefer slow execution, set the flag numba=False to avoid this warning!)

[2026-05-16 23:26:28] DT cycle OK
DT_PATH_LAT,h4,1778948792.671485,51
numba cannot be imported and numba functions are disabled.
Probably the execution is slow.
Please install numba to gain a massive speedup.
(or if you prefer slow execution, set the flag numba=False to avoid this warning!)

[2026-05-16 23:26:32] DT cycle OK
DT_PATH_LAT,h4,1778948796.729115,52
numba cannot be imported and numba functions are disabled.
Probably the execution is slow.
Please install numba to gain a massive speedup.
(or if you prefer slow execution, set the flag numba=False to avoid this warning!)

[2026-05-16 23:26:36] DT cycle OK
DT_PATH_LAT,h4,1778948800.772105,53
numba cannot be imported and numba functions are disabled.
Probably the execution is slow.
Please install numba to gain a massive speedup.
(or if you prefer slow execution, set the flag numba=False to avoid this warning!)

[2026-05-16 23:26:40] DT cycle OK
DT_PATH_LAT,h4,1778948804.817791,54
numba cannot be imported and numba functions are disabled.
Probably the execution is slow.
Please install numba to gain a massive speedup.
(or if you prefer slow execution, set the flag numba=False to avoid this warning!)

[2026-05-16 23:26:44] DT cycle OK
DT_PATH_LAT,h4,1778948808.862235,55
numba cannot be imported and numba functions are disabled.
Probably the execution is slow.
Please install numba to gain a massive speedup.
(or if you prefer slow execution, set the flag numba=False to avoid this warning!)

[2026-05-16 23:26:48] DT cycle OK
DT_PATH_LAT,h4,1778948812.904314,56
numba cannot be imported and numba functions are disabled.
Probably the execution is slow.
Please install numba to gain a massive speedup.
(or if you prefer slow execution, set the flag numba=False to avoid this warning!)

[2026-05-16 23:26:52] DT cycle OK
DT_PATH_LAT,h4,1778948816.947587,57
numba cannot be imported and numba functions are disabled.
Probably the execution is slow.
Please install numba to gain a massive speedup.
(or if you prefer slow execution, set the flag numba=False to avoid this warning!)

[2026-05-16 23:26:56] DT cycle OK
DT_PATH_LAT,h4,1778948820.999425,58
numba cannot be imported and numba functions are disabled.
Probably the execution is slow.
Please install numba to gain a massive speedup.
(or if you prefer slow execution, set the flag numba=False to avoid this warning!)

[2026-05-16 23:27:00] DT cycle OK
DT_PATH_LAT,h4,1778948825.041272,59
numba cannot be imported and numba functions are disabled.
Probably the execution is slow.
Please install numba to gain a massive speedup.
(or if you prefer slow execution, set the flag numba=False to avoid this warning!)

[2026-05-16 23:27:05] DT cycle OK
DT_PATH_LAT,h4,1778948829.107603,60
numba cannot be imported and numba functions are disabled.
Probably the execution is slow.
Please install numba to gain a massive speedup.
(or if you prefer slow execution, set the flag numba=False to avoid this warning!)

[2026-05-16 23:27:09] DT cycle OK
DT_PATH_LAT,h4,1778948833.156665,61
numba cannot be imported and numba functions are disabled.
Probably the execution is slow.
Please install numba to gain a massive speedup.
(or if you prefer slow execution, set the flag numba=False to avoid this warning!)

[2026-05-16 23:27:13] DT cycle OK
DT_PATH_LAT,h4,1778948837.200039,62
numba cannot be imported and numba functions are disabled.
Probably the execution is slow.
Please install numba to gain a massive speedup.
(or if you prefer slow execution, set the flag numba=False to avoid this warning!)

[2026-05-16 23:27:17] DT cycle OK
DT_PATH_LAT,h4,1778948841.291926,63
numba cannot be imported and numba functions are disabled.
Probably the execution is slow.
Please install numba to gain a massive speedup.
(or if you prefer slow execution, set the flag numba=False to avoid this warning!)

[2026-05-16 23:27:21] DT cycle OK
DT_PATH_LAT,h4,1778948845.396329,64
numba cannot be imported and numba functions are disabled.
Probably the execution is slow.
Please install numba to gain a massive speedup.
(or if you prefer slow execution, set the flag numba=False to avoid this warning!)

[2026-05-16 23:27:25] DT cycle OK
DT_PATH_LAT,h4,1778948849.460939,65
numba cannot be imported and numba functions are disabled.
Probably the execution is slow.
Please install numba to gain a massive speedup.
(or if you prefer slow execution, set the flag numba=False to avoid this warning!)

[2026-05-16 23:27:29] DT cycle OK
DT_PATH_LAT,h4,1778948853.519853,66
numba cannot be imported and numba functions are disabled.
Probably the execution is slow.
Please install numba to gain a massive speedup.
(or if you prefer slow execution, set the flag numba=False to avoid this warning!)

[2026-05-16 23:27:33] DT cycle OK
DT_PATH_LAT,h4,1778948857.571284,67
numba cannot be imported and numba functions are disabled.
Probably the execution is slow.
Please install numba to gain a massive speedup.
(or if you prefer slow execution, set the flag numba=False to avoid this warning!)

[2026-05-16 23:27:37] DT cycle OK
DT_PATH_LAT,h4,1778948861.620755,68
numba cannot be imported and numba functions are disabled.
Probably the execution is slow.
Please install numba to gain a massive speedup.
(or if you prefer slow execution, set the flag numba=False to avoid this warning!)

[2026-05-16 23:27:41] DT cycle OK
DT_PATH_LAT,h4,1778948865.679507,69
numba cannot be imported and numba functions are disabled.
Probably the execution is slow.
Please install numba to gain a massive speedup.
(or if you prefer slow execution, set the flag numba=False to avoid this warning!)

[2026-05-16 23:27:45] DT cycle OK
DT_PATH_LAT,h4,1778948869.767753,70
numba cannot be imported and numba functions are disabled.
Probably the execution is slow.
Please install numba to gain a massive speedup.
(or if you prefer slow execution, set the flag numba=False to avoid this warning!)

[2026-05-16 23:27:49] DT cycle OK
DT_PATH_LAT,h4,1778948873.812081,71
numba cannot be imported and numba functions are disabled.
Probably the execution is slow.
Please install numba to gain a massive speedup.
(or if you prefer slow execution, set the flag numba=False to avoid this warning!)

[2026-05-16 23:27:53] DT cycle OK
DT_PATH_LAT,h4,1778948877.855695,72
numba cannot be imported and numba functions are disabled.
Probably the execution is slow.
Please install numba to gain a massive speedup.
(or if you prefer slow execution, set the flag numba=False to avoid this warning!)

[2026-05-16 23:27:57] DT cycle OK
DT_PATH_LAT,h4,1778948881.891680,73
numba cannot be imported and numba functions are disabled.
Probably the execution is slow.
Please install numba to gain a massive speedup.
(or if you prefer slow execution, set the flag numba=False to avoid this warning!)

[2026-05-16 23:28:01] DT cycle OK
DT_PATH_LAT,h4,1778948885.938681,74
numba cannot be imported and numba functions are disabled.
Probably the execution is slow.
Please install numba to gain a massive speedup.
(or if you prefer slow execution, set the flag numba=False to avoid this warning!)

[2026-05-16 23:28:05] DT cycle OK
DT_PATH_LAT,h4,1778948890.128611,76
numba cannot be imported and numba functions are disabled.
Probably the execution is slow.
Please install numba to gain a massive speedup.
(or if you prefer slow execution, set the flag numba=False to avoid this warning!)

[2026-05-16 23:28:10] DT cycle OK
DT_PATH_LAT,h4,1778948894.217281,77
numba cannot be imported and numba functions are disabled.
Probably the execution is slow.
Please install numba to gain a massive speedup.
(or if you prefer slow execution, set the flag numba=False to avoid this warning!)

[2026-05-16 23:28:14] DT cycle OK
DT_PATH_LAT,h4,1778948898.262829,78
numba cannot be imported and numba functions are disabled.
Probably the execution is slow.
Please install numba to gain a massive speedup.
(or if you prefer slow execution, set the flag numba=False to avoid this warning!)

[2026-05-16 23:28:18] DT cycle OK
DT_PATH_LAT,h4,1778948902.345647,79
numba cannot be imported and numba functions are disabled.
Probably the execution is slow.
Please install numba to gain a massive speedup.
(or if you prefer slow execution, set the flag numba=False to avoid this warning!)

[2026-05-16 23:28:22] DT cycle OK
DT_PATH_LAT,h4,1778948906.387898,80
numba cannot be imported and numba functions are disabled.
Probably the execution is slow.
Please install numba to gain a massive speedup.
(or if you prefer slow execution, set the flag numba=False to avoid this warning!)

[2026-05-16 23:28:26] DT cycle OK
DT_PATH_LAT,h4,1778948910.431689,81
numba cannot be imported and numba functions are disabled.
Probably the execution is slow.
Please install numba to gain a massive speedup.
(or if you prefer slow execution, set the flag numba=False to avoid this warning!)

[2026-05-16 23:28:30] DT cycle OK
DT_PATH_LAT,h4,1778948914.516716,82
numba cannot be imported and numba functions are disabled.
Probably the execution is slow.
Please install numba to gain a massive speedup.
(or if you prefer slow execution, set the flag numba=False to avoid this warning!)

[2026-05-16 23:28:34] DT cycle OK
DT_PATH_LAT,h4,1778948918.572399,83
numba cannot be imported and numba functions are disabled.
Probably the execution is slow.
Please install numba to gain a massive speedup.
(or if you prefer slow execution, set the flag numba=False to avoid this warning!)

[2026-05-16 23:28:38] DT cycle OK
DT_PATH_LAT,h4,1778948922.615896,84
numba cannot be imported and numba functions are disabled.
Probably the execution is slow.
Please install numba to gain a massive speedup.
(or if you prefer slow execution, set the flag numba=False to avoid this warning!)

[2026-05-16 23:28:42] DT cycle OK
DT_PATH_LAT,h4,1778948926.662374,85
numba cannot be imported and numba functions are disabled.
Probably the execution is slow.
Please install numba to gain a massive speedup.
(or if you prefer slow execution, set the flag numba=False to avoid this warning!)

[2026-05-16 23:28:46] DT cycle OK
DT_PATH_LAT,h4,1778948930.711174,86
numba cannot be imported and numba functions are disabled.
Probably the execution is slow.
Please install numba to gain a massive speedup.
(or if you prefer slow execution, set the flag numba=False to avoid this warning!)

[2026-05-16 23:28:50] DT cycle OK
DT_PATH_LAT,h4,1778948934.755291,87
numba cannot be imported and numba functions are disabled.
Probably the execution is slow.
Please install numba to gain a massive speedup.
(or if you prefer slow execution, set the flag numba=False to avoid this warning!)

[2026-05-16 23:28:54] DT cycle OK
numba cannot be imported and numba functions are disabled.
Probably the execution is slow.
Please install numba to gain a massive speedup.
(or if you prefer slow execution, set the flag numba=False to avoid this warning!)

[2026-05-16 23:28:58] DT cycle OK
DT_PATH_LAT,h4,1778948942.924188,88
numba cannot be imported and numba functions are disabled.
Probably the execution is slow.
Please install numba to gain a massive speedup.
(or if you prefer slow execution, set the flag numba=False to avoid this warning!)

[2026-05-16 23:29:02] DT cycle OK
DT_PATH_LAT,h4,1778948946.969007,89
numba cannot be imported and numba functions are disabled.
Probably the execution is slow.
Please install numba to gain a massive speedup.
(or if you prefer slow execution, set the flag numba=False to avoid this warning!)

[2026-05-16 23:29:06] DT cycle OK
DT_PATH_LAT,h4,1778948951.013180,90
numba cannot be imported and numba functions are disabled.
Probably the execution is slow.
Please install numba to gain a massive speedup.
(or if you prefer slow execution, set the flag numba=False to avoid this warning!)

[2026-05-16 23:29:11] DT cycle OK
DT_PATH_LAT,h4,1778948955.055763,91
numba cannot be imported and numba functions are disabled.
Probably the execution is slow.
Please install numba to gain a massive speedup.
(or if you prefer slow execution, set the flag numba=False to avoid this warning!)

[2026-05-16 23:29:15] DT cycle OK
DT_PATH_LAT,h4,1778948959.100662,92
numba cannot be imported and numba functions are disabled.
Probably the execution is slow.
Please install numba to gain a massive speedup.
(or if you prefer slow execution, set the flag numba=False to avoid this warning!)

[2026-05-16 23:29:19] DT cycle OK
DT_PATH_LAT,h4,1778948963.145015,93
numba cannot be imported and numba functions are disabled.
Probably the execution is slow.
Please install numba to gain a massive speedup.
(or if you prefer slow execution, set the flag numba=False to avoid this warning!)

[2026-05-16 23:29:23] DT cycle OK
DT_PATH_LAT,h4,1778948967.190023,94
numba cannot be imported and numba functions are disabled.
Probably the execution is slow.
Please install numba to gain a massive speedup.
(or if you prefer slow execution, set the flag numba=False to avoid this warning!)

[2026-05-16 23:29:27] DT cycle OK
DT_PATH_LAT,h4,1778948971.263037,95
numba cannot be imported and numba functions are disabled.
Probably the execution is slow.
Please install numba to gain a massive speedup.
(or if you prefer slow execution, set the flag numba=False to avoid this warning!)

[2026-05-16 23:29:31] DT cycle OK
DT_PATH_LAT,h4,1778948975.311527,96
numba cannot be imported and numba functions are disabled.
Probably the execution is slow.
Please install numba to gain a massive speedup.
(or if you prefer slow execution, set the flag numba=False to avoid this warning!)

[2026-05-16 23:29:35] DT cycle OK
DT_PATH_LAT,h4,1778948979.389062,97
numba cannot be imported and numba functions are disabled.
Probably the execution is slow.
Please install numba to gain a massive speedup.
(or if you prefer slow execution, set the flag numba=False to avoid this warning!)

[2026-05-16 23:29:39] DT cycle OK
DT_PATH_LAT,h4,1778948983.439769,98
numba cannot be imported and numba functions are disabled.
Probably the execution is slow.
Please install numba to gain a massive speedup.
(or if you prefer slow execution, set the flag numba=False to avoid this warning!)

[2026-05-16 23:29:43] DT cycle OK
DT_PATH_LAT,h4,1778948987.628844,99
numba cannot be imported and numba functions are disabled.
Probably the execution is slow.
Please install numba to gain a massive speedup.
(or if you prefer slow execution, set the flag numba=False to avoid this warning!)

[2026-05-16 23:29:47] DT cycle OK
DT_PATH_LAT,h4,1778948991.679952,100
numba cannot be imported and numba functions are disabled.
Probably the execution is slow.
Please install numba to gain a massive speedup.
(or if you prefer slow execution, set the flag numba=False to avoid this warning!)

[2026-05-16 23:29:51] DT cycle OK
DT_PATH_LAT,h4,1778948995.728090,101
numba cannot be imported and numba functions are disabled.
Probably the execution is slow.
Please install numba to gain a massive speedup.
(or if you prefer slow execution, set the flag numba=False to avoid this warning!)

[2026-05-16 23:29:55] DT cycle OK
DT_PATH_LAT,h4,1778948999.779898,102
numba cannot be imported and numba functions are disabled.
Probably the execution is slow.
Please install numba to gain a massive speedup.
(or if you prefer slow execution, set the flag numba=False to avoid this warning!)

[2026-05-16 23:29:59] DT cycle OK
DT_PATH_LAT,h4,1778949003.826477,103
numba cannot be imported and numba functions are disabled.
Probably the execution is slow.
Please install numba to gain a massive speedup.
(or if you prefer slow execution, set the flag numba=False to avoid this warning!)

[2026-05-16 23:30:03] DT cycle OK
DT_PATH_LAT,h4,1778949007.870039,104
numba cannot be imported and numba functions are disabled.
Probably the execution is slow.
Please install numba to gain a massive speedup.
(or if you prefer slow execution, set the flag numba=False to avoid this warning!)

[2026-05-16 23:30:07] DT cycle OK
DT_PATH_LAT,h4,1778949011.916440,105
numba cannot be imported and numba functions are disabled.
Probably the execution is slow.
Please install numba to gain a massive speedup.
(or if you prefer slow execution, set the flag numba=False to avoid this warning!)

[2026-05-16 23:30:11] DT cycle OK
DT_PATH_LAT,h4,1778949015.963669,106
numba cannot be imported and numba functions are disabled.
Probably the execution is slow.
Please install numba to gain a massive speedup.
(or if you prefer slow execution, set the flag numba=False to avoid this warning!)

[2026-05-16 23:30:15] DT cycle OK
DT_PATH_LAT,h4,1778949020.017460,107
numba cannot be imported and numba functions are disabled.
Probably the execution is slow.
Please install numba to gain a massive speedup.
(or if you prefer slow execution, set the flag numba=False to avoid this warning!)

[2026-05-16 23:30:20] DT cycle OK
DT_PATH_LAT,h4,1778949024.062980,108
numba cannot be imported and numba functions are disabled.
Probably the execution is slow.
Please install numba to gain a massive speedup.
(or if you prefer slow execution, set the flag numba=False to avoid this warning!)

[2026-05-16 23:30:24] DT cycle OK
DT_PATH_LAT,h4,1778949028.113348,109
numba cannot be imported and numba functions are disabled.
Probably the execution is slow.
Please install numba to gain a massive speedup.
(or if you prefer slow execution, set the flag numba=False to avoid this warning!)

[2026-05-16 23:30:28] DT cycle OK
DT_PATH_LAT,h4,1778949032.188017,110
numba cannot be imported and numba functions are disabled.
Probably the execution is slow.
Please install numba to gain a massive speedup.
(or if you prefer slow execution, set the flag numba=False to avoid this warning!)

[2026-05-16 23:30:32] DT cycle OK
DT_PATH_LAT,h4,1778949036.232723,111
numba cannot be imported and numba functions are disabled.
Probably the execution is slow.
Please install numba to gain a massive speedup.
(or if you prefer slow execution, set the flag numba=False to avoid this warning!)

[2026-05-16 23:30:36] DT cycle OK
DT_PATH_LAT,h4,1778949040.291790,112
numba cannot be imported and numba functions are disabled.
Probably the execution is slow.
Please install numba to gain a massive speedup.
(or if you prefer slow execution, set the flag numba=False to avoid this warning!)

[2026-05-16 23:30:40] DT cycle OK
DT_PATH_LAT,h4,1778949044.350403,113
numba cannot be imported and numba functions are disabled.
Probably the execution is slow.
Please install numba to gain a massive speedup.
(or if you prefer slow execution, set the flag numba=False to avoid this warning!)

[2026-05-16 23:30:44] DT cycle OK
DT_PATH_LAT,h4,1778949048.387936,114
numba cannot be imported and numba functions are disabled.
Probably the execution is slow.
Please install numba to gain a massive speedup.
(or if you prefer slow execution, set the flag numba=False to avoid this warning!)

[2026-05-16 23:30:48] DT cycle OK
DT_PATH_LAT,h4,1778949052.482619,115
numba cannot be imported and numba functions are disabled.
Probably the execution is slow.
Please install numba to gain a massive speedup.
(or if you prefer slow execution, set the flag numba=False to avoid this warning!)

[2026-05-16 23:30:52] DT cycle OK
DT_PATH_LAT,h4,1778949056.571198,116
numba cannot be imported and numba functions are disabled.
Probably the execution is slow.
Please install numba to gain a massive speedup.
(or if you prefer slow execution, set the flag numba=False to avoid this warning!)

[2026-05-16 23:30:56] DT cycle OK
DT_PATH_LAT,h4,1778949060.613363,117
numba cannot be imported and numba functions are disabled.
Probably the execution is slow.
Please install numba to gain a massive speedup.
(or if you prefer slow execution, set the flag numba=False to avoid this warning!)

[2026-05-16 23:31:00] DT cycle OK
DT_PATH_LAT,h4,1778949064.659939,118
numba cannot be imported and numba functions are disabled.
Probably the execution is slow.
Please install numba to gain a massive speedup.
(or if you prefer slow execution, set the flag numba=False to avoid this warning!)

[2026-05-16 23:31:04] DT cycle OK
DT_PATH_LAT,h4,1778949068.713985,119
numba cannot be imported and numba functions are disabled.
Probably the execution is slow.
Please install numba to gain a massive speedup.
(or if you prefer slow execution, set the flag numba=False to avoid this warning!)

[2026-05-16 23:31:08] DT cycle OK
DT_PATH_LAT,h4,1778949072.807248,120
numba cannot be imported and numba functions are disabled.
Probably the execution is slow.
Please install numba to gain a massive speedup.
(or if you prefer slow execution, set the flag numba=False to avoid this warning!)

[2026-05-16 23:31:12] DT cycle OK
DT_PATH_LAT,h4,1778949076.918582,121
numba cannot be imported and numba functions are disabled.
Probably the execution is slow.
Please install numba to gain a massive speedup.
(or if you prefer slow execution, set the flag numba=False to avoid this warning!)

[2026-05-16 23:31:16] DT cycle OK
DT_PATH_LAT,h4,1778949080.962471,122
numba cannot be imported and numba functions are disabled.
Probably the execution is slow.
Please install numba to gain a massive speedup.
(or if you prefer slow execution, set the flag numba=False to avoid this warning!)

[2026-05-16 23:31:20] DT cycle OK
DT_PATH_LAT,h4,1778949085.008472,123
numba cannot be imported and numba functions are disabled.
Probably the execution is slow.
Please install numba to gain a massive speedup.
(or if you prefer slow execution, set the flag numba=False to avoid this warning!)

[2026-05-16 23:31:25] DT cycle OK
DT_PATH_LAT,h4,1778949089.060943,124
numba cannot be imported and numba functions are disabled.
Probably the execution is slow.
Please install numba to gain a massive speedup.
(or if you prefer slow execution, set the flag numba=False to avoid this warning!)

[2026-05-16 23:31:29] DT cycle OK
DT_PATH_LAT,h4,1778949093.103983,125
numba cannot be imported and numba functions are disabled.
Probably the execution is slow.
Please install numba to gain a massive speedup.
(or if you prefer slow execution, set the flag numba=False to avoid this warning!)

[2026-05-16 23:31:33] DT cycle OK
DT_PATH_LAT,h4,1778949097.149001,126
numba cannot be imported and numba functions are disabled.
Probably the execution is slow.
Please install numba to gain a massive speedup.
(or if you prefer slow execution, set the flag numba=False to avoid this warning!)

[2026-05-16 23:31:37] DT cycle OK
DT_PATH_LAT,h4,1778949101.210680,127
numba cannot be imported and numba functions are disabled.
Probably the execution is slow.
Please install numba to gain a massive speedup.
(or if you prefer slow execution, set the flag numba=False to avoid this warning!)

[2026-05-16 23:31:41] DT cycle OK
DT_PATH_LAT,h4,1778949105.252138,128
numba cannot be imported and numba functions are disabled.
Probably the execution is slow.
Please install numba to gain a massive speedup.
(or if you prefer slow execution, set the flag numba=False to avoid this warning!)

[2026-05-16 23:31:45] DT cycle OK
DT_PATH_LAT,h4,1778949109.291570,129
numba cannot be imported and numba functions are disabled.
Probably the execution is slow.
Please install numba to gain a massive speedup.
(or if you prefer slow execution, set the flag numba=False to avoid this warning!)

[2026-05-16 23:31:49] DT cycle OK
DT_PATH_LAT,h4,1778949113.334824,130
numba cannot be imported and numba functions are disabled.
Probably the execution is slow.
Please install numba to gain a massive speedup.
(or if you prefer slow execution, set the flag numba=False to avoid this warning!)

[2026-05-16 23:31:53] DT cycle OK
DT_PATH_LAT,h4,1778949117.380172,131
numba cannot be imported and numba functions are disabled.
Probably the execution is slow.
Please install numba to gain a massive speedup.
(or if you prefer slow execution, set the flag numba=False to avoid this warning!)

[2026-05-16 23:31:57] DT cycle OK
DT_PATH_LAT,h4,1778949121.431316,132
numba cannot be imported and numba functions are disabled.
Probably the execution is slow.
Please install numba to gain a massive speedup.
(or if you prefer slow execution, set the flag numba=False to avoid this warning!)

[2026-05-16 23:32:01] DT cycle OK
DT_PATH_LAT,h4,1778949125.475541,133
numba cannot be imported and numba functions are disabled.
Probably the execution is slow.
Please install numba to gain a massive speedup.
(or if you prefer slow execution, set the flag numba=False to avoid this warning!)

[2026-05-16 23:32:05] DT cycle OK
DT_PATH_LAT,h4,1778949129.533504,134
numba cannot be imported and numba functions are disabled.
Probably the execution is slow.
Please install numba to gain a massive speedup.
(or if you prefer slow execution, set the flag numba=False to avoid this warning!)

[2026-05-16 23:32:09] DT cycle OK
DT_PATH_LAT,h4,1778949133.576947,135
numba cannot be imported and numba functions are disabled.
Probably the execution is slow.
Please install numba to gain a massive speedup.
(or if you prefer slow execution, set the flag numba=False to avoid this warning!)

[2026-05-16 23:32:13] DT cycle OK
DT_PATH_LAT,h4,1778949137.624884,136
numba cannot be imported and numba functions are disabled.
Probably the execution is slow.
Please install numba to gain a massive speedup.
(or if you prefer slow execution, set the flag numba=False to avoid this warning!)

[2026-05-16 23:32:17] DT cycle OK
DT_PATH_LAT,h4,1778949141.668039,137
numba cannot be imported and numba functions are disabled.
Probably the execution is slow.
Please install numba to gain a massive speedup.
(or if you prefer slow execution, set the flag numba=False to avoid this warning!)

[2026-05-16 23:32:21] DT cycle OK
DT_PATH_LAT,h4,1778949145.710114,138
numba cannot be imported and numba functions are disabled.
Probably the execution is slow.
Please install numba to gain a massive speedup.
(or if you prefer slow execution, set the flag numba=False to avoid this warning!)

[2026-05-16 23:32:25] DT cycle OK
DT_PATH_LAT,h4,1778949149.760205,139
numba cannot be imported and numba functions are disabled.
Probably the execution is slow.
Please install numba to gain a massive speedup.
(or if you prefer slow execution, set the flag numba=False to avoid this warning!)

[2026-05-16 23:32:29] DT cycle OK
DT_PATH_LAT,h4,1778949154.001478,140
numba cannot be imported and numba functions are disabled.
Probably the execution is slow.
Please install numba to gain a massive speedup.
(or if you prefer slow execution, set the flag numba=False to avoid this warning!)

[2026-05-16 23:32:33] DT cycle OK
DT_PATH_LAT,h4,1778949158.271495,141
numba cannot be imported and numba functions are disabled.
Probably the execution is slow.
Please install numba to gain a massive speedup.
(or if you prefer slow execution, set the flag numba=False to avoid this warning!)

[2026-05-16 23:32:38] DT cycle OK
DT_PATH_LAT,h4,1778949162.512466,142
numba cannot be imported and numba functions are disabled.
Probably the execution is slow.
Please install numba to gain a massive speedup.
(or if you prefer slow execution, set the flag numba=False to avoid this warning!)

[2026-05-16 23:32:42] DT cycle OK
DT_PATH_LAT,h4,1778949166.560869,143
numba cannot be imported and numba functions are disabled.
Probably the execution is slow.
Please install numba to gain a massive speedup.
(or if you prefer slow execution, set the flag numba=False to avoid this warning!)

[2026-05-16 23:32:46] DT cycle OK
DT_PATH_LAT,h4,1778949170.831866,144
numba cannot be imported and numba functions are disabled.
Probably the execution is slow.
Please install numba to gain a massive speedup.
(or if you prefer slow execution, set the flag numba=False to avoid this warning!)

[2026-05-16 23:32:50] DT cycle OK
numba cannot be imported and numba functions are disabled.
Probably the execution is slow.
Please install numba to gain a massive speedup.
(or if you prefer slow execution, set the flag numba=False to avoid this warning!)

[2026-05-16 23:32:54] DT cycle OK
DT_PATH_LAT,h4,1778949179.670566,146
numba cannot be imported and numba functions are disabled.
Probably the execution is slow.
Please install numba to gain a massive speedup.
(or if you prefer slow execution, set the flag numba=False to avoid this warning!)

[2026-05-16 23:32:59] DT cycle OK
DT_PATH_LAT,h4,1778949184.304660,147
numba cannot be imported and numba functions are disabled.
Probably the execution is slow.
Please install numba to gain a massive speedup.
(or if you prefer slow execution, set the flag numba=False to avoid this warning!)

[2026-05-16 23:33:04] DT cycle OK
DT_PATH_LAT,h4,1778949188.701811,148
numba cannot be imported and numba functions are disabled.
Probably the execution is slow.
Please install numba to gain a massive speedup.
(or if you prefer slow execution, set the flag numba=False to avoid this warning!)

[2026-05-16 23:33:08] DT cycle OK
DT_PATH_LAT,h4,1778949193.270959,149
numba cannot be imported and numba functions are disabled.
Probably the execution is slow.
Please install numba to gain a massive speedup.
(or if you prefer slow execution, set the flag numba=False to avoid this warning!)

[2026-05-16 23:33:13] DT cycle OK
DT_PATH_LAT,h4,1778949197.423924,150
numba cannot be imported and numba functions are disabled.
Probably the execution is slow.
Please install numba to gain a massive speedup.
(or if you prefer slow execution, set the flag numba=False to avoid this warning!)

[2026-05-16 23:33:17] DT cycle OK
DT_PATH_LAT,h4,1778949201.524068,151
numba cannot be imported and numba functions are disabled.
Probably the execution is slow.
Please install numba to gain a massive speedup.
(or if you prefer slow execution, set the flag numba=False to avoid this warning!)

[2026-05-16 23:33:21] DT cycle OK
DT_PATH_LAT,h4,1778949205.684536,152
numba cannot be imported and numba functions are disabled.
Probably the execution is slow.
Please install numba to gain a massive speedup.
(or if you prefer slow execution, set the flag numba=False to avoid this warning!)

[2026-05-16 23:33:25] DT cycle OK
DT_PATH_LAT,h4,1778949209.741332,153
numba cannot be imported and numba functions are disabled.
Probably the execution is slow.
Please install numba to gain a massive speedup.
(or if you prefer slow execution, set the flag numba=False to avoid this warning!)

[2026-05-16 23:33:29] DT cycle OK
DT_PATH_LAT,h4,1778949213.794735,154
numba cannot be imported and numba functions are disabled.
Probably the execution is slow.
Please install numba to gain a massive speedup.
(or if you prefer slow execution, set the flag numba=False to avoid this warning!)

[2026-05-16 23:33:33] DT cycle OK
DT_PATH_LAT,h4,1778949217.890737,155
numba cannot be imported and numba functions are disabled.
Probably the execution is slow.
Please install numba to gain a massive speedup.
(or if you prefer slow execution, set the flag numba=False to avoid this warning!)

[2026-05-16 23:33:37] DT cycle OK
