Memulai Server OPC UA
Endpoints other than open requested but private key and certificate are not set.
Listening on 10.0.2.2:4840
Memulai Modbus Gateway di 0.0.0.0:5020


[2026-05-08 00:31:26] [iter 1] [Bus 1] P/Q/CMD -> V_in=0.0000 pu, I_in=0.0000 A, V_out=0.0000 pu, I_out=0.0000 A, V_DT=1.0000 pu, P=0.0000 MW, Q=0.0000 MVar
[2026-05-08 00:31:26] [iter 1] [Bus 2] P/Q/CMD -> V_in=0.0000 pu, I_in=0.0000 A, V_out=0.0000 pu, I_out=0.0000 A, V_DT=1.0000 pu, P=0.0000 MW, Q=0.0000 MVar
[2026-05-08 00:31:26] [iter 1] [Bus 3] P/Q/CMD -> V_in=0.0000 pu, I_in=0.0000 A, V_out=0.0000 pu, I_out=0.0000 A, V_DT=1.0000 pu, P=0.0000 MW, Q=0.0000 MVar
[2026-05-08 00:31:26] [iter 1] [Bus 4] P/Q/CMD -> V_in=0.0000 pu, I_in=0.0000 A, V_out=0.0000 pu, I_out=0.0000 A, V_DT=1.0000 pu, P=0.0000 MW, Q=0.0000 MVar
[2026-05-08 00:31:26] [iter 1] [Bus 5] P/Q/CMD -> V_in=0.0000 pu, I_in=0.0000 A, V_out=0.0000 pu, I_out=0.0000 A, V_DT=1.0000 pu, P=0.0000 MW, Q=0.0000 MVar


[2026-05-08 00:31:30] [iter 2] [Bus 1] P/Q/CMD -> V_in=1.0120 pu, I_in=169.2414 A, V_out=1.0120 pu, I_out=169.2414 A, V_DT=1.0500 pu, P=56.7254 MW, Q=16.5449 MVar
[2026-05-08 00:31:30] [iter 2] [Bus 2] P/Q/CMD -> V_in=0.9770 pu, I_in=330.2414 A, V_out=0.9770 pu, I_out=330.2414 A, V_DT=1.0500 pu, P=126.8966 MW, Q=41.7089 MVar
[2026-05-08 00:31:30] [iter 2] [Bus 3] P/Q/CMD -> V_in=1.0220 pu, I_in=653.2759 A, V_out=1.0220 pu, I_out=653.2759 A, V_DT=1.0405 pu, P=223.4284 MW, Q=55.9964 MVar
[2026-05-08 00:31:30] [iter 2] [Bus 4] P/Q/CMD -> V_in=1.0390 pu, I_in=210.5862 A, V_out=1.0390 pu, I_out=210.5862 A, V_DT=1.0377 pu, P=81.6000 MW, Q=29.6169 MVar
[2026-05-08 00:31:30] [iter 2] [Bus 5] P/Q/CMD -> V_in=0.9920 pu, I_in=176.6552 A, V_out=0.9920 pu, I_out=176.6552 A, V_DT=1.0396 pu, P=58.0401 MW, Q=16.9284 MVar


[2026-05-08 00:31:34] [iter 3] [Bus 1] P/Q/CMD -> V_in=0.9710 pu, I_in=1890.6552 A, V_out=0.9710 pu, I_out=1890.6552 A, V_DT=1.0488 pu, P=608.0256 MW, Q=177.3408 MVar
[2026-05-08 00:31:34] [iter 3] [Bus 2] P/Q/CMD -> V_in=0.9520 pu, I_in=1908.1034 A, V_out=0.9520 pu, I_out=1908.1034 A, V_DT=1.0485 pu, P=714.4351 MW, Q=234.8235 MVar
[2026-05-08 00:31:34] [iter 3] [Bus 3] P/Q/CMD -> V_in=1.0140 pu, I_in=2142.7586 A, V_out=1.0140 pu, I_out=2142.7586 A, V_DT=1.0404 pu, P=727.1132 MW, Q=182.2317 MVar
[2026-05-08 00:31:34] [iter 3] [Bus 4] P/Q/CMD -> V_in=0.9720 pu, I_in=619.3448 A, V_out=0.9720 pu, I_out=619.3448 A, V_DT=1.0397 pu, P=224.5141 MW, Q=81.4877 MVar
[2026-05-08 00:31:34] [iter 3] [Bus 5] P/Q/CMD -> V_in=1.0300 pu, I_in=1938.9310 A, V_out=1.0300 pu, I_out=1938.9310 A, V_DT=1.0414 pu, P=661.4392 MW, Q=192.9198 MVar


[2026-05-08 00:31:38] [iter 4] [Bus 1] P/Q/CMD -> V_in=1.0300 pu, I_in=1981.4138 A, V_out=1.0300 pu, I_out=1981.4138 A, V_DT=1.0343 pu, P=675.9316 MW, Q=197.1467 MVar
[2026-05-08 00:31:38] [iter 4] [Bus 2] P/Q/CMD -> V_in=0.9840 pu, I_in=2090.9310 A, V_out=0.9840 pu, I_out=2090.9310 A, V_DT=1.0349 pu, P=809.2054 MW, Q=265.9729 MVar
[2026-05-08 00:31:38] [iter 4] [Bus 3] P/Q/CMD -> V_in=1.0450 pu, I_in=1970.5517 A, V_out=1.0450 pu, I_out=1970.5517 A, V_DT=1.0299 pu, P=689.1202 MW, Q=172.7098 MVar
[2026-05-08 00:31:38] [iter 4] [Bus 4] P/Q/CMD -> V_in=0.9590 pu, I_in=2041.0000 A, V_out=0.9590 pu, I_out=2041.0000 A, V_DT=1.0324 pu, P=729.9723 MW, Q=264.9446 MVar
[2026-05-08 00:31:38] [iter 4] [Bus 5] P/Q/CMD -> V_in=1.0340 pu, I_in=2024.6552 A, V_out=1.0340 pu, I_out=2024.6552 A, V_DT=1.0326 pu, P=693.3650 MW, Q=202.2315 MVar


[2026-05-08 00:31:42] [iter 5] [Bus 1] P/Q/CMD -> V_in=1.0300 pu, I_in=688.0345 A, V_out=1.0300 pu, I_out=688.0345 A, V_DT=1.0199 pu, P=234.7133 MW, Q=68.4581 MVar
[2026-05-08 00:31:42] [iter 5] [Bus 2] P/Q/CMD -> V_in=1.0020 pu, I_in=891.5862 A, V_out=1.0020 pu, I_out=891.5862 A, V_DT=1.0118 pu, P=351.3622 MW, Q=115.4872 MVar
[2026-05-08 00:31:42] [iter 5] [Bus 3] P/Q/CMD -> V_in=0.9870 pu, I_in=580.6897 A, V_out=0.9870 pu, I_out=580.6897 A, V_DT=0.9983 pu, P=191.8015 MW, Q=48.0700 MVar
[2026-05-08 00:31:42] [iter 5] [Bus 4] P/Q/CMD -> V_in=1.0320 pu, I_in=604.4138 A, V_out=1.0320 pu, I_out=604.4138 A, V_DT=0.9910 pu, P=232.6263 MW, Q=84.4321 MVar
[2026-05-08 00:31:42] [iter 5] [Bus 5] P/Q/CMD -> V_in=1.0360 pu, I_in=572.2414 A, V_out=1.0360 pu, I_out=572.2414 A, V_DT=0.9925 pu, P=196.3493 MW, Q=57.2685 MVar


[2026-05-08 00:31:46] [iter 6] [Bus 1] P/Q/CMD -> V_in=1.0200 pu, I_in=2066.1724 A, V_out=1.0200 pu, I_out=2066.1724 A, V_DT=1.0249 pu, P=698.0026 MW, Q=203.5841 MVar
[2026-05-08 00:31:46] [iter 6] [Bus 2] P/Q/CMD -> V_in=0.9720 pu, I_in=383.7241 A, V_out=0.9720 pu, I_out=383.7241 A, V_DT=1.0203 pu, P=146.6930 MW, Q=48.2157 MVar
[2026-05-08 00:31:46] [iter 6] [Bus 3] P/Q/CMD -> V_in=0.9570 pu, I_in=2118.1379 A, V_out=0.9570 pu, I_out=2118.1379 A, V_DT=1.0118 pu, P=678.3550 MW, Q=170.0118 MVar
[2026-05-08 00:31:46] [iter 6] [Bus 4] P/Q/CMD -> V_in=0.9600 pu, I_in=1999.3793 A, V_out=0.9600 pu, I_out=1999.3793 A, V_DT=1.0070 pu, P=715.8322 MW, Q=259.8124 MVar
[2026-05-08 00:31:46] [iter 6] [Bus 5] P/Q/CMD -> V_in=1.0120 pu, I_in=425.0690 A, V_out=1.0120 pu, I_out=425.0690 A, V_DT=1.0085 pu, P=142.4722 MW, Q=41.5544 MVar


[2026-05-08 00:31:50] [iter 7] [Bus 1] P/Q/CMD -> V_in=0.9870 pu, I_in=1953.1379 A, V_out=0.9870 pu, I_out=1953.1379 A, V_DT=1.0147 pu, P=638.4699 MW, Q=186.2204 MVar
[2026-05-08 00:31:50] [iter 7] [Bus 2] P/Q/CMD -> V_in=0.9760 pu, I_in=2008.2759 A, V_out=0.9760 pu, I_out=2008.2759 A, V_DT=1.0178 pu, P=770.8984 MW, Q=253.3820 MVar
[2026-05-08 00:31:50] [iter 7] [Bus 3] P/Q/CMD -> V_in=1.0140 pu, I_in=608.1724 A, V_out=1.0140 pu, I_out=608.1724 A, V_DT=1.0014 pu, P=206.3742 MW, Q=51.7223 MVar
[2026-05-08 00:31:50] [iter 7] [Bus 4] P/Q/CMD -> V_in=0.9670 pu, I_in=732.7931 A, V_out=0.9670 pu, I_out=732.7931 A, V_DT=0.9922 pu, P=264.2729 MW, Q=95.9183 MVar
[2026-05-08 00:31:50] [iter 7] [Bus 5] P/Q/CMD -> V_in=0.9660 pu, I_in=1854.7931 A, V_out=0.9660 pu, I_out=1854.7931 A, V_DT=0.9956 pu, P=593.4210 MW, Q=173.0811 MVar


[2026-05-08 00:31:54] [iter 8] [Bus 1] P/Q/CMD -> V_in=0.9870 pu, I_in=2176.4483 A, V_out=0.9870 pu, I_out=2176.4483 A, V_DT=1.0084 pu, P=711.4688 MW, Q=207.5117 MVar
[2026-05-08 00:31:54] [iter 8] [Bus 2] P/Q/CMD -> V_in=0.9760 pu, I_in=1837.2759 A, V_out=0.9760 pu, I_out=1837.2759 A, V_DT=1.0075 pu, P=705.2582 MW, Q=231.8072 MVar
[2026-05-08 00:31:54] [iter 8] [Bus 3] P/Q/CMD -> V_in=1.0140 pu, I_in=1830.0000 A, V_out=1.0140 pu, I_out=1830.0000 A, V_DT=0.9937 pu, P=620.9832 MW, Q=155.6331 MVar
[2026-05-08 00:31:54] [iter 8] [Bus 4] P/Q/CMD -> V_in=0.9670 pu, I_in=2123.4138 A, V_out=0.9670 pu, I_out=2123.4138 A, V_DT=0.9825 pu, P=765.7833 MW, Q=277.9422 MVar
[2026-05-08 00:31:54] [iter 8] [Bus 5] P/Q/CMD -> V_in=0.9660 pu, I_in=1965.3793 A, V_out=0.9660 pu, I_out=1965.3793 A, V_DT=0.9847 pu, P=628.8019 MW, Q=183.4005 MVar


[2026-05-08 00:31:58] [iter 9] [Bus 1] P/Q/CMD -> V_in=1.0480 pu, I_in=610.8276 A, V_out=1.0480 pu, I_out=610.8276 A, V_DT=0.9997 pu, P=212.0168 MW, Q=61.8382 MVar
[2026-05-08 00:31:58] [iter 9] [Bus 2] P/Q/CMD -> V_in=1.0040 pu, I_in=670.9310 A, V_out=1.0040 pu, I_out=670.9310 A, V_DT=0.9872 pu, P=264.9327 MW, Q=87.0792 MVar
[2026-05-08 00:31:58] [iter 9] [Bus 3] P/Q/CMD -> V_in=1.0340 pu, I_in=719.7586 A, V_out=1.0340 pu, I_out=719.7586 A, V_DT=0.9601 pu, P=249.0567 MW, Q=62.4195 MVar
[2026-05-08 00:31:58] [iter 9] [Bus 4] P/Q/CMD -> V_in=0.9720 pu, I_in=181.9655 A, V_out=0.9720 pu, I_out=181.9655 A, V_DT=0.9371 pu, P=65.9630 MW, Q=23.9414 MVar
[2026-05-08 00:31:58] [iter 9] [Bus 5] P/Q/CMD -> V_in=0.9810 pu, I_in=363.4828 A, V_out=0.9810 pu, I_out=363.4828 A, V_DT=0.9410 pu, P=118.0982 MW, Q=34.4453 MVar


[2026-05-08 00:32:02] [iter 10] [Bus 1] P/Q/CMD -> V_in=0.9710 pu, I_in=2119.0690 A, V_out=0.9710 pu, I_out=2119.0690 A, V_DT=1.0144 pu, P=681.4824 MW, Q=198.7657 MVar
[2026-05-08 00:32:02] [iter 10] [Bus 2] P/Q/CMD -> V_in=1.0370 pu, I_in=1809.0000 A, V_out=1.0370 pu, I_out=1809.0000 A, V_DT=1.0124 pu, P=737.8044 MW, Q=242.5046 MVar
[2026-05-08 00:32:02] [iter 10] [Bus 3] P/Q/CMD -> V_in=1.0140 pu, I_in=1951.2414 A, V_out=1.0140 pu, I_out=1951.2414 A, V_DT=1.0002 pu, P=662.1247 MW, Q=165.9441 MVar
[2026-05-08 00:32:02] [iter 10] [Bus 4] P/Q/CMD -> V_in=1.0410 pu, I_in=2159.1034 A, V_out=1.0410 pu, I_out=2159.1034 A, V_DT=0.9918 pu, P=838.2411 MW, Q=304.2409 MVar
[2026-05-08 00:32:02] [iter 10] [Bus 5] P/Q/CMD -> V_in=0.9760 pu, I_in=2077.8276 A, V_out=0.9760 pu, I_out=2077.8276 A, V_DT=0.9939 pu, P=671.6603 MW, Q=195.9009 MVar


[2026-05-08 00:32:06] [iter 11] [Bus 1] P/Q/CMD -> V_in=1.0060 pu, I_in=350.7931 A, V_out=1.0060 pu, I_out=350.7931 A, V_DT=1.0044 pu, P=116.8798 MW, Q=34.0899 MVar
[2026-05-08 00:32:06] [iter 11] [Bus 2] P/Q/CMD -> V_in=1.0080 pu, I_in=1874.2069 A, V_out=1.0080 pu, I_out=1874.2069 A, V_DT=0.9890 pu, P=743.0226 MW, Q=244.2197 MVar
[2026-05-08 00:32:06] [iter 11] [Bus 3] P/Q/CMD -> V_in=0.9890 pu, I_in=1942.0345 A, V_out=0.9890 pu, I_out=1942.0345 A, V_DT=0.9620 pu, P=642.7529 MW, Q=161.0891 MVar
[2026-05-08 00:32:06] [iter 11] [Bus 4] P/Q/CMD -> V_in=1.0490 pu, I_in=2106.0690 A, V_out=1.0490 pu, I_out=2106.0690 A, V_DT=0.9399 pu, P=823.9348 MW, Q=299.0484 MVar
[2026-05-08 00:32:06] [iter 11] [Bus 5] P/Q/CMD -> V_in=0.9590 pu, I_in=196.5172 A, V_out=0.9590 pu, I_out=196.5172 A, V_DT=0.9439 pu, P=62.4180 MW, Q=18.2052 MVar


[2026-05-08 00:32:11] [iter 12] [Bus 1] P/Q/CMD -> V_in=0.9600 pu, I_in=656.7931 A, V_out=0.9600 pu, I_out=656.7931 A, V_DT=1.0161 pu, P=208.8287 MW, Q=60.9084 MVar
[2026-05-08 00:32:11] [iter 12] [Bus 2] P/Q/CMD -> V_in=1.0290 pu, I_in=461.0690 A, V_out=1.0290 pu, I_out=461.0690 A, V_DT=0.9885 pu, P=186.5972 MW, Q=61.3315 MVar
[2026-05-08 00:32:11] [iter 12] [Bus 3] P/Q/CMD -> V_in=0.9560 pu, I_in=463.8621 A, V_out=0.9560 pu, I_out=463.8621 A, V_DT=0.9632 pu, P=148.4013 MW, Q=37.1929 MVar
[2026-05-08 00:32:11] [iter 12] [Bus 4] P/Q/CMD -> V_in=1.0490 pu, I_in=529.8621 A, V_out=1.0490 pu, I_out=529.8621 A, V_DT=0.9439 pu, P=207.2923 MW, Q=75.2370 MVar
[2026-05-08 00:32:11] [iter 12] [Bus 5] P/Q/CMD -> V_in=1.0470 pu, I_in=772.7241 A, V_out=1.0470 pu, I_out=772.7241 A, V_DT=0.9500 pu, P=267.9548 MW, Q=78.1535 MVar


[2026-05-08 00:32:15] [iter 13] [Bus 1] P/Q/CMD -> V_in=0.9600 pu, I_in=1893.4828 A, V_out=0.9600 pu, I_out=1893.4828 A, V_DT=1.0241 pu, P=602.0366 MW, Q=175.5940 MVar
[2026-05-08 00:32:15] [iter 13] [Bus 2] P/Q/CMD -> V_in=1.0290 pu, I_in=1927.4828 A, V_out=1.0290 pu, I_out=1927.4828 A, V_DT=1.0123 pu, P=780.0633 MW, Q=256.3944 MVar
[2026-05-08 00:32:15] [iter 13] [Bus 3] P/Q/CMD -> V_in=0.9560 pu, I_in=1815.7241 A, V_out=0.9560 pu, I_out=1815.7241 A, V_DT=0.9987 pu, P=580.8963 MW, Q=145.5863 MVar
[2026-05-08 00:32:15] [iter 13] [Bus 4] P/Q/CMD -> V_in=1.0490 pu, I_in=2172.2069 A, V_out=1.0490 pu, I_out=2172.2069 A, V_DT=0.9873 pu, P=849.8093 MW, Q=308.4396 MVar
[2026-05-08 00:32:15] [iter 13] [Bus 5] P/Q/CMD -> V_in=1.0470 pu, I_in=1906.0000 A, V_out=1.0470 pu, I_out=1906.0000 A, V_DT=0.9910 pu, P=660.9368 MW, Q=192.7732 MVar


[2026-05-08 00:32:19] [iter 14] [Bus 1] P/Q/CMD -> V_in=0.9510 pu, I_in=738.3448 A, V_out=0.9510 pu, I_out=738.3448 A, V_DT=1.0136 pu, P=232.5574 MW, Q=67.8292 MVar
[2026-05-08 00:32:19] [iter 14] [Bus 2] P/Q/CMD -> V_in=1.0180 pu, I_in=1827.5862 A, V_out=1.0180 pu, I_out=1827.5862 A, V_DT=0.9908 pu, P=731.7279 MW, Q=240.5073 MVar
[2026-05-08 00:32:19] [iter 14] [Bus 3] P/Q/CMD -> V_in=0.9760 pu, I_in=1907.5517 A, V_out=0.9760 pu, I_out=1907.5517 A, V_DT=0.9651 pu, P=623.0415 MW, Q=156.1489 MVar
[2026-05-08 00:32:19] [iter 14] [Bus 4] P/Q/CMD -> V_in=0.9610 pu, I_in=1970.8966 A, V_out=0.9610 pu, I_out=1970.8966 A, V_DT=0.9412 pu, P=706.3696 MW, Q=256.3779 MVar
[2026-05-08 00:32:19] [iter 14] [Bus 5] P/Q/CMD -> V_in=0.9950 pu, I_in=2043.0690 A, V_out=0.9950 pu, I_out=2043.0690 A, V_DT=0.9464 pu, P=673.2811 MW, Q=196.3737 MVar


[2026-05-08 00:32:23] [iter 15] [Bus 1] P/Q/CMD -> V_in=1.0370 pu, I_in=340.6552 A, V_out=1.0370 pu, I_out=340.6552 A, V_DT=1.0171 pu, P=116.9995 MW, Q=34.1249 MVar
[2026-05-08 00:32:23] [iter 15] [Bus 2] P/Q/CMD -> V_in=1.0000 pu, I_in=288.7931 A, V_out=1.0000 pu, I_out=288.7931 A, V_DT=0.9811 pu, P=113.5823 MW, Q=37.3327 MVar
[2026-05-08 00:32:23] [iter 15] [Bus 3] P/Q/CMD -> V_in=1.0410 pu, I_in=784.2069 A, V_out=1.0410 pu, I_out=784.2069 A, V_DT=0.9485 pu, P=273.1947 MW, Q=68.4690 MVar
[2026-05-08 00:32:23] [iter 15] [Bus 4] P/Q/CMD -> V_in=0.9790 pu, I_in=653.0690 A, V_out=0.9790 pu, I_out=653.0690 A, V_DT=0.9193 pu, P=238.4441 MW, Q=86.5436 MVar
[2026-05-08 00:32:23] [Bus 4] Command breaker ke RTU: OPEN
[2026-05-08 00:32:23] [iter 15] [Bus 5] P/Q/CMD -> V_in=1.0100 pu, I_in=266.2069 A, V_out=1.0100 pu, I_out=266.2069 A, V_DT=0.9249 pu, P=89.0494 MW, Q=25.9727 MVar


[2026-05-08 00:32:27] [iter 16] [Bus 1] P/Q/CMD -> V_in=1.0260 pu, I_in=1934.7241 A, V_out=1.0260 pu, I_out=1934.7241 A, V_DT=1.0255 pu, P=657.4409 MW, Q=191.7536 MVar
[2026-05-08 00:32:27] [iter 16] [Bus 2] P/Q/CMD -> V_in=1.0270 pu, I_in=2005.2069 A, V_out=1.0270 pu, I_out=2005.2069 A, V_DT=1.0072 pu, P=809.9414 MW, Q=266.2149 MVar
[2026-05-08 00:32:27] [iter 16] [Bus 3] P/Q/CMD -> V_in=0.9500 pu, I_in=2123.9310 A, V_out=0.9500 pu, I_out=2123.9310 A, V_DT=0.9864 pu, P=675.2348 MW, Q=169.2298 MVar
[2026-05-08 00:32:27] [iter 16] [Bus 4] P/Q/CMD -> V_in=0.9510 pu, I_in=2196.3103 A, V_out=0.9510 pu, I_out=2196.3103 A, V_DT=0.9435 pu, P=778.9669 MW, Q=282.7272 MVar
[2026-05-08 00:32:27] [Bus 4] Command breaker ke RTU: CLOSE
[2026-05-08 00:32:27] [iter 16] [Bus 5] P/Q/CMD -> V_in=1.0370 pu, I_in=2017.7931 A, V_out=1.0370 pu, I_out=2017.7931 A, V_DT=0.9547 pu, P=693.0199 MW, Q=202.1308 MVar
[2026-05-08 00:32:27] [Bus 5] Command breaker ke RTU: OPEN


[2026-05-08 00:32:31] [iter 17] [Bus 1] P/Q/CMD -> V_in=0.9800 pu, I_in=1829.5517 A, V_out=0.9800 pu, I_out=1829.5517 A, V_DT=1.0119 pu, P=593.8286 MW, Q=173.2000 MVar
[2026-05-08 00:32:31] [iter 17] [Bus 2] P/Q/CMD -> V_in=1.0370 pu, I_in=2072.8276 A, V_out=1.0370 pu, I_out=2072.8276 A, V_DT=0.9840 pu, P=845.4071 MW, Q=277.8719 MVar
[2026-05-08 00:32:31] [iter 17] [Bus 3] P/Q/CMD -> V_in=0.9580 pu, I_in=545.8621 A, V_out=0.9580 pu, I_out=545.8621 A, V_DT=0.9517 pu, P=175.0005 MW, Q=43.8593 MVar
[2026-05-08 00:32:31] [iter 17] [Bus 4] P/Q/CMD -> V_in=0.9560 pu, I_in=2129.7586 A, V_out=0.9560 pu, I_out=2129.7586 A, V_DT=0.9107 pu, P=759.3344 MW, Q=275.6016 MVar
[2026-05-08 00:32:31] [Bus 4] Command breaker ke RTU: OPEN
[2026-05-08 00:32:31] [iter 17] [Bus 5] P/Q/CMD -> V_in=1.0260 pu, I_in=244.0000 A, V_out=1.0260 pu, I_out=244.0000 A, V_DT=0.9128 pu, P=82.9139 MW, Q=24.1832 MVar
[2026-05-08 00:32:31] [Bus 5] Command breaker ke RTU: CLOSE


[2026-05-08 00:32:35] [iter 18] [Bus 1] P/Q/CMD -> V_in=0.9800 pu, I_in=1820.5862 A, V_out=0.9800 pu, I_out=1820.5862 A, V_DT=1.0052 pu, P=590.9186 MW, Q=172.3513 MVar
[2026-05-08 00:32:35] [iter 18] [Bus 2] P/Q/CMD -> V_in=1.0370 pu, I_in=1874.3793 A, V_out=1.0370 pu, I_out=1874.3793 A, V_DT=0.9748 pu, P=764.4695 MW, Q=251.2690 MVar
[2026-05-08 00:32:35] [iter 18] [Bus 3] P/Q/CMD -> V_in=0.9580 pu, I_in=2076.0690 A, V_out=0.9580 pu, I_out=2076.0690 A, V_DT=0.9433 pu, P=665.5767 MW, Q=166.8092 MVar
[2026-05-08 00:32:35] [iter 18] [Bus 4] P/Q/CMD -> V_in=0.9560 pu, I_in=2129.7586 A, V_out=0.9560 pu, I_out=2129.7586 A, V_DT=0.8778 pu, P=759.3344 MW, Q=275.6016 MVar
[2026-05-08 00:32:35] [Bus 4] Command breaker ke RTU: CLOSE
[2026-05-08 00:32:35] [iter 18] [Bus 5] P/Q/CMD -> V_in=1.0260 pu, I_in=244.0000 A, V_out=1.0260 pu, I_out=244.0000 A, V_DT=0.8937 pu, P=82.9139 MW, Q=24.1832 MVar
[2026-05-08 00:32:35] [Bus 5] Command breaker ke RTU: OPEN


[2026-05-08 00:32:39] [iter 19] [Bus 1] P/Q/CMD -> V_in=0.9800 pu, I_in=1820.5862 A, V_out=0.9800 pu, I_out=1820.5862 A, V_DT=1.0029 pu, P=590.9186 MW, Q=172.3513 MVar
[2026-05-08 00:32:39] [iter 19] [Bus 2] P/Q/CMD -> V_in=1.0370 pu, I_in=1874.3793 A, V_out=1.0370 pu, I_out=1874.3793 A, V_DT=0.9741 pu, P=764.4695 MW, Q=251.2690 MVar
[2026-05-08 00:32:39] [iter 19] [Bus 3] P/Q/CMD -> V_in=0.9580 pu, I_in=2076.0690 A, V_out=0.9580 pu, I_out=2076.0690 A, V_DT=0.9451 pu, P=665.5767 MW, Q=166.8092 MVar
[2026-05-08 00:32:39] [iter 19] [Bus 4] P/Q/CMD -> V_in=0.9560 pu, I_in=1909.6552 A, V_out=0.9560 pu, I_out=1909.6552 A, V_DT=0.9110 pu, P=680.8597 MW, Q=247.1191 MVar
[2026-05-08 00:32:39] [Bus 4] Command breaker ke RTU: OPEN
[2026-05-08 00:32:39] [iter 19] [Bus 5] P/Q/CMD -> V_in=1.0260 pu, I_in=1806.4828 A, V_out=1.0260 pu, I_out=1806.4828 A, V_DT=0.9167 pu, P=613.8631 MW, Q=179.0434 MVar
[2026-05-08 00:32:39] [Bus 5] Command breaker ke RTU: CLOSE


[2026-05-08 00:32:43] [iter 20] [Bus 1] P/Q/CMD -> V_in=0.9970 pu, I_in=573.3448 A, V_out=0.9970 pu, I_out=573.3448 A, V_DT=0.9938 pu, P=189.3221 MW, Q=55.2190 MVar
[2026-05-08 00:32:43] [iter 20] [Bus 2] P/Q/CMD -> V_in=0.9760 pu, I_in=837.6897 A, V_out=0.9760 pu, I_out=837.6897 A, V_DT=0.9430 pu, P=321.5562 MW, Q=105.6904 MVar
[2026-05-08 00:32:43] [iter 20] [Bus 3] P/Q/CMD -> V_in=0.9920 pu, I_in=316.5172 A, V_out=0.9920 pu, I_out=316.5172 A, V_DT=0.8865 pu, P=105.0751 MW, Q=26.3343 MVar
[2026-05-08 00:32:43] [Bus 3] Command breaker ke RTU: OPEN
[2026-05-08 00:32:43] [iter 20] [Bus 4] P/Q/CMD -> V_in=1.0020 pu, I_in=706.5517 A, V_out=1.0020 pu, I_out=706.5517 A, V_DT=0.8028 pu, P=264.0319 MW, Q=95.8308 MVar
[2026-05-08 00:32:43] [Bus 4] Command breaker ke RTU: CLOSE
[2026-05-08 00:32:43] [iter 20] [Bus 5] P/Q/CMD -> V_in=0.9700 pu, I_in=402.3448 A, V_out=0.9700 pu, I_out=402.3448 A, V_DT=0.8213 pu, P=129.2589 MW, Q=37.7005 MVar
[2026-05-08 00:32:43] [Bus 5] Command breaker ke RTU: OPEN


[2026-05-08 00:32:47] [iter 21] [Bus 1] P/Q/CMD -> V_in=1.0490 pu, I_in=2047.9310 A, V_out=1.0490 pu, I_out=2047.9310 A, V_DT=1.0170 pu, P=711.5102 MW, Q=207.5238 MVar
[2026-05-08 00:32:47] [iter 21] [Bus 2] P/Q/CMD -> V_in=0.9930 pu, I_in=1931.1034 A, V_out=0.9930 pu, I_out=1931.1034 A, V_DT=1.0044 pu, P=754.1865 MW, Q=247.8891 MVar
[2026-05-08 00:32:47] [iter 21] [Bus 3] P/Q/CMD -> V_in=0.9620 pu, I_in=1974.7241 A, V_out=0.9620 pu, I_out=1974.7241 A, V_DT=0.9655 pu, P=635.7295 MW, Q=159.3288 MVar
[2026-05-08 00:32:47] [Bus 3] Command breaker ke RTU: CLOSE
[2026-05-08 00:32:47] [iter 21] [Bus 4] P/Q/CMD -> V_in=0.9830 pu, I_in=1936.2414 A, V_out=0.9830 pu, I_out=1936.2414 A, V_DT=0.9459 pu, P=709.8356 MW, Q=257.6359 MVar
[2026-05-08 00:32:47] [Bus 4] Command breaker ke RTU: OPEN
[2026-05-08 00:32:47] [iter 21] [Bus 5] P/Q/CMD -> V_in=0.9730 pu, I_in=1896.3793 A, V_out=0.9730 pu, I_out=1896.3793 A, V_DT=0.9486 pu, P=611.1226 MW, Q=178.2441 MVar
[2026-05-08 00:32:47] [Bus 5] Command breaker ke RTU: CLOSE


[2026-05-08 00:32:51] [iter 22] [Bus 1] P/Q/CMD -> V_in=0.9570 pu, I_in=2144.1379 A, V_out=0.9570 pu, I_out=2144.1379 A, V_DT=1.0002 pu, P=679.6025 MW, Q=198.2174 MVar
[2026-05-08 00:32:51] [iter 22] [Bus 2] P/Q/CMD -> V_in=0.9720 pu, I_in=1866.3793 A, V_out=0.9720 pu, I_out=1866.3793 A, V_DT=0.9694 pu, P=713.4937 MW, Q=234.5140 MVar
[2026-05-08 00:32:51] [iter 22] [Bus 3] P/Q/CMD -> V_in=1.0350 pu, I_in=2068.0690 A, V_out=1.0350 pu, I_out=2068.0690 A, V_DT=0.9311 pu, P=716.3021 MW, Q=179.5222 MVar
[2026-05-08 00:32:51] [iter 22] [Bus 4] P/Q/CMD -> V_in=0.9730 pu, I_in=680.6552 A, V_out=0.9730 pu, I_out=680.6552 A, V_DT=0.8659 pu, P=246.9931 MW, Q=89.6465 MVar
[2026-05-08 00:32:51] [Bus 4] Command breaker ke RTU: CLOSE
[2026-05-08 00:32:51] [iter 22] [Bus 5] P/Q/CMD -> V_in=0.9710 pu, I_in=2086.9655 A, V_out=0.9710 pu, I_out=2086.9655 A, V_DT=0.8806 pu, P=671.1581 MW, Q=195.7544 MVar
[2026-05-08 00:32:51] [Bus 5] Command breaker ke RTU: OPEN


[2026-05-08 00:32:55] [iter 23] [Bus 1] P/Q/CMD -> V_in=1.0430 pu, I_in=563.5862 A, V_out=1.0430 pu, I_out=563.5862 A, V_DT=0.9960 pu, P=194.6861 MW, Q=56.7835 MVar
[2026-05-08 00:32:55] [iter 23] [Bus 2] P/Q/CMD -> V_in=0.9970 pu, I_in=753.0690 A, V_out=0.9970 pu, I_out=753.0690 A, V_DT=0.9674 pu, P=295.2935 MW, Q=97.0583 MVar
[2026-05-08 00:32:55] [iter 23] [Bus 3] P/Q/CMD -> V_in=1.0300 pu, I_in=288.8966 A, V_out=1.0300 pu, I_out=288.8966 A, V_DT=0.9303 pu, P=99.5796 MW, Q=24.9570 MVar
[2026-05-08 00:32:55] [iter 23] [Bus 4] P/Q/CMD -> V_in=0.9590 pu, I_in=501.5517 A, V_out=0.9590 pu, I_out=501.5517 A, V_DT=0.8927 pu, P=179.3821 MW, Q=65.1070 MVar
[2026-05-08 00:32:55] [Bus 4] Command breaker ke RTU: OPEN
[2026-05-08 00:32:55] [iter 23] [Bus 5] P/Q/CMD -> V_in=0.9920 pu, I_in=512.6897 A, V_out=0.9920 pu, I_out=512.6897 A, V_DT=0.8945 pu, P=168.4444 MW, Q=49.1296 MVar
[2026-05-08 00:32:55] [Bus 5] Command breaker ke RTU: CLOSE


[2026-05-08 00:32:59] [iter 24] [Bus 1] P/Q/CMD -> V_in=1.0430 pu, I_in=563.5862 A, V_out=1.0430 pu, I_out=563.5862 A, V_DT=1.0124 pu, P=194.6861 MW, Q=56.7835 MVar
[2026-05-08 00:32:59] [iter 24] [Bus 2] P/Q/CMD -> V_in=0.9970 pu, I_in=2058.2759 A, V_out=0.9970 pu, I_out=2058.2759 A, V_DT=1.0009 pu, P=807.0913 MW, Q=265.2781 MVar
[2026-05-08 00:32:59] [iter 24] [Bus 3] P/Q/CMD -> V_in=1.0300 pu, I_in=288.8966 A, V_out=1.0300 pu, I_out=288.8966 A, V_DT=0.9838 pu, P=99.5796 MW, Q=24.9570 MVar
[2026-05-08 00:32:59] [iter 24] [Bus 4] P/Q/CMD -> V_in=0.9590 pu, I_in=1917.8276 A, V_out=0.9590 pu, I_out=1917.8276 A, V_DT=0.9511 pu, P=685.9192 MW, Q=248.9554 MVar
[2026-05-08 00:32:59] [Bus 4] Command breaker ke RTU: CLOSE
[2026-05-08 00:32:59] [iter 24] [Bus 5] P/Q/CMD -> V_in=0.9920 pu, I_in=1907.1379 A, V_out=0.9920 pu, I_out=1907.1379 A, V_DT=0.9592 pu, P=626.5909 MW, Q=182.7557 MVar
[2026-05-08 00:32:59] [Bus 5] Command breaker ke RTU: OPEN


[2026-05-08 00:33:03] [iter 25] [Bus 1] P/Q/CMD -> V_in=1.0220 pu, I_in=651.2414 A, V_out=1.0220 pu, I_out=651.2414 A, V_DT=1.0183 pu, P=220.4364 MW, Q=64.2939 MVar
[2026-05-08 00:33:03] [iter 25] [Bus 2] P/Q/CMD -> V_in=1.0480 pu, I_in=2115.4828 A, V_out=1.0480 pu, I_out=2115.4828 A, V_DT=0.9972 pu, P=871.9563 MW, Q=286.5982 MVar
[2026-05-08 00:33:03] [iter 25] [Bus 3] P/Q/CMD -> V_in=0.9900 pu, I_in=1939.3103 A, V_out=0.9900 pu, I_out=1939.3103 A, V_DT=0.9824 pu, P=642.5003 MW, Q=161.0258 MVar
[2026-05-08 00:33:03] [iter 25] [Bus 4] P/Q/CMD -> V_in=1.0360 pu, I_in=1882.1034 A, V_out=1.0360 pu, I_out=1882.1034 A, V_DT=0.9513 pu, P=727.1902 MW, Q=263.9348 MVar
[2026-05-08 00:33:03] [Bus 4] Command breaker ke RTU: OPEN
[2026-05-08 00:33:03] [iter 25] [Bus 5] P/Q/CMD -> V_in=0.9690 pu, I_in=1981.1724 A, V_out=0.9690 pu, I_out=1981.1724 A, V_DT=0.9514 pu, P=635.8232 MW, Q=185.4484 MVar
[2026-05-08 00:33:03] [Bus 5] Command breaker ke RTU: CLOSE


[2026-05-08 00:33:07] [iter 26] [Bus 1] P/Q/CMD -> V_in=0.9920 pu, I_in=2043.7931 A, V_out=0.9920 pu, I_out=2043.7931 A, V_DT=1.0176 pu, P=671.4890 MW, Q=195.8510 MVar
[2026-05-08 00:33:07] [iter 26] [Bus 2] P/Q/CMD -> V_in=0.9740 pu, I_in=2154.0345 A, V_out=0.9740 pu, I_out=2154.0345 A, V_DT=0.9738 pu, P=825.1550 MW, Q=271.2153 MVar
[2026-05-08 00:33:07] [iter 26] [Bus 3] P/Q/CMD -> V_in=0.9940 pu, I_in=2058.8966 A, V_out=0.9940 pu, I_out=2058.8966 A, V_DT=0.9413 pu, P=684.8757 MW, Q=171.6460 MVar
[2026-05-08 00:33:07] [iter 26] [Bus 4] P/Q/CMD -> V_in=1.0040 pu, I_in=1841.9310 A, V_out=1.0040 pu, I_out=1841.9310 A, V_DT=0.8754 pu, P=689.6867 MW, Q=250.3229 MVar
[2026-05-08 00:33:07] [Bus 4] Command breaker ke RTU: CLOSE
[2026-05-08 00:33:07] [iter 26] [Bus 5] P/Q/CMD -> V_in=1.0490 pu, I_in=2032.2414 A, V_out=1.0490 pu, I_out=2032.2414 A, V_DT=0.8891 pu, P=706.0592 MW, Q=205.9339 MVar
[2026-05-08 00:33:07] [Bus 5] Command breaker ke RTU: OPEN


[2026-05-08 00:33:11] [iter 27] [Bus 1] P/Q/CMD -> V_in=1.0460 pu, I_in=820.6552 A, V_out=1.0460 pu, I_out=820.6552 A, V_DT=1.0049 pu, P=284.3038 MW, Q=82.9220 MVar
[2026-05-08 00:33:11] [iter 27] [Bus 2] P/Q/CMD -> V_in=1.0340 pu, I_in=269.9655 A, V_out=1.0340 pu, I_out=269.9655 A, V_DT=0.9545 pu, P=109.7875 MW, Q=36.0854 MVar
[2026-05-08 00:33:11] [iter 27] [Bus 3] P/Q/CMD -> V_in=0.9980 pu, I_in=316.0345 A, V_out=0.9980 pu, I_out=316.0345 A, V_DT=0.9091 pu, P=105.5494 MW, Q=26.4532 MVar
[2026-05-08 00:33:11] [Bus 3] Command breaker ke RTU: OPEN
[2026-05-08 00:33:11] [iter 27] [Bus 4] P/Q/CMD -> V_in=0.9900 pu, I_in=199.2414 A, V_out=0.9900 pu, I_out=199.2414 A, V_DT=0.8518 pu, P=73.5630 MW, Q=26.6998 MVar
[2026-05-08 00:33:11] [Bus 4] Command breaker ke RTU: OPEN
[2026-05-08 00:33:11] [iter 27] [Bus 5] P/Q/CMD -> V_in=0.9870 pu, I_in=915.1724 A, V_out=0.9870 pu, I_out=915.1724 A, V_DT=0.8546 pu, P=299.1647 MW, Q=87.2564 MVar
[2026-05-08 00:33:11] [Bus 5] Command breaker ke RTU: CLOSE


[2026-05-08 00:33:15] [iter 28] [Bus 1] P/Q/CMD -> V_in=0.9760 pu, I_in=2099.8276 A, V_out=0.9760 pu, I_out=2099.8276 A, V_DT=1.0194 pu, P=678.7718 MW, Q=197.9751 MVar
[2026-05-08 00:33:15] [iter 28] [Bus 2] P/Q/CMD -> V_in=0.9950 pu, I_in=2013.0000 A, V_out=0.9950 pu, I_out=2013.0000 A, V_DT=1.0085 pu, P=787.7543 MW, Q=258.9223 MVar
[2026-05-08 00:33:15] [iter 28] [Bus 3] P/Q/CMD -> V_in=1.0450 pu, I_in=871.9310 A, V_out=1.0450 pu, I_out=871.9310 A, V_DT=0.9571 pu, P=304.9223 MW, Q=76.4207 MVar
[2026-05-08 00:33:15] [Bus 3] Command breaker ke RTU: CLOSE
[2026-05-08 00:33:15] [iter 28] [Bus 4] P/Q/CMD -> V_in=1.0040 pu, I_in=2012.8276 A, V_out=1.0040 pu, I_out=2012.8276 A, V_DT=0.9171 pu, P=753.6767 MW, Q=273.5481 MVar
[2026-05-08 00:33:15] [Bus 4] Command breaker ke RTU: CLOSE
[2026-05-08 00:33:15] [iter 28] [Bus 5] P/Q/CMD -> V_in=0.9650 pu, I_in=392.4138 A, V_out=0.9650 pu, I_out=392.4138 A, V_DT=0.9267 pu, P=125.4186 MW, Q=36.5804 MVar
[2026-05-08 00:33:15] [Bus 5] Command breaker ke RTU: OPEN


[2026-05-08 00:33:19] [iter 29] [Bus 1] P/Q/CMD -> V_in=0.9760 pu, I_in=768.6552 A, V_out=0.9760 pu, I_out=768.6552 A, V_DT=1.0077 pu, P=248.4687 MW, Q=72.4700 MVar
[2026-05-08 00:33:19] [iter 29] [Bus 2] P/Q/CMD -> V_in=0.9950 pu, I_in=1879.0690 A, V_out=0.9950 pu, I_out=1879.0690 A, V_DT=0.9926 pu, P=735.3426 MW, Q=241.6954 MVar
[2026-05-08 00:33:19] [iter 29] [Bus 3] P/Q/CMD -> V_in=1.0450 pu, I_in=2151.2759 A, V_out=1.0450 pu, I_out=2151.2759 A, V_DT=0.9748 pu, P=752.3211 MW, Q=188.5494 MVar
[2026-05-08 00:33:19] [iter 29] [Bus 4] P/Q/CMD -> V_in=1.0040 pu, I_in=696.6207 A, V_out=1.0040 pu, I_out=696.6207 A, V_DT=0.9447 pu, P=260.8404 MW, Q=94.6724 MVar
[2026-05-08 00:33:19] [Bus 4] Command breaker ke RTU: OPEN
[2026-05-08 00:33:19] [iter 29] [Bus 5] P/Q/CMD -> V_in=0.9650 pu, I_in=2126.5517 A, V_out=0.9650 pu, I_out=2126.5517 A, V_DT=0.9467 pu, P=679.6629 MW, Q=198.2350 MVar
[2026-05-08 00:33:19] [Bus 5] Command breaker ke RTU: CLOSE


[2026-05-08 00:33:23] [iter 30] [Bus 1] P/Q/CMD -> V_in=1.0460 pu, I_in=567.7241 A, V_out=1.0460 pu, I_out=567.7241 A, V_DT=1.0122 pu, P=196.6796 MW, Q=57.3649 MVar
[2026-05-08 00:33:23] [iter 30] [Bus 2] P/Q/CMD -> V_in=1.0040 pu, I_in=720.0345 A, V_out=1.0040 pu, I_out=720.0345 A, V_DT=0.9813 pu, P=284.3223 MW, Q=93.4522 MVar
[2026-05-08 00:33:23] [iter 30] [Bus 3] P/Q/CMD -> V_in=0.9550 pu, I_in=625.8621 A, V_out=0.9550 pu, I_out=625.8621 A, V_DT=0.9533 pu, P=200.0197 MW, Q=50.1297 MVar
[2026-05-08 00:33:23] [iter 30] [Bus 4] P/Q/CMD -> V_in=1.0000 pu, I_in=802.7586 A, V_out=1.0000 pu, I_out=802.7586 A, V_DT=0.9076 pu, P=299.3848 MW, Q=108.6622 MVar
[2026-05-08 00:33:23] [Bus 4] Command breaker ke RTU: CLOSE
[2026-05-08 00:33:23] [iter 30] [Bus 5] P/Q/CMD -> V_in=0.9650 pu, I_in=916.7931 A, V_out=0.9650 pu, I_out=916.7931 A, V_DT=0.9177 pu, P=293.0144 MW, Q=85.4625 MVar
[2026-05-08 00:33:23] [Bus 5] Command breaker ke RTU: OPEN


[2026-05-08 00:33:27] [iter 31] [Bus 1] P/Q/CMD -> V_in=0.9580 pu, I_in=1910.0345 A, V_out=0.9580 pu, I_out=1910.0345 A, V_DT=1.0219 pu, P=606.0341 MW, Q=176.7599 MVar
[2026-05-08 00:33:27] [iter 31] [Bus 2] P/Q/CMD -> V_in=1.0080 pu, I_in=2122.8276 A, V_out=1.0080 pu, I_out=2122.8276 A, V_DT=1.0071 pu, P=841.5874 MW, Q=276.6164 MVar
[2026-05-08 00:33:27] [iter 31] [Bus 3] P/Q/CMD -> V_in=0.9730 pu, I_in=1815.9310 A, V_out=0.9730 pu, I_out=1815.9310 A, V_DT=0.9933 pu, P=591.2934 MW, Q=148.1921 MVar
[2026-05-08 00:33:27] [iter 31] [Bus 4] P/Q/CMD -> V_in=1.0390 pu, I_in=2025.6552 A, V_out=1.0390 pu, I_out=2025.6552 A, V_DT=0.9730 pu, P=784.9208 MW, Q=284.8882 MVar
[2026-05-08 00:33:27] [Bus 4] Command breaker ke RTU: OPEN
[2026-05-08 00:33:27] [iter 31] [Bus 5] P/Q/CMD -> V_in=1.0080 pu, I_in=619.1379 A, V_out=1.0080 pu, I_out=619.1379 A, V_DT=0.9729 pu, P=206.6990 MW, Q=60.2872 MVar
[2026-05-08 00:33:27] [Bus 5] Command breaker ke RTU: CLOSE


[2026-05-08 00:33:31] [iter 32] [Bus 1] P/Q/CMD -> V_in=0.9910 pu, I_in=602.6207 A, V_out=0.9910 pu, I_out=602.6207 A, V_DT=1.0110 pu, P=197.7917 MW, Q=57.6892 MVar
[2026-05-08 00:33:31] [iter 32] [Bus 2] P/Q/CMD -> V_in=1.0020 pu, I_in=1967.9310 A, V_out=1.0020 pu, I_out=1967.9310 A, V_DT=0.9853 pu, P=775.5353 MW, Q=254.9061 MVar
[2026-05-08 00:33:31] [iter 32] [Bus 3] P/Q/CMD -> V_in=0.9700 pu, I_in=2163.6552 A, V_out=0.9700 pu, I_out=2163.6552 A, V_DT=0.9601 pu, P=702.3452 MW, Q=176.0243 MVar
[2026-05-08 00:33:31] [iter 32] [Bus 4] P/Q/CMD -> V_in=0.9730 pu, I_in=1802.8966 A, V_out=0.9730 pu, I_out=1802.8966 A, V_DT=0.9137 pu, P=654.2270 MW, Q=237.4527 MVar
[2026-05-08 00:33:31] [Bus 4] Command breaker ke RTU: CLOSE
[2026-05-08 00:33:31] [iter 32] [Bus 5] P/Q/CMD -> V_in=1.0160 pu, I_in=1844.4483 A, V_out=1.0160 pu, I_out=1844.4483 A, V_DT=0.9259 pu, P=620.6554 MW, Q=181.0245 MVar
[2026-05-08 00:33:31] [Bus 5] Command breaker ke RTU: OPEN


[2026-05-08 00:33:35] [iter 33] [Bus 1] P/Q/CMD -> V_in=0.9810 pu, I_in=1950.8621 A, V_out=0.9810 pu, I_out=1950.8621 A, V_DT=1.0165 pu, P=633.8491 MW, Q=184.8727 MVar
[2026-05-08 00:33:35] [iter 33] [Bus 2] P/Q/CMD -> V_in=0.9570 pu, I_in=524.5172 A, V_out=0.9570 pu, I_out=524.5172 A, V_DT=0.9790 pu, P=197.4220 MW, Q=64.8895 MVar
[2026-05-08 00:33:35] [iter 33] [Bus 3] P/Q/CMD -> V_in=1.0490 pu, I_in=2114.3793 A, V_out=1.0490 pu, I_out=2114.3793 A, V_DT=0.9496 pu, P=742.2483 MW, Q=186.0250 MVar
[2026-05-08 00:33:35] [iter 33] [Bus 4] P/Q/CMD -> V_in=0.9570 pu, I_in=2102.8966 A, V_out=0.9570 pu, I_out=2102.8966 A, V_DT=0.9158 pu, P=750.5414 MW, Q=272.4101 MVar
[2026-05-08 00:33:35] [Bus 4] Command breaker ke RTU: OPEN
[2026-05-08 00:33:35] [iter 33] [Bus 5] P/Q/CMD -> V_in=0.9760 pu, I_in=1928.2414 A, V_out=0.9760 pu, I_out=1928.2414 A, V_DT=0.9184 pu, P=623.3063 MW, Q=181.7977 MVar
[2026-05-08 00:33:35] [Bus 5] Command breaker ke RTU: CLOSE


[2026-05-08 00:33:39] [iter 34] [Bus 1] P/Q/CMD -> V_in=0.9810 pu, I_in=739.6552 A, V_out=0.9810 pu, I_out=739.6552 A, V_DT=1.0050 pu, P=240.3193 MW, Q=70.0931 MVar
[2026-05-08 00:33:39] [iter 34] [Bus 2] P/Q/CMD -> V_in=0.9860 pu, I_in=276.4828 A, V_out=0.9860 pu, I_out=276.4828 A, V_DT=0.9688 pu, P=107.2183 MW, Q=35.2410 MVar
[2026-05-08 00:33:39] [iter 34] [Bus 3] P/Q/CMD -> V_in=1.0330 pu, I_in=666.9310 A, V_out=1.0330 pu, I_out=666.9310 A, V_DT=0.9169 pu, P=230.5537 MW, Q=57.7822 MVar
[2026-05-08 00:33:39] [iter 34] [Bus 4] P/Q/CMD -> V_in=1.0100 pu, I_in=895.5862 A, V_out=1.0100 pu, I_out=895.5862 A, V_DT=0.8383 pu, P=337.3444 MW, Q=122.4397 MVar
[2026-05-08 00:33:39] [Bus 4] Command breaker ke RTU: CLOSE
[2026-05-08 00:33:39] [iter 34] [Bus 5] P/Q/CMD -> V_in=1.0140 pu, I_in=156.1034 A, V_out=1.0140 pu, I_out=156.1034 A, V_DT=0.8545 pu, P=52.4253 MW, Q=15.2907 MVar
[2026-05-08 00:33:39] [Bus 5] Command breaker ke RTU: OPEN


[2026-05-08 00:33:43] [iter 35] [Bus 1] P/Q/CMD -> V_in=1.0380 pu, I_in=2047.4828 A, V_out=1.0380 pu, I_out=2047.4828 A, V_DT=1.0187 pu, P=703.8951 MW, Q=205.3027 MVar
[2026-05-08 00:33:43] [iter 35] [Bus 2] P/Q/CMD -> V_in=0.9860 pu, I_in=1980.7931 A, V_out=0.9860 pu, I_out=1980.7931 A, V_DT=1.0108 pu, P=768.1393 MW, Q=252.4752 MVar
[2026-05-08 00:33:43] [iter 35] [Bus 3] P/Q/CMD -> V_in=0.9630 pu, I_in=2152.4483 A, V_out=0.9630 pu, I_out=2152.4483 A, V_DT=0.9894 pu, P=693.6651 MW, Q=173.8489 MVar
[2026-05-08 00:33:43] [iter 35] [Bus 4] P/Q/CMD -> V_in=0.9600 pu, I_in=1964.9655 A, V_out=0.9600 pu, I_out=1964.9655 A, V_DT=0.9637 pu, P=703.5111 MW, Q=255.3404 MVar
[2026-05-08 00:33:43] [Bus 4] Command breaker ke RTU: OPEN
[2026-05-08 00:33:43] [iter 35] [Bus 5] P/Q/CMD -> V_in=0.9770 pu, I_in=2166.0345 A, V_out=0.9770 pu, I_out=2166.0345 A, V_DT=0.9653 pu, P=700.8906 MW, Q=204.4264 MVar
[2026-05-08 00:33:43] [Bus 5] Command breaker ke RTU: CLOSE


[2026-05-08 00:33:47] [iter 36] [Bus 1] P/Q/CMD -> V_in=1.0200 pu, I_in=1929.8276 A, V_out=1.0200 pu, I_out=1929.8276 A, V_DT=1.0032 pu, P=651.9421 MW, Q=190.1498 MVar
[2026-05-08 00:33:47] [iter 36] [Bus 2] P/Q/CMD -> V_in=1.0120 pu, I_in=349.2069 A, V_out=1.0120 pu, I_out=349.2069 A, V_DT=0.9767 pu, P=138.9912 MW, Q=45.6842 MVar
[2026-05-08 00:33:47] [iter 36] [Bus 3] P/Q/CMD -> V_in=0.9980 pu, I_in=844.0690 A, V_out=0.9980 pu, I_out=844.0690 A, V_DT=0.9336 pu, P=281.9027 MW, Q=70.6515 MVar
[2026-05-08 00:33:47] [iter 36] [Bus 4] P/Q/CMD -> V_in=1.0340 pu, I_in=2022.7931 A, V_out=1.0340 pu, I_out=2022.7931 A, V_DT=0.8652 pu, P=780.0399 MW, Q=283.1167 MVar
[2026-05-08 00:33:47] [Bus 4] Command breaker ke RTU: CLOSE
[2026-05-08 00:33:47] [iter 36] [Bus 5] P/Q/CMD -> V_in=0.9920 pu, I_in=1912.3448 A, V_out=0.9920 pu, I_out=1912.3448 A, V_DT=0.8797 pu, P=628.3017 MW, Q=183.2547 MVar
[2026-05-08 00:33:47] [Bus 5] Command breaker ke RTU: OPEN


[2026-05-08 00:33:51] [iter 37] [Bus 1] P/Q/CMD -> V_in=1.0200 pu, I_in=301.2759 A, V_out=1.0200 pu, I_out=301.2759 A, V_DT=1.0001 pu, P=101.7782 MW, Q=29.6853 MVar
[2026-05-08 00:33:51] [iter 37] [Bus 2] P/Q/CMD -> V_in=1.0120 pu, I_in=349.2069 A, V_out=1.0120 pu, I_out=349.2069 A, V_DT=0.9913 pu, P=138.9912 MW, Q=45.6842 MVar
[2026-05-08 00:33:51] [iter 37] [Bus 3] P/Q/CMD -> V_in=0.9980 pu, I_in=844.0690 A, V_out=0.9980 pu, I_out=844.0690 A, V_DT=0.9546 pu, P=281.9027 MW, Q=70.6515 MVar
[2026-05-08 00:33:51] [iter 37] [Bus 4] P/Q/CMD -> V_in=1.0340 pu, I_in=215.4828 A, V_out=1.0340 pu, I_out=215.4828 A, V_DT=0.9009 pu, P=83.0956 MW, Q=30.1597 MVar
[2026-05-08 00:33:51] [Bus 4] Command breaker ke RTU: OPEN
[2026-05-08 00:33:51] [iter 37] [Bus 5] P/Q/CMD -> V_in=0.9570 pu, I_in=2007.4828 A, V_out=0.9570 pu, I_out=2007.4828 A, V_DT=0.9024 pu, P=636.2885 MW, Q=185.5842 MVar
[2026-05-08 00:33:51] [Bus 5] Command breaker ke RTU: CLOSE


[2026-05-08 00:33:55] [iter 38] [Bus 1] P/Q/CMD -> V_in=0.9500 pu, I_in=2158.4483 A, V_out=0.9500 pu, I_out=2158.4483 A, V_DT=1.0158 pu, P=679.1342 MW, Q=198.0808 MVar
[2026-05-08 00:33:55] [iter 38] [Bus 2] P/Q/CMD -> V_in=1.0120 pu, I_in=2061.2069 A, V_out=1.0120 pu, I_out=2061.2069 A, V_DT=1.0098 pu, P=820.4007 MW, Q=269.6527 MVar
[2026-05-08 00:33:55] [iter 38] [Bus 3] P/Q/CMD -> V_in=1.0240 pu, I_in=559.7931 A, V_out=1.0240 pu, I_out=559.7931 A, V_DT=0.9822 pu, P=191.8308 MW, Q=48.0773 MVar
[2026-05-08 00:33:55] [iter 38] [Bus 4] P/Q/CMD -> V_in=0.9920 pu, I_in=161.0690 A, V_out=0.9920 pu, I_out=161.0690 A, V_DT=0.9272 pu, P=59.5893 MW, Q=21.6280 MVar
[2026-05-08 00:33:55] [Bus 4] Command breaker ke RTU: CLOSE
[2026-05-08 00:33:55] [iter 38] [Bus 5] P/Q/CMD -> V_in=0.9570 pu, I_in=1836.1034 A, V_out=0.9570 pu, I_out=1836.1034 A, V_DT=0.9374 pu, P=581.9684 MW, Q=169.7408 MVar
[2026-05-08 00:33:55] [Bus 5] Command breaker ke RTU: OPEN


[2026-05-08 00:33:59] [iter 39] [Bus 1] P/Q/CMD -> V_in=1.0400 pu, I_in=2094.5517 A, V_out=1.0400 pu, I_out=2094.5517 A, V_DT=1.0083 pu, P=721.4642 MW, Q=210.4270 MVar
[2026-05-08 00:33:59] [iter 39] [Bus 2] P/Q/CMD -> V_in=1.0330 pu, I_in=1852.5517 A, V_out=1.0330 pu, I_out=1852.5517 A, V_DT=1.0046 pu, P=752.6527 MW, Q=247.3850 MVar
[2026-05-08 00:33:59] [iter 39] [Bus 3] P/Q/CMD -> V_in=0.9640 pu, I_in=2187.3103 A, V_out=0.9640 pu, I_out=2187.3103 A, V_DT=0.9880 pu, P=705.6320 MW, Q=176.8481 MVar
[2026-05-08 00:33:59] [iter 39] [Bus 4] P/Q/CMD -> V_in=0.9800 pu, I_in=854.6552 A, V_out=0.9800 pu, I_out=854.6552 A, V_DT=0.9591 pu, P=312.3646 MW, Q=113.3732 MVar
[2026-05-08 00:33:59] [Bus 4] Command breaker ke RTU: OPEN
[2026-05-08 00:33:59] [iter 39] [Bus 5] P/Q/CMD -> V_in=1.0290 pu, I_in=2104.6207 A, V_out=1.0290 pu, I_out=2104.6207 A, V_DT=0.9565 pu, P=717.2648 MW, Q=209.2022 MVar
[2026-05-08 00:33:59] [Bus 5] Command breaker ke RTU: CLOSE


[2026-05-08 00:34:03] [iter 40] [Bus 1] P/Q/CMD -> V_in=1.0390 pu, I_in=300.7931 A, V_out=1.0390 pu, I_out=300.7931 A, V_DT=1.0083 pu, P=103.5080 MW, Q=30.1898 MVar
[2026-05-08 00:34:03] [iter 40] [Bus 2] P/Q/CMD -> V_in=1.0330 pu, I_in=1852.5517 A, V_out=1.0330 pu, I_out=1852.5517 A, V_DT=1.0046 pu, P=752.6527 MW, Q=247.3850 MVar
[2026-05-08 00:34:03] [iter 40] [Bus 3] P/Q/CMD -> V_in=0.9640 pu, I_in=2187.3103 A, V_out=0.9640 pu, I_out=2187.3103 A, V_DT=0.9880 pu, P=705.6320 MW, Q=176.8481 MVar
[2026-05-08 00:34:03] [iter 40] [Bus 4] P/Q/CMD -> V_in=0.9800 pu, I_in=854.6552 A, V_out=0.9800 pu, I_out=854.6552 A, V_DT=0.9591 pu, P=312.3646 MW, Q=113.3732 MVar
[2026-05-08 00:34:03] [iter 40] [Bus 5] P/Q/CMD -> V_in=1.0290 pu, I_in=2104.6207 A, V_out=1.0290 pu, I_out=2104.6207 A, V_DT=0.9565 pu, P=717.2648 MW, Q=209.2022 MVar


[2026-05-08 00:34:07] [iter 41] [Bus 1] P/Q/CMD -> V_in=1.0390 pu, I_in=300.7931 A, V_out=1.0390 pu, I_out=300.7931 A, V_DT=0.9977 pu, P=103.5080 MW, Q=30.1898 MVar
[2026-05-08 00:34:07] [iter 41] [Bus 2] P/Q/CMD -> V_in=0.9740 pu, I_in=236.8966 A, V_out=0.9740 pu, I_out=236.8966 A, V_DT=0.9805 pu, P=90.7490 MW, Q=29.8277 MVar
[2026-05-08 00:34:07] [iter 41] [Bus 3] P/Q/CMD -> V_in=1.0280 pu, I_in=804.4138 A, V_out=1.0280 pu, I_out=804.4138 A, V_DT=0.9489 pu, P=276.7346 MW, Q=69.3562 MVar
[2026-05-08 00:34:07] [iter 41] [Bus 4] P/Q/CMD -> V_in=0.9900 pu, I_in=631.8966 A, V_out=0.9900 pu, I_out=631.8966 A, V_DT=0.9017 pu, P=233.3060 MW, Q=84.6788 MVar
[2026-05-08 00:34:07] [Bus 4] Command breaker ke RTU: CLOSE
[2026-05-08 00:34:07] [iter 41] [Bus 5] P/Q/CMD -> V_in=0.9650 pu, I_in=892.6552 A, V_out=0.9650 pu, I_out=892.6552 A, V_DT=0.9090 pu, P=285.2997 MW, Q=83.2124 MVar
[2026-05-08 00:34:07] [Bus 5] Command breaker ke RTU: OPEN


[2026-05-08 00:34:11] [iter 42] [Bus 1] P/Q/CMD -> V_in=1.0360 pu, I_in=1824.1034 A, V_out=1.0360 pu, I_out=1824.1034 A, V_DT=1.0166 pu, P=625.8922 MW, Q=182.5519 MVar
[2026-05-08 00:34:11] [iter 42] [Bus 2] P/Q/CMD -> V_in=1.0310 pu, I_in=1918.8276 A, V_out=1.0310 pu, I_out=1918.8276 A, V_DT=1.0132 pu, P=778.0698 MW, Q=255.7392 MVar
[2026-05-08 00:34:11] [iter 42] [Bus 3] P/Q/CMD -> V_in=0.9520 pu, I_in=2139.2759 A, V_out=0.9520 pu, I_out=2139.2759 A, V_DT=0.9976 pu, P=681.5451 MW, Q=170.8113 MVar
[2026-05-08 00:34:11] [iter 42] [Bus 4] P/Q/CMD -> V_in=0.9830 pu, I_in=2128.3793 A, V_out=0.9830 pu, I_out=2128.3793 A, V_DT=0.9768 pu, P=780.2744 MW, Q=283.2018 MVar
[2026-05-08 00:34:11] [Bus 4] Command breaker ke RTU: OPEN
[2026-05-08 00:34:11] [iter 42] [Bus 5] P/Q/CMD -> V_in=1.0300 pu, I_in=787.8276 A, V_out=1.0300 pu, I_out=787.8276 A, V_DT=0.9747 pu, P=268.7564 MW, Q=78.3873 MVar
[2026-05-08 00:34:11] [Bus 5] Command breaker ke RTU: CLOSE


[2026-05-08 00:34:15] [iter 43] [Bus 1] P/Q/CMD -> V_in=1.0310 pu, I_in=2110.5862 A, V_out=1.0310 pu, I_out=2110.5862 A, V_DT=1.0067 pu, P=720.6960 MW, Q=210.2030 MVar
[2026-05-08 00:34:15] [iter 43] [Bus 2] P/Q/CMD -> V_in=1.0280 pu, I_in=1990.8966 A, V_out=1.0280 pu, I_out=1990.8966 A, V_DT=0.9894 pu, P=804.9442 MW, Q=264.5724 MVar
[2026-05-08 00:34:15] [iter 43] [Bus 3] P/Q/CMD -> V_in=1.0370 pu, I_in=1854.1724 A, V_out=1.0370 pu, I_out=1854.1724 A, V_DT=0.9611 pu, P=643.4573 MW, Q=161.2656 MVar
[2026-05-08 00:34:15] [iter 43] [Bus 4] P/Q/CMD -> V_in=0.9720 pu, I_in=2067.7931 A, V_out=0.9720 pu, I_out=2067.7931 A, V_DT=0.9156 pu, P=749.5803 MW, Q=272.0613 MVar
[2026-05-08 00:34:15] [Bus 4] Command breaker ke RTU: CLOSE
[2026-05-08 00:34:15] [iter 43] [Bus 5] P/Q/CMD -> V_in=0.9960 pu, I_in=386.8621 A, V_out=0.9960 pu, I_out=386.8621 A, V_DT=0.9261 pu, P=127.6162 MW, Q=37.2214 MVar
[2026-05-08 00:34:15] [Bus 5] Command breaker ke RTU: OPEN


[2026-05-08 00:34:19] [iter 44] [Bus 1] P/Q/CMD -> V_in=1.0290 pu, I_in=316.7931 A, V_out=1.0290 pu, I_out=316.7931 A, V_DT=0.9991 pu, P=107.9646 MW, Q=31.4897 MVar
[2026-05-08 00:34:19] [iter 44] [Bus 2] P/Q/CMD -> V_in=0.9520 pu, I_in=314.8621 A, V_out=0.9520 pu, I_out=314.8621 A, V_DT=0.9785 pu, P=117.8912 MW, Q=38.7490 MVar
[2026-05-08 00:34:19] [iter 44] [Bus 3] P/Q/CMD -> V_in=0.9820 pu, I_in=826.0345 A, V_out=0.9820 pu, I_out=826.0345 A, V_DT=0.9488 pu, P=271.4567 MW, Q=68.0335 MVar
[2026-05-08 00:34:19] [iter 44] [Bus 4] P/Q/CMD -> V_in=1.0460 pu, I_in=349.1379 A, V_out=1.0460 pu, I_out=349.1379 A, V_DT=0.9194 pu, P=136.1989 MW, Q=49.4336 MVar
[2026-05-08 00:34:19] [Bus 4] Command breaker ke RTU: OPEN
[2026-05-08 00:34:19] [iter 44] [Bus 5] P/Q/CMD -> V_in=1.0140 pu, I_in=451.0345 A, V_out=1.0140 pu, I_out=451.0345 A, V_DT=0.9232 pu, P=151.4740 MW, Q=44.1799 MVar
[2026-05-08 00:34:19] [Bus 5] Command breaker ke RTU: CLOSE


[2026-05-08 00:34:23] [iter 45] [Bus 1] P/Q/CMD -> V_in=1.0290 pu, I_in=2013.8276 A, V_out=1.0290 pu, I_out=2013.8276 A, V_DT=1.0165 pu, P=686.3221 MW, Q=200.1773 MVar
[2026-05-08 00:34:23] [iter 45] [Bus 2] P/Q/CMD -> V_in=0.9520 pu, I_in=314.8621 A, V_out=0.9520 pu, I_out=314.8621 A, V_DT=1.0091 pu, P=117.8912 MW, Q=38.7490 MVar
[2026-05-08 00:34:23] [iter 45] [Bus 3] P/Q/CMD -> V_in=0.9820 pu, I_in=2195.3793 A, V_out=0.9820 pu, I_out=2195.3793 A, V_DT=0.9926 pu, P=721.4594 MW, Q=180.8148 MVar
[2026-05-08 00:34:23] [iter 45] [Bus 4] P/Q/CMD -> V_in=1.0460 pu, I_in=349.1379 A, V_out=1.0460 pu, I_out=349.1379 A, V_DT=0.9645 pu, P=136.1989 MW, Q=49.4336 MVar
[2026-05-08 00:34:23] [Bus 4] Command breaker ke RTU: CLOSE
[2026-05-08 00:34:23] [iter 45] [Bus 5] P/Q/CMD -> V_in=1.0140 pu, I_in=1842.0345 A, V_out=1.0140 pu, I_out=1842.0345 A, V_DT=0.9734 pu, P=618.6230 MW, Q=180.4317 MVar


[2026-05-08 00:34:27] [iter 46] [Bus 1] P/Q/CMD -> V_in=1.0480 pu, I_in=1836.7586 A, V_out=1.0480 pu, I_out=1836.7586 A, V_DT=1.0106 pu, P=637.5345 MW, Q=185.9476 MVar
[2026-05-08 00:34:27] [iter 46] [Bus 2] P/Q/CMD -> V_in=1.0430 pu, I_in=230.4138 A, V_out=1.0430 pu, I_out=230.4138 A, V_DT=1.0139 pu, P=94.5185 MW, Q=31.0667 MVar
[2026-05-08 00:34:27] [iter 46] [Bus 3] P/Q/CMD -> V_in=1.0470 pu, I_in=275.7586 A, V_out=1.0470 pu, I_out=275.7586 A, V_DT=0.9945 pu, P=96.6199 MW, Q=24.2152 MVar
[2026-05-08 00:34:27] [iter 46] [Bus 4] P/Q/CMD -> V_in=1.0460 pu, I_in=2151.6552 A, V_out=1.0460 pu, I_out=2151.6552 A, V_DT=0.9875 pu, P=839.3617 MW, Q=304.6476 MVar
[2026-05-08 00:34:27] [iter 46] [Bus 5] P/Q/CMD -> V_in=0.9600 pu, I_in=2137.3103 A, V_out=0.9600 pu, I_out=2137.3103 A, V_DT=0.9891 pu, P=679.5621 MW, Q=198.2056 MVar


[2026-05-08 00:34:31] [iter 47] [Bus 1] P/Q/CMD -> V_in=1.0220 pu, I_in=2195.5172 A, V_out=1.0220 pu, I_out=2195.5172 A, V_DT=1.0059 pu, P=743.1527 MW, Q=216.7529 MVar
[2026-05-08 00:34:31] [iter 47] [Bus 2] P/Q/CMD -> V_in=1.0100 pu, I_in=2092.6897 A, V_out=1.0100 pu, I_out=2092.6897 A, V_DT=1.0150 pu, P=831.2854 MW, Q=273.2303 MVar
[2026-05-08 00:34:31] [iter 47] [Bus 3] P/Q/CMD -> V_in=0.9880 pu, I_in=1990.9310 A, V_out=0.9880 pu, I_out=1990.9310 A, V_DT=0.9918 pu, P=658.2699 MW, Q=164.9780 MVar
[2026-05-08 00:34:31] [iter 47] [Bus 4] P/Q/CMD -> V_in=0.9750 pu, I_in=2072.6207 A, V_out=0.9750 pu, I_out=2072.6207 A, V_DT=0.9695 pu, P=753.6492 MW, Q=273.5381 MVar
[2026-05-08 00:34:31] [iter 47] [Bus 5] P/Q/CMD -> V_in=0.9500 pu, I_in=903.5862 A, V_out=0.9500 pu, I_out=903.5862 A, V_DT=0.9724 pu, P=284.3044 MW, Q=82.9221 MVar


[2026-05-08 00:34:35] [iter 48] [Bus 1] P/Q/CMD -> V_in=1.0020 pu, I_in=698.6207 A, V_out=1.0020 pu, I_out=698.6207 A, V_DT=0.9976 pu, P=231.8459 MW, Q=67.6217 MVar
[2026-05-08 00:34:35] [iter 48] [Bus 2] P/Q/CMD -> V_in=1.0240 pu, I_in=648.3793 A, V_out=1.0240 pu, I_out=648.3793 A, V_DT=0.9927 pu, P=261.1278 MW, Q=85.8285 MVar
[2026-05-08 00:34:35] [iter 48] [Bus 3] P/Q/CMD -> V_in=0.9860 pu, I_in=208.7586 A, V_out=0.9860 pu, I_out=208.7586 A, V_DT=0.9632 pu, P=68.8830 MW, Q=17.2637 MVar
[2026-05-08 00:34:35] [iter 48] [Bus 4] P/Q/CMD -> V_in=1.0160 pu, I_in=397.8621 A, V_out=1.0160 pu, I_out=397.8621 A, V_DT=0.9378 pu, P=150.7548 MW, Q=54.7167 MVar
[2026-05-08 00:34:35] [iter 48] [Bus 5] P/Q/CMD -> V_in=0.9810 pu, I_in=814.5517 A, V_out=0.9810 pu, I_out=814.5517 A, V_DT=0.9427 pu, P=264.6537 MW, Q=77.1907 MVar


[2026-05-08 00:34:39] [iter 49] [Bus 1] P/Q/CMD -> V_in=1.0200 pu, I_in=2013.1034 A, V_out=1.0200 pu, I_out=2013.1034 A, V_DT=1.0123 pu, P=680.0747 MW, Q=198.3551 MVar
[2026-05-08 00:34:39] [iter 49] [Bus 2] P/Q/CMD -> V_in=0.9800 pu, I_in=2105.1724 A, V_out=0.9800 pu, I_out=2105.1724 A, V_DT=1.0152 pu, P=811.4050 MW, Q=266.6959 MVar
[2026-05-08 00:34:39] [iter 49] [Bus 3] P/Q/CMD -> V_in=0.9900 pu, I_in=1896.9655 A, V_out=0.9900 pu, I_out=1896.9655 A, V_DT=1.0011 pu, P=628.4713 MW, Q=157.5098 MVar
[2026-05-08 00:34:39] [iter 49] [Bus 4] P/Q/CMD -> V_in=0.9620 pu, I_in=2088.6897 A, V_out=0.9620 pu, I_out=2088.6897 A, V_DT=0.9872 pu, P=749.3656 MW, Q=271.9834 MVar
[2026-05-08 00:34:39] [iter 49] [Bus 5] P/Q/CMD -> V_in=1.0440 pu, I_in=640.9655 A, V_out=1.0440 pu, I_out=640.9655 A, V_DT=0.9901 pu, P=221.6284 MW, Q=64.6416 MVar


[2026-05-08 00:34:43] [iter 50] [Bus 1] P/Q/CMD -> V_in=1.0200 pu, I_in=2122.9310 A, V_out=1.0200 pu, I_out=2122.9310 A, V_DT=1.0044 pu, P=717.1771 MW, Q=209.1766 MVar
[2026-05-08 00:34:43] [iter 50] [Bus 2] P/Q/CMD -> V_in=0.9800 pu, I_in=2192.4138 A, V_out=0.9800 pu, I_out=2192.4138 A, V_DT=0.9966 pu, P=845.0308 MW, Q=277.7482 MVar
[2026-05-08 00:34:43] [iter 50] [Bus 3] P/Q/CMD -> V_in=0.9900 pu, I_in=1833.5862 A, V_out=0.9900 pu, I_out=1833.5862 A, V_DT=0.9762 pu, P=607.4735 MW, Q=152.2472 MVar
[2026-05-08 00:34:43] [iter 50] [Bus 4] P/Q/CMD -> V_in=0.9620 pu, I_in=1940.4483 A, V_out=0.9620 pu, I_out=1940.4483 A, V_DT=0.9590 pu, P=696.1806 MW, Q=252.6798 MVar
[2026-05-08 00:34:43] [iter 50] [Bus 5] P/Q/CMD -> V_in=1.0440 pu, I_in=2072.2414 A, V_out=1.0440 pu, I_out=2072.2414 A, V_DT=0.9637 pu, P=716.5247 MW, Q=208.9864 MVar
