[DOS][INFO] target=10.0.2.2:5001 at=2026-05-17 01:22:14
\n===== DoS LIGHT 2026-05-17 01:22:14 =====
[DOS][LIGHT][UDP] start pps~500 duration=45s
HPING 10.0.2.2 (h5-eth0 10.0.2.2): udp mode set, 28 headers + 128 data bytes
status=0 port=1689 seq=0
status=0 port=1690 seq=1
status=0 port=1691 seq=2
status=0 port=1692 seq=3
status=0 port=1693 seq=4
status=0 port=1694 seq=5
status=0 port=3918 seq=2229
status=0 port=6194 seq=4505
status=0 port=8378 seq=6689
status=0 port=10415 seq=8726
status=0 port=12603 seq=10914
status=0 port=14797 seq=13108
status=0 port=16927 seq=15238
status=0 port=19108 seq=17419
status=0 port=21086 seq=19397
status=0 port=23177 seq=21488
status=0 port=25229 seq=23540
status=0 port=27113 seq=25424
status=0 port=29093 seq=27404
status=0 port=30745 seq=29056
status=0 port=32614 seq=30925
status=0 port=34631 seq=32942
status=0 port=36434 seq=34745
status=0 port=38325 seq=36636
status=0 port=40005 seq=38316
status=0 port=41706 seq=40017
status=0 port=43353 seq=41664
status=0 port=44909 seq=43220
status=0 port=46800 seq=45111
status=0 port=48539 seq=46850
status=0 port=50420 seq=48731
status=0 port=52639 seq=50950
status=0 port=54835 seq=53146
status=0 port=56903 seq=55214
status=0 port=58618 seq=56929
status=0 port=59597 seq=57908
status=0 port=61967 seq=60278
status=0 port=63601 seq=61912
status=0 port=65 seq=63912
status=0 port=1456 seq=65303
status=0 port=3729 seq=67576
status=0 port=5869 seq=69716
status=0 port=8107 seq=71954
status=0 port=10305 seq=74152
status=0 port=12654 seq=76501
status=0 port=14643 seq=78490
status=0 port=16688 seq=80535
status=0 port=18801 seq=82648
status=0 port=21049 seq=84896
status=0 port=23194 seq=87041
status=0 port=25244 seq=89091
status=0 port=27455 seq=91302
status=0 port=29777 seq=93624
status=0 port=31885 seq=95732
status=0 port=33835 seq=97682
status=0 port=35437 seq=99284
status=0 port=37273 seq=101120
status=0 port=39127 seq=102974
status=0 port=41021 seq=104868
status=0 port=42632 seq=106479
status=0 port=44460 seq=108307
status=0 port=46300 seq=110147
status=0 port=48196 seq=112043
status=0 port=50006 seq=113853
status=0 port=51881 seq=115728
status=0 port=53739 seq=117586
status=0 port=55489 seq=119336
status=0 port=57188 seq=121035
status=0 port=59105 seq=122952
status=0 port=60912 seq=124759
status=0 port=62610 seq=126457
status=0 port=64201 seq=128048
status=0 port=251 seq=129634
status=0 port=1893 seq=131276
status=0 port=3823 seq=133206
status=0 port=5703 seq=135086
status=0 port=7435 seq=136818
status=0 port=9220 seq=138603
status=0 port=11075 seq=140458
status=0 port=13006 seq=142389
status=0 port=14644 seq=144027
status=0 port=16420 seq=145803
status=0 port=18162 seq=147545
status=0 port=19908 seq=149291
status=0 port=21717 seq=151100
status=0 port=23567 seq=152950
status=0 port=25267 seq=154650
status=0 port=27045 seq=156428
status=0 port=28633 seq=158016
status=0 port=30292 seq=159675
status=0 port=31846 seq=161229
status=0 port=33527 seq=162910
status=0 port=35359 seq=164742
status=0 port=37147 seq=166530
status=0 port=38984 seq=168367
status=0 port=40684 seq=170067
status=0 port=42432 seq=171815
status=0 port=44140 seq=173523
status=0 port=45825 seq=175208
status=0 port=47528 seq=176911
status=0 port=49122 seq=178505
status=0 port=50698 seq=180081
status=0 port=52552 seq=181935
status=0 port=54312 seq=183695
status=0 port=56143 seq=185526
status=0 port=57748 seq=187131
status=0 port=59515 seq=188898
status=0 port=61376 seq=190759
status=0 port=63238 seq=192621
status=0 port=65099 seq=194482
status=0 port=1392 seq=196311
status=0 port=3129 seq=198048
status=0 port=4937 seq=199856
status=0 port=6834 seq=201753
status=0 port=8637 seq=203556
status=0 port=10402 seq=205321
status=0 port=12285 seq=207204
status=0 port=14173 seq=209092
status=0 port=16012 seq=210931
status=0 port=17887 seq=212806
status=0 port=19701 seq=214620
status=0 port=21610 seq=216529
status=0 port=23392 seq=218311
status=0 port=25085 seq=220004
status=0 port=26957 seq=221876
status=0 port=28820 seq=223739
status=0 port=30577 seq=225496
status=0 port=32329 seq=227248
status=0 port=34159 seq=229078
status=0 port=35884 seq=230803
status=0 port=37284 seq=0
status=0 port=39029 seq=0
status=0 port=40909 seq=0
status=0 port=42823 seq[DOS][INFO] target=10.0.2.2:5001 at=2026-05-17 01:26:02
\n===== DoS HEAVY 2026-05-17 01:26:02 =====
[DOS][HEAVY][UDP] start pps~3000 duration=60s

--- 10.0.2.2 hping statistic ---
422275 packets transmitted, 234 packets received, 100% packet loss
round-trip min/avg/max = 1.0/20.8/219.6 ms
=0
status=0 port=44724 seq=0
status=0 port=46684 seq=0
status=0 port=49638 seq=244557
status=0 port=50919 seq=245838
status=0 port=52658 seq=247577
status=0 port=54464 seq=249383
status=0 port=56255 seq=251174
status=0 port=58129 seq=0
status=0 port=60002 seq=0
status=0 port=61866 seq=0
status=0 port=63859 seq=258778
status=0 port=65420 seq=260339
status=0 port=1595 seq=262050
status=0 port=3470 seq=0
status=0 port=5567 seq=0
status=0 port=7476 seq=0
status=0 port=9456 seq=0
status=0 port=12200 seq=272655
status=0 port=14065 seq=274520
status=0 port=15569 seq=276024
status=0 port=17504 seq=277959
status=0 port=19570 seq=280025
status=0 port=21450 seq=281905
status=0 port=23402 seq=283857
status=0 port=25179 seq=285634
status=0 port=26899 seq=287354
status=0 port=28449 seq=288904
status=0 port=30358 seq=290813
status=0 port=32408 seq=292863
status=0 port=34343 seq=294798
status=0 port=36282 seq=296737
status=0 port=38098 seq=298553
status=0 port=39948 seq=300403
status=0 port=41855 seq=302310
status=0 port=43864 seq=304319
status=0 port=45830 seq=306285
status=0 port=47920 seq=308375
status=0 port=49870 seq=310325
status=0 port=51815 seq=312270
status=0 port=53745 seq=314200
status=0 port=55255 seq=315710
status=0 port=57172 seq=317627
status=0 port=59083 seq=319538
status=0 port=60861 seq=321316
status=0 port=62645 seq=323100
status=0 port=64504 seq=324959
status=0 port=807 seq=326798
status=0 port=2533 seq=328524
status=0 port=4394 seq=330385
status=0 port=6177 seq=332168
status=0 port=7855 seq=333846
status=0 port=9663 seq=335654
status=0 port=11378 seq=337369
status=0 port=13163 seq=339154
status=0 port=15026 seq=341017
status=0 port=16819 seq=342810
status=0 port=18737 seq=344728
status=0 port=20494 seq=346485
status=0 port=22376 seq=348367
status=0 port=24175 seq=350166
status=0 port=25998 seq=351989
status=0 port=27798 seq=353789
status=0 port=29574 seq=355565
status=0 port=31402 seq=357393
status=0 port=33209 seq=359200
status=0 port=34975 seq=360966
status=0 port=36737 seq=362728
status=0 port=38613 seq=364604
status=0 port=40440 seq=366431
status=0 port=42094 seq=368085
status=0 port=43933 seq=369924
status=0 port=45794 seq=371785
status=0 port=47734 seq=373725
status=0 port=49555 seq=375546
status=0 port=51250 seq=377241
status=0 port=52977 seq=378968
status=0 port=54788 seq=380779
status=0 port=56470 seq=382461
status=0 port=58297 seq=384288
status=0 port=60056 seq=386047
status=0 port=61865 seq=387856
status=0 port=63742 seq=389733
status=0 port=36 seq=391563
status=0 port=1825 seq=393352
status=0 port=3598 seq=395125
status=0 port=5445 seq=396972
status=0 port=7365 seq=398892
status=0 port=9165 seq=400692
status=0 port=10918 seq=402445
status=0 port=12627 seq=404154
status=0 port=14384 seq=405911
status=0 port=16072 seq=407599
status=0 port=17801 seq=409328
status=0 port=19593 seq=411120
status=0 port=21328 seq=412855
status=0 port=23219 seq=414746
status=0 port=25041 seq=416568
status=0 port=26855 seq=418382
status=0 port=28642 seq=420169
status=0 port=30414 seq=421941
hping in flood mode, no replies will be shown

--- 10.0.2.2 hping statistic ---
704113 packets transmitted, 0 packets received, 100% packet loss
round-trip min/avg/max = 0.0/0.0/0.0 ms
HPING 10.0.2.2 (h5-eth0 10.0.2.2): udp mode set, 28 headers + 128 data bytes
