Memulai Server OPC UA
Endpoints other than open requested but private key and certificate are not set.
Listening on 10.0.2.2:4840


[2026-02-26 14:34:12] [Bus 1] Data V/I/breaker berhasil update
[2026-02-26 14:34:12] [Bus 2] Data V/I/breaker berhasil update
[2026-02-26 14:34:12] [Bus 3] Data V/I/breaker berhasil update
[2026-02-26 14:34:12] [Bus 4] Data V/I/breaker berhasil update
[2026-02-26 14:34:12] [Bus 5] Data V/I/breaker berhasil update


[2026-02-26 14:34:16] [Bus 1] Data V/I/breaker berhasil update
[2026-02-26 14:34:16] [Bus 1] Status breaker diperbarui ke: OPEN
[2026-02-26 14:34:16] [Bus 2] Data V/I/breaker berhasil update
[2026-02-26 14:34:16] [Bus 2] Status breaker diperbarui ke: OPEN
[2026-02-26 14:34:16] [Bus 3] Data V/I/breaker berhasil update
[2026-02-26 14:34:16] [Bus 3] Status breaker diperbarui ke: OPEN
[2026-02-26 14:34:16] [Bus 4] Data V/I/breaker berhasil update
[2026-02-26 14:34:16] [Bus 5] Data V/I/breaker berhasil update


[2026-02-26 14:34:20] [Bus 1] Data V/I/breaker berhasil update
[2026-02-26 14:34:20] [Bus 1] Status breaker diperbarui ke: CLOSE
[2026-02-26 14:34:20] [Bus 2] Data V/I/breaker berhasil update
[2026-02-26 14:34:20] [Bus 3] Data V/I/breaker berhasil update
[2026-02-26 14:34:20] [Bus 3] Status breaker diperbarui ke: CLOSE
[2026-02-26 14:34:20] [Bus 4] Data V/I/breaker berhasil update
[2026-02-26 14:34:20] [Bus 5] Data V/I/breaker berhasil update


[2026-02-26 14:34:24] [Bus 1] Data V/I/breaker berhasil update
[2026-02-26 14:34:24] [Bus 1] Status breaker diperbarui ke: OPEN
[2026-02-26 14:34:24] [Bus 2] Data V/I/breaker berhasil update
[2026-02-26 14:34:24] [Bus 3] Data V/I/breaker berhasil update
[2026-02-26 14:34:24] [Bus 3] Status breaker diperbarui ke: OPEN
[2026-02-26 14:34:24] [Bus 4] Data V/I/breaker berhasil update
[2026-02-26 14:34:24] [Bus 5] Data V/I/breaker berhasil update


[2026-02-26 14:34:28] [Bus 1] Data V/I/breaker berhasil update
[2026-02-26 14:34:28] [Bus 1] Status breaker diperbarui ke: CLOSE
[2026-02-26 14:34:28] [Bus 2] Data V/I/breaker berhasil update
[2026-02-26 14:34:28] [Bus 3] Data V/I/breaker berhasil update
[2026-02-26 14:34:28] [Bus 3] Status breaker diperbarui ke: CLOSE
[2026-02-26 14:34:28] [Bus 4] Data V/I/breaker berhasil update
[2026-02-26 14:34:28] [Bus 5] Data V/I/breaker berhasil update


[2026-02-26 14:34:32] [Bus 1] Data V/I/breaker berhasil update
[2026-02-26 14:34:32] [Bus 1] Status breaker diperbarui ke: OPEN
[2026-02-26 14:34:32] [Bus 2] Data V/I/breaker berhasil update
[2026-02-26 14:34:32] [Bus 3] Data V/I/breaker berhasil update
[2026-02-26 14:34:32] [Bus 3] Status breaker diperbarui ke: OPEN
[2026-02-26 14:34:32] [Bus 4] Data V/I/breaker berhasil update
[2026-02-26 14:34:32] [Bus 5] Data V/I/breaker berhasil update


[2026-02-26 14:34:36] [Bus 1] Data V/I/breaker berhasil update
[2026-02-26 14:34:36] [Bus 1] Status breaker diperbarui ke: CLOSE
[2026-02-26 14:34:36] [Bus 2] Data V/I/breaker berhasil update
[2026-02-26 14:34:36] [Bus 3] Data V/I/breaker berhasil update
[2026-02-26 14:34:36] [Bus 3] Status breaker diperbarui ke: CLOSE
[2026-02-26 14:34:36] [Bus 4] Data V/I/breaker berhasil update
[2026-02-26 14:34:36] [Bus 5] Data V/I/breaker berhasil update


[2026-02-26 14:34:40] [Bus 1] Data V/I/breaker berhasil update
[2026-02-26 14:34:40] [Bus 1] Status breaker diperbarui ke: OPEN
[2026-02-26 14:34:40] [Bus 2] Data V/I/breaker berhasil update
[2026-02-26 14:34:40] [Bus 3] Data V/I/breaker berhasil update
[2026-02-26 14:34:40] [Bus 3] Status breaker diperbarui ke: OPEN
[2026-02-26 14:34:40] [Bus 4] Data V/I/breaker berhasil update
[2026-02-26 14:34:40] [Bus 5] Data V/I/breaker berhasil update


[2026-02-26 14:34:44] [Bus 1] Data V/I/breaker berhasil update
[2026-02-26 14:34:44] [Bus 1] Status breaker diperbarui ke: CLOSE
[2026-02-26 14:34:44] [Bus 2] Data V/I/breaker berhasil update
[2026-02-26 14:34:44] [Bus 3] Data V/I/breaker berhasil update
[2026-02-26 14:34:44] [Bus 3] Status breaker diperbarui ke: CLOSE
[2026-02-26 14:34:44] [Bus 4] Data V/I/breaker berhasil update
[2026-02-26 14:34:44] [Bus 5] Data V/I/breaker berhasil update


[2026-02-26 14:34:48] [Bus 1] Data V/I/breaker berhasil update
[2026-02-26 14:34:48] [Bus 1] Status breaker diperbarui ke: OPEN
[2026-02-26 14:34:48] [Bus 2] Data V/I/breaker berhasil update
[2026-02-26 14:34:48] [Bus 3] Data V/I/breaker berhasil update
[2026-02-26 14:34:48] [Bus 3] Status breaker diperbarui ke: OPEN
[2026-02-26 14:34:48] [Bus 4] Data V/I/breaker berhasil update
[2026-02-26 14:34:48] [Bus 5] Data V/I/breaker berhasil update


[2026-02-26 14:34:52] [Bus 1] Data V/I/breaker berhasil update
[2026-02-26 14:34:52] [Bus 1] Status breaker diperbarui ke: CLOSE
[2026-02-26 14:34:52] [Bus 2] Data V/I/breaker berhasil update
[2026-02-26 14:34:52] [Bus 3] Data V/I/breaker berhasil update
[2026-02-26 14:34:52] [Bus 3] Status breaker diperbarui ke: CLOSE
[2026-02-26 14:34:52] [Bus 4] Data V/I/breaker berhasil update
[2026-02-26 14:34:52] [Bus 5] Data V/I/breaker berhasil update


[2026-02-26 14:34:56] [Bus 1] Data V/I/breaker berhasil update
[2026-02-26 14:34:56] [Bus 1] Status breaker diperbarui ke: OPEN
[2026-02-26 14:34:56] [Bus 2] Data V/I/breaker berhasil update
[2026-02-26 14:34:56] [Bus 3] Data V/I/breaker berhasil update
[2026-02-26 14:34:56] [Bus 3] Status breaker diperbarui ke: OPEN
[2026-02-26 14:34:56] [Bus 4] Data V/I/breaker berhasil update
[2026-02-26 14:34:56] [Bus 5] Data V/I/breaker berhasil update


[2026-02-26 14:35:00] [Bus 1] Data V/I/breaker berhasil update
[2026-02-26 14:35:00] [Bus 1] Status breaker diperbarui ke: CLOSE
[2026-02-26 14:35:00] [Bus 2] Data V/I/breaker berhasil update
[2026-02-26 14:35:00] [Bus 3] Data V/I/breaker berhasil update
[2026-02-26 14:35:00] [Bus 3] Status breaker diperbarui ke: CLOSE
[2026-02-26 14:35:00] [Bus 4] Data V/I/breaker berhasil update
[2026-02-26 14:35:00] [Bus 5] Data V/I/breaker berhasil update


[2026-02-26 14:35:04] [Bus 1] Data V/I/breaker berhasil update
[2026-02-26 14:35:04] [Bus 1] Status breaker diperbarui ke: OPEN
[2026-02-26 14:35:04] [Bus 2] Data V/I/breaker berhasil update
[2026-02-26 14:35:04] [Bus 3] Data V/I/breaker berhasil update
[2026-02-26 14:35:04] [Bus 3] Status breaker diperbarui ke: OPEN
[2026-02-26 14:35:04] [Bus 4] Data V/I/breaker berhasil update
[2026-02-26 14:35:04] [Bus 5] Data V/I/breaker berhasil update


[2026-02-26 14:35:08] [Bus 1] Data V/I/breaker berhasil update
[2026-02-26 14:35:08] [Bus 1] Status breaker diperbarui ke: CLOSE
[2026-02-26 14:35:08] [Bus 2] Data V/I/breaker berhasil update
[2026-02-26 14:35:08] [Bus 3] Data V/I/breaker berhasil update
[2026-02-26 14:35:08] [Bus 3] Status breaker diperbarui ke: CLOSE
[2026-02-26 14:35:08] [Bus 4] Data V/I/breaker berhasil update
[2026-02-26 14:35:08] [Bus 5] Data V/I/breaker berhasil update


[2026-02-26 14:35:12] [Bus 1] Data V/I/breaker berhasil update
[2026-02-26 14:35:12] [Bus 1] Status breaker diperbarui ke: OPEN
[2026-02-26 14:35:12] [Bus 2] Data V/I/breaker berhasil update
[2026-02-26 14:35:12] [Bus 3] Data V/I/breaker berhasil update
[2026-02-26 14:35:12] [Bus 3] Status breaker diperbarui ke: OPEN
[2026-02-26 14:35:12] [Bus 4] Data V/I/breaker berhasil update
[2026-02-26 14:35:12] [Bus 5] Data V/I/breaker berhasil update


[2026-02-26 14:35:16] [Bus 1] Data V/I/breaker berhasil update
[2026-02-26 14:35:16] [Bus 1] Status breaker diperbarui ke: CLOSE
[2026-02-26 14:35:16] [Bus 2] Data V/I/breaker berhasil update
[2026-02-26 14:35:16] [Bus 3] Data V/I/breaker berhasil update
[2026-02-26 14:35:16] [Bus 3] Status breaker diperbarui ke: CLOSE
[2026-02-26 14:35:16] [Bus 4] Data V/I/breaker berhasil update
[2026-02-26 14:35:16] [Bus 5] Data V/I/breaker berhasil update


[2026-02-26 14:35:20] [Bus 1] Data V/I/breaker berhasil update
[2026-02-26 14:35:20] [Bus 1] Status breaker diperbarui ke: OPEN
[2026-02-26 14:35:20] [Bus 2] Data V/I/breaker berhasil update
[2026-02-26 14:35:20] [Bus 3] Data V/I/breaker berhasil update
[2026-02-26 14:35:20] [Bus 3] Status breaker diperbarui ke: OPEN
[2026-02-26 14:35:20] [Bus 4] Data V/I/breaker berhasil update
[2026-02-26 14:35:20] [Bus 5] Data V/I/breaker berhasil update


[2026-02-26 14:35:24] [Bus 1] Data V/I/breaker berhasil update
[2026-02-26 14:35:24] [Bus 1] Status breaker diperbarui ke: CLOSE
[2026-02-26 14:35:24] [Bus 2] Data V/I/breaker berhasil update
[2026-02-26 14:35:24] [Bus 3] Data V/I/breaker berhasil update
[2026-02-26 14:35:24] [Bus 3] Status breaker diperbarui ke: CLOSE
[2026-02-26 14:35:24] [Bus 4] Data V/I/breaker berhasil update
[2026-02-26 14:35:24] [Bus 5] Data V/I/breaker berhasil update


[2026-02-26 14:35:28] [Bus 1] Data V/I/breaker berhasil update
[2026-02-26 14:35:28] [Bus 1] Status breaker diperbarui ke: OPEN
[2026-02-26 14:35:28] [Bus 2] Data V/I/breaker berhasil update
[2026-02-26 14:35:28] [Bus 3] Data V/I/breaker berhasil update
[2026-02-26 14:35:28] [Bus 3] Status breaker diperbarui ke: OPEN
[2026-02-26 14:35:28] [Bus 4] Data V/I/breaker berhasil update
[2026-02-26 14:35:28] [Bus 5] Data V/I/breaker berhasil update


[2026-02-26 14:35:32] [Bus 1] Data V/I/breaker berhasil update
[2026-02-26 14:35:32] [Bus 1] Status breaker diperbarui ke: CLOSE
[2026-02-26 14:35:32] [Bus 2] Data V/I/breaker berhasil update
[2026-02-26 14:35:32] [Bus 3] Data V/I/breaker berhasil update
[2026-02-26 14:35:32] [Bus 3] Status breaker diperbarui ke: CLOSE
[2026-02-26 14:35:32] [Bus 4] Data V/I/breaker berhasil update
[2026-02-26 14:35:32] [Bus 5] Data V/I/breaker berhasil update
