Namespace index: 2
numba cannot be imported and numba functions are disabled.
Probably the execution is slow.
Please install numba to gain a massive speedup.
(or if you prefer slow execution, set the flag numba=False to avoid this warning!)

 2026-02-26 14:34:15
Load flow sukses. Voltage snapshot: [1.03891123 1.04984392 1.03419494 1.0078293  1.00980676]
Bus 1: breaker OPEN (line 0)
Bus 2: breaker OPEN (line 1)
Bus 3: breaker OPEN (line 2)
Bus 4: breaker CLOSE (line 3)
Bus 5: breaker CLOSE (line 4)
numba cannot be imported and numba functions are disabled.
Probably the execution is slow.
Please install numba to gain a massive speedup.
(or if you prefer slow execution, set the flag numba=False to avoid this warning!)

 2026-02-26 14:34:19
Load flow sukses. Voltage snapshot: [       nan 1.06396737 0.99387704 0.98411308 0.99349488]
Bus 1: breaker CLOSE (line 0)
Bus 2: breaker OPEN (line 1)
Bus 3: breaker CLOSE (line 2)
Bus 4: breaker CLOSE (line 3)
Bus 5: breaker CLOSE (line 4)
numba cannot be imported and numba functions are disabled.
Probably the execution is slow.
Please install numba to gain a massive speedup.
(or if you prefer slow execution, set the flag numba=False to avoid this warning!)

 2026-02-26 14:34:23
Load flow sukses. Voltage snapshot: [1.04412117 1.05049486 1.03286223 1.00566701 1.00738324]
Bus 1: breaker OPEN (line 0)
Bus 2: breaker OPEN (line 1)
Bus 3: breaker OPEN (line 2)
Bus 4: breaker CLOSE (line 3)
Bus 5: breaker CLOSE (line 4)
numba cannot be imported and numba functions are disabled.
Probably the execution is slow.
Please install numba to gain a massive speedup.
(or if you prefer slow execution, set the flag numba=False to avoid this warning!)

 2026-02-26 14:34:27
Load flow sukses. Voltage snapshot: [       nan 1.06396754 0.99388097 0.9841148  0.99349591]
Bus 1: breaker CLOSE (line 0)
Bus 2: breaker OPEN (line 1)
Bus 3: breaker CLOSE (line 2)
Bus 4: breaker CLOSE (line 3)
Bus 5: breaker CLOSE (line 4)
numba cannot be imported and numba functions are disabled.
Probably the execution is slow.
Please install numba to gain a massive speedup.
(or if you prefer slow execution, set the flag numba=False to avoid this warning!)

 2026-02-26 14:34:31
Load flow sukses. Voltage snapshot: [1.04412453 1.0504981  1.0328692  1.00566998 1.00738514]
Bus 1: breaker OPEN (line 0)
Bus 2: breaker OPEN (line 1)
Bus 3: breaker OPEN (line 2)
Bus 4: breaker CLOSE (line 3)
Bus 5: breaker CLOSE (line 4)
numba cannot be imported and numba functions are disabled.
Probably the execution is slow.
Please install numba to gain a massive speedup.
(or if you prefer slow execution, set the flag numba=False to avoid this warning!)

 2026-02-26 14:34:35
Load flow sukses. Voltage snapshot: [       nan 1.06396744 0.99387866 0.98411379 0.9934953 ]
Bus 1: breaker CLOSE (line 0)
Bus 2: breaker OPEN (line 1)
Bus 3: breaker CLOSE (line 2)
Bus 4: breaker CLOSE (line 3)
Bus 5: breaker CLOSE (line 4)
numba cannot be imported and numba functions are disabled.
Probably the execution is slow.
Please install numba to gain a massive speedup.
(or if you prefer slow execution, set the flag numba=False to avoid this warning!)

 2026-02-26 14:34:39
Load flow sukses. Voltage snapshot: [1.04412385 1.05049744 1.03286779 1.00566938 1.00738476]
Bus 1: breaker OPEN (line 0)
Bus 2: breaker OPEN (line 1)
Bus 3: breaker OPEN (line 2)
Bus 4: breaker CLOSE (line 3)
Bus 5: breaker CLOSE (line 4)
numba cannot be imported and numba functions are disabled.
Probably the execution is slow.
Please install numba to gain a massive speedup.
(or if you prefer slow execution, set the flag numba=False to avoid this warning!)

 2026-02-26 14:34:43
Load flow sukses. Voltage snapshot: [       nan 1.06396803 0.99389264 0.98411994 0.99349898]
Bus 1: breaker CLOSE (line 0)
Bus 2: breaker OPEN (line 1)
Bus 3: breaker CLOSE (line 2)
Bus 4: breaker CLOSE (line 3)
Bus 5: breaker CLOSE (line 4)
numba cannot be imported and numba functions are disabled.
Probably the execution is slow.
Please install numba to gain a massive speedup.
(or if you prefer slow execution, set the flag numba=False to avoid this warning!)

 2026-02-26 14:34:47
Load flow sukses. Voltage snapshot: [1.04412424 1.05049782 1.03286861 1.00566973 1.00738498]
Bus 1: breaker OPEN (line 0)
Bus 2: breaker OPEN (line 1)
Bus 3: breaker OPEN (line 2)
Bus 4: breaker CLOSE (line 3)
Bus 5: breaker CLOSE (line 4)
numba cannot be imported and numba functions are disabled.
Probably the execution is slow.
Please install numba to gain a massive speedup.
(or if you prefer slow execution, set the flag numba=False to avoid this warning!)

 2026-02-26 14:34:51
Load flow sukses. Voltage snapshot: [       nan 1.06396821 0.99389688 0.98412181 0.99350009]
Bus 1: breaker CLOSE (line 0)
Bus 2: breaker OPEN (line 1)
Bus 3: breaker CLOSE (line 2)
Bus 4: breaker CLOSE (line 3)
Bus 5: breaker CLOSE (line 4)
numba cannot be imported and numba functions are disabled.
Probably the execution is slow.
Please install numba to gain a massive speedup.
(or if you prefer slow execution, set the flag numba=False to avoid this warning!)

 2026-02-26 14:34:55
Load flow sukses. Voltage snapshot: [1.04412184 1.05049551 1.03286364 1.00566761 1.00738363]
Bus 1: breaker OPEN (line 0)
Bus 2: breaker OPEN (line 1)
Bus 3: breaker OPEN (line 2)
Bus 4: breaker CLOSE (line 3)
Bus 5: breaker CLOSE (line 4)
numba cannot be imported and numba functions are disabled.
Probably the execution is slow.
Please install numba to gain a massive speedup.
(or if you prefer slow execution, set the flag numba=False to avoid this warning!)

 2026-02-26 14:34:59
Load flow sukses. Voltage snapshot: [       nan 1.06396821 0.993897   0.98412186 0.99350012]
Bus 1: breaker CLOSE (line 0)
Bus 2: breaker OPEN (line 1)
Bus 3: breaker CLOSE (line 2)
Bus 4: breaker CLOSE (line 3)
Bus 5: breaker CLOSE (line 4)
numba cannot be imported and numba functions are disabled.
Probably the execution is slow.
Please install numba to gain a massive speedup.
(or if you prefer slow execution, set the flag numba=False to avoid this warning!)

 2026-02-26 14:35:03
Load flow sukses. Voltage snapshot: [1.04412263 1.05049627 1.03286527 1.00566831 1.00738407]
Bus 1: breaker OPEN (line 0)
Bus 2: breaker OPEN (line 1)
Bus 3: breaker OPEN (line 2)
Bus 4: breaker CLOSE (line 3)
Bus 5: breaker CLOSE (line 4)
numba cannot be imported and numba functions are disabled.
Probably the execution is slow.
Please install numba to gain a massive speedup.
(or if you prefer slow execution, set the flag numba=False to avoid this warning!)

 2026-02-26 14:35:07
Load flow sukses. Voltage snapshot: [       nan 1.06396777 0.99388653 0.98411725 0.99349737]
Bus 1: breaker CLOSE (line 0)
Bus 2: breaker OPEN (line 1)
Bus 3: breaker CLOSE (line 2)
Bus 4: breaker CLOSE (line 3)
Bus 5: breaker CLOSE (line 4)
numba cannot be imported and numba functions are disabled.
Probably the execution is slow.
Please install numba to gain a massive speedup.
(or if you prefer slow execution, set the flag numba=False to avoid this warning!)

 2026-02-26 14:35:11
Load flow sukses. Voltage snapshot: [1.04412247 1.05049611 1.03286494 1.00566816 1.00738398]
Bus 1: breaker OPEN (line 0)
Bus 2: breaker OPEN (line 1)
Bus 3: breaker OPEN (line 2)
Bus 4: breaker CLOSE (line 3)
Bus 5: breaker CLOSE (line 4)
numba cannot be imported and numba functions are disabled.
Probably the execution is slow.
Please install numba to gain a massive speedup.
(or if you prefer slow execution, set the flag numba=False to avoid this warning!)

 2026-02-26 14:35:15
Load flow sukses. Voltage snapshot: [       nan 1.0639675  0.99388011 0.98411443 0.99349568]
Bus 1: breaker CLOSE (line 0)
Bus 2: breaker OPEN (line 1)
Bus 3: breaker CLOSE (line 2)
Bus 4: breaker CLOSE (line 3)
Bus 5: breaker CLOSE (line 4)
numba cannot be imported and numba functions are disabled.
Probably the execution is slow.
Please install numba to gain a massive speedup.
(or if you prefer slow execution, set the flag numba=False to avoid this warning!)

 2026-02-26 14:35:20
Load flow sukses. Voltage snapshot: [1.04412505 1.0504986  1.03287028 1.00567045 1.00738544]
Bus 1: breaker OPEN (line 0)
Bus 2: breaker OPEN (line 1)
Bus 3: breaker OPEN (line 2)
Bus 4: breaker CLOSE (line 3)
Bus 5: breaker CLOSE (line 4)
numba cannot be imported and numba functions are disabled.
Probably the execution is slow.
Please install numba to gain a massive speedup.
(or if you prefer slow execution, set the flag numba=False to avoid this warning!)

 2026-02-26 14:35:24
Load flow sukses. Voltage snapshot: [       nan 1.06396748 0.99387954 0.98411417 0.99349553]
Bus 1: breaker CLOSE (line 0)
Bus 2: breaker OPEN (line 1)
Bus 3: breaker CLOSE (line 2)
Bus 4: breaker CLOSE (line 3)
Bus 5: breaker CLOSE (line 4)
numba cannot be imported and numba functions are disabled.
Probably the execution is slow.
Please install numba to gain a massive speedup.
(or if you prefer slow execution, set the flag numba=False to avoid this warning!)

 2026-02-26 14:35:28
Load flow sukses. Voltage snapshot: [1.04412079 1.05049449 1.03286145 1.00566668 1.00738303]
Bus 1: breaker OPEN (line 0)
Bus 2: breaker OPEN (line 1)
Bus 3: breaker OPEN (line 2)
Bus 4: breaker CLOSE (line 3)
Bus 5: breaker CLOSE (line 4)
numba cannot be imported and numba functions are disabled.
Probably the execution is slow.
Please install numba to gain a massive speedup.
(or if you prefer slow execution, set the flag numba=False to avoid this warning!)

 2026-02-26 14:35:32
Load flow sukses. Voltage snapshot: [       nan 1.06396804 0.99389295 0.98412008 0.99349906]
Bus 1: breaker CLOSE (line 0)
Bus 2: breaker OPEN (line 1)
Bus 3: breaker CLOSE (line 2)
Bus 4: breaker CLOSE (line 3)
Bus 5: breaker CLOSE (line 4)
