Namespace index: 2
Field bus -> Pandapower bus mapping: {1: 0, 2: 2, 3: 3, 4: 6, 5: 7}
Unique bus->line mapping: {1: 0, 2: 2, 3: 4, 4: 10, 5: 9}
numba cannot be imported and numba functions are disabled.
Probably the execution is slow.
Please install numba to gain a massive speedup.
(or if you prefer slow execution, set the flag numba=False to avoid this warning!)

 2026-05-05 15:36:58
Load flow sukses. Voltage snapshot (pu): [1.04628003 1.05506802 1.04438745 1.03751272 1.03944784]
Bus 1: breaker CLOSE (line 0) | I_line=0.2824 kA, I_close=0.9539 kA
Bus 2: breaker CLOSE (line 2) | I_line=0.4985 kA, I_close=0.7949 kA
Bus 3: breaker CLOSE (line 4) | I_line=0.2711 kA, I_close=0.7949 kA
Bus 4: breaker CLOSE (line 10) | I_line=0.1187 kA, I_close=1.4308 kA
Bus 5: breaker CLOSE (line 9) | I_line=0.1157 kA, I_close=1.4308 kA
numba cannot be imported and numba functions are disabled.
Probably the execution is slow.
Please install numba to gain a massive speedup.
(or if you prefer slow execution, set the flag numba=False to avoid this warning!)

 2026-05-05 15:37:03
Load flow sukses. Voltage snapshot (pu): [1.04358751 1.05458067 1.04435196 1.03752878 1.03903979]
Bus 1: breaker CLOSE (line 0) | I_line=0.3229 kA, I_close=0.9539 kA
Bus 2: breaker CLOSE (line 2) | I_line=0.4661 kA, I_close=0.7949 kA
Bus 3: breaker CLOSE (line 4) | I_line=0.2466 kA, I_close=0.7949 kA
Bus 4: breaker CLOSE (line 10) | I_line=0.1812 kA, I_close=1.4308 kA
Bus 5: breaker CLOSE (line 9) | I_line=0.1489 kA, I_close=1.4308 kA
numba cannot be imported and numba functions are disabled.
Probably the execution is slow.
Please install numba to gain a massive speedup.
(or if you prefer slow execution, set the flag numba=False to avoid this warning!)

 2026-05-05 15:37:07
Load flow sukses. Voltage snapshot (pu): [1.04071606 1.05421675 1.04476163 1.03830621 1.03923411]
Bus 1: breaker CLOSE (line 0) | I_line=0.3681 kA, I_close=0.9539 kA
Bus 2: breaker CLOSE (line 2) | I_line=0.4289 kA, I_close=0.7949 kA
Bus 3: breaker CLOSE (line 4) | I_line=0.2217 kA, I_close=0.7949 kA
Bus 4: breaker CLOSE (line 10) | I_line=0.2171 kA, I_close=1.4308 kA
Bus 5: breaker CLOSE (line 9) | I_line=0.1927 kA, I_close=1.4308 kA
numba cannot be imported and numba functions are disabled.
Probably the execution is slow.
Please install numba to gain a massive speedup.
(or if you prefer slow execution, set the flag numba=False to avoid this warning!)

 2026-05-05 15:37:11
Load flow sukses. Voltage snapshot (pu): [1.03879801 1.05394529 1.04498482 1.03875594 1.039293  ]
Bus 1: breaker CLOSE (line 0) | I_line=0.3977 kA, I_close=0.9539 kA
Bus 2: breaker CLOSE (line 2) | I_line=0.4047 kA, I_close=0.7949 kA
Bus 3: breaker CLOSE (line 4) | I_line=0.2056 kA, I_close=0.7949 kA
Bus 4: breaker CLOSE (line 10) | I_line=0.2406 kA, I_close=1.4308 kA
Bus 5: breaker CLOSE (line 9) | I_line=0.2220 kA, I_close=1.4308 kA
numba cannot be imported and numba functions are disabled.
Probably the execution is slow.
Please install numba to gain a massive speedup.
(or if you prefer slow execution, set the flag numba=False to avoid this warning!)

 2026-05-05 15:37:15
Load flow sukses. Voltage snapshot (pu): [1.0369781  1.05208416 1.04102392 1.03647763 1.03762574]
Bus 1: breaker CLOSE (line 0) | I_line=0.4007 kA, I_close=0.9539 kA
Bus 2: breaker CLOSE (line 2) | I_line=0.4167 kA, I_close=0.7949 kA
Bus 3: breaker CLOSE (line 4) | I_line=0.1124 kA, I_close=0.7949 kA
Bus 4: breaker CLOSE (line 10) | I_line=0.3314 kA, I_close=1.4308 kA
Bus 5: breaker CLOSE (line 9) | I_line=0.2685 kA, I_close=1.4308 kA
numba cannot be imported and numba functions are disabled.
Probably the execution is slow.
Please install numba to gain a massive speedup.
(or if you prefer slow execution, set the flag numba=False to avoid this warning!)

 2026-05-05 15:37:19
Load flow sukses. Voltage snapshot (pu): [1.04013602 1.05314001 1.04227354 1.03741181 1.03786336]
Bus 1: breaker CLOSE (line 0) | I_line=0.3648 kA, I_close=0.9539 kA
Bus 2: breaker CLOSE (line 2) | I_line=0.4406 kA, I_close=0.7949 kA
Bus 3: breaker CLOSE (line 4) | I_line=0.1522 kA, I_close=0.7949 kA
Bus 4: breaker CLOSE (line 10) | I_line=0.2949 kA, I_close=1.4308 kA
Bus 5: breaker CLOSE (line 9) | I_line=0.2474 kA, I_close=1.4308 kA
numba cannot be imported and numba functions are disabled.
Probably the execution is slow.
Please install numba to gain a massive speedup.
(or if you prefer slow execution, set the flag numba=False to avoid this warning!)

 2026-05-05 15:37:24
Load flow sukses. Voltage snapshot (pu): [1.04086147 1.0521566  1.03939319 1.03524361 1.03624164]
Bus 1: breaker CLOSE (line 0) | I_line=0.3383 kA, I_close=0.9539 kA
Bus 2: breaker CLOSE (line 2) | I_line=0.4718 kA, I_close=0.7949 kA
Bus 3: breaker CLOSE (line 4) | I_line=0.1087 kA, I_close=0.7949 kA
Bus 4: breaker CLOSE (line 10) | I_line=0.3461 kA, I_close=1.4308 kA
Bus 5: breaker CLOSE (line 9) | I_line=0.2626 kA, I_close=1.4308 kA
numba cannot be imported and numba functions are disabled.
Probably the execution is slow.
Please install numba to gain a massive speedup.
(or if you prefer slow execution, set the flag numba=False to avoid this warning!)

 2026-05-05 15:37:28
Load flow sukses. Voltage snapshot (pu): [1.03911619 1.05171891 1.03903793 1.03547204 1.03769537]
Bus 1: breaker CLOSE (line 0) | I_line=0.3562 kA, I_close=0.9539 kA
Bus 2: breaker CLOSE (line 2) | I_line=0.4597 kA, I_close=0.7949 kA
Bus 3: breaker CLOSE (line 4) | I_line=0.0875 kA, I_close=0.7949 kA
Bus 4: breaker CLOSE (line 10) | I_line=0.3082 kA, I_close=1.4308 kA
Bus 5: breaker CLOSE (line 9) | I_line=0.2395 kA, I_close=1.4308 kA
numba cannot be imported and numba functions are disabled.
Probably the execution is slow.
Please install numba to gain a massive speedup.
(or if you prefer slow execution, set the flag numba=False to avoid this warning!)

 2026-05-05 15:37:32
Load flow sukses. Voltage snapshot (pu): [1.03796455 1.05142098 1.03878317 1.03558101 1.03859671]
Bus 1: breaker CLOSE (line 0) | I_line=0.3679 kA, I_close=0.9539 kA
Bus 2: breaker CLOSE (line 2) | I_line=0.4520 kA, I_close=0.7949 kA
Bus 3: breaker CLOSE (line 4) | I_line=0.0742 kA, I_close=0.7949 kA
Bus 4: breaker CLOSE (line 10) | I_line=0.2840 kA, I_close=1.4308 kA
Bus 5: breaker CLOSE (line 9) | I_line=0.2249 kA, I_close=1.4308 kA
numba cannot be imported and numba functions are disabled.
Probably the execution is slow.
Please install numba to gain a massive speedup.
(or if you prefer slow execution, set the flag numba=False to avoid this warning!)

 2026-05-05 15:37:36
Load flow sukses. Voltage snapshot (pu): [1.03931529 1.05143937 1.03820829 1.03612592 1.03857812]
Bus 1: breaker CLOSE (line 0) | I_line=0.3457 kA, I_close=0.9539 kA
Bus 2: breaker CLOSE (line 2) | I_line=0.4721 kA, I_close=0.7949 kA
Bus 3: breaker CLOSE (line 4) | I_line=0.0546 kA, I_close=0.7949 kA
Bus 4: breaker CLOSE (line 10) | I_line=0.2873 kA, I_close=1.4308 kA
Bus 5: breaker CLOSE (line 9) | I_line=0.2176 kA, I_close=1.4308 kA
numba cannot be imported and numba functions are disabled.
Probably the execution is slow.
Please install numba to gain a massive speedup.
(or if you prefer slow execution, set the flag numba=False to avoid this warning!)

 2026-05-05 15:37:40
Load flow sukses. Voltage snapshot (pu): [1.03806517 1.05148138 1.03894417 1.03549761 1.03675316]
Bus 1: breaker CLOSE (line 0) | I_line=0.3739 kA, I_close=0.9539 kA
Bus 2: breaker CLOSE (line 2) | I_line=0.4457 kA, I_close=0.7949 kA
Bus 3: breaker CLOSE (line 4) | I_line=0.0747 kA, I_close=0.7949 kA
Bus 4: breaker CLOSE (line 10) | I_line=0.3550 kA, I_close=1.4308 kA
Bus 5: breaker CLOSE (line 9) | I_line=0.2766 kA, I_close=1.4308 kA
numba cannot be imported and numba functions are disabled.
Probably the execution is slow.
Please install numba to gain a massive speedup.
(or if you prefer slow execution, set the flag numba=False to avoid this warning!)

 2026-05-05 15:37:44
Load flow sukses. Voltage snapshot (pu): [1.03660902 1.05103479 1.03850039 1.03411823 1.03515703]
Bus 1: breaker CLOSE (line 0) | I_line=0.3953 kA, I_close=0.9539 kA
Bus 2: breaker CLOSE (line 2) | I_line=0.4295 kA, I_close=0.7949 kA
Bus 3: breaker CLOSE (line 4) | I_line=0.0771 kA, I_close=0.7949 kA
Bus 4: breaker CLOSE (line 10) | I_line=0.4051 kA, I_close=1.4308 kA
Bus 5: breaker CLOSE (line 9) | I_line=0.3197 kA, I_close=1.4308 kA
numba cannot be imported and numba functions are disabled.
Probably the execution is slow.
Please install numba to gain a massive speedup.
(or if you prefer slow execution, set the flag numba=False to avoid this warning!)

 2026-05-05 15:37:49
Load flow sukses. Voltage snapshot (pu): [1.03564546 1.05072351 1.03817139 1.03314351 1.0340114 ]
Bus 1: breaker CLOSE (line 0) | I_line=0.4092 kA, I_close=0.9539 kA
Bus 2: breaker CLOSE (line 2) | I_line=0.4191 kA, I_close=0.7949 kA
Bus 3: breaker CLOSE (line 4) | I_line=0.0793 kA, I_close=0.7949 kA
Bus 4: breaker CLOSE (line 10) | I_line=0.4379 kA, I_close=1.4308 kA
Bus 5: breaker CLOSE (line 9) | I_line=0.3481 kA, I_close=1.4308 kA
numba cannot be imported and numba functions are disabled.
Probably the execution is slow.
Please install numba to gain a massive speedup.
(or if you prefer slow execution, set the flag numba=False to avoid this warning!)

 2026-05-05 15:37:53
Load flow sukses. Voltage snapshot (pu): [1.03797579 1.05182932 1.0399104  1.03347664 1.03459061]
Bus 1: breaker CLOSE (line 0) | I_line=0.3855 kA, I_close=0.9539 kA
Bus 2: breaker CLOSE (line 2) | I_line=0.4307 kA, I_close=0.7949 kA
Bus 3: breaker CLOSE (line 4) | I_line=0.1374 kA, I_close=0.7949 kA
Bus 4: breaker CLOSE (line 10) | I_line=0.4026 kA, I_close=1.4308 kA
Bus 5: breaker CLOSE (line 9) | I_line=0.3053 kA, I_close=1.4308 kA
numba cannot be imported and numba functions are disabled.
Probably the execution is slow.
Please install numba to gain a massive speedup.
(or if you prefer slow execution, set the flag numba=False to avoid this warning!)

 2026-05-05 15:37:57
Load flow sukses. Voltage snapshot (pu): [1.037553   1.05145645 1.03918453 1.03271425 1.03264167]
Bus 1: breaker CLOSE (line 0) | I_line=0.3923 kA, I_close=0.9539 kA
Bus 2: breaker CLOSE (line 2) | I_line=0.4273 kA, I_close=0.7949 kA
Bus 3: breaker CLOSE (line 4) | I_line=0.1224 kA, I_close=0.7949 kA
Bus 4: breaker CLOSE (line 10) | I_line=0.4711 kA, I_close=1.4308 kA
Bus 5: breaker CLOSE (line 9) | I_line=0.3534 kA, I_close=1.4308 kA
numba cannot be imported and numba functions are disabled.
Probably the execution is slow.
Please install numba to gain a massive speedup.
(or if you prefer slow execution, set the flag numba=False to avoid this warning!)

 2026-05-05 15:38:01
Load flow sukses. Voltage snapshot (pu): [1.04012195 1.05134295 1.03765717 1.03272902 1.03329897]
Bus 1: breaker CLOSE (line 0) | I_line=0.3437 kA, I_close=0.9539 kA
Bus 2: breaker CLOSE (line 2) | I_line=0.4725 kA, I_close=0.7949 kA
Bus 3: breaker CLOSE (line 4) | I_line=0.0953 kA, I_close=0.7949 kA
Bus 4: breaker CLOSE (line 10) | I_line=0.4392 kA, I_close=1.4308 kA
Bus 5: breaker CLOSE (line 9) | I_line=0.3121 kA, I_close=1.4308 kA
numba cannot be imported and numba functions are disabled.
Probably the execution is slow.
Please install numba to gain a massive speedup.
(or if you prefer slow execution, set the flag numba=False to avoid this warning!)

 2026-05-05 15:38:05
Load flow sukses. Voltage snapshot (pu): [1.03895777 1.05089587 1.03703862 1.03340803 1.03386034]
Bus 1: breaker CLOSE (line 0) | I_line=0.3553 kA, I_close=0.9539 kA
Bus 2: breaker CLOSE (line 2) | I_line=0.4664 kA, I_close=0.7949 kA
Bus 3: breaker CLOSE (line 4) | I_line=0.0608 kA, I_close=0.7949 kA
Bus 4: breaker CLOSE (line 10) | I_line=0.4413 kA, I_close=1.4308 kA
Bus 5: breaker CLOSE (line 9) | I_line=0.3118 kA, I_close=1.4308 kA
numba cannot be imported and numba functions are disabled.
Probably the execution is slow.
Please install numba to gain a massive speedup.
(or if you prefer slow execution, set the flag numba=False to avoid this warning!)

 2026-05-05 15:38:09
Load flow sukses. Voltage snapshot (pu): [1.03819323 1.0505974  1.03662119 1.03383288 1.03421298]
Bus 1: breaker CLOSE (line 0) | I_line=0.3629 kA, I_close=0.9539 kA
Bus 2: breaker CLOSE (line 2) | I_line=0.4626 kA, I_close=0.7949 kA
Bus 3: breaker CLOSE (line 4) | I_line=0.0430 kA, I_close=0.7949 kA
Bus 4: breaker CLOSE (line 10) | I_line=0.4427 kA, I_close=1.4308 kA
Bus 5: breaker CLOSE (line 9) | I_line=0.3116 kA, I_close=1.4308 kA
numba cannot be imported and numba functions are disabled.
Probably the execution is slow.
Please install numba to gain a massive speedup.
(or if you prefer slow execution, set the flag numba=False to avoid this warning!)

 2026-05-05 15:38:14
Load flow sukses. Voltage snapshot (pu): [1.03729763 1.05102226 1.03813883 1.03522465 1.03543145]
Bus 1: breaker CLOSE (line 0) | I_line=0.3829 kA, I_close=0.9539 kA
Bus 2: breaker CLOSE (line 2) | I_line=0.4414 kA, I_close=0.7949 kA
Bus 3: breaker CLOSE (line 4) | I_line=0.0514 kA, I_close=0.7949 kA
Bus 4: breaker CLOSE (line 10) | I_line=0.4178 kA, I_close=1.4308 kA
Bus 5: breaker CLOSE (line 9) | I_line=0.2990 kA, I_close=1.4308 kA
numba cannot be imported and numba functions are disabled.
Probably the execution is slow.
Please install numba to gain a massive speedup.
(or if you prefer slow execution, set the flag numba=False to avoid this warning!)

 2026-05-05 15:38:18
Load flow sukses. Voltage snapshot (pu): [1.03668643 1.05069268 1.03756496 1.03582486 1.03609524]
Bus 1: breaker CLOSE (line 0) | I_line=0.3864 kA, I_close=0.9539 kA
Bus 2: breaker CLOSE (line 2) | I_line=0.4416 kA, I_close=0.7949 kA
Bus 3: breaker CLOSE (line 4) | I_line=0.0328 kA, I_close=0.7949 kA
Bus 4: breaker CLOSE (line 10) | I_line=0.4097 kA, I_close=1.4308 kA
Bus 5: breaker CLOSE (line 9) | I_line=0.2905 kA, I_close=1.4308 kA
numba cannot be imported and numba functions are disabled.
Probably the execution is slow.
Please install numba to gain a massive speedup.
(or if you prefer slow execution, set the flag numba=False to avoid this warning!)

 2026-05-05 15:38:23
Load flow sukses. Voltage snapshot (pu): [1.036665   1.05069985 1.0375942  1.0360765  1.03641564]
Bus 1: breaker CLOSE (line 0) | I_line=0.3866 kA, I_close=0.9539 kA
Bus 2: breaker CLOSE (line 2) | I_line=0.4416 kA, I_close=0.7949 kA
Bus 3: breaker CLOSE (line 4) | I_line=0.0313 kA, I_close=0.7949 kA
Bus 4: breaker CLOSE (line 10) | I_line=0.3990 kA, I_close=1.4308 kA
Bus 5: breaker CLOSE (line 9) | I_line=0.2932 kA, I_close=1.4308 kA
numba cannot be imported and numba functions are disabled.
Probably the execution is slow.
Please install numba to gain a massive speedup.
(or if you prefer slow execution, set the flag numba=False to avoid this warning!)

 2026-05-05 15:38:27
Load flow sukses. Voltage snapshot (pu): [1.03632346 1.05179987 1.0406203  1.03740206 1.03744837]
Bus 1: breaker CLOSE (line 0) | I_line=0.4090 kA, I_close=0.9539 kA
Bus 2: breaker CLOSE (line 2) | I_line=0.4122 kA, I_close=0.7949 kA
Bus 3: breaker CLOSE (line 4) | I_line=0.0766 kA, I_close=0.7949 kA
Bus 4: breaker CLOSE (line 10) | I_line=0.3623 kA, I_close=1.4308 kA
Bus 5: breaker CLOSE (line 9) | I_line=0.2839 kA, I_close=1.4308 kA
numba cannot be imported and numba functions are disabled.
Probably the execution is slow.
Please install numba to gain a massive speedup.
(or if you prefer slow execution, set the flag numba=False to avoid this warning!)

 2026-05-05 15:38:31
Load flow sukses. Voltage snapshot (pu): [1.03805524 1.05124614 1.03833919 1.0352361  1.03670979]
Bus 1: breaker CLOSE (line 0) | I_line=0.3704 kA, I_close=0.9539 kA
Bus 2: breaker CLOSE (line 2) | I_line=0.4509 kA, I_close=0.7949 kA
Bus 3: breaker CLOSE (line 4) | I_line=0.0628 kA, I_close=0.7949 kA
Bus 4: breaker CLOSE (line 10) | I_line=0.3537 kA, I_close=1.4308 kA
Bus 5: breaker CLOSE (line 9) | I_line=0.2831 kA, I_close=1.4308 kA
numba cannot be imported and numba functions are disabled.
Probably the execution is slow.
Please install numba to gain a massive speedup.
(or if you prefer slow execution, set the flag numba=False to avoid this warning!)

 2026-05-05 15:38:35
Load flow sukses. Voltage snapshot (pu): [1.0391448  1.05084779 1.03679141 1.03372541 1.03611603]
Bus 1: breaker CLOSE (line 0) | I_line=0.3454 kA, I_close=0.9539 kA
Bus 2: breaker CLOSE (line 2) | I_line=0.4763 kA, I_close=0.7949 kA
Bus 3: breaker CLOSE (line 4) | I_line=0.0550 kA, I_close=0.7949 kA
Bus 4: breaker CLOSE (line 10) | I_line=0.3482 kA, I_close=1.4308 kA
Bus 5: breaker CLOSE (line 9) | I_line=0.2826 kA, I_close=1.4308 kA
numba cannot be imported and numba functions are disabled.
Probably the execution is slow.
Please install numba to gain a massive speedup.
(or if you prefer slow execution, set the flag numba=False to avoid this warning!)

 2026-05-05 15:38:39
Load flow sukses. Voltage snapshot (pu): [1.03638767 1.05144937 1.03967952 1.03574132 1.03684946]
Bus 1: breaker CLOSE (line 0) | I_line=0.4034 kA, I_close=0.9539 kA
Bus 2: breaker CLOSE (line 2) | I_line=0.4195 kA, I_close=0.7949 kA
Bus 3: breaker CLOSE (line 4) | I_line=0.0811 kA, I_close=0.7949 kA
Bus 4: breaker CLOSE (line 10) | I_line=0.3558 kA, I_close=1.4308 kA
Bus 5: breaker CLOSE (line 9) | I_line=0.3125 kA, I_close=1.4308 kA
numba cannot be imported and numba functions are disabled.
Probably the execution is slow.
Please install numba to gain a massive speedup.
(or if you prefer slow execution, set the flag numba=False to avoid this warning!)

 2026-05-05 15:38:43
Load flow sukses. Voltage snapshot (pu): [1.03520501 1.05103977 1.03917568 1.03387775 1.03549218]
Bus 1: breaker CLOSE (line 0) | I_line=0.4173 kA, I_close=0.9539 kA
Bus 2: breaker CLOSE (line 2) | I_line=0.4093 kA, I_close=0.7949 kA
Bus 3: breaker CLOSE (line 4) | I_line=0.0947 kA, I_close=0.7949 kA
Bus 4: breaker CLOSE (line 10) | I_line=0.3944 kA, I_close=1.4308 kA
Bus 5: breaker CLOSE (line 9) | I_line=0.3115 kA, I_close=1.4308 kA
numba cannot be imported and numba functions are disabled.
Probably the execution is slow.
Please install numba to gain a massive speedup.
(or if you prefer slow execution, set the flag numba=False to avoid this warning!)

 2026-05-05 15:38:48
Load flow sukses. Voltage snapshot (pu): [1.03539267 1.05032619 1.03726803 1.0316419  1.03248598]
Bus 1: breaker CLOSE (line 0) | I_line=0.4094 kA, I_close=0.9539 kA
Bus 2: breaker CLOSE (line 2) | I_line=0.4216 kA, I_close=0.7949 kA
Bus 3: breaker CLOSE (line 4) | I_line=0.0795 kA, I_close=0.7949 kA
Bus 4: breaker CLOSE (line 10) | I_line=0.4760 kA, I_close=1.4308 kA
Bus 5: breaker CLOSE (line 9) | I_line=0.3629 kA, I_close=1.4308 kA
numba cannot be imported and numba functions are disabled.
Probably the execution is slow.
Please install numba to gain a massive speedup.
(or if you prefer slow execution, set the flag numba=False to avoid this warning!)

 2026-05-05 15:38:52
Load flow sukses. Voltage snapshot (pu): [1.03817635 1.05124812 1.03832566 1.03409062 1.03460667]
Bus 1: breaker CLOSE (line 0) | I_line=0.3744 kA, I_close=0.9539 kA
Bus 2: breaker CLOSE (line 2) | I_line=0.4465 kA, I_close=0.7949 kA
Bus 3: breaker CLOSE (line 4) | I_line=0.0791 kA, I_close=0.7949 kA
Bus 4: breaker CLOSE (line 10) | I_line=0.4148 kA, I_close=1.4308 kA
Bus 5: breaker CLOSE (line 9) | I_line=0.3299 kA, I_close=1.4308 kA
numba cannot be imported and numba functions are disabled.
Probably the execution is slow.
Please install numba to gain a massive speedup.
(or if you prefer slow execution, set the flag numba=False to avoid this warning!)

 2026-05-05 15:38:56
Load flow sukses. Voltage snapshot (pu): [1.03993749 1.05179597 1.03891699 1.03550091 1.03574742]
Bus 1: breaker CLOSE (line 0) | I_line=0.3517 kA, I_close=0.9539 kA
Bus 2: breaker CLOSE (line 2) | I_line=0.4631 kA, I_close=0.7949 kA
Bus 3: breaker CLOSE (line 4) | I_line=0.0808 kA, I_close=0.7949 kA
Bus 4: breaker CLOSE (line 10) | I_line=0.3753 kA, I_close=1.4308 kA
Bus 5: breaker CLOSE (line 9) | I_line=0.3087 kA, I_close=1.4308 kA
numba cannot be imported and numba functions are disabled.
Probably the execution is slow.
Please install numba to gain a massive speedup.
(or if you prefer slow execution, set the flag numba=False to avoid this warning!)

 2026-05-05 15:39:00
Load flow sukses. Voltage snapshot (pu): [1.03771732 1.05127992 1.038615   1.03380251 1.03492659]
Bus 1: breaker CLOSE (line 0) | I_line=0.3814 kA, I_close=0.9539 kA
Bus 2: breaker CLOSE (line 2) | I_line=0.4397 kA, I_close=0.7949 kA
Bus 3: breaker CLOSE (line 4) | I_line=0.0915 kA, I_close=0.7949 kA
Bus 4: breaker CLOSE (line 10) | I_line=0.3967 kA, I_close=1.4308 kA
Bus 5: breaker CLOSE (line 9) | I_line=0.3261 kA, I_close=1.4308 kA
numba cannot be imported and numba functions are disabled.
Probably the execution is slow.
Please install numba to gain a massive speedup.
(or if you prefer slow execution, set the flag numba=False to avoid this warning!)

 2026-05-05 15:39:04
Load flow sukses. Voltage snapshot (pu): [1.03562714 1.05140934 1.03995251 1.03380179 1.034635  ]
Bus 1: breaker CLOSE (line 0) | I_line=0.4185 kA, I_close=0.9539 kA
Bus 2: breaker CLOSE (line 2) | I_line=0.4047 kA, I_close=0.7949 kA
Bus 3: breaker CLOSE (line 4) | I_line=0.1184 kA, I_close=0.7949 kA
Bus 4: breaker CLOSE (line 10) | I_line=0.4242 kA, I_close=1.4308 kA
Bus 5: breaker CLOSE (line 9) | I_line=0.3178 kA, I_close=1.4308 kA
numba cannot be imported and numba functions are disabled.
Probably the execution is slow.
Please install numba to gain a massive speedup.
(or if you prefer slow execution, set the flag numba=False to avoid this warning!)

 2026-05-05 15:39:09
Load flow sukses. Voltage snapshot (pu): [1.03748654 1.05117418 1.03845435 1.03420369 1.03464716]
Bus 1: breaker CLOSE (line 0) | I_line=0.3841 kA, I_close=0.9539 kA
Bus 2: breaker CLOSE (line 2) | I_line=0.4384 kA, I_close=0.7949 kA
Bus 3: breaker CLOSE (line 4) | I_line=0.0773 kA, I_close=0.7949 kA
Bus 4: breaker CLOSE (line 10) | I_line=0.4239 kA, I_close=1.4308 kA
Bus 5: breaker CLOSE (line 9) | I_line=0.3204 kA, I_close=1.4308 kA
numba cannot be imported and numba functions are disabled.
Probably the execution is slow.
Please install numba to gain a massive speedup.
(or if you prefer slow execution, set the flag numba=False to avoid this warning!)

 2026-05-05 15:39:13
Load flow sukses. Voltage snapshot (pu): [1.03866764 1.05099937 1.03745003 1.03443889 1.03463637]
Bus 1: breaker CLOSE (line 0) | I_line=0.3619 kA, I_close=0.9539 kA
Bus 2: breaker CLOSE (line 2) | I_line=0.4603 kA, I_close=0.7949 kA
Bus 3: breaker CLOSE (line 4) | I_line=0.0524 kA, I_close=0.7949 kA
Bus 4: breaker CLOSE (line 10) | I_line=0.4237 kA, I_close=1.4308 kA
Bus 5: breaker CLOSE (line 9) | I_line=0.3221 kA, I_close=1.4308 kA
numba cannot be imported and numba functions are disabled.
Probably the execution is slow.
Please install numba to gain a massive speedup.
(or if you prefer slow execution, set the flag numba=False to avoid this warning!)

 2026-05-05 15:39:17
Load flow sukses. Voltage snapshot (pu): [1.04033055 1.05211495 1.03952809 1.0350776  1.03633855]
Bus 1: breaker CLOSE (line 0) | I_line=0.3464 kA, I_close=0.9539 kA
Bus 2: breaker CLOSE (line 2) | I_line=0.4647 kA, I_close=0.7949 kA
Bus 3: breaker CLOSE (line 4) | I_line=0.1131 kA, I_close=0.7949 kA
Bus 4: breaker CLOSE (line 10) | I_line=0.3422 kA, I_close=1.4308 kA
Bus 5: breaker CLOSE (line 9) | I_line=0.2665 kA, I_close=1.4308 kA
numba cannot be imported and numba functions are disabled.
Probably the execution is slow.
Please install numba to gain a massive speedup.
(or if you prefer slow execution, set the flag numba=False to avoid this warning!)

 2026-05-05 15:39:21
Load flow sukses. Voltage snapshot (pu): [1.03804263 1.05216964 1.04075113 1.0357256  1.0368541 ]
Bus 1: breaker CLOSE (line 0) | I_line=0.3864 kA, I_close=0.9539 kA
Bus 2: breaker CLOSE (line 2) | I_line=0.4285 kA, I_close=0.7949 kA
Bus 3: breaker CLOSE (line 4) | I_line=0.1233 kA, I_close=0.7949 kA
Bus 4: breaker CLOSE (line 10) | I_line=0.3400 kA, I_close=1.4308 kA
Bus 5: breaker CLOSE (line 9) | I_line=0.2863 kA, I_close=1.4308 kA
numba cannot be imported and numba functions are disabled.
Probably the execution is slow.
Please install numba to gain a massive speedup.
(or if you prefer slow execution, set the flag numba=False to avoid this warning!)

 2026-05-05 15:39:25
Load flow sukses. Voltage snapshot (pu): [1.03756997 1.05170328 1.03981347 1.03475692 1.03448609]
Bus 1: breaker CLOSE (line 0) | I_line=0.3936 kA, I_close=0.9539 kA
Bus 2: breaker CLOSE (line 2) | I_line=0.4253 kA, I_close=0.7949 kA
Bus 3: breaker CLOSE (line 4) | I_line=0.1043 kA, I_close=0.7949 kA
Bus 4: breaker CLOSE (line 10) | I_line=0.4273 kA, I_close=1.4308 kA
Bus 5: breaker CLOSE (line 9) | I_line=0.3426 kA, I_close=1.4308 kA
numba cannot be imported and numba functions are disabled.
Probably the execution is slow.
Please install numba to gain a massive speedup.
(or if you prefer slow execution, set the flag numba=False to avoid this warning!)

 2026-05-05 15:39:29
Load flow sukses. Voltage snapshot (pu): [1.03936266 1.05233128 1.04060624 1.03317189 1.03283403]
Bus 1: breaker CLOSE (line 0) | I_line=0.3768 kA, I_close=0.9539 kA
Bus 2: breaker CLOSE (line 2) | I_line=0.4339 kA, I_close=0.7949 kA
Bus 3: breaker CLOSE (line 4) | I_line=0.1669 kA, I_close=0.7949 kA
Bus 4: breaker CLOSE (line 10) | I_line=0.4464 kA, I_close=1.4308 kA
Bus 5: breaker CLOSE (line 9) | I_line=0.3544 kA, I_close=1.4308 kA
numba cannot be imported and numba functions are disabled.
Probably the execution is slow.
Please install numba to gain a massive speedup.
(or if you prefer slow execution, set the flag numba=False to avoid this warning!)

 2026-05-05 15:39:33
Load flow sukses. Voltage snapshot (pu): [1.03568112 1.05033264 1.03718233 1.03038091 1.03034375]
Bus 1: breaker CLOSE (line 0) | I_line=0.4101 kA, I_close=0.9539 kA
Bus 2: breaker CLOSE (line 2) | I_line=0.4201 kA, I_close=0.7949 kA
Bus 3: breaker CLOSE (line 4) | I_line=0.0965 kA, I_close=0.7949 kA
Bus 4: breaker CLOSE (line 10) | I_line=0.5318 kA, I_close=1.4308 kA
Bus 5: breaker CLOSE (line 9) | I_line=0.3994 kA, I_close=1.4308 kA
numba cannot be imported and numba functions are disabled.
Probably the execution is slow.
Please install numba to gain a massive speedup.
(or if you prefer slow execution, set the flag numba=False to avoid this warning!)

 2026-05-05 15:39:38
Load flow sukses. Voltage snapshot (pu): [1.03319702 1.04890962 1.03469271 1.02811408 1.02816579]
Bus 1: breaker CLOSE (line 0) | I_line=0.4319 kA, I_close=0.9539 kA
Bus 2: breaker CLOSE (line 2) | I_line=0.4124 kA, I_close=0.7949 kA
Bus 3: breaker CLOSE (line 4) | I_line=0.0712 kA, I_close=0.7949 kA
Bus 4: breaker CLOSE (line 10) | I_line=0.5879 kA, I_close=1.4308 kA
Bus 5: breaker CLOSE (line 9) | I_line=0.4291 kA, I_close=1.4308 kA
numba cannot be imported and numba functions are disabled.
Probably the execution is slow.
Please install numba to gain a massive speedup.
(or if you prefer slow execution, set the flag numba=False to avoid this warning!)

 2026-05-05 15:39:42
Load flow sukses. Voltage snapshot (pu): [1.0363609  1.05070349 1.03780642 1.02995248 1.03020052]
Bus 1: breaker CLOSE (line 0) | I_line=0.4036 kA, I_close=0.9539 kA
Bus 2: breaker CLOSE (line 2) | I_line=0.4222 kA, I_close=0.7949 kA
Bus 3: breaker CLOSE (line 4) | I_line=0.1252 kA, I_close=0.7949 kA
Bus 4: breaker CLOSE (line 10) | I_line=0.5291 kA, I_close=1.4308 kA
Bus 5: breaker CLOSE (line 9) | I_line=0.3780 kA, I_close=1.4308 kA
numba cannot be imported and numba functions are disabled.
Probably the execution is slow.
Please install numba to gain a massive speedup.
(or if you prefer slow execution, set the flag numba=False to avoid this warning!)

 2026-05-05 15:39:46
Load flow sukses. Voltage snapshot (pu): [1.03868069 1.05193831 1.03987299 1.03192768 1.03289079]
Bus 1: breaker CLOSE (line 0) | I_line=0.3786 kA, I_close=0.9539 kA
Bus 2: breaker CLOSE (line 2) | I_line=0.4349 kA, I_close=0.7949 kA
Bus 3: breaker CLOSE (line 4) | I_line=0.1677 kA, I_close=0.7949 kA
Bus 4: breaker CLOSE (line 10) | I_line=0.4383 kA, I_close=1.4308 kA
Bus 5: breaker CLOSE (line 9) | I_line=0.3216 kA, I_close=1.4308 kA
numba cannot be imported and numba functions are disabled.
Probably the execution is slow.
Please install numba to gain a massive speedup.
(or if you prefer slow execution, set the flag numba=False to avoid this warning!)

 2026-05-05 15:39:50
Load flow sukses. Voltage snapshot (pu): [1.03844549 1.05280943 1.04224623 1.03510447 1.03532261]
Bus 1: breaker CLOSE (line 0) | I_line=0.3938 kA, I_close=0.9539 kA
Bus 2: breaker CLOSE (line 2) | I_line=0.4155 kA, I_close=0.7949 kA
Bus 3: breaker CLOSE (line 4) | I_line=0.1802 kA, I_close=0.7949 kA
Bus 4: breaker CLOSE (line 10) | I_line=0.3815 kA, I_close=1.4308 kA
Bus 5: breaker CLOSE (line 9) | I_line=0.2992 kA, I_close=1.4308 kA
numba cannot be imported and numba functions are disabled.
Probably the execution is slow.
Please install numba to gain a massive speedup.
(or if you prefer slow execution, set the flag numba=False to avoid this warning!)

 2026-05-05 15:39:54
Load flow sukses. Voltage snapshot (pu): [1.03920467 1.05235924 1.04074064 1.0334963  1.03337115]
Bus 1: breaker CLOSE (line 0) | I_line=0.3781 kA, I_close=0.9539 kA
Bus 2: breaker CLOSE (line 2) | I_line=0.4326 kA, I_close=0.7949 kA
Bus 3: breaker CLOSE (line 4) | I_line=0.1654 kA, I_close=0.7949 kA
Bus 4: breaker CLOSE (line 10) | I_line=0.4342 kA, I_close=1.4308 kA
Bus 5: breaker CLOSE (line 9) | I_line=0.3363 kA, I_close=1.4308 kA
numba cannot be imported and numba functions are disabled.
Probably the execution is slow.
Please install numba to gain a massive speedup.
(or if you prefer slow execution, set the flag numba=False to avoid this warning!)

 2026-05-05 15:39:58
Load flow sukses. Voltage snapshot (pu): [1.03968763 1.05205011 1.03972713 1.03238708 1.0320152 ]
Bus 1: breaker CLOSE (line 0) | I_line=0.3679 kA, I_close=0.9539 kA
Bus 2: breaker CLOSE (line 2) | I_line=0.4439 kA, I_close=0.7949 kA
Bus 3: breaker CLOSE (line 4) | I_line=0.1560 kA, I_close=0.7949 kA
Bus 4: breaker CLOSE (line 10) | I_line=0.4688 kA, I_close=1.4308 kA
Bus 5: breaker CLOSE (line 9) | I_line=0.3607 kA, I_close=1.4308 kA
numba cannot be imported and numba functions are disabled.
Probably the execution is slow.
Please install numba to gain a massive speedup.
(or if you prefer slow execution, set the flag numba=False to avoid this warning!)

 2026-05-05 15:40:03
Load flow sukses. Voltage snapshot (pu): [1.03776031 1.05158916 1.0394432  1.03400689 1.03342583]
Bus 1: breaker CLOSE (line 0) | I_line=0.3913 kA, I_close=0.9539 kA
Bus 2: breaker CLOSE (line 2) | I_line=0.4280 kA, I_close=0.7949 kA
Bus 3: breaker CLOSE (line 4) | I_line=0.1064 kA, I_close=0.7949 kA
Bus 4: breaker CLOSE (line 10) | I_line=0.4549 kA, I_close=1.4308 kA
Bus 5: breaker CLOSE (line 9) | I_line=0.3647 kA, I_close=1.4308 kA
numba cannot be imported and numba functions are disabled.
Probably the execution is slow.
Please install numba to gain a massive speedup.
(or if you prefer slow execution, set the flag numba=False to avoid this warning!)

 2026-05-05 15:40:07
Load flow sukses. Voltage snapshot (pu): [1.0390332  1.05214579 1.0402782  1.03486485 1.03417625]
Bus 1: breaker CLOSE (line 0) | I_line=0.3775 kA, I_close=0.9539 kA
Bus 2: breaker CLOSE (line 2) | I_line=0.4360 kA, I_close=0.7949 kA
Bus 3: breaker CLOSE (line 4) | I_line=0.1235 kA, I_close=0.7949 kA
Bus 4: breaker CLOSE (line 10) | I_line=0.4257 kA, I_close=1.4308 kA
Bus 5: breaker CLOSE (line 9) | I_line=0.3464 kA, I_close=1.4308 kA
numba cannot be imported and numba functions are disabled.
Probably the execution is slow.
Please install numba to gain a massive speedup.
(or if you prefer slow execution, set the flag numba=False to avoid this warning!)

 2026-05-05 15:40:11
Load flow sukses. Voltage snapshot (pu): [1.03797208 1.05188795 1.04010305 1.03524113 1.03468651]
Bus 1: breaker CLOSE (line 0) | I_line=0.3897 kA, I_close=0.9539 kA
Bus 2: breaker CLOSE (line 2) | I_line=0.4275 kA, I_close=0.7949 kA
Bus 3: breaker CLOSE (line 4) | I_line=0.1059 kA, I_close=0.7949 kA
Bus 4: breaker CLOSE (line 10) | I_line=0.4236 kA, I_close=1.4308 kA
Bus 5: breaker CLOSE (line 9) | I_line=0.3373 kA, I_close=1.4308 kA
numba cannot be imported and numba functions are disabled.
Probably the execution is slow.
Please install numba to gain a massive speedup.
(or if you prefer slow execution, set the flag numba=False to avoid this warning!)

 2026-05-05 15:40:15
Load flow sukses. Voltage snapshot (pu): [1.03955817 1.05172955 1.03892565 1.03557678 1.03540238]
Bus 1: breaker CLOSE (line 0) | I_line=0.3577 kA, I_close=0.9539 kA
Bus 2: breaker CLOSE (line 2) | I_line=0.4581 kA, I_close=0.7949 kA
Bus 3: breaker CLOSE (line 4) | I_line=0.0764 kA, I_close=0.7949 kA
Bus 4: breaker CLOSE (line 10) | I_line=0.3968 kA, I_close=1.4308 kA
Bus 5: breaker CLOSE (line 9) | I_line=0.3090 kA, I_close=1.4308 kA
numba cannot be imported and numba functions are disabled.
Probably the execution is slow.
Please install numba to gain a massive speedup.
(or if you prefer slow execution, set the flag numba=False to avoid this warning!)

 2026-05-05 15:40:19
Load flow sukses. Voltage snapshot (pu): [1.04056677 1.05160863 1.03813637 1.03577057 1.03584283]
Bus 1: breaker CLOSE (line 0) | I_line=0.3370 kA, I_close=0.9539 kA
Bus 2: breaker CLOSE (line 2) | I_line=0.4781 kA, I_close=0.7949 kA
Bus 3: breaker CLOSE (line 4) | I_line=0.0575 kA, I_close=0.7949 kA
Bus 4: breaker CLOSE (line 10) | I_line=0.3794 kA, I_close=1.4308 kA
Bus 5: breaker CLOSE (line 9) | I_line=0.2907 kA, I_close=1.4308 kA
numba cannot be imported and numba functions are disabled.
Probably the execution is slow.
Please install numba to gain a massive speedup.
(or if you prefer slow execution, set the flag numba=False to avoid this warning!)

 2026-05-05 15:40:23
Load flow sukses. Voltage snapshot (pu): [1.03844271 1.0522614  1.040811   1.03789459 1.03745714]
Bus 1: breaker CLOSE (line 0) | I_line=0.3811 kA, I_close=0.9539 kA
Bus 2: breaker CLOSE (line 2) | I_line=0.4336 kA, I_close=0.7949 kA
Bus 3: breaker CLOSE (line 4) | I_line=0.0844 kA, I_close=0.7949 kA
Bus 4: breaker CLOSE (line 10) | I_line=0.3488 kA, I_close=1.4308 kA
Bus 5: breaker CLOSE (line 9) | I_line=0.2722 kA, I_close=1.4308 kA
numba cannot be imported and numba functions are disabled.
Probably the execution is slow.
Please install numba to gain a massive speedup.
(or if you prefer slow execution, set the flag numba=False to avoid this warning!)

 2026-05-05 15:40:27
Load flow sukses. Voltage snapshot (pu): [1.0375331  1.05188216 1.04025316 1.03793483 1.03802538]
Bus 1: breaker CLOSE (line 0) | I_line=0.3894 kA, I_close=0.9539 kA
Bus 2: breaker CLOSE (line 2) | I_line=0.4297 kA, I_close=0.7949 kA
Bus 3: breaker CLOSE (line 4) | I_line=0.0633 kA, I_close=0.7949 kA
Bus 4: breaker CLOSE (line 10) | I_line=0.3355 kA, I_close=1.4308 kA
Bus 5: breaker CLOSE (line 9) | I_line=0.2810 kA, I_close=1.4308 kA
numba cannot be imported and numba functions are disabled.
Probably the execution is slow.
Please install numba to gain a massive speedup.
(or if you prefer slow execution, set the flag numba=False to avoid this warning!)

 2026-05-05 15:40:32
Load flow sukses. Voltage snapshot (pu): [1.03785123 1.0510981  1.03810136 1.03604057 1.03550205]
Bus 1: breaker CLOSE (line 0) | I_line=0.3773 kA, I_close=0.9539 kA
Bus 2: breaker CLOSE (line 2) | I_line=0.4464 kA, I_close=0.7949 kA
Bus 3: breaker CLOSE (line 4) | I_line=0.0386 kA, I_close=0.7949 kA
Bus 4: breaker CLOSE (line 10) | I_line=0.4168 kA, I_close=1.4308 kA
Bus 5: breaker CLOSE (line 9) | I_line=0.3301 kA, I_close=1.4308 kA
numba cannot be imported and numba functions are disabled.
Probably the execution is slow.
Please install numba to gain a massive speedup.
(or if you prefer slow execution, set the flag numba=False to avoid this warning!)

 2026-05-05 15:40:36
Load flow sukses. Voltage snapshot (pu): [1.03479162 1.04981848 1.03621818 1.03426558 1.03485606]
Bus 1: breaker CLOSE (line 0) | I_line=0.4073 kA, I_close=0.9539 kA
Bus 2: breaker CLOSE (line 2) | I_line=0.4298 kA, I_close=0.7949 kA
Bus 3: breaker CLOSE (line 4) | I_line=0.0448 kA, I_close=0.7949 kA
Bus 4: breaker CLOSE (line 10) | I_line=0.4422 kA, I_close=1.4308 kA
Bus 5: breaker CLOSE (line 9) | I_line=0.3386 kA, I_close=1.4308 kA
