RTU measurement noise: seed=7 V_sigma=0.003 I_sigma=1.5


[2026-05-17 01:52:31] Bus 1: V=1.019 pu (raw 1.020) I=810.5 A (raw 809.7) PF=0.9603 FB=CLOSE CMD=CLOSE
[2026-05-17 01:52:31] Bus 2: V=1.009 pu (raw 1.010) I=398.2 A (raw 398.7) PF=0.9020 FB=CLOSE CMD=CLOSE
[2026-05-17 01:52:31] Bus 3: V=1.004 pu (raw 1.007) I=394.9 A (raw 395.2) PF=0.9001 FB=CLOSE CMD=CLOSE
[2026-05-17 01:52:31] Bus 4: V=1.013 pu (raw 1.010) I=479.1 A (raw 478.5) PF=0.8689 FB=CLOSE CMD=CLOSE
[2026-05-17 01:52:31] Bus 5: V=1.011 pu (raw 1.008) I=492.5 A (raw 492.1) PF=0.9771 FB=CLOSE CMD=CLOSE
DT_PATH_LAT,h2,1778957551.982073,1


[2026-05-17 01:52:35] Bus 1: V=1.021 pu (raw 1.020) I=851.0 A (raw 850.8) PF=0.9557 FB=CLOSE CMD=CLOSE
[2026-05-17 01:52:35] Bus 2: V=1.004 pu (raw 1.009) I=441.6 A (raw 440.3) PF=0.9070 FB=CLOSE CMD=CLOSE
[2026-05-17 01:52:35] Bus 3: V=1.008 pu (raw 1.006) I=430.1 A (raw 429.4) PF=0.8827 FB=CLOSE CMD=CLOSE
[2026-05-17 01:52:35] Bus 4: V=1.005 pu (raw 1.010) I=490.1 A (raw 492.7) PF=0.8439 FB=CLOSE CMD=CLOSE
[2026-05-17 01:52:35] Bus 5: V=1.005 pu (raw 1.008) I=467.1 A (raw 467.8) PF=0.9702 FB=CLOSE CMD=CLOSE
DT_PATH_LAT,h2,1778957556.037305,2


[2026-05-17 01:52:40] Bus 1: V=1.021 pu (raw 1.020) I=739.1 A (raw 739.2) PF=0.9651 FB=CLOSE CMD=CLOSE
[2026-05-17 01:52:40] Bus 2: V=1.013 pu (raw 1.011) I=287.0 A (raw 288.0) PF=0.9159 FB=CLOSE CMD=CLOSE
[2026-05-17 01:52:40] Bus 3: V=1.009 pu (raw 1.008) I=446.3 A (raw 445.7) PF=0.9290 FB=CLOSE CMD=CLOSE
[2026-05-17 01:52:40] Bus 4: V=1.008 pu (raw 1.010) I=466.3 A (raw 463.8) PF=0.8964 FB=CLOSE CMD=CLOSE
[2026-05-17 01:52:40] Bus 5: V=1.010 pu (raw 1.008) I=468.1 A (raw 466.3) PF=0.9736 FB=CLOSE CMD=CLOSE
DT_PATH_LAT,h2,1778957560.104142,3


[2026-05-17 01:52:44] Bus 1: V=1.018 pu (raw 1.020) I=892.4 A (raw 893.5) PF=0.9700 FB=CLOSE CMD=CLOSE
[2026-05-17 01:52:44] Bus 2: V=1.009 pu (raw 1.010) I=441.3 A (raw 441.5) PF=0.9269 FB=CLOSE CMD=CLOSE
[2026-05-17 01:52:44] Bus 3: V=1.009 pu (raw 1.007) I=368.5 A (raw 368.2) PF=0.8887 FB=CLOSE CMD=CLOSE
[2026-05-17 01:52:44] Bus 4: V=1.009 pu (raw 1.010) I=480.6 A (raw 482.0) PF=0.8625 FB=CLOSE CMD=CLOSE
[2026-05-17 01:52:44] Bus 5: V=1.006 pu (raw 1.008) I=501.4 A (raw 499.6) PF=0.9741 FB=CLOSE CMD=CLOSE
DT_PATH_LAT,h2,1778957567.171336,4


[2026-05-17 01:52:51] Bus 1: V=1.018 pu (raw 1.020) I=839.7 A (raw 839.4) PF=0.9836 FB=CLOSE CMD=CLOSE
[2026-05-17 01:52:51] Bus 2: V=1.012 pu (raw 1.011) I=399.9 A (raw 402.1) PF=0.9584 FB=CLOSE CMD=OPEN
[2026-05-17 01:52:51] Bus 3: V=1.008 pu (raw 1.008) I=411.3 A (raw 409.4) PF=0.9676 FB=CLOSE CMD=CLOSE
[2026-05-17 01:52:51] Bus 4: V=1.004 pu (raw 1.010) I=458.3 A (raw 458.8) PF=0.9061 FB=CLOSE CMD=CLOSE
[2026-05-17 01:52:51] Bus 5: V=1.008 pu (raw 1.008) I=474.3 A (raw 475.5) PF=0.9721 FB=CLOSE CMD=CLOSE
DT_PATH_LAT,h2,1778957571.230407,5


[2026-05-17 01:52:55] Bus 1: V=1.021 pu (raw 1.020) I=407.9 A (raw 408.0) PF=0.9475 FB=CLOSE CMD=OPEN
[2026-05-17 01:52:55] Bus 2: V=1.011 pu (raw 1.015) I=409.3 A (raw 408.0) PF=0.9495 FB=OPEN CMD=OPEN
[2026-05-17 01:52:55] Bus 3: V=1.010 pu (raw 1.008) I=410.8 A (raw 409.4) PF=0.9676 FB=CLOSE CMD=OPEN
[2026-05-17 01:52:55] Bus 4: V=1.014 pu (raw 1.010) I=459.3 A (raw 458.8) PF=0.9061 FB=CLOSE CMD=OPEN
[2026-05-17 01:52:55] Bus 5: V=1.008 pu (raw 1.008) I=473.6 A (raw 475.5) PF=0.9721 FB=CLOSE CMD=CLOSE
DT_PATH_LAT,h2,1778957575.286949,6


[2026-05-17 01:52:59] Bus 1: V=1.022 pu (raw 1.020) I=0.0 A (raw 0.0) PF=1.0000 FB=OPEN CMD=OPEN
[2026-05-17 01:52:59] Bus 2: V=1.014 pu (raw 1.015) I=406.1 A (raw 408.0) PF=0.9495 FB=OPEN CMD=OPEN
[2026-05-17 01:52:59] Bus 3: V=1.005 pu (raw 1.008) I=408.6 A (raw 409.4) PF=0.9676 FB=OPEN CMD=OPEN
[2026-05-17 01:52:59] Bus 4: V=1.014 pu (raw 1.010) I=455.8 A (raw 458.8) PF=0.9061 FB=OPEN CMD=OPEN
[2026-05-17 01:52:59] Bus 5: V=1.004 pu (raw 1.008) I=475.9 A (raw 475.5) PF=0.9721 FB=CLOSE CMD=CLOSE
DT_PATH_LAT,h2,1778957579.355445,7


[2026-05-17 01:53:03] Bus 1: V=1.024 pu (raw 1.020) I=0.9 A (raw 0.0) PF=1.0000 FB=OPEN CMD=CLOSE
[2026-05-17 01:53:03] Bus 2: V=1.009 pu (raw 1.015) I=404.3 A (raw 408.0) PF=0.9495 FB=OPEN CMD=OPEN
[2026-05-17 01:53:03] Bus 3: V=1.009 pu (raw 1.008) I=408.3 A (raw 409.4) PF=0.9676 FB=OPEN CMD=CLOSE
[2026-05-17 01:53:03] Bus 4: V=1.007 pu (raw 1.010) I=460.3 A (raw 458.8) PF=0.9061 FB=OPEN CMD=CLOSE
[2026-05-17 01:53:03] Bus 5: V=1.011 pu (raw 1.008) I=475.7 A (raw 475.5) PF=0.9721 FB=CLOSE CMD=CLOSE
DT_PATH_LAT,h2,1778957583.406075,8


[2026-05-17 01:53:07] Bus 1: V=1.021 pu (raw 1.020) I=379.2 A (raw 378.5) PF=0.9469 FB=CLOSE CMD=OPEN
[2026-05-17 01:53:07] Bus 2: V=1.020 pu (raw 1.015) I=379.5 A (raw 378.5) PF=0.9487 FB=OPEN CMD=OPEN
[2026-05-17 01:53:07] Bus 3: V=1.010 pu (raw 1.008) I=410.2 A (raw 409.4) PF=0.9676 FB=CLOSE CMD=OPEN
[2026-05-17 01:53:07] Bus 4: V=1.005 pu (raw 1.010) I=460.7 A (raw 458.8) PF=0.9061 FB=CLOSE CMD=OPEN
[2026-05-17 01:53:07] Bus 5: V=1.011 pu (raw 1.008) I=476.3 A (raw 475.5) PF=0.9721 FB=CLOSE CMD=CLOSE
DT_PATH_LAT,h2,1778957587.465761,9


[2026-05-17 01:53:11] Bus 1: V=1.014 pu (raw 1.020) I=0.0 A (raw 0.0) PF=1.0000 FB=OPEN CMD=OPEN
[2026-05-17 01:53:11] Bus 2: V=1.018 pu (raw 1.015) I=375.8 A (raw 378.5) PF=0.9487 FB=OPEN CMD=OPEN
[2026-05-17 01:53:11] Bus 3: V=1.007 pu (raw 1.008) I=410.9 A (raw 409.4) PF=0.9676 FB=OPEN CMD=OPEN
[2026-05-17 01:53:11] Bus 4: V=1.006 pu (raw 1.010) I=461.2 A (raw 458.8) PF=0.9061 FB=OPEN CMD=OPEN
[2026-05-17 01:53:11] Bus 5: V=1.010 pu (raw 1.008) I=475.3 A (raw 475.5) PF=0.9721 FB=CLOSE CMD=CLOSE
DT_PATH_LAT,h2,1778957591.522104,10


[2026-05-17 01:53:15] Bus 1: V=1.021 pu (raw 1.020) I=1.0 A (raw 0.0) PF=1.0000 FB=OPEN CMD=OPEN
[2026-05-17 01:53:15] Bus 2: V=1.015 pu (raw 1.015) I=380.3 A (raw 378.5) PF=0.9487 FB=OPEN CMD=OPEN
[2026-05-17 01:53:15] Bus 3: V=1.006 pu (raw 1.008) I=408.7 A (raw 409.4) PF=0.9676 FB=OPEN CMD=CLOSE
[2026-05-17 01:53:15] Bus 4: V=1.013 pu (raw 1.010) I=458.8 A (raw 458.8) PF=0.9061 FB=OPEN CMD=CLOSE
[2026-05-17 01:53:15] Bus 5: V=1.005 pu (raw 1.008) I=476.9 A (raw 475.5) PF=0.9721 FB=CLOSE CMD=CLOSE
DT_PATH_LAT,h2,1778957595.576743,11


[2026-05-17 01:53:19] Bus 1: V=1.024 pu (raw 1.020) I=0.0 A (raw 0.0) PF=1.0000 FB=OPEN CMD=OPEN
[2026-05-17 01:53:19] Bus 2: V=1.011 pu (raw 1.015) I=378.3 A (raw 378.5) PF=0.9487 FB=OPEN CMD=OPEN
[2026-05-17 01:53:19] Bus 3: V=1.008 pu (raw 1.008) I=408.9 A (raw 409.4) PF=0.9676 FB=CLOSE CMD=OPEN
[2026-05-17 01:53:19] Bus 4: V=1.014 pu (raw 1.010) I=457.3 A (raw 458.8) PF=0.9061 FB=CLOSE CMD=OPEN
[2026-05-17 01:53:19] Bus 5: V=1.012 pu (raw 1.008) I=473.6 A (raw 475.5) PF=0.9721 FB=CLOSE CMD=CLOSE
DT_PATH_LAT,h2,1778957599.636980,12


[2026-05-17 01:53:23] Bus 1: V=1.018 pu (raw 1.020) I=0.9 A (raw 0.0) PF=1.0000 FB=OPEN CMD=OPEN
[2026-05-17 01:53:23] Bus 2: V=1.018 pu (raw 1.015) I=379.8 A (raw 378.5) PF=0.9487 FB=OPEN CMD=OPEN
[2026-05-17 01:53:23] Bus 3: V=1.009 pu (raw 1.008) I=409.6 A (raw 409.4) PF=0.9676 FB=OPEN CMD=OPEN
[2026-05-17 01:53:23] Bus 4: V=1.010 pu (raw 1.010) I=459.7 A (raw 458.8) PF=0.9061 FB=OPEN CMD=OPEN
[2026-05-17 01:53:23] Bus 5: V=1.007 pu (raw 1.008) I=475.9 A (raw 475.5) PF=0.9721 FB=CLOSE CMD=CLOSE
DT_PATH_LAT,h2,1778957603.695824,13


[2026-05-17 01:53:27] Bus 1: V=1.022 pu (raw 1.020) I=0.0 A (raw 0.0) PF=1.0000 FB=OPEN CMD=OPEN
[2026-05-17 01:53:27] Bus 2: V=1.017 pu (raw 1.015) I=379.4 A (raw 378.5) PF=0.9487 FB=OPEN CMD=OPEN
[2026-05-17 01:53:27] Bus 3: V=1.014 pu (raw 1.008) I=409.9 A (raw 409.4) PF=0.9676 FB=OPEN CMD=CLOSE
[2026-05-17 01:53:27] Bus 4: V=1.009 pu (raw 1.010) I=458.2 A (raw 458.8) PF=0.9061 FB=OPEN CMD=CLOSE
[2026-05-17 01:53:27] Bus 5: V=1.008 pu (raw 1.008) I=476.9 A (raw 475.5) PF=0.9721 FB=CLOSE CMD=CLOSE
DT_PATH_LAT,h2,1778957607.754209,14


[2026-05-17 01:53:31] Bus 1: V=1.019 pu (raw 1.020) I=0.6 A (raw 0.0) PF=1.0000 FB=OPEN CMD=OPEN
[2026-05-17 01:53:31] Bus 2: V=1.021 pu (raw 1.015) I=374.7 A (raw 378.5) PF=0.9487 FB=OPEN CMD=OPEN
[2026-05-17 01:53:31] Bus 3: V=1.005 pu (raw 1.008) I=409.7 A (raw 409.4) PF=0.9676 FB=CLOSE CMD=OPEN
[2026-05-17 01:53:31] Bus 4: V=1.011 pu (raw 1.010) I=459.2 A (raw 458.8) PF=0.9061 FB=CLOSE CMD=OPEN
[2026-05-17 01:53:31] Bus 5: V=1.007 pu (raw 1.008) I=476.5 A (raw 475.5) PF=0.9721 FB=CLOSE CMD=CLOSE
DT_PATH_LAT,h2,1778957611.814708,15


[2026-05-17 01:53:35] Bus 1: V=1.021 pu (raw 1.020) I=0.0 A (raw 0.0) PF=1.0000 FB=OPEN CMD=OPEN
[2026-05-17 01:53:35] Bus 2: V=1.022 pu (raw 1.015) I=379.1 A (raw 378.5) PF=0.9487 FB=OPEN CMD=OPEN
[2026-05-17 01:53:35] Bus 3: V=1.006 pu (raw 1.008) I=409.2 A (raw 409.4) PF=0.9676 FB=OPEN CMD=OPEN
[2026-05-17 01:53:35] Bus 4: V=1.009 pu (raw 1.010) I=458.7 A (raw 458.8) PF=0.9061 FB=OPEN CMD=OPEN
[2026-05-17 01:53:35] Bus 5: V=1.000 pu (raw 1.008) I=474.8 A (raw 475.5) PF=0.9721 FB=CLOSE CMD=CLOSE
DT_PATH_LAT,h2,1778957615.870627,16


[2026-05-17 01:53:39] Bus 1: V=1.023 pu (raw 1.020) I=0.0 A (raw 0.0) PF=1.0000 FB=OPEN CMD=OPEN
[2026-05-17 01:53:39] Bus 2: V=1.015 pu (raw 1.015) I=380.0 A (raw 378.5) PF=0.9487 FB=OPEN CMD=OPEN
[2026-05-17 01:53:39] Bus 3: V=1.011 pu (raw 1.008) I=411.6 A (raw 409.4) PF=0.9676 FB=OPEN CMD=CLOSE
[2026-05-17 01:53:39] Bus 4: V=1.005 pu (raw 1.010) I=458.3 A (raw 458.8) PF=0.9061 FB=OPEN CMD=CLOSE
[2026-05-17 01:53:39] Bus 5: V=1.007 pu (raw 1.008) I=476.4 A (raw 475.5) PF=0.9721 FB=CLOSE CMD=CLOSE
DT_PATH_LAT,h2,1778957619.929735,17


[2026-05-17 01:53:43] Bus 1: V=1.023 pu (raw 1.020) I=0.0 A (raw 0.0) PF=1.0000 FB=OPEN CMD=OPEN
[2026-05-17 01:53:43] Bus 2: V=1.018 pu (raw 1.015) I=376.4 A (raw 378.5) PF=0.9487 FB=OPEN CMD=OPEN
[2026-05-17 01:53:43] Bus 3: V=1.010 pu (raw 1.008) I=407.1 A (raw 409.4) PF=0.9676 FB=CLOSE CMD=OPEN
[2026-05-17 01:53:43] Bus 4: V=1.011 pu (raw 1.010) I=460.6 A (raw 458.8) PF=0.9061 FB=CLOSE CMD=OPEN
[2026-05-17 01:53:43] Bus 5: V=1.008 pu (raw 1.008) I=475.8 A (raw 475.5) PF=0.9721 FB=CLOSE CMD=CLOSE
DT_PATH_LAT,h2,1778957623.982334,18


[2026-05-17 01:53:48] Bus 1: V=1.022 pu (raw 1.020) I=0.2 A (raw 0.0) PF=1.0000 FB=OPEN CMD=OPEN
[2026-05-17 01:53:48] Bus 2: V=1.015 pu (raw 1.015) I=380.8 A (raw 378.5) PF=0.9487 FB=OPEN CMD=OPEN
[2026-05-17 01:53:48] Bus 3: V=1.011 pu (raw 1.008) I=408.9 A (raw 409.4) PF=0.9676 FB=OPEN CMD=OPEN
[2026-05-17 01:53:48] Bus 4: V=1.018 pu (raw 1.010) I=457.1 A (raw 458.8) PF=0.9061 FB=OPEN CMD=OPEN
[2026-05-17 01:53:48] Bus 5: V=1.011 pu (raw 1.008) I=475.1 A (raw 475.5) PF=0.9721 FB=CLOSE CMD=CLOSE
DT_PATH_LAT,h2,1778957628.083110,19


[2026-05-17 01:53:52] Bus 1: V=1.020 pu (raw 1.020) I=1.1 A (raw 0.0) PF=1.0000 FB=OPEN CMD=OPEN
[2026-05-17 01:53:52] Bus 2: V=1.016 pu (raw 1.015) I=379.5 A (raw 378.5) PF=0.9487 FB=OPEN CMD=OPEN
[2026-05-17 01:53:52] Bus 3: V=1.003 pu (raw 1.008) I=407.1 A (raw 409.4) PF=0.9676 FB=OPEN CMD=CLOSE
[2026-05-17 01:53:52] Bus 4: V=1.012 pu (raw 1.010) I=457.4 A (raw 458.8) PF=0.9061 FB=OPEN CMD=CLOSE
[2026-05-17 01:53:52] Bus 5: V=1.005 pu (raw 1.008) I=473.3 A (raw 475.5) PF=0.9721 FB=CLOSE CMD=CLOSE
DT_PATH_LAT,h2,1778957632.204894,20


[2026-05-17 01:53:56] Bus 1: V=1.024 pu (raw 1.020) I=1.1 A (raw 0.0) PF=1.0000 FB=OPEN CMD=OPEN
[2026-05-17 01:53:56] Bus 2: V=1.019 pu (raw 1.015) I=377.1 A (raw 378.5) PF=0.9487 FB=OPEN CMD=OPEN
[2026-05-17 01:53:56] Bus 3: V=1.008 pu (raw 1.008) I=407.7 A (raw 409.4) PF=0.9676 FB=CLOSE CMD=OPEN
[2026-05-17 01:53:56] Bus 4: V=1.012 pu (raw 1.010) I=461.2 A (raw 458.8) PF=0.9061 FB=CLOSE CMD=OPEN
[2026-05-17 01:53:56] Bus 5: V=1.005 pu (raw 1.008) I=477.8 A (raw 475.5) PF=0.9721 FB=CLOSE CMD=CLOSE
DT_PATH_LAT,h2,1778957636.260623,21


[2026-05-17 01:54:00] Bus 1: V=1.023 pu (raw 1.020) I=0.0 A (raw 0.0) PF=1.0000 FB=OPEN CMD=OPEN
[2026-05-17 01:54:00] Bus 2: V=1.009 pu (raw 1.015) I=380.6 A (raw 378.5) PF=0.9487 FB=OPEN CMD=OPEN
[2026-05-17 01:54:00] Bus 3: V=1.008 pu (raw 1.008) I=408.5 A (raw 409.4) PF=0.9676 FB=OPEN CMD=OPEN
[2026-05-17 01:54:00] Bus 4: V=1.011 pu (raw 1.010) I=459.4 A (raw 458.8) PF=0.9061 FB=OPEN CMD=OPEN
[2026-05-17 01:54:00] Bus 5: V=1.012 pu (raw 1.008) I=474.0 A (raw 475.5) PF=0.9721 FB=CLOSE CMD=CLOSE
DT_PATH_LAT,h2,1778957640.314428,22


[2026-05-17 01:54:04] Bus 1: V=1.023 pu (raw 1.020) I=2.2 A (raw 0.0) PF=1.0000 FB=OPEN CMD=OPEN
[2026-05-17 01:54:04] Bus 2: V=1.019 pu (raw 1.015) I=378.3 A (raw 378.5) PF=0.9487 FB=OPEN CMD=OPEN
[2026-05-17 01:54:04] Bus 3: V=1.006 pu (raw 1.008) I=410.9 A (raw 409.4) PF=0.9676 FB=OPEN CMD=CLOSE
[2026-05-17 01:54:04] Bus 4: V=1.010 pu (raw 1.010) I=459.0 A (raw 458.8) PF=0.9061 FB=OPEN CMD=CLOSE
[2026-05-17 01:54:04] Bus 5: V=1.012 pu (raw 1.008) I=475.1 A (raw 475.5) PF=0.9721 FB=CLOSE CMD=CLOSE
DT_PATH_LAT,h2,1778957644.370204,23


[2026-05-17 01:54:08] Bus 1: V=1.013 pu (raw 1.020) I=0.0 A (raw 0.0) PF=1.0000 FB=OPEN CMD=OPEN
[2026-05-17 01:54:08] Bus 2: V=1.009 pu (raw 1.015) I=379.8 A (raw 378.5) PF=0.9487 FB=OPEN CMD=OPEN
[2026-05-17 01:54:08] Bus 3: V=1.009 pu (raw 1.008) I=408.4 A (raw 409.4) PF=0.9676 FB=CLOSE CMD=OPEN
[2026-05-17 01:54:08] Bus 4: V=1.010 pu (raw 1.010) I=460.0 A (raw 458.8) PF=0.9061 FB=CLOSE CMD=OPEN
[2026-05-17 01:54:08] Bus 5: V=1.008 pu (raw 1.008) I=477.5 A (raw 475.5) PF=0.9721 FB=CLOSE CMD=CLOSE
DT_PATH_LAT,h2,1778957648.457851,24


[2026-05-17 01:54:12] Bus 1: V=1.020 pu (raw 1.020) I=1.6 A (raw 0.0) PF=1.0000 FB=OPEN CMD=OPEN
[2026-05-17 01:54:12] Bus 2: V=1.019 pu (raw 1.015) I=380.9 A (raw 378.5) PF=0.9487 FB=OPEN CMD=OPEN
[2026-05-17 01:54:12] Bus 3: V=1.006 pu (raw 1.008) I=410.7 A (raw 409.4) PF=0.9676 FB=OPEN CMD=OPEN
[2026-05-17 01:54:12] Bus 4: V=1.004 pu (raw 1.010) I=457.2 A (raw 458.8) PF=0.9061 FB=OPEN CMD=OPEN
[2026-05-17 01:54:12] Bus 5: V=1.002 pu (raw 1.008) I=477.1 A (raw 475.5) PF=0.9721 FB=CLOSE CMD=CLOSE
DT_PATH_LAT,h2,1778957652.522652,25


[2026-05-17 01:54:16] Bus 1: V=1.016 pu (raw 1.020) I=0.0 A (raw 0.0) PF=1.0000 FB=OPEN CMD=OPEN
[2026-05-17 01:54:16] Bus 2: V=1.014 pu (raw 1.015) I=378.5 A (raw 378.5) PF=0.9487 FB=OPEN CMD=OPEN
[2026-05-17 01:54:16] Bus 3: V=1.006 pu (raw 1.008) I=409.7 A (raw 409.4) PF=0.9676 FB=OPEN CMD=CLOSE
[2026-05-17 01:54:16] Bus 4: V=1.015 pu (raw 1.010) I=458.9 A (raw 458.8) PF=0.9061 FB=OPEN CMD=CLOSE
[2026-05-17 01:54:16] Bus 5: V=1.010 pu (raw 1.008) I=477.0 A (raw 475.5) PF=0.9721 FB=CLOSE CMD=CLOSE
DT_PATH_LAT,h2,1778957656.566156,26


[2026-05-17 01:54:20] Bus 1: V=1.019 pu (raw 1.020) I=0.0 A (raw 0.0) PF=1.0000 FB=OPEN CMD=OPEN
[2026-05-17 01:54:20] Bus 2: V=1.013 pu (raw 1.015) I=380.1 A (raw 378.5) PF=0.9487 FB=OPEN CMD=OPEN
[2026-05-17 01:54:20] Bus 3: V=1.003 pu (raw 1.008) I=408.5 A (raw 409.4) PF=0.9676 FB=CLOSE CMD=OPEN
[2026-05-17 01:54:20] Bus 4: V=1.013 pu (raw 1.010) I=460.0 A (raw 458.8) PF=0.9061 FB=CLOSE CMD=OPEN
[2026-05-17 01:54:20] Bus 5: V=1.008 pu (raw 1.008) I=476.7 A (raw 475.5) PF=0.9721 FB=CLOSE CMD=CLOSE
DT_PATH_LAT,h2,1778957660.598302,27


[2026-05-17 01:54:24] Bus 1: V=1.020 pu (raw 1.020) I=0.0 A (raw 0.0) PF=1.0000 FB=OPEN CMD=OPEN
[2026-05-17 01:54:24] Bus 2: V=1.010 pu (raw 1.015) I=377.6 A (raw 378.5) PF=0.9487 FB=OPEN CMD=OPEN
[2026-05-17 01:54:24] Bus 3: V=1.011 pu (raw 1.008) I=408.5 A (raw 409.4) PF=0.9676 FB=OPEN CMD=OPEN
[2026-05-17 01:54:24] Bus 4: V=1.007 pu (raw 1.010) I=457.6 A (raw 458.8) PF=0.9061 FB=OPEN CMD=OPEN
[2026-05-17 01:54:24] Bus 5: V=1.003 pu (raw 1.008) I=475.3 A (raw 475.5) PF=0.9721 FB=CLOSE CMD=CLOSE
DT_PATH_LAT,h2,1778957664.649949,28
