[DOS][INFO] target=10.0.2.2:5001 at=2026-06-01 03:37:04
\n===== DoS LIGHT 2026-06-01 03:37:04 =====
[DOS][LIGHT][UDP] start pps~500 duration=45s
HPING 10.0.2.2 (h5-eth0 10.0.2.2): udp mode set, 28 headers + 128 data bytes
status=0 port=2437 seq=0
status=0 port=2439 seq=2
status=0 port=2438 seq=1
status=0 port=2440 seq=3
status=0 port=2441 seq=4
status=0 port=2442 seq=5
status=0 port=3871 seq=1434
status=0 port=4463 seq=2026
status=0 port=6438 seq=4001
status=0 port=8334 seq=5897
status=0 port=10370 seq=7933
status=0 port=12216 seq=9779
status=0 port=14116 seq=11679
status=0 port=15755 seq=13318
status=0 port=17579 seq=15142
status=0 port=19250 seq=16813
status=0 port=21115 seq=18678
status=0 port=22823 seq=20386
status=0 port=24662 seq=22225
status=0 port=26132 seq=23695
status=0 port=27404 seq=24967
status=0 port=28692 seq=26255
status=0 port=30097 seq=27660
status=0 port=31853 seq=29416
status=0 port=33482 seq=31045
status=0 port=34755 seq=32318
status=0 port=36372 seq=33935
status=0 port=37940 seq=35503
status=0 port=39584 seq=37147
status=0 port=40838 seq=38401
status=0 port=42621 seq=40184
status=0 port=44255 seq=41818
status=0 port=45843 seq=43406
status=0 port=47521 seq=45084
status=0 port=49179 seq=46742
status=0 port=50828 seq=48391
status=0 port=52818 seq=50381
status=0 port=54354 seq=51917
status=0 port=56278 seq=53841
status=0 port=57946 seq=55509
status=0 port=59744 seq=57307
status=0 port=61380 seq=58943
status=0 port=63026 seq=60589
status=0 port=64661 seq=62224
status=0 port=781 seq=63880
status=0 port=2313 seq=65412
status=0 port=4242 seq=67341
status=0 port=6153 seq=69252
status=0 port=7900 seq=70999
status=0 port=9731 seq=72830
status=0 port=11552 seq=74651
status=0 port=13308 seq=76407
status=0 port=15048 seq=78147
status=0 port=16458 seq=79557
status=0 port=18153 seq=81252
status=0 port=19880 seq=82979
status=0 port=21684 seq=84783
status=0 port=23215 seq=86314
status=0 port=24694 seq=87793
status=0 port=26462 seq=89561
status=0 port=28111 seq=91210
status=0 port=29648 seq=92747
status=0 port=31307 seq=94406
status=0 port=32744 seq=95843
status=0 port=34409 seq=97508
status=0 port=36053 seq=99152
status=0 port=37415 seq=100514
status=0 port=39198 seq=102297
status=0 port=40697 seq=103796
status=0 port=42409 seq=105508
status=0 port=43987 seq=107086
status=0 port=45654 seq=108753
status=0 port=47110 seq=110209
status=0 port=48784 seq=111883
status=0 port=50501 seq=113600
status=0 port=52255 seq=115354
status=0 port=53911 seq=117010
status=0 port=55410 seq=118509
status=0 port=57011 seq=120110
status=0 port=58785 seq=121884
status=0 port=60403 seq=123502
status=0 port=62114 seq=125213
status=0 port=63824 seq=126923
status=0 port=65462 seq=128561
status=0 port=1515 seq=130150
status=0 port=3154 seq=131789
status=0 port=4662 seq=0
status=0 port=6538 seq=0
status=0 port=8405 seq=0
status=0 port=10105 seq=0
status=0 port=11781 seq=0
status=0 port=13747 seq=0
status=0 port=15985 seq=0
status=0 port=17980 seq=146615
status=0 port=19423 seq=148058
status=0 port=21209 seq=149844
status=0 port=23084 seq=151719
status=0 port=24638 seq=153273
status=0 port=26241 seq=154876
status=0 port=27830 seq=156465
status=0 port=29450 seq=158085
status=0 port=30870 seq=159505
status=0 port=32446 seq=161081
status=0 port=33940 seq=162575
status=0 port=35537 seq=164172
status=0 port=37259 seq=165894
status=0 port=38967 seq=167602
status=0 port=40579 seq=169214
status=0 port=42106 seq=170741
status=0 port=43482 seq=172117
status=0 port=45239 seq=173874
status=0 port=46832 seq=175467
status=0 port=48548 seq=177183
status=0 port=50190 seq=178825
status=0 port=51920 seq=180555
status=0 port=53502 seq=182137
status=0 port=55297 seq=183932
status=0 port=56856 seq=185491
status=0 port=58098 seq=186733
status=0 port=59859 seq=188494
status=0 port=61576 seq=190211
status=0 port=63073 seq=191708
status=0 port=64912 seq=193547
status=0 port=1044 seq=195215
status=0 port=2797 seq=196968
status=0 port=4656 seq=198827
status=0 port=6398 seq=200569
status=0 port=8080 seq=202251
status=0 port=9704 seq=203875
status=0 port=11403 seq=205574
status=0 port=13222 seq=207393
status=0 port=14814 seq=208985
status=0 port=16509 seq=210680
status=0 port=18031 seq=212202
status=0 port=19800 seq=213971
status=0 port=21504 seq=215675
status=0 port=23015 seq=217186
status=0 port=24731 seq=218902
status=0 port=26487 seq=220658
status=0 port=28218 seq=222389
status=0 port=29957 seq=224128
status=0 port=31623 seq=225794
status=0 port=32967 seq=227138
status=0 port=34529 seq=228700
status=0 port=36053 seq=230224
status=0 port=37857 seq=232028
status=0 port=39576 seq=233747
status=0 port=41117 seq=235288
status=0 port=42981 seq=237152
status=0 port=44356 seq=238527
status=0 port=46069 seq=240240
status=0 port=47769 seq=241940
status=0 port=49431 seq=243602
status=0 port=51004 seq=245175
status=0 port=52625 seq=246796
status=0 port=54307 seq=248478
status=0 port=55974 seq=250145
status=0 port=57532 seq=251703
status=0 port=59245 seq=253416
status=0 port=60822 seq=254993
status=0 port=62374 seq=256545
status=0 port=63977 seq=258148
status=0 port=65495 seq=259666
status=0 port=1849 seq=261556
status=0 port=3561 seq=263268
status=0 port=5052 seq=264759
status=0 port=6687 seq=266394
status=0 port=8382 seq=268089
status=0 port=10258 seq=269965
status=0 port=12079 seq=271786
status=0 port=13633 seq=273340
status=0 port=15296 seq=275003
status=0 port=17011 seq=276718
status=0 port=18712 seq=278419
status=0 port=20535 seq=280242
status=0 port=22111 seq=281818
status=0 port=23892 seq=283599
status=0 port=25642 seq=285349
status=0 port=27268 seq=286975
status=0 port=29016 seq=288723
status=0 port=30473 seq=290180
status=0 port=31569 seq=291276
status=0 port=32980 seq=292687
status=0 port=34750 seq=0
status=0 port=36335 seq=0
status=0 port=38117 seq=0
status=0 port=39904 seq=0
status=0 port=42326 seq=302033
status=0 port=43743 seq=303450
status=0 port=45476 seq=305183
status=0 port=47169 seq=306876
status=0 port=48610 seq=308317
status=0 port=50158 seq=309865
status=0 port=51854 seq=311561
status=0 port=53309 seq=313016
status=0 port=54598 seq=314305
status=0 port=55381 seq=315088
status=0 port=56520 seq=316227
status=0 port=56747 seq=316454
status=0 port=57815 seq=317522
status=0 port=59244 seq=318951
status=0 port=60942 seq=320649
status=0 port=62170 seq=321877
status=0 port=62964 seq=322671
status=0 port=64181 seq=323888
status=0 port=65301 seq=325008
status=0 port=1342 seq=326585
status=0 port=2802 seq=328045
status=0 port=4499 seq=329742
status=0 port=5776 seq=331019
status=0 port=7423 seq=332666
status=0 port=8603 seq=333846
status=0 port=9562 seq=334805
status=0 port=11048 seq=336291
status=0 port=12594 seq=337837
status=0 port=14406 seq=339649
status=0 port=16093 seq=341336
status=0 port=17819 seq=343062
status=0 port=18883 seq=344126
status=0 port=19973 seq=345216
status=0 port=21214 seq=346457
status=0 port=22910 seq=348153
status=0 port=24396 seq=349639
status=0 port=25371 seq=350614
status=0 port=26770 seq=352013
status=0 port=28348 seq=353591
status=0 port=30021 seq=355264
status=0 port=31807 seq=357050
status=0 port=33808 seq=359051
status=0 port=35683 seq=360926
status=0 port=37495 seq=362738
status=0 port=38849 seq=364092
status=0 port=40409 seq=365652
status=0 port=41830 seq=367073
status=0 port=42705 seq=367948
status=0 port=44046 seq=369289
status=0 port=45431 seq=370674
status=0 port=46905 seq=372148
status=0 port=48013 seq=373256
status=0 port=49452 seq=374695
status=0 port=50860 seq=376103
status=0 port=52604 seq=377847
status=0 port=53696 seq=378939
status=0 port=55346 seq=380589
status=0 port=57019 seq=382262
status=0 port=58341 seq=383584
status=0 port=60128 seq=385371
status=0 port=61736 seq=386979
status=0 port=63571 seq=388814
status=0 port=65482 seq=390725
status=0 port=1983 seq=392762
status=0 port=3713 seq=394492
status=0 port=5357 seq=396136
status=0 port=7145 seq=397924
status=0 port=8635 seq=399414
status=0 port=10078 seq=400857
status=0 port=11750 seq=402529
status=0 port=13465 seq=404244
status=0 port=15228 seq=406007
status=0 port=17146 seq=407925
status=0 port=18966 seq=409745
status=0 port=20879 seq=411658
status=0 port=22701 seq=413480
status=0 port=24267 seq=415046
status=0 port=25969 seq=416748
status=0 port=27622 seq=418401
status=0 port=28811 seq=419590
status=0 port=30225 seq=421004
sta[DOS][INFO] target=10.0.2.2:5001 at=2026-06-01 03:41:48
\n===== DoS HEAVY 2026-06-01 03:41:48 =====
[DOS][HEAVY][UDP] start pps~3000 duration=60s

--- 10.0.2.2 hping statistic ---
447391 packets transmitted, 290 packets received, 100% packet loss
round-trip min/avg/max = 1.3/19.0/326.4 ms
tus=0 port=31545 seq=422324
status=0 port=32879 seq=423658
status=0 port=33992 seq=424771
status=0 port=34421 seq=425200
status=0 port=35299 seq=426078
status=0 port=36158 seq=426937
status=0 port=37308 seq=428087
status=0 port=38583 seq=429362
status=0 port=39386 seq=430165
status=0 port=40532 seq=431311
status=0 port=41585 seq=432364
status=0 port=42604 seq=0
status=0 port=43833 seq=0
status=0 port=45062 seq=0
status=0 port=46701 seq=437480
status=0 port=47922 seq=438701
status=0 port=49164 seq=439943
status=0 port=50400 seq=441179
status=0 port=51500 seq=442279
status=0 port=52873 seq=443652
status=0 port=54765 seq=445544
status=0 port=56581 seq=447360
hping in flood mode, no replies will be shown

--- 10.0.2.2 hping statistic ---
865724 packets transmitted, 0 packets received, 100% packet loss
round-trip min/avg/max = 0.0/0.0/0.0 ms
HPING 10.0.2.2 (h5-eth0 10.0.2.2): udp mode set, 28 headers + 128 data bytes
