numba cannot be imported and numba functions are disabled.
Probably the execution is slow.
Please install numba to gain a massive speedup.
(or if you prefer slow execution, set the flag numba=False to avoid this warning!)
Field bus -> Pandapower bus mapping: {1: 0, 2: 1, 3: 2, 4: 3, 5: 4}
Unique bus->line mapping: {1: 0, 2: 1, 3: 2, 4: 3}
OPC UA connected: opc.tcp://10.0.2.2:4840/mininet/
Namespace index: 2
DT_PATH_LAT,h4,1779177334.898343,1
numba cannot be imported and numba functions are disabled.
Probably the execution is slow.
Please install numba to gain a massive speedup.
(or if you prefer slow execution, set the flag numba=False to avoid this warning!)

 2026-05-19 14:55:34
Load flow sukses. Voltage snapshot (pu): [1.02, 1.0097120150048151, 1.0070568760642933, 1.0099999999999996, 1.0081943503262638]
[h4] 2026-05-19 14:55:34 bus=1 line=0 pp_bus=0 | i_from=0.8092 i_to=0.8092 i_line=0.8092 kA | max_i=1.2000 thr_open=1.2000 thr_close=1.1400 | was_closed=True cmd=1 in_svc=True brk_fb=1 | vm_pu=1.0200 P_in=151.0766 Q_in=40.1203
[h4] 2026-05-19 14:55:34 bus=2 line=1 pp_bus=1 | i_from=0.4235 i_to=0.4235 i_line=0.4235 kA | max_i=0.8000 thr_open=0.8000 thr_close=0.7600 | was_closed=True cmd=1 in_svc=True brk_fb=1 | vm_pu=1.0097 P_in=69.0251 Q_in=33.0384
[h4] 2026-05-19 14:55:34 bus=3 line=2 pp_bus=2 | i_from=0.1467 i_to=0.1467 i_line=0.1467 kA | max_i=0.5000 thr_open=0.5000 thr_close=0.4750 | was_closed=True cmd=1 in_svc=True brk_fb=1 | vm_pu=1.0071 P_in=68.0193 Q_in=32.9240
[h4] 2026-05-19 14:55:34 bus=4 line=3 pp_bus=3 | i_from=0.4939 i_to=0.4939 i_line=0.4939 kA | max_i=0.8000 thr_open=0.8000 thr_close=0.7600 | was_closed=True cmd=1 in_svc=True brk_fb=1 | vm_pu=1.0100 P_in=80.3411 Q_in=49.4741
[h4] 2026-05-19 14:55:34 bus=5 line=- pp_bus=4 | no_line_switch | brk_fb=1 cmd=1 | vm_pu=1.0082 P_in=92.7022 Q_in=20.1875
DT_PATH_LAT,h4,1779177339.038223,2
numba cannot be imported and numba functions are disabled.
Probably the execution is slow.
Please install numba to gain a massive speedup.
(or if you prefer slow execution, set the flag numba=False to avoid this warning!)

 2026-05-19 14:55:39
Load flow sukses. Voltage snapshot (pu): [1.02, 1.0096922295109154, 1.0070250161534138, 1.0099999999999996, 1.0082091391252592]
[h4] 2026-05-19 14:55:39 bus=1 line=0 pp_bus=0 | i_from=0.8083 i_to=0.8083 i_line=0.8083 kA | max_i=1.2000 thr_open=1.2000 thr_close=1.1400 | was_closed=True cmd=1 in_svc=True brk_fb=1 | vm_pu=1.0200 P_in=151.2791 Q_in=40.1741
[h4] 2026-05-19 14:55:39 bus=2 line=1 pp_bus=1 | i_from=0.4221 i_to=0.4221 i_line=0.4221 kA | max_i=0.8000 thr_open=0.8000 thr_close=0.7600 | was_closed=True cmd=1 in_svc=True brk_fb=1 | vm_pu=1.0097 P_in=69.0566 Q_in=33.0534
[h4] 2026-05-19 14:55:39 bus=3 line=2 pp_bus=2 | i_from=0.1445 i_to=0.1445 i_line=0.1445 kA | max_i=0.5000 thr_open=0.5000 thr_close=0.4750 | was_closed=True cmd=1 in_svc=True brk_fb=1 | vm_pu=1.0070 P_in=68.4745 Q_in=33.1443
[h4] 2026-05-19 14:55:39 bus=4 line=3 pp_bus=3 | i_from=0.4899 i_to=0.4899 i_line=0.4899 kA | max_i=0.8000 thr_open=0.8000 thr_close=0.7600 | was_closed=True cmd=1 in_svc=True brk_fb=1 | vm_pu=1.0100 P_in=79.0952 Q_in=48.7069
[h4] 2026-05-19 14:55:39 bus=5 line=- pp_bus=4 | no_line_switch | brk_fb=1 cmd=1 | vm_pu=1.0082 P_in=91.9459 Q_in=20.0228
DT_PATH_LAT,h4,1779177343.176417,3
numba cannot be imported and numba functions are disabled.
Probably the execution is slow.
Please install numba to gain a massive speedup.
(or if you prefer slow execution, set the flag numba=False to avoid this warning!)

 2026-05-19 14:55:43
Load flow sukses. Voltage snapshot (pu): [1.02, 1.0089547720369394, 1.0061805939707948, 1.01, 1.0082023368601265]
[h4] 2026-05-19 14:55:43 bus=1 line=0 pp_bus=0 | i_from=0.8528 i_to=0.8528 i_line=0.8528 kA | max_i=1.2000 thr_open=1.2000 thr_close=1.1400 | was_closed=True cmd=1 in_svc=True brk_fb=1 | vm_pu=1.0200 P_in=157.9381 Q_in=42.6622
[h4] 2026-05-19 14:55:43 bus=2 line=1 pp_bus=1 | i_from=0.4230 i_to=0.4230 i_line=0.4230 kA | max_i=0.8000 thr_open=0.8000 thr_close=0.7600 | was_closed=True cmd=1 in_svc=True brk_fb=1 | vm_pu=1.0090 P_in=76.7083 Q_in=35.6165
[h4] 2026-05-19 14:55:43 bus=3 line=2 pp_bus=2 | i_from=0.1561 i_to=0.1561 i_line=0.1561 kA | max_i=0.5000 thr_open=0.5000 thr_close=0.4750 | was_closed=True cmd=1 in_svc=True brk_fb=1 | vm_pu=1.0062 P_in=72.7533 Q_in=38.7328
[h4] 2026-05-19 14:55:43 bus=4 line=3 pp_bus=3 | i_from=0.4700 i_to=0.4700 i_line=0.4700 kA | max_i=0.8000 thr_open=0.8000 thr_close=0.7600 | was_closed=True cmd=1 in_svc=True brk_fb=1 | vm_pu=1.0100 P_in=80.2451 Q_in=56.9496
[h4] 2026-05-19 14:55:43 bus=5 line=- pp_bus=4 | no_line_switch | brk_fb=1 cmd=1 | vm_pu=1.0082 P_in=87.5922 Q_in=21.8760
DT_PATH_LAT,h4,1779177347.336177,4
numba cannot be imported and numba functions are disabled.
Probably the execution is slow.
Please install numba to gain a massive speedup.
(or if you prefer slow execution, set the flag numba=False to avoid this warning!)

 2026-05-19 14:55:47
Load flow sukses. Voltage snapshot (pu): [1.02, 1.0091447224032661, 1.006472920371776, 1.0099999999999998, 1.007371813784455]
[h4] 2026-05-19 14:55:47 bus=1 line=0 pp_bus=0 | i_from=1.0860 i_to=1.0860 i_line=1.0860 kA | max_i=1.2000 thr_open=1.2000 thr_close=1.1400 | was_closed=True cmd=1 in_svc=True brk_fb=1 | vm_pu=1.0200 P_in=236.1524 Q_in=63.7894
[h4] 2026-05-19 14:55:47 bus=2 line=1 pp_bus=1 | i_from=0.6870 i_to=0.6870 i_line=0.6870 kA | max_i=0.8000 thr_open=0.8000 thr_close=0.7600 | was_closed=True cmd=1 in_svc=True brk_fb=1 | vm_pu=1.0091 P_in=76.0107 Q_in=33.3128
[h4] 2026-05-19 14:55:47 bus=3 line=2 pp_bus=2 | i_from=0.3537 i_to=0.3537 i_line=0.3537 kA | max_i=0.5000 thr_open=0.5000 thr_close=0.4750 | was_closed=True cmd=1 in_svc=True brk_fb=1 | vm_pu=1.0065 P_in=79.6413 Q_in=31.7262
[h4] 2026-05-19 14:55:47 bus=4 line=3 pp_bus=3 | i_from=0.7012 i_to=0.7012 i_line=0.7012 kA | max_i=0.8000 thr_open=0.8000 thr_close=0.7600 | was_closed=True cmd=1 in_svc=True brk_fb=1 | vm_pu=1.0100 P_in=119.3945 Q_in=60.4387
[h4] 2026-05-19 14:55:47 bus=5 line=- pp_bus=4 | no_line_switch | brk_fb=1 cmd=1 | vm_pu=1.0074 P_in=131.0306 Q_in=30.7202
DT_PATH_LAT,h4,1779177351.498933,5
numba cannot be imported and numba functions are disabled.
Probably the execution is slow.
Please install numba to gain a massive speedup.
(or if you prefer slow execution, set the flag numba=False to avoid this warning!)

 2026-05-19 14:55:51
Load flow sukses. Voltage snapshot (pu): [1.02, 1.0108035537189444, 1.007650272420069, 1.0099999999999998, 1.0082607667164802]
[h4] 2026-05-19 14:55:51 bus=1 line=0 pp_bus=0 | i_from=0.7376 i_to=0.7376 i_line=0.7376 kA | max_i=1.2000 thr_open=1.2000 thr_close=1.1400 | was_closed=True cmd=1 in_svc=True brk_fb=1 | vm_pu=1.0200 P_in=138.2712 Q_in=36.4884
[h4] 2026-05-19 14:55:51 bus=2 line=1 pp_bus=1 | i_from=0.4574 i_to=0.4574 i_line=0.4574 kA | max_i=0.8000 thr_open=0.8000 thr_close=0.7600 | was_closed=True cmd=1 in_svc=True brk_fb=1 | vm_pu=1.0108 P_in=50.4536 Q_in=22.1120
[h4] 2026-05-19 14:55:51 bus=3 line=2 pp_bus=2 | i_from=0.1040 i_to=0.1040 i_line=0.1040 kA | max_i=0.5000 thr_open=0.5000 thr_close=0.4750 | was_closed=True cmd=1 in_svc=True brk_fb=1 | vm_pu=1.0077 P_in=79.8422 Q_in=31.8062
[h4] 2026-05-19 14:55:51 bus=4 line=3 pp_bus=3 | i_from=0.4645 i_to=0.4645 i_line=0.4645 kA | max_i=0.8000 thr_open=0.8000 thr_close=0.7600 | was_closed=True cmd=1 in_svc=True brk_fb=1 | vm_pu=1.0100 P_in=79.3663 Q_in=40.1760
[h4] 2026-05-19 14:55:51 bus=5 line=- pp_bus=4 | no_line_switch | brk_fb=1 cmd=1 | vm_pu=1.0083 P_in=86.8726 Q_in=20.3673
DT_PATH_LAT,h4,1779177355.684508,6
numba cannot be imported and numba functions are disabled.
Probably the execution is slow.
Please install numba to gain a massive speedup.
(or if you prefer slow execution, set the flag numba=False to avoid this warning!)

 2026-05-19 14:55:55
Load flow sukses. Voltage snapshot (pu): [1.02, 1.0090004695617507, 1.0063621747747544, 1.01, 1.007039616226774]
[h4] 2026-05-19 14:55:55 bus=1 line=0 pp_bus=0 | i_from=1.1076 i_to=1.1076 i_line=1.1076 kA | max_i=1.2000 thr_open=1.2000 thr_close=1.1400 | was_closed=True cmd=1 in_svc=True brk_fb=1 | vm_pu=1.0200 P_in=168.5121 Q_in=37.0270
[h4] 2026-05-19 14:55:55 bus=2 line=1 pp_bus=1 | i_from=0.7199 i_to=0.7199 i_line=0.7199 kA | max_i=0.8000 thr_open=0.8000 thr_close=0.7600 | was_closed=True cmd=1 in_svc=True brk_fb=1 | vm_pu=1.0090 P_in=74.1490 Q_in=35.8069
[h4] 2026-05-19 14:55:55 bus=3 line=2 pp_bus=2 | i_from=0.3620 i_to=0.3620 i_line=0.3620 kA | max_i=0.5000 thr_open=0.5000 thr_close=0.4750 | was_closed=True cmd=1 in_svc=True brk_fb=1 | vm_pu=1.0064 P_in=84.5737 Q_in=29.9039
[h4] 2026-05-19 14:55:55 bus=4 line=3 pp_bus=3 | i_from=0.7199 i_to=0.7199 i_line=0.7199 kA | max_i=0.8000 thr_open=0.8000 thr_close=0.7600 | was_closed=True cmd=1 in_svc=True brk_fb=1 | vm_pu=1.0100 P_in=120.5918 Q_in=89.5648
[h4] 2026-05-19 14:55:55 bus=5 line=- pp_bus=4 | no_line_switch | brk_fb=1 cmd=1 | vm_pu=1.0070 P_in=132.0760 Q_in=40.4314
DT_PATH_LAT,h4,1779177359.826043,7
numba cannot be imported and numba functions are disabled.
Probably the execution is slow.
Please install numba to gain a massive speedup.
(or if you prefer slow execution, set the flag numba=False to avoid this warning!)

 2026-05-19 14:55:59
Load flow sukses. Voltage snapshot (pu): [1.02, 1.0067426351899529, 1.004818862244271, 1.0099999999999998, 1.0070401338053323]
[h4] 2026-05-19 14:55:59 bus=1 line=0 pp_bus=0 | i_from=1.2997 i_to=1.2997 i_line=1.2997 kA | max_i=1.2000 thr_open=1.2000 thr_close=1.1400 | was_closed=True cmd=0 in_svc=True brk_fb=1 | vm_pu=1.0200 P_in=252.5276 Q_in=55.4876
[h4] 2026-05-19 14:55:59 bus=2 line=1 pp_bus=1 | i_from=0.7253 i_to=0.7253 i_line=0.7253 kA | max_i=0.8000 thr_open=0.8000 thr_close=0.7600 | was_closed=True cmd=1 in_svc=True brk_fb=1 | vm_pu=1.0067 P_in=110.7398 Q_in=53.4768
[h4] 2026-05-19 14:55:59 bus=3 line=2 pp_bus=2 | i_from=0.4001 i_to=0.4001 i_line=0.4001 kA | max_i=0.5000 thr_open=0.5000 thr_close=0.4750 | was_closed=True cmd=1 in_svc=True brk_fb=1 | vm_pu=1.0048 P_in=83.7579 Q_in=29.6154
[h4] 2026-05-19 14:55:59 bus=4 line=3 pp_bus=3 | i_from=0.7198 i_to=0.7198 i_line=0.7198 kA | max_i=0.8000 thr_open=0.8000 thr_close=0.7600 | was_closed=True cmd=1 in_svc=True brk_fb=1 | vm_pu=1.0100 P_in=119.6361 Q_in=88.8551
[h4] 2026-05-19 14:55:59 bus=5 line=- pp_bus=4 | no_line_switch | brk_fb=1 cmd=1 | vm_pu=1.0070 P_in=132.0530 Q_in=40.4244
DT_PATH_LAT,h4,1779177363.972561,8
numba cannot be imported and numba functions are disabled.
Probably the execution is slow.
Please install numba to gain a massive speedup.
(or if you prefer slow execution, set the flag numba=False to avoid this warning!)

 2026-05-19 14:56:04
Load flow sukses. Voltage snapshot (pu): [1.02, 1.0097122629075874, 1.0071820555820692, 1.01, 1.0081288286517218]
[h4] 2026-05-19 14:56:04 bus=1 line=0 pp_bus=0 | i_from=0.8282 i_to=0.8282 i_line=0.8282 kA | max_i=1.2000 thr_open=1.2000 thr_close=1.1400 | was_closed=True cmd=1 in_svc=True brk_fb=1 | vm_pu=1.0200 P_in=157.0804 Q_in=38.7459
[h4] 2026-05-19 14:56:04 bus=2 line=1 pp_bus=1 | i_from=0.4013 i_to=0.4013 i_line=0.4013 kA | max_i=0.8000 thr_open=0.8000 thr_close=0.7600 | was_closed=True cmd=1 in_svc=True brk_fb=1 | vm_pu=1.0097 P_in=77.5707 Q_in=31.4089
[h4] 2026-05-19 14:56:04 bus=3 line=2 pp_bus=2 | i_from=0.1475 i_to=0.1475 i_line=0.1475 kA | max_i=0.5000 thr_open=0.5000 thr_close=0.4750 | was_closed=True cmd=1 in_svc=True brk_fb=1 | vm_pu=1.0072 P_in=62.6764 Q_in=32.3354
[h4] 2026-05-19 14:56:04 bus=4 line=3 pp_bus=3 | i_from=0.5013 i_to=0.5013 i_line=0.5013 kA | max_i=0.8000 thr_open=0.8000 thr_close=0.7600 | was_closed=True cmd=1 in_svc=True brk_fb=1 | vm_pu=1.0100 P_in=79.9111 Q_in=50.5725
[h4] 2026-05-19 14:56:04 bus=5 line=- pp_bus=4 | no_line_switch | brk_fb=1 cmd=1 | vm_pu=1.0081 P_in=93.7922 Q_in=21.7720
numba cannot be imported and numba functions are disabled.
Probably the execution is slow.
Please install numba to gain a massive speedup.
(or if you prefer slow execution, set the flag numba=False to avoid this warning!)

 2026-05-19 14:56:08
Load flow sukses. Voltage snapshot (pu): [1.02, 1.0097122629075874, 1.0071820555820692, 1.01, 1.0081288286517218]
[h4] 2026-05-19 14:56:08 bus=1 line=0 pp_bus=0 | i_from=0.8282 i_to=0.8282 i_line=0.8282 kA | max_i=1.2000 thr_open=1.2000 thr_close=1.1400 | was_closed=True cmd=1 in_svc=True brk_fb=1 | vm_pu=1.0200 P_in=234.6310 Q_in=57.8748
[h4] 2026-05-19 14:56:08 bus=2 line=1 pp_bus=1 | i_from=0.4013 i_to=0.4013 i_line=0.4013 kA | max_i=0.8000 thr_open=0.8000 thr_close=0.7600 | was_closed=True cmd=1 in_svc=True brk_fb=1 | vm_pu=1.0097 P_in=77.5707 Q_in=31.4089
[h4] 2026-05-19 14:56:08 bus=3 line=2 pp_bus=2 | i_from=0.1475 i_to=0.1475 i_line=0.1475 kA | max_i=0.5000 thr_open=0.5000 thr_close=0.4750 | was_closed=True cmd=1 in_svc=True brk_fb=1 | vm_pu=1.0072 P_in=62.6764 Q_in=32.3354
[h4] 2026-05-19 14:56:08 bus=4 line=3 pp_bus=3 | i_from=0.5013 i_to=0.5013 i_line=0.5013 kA | max_i=0.8000 thr_open=0.8000 thr_close=0.7600 | was_closed=True cmd=1 in_svc=True brk_fb=1 | vm_pu=1.0100 P_in=79.9111 Q_in=50.5725
[h4] 2026-05-19 14:56:08 bus=5 line=- pp_bus=4 | no_line_switch | brk_fb=1 cmd=1 | vm_pu=1.0081 P_in=93.7922 Q_in=21.7720
DT_PATH_LAT,h4,1779177372.231798,9
numba cannot be imported and numba functions are disabled.
Probably the execution is slow.
Please install numba to gain a massive speedup.
(or if you prefer slow execution, set the flag numba=False to avoid this warning!)

 2026-05-19 14:56:12
Load flow sukses. Voltage snapshot (pu): [1.02, 1.0056697615633992, 1.002983745925096, 1.01, 1.0071875334054141]
[h4] 2026-05-19 14:56:12 bus=1 line=0 pp_bus=0 | i_from=1.4444 i_to=1.4444 i_line=1.4444 kA | max_i=1.2000 thr_open=1.2000 thr_close=1.1400 | was_closed=True cmd=0 in_svc=True brk_fb=1 | vm_pu=1.0200 P_in=234.6310 Q_in=57.8748
[h4] 2026-05-19 14:56:12 bus=2 line=1 pp_bus=1 | i_from=0.8248 i_to=0.8248 i_line=0.8248 kA | max_i=0.8000 thr_open=0.8000 thr_close=0.7600 | was_closed=True cmd=0 in_svc=True brk_fb=1 | vm_pu=1.0057 P_in=118.7775 Q_in=48.0938
[h4] 2026-05-19 14:56:12 bus=3 line=2 pp_bus=2 | i_from=0.4927 i_to=0.4927 i_line=0.4927 kA | max_i=0.5000 thr_open=0.5000 thr_close=0.4750 | was_closed=True cmd=1 in_svc=True brk_fb=1 | vm_pu=1.0030 P_in=94.5133 Q_in=48.7604
[h4] 2026-05-19 14:56:12 bus=4 line=3 pp_bus=3 | i_from=0.7527 i_to=0.7527 i_line=0.7527 kA | max_i=0.8000 thr_open=0.8000 thr_close=0.7600 | was_closed=True cmd=1 in_svc=True brk_fb=1 | vm_pu=1.0100 P_in=119.8608 Q_in=75.8550
[h4] 2026-05-19 14:56:12 bus=5 line=- pp_bus=4 | no_line_switch | brk_fb=1 cmd=1 | vm_pu=1.0072 P_in=140.6957 Q_in=32.6597
DT_PATH_LAT,h4,1779177376.389454,10
numba cannot be imported and numba functions are disabled.
Probably the execution is slow.
Please install numba to gain a massive speedup.
(or if you prefer slow execution, set the flag numba=False to avoid this warning!)

 2026-05-19 14:56:16
Load flow sukses. Voltage snapshot (pu): [1.02, nan, nan, nan, nan]
[h4] 2026-05-19 14:56:16 bus=1 line=0 pp_bus=0 | i_from=nan i_to=nan i_line=nan kA | max_i=1.2000 thr_open=1.2000 thr_close=1.1400 | was_closed=False cmd=0 in_svc=True brk_fb=0 | vm_pu=1.0200 P_in=0.0000 Q_in=0.0000
[h4] 2026-05-19 14:56:16 bus=2 line=1 pp_bus=1 | i_from=nan i_to=nan i_line=nan kA | max_i=0.8000 thr_open=0.8000 thr_close=0.7600 | was_closed=True cmd=1 in_svc=True brk_fb=1 | vm_pu=nan P_in=78.3795 Q_in=31.7364
[h4] 2026-05-19 14:56:16 bus=3 line=2 pp_bus=2 | i_from=nan i_to=nan i_line=nan kA | max_i=0.5000 thr_open=0.5000 thr_close=0.4750 | was_closed=True cmd=1 in_svc=True brk_fb=1 | vm_pu=nan P_in=94.5026 Q_in=48.7548
[h4] 2026-05-19 14:56:16 bus=4 line=3 pp_bus=3 | i_from=nan i_to=nan i_line=nan kA | max_i=0.8000 thr_open=0.8000 thr_close=0.7600 | was_closed=True cmd=1 in_svc=True brk_fb=1 | vm_pu=nan P_in=80.0677 Q_in=50.6716
[h4] 2026-05-19 14:56:16 bus=5 line=- pp_bus=4 | no_line_switch | brk_fb=1 cmd=1 | vm_pu=nan P_in=140.2756 Q_in=32.5621
DT_PATH_LAT,h4,1779177380.546759,11
numba cannot be imported and numba functions are disabled.
Probably the execution is slow.
Please install numba to gain a massive speedup.
(or if you prefer slow execution, set the flag numba=False to avoid this warning!)

 2026-05-19 14:56:20
Load flow sukses. Voltage snapshot (pu): [1.02, 1.0081954814399492, 1.004815356816162, 1.01, 1.0081356342727008]
[h4] 2026-05-19 14:56:20 bus=1 line=0 pp_bus=0 | i_from=0.9956 i_to=0.9956 i_line=0.9956 kA | max_i=1.2000 thr_open=1.2000 thr_close=1.1400 | was_closed=True cmd=1 in_svc=True brk_fb=1 | vm_pu=1.0200 P_in=0.2850 Q_in=0.0000
[h4] 2026-05-19 14:56:20 bus=2 line=1 pp_bus=1 | i_from=0.5633 i_to=0.5633 i_line=0.5633 kA | max_i=0.8000 thr_open=0.8000 thr_close=0.7600 | was_closed=True cmd=1 in_svc=True brk_fb=1 | vm_pu=1.0082 P_in=79.0153 Q_in=31.9939
[h4] 2026-05-19 14:56:20 bus=3 line=2 pp_bus=2 | i_from=0.2229 i_to=0.2229 i_line=0.2229 kA | max_i=0.5000 thr_open=0.5000 thr_close=0.4750 | was_closed=True cmd=1 in_svc=True brk_fb=1 | vm_pu=1.0048 P_in=93.8632 Q_in=48.4249
[h4] 2026-05-19 14:56:20 bus=4 line=3 pp_bus=3 | i_from=0.4995 i_to=0.4995 i_line=0.4995 kA | max_i=0.8000 thr_open=0.8000 thr_close=0.7600 | was_closed=True cmd=1 in_svc=True brk_fb=1 | vm_pu=1.0100 P_in=120.3582 Q_in=76.1699
[h4] 2026-05-19 14:56:20 bus=5 line=- pp_bus=4 | no_line_switch | brk_fb=1 cmd=1 | vm_pu=1.0081 P_in=93.4524 Q_in=21.6931
DT_PATH_LAT,h4,1779177384.709069,12
numba cannot be imported and numba functions are disabled.
Probably the execution is slow.
Please install numba to gain a massive speedup.
(or if you prefer slow execution, set the flag numba=False to avoid this warning!)

 2026-05-19 14:56:24
Load flow sukses. Voltage snapshot (pu): [1.02, nan, nan, nan, nan]
[h4] 2026-05-19 14:56:24 bus=1 line=0 pp_bus=0 | i_from=nan i_to=nan i_line=nan kA | max_i=1.2000 thr_open=1.2000 thr_close=1.1400 | was_closed=False cmd=0 in_svc=True brk_fb=0 | vm_pu=1.0200 P_in=0.0000 Q_in=0.0000
[h4] 2026-05-19 14:56:24 bus=2 line=1 pp_bus=1 | i_from=nan i_to=nan i_line=nan kA | max_i=0.8000 thr_open=0.8000 thr_close=0.7600 | was_closed=False cmd=0 in_svc=True brk_fb=0 | vm_pu=nan P_in=117.4215 Q_in=47.5448
[h4] 2026-05-19 14:56:24 bus=3 line=2 pp_bus=2 | i_from=nan i_to=nan i_line=nan kA | max_i=0.5000 thr_open=0.5000 thr_close=0.4750 | was_closed=True cmd=1 in_svc=True brk_fb=1 | vm_pu=nan P_in=62.6660 Q_in=32.3300
[h4] 2026-05-19 14:56:24 bus=4 line=3 pp_bus=3 | i_from=nan i_to=nan i_line=nan kA | max_i=0.8000 thr_open=0.8000 thr_close=0.7600 | was_closed=True cmd=1 in_svc=True brk_fb=1 | vm_pu=nan P_in=80.0568 Q_in=50.6647
[h4] 2026-05-19 14:56:24 bus=5 line=- pp_bus=4 | no_line_switch | brk_fb=1 cmd=1 | vm_pu=nan P_in=140.0791 Q_in=32.5165
DT_PATH_LAT,h4,1779177388.815667,13
numba cannot be imported and numba functions are disabled.
Probably the execution is slow.
Please install numba to gain a massive speedup.
(or if you prefer slow execution, set the flag numba=False to avoid this warning!)

 2026-05-19 14:56:28
Load flow sukses. Voltage snapshot (pu): [1.02, nan, nan, nan, nan]
[h4] 2026-05-19 14:56:28 bus=1 line=0 pp_bus=0 | i_from=nan i_to=nan i_line=nan kA | max_i=1.2000 thr_open=1.2000 thr_close=1.1400 | was_closed=False cmd=0 in_svc=True brk_fb=0 | vm_pu=1.0200 P_in=0.2713 Q_in=0.0000
[h4] 2026-05-19 14:56:28 bus=2 line=1 pp_bus=1 | i_from=nan i_to=nan i_line=nan kA | max_i=0.8000 thr_open=0.8000 thr_close=0.7600 | was_closed=True cmd=1 in_svc=True brk_fb=1 | vm_pu=nan P_in=118.7617 Q_in=48.0875
[h4] 2026-05-19 14:56:28 bus=3 line=2 pp_bus=2 | i_from=nan i_to=nan i_line=nan kA | max_i=0.5000 thr_open=0.5000 thr_close=0.4750 | was_closed=True cmd=1 in_svc=True brk_fb=1 | vm_pu=nan P_in=62.9044 Q_in=32.4530
[h4] 2026-05-19 14:56:28 bus=4 line=3 pp_bus=3 | i_from=nan i_to=nan i_line=nan kA | max_i=0.8000 thr_open=0.8000 thr_close=0.7600 | was_closed=True cmd=1 in_svc=True brk_fb=1 | vm_pu=nan P_in=120.1969 Q_in=76.0678
[h4] 2026-05-19 14:56:28 bus=5 line=- pp_bus=4 | no_line_switch | brk_fb=1 cmd=1 | vm_pu=nan P_in=140.1778 Q_in=32.5394
DT_PATH_LAT,h4,1779177392.906998,14
numba cannot be imported and numba functions are disabled.
Probably the execution is slow.
Please install numba to gain a massive speedup.
(or if you prefer slow execution, set the flag numba=False to avoid this warning!)

 2026-05-19 14:56:32
Load flow sukses. Voltage snapshot (pu): [1.02, 1.0091545406032596, 1.006861981988621, 1.0099999999999998, 1.0071826575172464]
[h4] 2026-05-19 14:56:32 bus=1 line=0 pp_bus=0 | i_from=1.0414 i_to=1.0414 i_line=1.0414 kA | max_i=1.2000 thr_open=1.2000 thr_close=1.1400 | was_closed=True cmd=1 in_svc=True brk_fb=1 | vm_pu=1.0200 P_in=189.4631 Q_in=61.1230
[h4] 2026-05-19 14:56:32 bus=2 line=1 pp_bus=1 | i_from=0.5893 i_to=0.5893 i_line=0.5893 kA | max_i=0.8000 thr_open=0.8000 thr_close=0.7600 | was_closed=True cmd=1 in_svc=True brk_fb=1 | vm_pu=1.0092 P_in=85.6510 Q_in=35.6558
[h4] 2026-05-19 14:56:32 bus=3 line=2 pp_bus=2 | i_from=0.3353 i_to=0.3353 i_line=0.3353 kA | max_i=0.5000 thr_open=0.5000 thr_close=0.4750 | was_closed=True cmd=1 in_svc=True brk_fb=1 | vm_pu=1.0069 P_in=62.8362 Q_in=30.2548
[h4] 2026-05-19 14:56:32 bus=4 line=3 pp_bus=3 | i_from=0.7009 i_to=0.7009 i_line=0.7009 kA | max_i=0.8000 thr_open=0.8000 thr_close=0.7600 | was_closed=True cmd=1 in_svc=True brk_fb=1 | vm_pu=1.0100 P_in=79.7436 Q_in=39.9001
[h4] 2026-05-19 14:56:32 bus=5 line=- pp_bus=4 | no_line_switch | brk_fb=1 cmd=1 | vm_pu=1.0072 P_in=129.2621 Q_in=37.1473
DT_PATH_LAT,h4,1779177397.149818,16
numba cannot be imported and numba functions are disabled.
Probably the execution is slow.
Please install numba to gain a massive speedup.
(or if you prefer slow execution, set the flag numba=False to avoid this warning!)

 2026-05-19 14:56:37
Load flow sukses. Voltage snapshot (pu): [1.02, nan, nan, nan, nan]
[h4] 2026-05-19 14:56:37 bus=1 line=0 pp_bus=0 | i_from=nan i_to=nan i_line=nan kA | max_i=1.2000 thr_open=1.2000 thr_close=1.1400 | was_closed=False cmd=0 in_svc=True brk_fb=0 | vm_pu=1.0200 P_in=0.0000 Q_in=0.0000
[h4] 2026-05-19 14:56:37 bus=2 line=1 pp_bus=1 | i_from=nan i_to=nan i_line=nan kA | max_i=0.8000 thr_open=0.8000 thr_close=0.7600 | was_closed=True cmd=1 in_svc=True brk_fb=1 | vm_pu=nan P_in=85.9843 Q_in=35.7945
[h4] 2026-05-19 14:56:37 bus=3 line=2 pp_bus=2 | i_from=nan i_to=nan i_line=nan kA | max_i=0.5000 thr_open=0.5000 thr_close=0.4750 | was_closed=True cmd=1 in_svc=True brk_fb=1 | vm_pu=nan P_in=62.2315 Q_in=29.9636
[h4] 2026-05-19 14:56:37 bus=4 line=3 pp_bus=3 | i_from=nan i_to=nan i_line=nan kA | max_i=0.8000 thr_open=0.8000 thr_close=0.7600 | was_closed=True cmd=1 in_svc=True brk_fb=1 | vm_pu=nan P_in=119.8515 Q_in=59.9684
[h4] 2026-05-19 14:56:37 bus=5 line=- pp_bus=4 | no_line_switch | brk_fb=1 cmd=1 | vm_pu=nan P_in=127.6555 Q_in=36.6856
DT_PATH_LAT,h4,1779177401.260767,17
numba cannot be imported and numba functions are disabled.
Probably the execution is slow.
Please install numba to gain a massive speedup.
(or if you prefer slow execution, set the flag numba=False to avoid this warning!)

 2026-05-19 14:56:41
Load flow sukses. Voltage snapshot (pu): [1.02, 1.0077375882318444, 1.0045946731099533, 1.0099999999999996, 1.0071880268282989]
[h4] 2026-05-19 14:56:41 bus=1 line=0 pp_bus=0 | i_from=1.2058 i_to=1.2058 i_line=1.2058 kA | max_i=1.2000 thr_open=1.2000 thr_close=1.1400 | was_closed=True cmd=0 in_svc=True brk_fb=1 | vm_pu=1.0200 P_in=0.0000 Q_in=0.0000
[h4] 2026-05-19 14:56:41 bus=2 line=1 pp_bus=1 | i_from=0.7539 i_to=0.7539 i_line=0.7539 kA | max_i=0.8000 thr_open=0.8000 thr_close=0.7600 | was_closed=True cmd=1 in_svc=True brk_fb=1 | vm_pu=1.0077 P_in=85.5514 Q_in=35.6143
[h4] 2026-05-19 14:56:41 bus=3 line=2 pp_bus=2 | i_from=0.3905 i_to=0.3905 i_line=0.3905 kA | max_i=0.5000 thr_open=0.5000 thr_close=0.4750 | was_closed=True cmd=1 in_svc=True brk_fb=1 | vm_pu=1.0046 P_in=94.3428 Q_in=45.4248
[h4] 2026-05-19 14:56:41 bus=4 line=3 pp_bus=3 | i_from=0.6995 i_to=0.6995 i_line=0.6995 kA | max_i=0.8000 thr_open=0.8000 thr_close=0.7600 | was_closed=True cmd=1 in_svc=True brk_fb=1 | vm_pu=1.0100 P_in=79.4328 Q_in=39.7447
[h4] 2026-05-19 14:56:41 bus=5 line=- pp_bus=4 | no_line_switch | brk_fb=1 cmd=1 | vm_pu=1.0072 P_in=129.0171 Q_in=37.0769
DT_PATH_LAT,h4,1779177405.405206,18
numba cannot be imported and numba functions are disabled.
Probably the execution is slow.
Please install numba to gain a massive speedup.
(or if you prefer slow execution, set the flag numba=False to avoid this warning!)

 2026-05-19 14:56:45
Load flow sukses. Voltage snapshot (pu): [1.02, 1.0109599100363678, 1.0084681245552485, 1.01, 1.0081625873320175]
[h4] 2026-05-19 14:56:45 bus=1 line=0 pp_bus=0 | i_from=0.7510 i_to=0.7510 i_line=0.7510 kA | max_i=1.2000 thr_open=1.2000 thr_close=1.1400 | was_closed=True cmd=1 in_svc=True brk_fb=1 | vm_pu=1.0200 P_in=141.9621 Q_in=34.7012
[h4] 2026-05-19 14:56:45 bus=2 line=1 pp_bus=1 | i_from=0.3754 i_to=0.3754 i_line=0.3754 kA | max_i=0.8000 thr_open=0.8000 thr_close=0.7600 | was_closed=True cmd=1 in_svc=True brk_fb=1 | vm_pu=1.0110 P_in=69.2440 Q_in=23.0773
[h4] 2026-05-19 14:56:45 bus=3 line=2 pp_bus=2 | i_from=0.0764 i_to=0.0764 i_line=0.0764 kA | max_i=0.5000 thr_open=0.5000 thr_close=0.4750 | was_closed=True cmd=1 in_svc=True brk_fb=1 | vm_pu=1.0085 P_in=64.8246 Q_in=22.3028
[h4] 2026-05-19 14:56:45 bus=4 line=3 pp_bus=3 | i_from=0.4671 i_to=0.4671 i_line=0.4671 kA | max_i=0.8000 thr_open=0.8000 thr_close=0.7600 | was_closed=True cmd=1 in_svc=True brk_fb=1 | vm_pu=1.0100 P_in=80.3044 Q_in=37.1006
[h4] 2026-05-19 14:56:45 bus=5 line=- pp_bus=4 | no_line_switch | brk_fb=1 cmd=1 | vm_pu=1.0082 P_in=86.5979 Q_in=23.4630
DT_PATH_LAT,h4,1779177409.543174,19
numba cannot be imported and numba functions are disabled.
Probably the execution is slow.
Please install numba to gain a massive speedup.
(or if you prefer slow execution, set the flag numba=False to avoid this warning!)

 2026-05-19 14:56:49
Load flow sukses. Voltage snapshot (pu): [1.02, nan, nan, nan, nan]
[h4] 2026-05-19 14:56:49 bus=1 line=0 pp_bus=0 | i_from=nan i_to=nan i_line=nan kA | max_i=1.2000 thr_open=1.2000 thr_close=1.1400 | was_closed=False cmd=0 in_svc=True brk_fb=0 | vm_pu=1.0200 P_in=213.9393 Q_in=52.2953
[h4] 2026-05-19 14:56:49 bus=2 line=1 pp_bus=1 | i_from=nan i_to=nan i_line=nan kA | max_i=0.8000 thr_open=0.8000 thr_close=0.7600 | was_closed=True cmd=1 in_svc=True brk_fb=1 | vm_pu=nan P_in=69.7863 Q_in=23.2580
[h4] 2026-05-19 14:56:49 bus=3 line=2 pp_bus=2 | i_from=nan i_to=nan i_line=nan kA | max_i=0.5000 thr_open=0.5000 thr_close=0.4750 | was_closed=True cmd=1 in_svc=True brk_fb=1 | vm_pu=nan P_in=65.2169 Q_in=22.4377
[h4] 2026-05-19 14:56:49 bus=4 line=3 pp_bus=3 | i_from=nan i_to=nan i_line=nan kA | max_i=0.8000 thr_open=0.8000 thr_close=0.7600 | was_closed=True cmd=1 in_svc=True brk_fb=1 | vm_pu=nan P_in=120.4863 Q_in=55.6647
[h4] 2026-05-19 14:56:49 bus=5 line=- pp_bus=4 | no_line_switch | brk_fb=1 cmd=1 | vm_pu=nan P_in=86.7324 Q_in=23.4994
DT_PATH_LAT,h4,1779177413.642662,20
numba cannot be imported and numba functions are disabled.
Probably the execution is slow.
Please install numba to gain a massive speedup.
(or if you prefer slow execution, set the flag numba=False to avoid this warning!)

 2026-05-19 14:56:53
Load flow sukses. Voltage snapshot (pu): [1.02, nan, nan, nan, nan]
[h4] 2026-05-19 14:56:53 bus=1 line=0 pp_bus=0 | i_from=nan i_to=nan i_line=nan kA | max_i=1.2000 thr_open=1.2000 thr_close=1.1400 | was_closed=False cmd=0 in_svc=True brk_fb=0 | vm_pu=1.0200 P_in=0.3045 Q_in=0.0000
[h4] 2026-05-19 14:56:53 bus=2 line=1 pp_bus=1 | i_from=nan i_to=nan i_line=nan kA | max_i=0.8000 thr_open=0.8000 thr_close=0.7600 | was_closed=True cmd=1 in_svc=True brk_fb=1 | vm_pu=nan P_in=69.6117 Q_in=23.1998
[h4] 2026-05-19 14:56:53 bus=3 line=2 pp_bus=2 | i_from=nan i_to=nan i_line=nan kA | max_i=0.5000 thr_open=0.5000 thr_close=0.4750 | was_closed=True cmd=1 in_svc=True brk_fb=1 | vm_pu=nan P_in=64.3758 Q_in=22.1483
[h4] 2026-05-19 14:56:53 bus=4 line=3 pp_bus=3 | i_from=nan i_to=nan i_line=nan kA | max_i=0.8000 thr_open=0.8000 thr_close=0.7600 | was_closed=True cmd=1 in_svc=True brk_fb=1 | vm_pu=nan P_in=79.8185 Q_in=36.8761
[h4] 2026-05-19 14:56:53 bus=5 line=- pp_bus=4 | no_line_switch | brk_fb=1 cmd=1 | vm_pu=nan P_in=128.8178 Q_in=34.9021
DT_PATH_LAT,h4,1779177417.744499,21
numba cannot be imported and numba functions are disabled.
Probably the execution is slow.
Please install numba to gain a massive speedup.
(or if you prefer slow execution, set the flag numba=False to avoid this warning!)

 2026-05-19 14:56:57
Load flow sukses. Voltage snapshot (pu): [1.02, 1.007729908784978, 1.0050816429360057, 1.0099999999999998, 1.007232149822829]
[h4] 2026-05-19 14:56:57 bus=1 line=0 pp_bus=0 | i_from=1.3190 i_to=1.3190 i_line=1.3190 kA | max_i=1.2000 thr_open=1.2000 thr_close=1.1400 | was_closed=True cmd=0 in_svc=True brk_fb=1 | vm_pu=1.0200 P_in=0.3248 Q_in=0.0000
[h4] 2026-05-19 14:56:57 bus=2 line=1 pp_bus=1 | i_from=0.7794 i_to=0.7794 i_line=0.7794 kA | max_i=0.8000 thr_open=0.8000 thr_close=0.7600 | was_closed=True cmd=1 in_svc=True brk_fb=1 | vm_pu=1.0077 P_in=104.1825 Q_in=34.7214
[h4] 2026-05-19 14:56:57 bus=3 line=2 pp_bus=2 | i_from=0.3838 i_to=0.3838 i_line=0.3838 kA | max_i=0.5000 thr_open=0.5000 thr_close=0.4750 | was_closed=True cmd=1 in_svc=True brk_fb=1 | vm_pu=1.0051 P_in=97.1930 Q_in=33.4390
[h4] 2026-05-19 14:56:57 bus=4 line=3 pp_bus=3 | i_from=0.7030 i_to=0.7030 i_line=0.7030 kA | max_i=0.8000 thr_open=0.8000 thr_close=0.7600 | was_closed=True cmd=1 in_svc=True brk_fb=1 | vm_pu=1.0100 P_in=120.8556 Q_in=55.8352
[h4] 2026-05-19 14:56:57 bus=5 line=- pp_bus=4 | no_line_switch | brk_fb=1 cmd=1 | vm_pu=1.0072 P_in=130.2140 Q_in=35.2804
DT_PATH_LAT,h4,1779177421.880727,22
numba cannot be imported and numba functions are disabled.
Probably the execution is slow.
Please install numba to gain a massive speedup.
(or if you prefer slow execution, set the flag numba=False to avoid this warning!)

 2026-05-19 14:57:01
Load flow sukses. Voltage snapshot (pu): [1.02, nan, nan, nan, nan]
[h4] 2026-05-19 14:57:01 bus=1 line=0 pp_bus=0 | i_from=nan i_to=nan i_line=nan kA | max_i=1.2000 thr_open=1.2000 thr_close=1.1400 | was_closed=False cmd=0 in_svc=True brk_fb=0 | vm_pu=1.0200 P_in=0.0000 Q_in=0.0000
[h4] 2026-05-19 14:57:01 bus=2 line=1 pp_bus=1 | i_from=nan i_to=nan i_line=nan kA | max_i=0.8000 thr_open=0.8000 thr_close=0.7600 | was_closed=True cmd=1 in_svc=True brk_fb=1 | vm_pu=nan P_in=69.4105 Q_in=23.1328
[h4] 2026-05-19 14:57:01 bus=3 line=2 pp_bus=2 | i_from=nan i_to=nan i_line=nan kA | max_i=0.5000 thr_open=0.5000 thr_close=0.4750 | was_closed=True cmd=1 in_svc=True brk_fb=1 | vm_pu=nan P_in=64.8744 Q_in=22.3199
[h4] 2026-05-19 14:57:01 bus=4 line=3 pp_bus=3 | i_from=nan i_to=nan i_line=nan kA | max_i=0.8000 thr_open=0.8000 thr_close=0.7600 | was_closed=True cmd=1 in_svc=True brk_fb=1 | vm_pu=nan P_in=80.1799 Q_in=37.0431
[h4] 2026-05-19 14:57:01 bus=5 line=- pp_bus=4 | no_line_switch | brk_fb=1 cmd=1 | vm_pu=nan P_in=86.6936 Q_in=23.4889
DT_PATH_LAT,h4,1779177426.011430,23
numba cannot be imported and numba functions are disabled.
Probably the execution is slow.
Please install numba to gain a massive speedup.
(or if you prefer slow execution, set the flag numba=False to avoid this warning!)

 2026-05-19 14:57:06
Load flow sukses. Voltage snapshot (pu): [1.02, nan, nan, nan, nan]
[h4] 2026-05-19 14:57:06 bus=1 line=0 pp_bus=0 | i_from=nan i_to=nan i_line=nan kA | max_i=1.2000 thr_open=1.2000 thr_close=1.1400 | was_closed=False cmd=0 in_svc=True brk_fb=0 | vm_pu=1.0200 P_in=0.6432 Q_in=0.0000
[h4] 2026-05-19 14:57:06 bus=2 line=1 pp_bus=1 | i_from=nan i_to=nan i_line=nan kA | max_i=0.8000 thr_open=0.8000 thr_close=0.7600 | was_closed=True cmd=1 in_svc=True brk_fb=1 | vm_pu=nan P_in=69.6609 Q_in=23.2162
[h4] 2026-05-19 14:57:06 bus=3 line=2 pp_bus=2 | i_from=nan i_to=nan i_line=nan kA | max_i=0.5000 thr_open=0.5000 thr_close=0.4750 | was_closed=True cmd=1 in_svc=True brk_fb=1 | vm_pu=nan P_in=97.7800 Q_in=33.6410
[h4] 2026-05-19 14:57:06 bus=4 line=3 pp_bus=3 | i_from=nan i_to=nan i_line=nan kA | max_i=0.8000 thr_open=0.8000 thr_close=0.7600 | was_closed=True cmd=1 in_svc=True brk_fb=1 | vm_pu=nan P_in=120.0403 Q_in=55.4586
[h4] 2026-05-19 14:57:06 bus=5 line=- pp_bus=4 | no_line_switch | brk_fb=1 cmd=1 | vm_pu=nan P_in=86.9043 Q_in=23.5460
DT_PATH_LAT,h4,1779177430.174679,24
numba cannot be imported and numba functions are disabled.
Probably the execution is slow.
Please install numba to gain a massive speedup.
(or if you prefer slow execution, set the flag numba=False to avoid this warning!)

 2026-05-19 14:57:10
Load flow sukses. Voltage snapshot (pu): [1.02, nan, nan, nan, nan]
[h4] 2026-05-19 14:57:10 bus=1 line=0 pp_bus=0 | i_from=nan i_to=nan i_line=nan kA | max_i=1.2000 thr_open=1.2000 thr_close=1.1400 | was_closed=False cmd=0 in_svc=True brk_fb=0 | vm_pu=1.0200 P_in=0.0000 Q_in=0.0000
[h4] 2026-05-19 14:57:10 bus=2 line=1 pp_bus=1 | i_from=nan i_to=nan i_line=nan kA | max_i=0.8000 thr_open=0.8000 thr_close=0.7600 | was_closed=True cmd=1 in_svc=True brk_fb=1 | vm_pu=nan P_in=103.8705 Q_in=34.6174
[h4] 2026-05-19 14:57:10 bus=3 line=2 pp_bus=2 | i_from=nan i_to=nan i_line=nan kA | max_i=0.5000 thr_open=0.5000 thr_close=0.4750 | was_closed=True cmd=1 in_svc=True brk_fb=1 | vm_pu=nan P_in=97.4112 Q_in=33.5141
[h4] 2026-05-19 14:57:10 bus=4 line=3 pp_bus=3 | i_from=nan i_to=nan i_line=nan kA | max_i=0.8000 thr_open=0.8000 thr_close=0.7600 | was_closed=True cmd=1 in_svc=True brk_fb=1 | vm_pu=nan P_in=120.1948 Q_in=55.5300
[h4] 2026-05-19 14:57:10 bus=5 line=- pp_bus=4 | no_line_switch | brk_fb=1 cmd=1 | vm_pu=nan P_in=130.4982 Q_in=35.3574
DT_PATH_LAT,h4,1779177434.272563,25
numba cannot be imported and numba functions are disabled.
Probably the execution is slow.
Please install numba to gain a massive speedup.
(or if you prefer slow execution, set the flag numba=False to avoid this warning!)

 2026-05-19 14:57:14
Load flow sukses. Voltage snapshot (pu): [1.02, nan, nan, nan, nan]
[h4] 2026-05-19 14:57:14 bus=1 line=0 pp_bus=0 | i_from=nan i_to=nan i_line=nan kA | max_i=1.2000 thr_open=1.2000 thr_close=1.1400 | was_closed=False cmd=0 in_svc=True brk_fb=0 | vm_pu=1.0200 P_in=0.2977 Q_in=0.0000
[h4] 2026-05-19 14:57:14 bus=2 line=1 pp_bus=1 | i_from=nan i_to=nan i_line=nan kA | max_i=0.8000 thr_open=0.8000 thr_close=0.7600 | was_closed=True cmd=1 in_svc=True brk_fb=1 | vm_pu=nan P_in=70.1562 Q_in=23.3813
[h4] 2026-05-19 14:57:14 bus=3 line=2 pp_bus=2 | i_from=nan i_to=nan i_line=nan kA | max_i=0.5000 thr_open=0.5000 thr_close=0.4750 | was_closed=True cmd=1 in_svc=True brk_fb=1 | vm_pu=nan P_in=65.1504 Q_in=22.4149
[h4] 2026-05-19 14:57:14 bus=4 line=3 pp_bus=3 | i_from=nan i_to=nan i_line=nan kA | max_i=0.8000 thr_open=0.8000 thr_close=0.7600 | was_closed=True cmd=1 in_svc=True brk_fb=1 | vm_pu=nan P_in=79.2369 Q_in=36.6074
[h4] 2026-05-19 14:57:14 bus=5 line=- pp_bus=4 | no_line_switch | brk_fb=1 cmd=1 | vm_pu=nan P_in=86.4129 Q_in=23.4129
DT_PATH_LAT,h4,1779177438.364028,26
numba cannot be imported and numba functions are disabled.
Probably the execution is slow.
Please install numba to gain a massive speedup.
(or if you prefer slow execution, set the flag numba=False to avoid this warning!)

 2026-05-19 14:57:18
Load flow sukses. Voltage snapshot (pu): [1.02, nan, nan, nan, nan]
[h4] 2026-05-19 14:57:18 bus=1 line=0 pp_bus=0 | i_from=nan i_to=nan i_line=nan kA | max_i=1.2000 thr_open=1.2000 thr_close=1.1400 | was_closed=False cmd=0 in_svc=True brk_fb=0 | vm_pu=1.0200 P_in=0.0000 Q_in=0.0000
[h4] 2026-05-19 14:57:18 bus=2 line=1 pp_bus=1 | i_from=nan i_to=nan i_line=nan kA | max_i=0.8000 thr_open=0.8000 thr_close=0.7600 | was_closed=True cmd=1 in_svc=True brk_fb=1 | vm_pu=nan P_in=104.0405 Q_in=34.6740
[h4] 2026-05-19 14:57:18 bus=3 line=2 pp_bus=2 | i_from=nan i_to=nan i_line=nan kA | max_i=0.5000 thr_open=0.5000 thr_close=0.4750 | was_closed=True cmd=1 in_svc=True brk_fb=1 | vm_pu=nan P_in=97.5567 Q_in=33.5642
[h4] 2026-05-19 14:57:18 bus=4 line=3 pp_bus=3 | i_from=nan i_to=nan i_line=nan kA | max_i=0.8000 thr_open=0.8000 thr_close=0.7600 | was_closed=True cmd=1 in_svc=True brk_fb=1 | vm_pu=nan P_in=120.5936 Q_in=55.7142
[h4] 2026-05-19 14:57:18 bus=5 line=- pp_bus=4 | no_line_switch | brk_fb=1 cmd=1 | vm_pu=nan P_in=130.4980 Q_in=35.3573
DT_PATH_LAT,h4,1779177442.458660,27
numba cannot be imported and numba functions are disabled.
Probably the execution is slow.
Please install numba to gain a massive speedup.
(or if you prefer slow execution, set the flag numba=False to avoid this warning!)

 2026-05-19 14:57:22
Load flow sukses. Voltage snapshot (pu): [1.02, nan, nan, nan, nan]
[h4] 2026-05-19 14:57:22 bus=1 line=0 pp_bus=0 | i_from=nan i_to=nan i_line=nan kA | max_i=1.2000 thr_open=1.2000 thr_close=1.1400 | was_closed=False cmd=0 in_svc=True brk_fb=0 | vm_pu=1.0200 P_in=0.0000 Q_in=0.0000
[h4] 2026-05-19 14:57:22 bus=2 line=1 pp_bus=1 | i_from=nan i_to=nan i_line=nan kA | max_i=0.8000 thr_open=0.8000 thr_close=0.7600 | was_closed=True cmd=1 in_svc=True brk_fb=1 | vm_pu=nan P_in=104.3934 Q_in=34.7917
[h4] 2026-05-19 14:57:22 bus=3 line=2 pp_bus=2 | i_from=nan i_to=nan i_line=nan kA | max_i=0.5000 thr_open=0.5000 thr_close=0.4750 | was_closed=True cmd=1 in_svc=True brk_fb=1 | vm_pu=nan P_in=96.9345 Q_in=33.3501
[h4] 2026-05-19 14:57:22 bus=4 line=3 pp_bus=3 | i_from=nan i_to=nan i_line=nan kA | max_i=0.8000 thr_open=0.8000 thr_close=0.7600 | was_closed=True cmd=1 in_svc=True brk_fb=1 | vm_pu=nan P_in=80.4378 Q_in=37.1622
[h4] 2026-05-19 14:57:22 bus=5 line=- pp_bus=4 | no_line_switch | brk_fb=1 cmd=1 | vm_pu=nan P_in=130.2883 Q_in=35.3005
