numba cannot be imported and numba functions are disabled.
Probably the execution is slow.
Please install numba to gain a massive speedup.
(or if you prefer slow execution, set the flag numba=False to avoid this warning!)
Field bus -> Pandapower bus mapping: {1: 0, 2: 1, 3: 2, 4: 3, 5: 4}
Unique bus->line mapping: {1: 0, 2: 1, 3: 2, 4: 3}
OPC UA connected: opc.tcp://10.0.2.2:4840/mininet/
Namespace index: 2
DT_PATH_LAT,h4,1779178278.778779,1
numba cannot be imported and numba functions are disabled.
Probably the execution is slow.
Please install numba to gain a massive speedup.
(or if you prefer slow execution, set the flag numba=False to avoid this warning!)

 2026-05-19 15:11:18
Load flow sukses. Voltage snapshot (pu): [1.02, 1.0097120150048151, 1.0070568760642933, 1.0099999999999996, 1.0081943503262638]
[h4] 2026-05-19 15:11:18 bus=1 line=0 pp_bus=0 | i_from=0.8092 i_to=0.8092 i_line=0.8092 kA | max_i=1.2000 thr_open=1.2000 thr_close=1.1400 | was_closed=True cmd=1 in_svc=True brk_fb=1 | vm_pu=1.0200 P_in=151.0766 Q_in=40.1203
[h4] 2026-05-19 15:11:18 bus=2 line=1 pp_bus=1 | i_from=0.4235 i_to=0.4235 i_line=0.4235 kA | max_i=0.8000 thr_open=0.8000 thr_close=0.7600 | was_closed=True cmd=1 in_svc=True brk_fb=1 | vm_pu=1.0097 P_in=69.0251 Q_in=33.0384
[h4] 2026-05-19 15:11:18 bus=3 line=2 pp_bus=2 | i_from=0.1467 i_to=0.1467 i_line=0.1467 kA | max_i=0.4000 thr_open=0.4000 thr_close=0.3800 | was_closed=True cmd=1 in_svc=True brk_fb=1 | vm_pu=1.0071 P_in=68.0193 Q_in=32.9240
[h4] 2026-05-19 15:11:18 bus=4 line=3 pp_bus=3 | i_from=0.4939 i_to=0.4939 i_line=0.4939 kA | max_i=0.8000 thr_open=0.8000 thr_close=0.7600 | was_closed=True cmd=1 in_svc=True brk_fb=1 | vm_pu=1.0100 P_in=80.3411 Q_in=49.4741
[h4] 2026-05-19 15:11:18 bus=5 line=- pp_bus=4 | no_line_switch | brk_fb=1 cmd=1 | vm_pu=1.0082 P_in=92.7022 Q_in=20.1875
DT_PATH_LAT,h4,1779178282.989492,2
numba cannot be imported and numba functions are disabled.
Probably the execution is slow.
Please install numba to gain a massive speedup.
(or if you prefer slow execution, set the flag numba=False to avoid this warning!)

 2026-05-19 15:11:23
Load flow sukses. Voltage snapshot (pu): [1.02, 1.0096922295109154, 1.0070250161534138, 1.0099999999999996, 1.0082091391252592]
[h4] 2026-05-19 15:11:23 bus=1 line=0 pp_bus=0 | i_from=0.8083 i_to=0.8083 i_line=0.8083 kA | max_i=1.2000 thr_open=1.2000 thr_close=1.1400 | was_closed=True cmd=1 in_svc=True brk_fb=1 | vm_pu=1.0200 P_in=151.2791 Q_in=40.1741
[h4] 2026-05-19 15:11:23 bus=2 line=1 pp_bus=1 | i_from=0.4221 i_to=0.4221 i_line=0.4221 kA | max_i=0.8000 thr_open=0.8000 thr_close=0.7600 | was_closed=True cmd=1 in_svc=True brk_fb=1 | vm_pu=1.0097 P_in=69.0566 Q_in=33.0534
[h4] 2026-05-19 15:11:23 bus=3 line=2 pp_bus=2 | i_from=0.1445 i_to=0.1445 i_line=0.1445 kA | max_i=0.4000 thr_open=0.4000 thr_close=0.3800 | was_closed=True cmd=1 in_svc=True brk_fb=1 | vm_pu=1.0070 P_in=68.4745 Q_in=33.1443
[h4] 2026-05-19 15:11:23 bus=4 line=3 pp_bus=3 | i_from=0.4899 i_to=0.4899 i_line=0.4899 kA | max_i=0.8000 thr_open=0.8000 thr_close=0.7600 | was_closed=True cmd=1 in_svc=True brk_fb=1 | vm_pu=1.0100 P_in=79.0952 Q_in=48.7069
[h4] 2026-05-19 15:11:23 bus=5 line=- pp_bus=4 | no_line_switch | brk_fb=1 cmd=1 | vm_pu=1.0082 P_in=91.9459 Q_in=20.0228
