Memulai Server OPC UA
Endpoints other than open requested but private key and certificate are not set.
Listening on 10.0.2.2:4840
Memulai Modbus Gateway di 0.0.0.0:5020


[2026-05-09 23:23:06] [iter 1] [Bus 1] P/Q/CMD -> V_in=0.0000 pu, I_in=0.0000 A, V_out=0.0000 pu, I_out=0.0000 A, V_DT=1.0000 pu, P=0.0000 MW, Q=0.0000 MVar
[2026-05-09 23:23:06] [iter 1] [Bus 2] P/Q/CMD -> V_in=0.0000 pu, I_in=0.0000 A, V_out=0.0000 pu, I_out=0.0000 A, V_DT=1.0000 pu, P=0.0000 MW, Q=0.0000 MVar
[2026-05-09 23:23:06] [iter 1] [Bus 3] P/Q/CMD -> V_in=0.0000 pu, I_in=0.0000 A, V_out=0.0000 pu, I_out=0.0000 A, V_DT=1.0000 pu, P=0.0000 MW, Q=0.0000 MVar
[2026-05-09 23:23:06] [iter 1] [Bus 4] P/Q/CMD -> V_in=0.0000 pu, I_in=0.0000 A, V_out=0.0000 pu, I_out=0.0000 A, V_DT=1.0000 pu, P=0.0000 MW, Q=0.0000 MVar
[2026-05-09 23:23:06] [iter 1] [Bus 5] P/Q/CMD -> V_in=0.0000 pu, I_in=0.0000 A, V_out=0.0000 pu, I_out=0.0000 A, V_DT=1.0000 pu, P=0.0000 MW, Q=0.0000 MVar


[2026-05-09 23:23:10] [iter 2] [Bus 1] P/Q/CMD -> V_in=1.0120 pu, I_in=169.2414 A, V_out=1.0120 pu, I_out=169.2414 A, V_DT=1.0500 pu, P=56.7254 MW, Q=16.5449 MVar
[2026-05-09 23:23:10] [iter 2] [Bus 2] P/Q/CMD -> V_in=0.9770 pu, I_in=330.2414 A, V_out=0.9770 pu, I_out=330.2414 A, V_DT=1.0500 pu, P=126.8966 MW, Q=41.7089 MVar
[2026-05-09 23:23:10] [iter 2] [Bus 3] P/Q/CMD -> V_in=1.0220 pu, I_in=653.2759 A, V_out=1.0220 pu, I_out=653.2759 A, V_DT=1.0405 pu, P=223.4284 MW, Q=55.9964 MVar
[2026-05-09 23:23:10] [iter 2] [Bus 4] P/Q/CMD -> V_in=1.0390 pu, I_in=210.5862 A, V_out=1.0390 pu, I_out=210.5862 A, V_DT=1.0377 pu, P=81.6000 MW, Q=29.6169 MVar
[2026-05-09 23:23:10] [iter 2] [Bus 5] P/Q/CMD -> V_in=0.9920 pu, I_in=176.6552 A, V_out=0.9920 pu, I_out=176.6552 A, V_DT=1.0396 pu, P=58.0401 MW, Q=16.9284 MVar


[2026-05-09 23:23:14] [iter 3] [Bus 1] P/Q/CMD -> V_in=0.9710 pu, I_in=553.5862 A, V_out=0.9710 pu, I_out=553.5862 A, V_DT=1.0488 pu, P=178.0307 MW, Q=51.9256 MVar
[2026-05-09 23:23:14] [iter 3] [Bus 2] P/Q/CMD -> V_in=0.9520 pu, I_in=319.3103 A, V_out=0.9520 pu, I_out=319.3103 A, V_DT=1.0485 pu, P=119.5567 MW, Q=39.2964 MVar
[2026-05-09 23:23:14] [iter 3] [Bus 3] P/Q/CMD -> V_in=1.0140 pu, I_in=559.7931 A, V_out=1.0140 pu, I_out=559.7931 A, V_DT=1.0404 pu, P=189.9574 MW, Q=47.6078 MVar
[2026-05-09 23:23:14] [iter 3] [Bus 4] P/Q/CMD -> V_in=0.9720 pu, I_in=619.3448 A, V_out=0.9720 pu, I_out=619.3448 A, V_DT=1.0397 pu, P=224.5141 MW, Q=81.4877 MVar
[2026-05-09 23:23:14] [iter 3] [Bus 5] P/Q/CMD -> V_in=1.0300 pu, I_in=152.7586 A, V_out=1.0300 pu, I_out=152.7586 A, V_DT=1.0414 pu, P=52.1115 MW, Q=15.1992 MVar


[2026-05-09 23:23:19] [iter 4] [Bus 1] P/Q/CMD -> V_in=1.0300 pu, I_in=1890.6552 A, V_out=1.0300 pu, I_out=1890.6552 A, V_DT=1.0453 pu, P=644.9705 MW, Q=188.1164 MVar
[2026-05-09 23:23:19] [iter 4] [Bus 2] P/Q/CMD -> V_in=0.9840 pu, I_in=1908.1034 A, V_out=0.9840 pu, I_out=1908.1034 A, V_DT=1.0474 pu, P=738.4498 MW, Q=242.7167 MVar
[2026-05-09 23:23:19] [iter 4] [Bus 3] P/Q/CMD -> V_in=1.0450 pu, I_in=2142.7586 A, V_out=1.0450 pu, I_out=2142.7586 A, V_DT=1.0402 pu, P=749.3425 MW, Q=187.8029 MVar
[2026-05-09 23:23:19] [iter 4] [Bus 4] P/Q/CMD -> V_in=0.9590 pu, I_in=235.9310 A, V_out=0.9590 pu, I_out=235.9310 A, V_DT=1.0393 pu, P=84.3817 MW, Q=30.6265 MVar
[2026-05-09 23:23:19] [iter 4] [Bus 5] P/Q/CMD -> V_in=1.0340 pu, I_in=1938.9310 A, V_out=1.0340 pu, I_out=1938.9310 A, V_DT=1.0413 pu, P=664.0079 MW, Q=193.6690 MVar


[2026-05-09 23:23:23] [iter 5] [Bus 1] P/Q/CMD -> V_in=1.0300 pu, I_in=688.0345 A, V_out=1.0300 pu, I_out=688.0345 A, V_DT=1.0307 pu, P=234.7133 MW, Q=68.4581 MVar
[2026-05-09 23:23:23] [iter 5] [Bus 2] P/Q/CMD -> V_in=1.0020 pu, I_in=891.5862 A, V_out=1.0020 pu, I_out=891.5862 A, V_DT=1.0326 pu, P=351.3622 MW, Q=115.4872 MVar
[2026-05-09 23:23:23] [iter 5] [Bus 3] P/Q/CMD -> V_in=0.9870 pu, I_in=580.6897 A, V_out=0.9870 pu, I_out=580.6897 A, V_DT=1.0274 pu, P=191.8015 MW, Q=48.0700 MVar
[2026-05-09 23:23:23] [iter 5] [Bus 4] P/Q/CMD -> V_in=1.0320 pu, I_in=604.4138 A, V_out=1.0320 pu, I_out=604.4138 A, V_DT=1.0308 pu, P=232.6263 MW, Q=84.4321 MVar
[2026-05-09 23:23:23] [iter 5] [Bus 5] P/Q/CMD -> V_in=1.0360 pu, I_in=572.2414 A, V_out=1.0360 pu, I_out=572.2414 A, V_DT=1.0309 pu, P=196.3493 MW, Q=57.2685 MVar


[2026-05-09 23:23:27] [iter 6] [Bus 1] P/Q/CMD -> V_in=1.0200 pu, I_in=1981.4138 A, V_out=1.0200 pu, I_out=1981.4138 A, V_DT=1.0316 pu, P=669.3691 MW, Q=195.2327 MVar
[2026-05-09 23:23:27] [iter 6] [Bus 2] P/Q/CMD -> V_in=0.9720 pu, I_in=2090.9310 A, V_out=0.9720 pu, I_out=2090.9310 A, V_DT=1.0325 pu, P=799.3370 MW, Q=262.7294 MVar
[2026-05-09 23:23:27] [iter 6] [Bus 3] P/Q/CMD -> V_in=0.9570 pu, I_in=1970.5517 A, V_out=0.9570 pu, I_out=1970.5517 A, V_DT=1.0283 pu, P=631.0890 MW, Q=158.1658 MVar
[2026-05-09 23:23:27] [iter 6] [Bus 4] P/Q/CMD -> V_in=0.9600 pu, I_in=2041.0000 A, V_out=0.9600 pu, I_out=2041.0000 A, V_DT=1.0297 pu, P=730.7335 MW, Q=265.2209 MVar
[2026-05-09 23:23:27] [iter 6] [Bus 5] P/Q/CMD -> V_in=1.0120 pu, I_in=2024.6552 A, V_out=1.0120 pu, I_out=2024.6552 A, V_DT=1.0303 pu, P=678.6126 MW, Q=197.9287 MVar


[2026-05-09 23:23:31] [iter 7] [Bus 1] P/Q/CMD -> V_in=0.9870 pu, I_in=2066.1724 A, V_out=0.9870 pu, I_out=2066.1724 A, V_DT=1.0182 pu, P=675.4202 MW, Q=196.9976 MVar
[2026-05-09 23:23:31] [iter 7] [Bus 2] P/Q/CMD -> V_in=0.9760 pu, I_in=887.6897 A, V_out=0.9760 pu, I_out=887.6897 A, V_DT=1.0103 pu, P=340.7493 MW, Q=111.9989 MVar
[2026-05-09 23:23:31] [iter 7] [Bus 3] P/Q/CMD -> V_in=1.0140 pu, I_in=2118.1379 A, V_out=1.0140 pu, I_out=2118.1379 A, V_DT=0.9974 pu, P=718.7585 MW, Q=180.1379 MVar
[2026-05-09 23:23:31] [iter 7] [Bus 4] P/Q/CMD -> V_in=0.9670 pu, I_in=1999.3793 A, V_out=0.9670 pu, I_out=1999.3793 A, V_DT=0.9888 pu, P=721.0518 MW, Q=261.7069 MVar
[2026-05-09 23:23:31] [iter 7] [Bus 5] P/Q/CMD -> V_in=0.9660 pu, I_in=457.3793 A, V_out=0.9660 pu, I_out=457.3793 A, V_DT=0.9907 pu, P=146.3336 MW, Q=42.6806 MVar


[2026-05-09 23:23:35] [iter 8] [Bus 1] P/Q/CMD -> V_in=1.0480 pu, I_in=610.8276 A, V_out=1.0480 pu, I_out=610.8276 A, V_DT=1.0100 pu, P=212.0168 MW, Q=61.8382 MVar
[2026-05-09 23:23:35] [iter 8] [Bus 2] P/Q/CMD -> V_in=0.9760 pu, I_in=887.6897 A, V_out=0.9760 pu, I_out=887.6897 A, V_DT=1.0056 pu, P=340.7493 MW, Q=111.9989 MVar
[2026-05-09 23:23:35] [iter 8] [Bus 3] P/Q/CMD -> V_in=1.0140 pu, I_in=2118.1379 A, V_out=1.0140 pu, I_out=2118.1379 A, V_DT=0.9853 pu, P=718.7585 MW, Q=180.1379 MVar
[2026-05-09 23:23:35] [iter 8] [Bus 4] P/Q/CMD -> V_in=0.9670 pu, I_in=1999.3793 A, V_out=0.9670 pu, I_out=1999.3793 A, V_DT=0.9732 pu, P=721.0518 MW, Q=261.7069 MVar
[2026-05-09 23:23:35] [iter 8] [Bus 5] P/Q/CMD -> V_in=0.9660 pu, I_in=457.3793 A, V_out=0.9660 pu, I_out=457.3793 A, V_DT=0.9772 pu, P=146.3336 MW, Q=42.6806 MVar


[2026-05-09 23:23:39] [iter 9] [Bus 1] P/Q/CMD -> V_in=1.0480 pu, I_in=610.8276 A, V_out=1.0480 pu, I_out=610.8276 A, V_DT=1.0180 pu, P=212.0168 MW, Q=61.8382 MVar
[2026-05-09 23:23:39] [iter 9] [Bus 2] P/Q/CMD -> V_in=1.0040 pu, I_in=670.9310 A, V_out=1.0040 pu, I_out=670.9310 A, V_DT=1.0075 pu, P=264.9327 MW, Q=87.0792 MVar
[2026-05-09 23:23:39] [iter 9] [Bus 3] P/Q/CMD -> V_in=1.0340 pu, I_in=719.7586 A, V_out=1.0340 pu, I_out=719.7586 A, V_DT=0.9846 pu, P=249.0567 MW, Q=62.4195 MVar
[2026-05-09 23:23:39] [iter 9] [Bus 4] P/Q/CMD -> V_in=0.9720 pu, I_in=181.9655 A, V_out=0.9720 pu, I_out=181.9655 A, V_DT=0.9721 pu, P=65.9630 MW, Q=23.9414 MVar
[2026-05-09 23:23:39] [iter 9] [Bus 5] P/Q/CMD -> V_in=0.9810 pu, I_in=363.4828 A, V_out=0.9810 pu, I_out=363.4828 A, V_DT=0.9773 pu, P=118.0982 MW, Q=34.4453 MVar


[2026-05-09 23:23:43] [iter 10] [Bus 1] P/Q/CMD -> V_in=1.0480 pu, I_in=1953.1379 A, V_out=1.0480 pu, I_out=1953.1379 A, V_DT=1.0249 pu, P=677.9295 MW, Q=197.7294 MVar
[2026-05-09 23:23:43] [iter 10] [Bus 2] P/Q/CMD -> V_in=1.0040 pu, I_in=2008.2759 A, V_out=1.0040 pu, I_out=2008.2759 A, V_DT=1.0215 pu, P=793.0143 MW, Q=260.6512 MVar
[2026-05-09 23:23:43] [iter 10] [Bus 3] P/Q/CMD -> V_in=1.0340 pu, I_in=719.7586 A, V_out=1.0340 pu, I_out=719.7586 A, V_DT=1.0088 pu, P=249.0567 MW, Q=62.4195 MVar
[2026-05-09 23:23:43] [iter 10] [Bus 4] P/Q/CMD -> V_in=0.9720 pu, I_in=181.9655 A, V_out=0.9720 pu, I_out=181.9655 A, V_DT=1.0047 pu, P=65.9630 MW, Q=23.9414 MVar
[2026-05-09 23:23:43] [iter 10] [Bus 5] P/Q/CMD -> V_in=0.9810 pu, I_in=1854.7931 A, V_out=0.9810 pu, I_out=1854.7931 A, V_DT=1.0079 pu, P=602.6356 MW, Q=175.7687 MVar


[2026-05-09 23:23:47] [iter 11] [Bus 1] P/Q/CMD -> V_in=0.9710 pu, I_in=2176.4483 A, V_out=0.9710 pu, I_out=2176.4483 A, V_DT=1.0147 pu, P=699.9353 MW, Q=204.1478 MVar
[2026-05-09 23:23:47] [iter 11] [Bus 2] P/Q/CMD -> V_in=1.0370 pu, I_in=1837.2759 A, V_out=1.0370 pu, I_out=1837.2759 A, V_DT=1.0110 pu, P=749.3368 MW, Q=246.2951 MVar
[2026-05-09 23:23:47] [iter 11] [Bus 3] P/Q/CMD -> V_in=1.0140 pu, I_in=1830.0000 A, V_out=1.0140 pu, I_out=1830.0000 A, V_DT=1.0014 pu, P=620.9832 MW, Q=155.6331 MVar
[2026-05-09 23:23:47] [iter 11] [Bus 4] P/Q/CMD -> V_in=1.0410 pu, I_in=2123.4138 A, V_out=1.0410 pu, I_out=2123.4138 A, V_DT=0.9971 pu, P=824.3851 MW, Q=299.2118 MVar
[2026-05-09 23:23:47] [iter 11] [Bus 5] P/Q/CMD -> V_in=0.9760 pu, I_in=1965.3793 A, V_out=0.9760 pu, I_out=1965.3793 A, V_DT=0.9985 pu, P=635.3112 MW, Q=185.2991 MVar


[2026-05-09 23:23:51] [iter 12] [Bus 1] P/Q/CMD -> V_in=1.0060 pu, I_in=2119.0690 A, V_out=1.0060 pu, I_out=2119.0690 A, V_DT=1.0043 pu, P=706.0467 MW, Q=205.9303 MVar
[2026-05-09 23:23:51] [iter 12] [Bus 2] P/Q/CMD -> V_in=1.0080 pu, I_in=1809.0000 A, V_out=1.0080 pu, I_out=1809.0000 A, V_DT=0.9891 pu, P=717.1715 MW, Q=235.7229 MVar
[2026-05-09 23:23:51] [iter 12] [Bus 3] P/Q/CMD -> V_in=0.9890 pu, I_in=1951.2414 A, V_out=0.9890 pu, I_out=1951.2414 A, V_DT=0.9654 pu, P=645.8001 MW, Q=161.8528 MVar
[2026-05-09 23:23:51] [iter 12] [Bus 4] P/Q/CMD -> V_in=1.0490 pu, I_in=2159.1034 A, V_out=1.0490 pu, I_out=2159.1034 A, V_DT=0.9472 pu, P=844.6830 MW, Q=306.5790 MVar
[2026-05-09 23:23:51] [iter 12] [Bus 5] P/Q/CMD -> V_in=0.9590 pu, I_in=2077.8276 A, V_out=0.9590 pu, I_out=2077.8276 A, V_DT=0.9506 pu, P=659.9613 MW, Q=192.4887 MVar


[2026-05-09 23:23:55] [iter 13] [Bus 1] P/Q/CMD -> V_in=0.9600 pu, I_in=656.7931 A, V_out=0.9600 pu, I_out=656.7931 A, V_DT=0.9957 pu, P=208.8287 MW, Q=60.9084 MVar
[2026-05-09 23:23:55] [iter 13] [Bus 2] P/Q/CMD -> V_in=1.0290 pu, I_in=461.0690 A, V_out=1.0290 pu, I_out=461.0690 A, V_DT=0.9671 pu, P=186.5972 MW, Q=61.3315 MVar
[2026-05-09 23:23:55] [iter 13] [Bus 3] P/Q/CMD -> V_in=0.9560 pu, I_in=463.8621 A, V_out=0.9560 pu, I_out=463.8621 A, V_DT=0.9260 pu, P=148.4013 MW, Q=37.1929 MVar
[2026-05-09 23:23:55] [iter 13] [Bus 4] P/Q/CMD -> V_in=1.0490 pu, I_in=529.8621 A, V_out=1.0490 pu, I_out=529.8621 A, V_DT=0.8922 pu, P=207.2923 MW, Q=75.2370 MVar
[2026-05-09 23:23:55] [Bus 4] Command breaker ke RTU: OPEN
[2026-05-09 23:23:55] [iter 13] [Bus 5] P/Q/CMD -> V_in=1.0470 pu, I_in=772.7241 A, V_out=1.0470 pu, I_out=772.7241 A, V_DT=0.8978 pu, P=267.9548 MW, Q=78.1535 MVar


[2026-05-09 23:23:59] [iter 14] [Bus 1] P/Q/CMD -> V_in=0.9510 pu, I_in=738.3448 A, V_out=0.9510 pu, I_out=738.3448 A, V_DT=1.0097 pu, P=232.5574 MW, Q=67.8292 MVar
[2026-05-09 23:23:59] [iter 14] [Bus 2] P/Q/CMD -> V_in=1.0180 pu, I_in=1874.2069 A, V_out=1.0180 pu, I_out=1874.2069 A, V_DT=0.9988 pu, P=750.3938 MW, Q=246.6425 MVar
[2026-05-09 23:23:59] [iter 14] [Bus 3] P/Q/CMD -> V_in=0.9760 pu, I_in=1942.0345 A, V_out=0.9760 pu, I_out=1942.0345 A, V_DT=0.9753 pu, P=634.3042 MW, Q=158.9716 MVar
[2026-05-09 23:23:59] [iter 14] [Bus 4] P/Q/CMD -> V_in=0.9610 pu, I_in=2106.0690 A, V_out=0.9610 pu, I_out=2106.0690 A, V_DT=0.9284 pu, P=754.8154 MW, Q=273.9614 MVar
[2026-05-09 23:23:59] [Bus 4] Command breaker ke RTU: CLOSE
[2026-05-09 23:23:59] [iter 14] [Bus 5] P/Q/CMD -> V_in=0.9950 pu, I_in=884.1724 A, V_out=0.9950 pu, I_out=884.1724 A, V_DT=0.9389 pu, P=291.3737 MW, Q=84.9840 MVar
[2026-05-09 23:23:59] [Bus 5] Command breaker ke RTU: OPEN


[2026-05-09 23:24:03] [iter 15] [Bus 1] P/Q/CMD -> V_in=1.0370 pu, I_in=1893.4828 A, V_out=1.0370 pu, I_out=1893.4828 A, V_DT=1.0159 pu, P=650.3250 MW, Q=189.6781 MVar
[2026-05-09 23:24:03] [iter 15] [Bus 2] P/Q/CMD -> V_in=1.0000 pu, I_in=1927.4828 A, V_out=1.0000 pu, I_out=1927.4828 A, V_DT=0.9932 pu, P=758.0790 MW, Q=249.1685 MVar
[2026-05-09 23:24:03] [iter 15] [Bus 3] P/Q/CMD -> V_in=1.0410 pu, I_in=1815.7241 A, V_out=1.0410 pu, I_out=1815.7241 A, V_DT=0.9696 pu, P=632.5450 MW, Q=158.5307 MVar
[2026-05-09 23:24:03] [iter 15] [Bus 4] P/Q/CMD -> V_in=0.9790 pu, I_in=2172.2069 A, V_out=0.9790 pu, I_out=2172.2069 A, V_DT=0.9393 pu, P=793.1013 MW, Q=287.8573 MVar
[2026-05-09 23:24:03] [Bus 4] Command breaker ke RTU: OPEN
[2026-05-09 23:24:03] [iter 15] [Bus 5] P/Q/CMD -> V_in=1.0100 pu, I_in=1906.0000 A, V_out=1.0100 pu, I_out=1906.0000 A, V_DT=0.9416 pu, P=637.5799 MW, Q=185.9608 MVar
[2026-05-09 23:24:03] [Bus 5] Command breaker ke RTU: CLOSE


[2026-05-09 23:24:07] [iter 16] [Bus 1] P/Q/CMD -> V_in=1.0370 pu, I_in=340.6552 A, V_out=1.0370 pu, I_out=340.6552 A, V_DT=1.0016 pu, P=116.9995 MW, Q=34.1249 MVar
[2026-05-09 23:24:07] [iter 16] [Bus 2] P/Q/CMD -> V_in=1.0000 pu, I_in=288.7931 A, V_out=1.0000 pu, I_out=288.7931 A, V_DT=0.9595 pu, P=113.5823 MW, Q=37.3327 MVar
[2026-05-09 23:24:07] [iter 16] [Bus 3] P/Q/CMD -> V_in=1.0410 pu, I_in=784.2069 A, V_out=1.0410 pu, I_out=784.2069 A, V_DT=0.9097 pu, P=273.1947 MW, Q=68.4690 MVar
[2026-05-09 23:24:07] [iter 16] [Bus 4] P/Q/CMD -> V_in=0.9790 pu, I_in=653.0690 A, V_out=0.9790 pu, I_out=653.0690 A, V_DT=0.8298 pu, P=238.4441 MW, Q=86.5436 MVar
[2026-05-09 23:24:07] [Bus 4] Command breaker ke RTU: CLOSE
[2026-05-09 23:24:07] [iter 16] [Bus 5] P/Q/CMD -> V_in=1.0100 pu, I_in=266.2069 A, V_out=1.0100 pu, I_out=266.2069 A, V_DT=0.8464 pu, P=89.0494 MW, Q=25.9727 MVar
[2026-05-09 23:24:07] [Bus 5] Command breaker ke RTU: OPEN


[2026-05-09 23:24:11] [iter 17] [Bus 1] P/Q/CMD -> V_in=1.0260 pu, I_in=549.5517 A, V_out=1.0260 pu, I_out=549.5517 A, V_DT=1.0205 pu, P=186.7438 MW, Q=54.4670 MVar
[2026-05-09 23:24:11] [iter 17] [Bus 2] P/Q/CMD -> V_in=1.0270 pu, I_in=1827.5862 A, V_out=1.0270 pu, I_out=1827.5862 A, V_DT=1.0084 pu, P=738.1970 MW, Q=242.6336 MVar
[2026-05-09 23:24:11] [iter 17] [Bus 3] P/Q/CMD -> V_in=0.9500 pu, I_in=1907.5517 A, V_out=0.9500 pu, I_out=1907.5517 A, V_DT=0.9904 pu, P=606.4441 MW, Q=151.9892 MVar
[2026-05-09 23:24:11] [iter 17] [Bus 4] P/Q/CMD -> V_in=0.9510 pu, I_in=1970.8966 A, V_out=0.9510 pu, I_out=1970.8966 A, V_DT=0.9672 pu, P=699.0192 MW, Q=253.7101 MVar
[2026-05-09 23:24:11] [Bus 4] Command breaker ke RTU: OPEN
[2026-05-09 23:24:11] [iter 17] [Bus 5] P/Q/CMD -> V_in=1.0370 pu, I_in=2043.0690 A, V_out=1.0370 pu, I_out=2043.0690 A, V_DT=0.9688 pu, P=701.7010 MW, Q=204.6628 MVar
[2026-05-09 23:24:11] [Bus 5] Command breaker ke RTU: CLOSE


[2026-05-09 23:24:15] [iter 18] [Bus 1] P/Q/CMD -> V_in=0.9800 pu, I_in=1934.7241 A, V_out=0.9800 pu, I_out=1934.7241 A, V_DT=1.0205 pu, P=627.9650 MW, Q=183.1565 MVar
[2026-05-09 23:24:15] [iter 18] [Bus 2] P/Q/CMD -> V_in=1.0370 pu, I_in=2005.2069 A, V_out=1.0370 pu, I_out=2005.2069 A, V_DT=1.0084 pu, P=817.8278 MW, Q=268.8070 MVar
[2026-05-09 23:24:15] [iter 18] [Bus 3] P/Q/CMD -> V_in=0.9580 pu, I_in=2123.9310 A, V_out=0.9580 pu, I_out=2123.9310 A, V_DT=0.9904 pu, P=680.9210 MW, Q=170.6549 MVar
[2026-05-09 23:24:15] [iter 18] [Bus 4] P/Q/CMD -> V_in=0.9560 pu, I_in=2196.3103 A, V_out=0.9560 pu, I_out=2196.3103 A, V_DT=0.9672 pu, P=783.0624 MW, Q=284.2137 MVar
[2026-05-09 23:24:15] [iter 18] [Bus 5] P/Q/CMD -> V_in=1.0260 pu, I_in=2017.7931 A, V_out=1.0260 pu, I_out=2017.7931 A, V_DT=0.9688 pu, P=685.6687 MW, Q=199.9867 MVar


[2026-05-09 23:24:19] [iter 19] [Bus 1] P/Q/CMD -> V_in=0.9970 pu, I_in=573.3448 A, V_out=0.9970 pu, I_out=573.3448 A, V_DT=1.0208 pu, P=189.3221 MW, Q=55.2190 MVar
[2026-05-09 23:24:19] [iter 19] [Bus 2] P/Q/CMD -> V_in=0.9760 pu, I_in=837.6897 A, V_out=0.9760 pu, I_out=837.6897 A, V_DT=0.9882 pu, P=321.5562 MW, Q=105.6904 MVar
[2026-05-09 23:24:19] [iter 19] [Bus 3] P/Q/CMD -> V_in=0.9920 pu, I_in=316.5172 A, V_out=0.9920 pu, I_out=316.5172 A, V_DT=0.9563 pu, P=105.0751 MW, Q=26.3343 MVar
[2026-05-09 23:24:19] [iter 19] [Bus 4] P/Q/CMD -> V_in=1.0020 pu, I_in=706.5517 A, V_out=1.0020 pu, I_out=706.5517 A, V_DT=0.8956 pu, P=264.0319 MW, Q=95.8308 MVar
[2026-05-09 23:24:19] [Bus 4] Command breaker ke RTU: CLOSE
[2026-05-09 23:24:19] [iter 19] [Bus 5] P/Q/CMD -> V_in=0.9700 pu, I_in=402.3448 A, V_out=0.9700 pu, I_out=402.3448 A, V_DT=0.9097 pu, P=129.2589 MW, Q=37.7005 MVar
[2026-05-09 23:24:19] [Bus 5] Command breaker ke RTU: OPEN


[2026-05-09 23:24:23] [iter 20] [Bus 1] P/Q/CMD -> V_in=1.0490 pu, I_in=1829.5517 A, V_out=1.0490 pu, I_out=1829.5517 A, V_DT=1.0280 pu, P=635.6390 MW, Q=185.3947 MVar
[2026-05-09 23:24:23] [iter 20] [Bus 2] P/Q/CMD -> V_in=0.9930 pu, I_in=2072.8276 A, V_out=0.9930 pu, I_out=2072.8276 A, V_DT=1.0130 pu, P=809.5364 MW, Q=266.0817 MVar
[2026-05-09 23:24:23] [iter 20] [Bus 3] P/Q/CMD -> V_in=0.9620 pu, I_in=336.6897 A, V_out=0.9620 pu, I_out=336.6897 A, V_DT=0.9999 pu, P=108.3916 MW, Q=27.1655 MVar
[2026-05-09 23:24:23] [iter 20] [Bus 4] P/Q/CMD -> V_in=0.9830 pu, I_in=2129.7586 A, V_out=0.9830 pu, I_out=2129.7586 A, V_DT=0.9781 pu, P=780.7800 MW, Q=283.3853 MVar
[2026-05-09 23:24:23] [Bus 4] Command breaker ke RTU: OPEN
[2026-05-09 23:24:23] [iter 20] [Bus 5] P/Q/CMD -> V_in=0.9730 pu, I_in=329.4138 A, V_out=0.9730 pu, I_out=329.4138 A, V_DT=0.9791 pu, P=106.1561 MW, Q=30.9622 MVar
[2026-05-09 23:24:23] [Bus 5] Command breaker ke RTU: CLOSE


[2026-05-09 23:24:27] [iter 21] [Bus 1] P/Q/CMD -> V_in=1.0490 pu, I_in=1820.5862 A, V_out=1.0490 pu, I_out=1820.5862 A, V_DT=1.0160 pu, P=632.5241 MW, Q=184.4862 MVar
[2026-05-09 23:24:27] [iter 21] [Bus 2] P/Q/CMD -> V_in=0.9930 pu, I_in=1874.3793 A, V_out=0.9930 pu, I_out=1874.3793 A, V_DT=0.9996 pu, P=732.0330 MW, Q=240.6076 MVar
[2026-05-09 23:24:27] [iter 21] [Bus 3] P/Q/CMD -> V_in=0.9620 pu, I_in=2076.0690 A, V_out=0.9620 pu, I_out=2076.0690 A, V_DT=0.9845 pu, P=668.3557 MW, Q=167.5057 MVar
[2026-05-09 23:24:27] [iter 21] [Bus 4] P/Q/CMD -> V_in=0.9830 pu, I_in=1909.6552 A, V_out=0.9830 pu, I_out=1909.6552 A, V_DT=0.9369 pu, P=700.0890 MW, Q=254.0984 MVar
[2026-05-09 23:24:27] [Bus 4] Command breaker ke RTU: CLOSE
[2026-05-09 23:24:27] [iter 21] [Bus 5] P/Q/CMD -> V_in=0.9730 pu, I_in=1806.4828 A, V_out=0.9730 pu, I_out=1806.4828 A, V_DT=0.9501 pu, P=582.1528 MW, Q=169.7946 MVar
[2026-05-09 23:24:27] [Bus 5] Command breaker ke RTU: OPEN


[2026-05-09 23:24:31] [iter 22] [Bus 1] P/Q/CMD -> V_in=0.9570 pu, I_in=2047.9310 A, V_out=0.9570 pu, I_out=2047.9310 A, V_DT=1.0071 pu, P=649.1089 MW, Q=189.3234 MVar
[2026-05-09 23:24:31] [iter 22] [Bus 2] P/Q/CMD -> V_in=0.9720 pu, I_in=1931.1034 A, V_out=0.9720 pu, I_out=1931.1034 A, V_DT=0.9842 pu, P=738.2369 MW, Q=242.6467 MVar
[2026-05-09 23:24:31] [iter 22] [Bus 3] P/Q/CMD -> V_in=1.0350 pu, I_in=1974.7241 A, V_out=1.0350 pu, I_out=1974.7241 A, V_DT=0.9593 pu, P=683.9709 MW, Q=171.4193 MVar
[2026-05-09 23:24:31] [iter 22] [Bus 4] P/Q/CMD -> V_in=0.9730 pu, I_in=1936.2414 A, V_out=0.9730 pu, I_out=1936.2414 A, V_DT=0.9224 pu, P=702.6145 MW, Q=255.0150 MVar
[2026-05-09 23:24:31] [Bus 4] Command breaker ke RTU: OPEN
[2026-05-09 23:24:31] [iter 22] [Bus 5] P/Q/CMD -> V_in=0.9710 pu, I_in=1896.3793 A, V_out=0.9710 pu, I_out=1896.3793 A, V_DT=0.9255 pu, P=609.8665 MW, Q=177.8777 MVar
[2026-05-09 23:24:31] [Bus 5] Command breaker ke RTU: CLOSE


[2026-05-09 23:24:35] [iter 23] [Bus 1] P/Q/CMD -> V_in=1.0430 pu, I_in=563.5862 A, V_out=1.0430 pu, I_out=563.5862 A, V_DT=0.9954 pu, P=194.6861 MW, Q=56.7835 MVar
[2026-05-09 23:24:35] [iter 23] [Bus 2] P/Q/CMD -> V_in=0.9970 pu, I_in=753.0690 A, V_out=0.9970 pu, I_out=753.0690 A, V_DT=0.9521 pu, P=295.2935 MW, Q=97.0583 MVar
[2026-05-09 23:24:35] [iter 23] [Bus 3] P/Q/CMD -> V_in=1.0300 pu, I_in=288.8966 A, V_out=1.0300 pu, I_out=288.8966 A, V_DT=0.8999 pu, P=99.5796 MW, Q=24.9570 MVar
[2026-05-09 23:24:35] [Bus 3] Command breaker ke RTU: OPEN
[2026-05-09 23:24:35] [iter 23] [Bus 4] P/Q/CMD -> V_in=0.9590 pu, I_in=501.5517 A, V_out=0.9590 pu, I_out=501.5517 A, V_DT=0.8166 pu, P=179.3821 MW, Q=65.1070 MVar
[2026-05-09 23:24:35] [Bus 4] Command breaker ke RTU: CLOSE
[2026-05-09 23:24:35] [iter 23] [Bus 5] P/Q/CMD -> V_in=0.9920 pu, I_in=512.6897 A, V_out=0.9920 pu, I_out=512.6897 A, V_DT=0.8337 pu, P=168.4444 MW, Q=49.1296 MVar
[2026-05-09 23:24:35] [Bus 5] Command breaker ke RTU: OPEN


[2026-05-09 23:24:39] [iter 24] [Bus 1] P/Q/CMD -> V_in=1.0220 pu, I_in=2144.1379 A, V_out=1.0220 pu, I_out=2144.1379 A, V_DT=1.0174 pu, P=725.7615 MW, Q=211.6804 MVar
[2026-05-09 23:24:39] [iter 24] [Bus 2] P/Q/CMD -> V_in=1.0480 pu, I_in=1866.3793 A, V_out=1.0480 pu, I_out=1866.3793 A, V_DT=1.0084 pu, P=769.2812 MW, Q=252.8505 MVar
[2026-05-09 23:24:39] [iter 24] [Bus 3] P/Q/CMD -> V_in=0.9900 pu, I_in=2068.0690 A, V_out=0.9900 pu, I_out=2068.0690 A, V_DT=0.9716 pu, P=685.1585 MW, Q=171.7169 MVar
[2026-05-09 23:24:39] [Bus 3] Command breaker ke RTU: CLOSE
[2026-05-09 23:24:39] [iter 24] [Bus 4] P/Q/CMD -> V_in=1.0360 pu, I_in=330.2759 A, V_out=1.0360 pu, I_out=330.2759 A, V_DT=0.9510 pu, P=127.6090 MW, Q=46.3159 MVar
[2026-05-09 23:24:39] [Bus 4] Command breaker ke RTU: OPEN
[2026-05-09 23:24:39] [iter 24] [Bus 5] P/Q/CMD -> V_in=0.9690 pu, I_in=2086.9655 A, V_out=0.9690 pu, I_out=2086.9655 A, V_DT=0.9524 pu, P=669.7757 MW, Q=195.3512 MVar
[2026-05-09 23:24:39] [Bus 5] Command breaker ke RTU: CLOSE


[2026-05-09 23:24:43] [iter 25] [Bus 1] P/Q/CMD -> V_in=0.9920 pu, I_in=367.8966 A, V_out=0.9920 pu, I_out=367.8966 A, V_DT=1.0031 pu, P=120.8726 MW, Q=35.2545 MVar
[2026-05-09 23:24:43] [iter 25] [Bus 2] P/Q/CMD -> V_in=0.9740 pu, I_in=2058.2759 A, V_out=0.9740 pu, I_out=2058.2759 A, V_DT=0.9839 pu, P=788.4724 MW, Q=259.1583 MVar
[2026-05-09 23:24:43] [iter 25] [Bus 3] P/Q/CMD -> V_in=0.9940 pu, I_in=814.1724 A, V_out=0.9940 pu, I_out=814.1724 A, V_DT=0.9581 pu, P=270.8280 MW, Q=67.8759 MVar
[2026-05-09 23:24:43] [iter 25] [Bus 4] P/Q/CMD -> V_in=1.0040 pu, I_in=1917.8276 A, V_out=1.0040 pu, I_out=1917.8276 A, V_DT=0.9198 pu, P=718.1052 MW, Q=260.6374 MVar
[2026-05-09 23:24:43] [Bus 4] Command breaker ke RTU: CLOSE
[2026-05-09 23:24:43] [iter 25] [Bus 5] P/Q/CMD -> V_in=1.0490 pu, I_in=1907.1379 A, V_out=1.0490 pu, I_out=1907.1379 A, V_DT=0.9279 pu, P=662.5946 MW, Q=193.2568 MVar
[2026-05-09 23:24:43] [Bus 5] Command breaker ke RTU: OPEN


[2026-05-09 23:24:47] [iter 26] [Bus 1] P/Q/CMD -> V_in=0.9920 pu, I_in=367.8966 A, V_out=0.9920 pu, I_out=367.8966 A, V_DT=1.0143 pu, P=120.8726 MW, Q=35.2545 MVar
[2026-05-09 23:24:47] [iter 26] [Bus 2] P/Q/CMD -> V_in=0.9740 pu, I_in=878.7586 A, V_out=0.9740 pu, I_out=878.7586 A, V_DT=0.9845 pu, P=336.6298 MW, Q=110.6449 MVar
[2026-05-09 23:24:47] [iter 26] [Bus 3] P/Q/CMD -> V_in=0.9940 pu, I_in=814.1724 A, V_out=0.9940 pu, I_out=814.1724 A, V_DT=0.9613 pu, P=270.8280 MW, Q=67.8759 MVar
[2026-05-09 23:24:47] [iter 26] [Bus 4] P/Q/CMD -> V_in=1.0040 pu, I_in=190.1724 A, V_out=1.0040 pu, I_out=190.1724 A, V_DT=0.9254 pu, P=71.2075 MW, Q=25.8449 MVar
[2026-05-09 23:24:47] [Bus 4] Command breaker ke RTU: OPEN
[2026-05-09 23:24:47] [iter 26] [Bus 5] P/Q/CMD -> V_in=1.0490 pu, I_in=752.6552 A, V_out=1.0490 pu, I_out=752.6552 A, V_DT=0.9256 pu, P=261.4941 MW, Q=76.2691 MVar
[2026-05-09 23:24:47] [Bus 5] Command breaker ke RTU: CLOSE


[2026-05-09 23:24:51] [iter 27] [Bus 1] P/Q/CMD -> V_in=1.0460 pu, I_in=820.6552 A, V_out=1.0460 pu, I_out=820.6552 A, V_DT=1.0244 pu, P=284.3038 MW, Q=82.9220 MVar
[2026-05-09 23:24:51] [iter 27] [Bus 2] P/Q/CMD -> V_in=1.0340 pu, I_in=2115.4828 A, V_out=1.0340 pu, I_out=2115.4828 A, V_DT=1.0053 pu, P=860.3080 MW, Q=282.7696 MVar
[2026-05-09 23:24:51] [iter 27] [Bus 3] P/Q/CMD -> V_in=0.9980 pu, I_in=1939.3103 A, V_out=0.9980 pu, I_out=1939.3103 A, V_DT=0.9916 pu, P=647.6922 MW, Q=162.3270 MVar
[2026-05-09 23:24:51] [iter 27] [Bus 4] P/Q/CMD -> V_in=0.9900 pu, I_in=1882.1034 A, V_out=0.9900 pu, I_out=1882.1034 A, V_DT=0.9602 pu, P=694.9019 MW, Q=252.2157 MVar
[2026-05-09 23:24:51] [Bus 4] Command breaker ke RTU: CLOSE
[2026-05-09 23:24:51] [iter 27] [Bus 5] P/Q/CMD -> V_in=0.9870 pu, I_in=1981.1724 A, V_out=0.9870 pu, I_out=1981.1724 A, V_DT=0.9675 pu, P=647.6342 MW, Q=188.8933 MVar
[2026-05-09 23:24:51] [Bus 5] Command breaker ke RTU: OPEN


[2026-05-09 23:24:55] [iter 28] [Bus 1] P/Q/CMD -> V_in=0.9760 pu, I_in=2043.7931 A, V_out=0.9760 pu, I_out=2043.7931 A, V_DT=1.0222 pu, P=660.6586 MW, Q=192.6921 MVar
[2026-05-09 23:24:55] [iter 28] [Bus 2] P/Q/CMD -> V_in=0.9950 pu, I_in=2154.0345 A, V_out=0.9950 pu, I_out=2154.0345 A, V_DT=0.9894 pu, P=842.9459 MW, Q=277.0629 MVar
[2026-05-09 23:24:55] [iter 28] [Bus 3] P/Q/CMD -> V_in=1.0450 pu, I_in=2058.8966 A, V_out=1.0450 pu, I_out=2058.8966 A, V_DT=0.9678 pu, P=720.0152 MW, Q=180.4528 MVar
[2026-05-09 23:24:55] [iter 28] [Bus 4] P/Q/CMD -> V_in=1.0040 pu, I_in=1841.9310 A, V_out=1.0040 pu, I_out=1841.9310 A, V_DT=0.9379 pu, P=689.6867 MW, Q=250.3229 MVar
[2026-05-09 23:24:55] [Bus 4] Command breaker ke RTU: OPEN
[2026-05-09 23:24:55] [iter 28] [Bus 5] P/Q/CMD -> V_in=0.9650 pu, I_in=2032.2414 A, V_out=0.9650 pu, I_out=2032.2414 A, V_DT=0.9381 pu, P=649.5206 MW, Q=189.4435 MVar
[2026-05-09 23:24:55] [Bus 5] Command breaker ke RTU: CLOSE


[2026-05-09 23:24:59] [iter 29] [Bus 1] P/Q/CMD -> V_in=1.0460 pu, I_in=2099.8276 A, V_out=1.0460 pu, I_out=2099.8276 A, V_DT=1.0059 pu, P=727.4542 MW, Q=212.1741 MVar
[2026-05-09 23:24:59] [iter 29] [Bus 2] P/Q/CMD -> V_in=1.0040 pu, I_in=2013.0000 A, V_out=1.0040 pu, I_out=2013.0000 A, V_DT=0.9541 pu, P=794.8798 MW, Q=261.2643 MVar
[2026-05-09 23:24:59] [iter 29] [Bus 3] P/Q/CMD -> V_in=0.9550 pu, I_in=625.8621 A, V_out=0.9550 pu, I_out=625.8621 A, V_DT=0.9053 pu, P=200.0197 MW, Q=50.1297 MVar
[2026-05-09 23:24:59] [iter 29] [Bus 4] P/Q/CMD -> V_in=1.0000 pu, I_in=2012.8276 A, V_out=1.0000 pu, I_out=2012.8276 A, V_DT=0.8333 pu, P=750.6740 MW, Q=272.4583 MVar
[2026-05-09 23:24:59] [Bus 4] Command breaker ke RTU: CLOSE
[2026-05-09 23:24:59] [iter 29] [Bus 5] P/Q/CMD -> V_in=0.9650 pu, I_in=916.7931 A, V_out=0.9650 pu, I_out=916.7931 A, V_DT=0.8472 pu, P=293.0144 MW, Q=85.4625 MVar
[2026-05-09 23:24:59] [Bus 5] Command breaker ke RTU: OPEN


[2026-05-09 23:25:03] [iter 30] [Bus 1] P/Q/CMD -> V_in=0.9580 pu, I_in=307.1724 A, V_out=0.9580 pu, I_out=307.1724 A, V_DT=0.9993 pu, P=97.4626 MW, Q=28.4266 MVar
[2026-05-09 23:25:03] [iter 30] [Bus 2] P/Q/CMD -> V_in=1.0080 pu, I_in=661.2759 A, V_out=1.0080 pu, I_out=661.2759 A, V_DT=0.9633 pu, P=262.1604 MW, Q=86.1680 MVar
[2026-05-09 23:25:03] [iter 30] [Bus 3] P/Q/CMD -> V_in=0.9730 pu, I_in=250.6207 A, V_out=0.9730 pu, I_out=250.6207 A, V_DT=0.9287 pu, P=81.6057 MW, Q=20.4523 MVar
[2026-05-09 23:25:03] [Bus 3] Command breaker ke RTU: OPEN
[2026-05-09 23:25:03] [iter 30] [Bus 4] P/Q/CMD -> V_in=1.0390 pu, I_in=327.5517 A, V_out=1.0390 pu, I_out=327.5517 A, V_DT=0.8813 pu, P=126.9230 MW, Q=46.0669 MVar
[2026-05-09 23:25:03] [Bus 4] Command breaker ke RTU: OPEN
[2026-05-09 23:25:03] [iter 30] [Bus 5] P/Q/CMD -> V_in=1.0080 pu, I_in=619.1379 A, V_out=1.0080 pu, I_out=619.1379 A, V_DT=0.8846 pu, P=206.6990 MW, Q=60.2872 MVar
[2026-05-09 23:25:03] [Bus 5] Command breaker ke RTU: CLOSE


[2026-05-09 23:25:07] [iter 31] [Bus 1] P/Q/CMD -> V_in=0.9910 pu, I_in=602.6207 A, V_out=0.9910 pu, I_out=602.6207 A, V_DT=1.0199 pu, P=197.7917 MW, Q=57.6892 MVar
[2026-05-09 23:25:07] [iter 31] [Bus 2] P/Q/CMD -> V_in=1.0020 pu, I_in=1879.0690 A, V_out=1.0020 pu, I_out=1879.0690 A, V_DT=1.0058 pu, P=740.5159 MW, Q=243.3958 MVar
[2026-05-09 23:25:07] [iter 31] [Bus 3] P/Q/CMD -> V_in=0.9700 pu, I_in=2151.2759 A, V_out=0.9700 pu, I_out=2151.2759 A, V_DT=0.9703 pu, P=698.3267 MW, Q=175.0172 MVar
[2026-05-09 23:25:07] [Bus 3] Command breaker ke RTU: CLOSE
[2026-05-09 23:25:07] [iter 31] [Bus 4] P/Q/CMD -> V_in=0.9730 pu, I_in=466.6207 A, V_out=0.9730 pu, I_out=466.6207 A, V_DT=0.9335 pu, P=169.3252 MW, Q=61.4568 MVar
[2026-05-09 23:25:07] [Bus 4] Command breaker ke RTU: CLOSE
[2026-05-09 23:25:07] [iter 31] [Bus 5] P/Q/CMD -> V_in=1.0160 pu, I_in=2126.5517 A, V_out=1.0160 pu, I_out=2126.5517 A, V_DT=0.9434 pu, P=715.5830 MW, Q=208.7117 MVar
[2026-05-09 23:25:07] [Bus 5] Command breaker ke RTU: OPEN


[2026-05-09 23:25:11] [iter 32] [Bus 1] P/Q/CMD -> V_in=0.9910 pu, I_in=1910.0345 A, V_out=0.9910 pu, I_out=1910.0345 A, V_DT=1.0218 pu, P=626.9100 MW, Q=182.8487 MVar
[2026-05-09 23:25:11] [iter 32] [Bus 2] P/Q/CMD -> V_in=1.0020 pu, I_in=2122.8276 A, V_out=1.0020 pu, I_out=2122.8276 A, V_DT=0.9964 pu, P=836.5779 MW, Q=274.9699 MVar
[2026-05-09 23:25:11] [iter 32] [Bus 3] P/Q/CMD -> V_in=0.9700 pu, I_in=1815.9310 A, V_out=0.9700 pu, I_out=1815.9310 A, V_DT=0.9801 pu, P=589.4703 MW, Q=147.7352 MVar
[2026-05-09 23:25:11] [iter 32] [Bus 4] P/Q/CMD -> V_in=0.9730 pu, I_in=2025.6552 A, V_out=0.9730 pu, I_out=2025.6552 A, V_DT=0.9592 pu, P=735.0606 MW, Q=266.7914 MVar
[2026-05-09 23:25:11] [Bus 4] Command breaker ke RTU: OPEN
[2026-05-09 23:25:11] [iter 32] [Bus 5] P/Q/CMD -> V_in=1.0160 pu, I_in=374.9310 A, V_out=1.0160 pu, I_out=374.9310 A, V_DT=0.9583 pu, P=126.1640 MW, Q=36.7978 MVar
[2026-05-09 23:25:11] [Bus 5] Command breaker ke RTU: CLOSE


[2026-05-09 23:25:15] [iter 33] [Bus 1] P/Q/CMD -> V_in=0.9810 pu, I_in=739.6552 A, V_out=0.9810 pu, I_out=739.6552 A, V_DT=1.0106 pu, P=240.3193 MW, Q=70.0931 MVar
[2026-05-09 23:25:15] [iter 33] [Bus 2] P/Q/CMD -> V_in=0.9570 pu, I_in=524.5172 A, V_out=0.9570 pu, I_out=524.5172 A, V_DT=0.9786 pu, P=197.4220 MW, Q=64.8895 MVar
[2026-05-09 23:25:15] [iter 33] [Bus 3] P/Q/CMD -> V_in=1.0490 pu, I_in=869.0345 A, V_out=1.0490 pu, I_out=869.0345 A, V_DT=0.9522 pu, P=305.0727 MW, Q=76.4584 MVar
[2026-05-09 23:25:15] [iter 33] [Bus 4] P/Q/CMD -> V_in=0.9570 pu, I_in=329.1724 A, V_out=0.9570 pu, I_out=329.1724 A, V_DT=0.9095 pu, P=117.4844 MW, Q=42.6411 MVar
[2026-05-09 23:25:15] [Bus 4] Command breaker ke RTU: CLOSE
[2026-05-09 23:25:15] [iter 33] [Bus 5] P/Q/CMD -> V_in=0.9760 pu, I_in=885.2069 A, V_out=0.9760 pu, I_out=885.2069 A, V_DT=0.9207 pu, P=286.1442 MW, Q=83.4587 MVar
[2026-05-09 23:25:15] [Bus 5] Command breaker ke RTU: OPEN


[2026-05-09 23:25:19] [iter 34] [Bus 1] P/Q/CMD -> V_in=1.0380 pu, I_in=793.0345 A, V_out=1.0380 pu, I_out=793.0345 A, V_DT=1.0203 pu, P=272.6338 MW, Q=79.5182 MVar
[2026-05-09 23:25:19] [iter 34] [Bus 2] P/Q/CMD -> V_in=0.9860 pu, I_in=1967.9310 A, V_out=0.9860 pu, I_out=1967.9310 A, V_DT=1.0079 pu, P=763.1515 MW, Q=250.8358 MVar
[2026-05-09 23:25:19] [iter 34] [Bus 3] P/Q/CMD -> V_in=1.0330 pu, I_in=2163.6552 A, V_out=1.0330 pu, I_out=2163.6552 A, V_DT=0.9953 pu, P=747.9614 MW, Q=187.4568 MVar
[2026-05-09 23:25:19] [iter 34] [Bus 4] P/Q/CMD -> V_in=1.0100 pu, I_in=1802.8966 A, V_out=1.0100 pu, I_out=1802.8966 A, V_DT=0.9816 pu, P=679.1051 MW, Q=246.4822 MVar
[2026-05-09 23:25:19] [iter 34] [Bus 5] P/Q/CMD -> V_in=1.0140 pu, I_in=1844.4483 A, V_out=1.0140 pu, I_out=1844.4483 A, V_DT=0.9822 pu, P=619.4336 MW, Q=180.6681 MVar
[2026-05-09 23:25:19] [Bus 5] Command breaker ke RTU: CLOSE


[2026-05-09 23:25:23] [iter 35] [Bus 1] P/Q/CMD -> V_in=1.0310 pu, I_in=1950.8621 A, V_out=1.0310 pu, I_out=1950.8621 A, V_DT=1.0213 pu, P=666.1554 MW, Q=194.2953 MVar
[2026-05-09 23:25:23] [iter 35] [Bus 2] P/Q/CMD -> V_in=1.0160 pu, I_in=854.7586 A, V_out=1.0160 pu, I_out=854.7586 A, V_DT=0.9936 pu, P=341.5554 MW, Q=112.2638 MVar
[2026-05-09 23:25:23] [iter 35] [Bus 3] P/Q/CMD -> V_in=0.9630 pu, I_in=2114.3793 A, V_out=0.9630 pu, I_out=2114.3793 A, V_DT=0.9718 pu, P=681.3967 MW, Q=170.7741 MVar
[2026-05-09 23:25:23] [iter 35] [Bus 4] P/Q/CMD -> V_in=0.9600 pu, I_in=2102.8966 A, V_out=0.9600 pu, I_out=2102.8966 A, V_DT=0.9578 pu, P=752.8942 MW, Q=273.2641 MVar
[2026-05-09 23:25:23] [iter 35] [Bus 5] P/Q/CMD -> V_in=0.9770 pu, I_in=1928.2414 A, V_out=0.9770 pu, I_out=1928.2414 A, V_DT=0.9612 pu, P=623.9450 MW, Q=181.9840 MVar


[2026-05-09 23:25:27] [iter 36] [Bus 1] P/Q/CMD -> V_in=1.0200 pu, I_in=301.2759 A, V_out=1.0200 pu, I_out=301.2759 A, V_DT=1.0213 pu, P=101.7782 MW, Q=29.6853 MVar
[2026-05-09 23:25:27] [iter 36] [Bus 2] P/Q/CMD -> V_in=1.0160 pu, I_in=854.7586 A, V_out=1.0160 pu, I_out=854.7586 A, V_DT=0.9936 pu, P=341.5554 MW, Q=112.2638 MVar
[2026-05-09 23:25:27] [iter 36] [Bus 3] P/Q/CMD -> V_in=0.9630 pu, I_in=2114.3793 A, V_out=0.9630 pu, I_out=2114.3793 A, V_DT=0.9718 pu, P=681.3967 MW, Q=170.7741 MVar
[2026-05-09 23:25:27] [iter 36] [Bus 4] P/Q/CMD -> V_in=0.9600 pu, I_in=2102.8966 A, V_out=0.9600 pu, I_out=2102.8966 A, V_DT=0.9578 pu, P=752.8942 MW, Q=273.2641 MVar
[2026-05-09 23:25:27] [iter 36] [Bus 5] P/Q/CMD -> V_in=0.9770 pu, I_in=1928.2414 A, V_out=0.9770 pu, I_out=1928.2414 A, V_DT=0.9612 pu, P=623.9450 MW, Q=181.9840 MVar


[2026-05-09 23:25:31] [iter 37] [Bus 1] P/Q/CMD -> V_in=1.0200 pu, I_in=301.2759 A, V_out=1.0200 pu, I_out=301.2759 A, V_DT=1.0111 pu, P=101.7782 MW, Q=29.6853 MVar
[2026-05-09 23:25:31] [iter 37] [Bus 2] P/Q/CMD -> V_in=1.0120 pu, I_in=349.2069 A, V_out=1.0120 pu, I_out=349.2069 A, V_DT=0.9876 pu, P=138.9912 MW, Q=45.6842 MVar
[2026-05-09 23:25:31] [iter 37] [Bus 3] P/Q/CMD -> V_in=0.9980 pu, I_in=844.0690 A, V_out=0.9980 pu, I_out=844.0690 A, V_DT=0.9538 pu, P=281.9027 MW, Q=70.6515 MVar
[2026-05-09 23:25:31] [iter 37] [Bus 4] P/Q/CMD -> V_in=1.0340 pu, I_in=2047.4828 A, V_out=1.0340 pu, I_out=2047.4828 A, V_DT=0.9289 pu, P=789.5608 MW, Q=286.5723 MVar
[2026-05-09 23:25:31] [iter 37] [Bus 5] P/Q/CMD -> V_in=0.9570 pu, I_in=1980.7931 A, V_out=0.9570 pu, I_out=1980.7931 A, V_DT=0.9336 pu, P=627.8290 MW, Q=183.1168 MVar


[2026-05-09 23:25:35] [iter 38] [Bus 1] P/Q/CMD -> V_in=0.9500 pu, I_in=301.2759 A, V_out=0.9500 pu, I_out=301.2759 A, V_DT=1.0111 pu, P=94.7934 MW, Q=27.6481 MVar
[2026-05-09 23:25:35] [iter 38] [Bus 2] P/Q/CMD -> V_in=1.0120 pu, I_in=349.2069 A, V_out=1.0120 pu, I_out=349.2069 A, V_DT=0.9876 pu, P=138.9912 MW, Q=45.6842 MVar
[2026-05-09 23:25:35] [iter 38] [Bus 3] P/Q/CMD -> V_in=0.9980 pu, I_in=844.0690 A, V_out=0.9980 pu, I_out=844.0690 A, V_DT=0.9538 pu, P=281.9027 MW, Q=70.6515 MVar
[2026-05-09 23:25:35] [iter 38] [Bus 4] P/Q/CMD -> V_in=1.0340 pu, I_in=2047.4828 A, V_out=1.0340 pu, I_out=2047.4828 A, V_DT=0.9289 pu, P=789.5608 MW, Q=286.5723 MVar
[2026-05-09 23:25:35] [iter 38] [Bus 5] P/Q/CMD -> V_in=0.9570 pu, I_in=1980.7931 A, V_out=0.9570 pu, I_out=1980.7931 A, V_DT=0.9336 pu, P=627.8290 MW, Q=183.1168 MVar


[2026-05-09 23:25:39] [iter 39] [Bus 1] P/Q/CMD -> V_in=0.9500 pu, I_in=2152.4483 A, V_out=0.9500 pu, I_out=2152.4483 A, V_DT=1.0218 pu, P=677.2463 MW, Q=197.5302 MVar
[2026-05-09 23:25:39] [iter 39] [Bus 2] P/Q/CMD -> V_in=1.0330 pu, I_in=1964.9655 A, V_out=1.0330 pu, I_out=1964.9655 A, V_DT=1.0030 pu, P=798.3240 MW, Q=262.3964 MVar
[2026-05-09 23:25:39] [iter 39] [Bus 3] P/Q/CMD -> V_in=0.9640 pu, I_in=2166.0345 A, V_out=0.9640 pu, I_out=2166.0345 A, V_DT=0.9728 pu, P=698.7684 MW, Q=175.1279 MVar
[2026-05-09 23:25:39] [iter 39] [Bus 4] P/Q/CMD -> V_in=0.9800 pu, I_in=1929.8276 A, V_out=0.9800 pu, I_out=1929.8276 A, V_DT=0.9437 pu, P=705.3252 MW, Q=255.9988 MVar
[2026-05-09 23:25:39] [iter 39] [Bus 5] P/Q/CMD -> V_in=1.0290 pu, I_in=785.7931 A, V_out=1.0290 pu, I_out=785.7931 A, V_DT=0.9483 pu, P=267.8021 MW, Q=78.1089 MVar


[2026-05-09 23:25:43] [iter 40] [Bus 1] P/Q/CMD -> V_in=1.0390 pu, I_in=300.7931 A, V_out=1.0390 pu, I_out=300.7931 A, V_DT=1.0106 pu, P=103.5080 MW, Q=30.1898 MVar
[2026-05-09 23:25:43] [iter 40] [Bus 2] P/Q/CMD -> V_in=0.9740 pu, I_in=236.8966 A, V_out=0.9740 pu, I_out=236.8966 A, V_DT=0.9857 pu, P=90.7490 MW, Q=29.8277 MVar
[2026-05-09 23:25:43] [iter 40] [Bus 3] P/Q/CMD -> V_in=1.0280 pu, I_in=804.4138 A, V_out=1.0280 pu, I_out=804.4138 A, V_DT=0.9511 pu, P=276.7346 MW, Q=69.3562 MVar
[2026-05-09 23:25:43] [iter 40] [Bus 4] P/Q/CMD -> V_in=0.9900 pu, I_in=631.8966 A, V_out=0.9900 pu, I_out=631.8966 A, V_DT=0.9224 pu, P=233.3060 MW, Q=84.6788 MVar
[2026-05-09 23:25:43] [iter 40] [Bus 5] P/Q/CMD -> V_in=0.9650 pu, I_in=892.6552 A, V_out=0.9650 pu, I_out=892.6552 A, V_DT=0.9285 pu, P=285.2997 MW, Q=83.2124 MVar


[2026-05-09 23:25:47] [iter 41] [Bus 1] P/Q/CMD -> V_in=1.0360 pu, I_in=865.6207 A, V_out=1.0360 pu, I_out=865.6207 A, V_DT=1.0237 pu, P=297.0145 MW, Q=86.6292 MVar
[2026-05-09 23:25:47] [iter 41] [Bus 2] P/Q/CMD -> V_in=1.0310 pu, I_in=2022.7931 A, V_out=1.0310 pu, I_out=2022.7931 A, V_DT=1.0133 pu, P=820.2270 MW, Q=269.5956 MVar
[2026-05-09 23:25:47] [iter 41] [Bus 3] P/Q/CMD -> V_in=0.9520 pu, I_in=1912.3448 A, V_out=0.9520 pu, I_out=1912.3448 A, V_DT=0.9935 pu, P=609.2478 MW, Q=152.6919 MVar
[2026-05-09 23:25:47] [iter 41] [Bus 4] P/Q/CMD -> V_in=0.9830 pu, I_in=2007.4828 A, V_out=0.9830 pu, I_out=2007.4828 A, V_DT=0.9775 pu, P=735.9531 MW, Q=267.1153 MVar
[2026-05-09 23:25:47] [iter 41] [Bus 5] P/Q/CMD -> V_in=1.0300 pu, I_in=2158.4483 A, V_out=1.0300 pu, I_out=2158.4483 A, V_DT=0.9812 pu, P=736.3244 MW, Q=214.7613 MVar


[2026-05-09 23:25:51] [iter 42] [Bus 1] P/Q/CMD -> V_in=1.0360 pu, I_in=2061.2069 A, V_out=1.0360 pu, I_out=2061.2069 A, V_DT=1.0217 pu, P=707.2479 MW, Q=206.2806 MVar
[2026-05-09 23:25:51] [iter 42] [Bus 2] P/Q/CMD -> V_in=1.0310 pu, I_in=800.0000 A, V_out=1.0310 pu, I_out=800.0000 A, V_DT=0.9942 pu, P=324.3938 MW, Q=106.6231 MVar
[2026-05-09 23:25:51] [iter 42] [Bus 3] P/Q/CMD -> V_in=0.9520 pu, I_in=750.0000 A, V_out=0.9520 pu, I_out=750.0000 A, V_DT=0.9663 pu, P=238.9401 MW, Q=59.8840 MVar
[2026-05-09 23:25:51] [iter 42] [Bus 4] P/Q/CMD -> V_in=0.9830 pu, I_in=1836.1034 A, V_out=0.9830 pu, I_out=1836.1034 A, V_DT=0.9418 pu, P=673.1246 MW, Q=244.3116 MVar
[2026-05-09 23:25:51] [iter 42] [Bus 5] P/Q/CMD -> V_in=1.0300 pu, I_in=2094.5517 A, V_out=1.0300 pu, I_out=2094.5517 A, V_DT=0.9463 pu, P=714.5270 MW, Q=208.4037 MVar


[2026-05-09 23:25:55] [iter 43] [Bus 1] P/Q/CMD -> V_in=1.0310 pu, I_in=345.3103 A, V_out=1.0310 pu, I_out=345.3103 A, V_DT=1.0110 pu, P=117.9122 MW, Q=34.3910 MVar
[2026-05-09 23:25:55] [iter 43] [Bus 2] P/Q/CMD -> V_in=1.0280 pu, I_in=228.4138 A, V_out=1.0280 pu, I_out=228.4138 A, V_DT=0.9948 pu, P=92.3505 MW, Q=30.3542 MVar
[2026-05-09 23:25:55] [iter 43] [Bus 3] P/Q/CMD -> V_in=1.0370 pu, I_in=778.4828 A, V_out=1.0370 pu, I_out=778.4828 A, V_DT=0.9644 pu, P=270.1585 MW, Q=67.7081 MVar
[2026-05-09 23:25:55] [iter 43] [Bus 4] P/Q/CMD -> V_in=0.9720 pu, I_in=797.5517 A, V_out=0.9720 pu, I_out=797.5517 A, V_DT=0.9320 pu, P=289.1145 MW, Q=104.9346 MVar
[2026-05-09 23:25:55] [Bus 4] Command breaker ke RTU: OPEN
[2026-05-09 23:25:55] [iter 43] [Bus 5] P/Q/CMD -> V_in=0.9960 pu, I_in=386.8621 A, V_out=0.9960 pu, I_out=386.8621 A, V_DT=0.9364 pu, P=127.6162 MW, Q=37.2214 MVar


[2026-05-09 23:25:59] [iter 44] [Bus 1] P/Q/CMD -> V_in=1.0290 pu, I_in=1852.5517 A, V_out=1.0290 pu, I_out=1852.5517 A, V_DT=1.0211 pu, P=631.3585 MW, Q=184.1462 MVar
[2026-05-09 23:25:59] [iter 44] [Bus 2] P/Q/CMD -> V_in=0.9520 pu, I_in=2187.3103 A, V_out=0.9520 pu, I_out=2187.3103 A, V_DT=1.0135 pu, P=818.9762 MW, Q=269.1845 MVar
[2026-05-09 23:25:59] [iter 44] [Bus 3] P/Q/CMD -> V_in=0.9820 pu, I_in=826.0345 A, V_out=0.9820 pu, I_out=826.0345 A, V_DT=0.9913 pu, P=271.4567 MW, Q=68.0335 MVar
[2026-05-09 23:25:59] [iter 44] [Bus 4] P/Q/CMD -> V_in=1.0460 pu, I_in=2104.6207 A, V_out=1.0460 pu, I_out=2104.6207 A, V_DT=0.9419 pu, P=821.0135 MW, Q=297.9881 MVar
[2026-05-09 23:25:59] [Bus 4] Command breaker ke RTU: CLOSE
[2026-05-09 23:25:59] [iter 44] [Bus 5] P/Q/CMD -> V_in=1.0140 pu, I_in=1824.1034 A, V_out=1.0140 pu, I_out=1824.1034 A, V_DT=0.9531 pu, P=612.6011 MW, Q=178.6753 MVar
[2026-05-09 23:25:59] [Bus 5] Command breaker ke RTU: OPEN


[2026-05-09 23:26:03] [iter 45] [Bus 1] P/Q/CMD -> V_in=1.0480 pu, I_in=1918.8276 A, V_out=1.0480 pu, I_out=1918.8276 A, V_DT=1.0107 pu, P=666.0204 MW, Q=194.2560 MVar
[2026-05-09 23:26:03] [iter 45] [Bus 2] P/Q/CMD -> V_in=1.0430 pu, I_in=2139.2759 A, V_out=1.0430 pu, I_out=2139.2759 A, V_DT=0.9963 pu, P=877.5564 MW, Q=288.4388 MVar
[2026-05-09 23:26:03] [iter 45] [Bus 3] P/Q/CMD -> V_in=1.0470 pu, I_in=2128.3793 A, V_out=1.0470 pu, I_out=2128.3793 A, V_DT=0.9720 pu, P=745.7385 MW, Q=186.8997 MVar
[2026-05-09 23:26:03] [iter 45] [Bus 4] P/Q/CMD -> V_in=1.0460 pu, I_in=339.3448 A, V_out=1.0460 pu, I_out=339.3448 A, V_DT=0.9272 pu, P=132.3786 MW, Q=48.0470 MVar
[2026-05-09 23:26:03] [Bus 4] Command breaker ke RTU: OPEN
[2026-05-09 23:26:03] [iter 45] [Bus 5] P/Q/CMD -> V_in=0.9600 pu, I_in=2110.5862 A, V_out=0.9600 pu, I_out=2110.5862 A, V_DT=0.9282 pu, P=671.0651 MW, Q=195.7273 MVar
[2026-05-09 23:26:03] [Bus 5] Command breaker ke RTU: CLOSE


[2026-05-09 23:26:07] [iter 46] [Bus 1] P/Q/CMD -> V_in=1.0220 pu, I_in=1990.8966 A, V_out=1.0220 pu, I_out=1990.8966 A, V_DT=1.0008 pu, P=673.8914 MW, Q=196.5517 MVar
[2026-05-09 23:26:07] [iter 46] [Bus 2] P/Q/CMD -> V_in=1.0100 pu, I_in=1854.1724 A, V_out=1.0100 pu, I_out=1854.1724 A, V_DT=0.9722 pu, P=736.5385 MW, Q=242.0885 MVar
[2026-05-09 23:26:07] [iter 46] [Bus 3] P/Q/CMD -> V_in=0.9880 pu, I_in=2067.7931 A, V_out=0.9880 pu, I_out=2067.7931 A, V_DT=0.9359 pu, P=683.6831 MW, Q=171.3471 MVar
[2026-05-09 23:26:07] [iter 46] [Bus 4] P/Q/CMD -> V_in=0.9750 pu, I_in=710.6207 A, V_out=0.9750 pu, I_out=710.6207 A, V_DT=0.8786 pu, P=258.3969 MW, Q=93.7855 MVar
[2026-05-09 23:26:07] [Bus 4] Command breaker ke RTU: CLOSE
[2026-05-09 23:26:07] [iter 46] [Bus 5] P/Q/CMD -> V_in=0.9500 pu, I_in=2013.8276 A, V_out=0.9500 pu, I_out=2013.8276 A, V_DT=0.8892 pu, P=633.6307 MW, Q=184.8090 MVar
[2026-05-09 23:26:07] [Bus 5] Command breaker ke RTU: OPEN


[2026-05-09 23:26:11] [iter 47] [Bus 1] P/Q/CMD -> V_in=1.0020 pu, I_in=698.6207 A, V_out=1.0020 pu, I_out=698.6207 A, V_DT=1.0008 pu, P=231.8459 MW, Q=67.6217 MVar
[2026-05-09 23:26:11] [iter 47] [Bus 2] P/Q/CMD -> V_in=1.0240 pu, I_in=648.3793 A, V_out=1.0240 pu, I_out=648.3793 A, V_DT=0.9722 pu, P=261.1278 MW, Q=85.8285 MVar
[2026-05-09 23:26:11] [iter 47] [Bus 3] P/Q/CMD -> V_in=0.9860 pu, I_in=208.7586 A, V_out=0.9860 pu, I_out=208.7586 A, V_DT=0.9359 pu, P=68.8830 MW, Q=17.2637 MVar
[2026-05-09 23:26:11] [iter 47] [Bus 4] P/Q/CMD -> V_in=1.0160 pu, I_in=397.8621 A, V_out=1.0160 pu, I_out=397.8621 A, V_DT=0.8786 pu, P=150.7548 MW, Q=54.7167 MVar
[2026-05-09 23:26:11] [iter 47] [Bus 5] P/Q/CMD -> V_in=0.9810 pu, I_in=814.5517 A, V_out=0.9810 pu, I_out=814.5517 A, V_DT=0.8892 pu, P=264.6537 MW, Q=77.1907 MVar


[2026-05-09 23:26:15] [iter 48] [Bus 1] P/Q/CMD -> V_in=1.0020 pu, I_in=698.6207 A, V_out=1.0020 pu, I_out=698.6207 A, V_DT=1.0096 pu, P=231.8459 MW, Q=67.6217 MVar
[2026-05-09 23:26:15] [iter 48] [Bus 2] P/Q/CMD -> V_in=1.0240 pu, I_in=2195.3793 A, V_out=1.0240 pu, I_out=2195.3793 A, V_DT=1.0033 pu, P=884.1653 MW, Q=290.6111 MVar
[2026-05-09 23:26:15] [iter 48] [Bus 3] P/Q/CMD -> V_in=0.9860 pu, I_in=208.7586 A, V_out=0.9860 pu, I_out=208.7586 A, V_DT=0.9878 pu, P=68.8830 MW, Q=17.2637 MVar
[2026-05-09 23:26:15] [iter 48] [Bus 4] P/Q/CMD -> V_in=1.0160 pu, I_in=1842.0345 A, V_out=1.0160 pu, I_out=1842.0345 A, V_DT=0.9634 pu, P=697.9692 MW, Q=253.3290 MVar
[2026-05-09 23:26:15] [Bus 4] Command breaker ke RTU: OPEN
[2026-05-09 23:26:15] [iter 48] [Bus 5] P/Q/CMD -> V_in=0.9810 pu, I_in=1836.7586 A, V_out=0.9810 pu, I_out=1836.7586 A, V_DT=0.9623 pu, P=596.7761 MW, Q=174.0597 MVar
[2026-05-09 23:26:15] [Bus 5] Command breaker ke RTU: CLOSE


[2026-05-09 23:26:19] [iter 49] [Bus 1] P/Q/CMD -> V_in=1.0200 pu, I_in=373.4138 A, V_out=1.0200 pu, I_out=373.4138 A, V_DT=1.0140 pu, P=126.1481 MW, Q=36.7932 MVar
[2026-05-09 23:26:19] [iter 49] [Bus 2] P/Q/CMD -> V_in=0.9800 pu, I_in=473.0690 A, V_out=0.9800 pu, I_out=473.0690 A, V_DT=0.9902 pu, P=182.3369 MW, Q=59.9312 MVar
[2026-05-09 23:26:19] [iter 49] [Bus 3] P/Q/CMD -> V_in=0.9900 pu, I_in=2151.6552 A, V_out=0.9900 pu, I_out=2151.6552 A, V_DT=0.9704 pu, P=712.8509 MW, Q=178.6573 MVar
[2026-05-09 23:26:19] [iter 49] [Bus 4] P/Q/CMD -> V_in=0.9620 pu, I_in=2137.3103 A, V_out=0.9620 pu, I_out=2137.3103 A, V_DT=0.9162 pu, P=766.8094 MW, Q=278.3147 MVar
[2026-05-09 23:26:19] [Bus 4] Command breaker ke RTU: CLOSE
[2026-05-09 23:26:19] [iter 49] [Bus 5] P/Q/CMD -> V_in=1.0440 pu, I_in=2195.5172 A, V_out=1.0440 pu, I_out=2195.5172 A, V_DT=0.9268 pu, P=759.1501 MW, Q=221.4188 MVar
[2026-05-09 23:26:19] [Bus 5] Command breaker ke RTU: OPEN


[2026-05-09 23:26:23] [iter 50] [Bus 1] P/Q/CMD -> V_in=1.0400 pu, I_in=597.9655 A, V_out=1.0400 pu, I_out=597.9655 A, V_DT=1.0215 pu, P=205.9680 MW, Q=60.0740 MVar
[2026-05-09 23:26:23] [iter 50] [Bus 2] P/Q/CMD -> V_in=0.9800 pu, I_in=582.0690 A, V_out=0.9800 pu, I_out=582.0690 A, V_DT=0.9972 pu, P=224.3492 MW, Q=73.7400 MVar
[2026-05-09 23:26:23] [iter 50] [Bus 3] P/Q/CMD -> V_in=0.9500 pu, I_in=390.9310 A, V_out=0.9500 pu, I_out=390.9310 A, V_DT=0.9691 pu, P=124.2838 MW, Q=31.1485 MVar
[2026-05-09 23:26:23] [iter 50] [Bus 4] P/Q/CMD -> V_in=0.9920 pu, I_in=599.1379 A, V_out=0.9920 pu, I_out=599.1379 A, V_DT=0.9227 pu, P=221.6579 MW, Q=80.4511 MVar
[2026-05-09 23:26:23] [Bus 4] Command breaker ke RTU: OPEN
[2026-05-09 23:26:23] [iter 50] [Bus 5] P/Q/CMD -> V_in=1.0140 pu, I_in=499.4828 A, V_out=1.0140 pu, I_out=499.4828 A, V_DT=0.9223 pu, P=167.7447 MW, Q=48.9255 MVar
[2026-05-09 23:26:23] [Bus 5] Command breaker ke RTU: CLOSE


[2026-05-09 23:26:27] [iter 51] [Bus 1] P/Q/CMD -> V_in=0.9940 pu, I_in=2092.6897 A, V_out=0.9940 pu, I_out=2092.6897 A, V_DT=1.0268 pu, P=688.9402 MW, Q=200.9409 MVar
[2026-05-09 23:26:27] [iter 51] [Bus 2] P/Q/CMD -> V_in=0.9970 pu, I_in=582.0690 A, V_out=0.9970 pu, I_out=582.0690 A, V_DT=1.0144 pu, P=228.2409 MW, Q=75.0192 MVar
[2026-05-09 23:26:27] [iter 51] [Bus 3] P/Q/CMD -> V_in=0.9500 pu, I_in=390.9310 A, V_out=0.9500 pu, I_out=390.9310 A, V_DT=0.9967 pu, P=124.2838 MW, Q=31.1485 MVar
[2026-05-09 23:26:27] [iter 51] [Bus 4] P/Q/CMD -> V_in=0.9920 pu, I_in=599.1379 A, V_out=0.9920 pu, I_out=599.1379 A, V_DT=0.9520 pu, P=221.6579 MW, Q=80.4511 MVar
[2026-05-09 23:26:27] [Bus 4] Command breaker ke RTU: CLOSE
[2026-05-09 23:26:27] [iter 51] [Bus 5] P/Q/CMD -> V_in=1.0140 pu, I_in=499.4828 A, V_out=1.0140 pu, I_out=499.4828 A, V_DT=0.9618 pu, P=167.7447 MW, Q=48.9255 MVar
[2026-05-09 23:26:27] [Bus 5] Command breaker ke RTU: OPEN


[2026-05-09 23:26:31] [iter 52] [Bus 1] P/Q/CMD -> V_in=0.9940 pu, I_in=2092.6897 A, V_out=0.9940 pu, I_out=2092.6897 A, V_DT=1.0175 pu, P=688.9402 MW, Q=200.9409 MVar
[2026-05-09 23:26:31] [iter 52] [Bus 2] P/Q/CMD -> V_in=0.9970 pu, I_in=1990.9310 A, V_out=0.9970 pu, I_out=1990.9310 A, V_DT=1.0232 pu, P=780.6841 MW, Q=256.5984 MVar
[2026-05-09 23:26:31] [iter 52] [Bus 3] P/Q/CMD -> V_in=1.0290 pu, I_in=2072.6207 A, V_out=1.0290 pu, I_out=2072.6207 A, V_DT=1.0131 pu, P=713.7170 MW, Q=178.8743 MVar
[2026-05-09 23:26:31] [iter 52] [Bus 4] P/Q/CMD -> V_in=0.9580 pu, I_in=569.3448 A, V_out=0.9580 pu, I_out=569.3448 A, V_DT=0.9928 pu, P=203.4163 MW, Q=73.8302 MVar
[2026-05-09 23:26:31] [iter 52] [Bus 5] P/Q/CMD -> V_in=1.0120 pu, I_in=2013.1034 A, V_out=1.0120 pu, I_out=2013.1034 A, V_DT=0.9925 pu, P=674.7407 MW, Q=196.7994 MVar
[2026-05-09 23:26:31] [Bus 5] Command breaker ke RTU: CLOSE


[2026-05-09 23:26:35] [iter 53] [Bus 1] P/Q/CMD -> V_in=1.0310 pu, I_in=2105.1724 A, V_out=1.0310 pu, I_out=2105.1724 A, V_DT=1.0091 pu, P=718.8473 MW, Q=209.6638 MVar
[2026-05-09 23:26:35] [iter 53] [Bus 2] P/Q/CMD -> V_in=1.0160 pu, I_in=1896.9655 A, V_out=1.0160 pu, I_out=1896.9655 A, V_DT=1.0057 pu, P=758.0138 MW, Q=249.1471 MVar
[2026-05-09 23:26:35] [iter 53] [Bus 3] P/Q/CMD -> V_in=0.9690 pu, I_in=2088.6897 A, V_out=0.9690 pu, I_out=2088.6897 A, V_DT=0.9902 pu, P=677.3116 MW, Q=169.7503 MVar
[2026-05-09 23:26:35] [iter 53] [Bus 4] P/Q/CMD -> V_in=0.9740 pu, I_in=528.4483 A, V_out=0.9740 pu, I_out=528.4483 A, V_DT=0.9796 pu, P=191.9580 MW, Q=69.6715 MVar
[2026-05-09 23:26:35] [iter 53] [Bus 5] P/Q/CMD -> V_in=1.0340 pu, I_in=2122.9310 A, V_out=1.0340 pu, I_out=2122.9310 A, V_DT=0.9807 pu, P=727.0207 MW, Q=212.0477 MVar
