[DOS][INFO] target=10.0.2.2:5001 at=2026-06-01 02:02:24
\n===== DoS LIGHT 2026-06-01 02:02:24 =====
[DOS][LIGHT][UDP] start pps~500 duration=45s
HPING 10.0.2.2 (h5-eth0 10.0.2.2): udp mode set, 28 headers + 128 data bytes
status=0 port=2589 seq=0
status=0 port=2590 seq=1
status=0 port=2591 seq=2
status=0 port=2592 seq=3
status=0 port=2593 seq=4
status=0 port=2594 seq=5
status=0 port=4476 seq=1887
status=0 port=5396 seq=2807
status=0 port=7439 seq=4850
status=0 port=9704 seq=7115
status=0 port=11742 seq=9153
status=0 port=13942 seq=11353
status=0 port=15812 seq=13223
status=0 port=17660 seq=15071
status=0 port=19682 seq=17093
status=0 port=21508 seq=18919
status=0 port=23448 seq=20859
status=0 port=25288 seq=22699
status=0 port=27183 seq=24594
status=0 port=28931 seq=26342
status=0 port=30538 seq=27949
status=0 port=32379 seq=29790
status=0 port=34099 seq=31510
status=0 port=35841 seq=33252
status=0 port=37559 seq=34970
status=0 port=39430 seq=36841
status=0 port=41190 seq=38601
status=0 port=43039 seq=40450
status=0 port=45039 seq=42450
status=0 port=46931 seq=44342
status=0 port=48700 seq=46111
status=0 port=50265 seq=47676
status=0 port=51928 seq=49339
status=0 port=53711 seq=51122
status=0 port=55214 seq=52625
status=0 port=56883 seq=54294
status=0 port=58654 seq=56065
status=0 port=60171 seq=57582
status=0 port=61811 seq=59222
status=0 port=63384 seq=60795
status=0 port=65383 seq=62794
status=0 port=1855 seq=64802
status=0 port=3750 seq=66697
status=0 port=5563 seq=68510
status=0 port=7368 seq=70315
status=0 port=9141 seq=72088
status=0 port=10793 seq=73740
status=0 port=12499 seq=75446
status=0 port=14031 seq=76978
status=0 port=15689 seq=78636
status=0 port=17447 seq=80394
status=0 port=19050 seq=81997
status=0 port=20673 seq=83620
status=0 port=22314 seq=85261
status=0 port=24045 seq=86992
status=0 port=25703 seq=88650
status=0 port=27264 seq=90211
status=0 port=29017 seq=91964
status=0 port=30672 seq=93619
status=0 port=32311 seq=95258
status=0 port=33848 seq=96795
status=0 port=35514 seq=98461
status=0 port=37061 seq=100008
status=0 port=38764 seq=101711
status=0 port=40241 seq=103188
status=0 port=41867 seq=104814
status=0 port=43410 seq=106357
status=0 port=44997 seq=107944
status=0 port=46600 seq=109547
status=0 port=48295 seq=111242
status=0 port=49933 seq=112880
status=0 port=51462 seq=114409
status=0 port=53103 seq=116050
status=0 port=54655 seq=117602
status=0 port=56268 seq=119215
status=0 port=57807 seq=120754
status=0 port=59451 seq=122398
status=0 port=61124 seq=124071
status=0 port=62762 seq=125709
status=0 port=64344 seq=127291
status=0 port=458 seq=128941
status=0 port=1856 seq=130339
status=0 port=3677 seq=132160
status=0 port=5528 seq=0
status=0 port=7526 seq=0
status=0 port=9487 seq=0
status=0 port=10890 seq=0
status=0 port=12549 seq=141032
status=0 port=14624 seq=143107
status=0 port=16300 seq=144783
status=0 port=18178 seq=146661
status=0 port=20090 seq=148573
status=0 port=21791 seq=150274
status=0 port=23550 seq=152033
status=0 port=25282 seq=153765
status=0 port=26890 seq=155373
status=0 port=28130 seq=156613
status=0 port=28823 seq=157306
status=0 port=30654 seq=159137
status=0 port=32554 seq=161037
status=0 port=34338 seq=162821
status=0 port=36094 seq=164577
status=0 port=37566 seq=166049
status=0 port=38754 seq=167237
status=0 port=40397 seq=168880
status=0 port=42220 seq=170703
status=0 port=43900 seq=172383
status=0 port=45534 seq=174017
status=0 port=47121 seq=175604
status=0 port=48809 seq=177292
status=0 port=50516 seq=178999
status=0 port=52085 seq=180568
status=0 port=53692 seq=182175
status=0 port=55377 seq=183860
status=0 port=57041 seq=185524
status=0 port=58686 seq=187169
status=0 port=60452 seq=188935
status=0 port=62148 seq=190631
status=0 port=63704 seq=192187
status=0 port=65292 seq=193775
status=0 port=1422 seq=195441
status=0 port=3194 seq=197213
status=0 port=4961 seq=198980
status=0 port=6506 seq=200525
status=0 port=8226 seq=202245
status=0 port=9829 seq=203848
status=0 port=11566 seq=205585
status=0 port=13224 seq=207243
status=0 port=14907 seq=208926
status=0 port=16394 seq=210413
status=0 port=18060 seq=212079
status=0 port=19905 seq=213924
status=0 port=21565 seq=215584
status=0 port=23141 seq=217160
status=0 port=24859 seq=218878
status=0 port=26723 seq=220742
status=0 port=28412 seq=222431
status=0 port=30100 seq=224119
status=0 port=31832 seq=225851
status=0 port=33604 seq=227623
status=0 port=35228 seq=229247
status=0 port=36965 seq=230984
status=0 port=38423 seq=232442
status=0 port=39924 seq=233943
status=0 port=41539 seq=235558
status=0 port=43122 seq=237141
status=0 port=44890 seq=238909
status=0 port=46317 seq=240336
status=0 port=47799 seq=241818
status=0 port=48929 seq=242948
status=0 port=50457 seq=244476
status=0 port=52204 seq=246223
status=0 port=53835 seq=247854
status=0 port=55365 seq=249384
status=0 port=56809 seq=250828
status=0 port=58387 seq=252406
status=0 port=59845 seq=253864
status=0 port=61656 seq=255675
status=0 port=63163 seq=257182
status=0 port=64775 seq=258794
status=0 port=901 seq=260456
status=0 port=2543 seq=262098
status=0 port=4264 seq=263819
status=0 port=5677 seq=265232
status=0 port=7424 seq=266979
status=0 port=9181 seq=268736
status=0 port=10887 seq=270442
status=0 port=12348 seq=271903
status=0 port=14036 seq=273591
status=0 port=15583 seq=275138
status=0 port=17295 seq=276850
status=0 port=18811 seq=0
status=0 port=20511 seq=0
status=0 port=22374 seq=0
status=0 port=24319 seq=0
status=0 port=26311 seq=0
status=0 port=28315 seq=0
status=0 port=30575 seq=0
status=0 port=32984 seq=292539
status=0 port=34419 seq=293974
status=0 port=36193 seq=295748
status=0 port=38046 seq=297601
status=0 port=39958 seq=299513
status=0 port=41693 seq=301248
status=0 port=42873 seq=302428
status=0 port=44007 seq=303562
status=0 port=45412 seq=304967
status=0 port=46905 seq=306460
status=0 port=48581 seq=308136
status=0 port=48897 seq=308452
status=0 port=50330 seq=309885
status=0 port=51916 seq=311471
status=0 port=53557 seq=313112
status=0 port=54344 seq=313899
status=0 port=55384 seq=314939
status=0 port=57033 seq=316588
status=0 port=58717 seq=318272
status=0 port=60423 seq=319978
status=0 port=62191 seq=321746
status=0 port=63784 seq=323339
status=0 port=65462 seq=325017
status=0 port=1654 seq=326745
status=0 port=3420 seq=328511
status=0 port=5067 seq=330158
status=0 port=6710 seq=331801
status=0 port=8499 seq=333590
status=0 port=10154 seq=335245
status=0 port=11871 seq=336962
status=0 port=13561 seq=338652
status=0 port=15236 seq=340327
status=0 port=16992 seq=342083
status=0 port=18546 seq=343637
status=0 port=20151 seq=345242
status=0 port=21803 seq=346894
status=0 port=23631 seq=348722
status=0 port=25341 seq=350432
status=0 port=27011 seq=352102
status=0 port=28660 seq=353751
status=0 port=30432 seq=355523
status=0 port=32156 seq=357247
status=0 port=33784 seq=358875
status=0 port=35579 seq=360670
status=0 port=37328 seq=362419
status=0 port=38864 seq=363955
status=0 port=40438 seq=365529
status=0 port=42036 seq=367127
status=0 port=43665 seq=368756
status=0 port=45399 seq=370490
status=0 port=47195 seq=372286
status=0 port=48716 seq=373807
status=0 port=50343 seq=375434
status=0 port=52048 seq=377139
status=0 port=53657 seq=378748
status=0 port=55331 seq=380422
status=0 port=57107 seq=382198
status=0 port=58746 seq=383837
status=0 port=60566 seq=385657
status=0 port=62323 seq=387414
status=0 port=63996 seq=389087
status=0 port=164 seq=390791
status=0 port=1789 seq=392416
status=0 port=3410 seq=394037
status=0 port=4984 seq=395611
status=0 port=6600 seq=397227
status=0 port=8259 seq=398886
status=0 port=9803 seq=400430
status=0 port=11363 seq=401990
status=0 port=13039 seq=403666
status=0 port=14723 seq=405350
status=0 port=16485 seq=407112
status=0 port=18191 seq=408818
status=0 port=19981 seq=410608
status=0 port=21680 seq=412307
status=0 port=23369 seq=413996
status=0 port=25038 seq=415665
status=0 port=26669 seq=417296
status=0 port=28289 seq=418916
status=0 port=30164 seq=420791
status=0 port=31900 seq=422527
status=0 port=33599 seq=424226
status=0 port=35411 seq=426038
status=0 port=37042 seq=427669
status=0 port=38623 seq=429250
status=0 port=40500 seq=0
status=0 port=42385 seq=0
status=0 port=44331 seq=0
status=0 port=46245 seq=0
status=0 port=48288 seq=0
status=0 port=50863 seq=44[DOS][INFO] target=10.0.2.2:5001 at=2026-06-01 02:06:54
\n===== DoS HEAVY 2026-06-01 02:06:54 =====
[DOS][HEAVY][UDP] start pps~3000 duration=60s

--- 10.0.2.2 hping statistic ---
453727 packets transmitted, 275 packets received, 100% packet loss
round-trip min/avg/max = 1.0/19.1/244.3 ms
1490
status=0 port=52433 seq=443060
status=0 port=54343 seq=444970
status=0 port=56136 seq=446763
status=0 port=57934 seq=448561
status=0 port=59854 seq=450481
status=0 port=61673 seq=452300
hping in flood mode, no replies will be shown

--- 10.0.2.2 hping statistic ---
848701 packets transmitted, 0 packets received, 100% packet loss
round-trip min/avg/max = 0.0/0.0/0.0 ms
HPING 10.0.2.2 (h5-eth0 10.0.2.2): udp mode set, 28 headers + 128 data bytes
