Memulai Server OPC UA
Endpoints other than open requested but private key and certificate are not set.
Listening on 10.0.2.2:4840
Memulai Modbus Gateway di 0.0.0.0:5020


[2026-05-08 00:28:39] [iter 1] [Bus 1] P/Q/CMD -> V_in=0.0000 pu, I_in=0.0000 A, V_out=0.0000 pu, I_out=0.0000 A, V_DT=1.0000 pu, P=0.0000 MW, Q=0.0000 MVar
[2026-05-08 00:28:39] [iter 1] [Bus 2] P/Q/CMD -> V_in=0.0000 pu, I_in=0.0000 A, V_out=0.0000 pu, I_out=0.0000 A, V_DT=1.0000 pu, P=0.0000 MW, Q=0.0000 MVar
[2026-05-08 00:28:39] [iter 1] [Bus 3] P/Q/CMD -> V_in=0.0000 pu, I_in=0.0000 A, V_out=0.0000 pu, I_out=0.0000 A, V_DT=1.0000 pu, P=0.0000 MW, Q=0.0000 MVar
[2026-05-08 00:28:39] [iter 1] [Bus 4] P/Q/CMD -> V_in=0.0000 pu, I_in=0.0000 A, V_out=0.0000 pu, I_out=0.0000 A, V_DT=1.0000 pu, P=0.0000 MW, Q=0.0000 MVar
[2026-05-08 00:28:39] [iter 1] [Bus 5] P/Q/CMD -> V_in=0.0000 pu, I_in=0.0000 A, V_out=0.0000 pu, I_out=0.0000 A, V_DT=1.0000 pu, P=0.0000 MW, Q=0.0000 MVar


[2026-05-08 00:28:43] [iter 2] [Bus 1] P/Q/CMD -> V_in=1.0120 pu, I_in=169.2414 A, V_out=1.0120 pu, I_out=169.2414 A, V_DT=1.0500 pu, P=56.7254 MW, Q=16.5449 MVar
[2026-05-08 00:28:43] [iter 2] [Bus 2] P/Q/CMD -> V_in=0.9770 pu, I_in=330.2414 A, V_out=0.9770 pu, I_out=330.2414 A, V_DT=1.0500 pu, P=126.8966 MW, Q=41.7089 MVar
[2026-05-08 00:28:43] [iter 2] [Bus 3] P/Q/CMD -> V_in=1.0220 pu, I_in=653.2759 A, V_out=1.0220 pu, I_out=653.2759 A, V_DT=1.0405 pu, P=223.4284 MW, Q=55.9964 MVar
[2026-05-08 00:28:43] [iter 2] [Bus 4] P/Q/CMD -> V_in=1.0390 pu, I_in=210.5862 A, V_out=1.0390 pu, I_out=210.5862 A, V_DT=1.0377 pu, P=81.6000 MW, Q=29.6169 MVar
[2026-05-08 00:28:43] [iter 2] [Bus 5] P/Q/CMD -> V_in=0.9920 pu, I_in=176.6552 A, V_out=0.9920 pu, I_out=176.6552 A, V_DT=1.0396 pu, P=58.0401 MW, Q=16.9284 MVar


[2026-05-08 00:28:47] [iter 3] [Bus 1] P/Q/CMD -> V_in=0.9710 pu, I_in=1890.6552 A, V_out=0.9710 pu, I_out=1890.6552 A, V_DT=1.0488 pu, P=608.0256 MW, Q=177.3408 MVar
[2026-05-08 00:28:47] [iter 3] [Bus 2] P/Q/CMD -> V_in=0.9520 pu, I_in=1908.1034 A, V_out=0.9520 pu, I_out=1908.1034 A, V_DT=1.0485 pu, P=714.4351 MW, Q=234.8235 MVar
[2026-05-08 00:28:47] [iter 3] [Bus 3] P/Q/CMD -> V_in=1.0140 pu, I_in=2142.7586 A, V_out=1.0140 pu, I_out=2142.7586 A, V_DT=1.0404 pu, P=727.1132 MW, Q=182.2317 MVar
[2026-05-08 00:28:47] [iter 3] [Bus 4] P/Q/CMD -> V_in=0.9720 pu, I_in=619.3448 A, V_out=0.9720 pu, I_out=619.3448 A, V_DT=1.0397 pu, P=224.5141 MW, Q=81.4877 MVar
[2026-05-08 00:28:47] [iter 3] [Bus 5] P/Q/CMD -> V_in=1.0300 pu, I_in=1938.9310 A, V_out=1.0300 pu, I_out=1938.9310 A, V_DT=1.0414 pu, P=661.4392 MW, Q=192.9198 MVar


[2026-05-08 00:28:51] [iter 4] [Bus 1] P/Q/CMD -> V_in=1.0300 pu, I_in=1981.4138 A, V_out=1.0300 pu, I_out=1981.4138 A, V_DT=1.0343 pu, P=675.9316 MW, Q=197.1467 MVar
[2026-05-08 00:28:51] [iter 4] [Bus 2] P/Q/CMD -> V_in=0.9840 pu, I_in=2090.9310 A, V_out=0.9840 pu, I_out=2090.9310 A, V_DT=1.0349 pu, P=809.2054 MW, Q=265.9729 MVar
[2026-05-08 00:28:51] [iter 4] [Bus 3] P/Q/CMD -> V_in=1.0450 pu, I_in=1970.5517 A, V_out=1.0450 pu, I_out=1970.5517 A, V_DT=1.0299 pu, P=689.1202 MW, Q=172.7098 MVar
[2026-05-08 00:28:51] [iter 4] [Bus 4] P/Q/CMD -> V_in=0.9590 pu, I_in=2041.0000 A, V_out=0.9590 pu, I_out=2041.0000 A, V_DT=1.0324 pu, P=729.9723 MW, Q=264.9446 MVar
[2026-05-08 00:28:51] [iter 4] [Bus 5] P/Q/CMD -> V_in=1.0340 pu, I_in=2024.6552 A, V_out=1.0340 pu, I_out=2024.6552 A, V_DT=1.0326 pu, P=693.3650 MW, Q=202.2315 MVar


[2026-05-08 00:28:55] [iter 5] [Bus 1] P/Q/CMD -> V_in=1.0300 pu, I_in=688.0345 A, V_out=1.0300 pu, I_out=688.0345 A, V_DT=1.0199 pu, P=234.7133 MW, Q=68.4581 MVar
[2026-05-08 00:28:55] [iter 5] [Bus 2] P/Q/CMD -> V_in=1.0020 pu, I_in=891.5862 A, V_out=1.0020 pu, I_out=891.5862 A, V_DT=1.0118 pu, P=351.3622 MW, Q=115.4872 MVar
[2026-05-08 00:28:55] [iter 5] [Bus 3] P/Q/CMD -> V_in=0.9870 pu, I_in=580.6897 A, V_out=0.9870 pu, I_out=580.6897 A, V_DT=0.9983 pu, P=191.8015 MW, Q=48.0700 MVar
[2026-05-08 00:28:55] [iter 5] [Bus 4] P/Q/CMD -> V_in=1.0320 pu, I_in=604.4138 A, V_out=1.0320 pu, I_out=604.4138 A, V_DT=0.9910 pu, P=232.6263 MW, Q=84.4321 MVar
[2026-05-08 00:28:55] [iter 5] [Bus 5] P/Q/CMD -> V_in=1.0360 pu, I_in=572.2414 A, V_out=1.0360 pu, I_out=572.2414 A, V_DT=0.9925 pu, P=196.3493 MW, Q=57.2685 MVar


[2026-05-08 00:28:59] [iter 6] [Bus 1] P/Q/CMD -> V_in=1.0200 pu, I_in=2066.1724 A, V_out=1.0200 pu, I_out=2066.1724 A, V_DT=1.0249 pu, P=698.0026 MW, Q=203.5841 MVar
[2026-05-08 00:28:59] [iter 6] [Bus 2] P/Q/CMD -> V_in=0.9720 pu, I_in=383.7241 A, V_out=0.9720 pu, I_out=383.7241 A, V_DT=1.0203 pu, P=146.6930 MW, Q=48.2157 MVar
[2026-05-08 00:28:59] [iter 6] [Bus 3] P/Q/CMD -> V_in=0.9570 pu, I_in=2118.1379 A, V_out=0.9570 pu, I_out=2118.1379 A, V_DT=1.0118 pu, P=678.3550 MW, Q=170.0118 MVar
[2026-05-08 00:28:59] [iter 6] [Bus 4] P/Q/CMD -> V_in=0.9600 pu, I_in=1999.3793 A, V_out=0.9600 pu, I_out=1999.3793 A, V_DT=1.0070 pu, P=715.8322 MW, Q=259.8124 MVar
[2026-05-08 00:28:59] [iter 6] [Bus 5] P/Q/CMD -> V_in=1.0120 pu, I_in=425.0690 A, V_out=1.0120 pu, I_out=425.0690 A, V_DT=1.0085 pu, P=142.4722 MW, Q=41.5544 MVar


[2026-05-08 00:29:03] [iter 7] [Bus 1] P/Q/CMD -> V_in=0.9870 pu, I_in=1953.1379 A, V_out=0.9870 pu, I_out=1953.1379 A, V_DT=1.0147 pu, P=638.4699 MW, Q=186.2204 MVar
[2026-05-08 00:29:03] [iter 7] [Bus 2] P/Q/CMD -> V_in=0.9760 pu, I_in=2008.2759 A, V_out=0.9760 pu, I_out=2008.2759 A, V_DT=1.0178 pu, P=770.8984 MW, Q=253.3820 MVar
[2026-05-08 00:29:03] [iter 7] [Bus 3] P/Q/CMD -> V_in=1.0140 pu, I_in=608.1724 A, V_out=1.0140 pu, I_out=608.1724 A, V_DT=1.0014 pu, P=206.3742 MW, Q=51.7223 MVar
[2026-05-08 00:29:03] [iter 7] [Bus 4] P/Q/CMD -> V_in=0.9670 pu, I_in=732.7931 A, V_out=0.9670 pu, I_out=732.7931 A, V_DT=0.9922 pu, P=264.2729 MW, Q=95.9183 MVar
[2026-05-08 00:29:03] [iter 7] [Bus 5] P/Q/CMD -> V_in=0.9660 pu, I_in=1854.7931 A, V_out=0.9660 pu, I_out=1854.7931 A, V_DT=0.9956 pu, P=593.4210 MW, Q=173.0811 MVar


[2026-05-08 00:29:07] [iter 8] [Bus 1] P/Q/CMD -> V_in=0.9870 pu, I_in=316.4483 A, V_out=0.9870 pu, I_out=316.4483 A, V_DT=1.0084 pu, P=103.4452 MW, Q=30.1715 MVar
[2026-05-08 00:29:07] [iter 8] [Bus 2] P/Q/CMD -> V_in=0.9760 pu, I_in=887.6897 A, V_out=0.9760 pu, I_out=887.6897 A, V_DT=1.0075 pu, P=340.7493 MW, Q=111.9989 MVar
[2026-05-08 00:29:07] [iter 8] [Bus 3] P/Q/CMD -> V_in=1.0140 pu, I_in=608.1724 A, V_out=1.0140 pu, I_out=608.1724 A, V_DT=0.9937 pu, P=206.3742 MW, Q=51.7223 MVar
[2026-05-08 00:29:07] [iter 8] [Bus 4] P/Q/CMD -> V_in=0.9670 pu, I_in=732.7931 A, V_out=0.9670 pu, I_out=732.7931 A, V_DT=0.9825 pu, P=264.2729 MW, Q=95.9183 MVar
[2026-05-08 00:29:07] [iter 8] [Bus 5] P/Q/CMD -> V_in=0.9660 pu, I_in=457.3793 A, V_out=0.9660 pu, I_out=457.3793 A, V_DT=0.9847 pu, P=146.3336 MW, Q=42.6806 MVar


[2026-05-08 00:29:11] [iter 9] [Bus 1] P/Q/CMD -> V_in=1.0480 pu, I_in=2176.4483 A, V_out=1.0480 pu, I_out=2176.4483 A, V_DT=1.0215 pu, P=755.4400 MW, Q=220.3367 MVar
[2026-05-08 00:29:11] [iter 9] [Bus 2] P/Q/CMD -> V_in=1.0040 pu, I_in=1837.2759 A, V_out=1.0040 pu, I_out=1837.2759 A, V_DT=1.0194 pu, P=725.4910 MW, Q=238.4574 MVar
[2026-05-08 00:29:11] [iter 9] [Bus 3] P/Q/CMD -> V_in=1.0340 pu, I_in=1830.0000 A, V_out=1.0340 pu, I_out=1830.0000 A, V_DT=1.0115 pu, P=633.2314 MW, Q=158.7028 MVar
[2026-05-08 00:29:11] [iter 9] [Bus 4] P/Q/CMD -> V_in=0.9720 pu, I_in=2123.4138 A, V_out=0.9720 pu, I_out=2123.4138 A, V_DT=1.0048 pu, P=769.7429 MW, Q=279.3794 MVar
[2026-05-08 00:29:11] [iter 9] [Bus 5] P/Q/CMD -> V_in=0.9810 pu, I_in=1965.3793 A, V_out=0.9810 pu, I_out=1965.3793 A, V_DT=1.0070 pu, P=638.5659 MW, Q=186.2484 MVar


[2026-05-08 00:29:15] [iter 10] [Bus 1] P/Q/CMD -> V_in=0.9710 pu, I_in=2119.0690 A, V_out=0.9710 pu, I_out=2119.0690 A, V_DT=1.0080 pu, P=681.4824 MW, Q=198.7657 MVar
[2026-05-08 00:29:15] [iter 10] [Bus 2] P/Q/CMD -> V_in=1.0370 pu, I_in=1809.0000 A, V_out=1.0370 pu, I_out=1809.0000 A, V_DT=0.9974 pu, P=737.8044 MW, Q=242.5046 MVar
[2026-05-08 00:29:15] [iter 10] [Bus 3] P/Q/CMD -> V_in=1.0140 pu, I_in=1951.2414 A, V_out=1.0140 pu, I_out=1951.2414 A, V_DT=0.9769 pu, P=662.1247 MW, Q=165.9441 MVar
[2026-05-08 00:29:15] [iter 10] [Bus 4] P/Q/CMD -> V_in=1.0410 pu, I_in=2159.1034 A, V_out=1.0410 pu, I_out=2159.1034 A, V_DT=0.9591 pu, P=838.2411 MW, Q=304.2409 MVar
[2026-05-08 00:29:15] [iter 10] [Bus 5] P/Q/CMD -> V_in=0.9760 pu, I_in=2077.8276 A, V_out=0.9760 pu, I_out=2077.8276 A, V_DT=0.9626 pu, P=671.6603 MW, Q=195.9009 MVar


[2026-05-08 00:29:19] [iter 11] [Bus 1] P/Q/CMD -> V_in=1.0060 pu, I_in=350.7931 A, V_out=1.0060 pu, I_out=350.7931 A, V_DT=0.9992 pu, P=116.8798 MW, Q=34.0899 MVar
[2026-05-08 00:29:19] [iter 11] [Bus 2] P/Q/CMD -> V_in=1.0080 pu, I_in=1874.2069 A, V_out=1.0080 pu, I_out=1874.2069 A, V_DT=0.9742 pu, P=743.0226 MW, Q=244.2197 MVar
[2026-05-08 00:29:19] [iter 11] [Bus 3] P/Q/CMD -> V_in=0.9890 pu, I_in=1942.0345 A, V_out=0.9890 pu, I_out=1942.0345 A, V_DT=0.9371 pu, P=642.7529 MW, Q=161.0891 MVar
[2026-05-08 00:29:19] [iter 11] [Bus 4] P/Q/CMD -> V_in=1.0490 pu, I_in=2106.0690 A, V_out=1.0490 pu, I_out=2106.0690 A, V_DT=0.9050 pu, P=823.9348 MW, Q=299.0484 MVar
[2026-05-08 00:29:19] [Bus 4] Command breaker ke RTU: OPEN
[2026-05-08 00:29:19] [iter 11] [Bus 5] P/Q/CMD -> V_in=0.9590 pu, I_in=196.5172 A, V_out=0.9590 pu, I_out=196.5172 A, V_DT=0.9105 pu, P=62.4180 MW, Q=18.2052 MVar


[2026-05-08 00:29:23] [iter 12] [Bus 1] P/Q/CMD -> V_in=0.9600 pu, I_in=656.7931 A, V_out=0.9600 pu, I_out=656.7931 A, V_DT=1.0088 pu, P=208.8287 MW, Q=60.9084 MVar
[2026-05-08 00:29:23] [iter 12] [Bus 2] P/Q/CMD -> V_in=1.0080 pu, I_in=1874.2069 A, V_out=1.0080 pu, I_out=1874.2069 A, V_DT=0.9677 pu, P=743.0226 MW, Q=244.2197 MVar
[2026-05-08 00:29:23] [iter 12] [Bus 3] P/Q/CMD -> V_in=0.9890 pu, I_in=1942.0345 A, V_out=0.9890 pu, I_out=1942.0345 A, V_DT=0.9256 pu, P=642.7529 MW, Q=161.0891 MVar
[2026-05-08 00:29:23] [iter 12] [Bus 4] P/Q/CMD -> V_in=1.0490 pu, I_in=2106.0690 A, V_out=1.0490 pu, I_out=2106.0690 A, V_DT=0.8559 pu, P=823.9348 MW, Q=299.0484 MVar
[2026-05-08 00:29:23] [Bus 4] Command breaker ke RTU: CLOSE
[2026-05-08 00:29:23] [iter 12] [Bus 5] P/Q/CMD -> V_in=0.9590 pu, I_in=196.5172 A, V_out=0.9590 pu, I_out=196.5172 A, V_DT=0.8731 pu, P=62.4180 MW, Q=18.2052 MVar
[2026-05-08 00:29:23] [Bus 5] Command breaker ke RTU: OPEN


[2026-05-08 00:29:27] [iter 13] [Bus 1] P/Q/CMD -> V_in=0.9600 pu, I_in=656.7931 A, V_out=0.9600 pu, I_out=656.7931 A, V_DT=1.0171 pu, P=208.8287 MW, Q=60.9084 MVar
[2026-05-08 00:29:27] [iter 13] [Bus 2] P/Q/CMD -> V_in=1.0290 pu, I_in=461.0690 A, V_out=1.0290 pu, I_out=461.0690 A, V_DT=0.9782 pu, P=186.5972 MW, Q=61.3315 MVar
[2026-05-08 00:29:27] [iter 13] [Bus 3] P/Q/CMD -> V_in=0.9560 pu, I_in=463.8621 A, V_out=0.9560 pu, I_out=463.8621 A, V_DT=0.9475 pu, P=148.4013 MW, Q=37.1929 MVar
[2026-05-08 00:29:27] [iter 13] [Bus 4] P/Q/CMD -> V_in=1.0490 pu, I_in=529.8621 A, V_out=1.0490 pu, I_out=529.8621 A, V_DT=0.9151 pu, P=207.2923 MW, Q=75.2370 MVar
[2026-05-08 00:29:27] [Bus 4] Command breaker ke RTU: OPEN
[2026-05-08 00:29:27] [iter 13] [Bus 5] P/Q/CMD -> V_in=1.0470 pu, I_in=772.7241 A, V_out=1.0470 pu, I_out=772.7241 A, V_DT=0.9213 pu, P=267.9548 MW, Q=78.1535 MVar
[2026-05-08 00:29:27] [Bus 5] Command breaker ke RTU: CLOSE


[2026-05-08 00:29:31] [iter 14] [Bus 1] P/Q/CMD -> V_in=0.9600 pu, I_in=1893.4828 A, V_out=0.9600 pu, I_out=1893.4828 A, V_DT=1.0239 pu, P=602.0366 MW, Q=175.5940 MVar
[2026-05-08 00:29:31] [iter 14] [Bus 2] P/Q/CMD -> V_in=1.0180 pu, I_in=1927.4828 A, V_out=1.0180 pu, I_out=1927.4828 A, V_DT=1.0042 pu, P=771.7244 MW, Q=253.6535 MVar
[2026-05-08 00:29:31] [iter 14] [Bus 3] P/Q/CMD -> V_in=0.9760 pu, I_in=1815.7241 A, V_out=0.9760 pu, I_out=1815.7241 A, V_DT=0.9854 pu, P=593.0489 MW, Q=148.6321 MVar
[2026-05-08 00:29:31] [iter 14] [Bus 4] P/Q/CMD -> V_in=0.9610 pu, I_in=2172.2069 A, V_out=0.9610 pu, I_out=2172.2069 A, V_DT=0.9447 pu, P=778.5193 MW, Q=282.5648 MVar
[2026-05-08 00:29:31] [Bus 4] Command breaker ke RTU: CLOSE
[2026-05-08 00:29:31] [iter 14] [Bus 5] P/Q/CMD -> V_in=0.9950 pu, I_in=1906.0000 A, V_out=0.9950 pu, I_out=1906.0000 A, V_DT=0.9569 pu, P=628.1109 MW, Q=183.1990 MVar
[2026-05-08 00:29:31] [Bus 5] Command breaker ke RTU: OPEN


[2026-05-08 00:29:35] [iter 15] [Bus 1] P/Q/CMD -> V_in=0.9510 pu, I_in=738.3448 A, V_out=0.9510 pu, I_out=738.3448 A, V_DT=1.0131 pu, P=232.5574 MW, Q=67.8292 MVar
[2026-05-08 00:29:35] [iter 15] [Bus 2] P/Q/CMD -> V_in=1.0180 pu, I_in=1827.5862 A, V_out=1.0180 pu, I_out=1827.5862 A, V_DT=0.9864 pu, P=731.7279 MW, Q=240.5073 MVar
[2026-05-08 00:29:35] [iter 15] [Bus 3] P/Q/CMD -> V_in=0.9760 pu, I_in=1907.5517 A, V_out=0.9760 pu, I_out=1907.5517 A, V_DT=0.9587 pu, P=623.0415 MW, Q=156.1489 MVar
[2026-05-08 00:29:35] [iter 15] [Bus 4] P/Q/CMD -> V_in=0.9610 pu, I_in=1970.8966 A, V_out=0.9610 pu, I_out=1970.8966 A, V_DT=0.9226 pu, P=706.3696 MW, Q=256.3779 MVar
[2026-05-08 00:29:35] [Bus 4] Command breaker ke RTU: OPEN
[2026-05-08 00:29:35] [iter 15] [Bus 5] P/Q/CMD -> V_in=0.9950 pu, I_in=2043.0690 A, V_out=0.9950 pu, I_out=2043.0690 A, V_DT=0.9257 pu, P=673.2811 MW, Q=196.3737 MVar
[2026-05-08 00:29:35] [Bus 5] Command breaker ke RTU: CLOSE


[2026-05-08 00:29:39] [iter 16] [Bus 1] P/Q/CMD -> V_in=1.0370 pu, I_in=340.6552 A, V_out=1.0370 pu, I_out=340.6552 A, V_DT=1.0135 pu, P=116.9995 MW, Q=34.1249 MVar
[2026-05-08 00:29:39] [iter 16] [Bus 2] P/Q/CMD -> V_in=1.0000 pu, I_in=288.7931 A, V_out=1.0000 pu, I_out=288.7931 A, V_DT=0.9668 pu, P=113.5823 MW, Q=37.3327 MVar
[2026-05-08 00:29:39] [iter 16] [Bus 3] P/Q/CMD -> V_in=1.0410 pu, I_in=784.2069 A, V_out=1.0410 pu, I_out=784.2069 A, V_DT=0.9219 pu, P=273.1947 MW, Q=68.4690 MVar
[2026-05-08 00:29:39] [iter 16] [Bus 4] P/Q/CMD -> V_in=0.9790 pu, I_in=653.0690 A, V_out=0.9790 pu, I_out=653.0690 A, V_DT=0.8446 pu, P=238.4441 MW, Q=86.5436 MVar
[2026-05-08 00:29:39] [Bus 4] Command breaker ke RTU: CLOSE
[2026-05-08 00:29:39] [iter 16] [Bus 5] P/Q/CMD -> V_in=1.0100 pu, I_in=266.2069 A, V_out=1.0100 pu, I_out=266.2069 A, V_DT=0.8612 pu, P=89.0494 MW, Q=25.9727 MVar
[2026-05-08 00:29:39] [Bus 5] Command breaker ke RTU: OPEN


[2026-05-08 00:29:43] [iter 17] [Bus 1] P/Q/CMD -> V_in=1.0260 pu, I_in=1934.7241 A, V_out=1.0260 pu, I_out=1934.7241 A, V_DT=1.0270 pu, P=657.4409 MW, Q=191.7536 MVar
[2026-05-08 00:29:43] [iter 17] [Bus 2] P/Q/CMD -> V_in=1.0270 pu, I_in=2005.2069 A, V_out=1.0270 pu, I_out=2005.2069 A, V_DT=1.0099 pu, P=809.9414 MW, Q=266.2149 MVar
[2026-05-08 00:29:43] [iter 17] [Bus 3] P/Q/CMD -> V_in=0.9500 pu, I_in=2123.9310 A, V_out=0.9500 pu, I_out=2123.9310 A, V_DT=0.9925 pu, P=675.2348 MW, Q=169.2298 MVar
[2026-05-08 00:29:43] [iter 17] [Bus 4] P/Q/CMD -> V_in=0.9510 pu, I_in=2196.3103 A, V_out=0.9510 pu, I_out=2196.3103 A, V_DT=0.9694 pu, P=778.9669 MW, Q=282.7272 MVar
[2026-05-08 00:29:43] [Bus 4] Command breaker ke RTU: OPEN
[2026-05-08 00:29:43] [iter 17] [Bus 5] P/Q/CMD -> V_in=1.0370 pu, I_in=2017.7931 A, V_out=1.0370 pu, I_out=2017.7931 A, V_DT=0.9709 pu, P=693.0199 MW, Q=202.1308 MVar
[2026-05-08 00:29:43] [Bus 5] Command breaker ke RTU: CLOSE


[2026-05-08 00:29:47] [iter 18] [Bus 1] P/Q/CMD -> V_in=0.9800 pu, I_in=1829.5517 A, V_out=0.9800 pu, I_out=1829.5517 A, V_DT=1.0105 pu, P=593.8286 MW, Q=173.2000 MVar
[2026-05-08 00:29:47] [iter 18] [Bus 2] P/Q/CMD -> V_in=1.0370 pu, I_in=2072.8276 A, V_out=1.0370 pu, I_out=2072.8276 A, V_DT=0.9761 pu, P=845.4071 MW, Q=277.8719 MVar
[2026-05-08 00:29:47] [iter 18] [Bus 3] P/Q/CMD -> V_in=0.9580 pu, I_in=545.8621 A, V_out=0.9580 pu, I_out=545.8621 A, V_DT=0.9364 pu, P=175.0005 MW, Q=43.8593 MVar
[2026-05-08 00:29:47] [iter 18] [Bus 4] P/Q/CMD -> V_in=0.9560 pu, I_in=2129.7586 A, V_out=0.9560 pu, I_out=2129.7586 A, V_DT=0.8687 pu, P=759.3344 MW, Q=275.6016 MVar
[2026-05-08 00:29:47] [Bus 4] Command breaker ke RTU: CLOSE
[2026-05-08 00:29:47] [iter 18] [Bus 5] P/Q/CMD -> V_in=1.0260 pu, I_in=244.0000 A, V_out=1.0260 pu, I_out=244.0000 A, V_DT=0.8835 pu, P=82.9139 MW, Q=24.1832 MVar
[2026-05-08 00:29:47] [Bus 5] Command breaker ke RTU: OPEN


[2026-05-08 00:29:51] [iter 19] [Bus 1] P/Q/CMD -> V_in=0.9970 pu, I_in=1820.5862 A, V_out=0.9970 pu, I_out=1820.5862 A, V_DT=1.0074 pu, P=601.1692 MW, Q=175.3410 MVar
[2026-05-08 00:29:51] [iter 19] [Bus 2] P/Q/CMD -> V_in=0.9760 pu, I_in=1874.3793 A, V_out=0.9760 pu, I_out=1874.3793 A, V_DT=0.9818 pu, P=719.5007 MW, Q=236.4885 MVar
[2026-05-08 00:29:51] [iter 19] [Bus 3] P/Q/CMD -> V_in=0.9920 pu, I_in=2076.0690 A, V_out=0.9920 pu, I_out=2076.0690 A, V_DT=0.9573 pu, P=689.1984 MW, Q=172.7294 MVar
[2026-05-08 00:29:51] [iter 19] [Bus 4] P/Q/CMD -> V_in=1.0020 pu, I_in=1909.6552 A, V_out=1.0020 pu, I_out=1909.6552 A, V_DT=0.9205 pu, P=713.6207 MW, Q=259.0097 MVar
[2026-05-08 00:29:51] [Bus 4] Command breaker ke RTU: OPEN
[2026-05-08 00:29:51] [iter 19] [Bus 5] P/Q/CMD -> V_in=0.9700 pu, I_in=1806.4828 A, V_out=0.9700 pu, I_out=1806.4828 A, V_DT=0.9245 pu, P=580.3579 MW, Q=169.2710 MVar
[2026-05-08 00:29:51] [Bus 5] Command breaker ke RTU: CLOSE


[2026-05-08 00:29:55] [iter 20] [Bus 1] P/Q/CMD -> V_in=0.9970 pu, I_in=573.3448 A, V_out=0.9970 pu, I_out=573.3448 A, V_DT=0.9974 pu, P=189.3221 MW, Q=55.2190 MVar
[2026-05-08 00:29:55] [iter 20] [Bus 2] P/Q/CMD -> V_in=0.9760 pu, I_in=837.6897 A, V_out=0.9760 pu, I_out=837.6897 A, V_DT=0.9528 pu, P=321.5562 MW, Q=105.6904 MVar
[2026-05-08 00:29:55] [iter 20] [Bus 3] P/Q/CMD -> V_in=0.9920 pu, I_in=2047.9310 A, V_out=0.9920 pu, I_out=2047.9310 A, V_DT=0.9022 pu, P=679.8574 MW, Q=170.3883 MVar
[2026-05-08 00:29:55] [Bus 3] Command breaker ke RTU: OPEN
[2026-05-08 00:29:55] [iter 20] [Bus 4] P/Q/CMD -> V_in=1.0020 pu, I_in=1931.1034 A, V_out=1.0020 pu, I_out=1931.1034 A, V_DT=0.8194 pu, P=721.6358 MW, Q=261.9188 MVar
[2026-05-08 00:29:55] [Bus 4] Command breaker ke RTU: CLOSE
[2026-05-08 00:29:55] [iter 20] [Bus 5] P/Q/CMD -> V_in=0.9700 pu, I_in=1974.7241 A, V_out=0.9700 pu, I_out=1974.7241 A, V_DT=0.8372 pu, P=634.4078 MW, Q=185.0356 MVar
[2026-05-08 00:29:55] [Bus 5] Command breaker ke RTU: OPEN


[2026-05-08 00:29:59] [iter 21] [Bus 1] P/Q/CMD -> V_in=1.0490 pu, I_in=1936.2414 A, V_out=1.0490 pu, I_out=1936.2414 A, V_DT=1.0162 pu, P=672.7060 MW, Q=196.2059 MVar
[2026-05-08 00:29:59] [iter 21] [Bus 2] P/Q/CMD -> V_in=0.9930 pu, I_in=1896.3793 A, V_out=0.9930 pu, I_out=1896.3793 A, V_DT=0.9987 pu, P=740.6251 MW, Q=243.4317 MVar
[2026-05-08 00:29:59] [iter 21] [Bus 3] P/Q/CMD -> V_in=0.9620 pu, I_in=2144.1379 A, V_out=0.9620 pu, I_out=2144.1379 A, V_DT=0.8913 pu, P=690.2694 MW, Q=172.9978 MVar
[2026-05-08 00:29:59] [Bus 3] Command breaker ke RTU: CLOSE
[2026-05-08 00:29:59] [iter 21] [Bus 4] P/Q/CMD -> V_in=0.9830 pu, I_in=1866.3793 A, V_out=0.9830 pu, I_out=1866.3793 A, V_DT=0.8510 pu, P=684.2239 MW, Q=248.3401 MVar
[2026-05-08 00:29:59] [Bus 4] Command breaker ke RTU: OPEN
[2026-05-08 00:29:59] [iter 21] [Bus 5] P/Q/CMD -> V_in=0.9730 pu, I_in=2068.0690 A, V_out=0.9730 pu, I_out=2068.0690 A, V_DT=0.8554 pu, P=666.4509 MW, Q=194.3815 MVar
[2026-05-08 00:29:59] [Bus 5] Command breaker ke RTU: CLOSE


[2026-05-08 00:30:03] [iter 22] [Bus 1] P/Q/CMD -> V_in=0.9570 pu, I_in=662.3448 A, V_out=0.9570 pu, I_out=662.3448 A, V_DT=0.9930 pu, P=209.9358 MW, Q=61.2313 MVar
[2026-05-08 00:30:03] [iter 22] [Bus 2] P/Q/CMD -> V_in=0.9720 pu, I_in=2086.9655 A, V_out=0.9720 pu, I_out=2086.9655 A, V_DT=0.9278 pu, P=797.8210 MW, Q=262.2311 MVar
[2026-05-08 00:30:03] [iter 22] [Bus 3] P/Q/CMD -> V_in=1.0350 pu, I_in=199.4138 A, V_out=1.0350 pu, I_out=199.4138 A, V_DT=0.8459 pu, P=69.0695 MW, Q=17.3105 MVar
[2026-05-08 00:30:03] [Bus 3] Command breaker ke RTU: OPEN
[2026-05-08 00:30:03] [iter 22] [Bus 4] P/Q/CMD -> V_in=0.9730 pu, I_in=2058.2759 A, V_out=0.9730 pu, I_out=2058.2759 A, V_DT=0.7299 pu, P=746.8979 MW, Q=271.0877 MVar
[2026-05-08 00:30:03] [Bus 4] Command breaker ke RTU: CLOSE
[2026-05-08 00:30:03] [iter 22] [Bus 5] P/Q/CMD -> V_in=0.9710 pu, I_in=260.9310 A, V_out=0.9710 pu, I_out=260.9310 A, V_DT=0.7505 pu, P=83.9142 MW, Q=24.4750 MVar
[2026-05-08 00:30:03] [Bus 5] Command breaker ke RTU: OPEN


[2026-05-08 00:30:07] [iter 23] [Bus 1] P/Q/CMD -> V_in=1.0430 pu, I_in=563.5862 A, V_out=1.0430 pu, I_out=563.5862 A, V_DT=1.0163 pu, P=194.6861 MW, Q=56.7835 MVar
[2026-05-08 00:30:07] [iter 23] [Bus 2] P/Q/CMD -> V_in=0.9970 pu, I_in=753.0690 A, V_out=0.9970 pu, I_out=753.0690 A, V_DT=0.9906 pu, P=295.2935 MW, Q=97.0583 MVar
[2026-05-08 00:30:07] [iter 23] [Bus 3] P/Q/CMD -> V_in=1.0300 pu, I_in=288.8966 A, V_out=1.0300 pu, I_out=288.8966 A, V_DT=0.9173 pu, P=99.5796 MW, Q=24.9570 MVar
[2026-05-08 00:30:07] [Bus 3] Command breaker ke RTU: CLOSE
[2026-05-08 00:30:07] [iter 23] [Bus 4] P/Q/CMD -> V_in=0.9590 pu, I_in=501.5517 A, V_out=0.9590 pu, I_out=501.5517 A, V_DT=0.8794 pu, P=179.3821 MW, Q=65.1070 MVar
[2026-05-08 00:30:07] [Bus 4] Command breaker ke RTU: OPEN
[2026-05-08 00:30:07] [iter 23] [Bus 5] P/Q/CMD -> V_in=0.9920 pu, I_in=512.6897 A, V_out=0.9920 pu, I_out=512.6897 A, V_DT=0.8840 pu, P=168.4444 MW, Q=49.1296 MVar
[2026-05-08 00:30:07] [Bus 5] Command breaker ke RTU: CLOSE


[2026-05-08 00:30:11] [iter 24] [Bus 1] P/Q/CMD -> V_in=1.0220 pu, I_in=1917.8276 A, V_out=1.0220 pu, I_out=1917.8276 A, V_DT=1.0214 pu, P=649.1586 MW, Q=189.3379 MVar
[2026-05-08 00:30:11] [iter 24] [Bus 2] P/Q/CMD -> V_in=1.0480 pu, I_in=1907.1379 A, V_out=1.0480 pu, I_out=1907.1379 A, V_DT=1.0040 pu, P=786.0811 MW, Q=258.3724 MVar
[2026-05-08 00:30:11] [iter 24] [Bus 3] P/Q/CMD -> V_in=0.9900 pu, I_in=415.3793 A, V_out=0.9900 pu, I_out=415.3793 A, V_DT=0.9888 pu, P=137.6166 MW, Q=34.4900 MVar
[2026-05-08 00:30:11] [iter 24] [Bus 4] P/Q/CMD -> V_in=1.0360 pu, I_in=2115.4828 A, V_out=1.0360 pu, I_out=2115.4828 A, V_DT=0.9453 pu, P=817.3612 MW, Q=296.6625 MVar
[2026-05-08 00:30:11] [Bus 4] Command breaker ke RTU: CLOSE
[2026-05-08 00:30:11] [iter 24] [Bus 5] P/Q/CMD -> V_in=0.9690 pu, I_in=1939.3103 A, V_out=0.9690 pu, I_out=1939.3103 A, V_DT=0.9569 pu, P=622.3883 MW, Q=181.5299 MVar
[2026-05-08 00:30:11] [Bus 5] Command breaker ke RTU: OPEN


[2026-05-08 00:30:15] [iter 25] [Bus 1] P/Q/CMD -> V_in=1.0220 pu, I_in=1882.1034 A, V_out=1.0220 pu, I_out=1882.1034 A, V_DT=1.0107 pu, P=637.0664 MW, Q=185.8110 MVar
[2026-05-08 00:30:15] [iter 25] [Bus 2] P/Q/CMD -> V_in=1.0480 pu, I_in=1981.1724 A, V_out=1.0480 pu, I_out=1981.1724 A, V_DT=0.9917 pu, P=816.5965 MW, Q=268.4023 MVar
[2026-05-08 00:30:15] [iter 25] [Bus 3] P/Q/CMD -> V_in=0.9900 pu, I_in=2043.7931 A, V_out=0.9900 pu, I_out=2043.7931 A, V_DT=0.9735 pu, P=677.1158 MW, Q=169.7012 MVar
[2026-05-08 00:30:15] [iter 25] [Bus 4] P/Q/CMD -> V_in=1.0360 pu, I_in=2154.0345 A, V_out=1.0360 pu, I_out=2154.0345 A, V_DT=0.9324 pu, P=832.2565 MW, Q=302.0688 MVar
[2026-05-08 00:30:15] [Bus 4] Command breaker ke RTU: OPEN
[2026-05-08 00:30:15] [iter 25] [Bus 5] P/Q/CMD -> V_in=0.9690 pu, I_in=2058.8966 A, V_out=0.9690 pu, I_out=2058.8966 A, V_DT=0.9343 pu, P=660.7674 MW, Q=192.7238 MVar
[2026-05-08 00:30:15] [Bus 5] Command breaker ke RTU: CLOSE


[2026-05-08 00:30:19] [iter 26] [Bus 1] P/Q/CMD -> V_in=0.9920 pu, I_in=367.8966 A, V_out=0.9920 pu, I_out=367.8966 A, V_DT=0.9968 pu, P=120.8726 MW, Q=35.2545 MVar
[2026-05-08 00:30:19] [iter 26] [Bus 2] P/Q/CMD -> V_in=0.9740 pu, I_in=878.7586 A, V_out=0.9740 pu, I_out=878.7586 A, V_DT=0.9501 pu, P=336.6298 MW, Q=110.6449 MVar
[2026-05-08 00:30:19] [iter 26] [Bus 3] P/Q/CMD -> V_in=0.9940 pu, I_in=814.1724 A, V_out=0.9940 pu, I_out=814.1724 A, V_DT=0.8979 pu, P=270.8280 MW, Q=67.8759 MVar
[2026-05-08 00:30:19] [Bus 3] Command breaker ke RTU: OPEN
[2026-05-08 00:30:19] [iter 26] [Bus 4] P/Q/CMD -> V_in=1.0040 pu, I_in=190.1724 A, V_out=1.0040 pu, I_out=190.1724 A, V_DT=0.8004 pu, P=71.2075 MW, Q=25.8449 MVar
[2026-05-08 00:30:19] [Bus 4] Command breaker ke RTU: CLOSE
[2026-05-08 00:30:19] [iter 26] [Bus 5] P/Q/CMD -> V_in=1.0490 pu, I_in=752.6552 A, V_out=1.0490 pu, I_out=752.6552 A, V_DT=0.8193 pu, P=261.4941 MW, Q=76.2691 MVar
[2026-05-08 00:30:19] [Bus 5] Command breaker ke RTU: OPEN


[2026-05-08 00:30:23] [iter 27] [Bus 1] P/Q/CMD -> V_in=1.0460 pu, I_in=1841.9310 A, V_out=1.0460 pu, I_out=1841.9310 A, V_DT=1.0203 pu, P=638.1097 MW, Q=186.1153 MVar
[2026-05-08 00:30:23] [iter 27] [Bus 2] P/Q/CMD -> V_in=1.0340 pu, I_in=2032.2414 A, V_out=1.0340 pu, I_out=2032.2414 A, V_DT=1.0065 pu, P=826.4561 MW, Q=271.6430 MVar
[2026-05-08 00:30:23] [iter 27] [Bus 3] P/Q/CMD -> V_in=0.9980 pu, I_in=2099.8276 A, V_out=0.9980 pu, I_out=2099.8276 A, V_DT=0.9682 pu, P=701.3019 MW, Q=175.7628 MVar
[2026-05-08 00:30:23] [Bus 3] Command breaker ke RTU: CLOSE
[2026-05-08 00:30:23] [iter 27] [Bus 4] P/Q/CMD -> V_in=0.9900 pu, I_in=2013.0000 A, V_out=0.9900 pu, I_out=2013.0000 A, V_DT=0.9448 pu, P=743.2309 MW, Q=269.7568 MVar
[2026-05-08 00:30:23] [Bus 4] Command breaker ke RTU: OPEN
[2026-05-08 00:30:23] [iter 27] [Bus 5] P/Q/CMD -> V_in=0.9870 pu, I_in=915.1724 A, V_out=0.9870 pu, I_out=915.1724 A, V_DT=0.9455 pu, P=299.1647 MW, Q=87.2564 MVar
[2026-05-08 00:30:23] [Bus 5] Command breaker ke RTU: CLOSE


[2026-05-08 00:30:27] [iter 28] [Bus 1] P/Q/CMD -> V_in=0.9760 pu, I_in=2012.8276 A, V_out=0.9760 pu, I_out=2012.8276 A, V_DT=1.0061 pu, P=650.6489 MW, Q=189.7726 MVar
[2026-05-08 00:30:27] [iter 28] [Bus 2] P/Q/CMD -> V_in=0.9950 pu, I_in=477.3448 A, V_out=0.9950 pu, I_out=477.3448 A, V_DT=0.9754 pu, P=186.8010 MW, Q=61.3985 MVar
[2026-05-08 00:30:27] [iter 28] [Bus 3] P/Q/CMD -> V_in=1.0450 pu, I_in=871.9310 A, V_out=1.0450 pu, I_out=871.9310 A, V_DT=0.9432 pu, P=304.9223 MW, Q=76.4207 MVar
[2026-05-08 00:30:27] [iter 28] [Bus 4] P/Q/CMD -> V_in=1.0040 pu, I_in=1879.0690 A, V_out=1.0040 pu, I_out=1879.0690 A, V_DT=0.8866 pu, P=703.5925 MW, Q=255.3700 MVar
[2026-05-08 00:30:27] [Bus 4] Command breaker ke RTU: CLOSE
[2026-05-08 00:30:27] [iter 28] [Bus 5] P/Q/CMD -> V_in=0.9650 pu, I_in=2151.2759 A, V_out=0.9650 pu, I_out=2151.2759 A, V_DT=0.9002 pu, P=687.5650 MW, Q=200.5398 MVar
[2026-05-08 00:30:27] [Bus 5] Command breaker ke RTU: OPEN


[2026-05-08 00:30:31] [iter 29] [Bus 1] P/Q/CMD -> V_in=1.0460 pu, I_in=567.7241 A, V_out=1.0460 pu, I_out=567.7241 A, V_DT=1.0020 pu, P=196.6796 MW, Q=57.3649 MVar
[2026-05-08 00:30:31] [iter 29] [Bus 2] P/Q/CMD -> V_in=1.0040 pu, I_in=2126.5517 A, V_out=1.0040 pu, I_out=2126.5517 A, V_DT=0.9886 pu, P=839.7183 MW, Q=276.0021 MVar
[2026-05-08 00:30:31] [iter 29] [Bus 3] P/Q/CMD -> V_in=0.9550 pu, I_in=1910.0345 A, V_out=0.9550 pu, I_out=1910.0345 A, V_DT=0.9578 pu, P=610.4294 MW, Q=152.9880 MVar
[2026-05-08 00:30:31] [iter 29] [Bus 4] P/Q/CMD -> V_in=1.0000 pu, I_in=2122.8276 A, V_out=1.0000 pu, I_out=2122.8276 A, V_DT=0.9110 pu, P=791.6979 MW, Q=287.3480 MVar
[2026-05-08 00:30:31] [Bus 4] Command breaker ke RTU: OPEN
[2026-05-08 00:30:31] [iter 29] [Bus 5] P/Q/CMD -> V_in=0.9650 pu, I_in=1815.9310 A, V_out=0.9650 pu, I_out=1815.9310 A, V_DT=0.9126 pu, P=580.3861 MW, Q=169.2793 MVar
[2026-05-08 00:30:31] [Bus 5] Command breaker ke RTU: CLOSE


[2026-05-08 00:30:35] [iter 30] [Bus 1] P/Q/CMD -> V_in=1.0460 pu, I_in=567.7241 A, V_out=1.0460 pu, I_out=567.7241 A, V_DT=1.0069 pu, P=196.6796 MW, Q=57.3649 MVar
[2026-05-08 00:30:35] [iter 30] [Bus 2] P/Q/CMD -> V_in=1.0040 pu, I_in=720.0345 A, V_out=1.0040 pu, I_out=720.0345 A, V_DT=0.9639 pu, P=284.3223 MW, Q=93.4522 MVar
[2026-05-08 00:30:35] [iter 30] [Bus 3] P/Q/CMD -> V_in=0.9550 pu, I_in=625.8621 A, V_out=0.9550 pu, I_out=625.8621 A, V_DT=0.9151 pu, P=200.0197 MW, Q=50.1297 MVar
[2026-05-08 00:30:35] [iter 30] [Bus 4] P/Q/CMD -> V_in=1.0000 pu, I_in=802.7586 A, V_out=1.0000 pu, I_out=802.7586 A, V_DT=0.8272 pu, P=299.3848 MW, Q=108.6622 MVar
[2026-05-08 00:30:35] [Bus 4] Command breaker ke RTU: CLOSE
[2026-05-08 00:30:35] [iter 30] [Bus 5] P/Q/CMD -> V_in=0.9650 pu, I_in=916.7931 A, V_out=0.9650 pu, I_out=916.7931 A, V_DT=0.8449 pu, P=293.0144 MW, Q=85.4625 MVar
[2026-05-08 00:30:35] [Bus 5] Command breaker ke RTU: OPEN


[2026-05-08 00:30:39] [iter 31] [Bus 1] P/Q/CMD -> V_in=0.9580 pu, I_in=2025.6552 A, V_out=0.9580 pu, I_out=2025.6552 A, V_DT=1.0202 pu, P=642.7193 MW, Q=187.4598 MVar
[2026-05-08 00:30:39] [iter 31] [Bus 2] P/Q/CMD -> V_in=1.0080 pu, I_in=661.2759 A, V_out=1.0080 pu, I_out=661.2759 A, V_DT=1.0031 pu, P=262.1604 MW, Q=86.1680 MVar
[2026-05-08 00:30:39] [iter 31] [Bus 3] P/Q/CMD -> V_in=0.9730 pu, I_in=250.6207 A, V_out=0.9730 pu, I_out=250.6207 A, V_DT=0.9831 pu, P=81.6057 MW, Q=20.4523 MVar
[2026-05-08 00:30:39] [iter 31] [Bus 4] P/Q/CMD -> V_in=1.0390 pu, I_in=1967.9310 A, V_out=1.0390 pu, I_out=1967.9310 A, V_DT=0.9500 pu, P=762.5533 MW, Q=276.7699 MVar
[2026-05-08 00:30:39] [Bus 4] Command breaker ke RTU: OPEN
[2026-05-08 00:30:39] [iter 31] [Bus 5] P/Q/CMD -> V_in=1.0080 pu, I_in=2163.6552 A, V_out=1.0080 pu, I_out=2163.6552 A, V_DT=0.9508 pu, P=722.3354 MW, Q=210.6812 MVar
[2026-05-08 00:30:39] [Bus 5] Command breaker ke RTU: CLOSE


[2026-05-08 00:30:43] [iter 32] [Bus 1] P/Q/CMD -> V_in=0.9910 pu, I_in=1802.8966 A, V_out=0.9910 pu, I_out=1802.8966 A, V_DT=1.0090 pu, P=591.7453 MW, Q=172.5924 MVar
[2026-05-08 00:30:43] [iter 32] [Bus 2] P/Q/CMD -> V_in=1.0020 pu, I_in=1844.4483 A, V_out=1.0020 pu, I_out=1844.4483 A, V_DT=0.9962 pu, P=726.8723 MW, Q=238.9114 MVar
[2026-05-08 00:30:43] [iter 32] [Bus 3] P/Q/CMD -> V_in=0.9700 pu, I_in=1950.8621 A, V_out=0.9700 pu, I_out=1950.8621 A, V_DT=0.9652 pu, P=633.2703 MW, Q=158.7125 MVar
[2026-05-08 00:30:43] [iter 32] [Bus 4] P/Q/CMD -> V_in=0.9730 pu, I_in=466.6207 A, V_out=0.9730 pu, I_out=466.6207 A, V_DT=0.8880 pu, P=169.3252 MW, Q=61.4568 MVar
[2026-05-08 00:30:43] [Bus 4] Command breaker ke RTU: CLOSE
[2026-05-08 00:30:43] [iter 32] [Bus 5] P/Q/CMD -> V_in=1.0160 pu, I_in=2114.3793 A, V_out=1.0160 pu, I_out=2114.3793 A, V_DT=0.9029 pu, P=711.4869 MW, Q=207.5170 MVar
[2026-05-08 00:30:43] [Bus 5] Command breaker ke RTU: OPEN


[2026-05-08 00:30:47] [iter 33] [Bus 1] P/Q/CMD -> V_in=0.9810 pu, I_in=739.6552 A, V_out=0.9810 pu, I_out=739.6552 A, V_DT=1.0054 pu, P=240.3193 MW, Q=70.0931 MVar
[2026-05-08 00:30:47] [iter 33] [Bus 2] P/Q/CMD -> V_in=0.9570 pu, I_in=524.5172 A, V_out=0.9570 pu, I_out=524.5172 A, V_DT=0.9905 pu, P=197.4220 MW, Q=64.8895 MVar
[2026-05-08 00:30:47] [iter 33] [Bus 3] P/Q/CMD -> V_in=1.0490 pu, I_in=869.0345 A, V_out=1.0490 pu, I_out=869.0345 A, V_DT=0.9633 pu, P=305.0727 MW, Q=76.4584 MVar
[2026-05-08 00:30:47] [iter 33] [Bus 4] P/Q/CMD -> V_in=0.9570 pu, I_in=329.1724 A, V_out=0.9570 pu, I_out=329.1724 A, V_DT=0.9214 pu, P=117.4844 MW, Q=42.6411 MVar
[2026-05-08 00:30:47] [Bus 4] Command breaker ke RTU: OPEN
[2026-05-08 00:30:47] [iter 33] [Bus 5] P/Q/CMD -> V_in=0.9760 pu, I_in=885.2069 A, V_out=0.9760 pu, I_out=885.2069 A, V_DT=0.9203 pu, P=286.1442 MW, Q=83.4587 MVar
[2026-05-08 00:30:47] [Bus 5] Command breaker ke RTU: CLOSE


[2026-05-08 00:30:51] [iter 34] [Bus 1] P/Q/CMD -> V_in=1.0380 pu, I_in=2102.8966 A, V_out=1.0380 pu, I_out=2102.8966 A, V_DT=1.0158 pu, P=722.9456 MW, Q=210.8591 MVar
[2026-05-08 00:30:51] [iter 34] [Bus 2] P/Q/CMD -> V_in=0.9860 pu, I_in=1928.2414 A, V_out=0.9860 pu, I_out=1928.2414 A, V_DT=0.9905 pu, P=747.7601 MW, Q=245.7768 MVar
[2026-05-08 00:30:51] [iter 34] [Bus 3] P/Q/CMD -> V_in=1.0330 pu, I_in=2047.4828 A, V_out=1.0330 pu, I_out=2047.4828 A, V_DT=0.9633 pu, P=707.8014 MW, Q=177.3917 MVar
[2026-05-08 00:30:51] [iter 34] [Bus 4] P/Q/CMD -> V_in=1.0100 pu, I_in=1980.7931 A, V_out=1.0100 pu, I_out=1980.7931 A, V_DT=0.9214 pu, P=746.1142 MW, Q=270.8033 MVar
[2026-05-08 00:30:51] [iter 34] [Bus 5] P/Q/CMD -> V_in=1.0140 pu, I_in=2152.4483 A, V_out=1.0140 pu, I_out=2152.4483 A, V_DT=0.9203 pu, P=722.8713 MW, Q=210.8375 MVar


[2026-05-08 00:30:55] [iter 35] [Bus 1] P/Q/CMD -> V_in=1.0310 pu, I_in=1964.9655 A, V_out=1.0310 pu, I_out=1964.9655 A, V_DT=1.0158 pu, P=670.9713 MW, Q=195.7000 MVar
[2026-05-08 00:30:55] [iter 35] [Bus 2] P/Q/CMD -> V_in=1.0160 pu, I_in=2166.0345 A, V_out=1.0160 pu, I_out=2166.0345 A, V_DT=1.0099 pu, P=865.5318 MW, Q=284.4865 MVar
[2026-05-08 00:30:55] [iter 35] [Bus 3] P/Q/CMD -> V_in=0.9630 pu, I_in=1929.8276 A, V_out=0.9630 pu, I_out=1929.8276 A, V_DT=0.9913 pu, P=621.9216 MW, Q=155.8682 MVar
[2026-05-08 00:30:55] [iter 35] [Bus 4] P/Q/CMD -> V_in=0.9600 pu, I_in=598.0345 A, V_out=0.9600 pu, I_out=598.0345 A, V_DT=0.9541 pu, P=214.1126 MW, Q=77.7125 MVar
[2026-05-08 00:30:55] [Bus 4] Command breaker ke RTU: CLOSE
[2026-05-08 00:30:55] [iter 35] [Bus 5] P/Q/CMD -> V_in=0.9770 pu, I_in=628.1724 A, V_out=0.9770 pu, I_out=628.1724 A, V_DT=0.9615 pu, P=203.2655 MW, Q=59.2858 MVar
[2026-05-08 00:30:55] [Bus 5] Command breaker ke RTU: OPEN
