Modbus TCP server on 0.0.0.0:5020
Field random seed: 42
numba cannot be imported and numba functions are disabled.
Probably the execution is slow.
Please install numba to gain a massive speedup.
(or if you prefer slow execution, set the flag numba=False to avoid this warning!)
=== INITIAL POWER FLOW ===
      vm_pu  va_degree        p_mw     q_mvar
0  1.020000   0.000000 -141.110787 -26.780334
1  1.011758  -0.715545   60.000000  15.000000
2  1.009031  -0.998910   70.000000  20.000000
3  1.010000  -1.119058  -80.000000 -40.933003
4  1.007906  -1.265582   90.000000  30.000000
       i_ka  loading_percent
0  0.739078        73.907794
1  0.419623        41.962293
2  0.076273         7.627274
3  0.494024        49.402395
Bus 1 | V=1.020 pu | I=739.1 A | PF=0.9825 | P=-141.1108 MW | Q=-26.7803 MVar | Breaker=CLOSE
Bus 2 | V=1.012 pu | I=320.8 A | PF=0.9701 | P=60.0000 MW | Q=15.0000 MVar | Breaker=CLOSE
Bus 3 | V=1.009 pu | I=378.7 A | PF=0.9615 | P=70.0000 MW | Q=20.0000 MVar | Breaker=CLOSE
Bus 4 | V=1.010 pu | I=467.0 A | PF=0.8902 | P=-80.0000 MW | Q=-40.9330 MVar | Breaker=CLOSE
Bus 5 | V=1.008 pu | I=494.0 A | PF=0.9487 | P=90.0000 MW | Q=30.0000 MVar | Breaker=n/a

 2026-05-19 14:01:03
numba cannot be imported and numba functions are disabled.
Probably the execution is slow.
Please install numba to gain a massive speedup.
(or if you prefer slow execution, set the flag numba=False to avoid this warning!)
Bus 1 | V=1.020 pu | I=809.7 A | PF=0.9603 | P=-151.1086 MW | Q=-43.8948 MVar | Breaker=CLOSE
Bus 2 | V=1.010 pu | I=398.7 A | PF=0.9020 | P=69.1828 MW | Q=33.1137 MVar | Breaker=CLOSE
Bus 3 | V=1.007 pu | I=395.2 A | PF=0.9001 | P=68.2509 MW | Q=33.0382 MVar | Breaker=CLOSE
Bus 4 | V=1.010 pu | I=478.5 A | PF=0.8689 | P=-80.0000 MW | Q=-45.5810 MVar | Breaker=CLOSE
Bus 5 | V=1.008 pu | I=492.1 A | PF=0.9771 | P=92.3647 MW | Q=20.1286 MVar | Breaker=n/a

 2026-05-19 14:01:07
numba cannot be imported and numba functions are disabled.
Probably the execution is slow.
Please install numba to gain a massive speedup.
(or if you prefer slow execution, set the flag numba=False to avoid this warning!)
Bus 1 | V=1.020 pu | I=0.0 A | PF=1.0000 | P=0.0000 MW | Q=0.0000 MVar | Breaker=OPEN
Bus 2 | V=0.000 pu | I=0.0 A | PF=0.0000 | P=0.0000 MW | Q=0.0000 MVar | Breaker=OPEN
Bus 3 | V=0.000 pu | I=0.0 A | PF=0.0000 | P=0.0000 MW | Q=0.0000 MVar | Breaker=OPEN
Bus 4 | V=0.000 pu | I=0.0 A | PF=0.0000 | P=0.0000 MW | Q=0.0000 MVar | Breaker=OPEN
Bus 5 | V=0.000 pu | I=0.0 A | PF=0.0000 | P=0.0000 MW | Q=0.0000 MVar | Breaker=n/a

 2026-05-19 14:01:11
numba cannot be imported and numba functions are disabled.
Probably the execution is slow.
Please install numba to gain a massive speedup.
(or if you prefer slow execution, set the flag numba=False to avoid this warning!)
Bus 1 | V=1.020 pu | I=0.0 A | PF=1.0000 | P=0.0000 MW | Q=0.0000 MVar | Breaker=OPEN
Bus 2 | V=0.000 pu | I=0.0 A | PF=0.0000 | P=0.0000 MW | Q=0.0000 MVar | Breaker=OPEN
Bus 3 | V=0.000 pu | I=0.0 A | PF=0.0000 | P=0.0000 MW | Q=0.0000 MVar | Breaker=OPEN
Bus 4 | V=0.000 pu | I=0.0 A | PF=0.0000 | P=0.0000 MW | Q=0.0000 MVar | Breaker=OPEN
Bus 5 | V=0.000 pu | I=0.0 A | PF=0.0000 | P=0.0000 MW | Q=0.0000 MVar | Breaker=n/a

 2026-05-19 14:01:15
numba cannot be imported and numba functions are disabled.
Probably the execution is slow.
Please install numba to gain a massive speedup.
(or if you prefer slow execution, set the flag numba=False to avoid this warning!)
Bus 1 | V=1.020 pu | I=0.0 A | PF=1.0000 | P=0.0000 MW | Q=0.0000 MVar | Breaker=OPEN
Bus 2 | V=0.000 pu | I=0.0 A | PF=0.0000 | P=0.0000 MW | Q=0.0000 MVar | Breaker=CLOSE
Bus 3 | V=0.000 pu | I=0.0 A | PF=0.0000 | P=0.0000 MW | Q=0.0000 MVar | Breaker=OPEN
Bus 4 | V=0.000 pu | I=0.0 A | PF=0.0000 | P=0.0000 MW | Q=0.0000 MVar | Breaker=CLOSE
Bus 5 | V=0.000 pu | I=0.0 A | PF=0.0000 | P=0.0000 MW | Q=0.0000 MVar | Breaker=n/a

 2026-05-19 14:01:19
numba cannot be imported and numba functions are disabled.
Probably the execution is slow.
Please install numba to gain a massive speedup.
(or if you prefer slow execution, set the flag numba=False to avoid this warning!)
Bus 1 | V=1.020 pu | I=0.0 A | PF=1.0000 | P=0.0000 MW | Q=0.0000 MVar | Breaker=OPEN
Bus 2 | V=0.000 pu | I=0.0 A | PF=0.0000 | P=0.0000 MW | Q=0.0000 MVar | Breaker=CLOSE
Bus 3 | V=0.000 pu | I=0.0 A | PF=0.0000 | P=0.0000 MW | Q=0.0000 MVar | Breaker=OPEN
Bus 4 | V=0.000 pu | I=0.0 A | PF=0.0000 | P=0.0000 MW | Q=0.0000 MVar | Breaker=CLOSE
Bus 5 | V=0.000 pu | I=0.0 A | PF=0.0000 | P=0.0000 MW | Q=0.0000 MVar | Breaker=n/a

 2026-05-19 14:01:23
numba cannot be imported and numba functions are disabled.
Probably the execution is slow.
Please install numba to gain a massive speedup.
(or if you prefer slow execution, set the flag numba=False to avoid this warning!)
Bus 1 | V=1.020 pu | I=0.0 A | PF=1.0000 | P=0.0000 MW | Q=0.0000 MVar | Breaker=OPEN
Bus 2 | V=0.000 pu | I=0.0 A | PF=0.0000 | P=0.0000 MW | Q=0.0000 MVar | Breaker=OPEN
Bus 3 | V=0.000 pu | I=0.0 A | PF=0.0000 | P=0.0000 MW | Q=0.0000 MVar | Breaker=OPEN
Bus 4 | V=0.000 pu | I=0.0 A | PF=0.0000 | P=0.0000 MW | Q=0.0000 MVar | Breaker=CLOSE
Bus 5 | V=0.000 pu | I=0.0 A | PF=0.0000 | P=0.0000 MW | Q=0.0000 MVar | Breaker=n/a

 2026-05-19 14:01:27
numba cannot be imported and numba functions are disabled.
Probably the execution is slow.
Please install numba to gain a massive speedup.
(or if you prefer slow execution, set the flag numba=False to avoid this warning!)
Bus 1 | V=1.020 pu | I=0.0 A | PF=1.0000 | P=0.0000 MW | Q=0.0000 MVar | Breaker=OPEN
Bus 2 | V=0.000 pu | I=0.0 A | PF=0.0000 | P=0.0000 MW | Q=0.0000 MVar | Breaker=OPEN
Bus 3 | V=0.000 pu | I=0.0 A | PF=0.0000 | P=0.0000 MW | Q=0.0000 MVar | Breaker=OPEN
Bus 4 | V=0.000 pu | I=0.0 A | PF=0.0000 | P=0.0000 MW | Q=0.0000 MVar | Breaker=CLOSE
Bus 5 | V=0.000 pu | I=0.0 A | PF=0.0000 | P=0.0000 MW | Q=0.0000 MVar | Breaker=n/a

 2026-05-19 14:01:31
numba cannot be imported and numba functions are disabled.
Probably the execution is slow.
Please install numba to gain a massive speedup.
(or if you prefer slow execution, set the flag numba=False to avoid this warning!)
Bus 1 | V=1.020 pu | I=0.0 A | PF=1.0000 | P=0.0000 MW | Q=0.0000 MVar | Breaker=OPEN
Bus 2 | V=0.000 pu | I=0.0 A | PF=0.0000 | P=0.0000 MW | Q=0.0000 MVar | Breaker=OPEN
Bus 3 | V=0.000 pu | I=0.0 A | PF=0.0000 | P=0.0000 MW | Q=0.0000 MVar | Breaker=OPEN
Bus 4 | V=0.000 pu | I=0.0 A | PF=0.0000 | P=0.0000 MW | Q=0.0000 MVar | Breaker=CLOSE
Bus 5 | V=0.000 pu | I=0.0 A | PF=0.0000 | P=0.0000 MW | Q=0.0000 MVar | Breaker=n/a

 2026-05-19 14:01:35
numba cannot be imported and numba functions are disabled.
Probably the execution is slow.
Please install numba to gain a massive speedup.
(or if you prefer slow execution, set the flag numba=False to avoid this warning!)
Bus 1 | V=1.020 pu | I=0.0 A | PF=1.0000 | P=0.0000 MW | Q=0.0000 MVar | Breaker=OPEN
Bus 2 | V=0.000 pu | I=0.0 A | PF=0.0000 | P=0.0000 MW | Q=0.0000 MVar | Breaker=OPEN
Bus 3 | V=0.000 pu | I=0.0 A | PF=0.0000 | P=0.0000 MW | Q=0.0000 MVar | Breaker=OPEN
Bus 4 | V=0.000 pu | I=0.0 A | PF=0.0000 | P=0.0000 MW | Q=0.0000 MVar | Breaker=CLOSE
Bus 5 | V=0.000 pu | I=0.0 A | PF=0.0000 | P=0.0000 MW | Q=0.0000 MVar | Breaker=n/a

 2026-05-19 14:01:39
numba cannot be imported and numba functions are disabled.
Probably the execution is slow.
Please install numba to gain a massive speedup.
(or if you prefer slow execution, set the flag numba=False to avoid this warning!)
Bus 1 | V=1.020 pu | I=0.0 A | PF=1.0000 | P=0.0000 MW | Q=0.0000 MVar | Breaker=OPEN
Bus 2 | V=0.000 pu | I=0.0 A | PF=0.0000 | P=0.0000 MW | Q=0.0000 MVar | Breaker=OPEN
Bus 3 | V=0.000 pu | I=0.0 A | PF=0.0000 | P=0.0000 MW | Q=0.0000 MVar | Breaker=OPEN
Bus 4 | V=0.000 pu | I=0.0 A | PF=0.0000 | P=0.0000 MW | Q=0.0000 MVar | Breaker=CLOSE
Bus 5 | V=0.000 pu | I=0.0 A | PF=0.0000 | P=0.0000 MW | Q=0.0000 MVar | Breaker=n/a

 2026-05-19 14:01:43
numba cannot be imported and numba functions are disabled.
Probably the execution is slow.
Please install numba to gain a massive speedup.
(or if you prefer slow execution, set the flag numba=False to avoid this warning!)
Bus 1 | V=1.020 pu | I=0.0 A | PF=1.0000 | P=0.0000 MW | Q=0.0000 MVar | Breaker=OPEN
Bus 2 | V=0.000 pu | I=0.0 A | PF=0.0000 | P=0.0000 MW | Q=0.0000 MVar | Breaker=OPEN
Bus 3 | V=0.000 pu | I=0.0 A | PF=0.0000 | P=0.0000 MW | Q=0.0000 MVar | Breaker=OPEN
Bus 4 | V=0.000 pu | I=0.0 A | PF=0.0000 | P=0.0000 MW | Q=0.0000 MVar | Breaker=CLOSE
Bus 5 | V=0.000 pu | I=0.0 A | PF=0.0000 | P=0.0000 MW | Q=0.0000 MVar | Breaker=n/a

 2026-05-19 14:01:47
numba cannot be imported and numba functions are disabled.
Probably the execution is slow.
Please install numba to gain a massive speedup.
(or if you prefer slow execution, set the flag numba=False to avoid this warning!)
Bus 1 | V=1.020 pu | I=0.0 A | PF=1.0000 | P=0.0000 MW | Q=0.0000 MVar | Breaker=OPEN
Bus 2 | V=0.000 pu | I=0.0 A | PF=0.0000 | P=0.0000 MW | Q=0.0000 MVar | Breaker=OPEN
Bus 3 | V=0.000 pu | I=0.0 A | PF=0.0000 | P=0.0000 MW | Q=0.0000 MVar | Breaker=OPEN
Bus 4 | V=0.000 pu | I=0.0 A | PF=0.0000 | P=0.0000 MW | Q=0.0000 MVar | Breaker=CLOSE
Bus 5 | V=0.000 pu | I=0.0 A | PF=0.0000 | P=0.0000 MW | Q=0.0000 MVar | Breaker=n/a

 2026-05-19 14:01:51
numba cannot be imported and numba functions are disabled.
Probably the execution is slow.
Please install numba to gain a massive speedup.
(or if you prefer slow execution, set the flag numba=False to avoid this warning!)
Bus 1 | V=1.020 pu | I=0.0 A | PF=1.0000 | P=0.0000 MW | Q=0.0000 MVar | Breaker=OPEN
Bus 2 | V=0.000 pu | I=0.0 A | PF=0.0000 | P=0.0000 MW | Q=0.0000 MVar | Breaker=OPEN
Bus 3 | V=0.000 pu | I=0.0 A | PF=0.0000 | P=0.0000 MW | Q=0.0000 MVar | Breaker=OPEN
Bus 4 | V=0.000 pu | I=0.0 A | PF=0.0000 | P=0.0000 MW | Q=0.0000 MVar | Breaker=CLOSE
Bus 5 | V=0.000 pu | I=0.0 A | PF=0.0000 | P=0.0000 MW | Q=0.0000 MVar | Breaker=n/a

 2026-05-19 14:01:55
numba cannot be imported and numba functions are disabled.
Probably the execution is slow.
Please install numba to gain a massive speedup.
(or if you prefer slow execution, set the flag numba=False to avoid this warning!)
Bus 1 | V=1.020 pu | I=0.0 A | PF=1.0000 | P=0.0000 MW | Q=0.0000 MVar | Breaker=OPEN
Bus 2 | V=0.000 pu | I=0.0 A | PF=0.0000 | P=0.0000 MW | Q=0.0000 MVar | Breaker=OPEN
Bus 3 | V=0.000 pu | I=0.0 A | PF=0.0000 | P=0.0000 MW | Q=0.0000 MVar | Breaker=OPEN
Bus 4 | V=0.000 pu | I=0.0 A | PF=0.0000 | P=0.0000 MW | Q=0.0000 MVar | Breaker=CLOSE
Bus 5 | V=0.000 pu | I=0.0 A | PF=0.0000 | P=0.0000 MW | Q=0.0000 MVar | Breaker=n/a

 2026-05-19 14:01:59
numba cannot be imported and numba functions are disabled.
Probably the execution is slow.
Please install numba to gain a massive speedup.
(or if you prefer slow execution, set the flag numba=False to avoid this warning!)
Bus 1 | V=1.020 pu | I=0.0 A | PF=1.0000 | P=0.0000 MW | Q=0.0000 MVar | Breaker=OPEN
Bus 2 | V=0.000 pu | I=0.0 A | PF=0.0000 | P=0.0000 MW | Q=0.0000 MVar | Breaker=OPEN
Bus 3 | V=0.000 pu | I=0.0 A | PF=0.0000 | P=0.0000 MW | Q=0.0000 MVar | Breaker=OPEN
Bus 4 | V=0.000 pu | I=0.0 A | PF=0.0000 | P=0.0000 MW | Q=0.0000 MVar | Breaker=CLOSE
Bus 5 | V=0.000 pu | I=0.0 A | PF=0.0000 | P=0.0000 MW | Q=0.0000 MVar | Breaker=n/a

 2026-05-19 14:02:03
numba cannot be imported and numba functions are disabled.
Probably the execution is slow.
Please install numba to gain a massive speedup.
(or if you prefer slow execution, set the flag numba=False to avoid this warning!)
Bus 1 | V=1.020 pu | I=0.0 A | PF=1.0000 | P=0.0000 MW | Q=0.0000 MVar | Breaker=OPEN
Bus 2 | V=0.000 pu | I=0.0 A | PF=0.0000 | P=0.0000 MW | Q=0.0000 MVar | Breaker=OPEN
Bus 3 | V=0.000 pu | I=0.0 A | PF=0.0000 | P=0.0000 MW | Q=0.0000 MVar | Breaker=OPEN
Bus 4 | V=0.000 pu | I=0.0 A | PF=0.0000 | P=0.0000 MW | Q=0.0000 MVar | Breaker=CLOSE
Bus 5 | V=0.000 pu | I=0.0 A | PF=0.0000 | P=0.0000 MW | Q=0.0000 MVar | Breaker=n/a

 2026-05-19 14:02:07
numba cannot be imported and numba functions are disabled.
Probably the execution is slow.
Please install numba to gain a massive speedup.
(or if you prefer slow execution, set the flag numba=False to avoid this warning!)
Bus 1 | V=1.020 pu | I=0.0 A | PF=1.0000 | P=0.0000 MW | Q=0.0000 MVar | Breaker=OPEN
Bus 2 | V=0.000 pu | I=0.0 A | PF=0.0000 | P=0.0000 MW | Q=0.0000 MVar | Breaker=OPEN
Bus 3 | V=0.000 pu | I=0.0 A | PF=0.0000 | P=0.0000 MW | Q=0.0000 MVar | Breaker=OPEN
Bus 4 | V=0.000 pu | I=0.0 A | PF=0.0000 | P=0.0000 MW | Q=0.0000 MVar | Breaker=CLOSE
Bus 5 | V=0.000 pu | I=0.0 A | PF=0.0000 | P=0.0000 MW | Q=0.0000 MVar | Breaker=n/a

 2026-05-19 14:02:12
numba cannot be imported and numba functions are disabled.
Probably the execution is slow.
Please install numba to gain a massive speedup.
(or if you prefer slow execution, set the flag numba=False to avoid this warning!)
Bus 1 | V=1.020 pu | I=0.0 A | PF=1.0000 | P=0.0000 MW | Q=0.0000 MVar | Breaker=OPEN
Bus 2 | V=0.000 pu | I=0.0 A | PF=0.0000 | P=0.0000 MW | Q=0.0000 MVar | Breaker=OPEN
Bus 3 | V=0.000 pu | I=0.0 A | PF=0.0000 | P=0.0000 MW | Q=0.0000 MVar | Breaker=OPEN
Bus 4 | V=0.000 pu | I=0.0 A | PF=0.0000 | P=0.0000 MW | Q=0.0000 MVar | Breaker=CLOSE
Bus 5 | V=0.000 pu | I=0.0 A | PF=0.0000 | P=0.0000 MW | Q=0.0000 MVar | Breaker=n/a

 2026-05-19 14:02:16
numba cannot be imported and numba functions are disabled.
Probably the execution is slow.
Please install numba to gain a massive speedup.
(or if you prefer slow execution, set the flag numba=False to avoid this warning!)
Bus 1 | V=1.020 pu | I=0.0 A | PF=1.0000 | P=0.0000 MW | Q=0.0000 MVar | Breaker=OPEN
Bus 2 | V=0.000 pu | I=0.0 A | PF=0.0000 | P=0.0000 MW | Q=0.0000 MVar | Breaker=OPEN
Bus 3 | V=0.000 pu | I=0.0 A | PF=0.0000 | P=0.0000 MW | Q=0.0000 MVar | Breaker=OPEN
Bus 4 | V=0.000 pu | I=0.0 A | PF=0.0000 | P=0.0000 MW | Q=0.0000 MVar | Breaker=CLOSE
Bus 5 | V=0.000 pu | I=0.0 A | PF=0.0000 | P=0.0000 MW | Q=0.0000 MVar | Breaker=n/a

 2026-05-19 14:02:20
numba cannot be imported and numba functions are disabled.
Probably the execution is slow.
Please install numba to gain a massive speedup.
(or if you prefer slow execution, set the flag numba=False to avoid this warning!)
Bus 1 | V=1.020 pu | I=0.0 A | PF=1.0000 | P=0.0000 MW | Q=0.0000 MVar | Breaker=OPEN
Bus 2 | V=0.000 pu | I=0.0 A | PF=0.0000 | P=0.0000 MW | Q=0.0000 MVar | Breaker=OPEN
Bus 3 | V=0.000 pu | I=0.0 A | PF=0.0000 | P=0.0000 MW | Q=0.0000 MVar | Breaker=OPEN
Bus 4 | V=0.000 pu | I=0.0 A | PF=0.0000 | P=0.0000 MW | Q=0.0000 MVar | Breaker=CLOSE
Bus 5 | V=0.000 pu | I=0.0 A | PF=0.0000 | P=0.0000 MW | Q=0.0000 MVar | Breaker=n/a

 2026-05-19 14:02:24
numba cannot be imported and numba functions are disabled.
Probably the execution is slow.
Please install numba to gain a massive speedup.
(or if you prefer slow execution, set the flag numba=False to avoid this warning!)
Bus 1 | V=1.020 pu | I=0.0 A | PF=1.0000 | P=0.0000 MW | Q=0.0000 MVar | Breaker=OPEN
Bus 2 | V=0.000 pu | I=0.0 A | PF=0.0000 | P=0.0000 MW | Q=0.0000 MVar | Breaker=OPEN
Bus 3 | V=0.000 pu | I=0.0 A | PF=0.0000 | P=0.0000 MW | Q=0.0000 MVar | Breaker=OPEN
Bus 4 | V=0.000 pu | I=0.0 A | PF=0.0000 | P=0.0000 MW | Q=0.0000 MVar | Breaker=CLOSE
Bus 5 | V=0.000 pu | I=0.0 A | PF=0.0000 | P=0.0000 MW | Q=0.0000 MVar | Breaker=n/a

 2026-05-19 14:02:28
numba cannot be imported and numba functions are disabled.
Probably the execution is slow.
Please install numba to gain a massive speedup.
(or if you prefer slow execution, set the flag numba=False to avoid this warning!)
Bus 1 | V=1.020 pu | I=0.0 A | PF=1.0000 | P=0.0000 MW | Q=0.0000 MVar | Breaker=OPEN
Bus 2 | V=0.000 pu | I=0.0 A | PF=0.0000 | P=0.0000 MW | Q=0.0000 MVar | Breaker=OPEN
Bus 3 | V=0.000 pu | I=0.0 A | PF=0.0000 | P=0.0000 MW | Q=0.0000 MVar | Breaker=OPEN
Bus 4 | V=0.000 pu | I=0.0 A | PF=0.0000 | P=0.0000 MW | Q=0.0000 MVar | Breaker=CLOSE
Bus 5 | V=0.000 pu | I=0.0 A | PF=0.0000 | P=0.0000 MW | Q=0.0000 MVar | Breaker=n/a

 2026-05-19 14:02:32
numba cannot be imported and numba functions are disabled.
Probably the execution is slow.
Please install numba to gain a massive speedup.
(or if you prefer slow execution, set the flag numba=False to avoid this warning!)
Bus 1 | V=1.020 pu | I=0.0 A | PF=1.0000 | P=0.0000 MW | Q=0.0000 MVar | Breaker=OPEN
Bus 2 | V=0.000 pu | I=0.0 A | PF=0.0000 | P=0.0000 MW | Q=0.0000 MVar | Breaker=OPEN
Bus 3 | V=0.000 pu | I=0.0 A | PF=0.0000 | P=0.0000 MW | Q=0.0000 MVar | Breaker=OPEN
Bus 4 | V=0.000 pu | I=0.0 A | PF=0.0000 | P=0.0000 MW | Q=0.0000 MVar | Breaker=CLOSE
Bus 5 | V=0.000 pu | I=0.0 A | PF=0.0000 | P=0.0000 MW | Q=0.0000 MVar | Breaker=n/a

 2026-05-19 14:02:36
numba cannot be imported and numba functions are disabled.
Probably the execution is slow.
Please install numba to gain a massive speedup.
(or if you prefer slow execution, set the flag numba=False to avoid this warning!)
Bus 1 | V=1.020 pu | I=0.0 A | PF=1.0000 | P=0.0000 MW | Q=0.0000 MVar | Breaker=OPEN
Bus 2 | V=0.000 pu | I=0.0 A | PF=0.0000 | P=0.0000 MW | Q=0.0000 MVar | Breaker=OPEN
Bus 3 | V=0.000 pu | I=0.0 A | PF=0.0000 | P=0.0000 MW | Q=0.0000 MVar | Breaker=OPEN
Bus 4 | V=0.000 pu | I=0.0 A | PF=0.0000 | P=0.0000 MW | Q=0.0000 MVar | Breaker=CLOSE
Bus 5 | V=0.000 pu | I=0.0 A | PF=0.0000 | P=0.0000 MW | Q=0.0000 MVar | Breaker=n/a

 2026-05-19 14:02:40
numba cannot be imported and numba functions are disabled.
Probably the execution is slow.
Please install numba to gain a massive speedup.
(or if you prefer slow execution, set the flag numba=False to avoid this warning!)
Bus 1 | V=1.020 pu | I=0.0 A | PF=1.0000 | P=0.0000 MW | Q=0.0000 MVar | Breaker=OPEN
Bus 2 | V=0.000 pu | I=0.0 A | PF=0.0000 | P=0.0000 MW | Q=0.0000 MVar | Breaker=OPEN
Bus 3 | V=0.000 pu | I=0.0 A | PF=0.0000 | P=0.0000 MW | Q=0.0000 MVar | Breaker=OPEN
Bus 4 | V=0.000 pu | I=0.0 A | PF=0.0000 | P=0.0000 MW | Q=0.0000 MVar | Breaker=CLOSE
Bus 5 | V=0.000 pu | I=0.0 A | PF=0.0000 | P=0.0000 MW | Q=0.0000 MVar | Breaker=n/a

 2026-05-19 14:02:44
numba cannot be imported and numba functions are disabled.
Probably the execution is slow.
Please install numba to gain a massive speedup.
(or if you prefer slow execution, set the flag numba=False to avoid this warning!)
Bus 1 | V=1.020 pu | I=0.0 A | PF=1.0000 | P=0.0000 MW | Q=0.0000 MVar | Breaker=OPEN
Bus 2 | V=0.000 pu | I=0.0 A | PF=0.0000 | P=0.0000 MW | Q=0.0000 MVar | Breaker=OPEN
Bus 3 | V=0.000 pu | I=0.0 A | PF=0.0000 | P=0.0000 MW | Q=0.0000 MVar | Breaker=OPEN
Bus 4 | V=0.000 pu | I=0.0 A | PF=0.0000 | P=0.0000 MW | Q=0.0000 MVar | Breaker=CLOSE
Bus 5 | V=0.000 pu | I=0.0 A | PF=0.0000 | P=0.0000 MW | Q=0.0000 MVar | Breaker=n/a

 2026-05-19 14:02:48
numba cannot be imported and numba functions are disabled.
Probably the execution is slow.
Please install numba to gain a massive speedup.
(or if you prefer slow execution, set the flag numba=False to avoid this warning!)
Bus 1 | V=1.020 pu | I=0.0 A | PF=1.0000 | P=0.0000 MW | Q=0.0000 MVar | Breaker=OPEN
Bus 2 | V=0.000 pu | I=0.0 A | PF=0.0000 | P=0.0000 MW | Q=0.0000 MVar | Breaker=OPEN
Bus 3 | V=0.000 pu | I=0.0 A | PF=0.0000 | P=0.0000 MW | Q=0.0000 MVar | Breaker=OPEN
Bus 4 | V=0.000 pu | I=0.0 A | PF=0.0000 | P=0.0000 MW | Q=0.0000 MVar | Breaker=CLOSE
Bus 5 | V=0.000 pu | I=0.0 A | PF=0.0000 | P=0.0000 MW | Q=0.0000 MVar | Breaker=n/a

 2026-05-19 14:02:52
numba cannot be imported and numba functions are disabled.
Probably the execution is slow.
Please install numba to gain a massive speedup.
(or if you prefer slow execution, set the flag numba=False to avoid this warning!)
Bus 1 | V=1.020 pu | I=0.0 A | PF=1.0000 | P=0.0000 MW | Q=0.0000 MVar | Breaker=OPEN
Bus 2 | V=0.000 pu | I=0.0 A | PF=0.0000 | P=0.0000 MW | Q=0.0000 MVar | Breaker=OPEN
Bus 3 | V=0.000 pu | I=0.0 A | PF=0.0000 | P=0.0000 MW | Q=0.0000 MVar | Breaker=OPEN
Bus 4 | V=0.000 pu | I=0.0 A | PF=0.0000 | P=0.0000 MW | Q=0.0000 MVar | Breaker=CLOSE
Bus 5 | V=0.000 pu | I=0.0 A | PF=0.0000 | P=0.0000 MW | Q=0.0000 MVar | Breaker=n/a

 2026-05-19 14:02:56
numba cannot be imported and numba functions are disabled.
Probably the execution is slow.
Please install numba to gain a massive speedup.
(or if you prefer slow execution, set the flag numba=False to avoid this warning!)
Bus 1 | V=1.020 pu | I=0.0 A | PF=1.0000 | P=0.0000 MW | Q=0.0000 MVar | Breaker=OPEN
Bus 2 | V=0.000 pu | I=0.0 A | PF=0.0000 | P=0.0000 MW | Q=0.0000 MVar | Breaker=OPEN
Bus 3 | V=0.000 pu | I=0.0 A | PF=0.0000 | P=0.0000 MW | Q=0.0000 MVar | Breaker=OPEN
Bus 4 | V=0.000 pu | I=0.0 A | PF=0.0000 | P=0.0000 MW | Q=0.0000 MVar | Breaker=CLOSE
Bus 5 | V=0.000 pu | I=0.0 A | PF=0.0000 | P=0.0000 MW | Q=0.0000 MVar | Breaker=n/a

 2026-05-19 14:03:00
numba cannot be imported and numba functions are disabled.
Probably the execution is slow.
Please install numba to gain a massive speedup.
(or if you prefer slow execution, set the flag numba=False to avoid this warning!)
Bus 1 | V=1.020 pu | I=0.0 A | PF=1.0000 | P=0.0000 MW | Q=0.0000 MVar | Breaker=OPEN
Bus 2 | V=0.000 pu | I=0.0 A | PF=0.0000 | P=0.0000 MW | Q=0.0000 MVar | Breaker=OPEN
Bus 3 | V=0.000 pu | I=0.0 A | PF=0.0000 | P=0.0000 MW | Q=0.0000 MVar | Breaker=OPEN
Bus 4 | V=0.000 pu | I=0.0 A | PF=0.0000 | P=0.0000 MW | Q=0.0000 MVar | Breaker=CLOSE
Bus 5 | V=0.000 pu | I=0.0 A | PF=0.0000 | P=0.0000 MW | Q=0.0000 MVar | Breaker=n/a

 2026-05-19 14:03:04
numba cannot be imported and numba functions are disabled.
Probably the execution is slow.
Please install numba to gain a massive speedup.
(or if you prefer slow execution, set the flag numba=False to avoid this warning!)
Bus 1 | V=1.020 pu | I=0.0 A | PF=1.0000 | P=0.0000 MW | Q=0.0000 MVar | Breaker=OPEN
Bus 2 | V=0.000 pu | I=0.0 A | PF=0.0000 | P=0.0000 MW | Q=0.0000 MVar | Breaker=OPEN
Bus 3 | V=0.000 pu | I=0.0 A | PF=0.0000 | P=0.0000 MW | Q=0.0000 MVar | Breaker=OPEN
Bus 4 | V=0.000 pu | I=0.0 A | PF=0.0000 | P=0.0000 MW | Q=0.0000 MVar | Breaker=CLOSE
Bus 5 | V=0.000 pu | I=0.0 A | PF=0.0000 | P=0.0000 MW | Q=0.0000 MVar | Breaker=n/a

 2026-05-19 14:03:08
numba cannot be imported and numba functions are disabled.
Probably the execution is slow.
Please install numba to gain a massive speedup.
(or if you prefer slow execution, set the flag numba=False to avoid this warning!)
Bus 1 | V=1.020 pu | I=0.0 A | PF=1.0000 | P=0.0000 MW | Q=0.0000 MVar | Breaker=OPEN
Bus 2 | V=0.000 pu | I=0.0 A | PF=0.0000 | P=0.0000 MW | Q=0.0000 MVar | Breaker=OPEN
Bus 3 | V=0.000 pu | I=0.0 A | PF=0.0000 | P=0.0000 MW | Q=0.0000 MVar | Breaker=OPEN
Bus 4 | V=0.000 pu | I=0.0 A | PF=0.0000 | P=0.0000 MW | Q=0.0000 MVar | Breaker=CLOSE
Bus 5 | V=0.000 pu | I=0.0 A | PF=0.0000 | P=0.0000 MW | Q=0.0000 MVar | Breaker=n/a

 2026-05-19 14:03:12
numba cannot be imported and numba functions are disabled.
Probably the execution is slow.
Please install numba to gain a massive speedup.
(or if you prefer slow execution, set the flag numba=False to avoid this warning!)
Bus 1 | V=1.020 pu | I=0.0 A | PF=1.0000 | P=0.0000 MW | Q=0.0000 MVar | Breaker=OPEN
Bus 2 | V=0.000 pu | I=0.0 A | PF=0.0000 | P=0.0000 MW | Q=0.0000 MVar | Breaker=OPEN
Bus 3 | V=0.000 pu | I=0.0 A | PF=0.0000 | P=0.0000 MW | Q=0.0000 MVar | Breaker=OPEN
Bus 4 | V=0.000 pu | I=0.0 A | PF=0.0000 | P=0.0000 MW | Q=0.0000 MVar | Breaker=CLOSE
Bus 5 | V=0.000 pu | I=0.0 A | PF=0.0000 | P=0.0000 MW | Q=0.0000 MVar | Breaker=n/a

 2026-05-19 14:03:16
numba cannot be imported and numba functions are disabled.
Probably the execution is slow.
Please install numba to gain a massive speedup.
(or if you prefer slow execution, set the flag numba=False to avoid this warning!)
Bus 1 | V=1.020 pu | I=0.0 A | PF=1.0000 | P=0.0000 MW | Q=0.0000 MVar | Breaker=OPEN
Bus 2 | V=0.000 pu | I=0.0 A | PF=0.0000 | P=0.0000 MW | Q=0.0000 MVar | Breaker=OPEN
Bus 3 | V=0.000 pu | I=0.0 A | PF=0.0000 | P=0.0000 MW | Q=0.0000 MVar | Breaker=OPEN
Bus 4 | V=0.000 pu | I=0.0 A | PF=0.0000 | P=0.0000 MW | Q=0.0000 MVar | Breaker=CLOSE
Bus 5 | V=0.000 pu | I=0.0 A | PF=0.0000 | P=0.0000 MW | Q=0.0000 MVar | Breaker=n/a

 2026-05-19 14:03:20
numba cannot be imported and numba functions are disabled.
Probably the execution is slow.
Please install numba to gain a massive speedup.
(or if you prefer slow execution, set the flag numba=False to avoid this warning!)
Bus 1 | V=1.020 pu | I=0.0 A | PF=1.0000 | P=0.0000 MW | Q=0.0000 MVar | Breaker=OPEN
Bus 2 | V=0.000 pu | I=0.0 A | PF=0.0000 | P=0.0000 MW | Q=0.0000 MVar | Breaker=OPEN
Bus 3 | V=0.000 pu | I=0.0 A | PF=0.0000 | P=0.0000 MW | Q=0.0000 MVar | Breaker=OPEN
Bus 4 | V=0.000 pu | I=0.0 A | PF=0.0000 | P=0.0000 MW | Q=0.0000 MVar | Breaker=CLOSE
Bus 5 | V=0.000 pu | I=0.0 A | PF=0.0000 | P=0.0000 MW | Q=0.0000 MVar | Breaker=n/a

 2026-05-19 14:03:24
numba cannot be imported and numba functions are disabled.
Probably the execution is slow.
Please install numba to gain a massive speedup.
(or if you prefer slow execution, set the flag numba=False to avoid this warning!)
Bus 1 | V=1.020 pu | I=0.0 A | PF=1.0000 | P=0.0000 MW | Q=0.0000 MVar | Breaker=OPEN
Bus 2 | V=0.000 pu | I=0.0 A | PF=0.0000 | P=0.0000 MW | Q=0.0000 MVar | Breaker=OPEN
Bus 3 | V=0.000 pu | I=0.0 A | PF=0.0000 | P=0.0000 MW | Q=0.0000 MVar | Breaker=OPEN
Bus 4 | V=0.000 pu | I=0.0 A | PF=0.0000 | P=0.0000 MW | Q=0.0000 MVar | Breaker=CLOSE
Bus 5 | V=0.000 pu | I=0.0 A | PF=0.0000 | P=0.0000 MW | Q=0.0000 MVar | Breaker=n/a

 2026-05-19 14:03:28
numba cannot be imported and numba functions are disabled.
Probably the execution is slow.
Please install numba to gain a massive speedup.
(or if you prefer slow execution, set the flag numba=False to avoid this warning!)
Bus 1 | V=1.020 pu | I=0.0 A | PF=1.0000 | P=0.0000 MW | Q=0.0000 MVar | Breaker=OPEN
Bus 2 | V=0.000 pu | I=0.0 A | PF=0.0000 | P=0.0000 MW | Q=0.0000 MVar | Breaker=OPEN
Bus 3 | V=0.000 pu | I=0.0 A | PF=0.0000 | P=0.0000 MW | Q=0.0000 MVar | Breaker=OPEN
Bus 4 | V=0.000 pu | I=0.0 A | PF=0.0000 | P=0.0000 MW | Q=0.0000 MVar | Breaker=CLOSE
Bus 5 | V=0.000 pu | I=0.0 A | PF=0.0000 | P=0.0000 MW | Q=0.0000 MVar | Breaker=n/a
