RTU measurement noise: seed=7 V_sigma=0.003 I_sigma=1.5


[2026-05-17 00:48:12] Bus 1: V=1.019 pu (raw 1.020) I=810.5 A (raw 809.7) PF=0.9603 FB=CLOSE CMD=CLOSE
[2026-05-17 00:48:12] Bus 2: V=1.009 pu (raw 1.010) I=398.2 A (raw 398.7) PF=0.9020 FB=CLOSE CMD=CLOSE
[2026-05-17 00:48:12] Bus 3: V=1.004 pu (raw 1.007) I=394.9 A (raw 395.2) PF=0.9001 FB=CLOSE CMD=CLOSE
[2026-05-17 00:48:12] Bus 4: V=1.013 pu (raw 1.010) I=479.1 A (raw 478.5) PF=0.8689 FB=CLOSE CMD=CLOSE
[2026-05-17 00:48:12] Bus 5: V=1.011 pu (raw 1.008) I=492.5 A (raw 492.1) PF=0.9771 FB=CLOSE CMD=CLOSE
DT_PATH_LAT,h2,1778953692.799465,1


[2026-05-17 00:48:16] Bus 1: V=1.021 pu (raw 1.020) I=851.0 A (raw 850.8) PF=0.9557 FB=CLOSE CMD=CLOSE
[2026-05-17 00:48:16] Bus 2: V=1.004 pu (raw 1.009) I=441.6 A (raw 440.3) PF=0.9070 FB=CLOSE CMD=CLOSE
[2026-05-17 00:48:16] Bus 3: V=1.008 pu (raw 1.006) I=430.1 A (raw 429.4) PF=0.8827 FB=CLOSE CMD=CLOSE
[2026-05-17 00:48:16] Bus 4: V=1.005 pu (raw 1.010) I=490.1 A (raw 492.7) PF=0.8439 FB=CLOSE CMD=CLOSE
[2026-05-17 00:48:16] Bus 5: V=1.005 pu (raw 1.008) I=467.1 A (raw 467.8) PF=0.9702 FB=CLOSE CMD=CLOSE
DT_PATH_LAT,h2,1778953696.838181,2


[2026-05-17 00:48:20] Bus 1: V=1.021 pu (raw 1.020) I=739.1 A (raw 739.2) PF=0.9651 FB=CLOSE CMD=OPEN
[2026-05-17 00:48:20] Bus 2: V=1.013 pu (raw 1.011) I=287.0 A (raw 288.0) PF=0.9159 FB=CLOSE CMD=OPEN
[2026-05-17 00:48:20] Bus 3: V=1.009 pu (raw 1.008) I=446.3 A (raw 445.7) PF=0.9290 FB=CLOSE CMD=CLOSE
[2026-05-17 00:48:20] Bus 4: V=1.008 pu (raw 1.010) I=466.3 A (raw 463.8) PF=0.8964 FB=CLOSE CMD=CLOSE
[2026-05-17 00:48:20] Bus 5: V=1.010 pu (raw 1.008) I=468.1 A (raw 466.3) PF=0.9736 FB=CLOSE CMD=CLOSE
DT_PATH_LAT,h2,1778953700.936947,3


[2026-05-17 00:48:24] Bus 1: V=1.018 pu (raw 1.020) I=0.0 A (raw 0.0) PF=1.0000 FB=OPEN CMD=OPEN
[2026-05-17 00:48:24] Bus 2: V=1.010 pu (raw 1.011) I=287.8 A (raw 288.0) PF=0.9159 FB=OPEN CMD=OPEN
[2026-05-17 00:48:24] Bus 3: V=1.010 pu (raw 1.008) I=446.1 A (raw 445.7) PF=0.9290 FB=CLOSE CMD=CLOSE
[2026-05-17 00:48:24] Bus 4: V=1.009 pu (raw 1.010) I=462.3 A (raw 463.8) PF=0.8964 FB=CLOSE CMD=CLOSE
[2026-05-17 00:48:24] Bus 5: V=1.006 pu (raw 1.008) I=468.1 A (raw 466.3) PF=0.9736 FB=CLOSE CMD=CLOSE
DT_PATH_LAT,h2,1778953704.976992,4


[2026-05-17 00:48:28] Bus 1: V=1.018 pu (raw 1.020) I=0.4 A (raw 0.0) PF=1.0000 FB=OPEN CMD=OPEN
[2026-05-17 00:48:28] Bus 2: V=1.012 pu (raw 1.011) I=285.7 A (raw 288.0) PF=0.9159 FB=OPEN CMD=OPEN
[2026-05-17 00:48:28] Bus 3: V=1.008 pu (raw 1.008) I=447.7 A (raw 445.7) PF=0.9290 FB=CLOSE CMD=CLOSE
[2026-05-17 00:48:28] Bus 4: V=1.004 pu (raw 1.010) I=463.3 A (raw 463.8) PF=0.8964 FB=CLOSE CMD=CLOSE
[2026-05-17 00:48:28] Bus 5: V=1.008 pu (raw 1.008) I=465.0 A (raw 466.3) PF=0.9736 FB=CLOSE CMD=CLOSE
DT_PATH_LAT,h2,1778953709.013148,5


[2026-05-17 00:48:33] Bus 1: V=1.021 pu (raw 1.020) I=0.0 A (raw 0.0) PF=1.0000 FB=OPEN CMD=OPEN
[2026-05-17 00:48:33] Bus 2: V=1.007 pu (raw 1.011) I=289.2 A (raw 288.0) PF=0.9159 FB=OPEN CMD=OPEN
[2026-05-17 00:48:33] Bus 3: V=1.010 pu (raw 1.008) I=447.1 A (raw 445.7) PF=0.9290 FB=CLOSE CMD=CLOSE
[2026-05-17 00:48:33] Bus 4: V=1.014 pu (raw 1.010) I=464.3 A (raw 463.8) PF=0.8964 FB=CLOSE CMD=CLOSE
[2026-05-17 00:48:33] Bus 5: V=1.008 pu (raw 1.008) I=464.3 A (raw 466.3) PF=0.9736 FB=CLOSE CMD=CLOSE
DT_PATH_LAT,h2,1778953713.057742,6


[2026-05-17 00:48:37] Bus 1: V=1.022 pu (raw 1.020) I=0.0 A (raw 0.0) PF=1.0000 FB=OPEN CMD=OPEN
[2026-05-17 00:48:37] Bus 2: V=1.010 pu (raw 1.011) I=286.1 A (raw 288.0) PF=0.9159 FB=OPEN CMD=OPEN
[2026-05-17 00:48:37] Bus 3: V=1.005 pu (raw 1.008) I=444.9 A (raw 445.7) PF=0.9290 FB=CLOSE CMD=CLOSE
[2026-05-17 00:48:37] Bus 4: V=1.014 pu (raw 1.010) I=460.7 A (raw 463.8) PF=0.8964 FB=CLOSE CMD=CLOSE
[2026-05-17 00:48:37] Bus 5: V=1.004 pu (raw 1.008) I=466.6 A (raw 466.3) PF=0.9736 FB=CLOSE CMD=CLOSE
DT_PATH_LAT,h2,1778953717.099485,7


[2026-05-17 00:48:41] Bus 1: V=1.024 pu (raw 1.020) I=0.9 A (raw 0.0) PF=1.0000 FB=OPEN CMD=OPEN
[2026-05-17 00:48:41] Bus 2: V=1.005 pu (raw 1.011) I=284.2 A (raw 288.0) PF=0.9159 FB=OPEN CMD=OPEN
[2026-05-17 00:48:41] Bus 3: V=1.009 pu (raw 1.008) I=444.6 A (raw 445.7) PF=0.9290 FB=CLOSE CMD=CLOSE
[2026-05-17 00:48:41] Bus 4: V=1.007 pu (raw 1.010) I=465.2 A (raw 463.8) PF=0.8964 FB=CLOSE CMD=CLOSE
[2026-05-17 00:48:41] Bus 5: V=1.011 pu (raw 1.008) I=466.5 A (raw 466.3) PF=0.9736 FB=CLOSE CMD=CLOSE
DT_PATH_LAT,h2,1778953721.138958,8


[2026-05-17 00:48:45] Bus 1: V=1.021 pu (raw 1.020) I=0.7 A (raw 0.0) PF=1.0000 FB=OPEN CMD=OPEN
[2026-05-17 00:48:45] Bus 2: V=1.016 pu (raw 1.011) I=288.9 A (raw 288.0) PF=0.9159 FB=OPEN CMD=OPEN
[2026-05-17 00:48:45] Bus 3: V=1.010 pu (raw 1.008) I=446.5 A (raw 445.7) PF=0.9290 FB=CLOSE CMD=CLOSE
[2026-05-17 00:48:45] Bus 4: V=1.005 pu (raw 1.010) I=465.7 A (raw 463.8) PF=0.8964 FB=CLOSE CMD=CLOSE
[2026-05-17 00:48:45] Bus 5: V=1.011 pu (raw 1.008) I=467.1 A (raw 466.3) PF=0.9736 FB=CLOSE CMD=CLOSE
DT_PATH_LAT,h2,1778953725.195261,9


[2026-05-17 00:48:49] Bus 1: V=1.014 pu (raw 1.020) I=0.0 A (raw 0.0) PF=1.0000 FB=OPEN CMD=OPEN
[2026-05-17 00:48:49] Bus 2: V=1.014 pu (raw 1.011) I=285.2 A (raw 288.0) PF=0.9159 FB=OPEN CMD=OPEN
[2026-05-17 00:48:49] Bus 3: V=1.007 pu (raw 1.008) I=447.2 A (raw 445.7) PF=0.9290 FB=CLOSE CMD=CLOSE
[2026-05-17 00:48:49] Bus 4: V=1.006 pu (raw 1.010) I=466.2 A (raw 463.8) PF=0.8964 FB=CLOSE CMD=CLOSE
[2026-05-17 00:48:49] Bus 5: V=1.010 pu (raw 1.008) I=466.0 A (raw 466.3) PF=0.9736 FB=CLOSE CMD=CLOSE
DT_PATH_LAT,h2,1778953729.237825,10


[2026-05-17 00:48:53] Bus 1: V=1.021 pu (raw 1.020) I=1.0 A (raw 0.0) PF=1.0000 FB=OPEN CMD=OPEN
[2026-05-17 00:48:53] Bus 2: V=1.011 pu (raw 1.011) I=289.7 A (raw 288.0) PF=0.9159 FB=OPEN CMD=OPEN
[2026-05-17 00:48:53] Bus 3: V=1.006 pu (raw 1.008) I=445.1 A (raw 445.7) PF=0.9290 FB=CLOSE CMD=CLOSE
[2026-05-17 00:48:53] Bus 4: V=1.013 pu (raw 1.010) I=463.8 A (raw 463.8) PF=0.8964 FB=CLOSE CMD=CLOSE
[2026-05-17 00:48:53] Bus 5: V=1.005 pu (raw 1.008) I=467.7 A (raw 466.3) PF=0.9736 FB=CLOSE CMD=CLOSE
DT_PATH_LAT,h2,1778953733.286950,11


[2026-05-17 00:48:57] Bus 1: V=1.024 pu (raw 1.020) I=0.0 A (raw 0.0) PF=1.0000 FB=OPEN CMD=OPEN
[2026-05-17 00:48:57] Bus 2: V=1.007 pu (raw 1.011) I=287.8 A (raw 288.0) PF=0.9159 FB=OPEN CMD=OPEN
[2026-05-17 00:48:57] Bus 3: V=1.008 pu (raw 1.008) I=445.3 A (raw 445.7) PF=0.9290 FB=CLOSE CMD=CLOSE
[2026-05-17 00:48:57] Bus 4: V=1.014 pu (raw 1.010) I=462.2 A (raw 463.8) PF=0.8964 FB=CLOSE CMD=CLOSE
[2026-05-17 00:48:57] Bus 5: V=1.012 pu (raw 1.008) I=464.4 A (raw 466.3) PF=0.9736 FB=CLOSE CMD=CLOSE
DT_PATH_LAT,h2,1778953737.329164,12


[2026-05-17 00:49:01] Bus 1: V=1.018 pu (raw 1.020) I=0.9 A (raw 0.0) PF=1.0000 FB=OPEN CMD=OPEN
[2026-05-17 00:49:01] Bus 2: V=1.014 pu (raw 1.011) I=289.3 A (raw 288.0) PF=0.9159 FB=OPEN CMD=OPEN
[2026-05-17 00:49:01] Bus 3: V=1.009 pu (raw 1.008) I=445.9 A (raw 445.7) PF=0.9290 FB=CLOSE CMD=CLOSE
[2026-05-17 00:49:01] Bus 4: V=1.010 pu (raw 1.010) I=464.6 A (raw 463.8) PF=0.8964 FB=CLOSE CMD=CLOSE
[2026-05-17 00:49:01] Bus 5: V=1.007 pu (raw 1.008) I=466.7 A (raw 466.3) PF=0.9736 FB=CLOSE CMD=CLOSE
DT_PATH_LAT,h2,1778953741.367889,13


[2026-05-17 00:49:05] Bus 1: V=1.022 pu (raw 1.020) I=0.0 A (raw 0.0) PF=1.0000 FB=OPEN CMD=OPEN
[2026-05-17 00:49:05] Bus 2: V=1.013 pu (raw 1.011) I=288.8 A (raw 288.0) PF=0.9159 FB=OPEN CMD=OPEN
[2026-05-17 00:49:05] Bus 3: V=1.014 pu (raw 1.008) I=446.2 A (raw 445.7) PF=0.9290 FB=CLOSE CMD=CLOSE
[2026-05-17 00:49:05] Bus 4: V=1.009 pu (raw 1.010) I=463.2 A (raw 463.8) PF=0.8964 FB=CLOSE CMD=CLOSE
[2026-05-17 00:49:05] Bus 5: V=1.008 pu (raw 1.008) I=467.7 A (raw 466.3) PF=0.9736 FB=CLOSE CMD=CLOSE
DT_PATH_LAT,h2,1778953745.410797,14


[2026-05-17 00:49:09] Bus 1: V=1.019 pu (raw 1.020) I=0.6 A (raw 0.0) PF=1.0000 FB=OPEN CMD=OPEN
[2026-05-17 00:49:09] Bus 2: V=1.017 pu (raw 1.011) I=284.1 A (raw 288.0) PF=0.9159 FB=OPEN CMD=OPEN
[2026-05-17 00:49:09] Bus 3: V=1.005 pu (raw 1.008) I=446.1 A (raw 445.7) PF=0.9290 FB=CLOSE CMD=CLOSE
[2026-05-17 00:49:09] Bus 4: V=1.011 pu (raw 1.010) I=464.1 A (raw 463.8) PF=0.8964 FB=CLOSE CMD=CLOSE
[2026-05-17 00:49:09] Bus 5: V=1.007 pu (raw 1.008) I=467.2 A (raw 466.3) PF=0.9736 FB=CLOSE CMD=CLOSE
DT_PATH_LAT,h2,1778953749.504359,15


[2026-05-17 00:49:13] Bus 1: V=1.021 pu (raw 1.020) I=0.0 A (raw 0.0) PF=1.0000 FB=OPEN CMD=OPEN
[2026-05-17 00:49:13] Bus 2: V=1.018 pu (raw 1.011) I=288.5 A (raw 288.0) PF=0.9159 FB=OPEN CMD=OPEN
[2026-05-17 00:49:13] Bus 3: V=1.006 pu (raw 1.008) I=445.6 A (raw 445.7) PF=0.9290 FB=CLOSE CMD=CLOSE
[2026-05-17 00:49:13] Bus 4: V=1.009 pu (raw 1.010) I=463.7 A (raw 463.8) PF=0.8964 FB=CLOSE CMD=CLOSE
[2026-05-17 00:49:13] Bus 5: V=1.000 pu (raw 1.008) I=465.5 A (raw 466.3) PF=0.9736 FB=CLOSE CMD=CLOSE
DT_PATH_LAT,h2,1778953753.624211,16


[2026-05-17 00:49:17] Bus 1: V=1.023 pu (raw 1.020) I=0.0 A (raw 0.0) PF=1.0000 FB=OPEN CMD=OPEN
[2026-05-17 00:49:17] Bus 2: V=1.011 pu (raw 1.011) I=289.4 A (raw 288.0) PF=0.9159 FB=OPEN CMD=OPEN
[2026-05-17 00:49:17] Bus 3: V=1.011 pu (raw 1.008) I=447.9 A (raw 445.7) PF=0.9290 FB=CLOSE CMD=CLOSE
[2026-05-17 00:49:17] Bus 4: V=1.005 pu (raw 1.010) I=463.2 A (raw 463.8) PF=0.8964 FB=CLOSE CMD=CLOSE
[2026-05-17 00:49:17] Bus 5: V=1.007 pu (raw 1.008) I=467.2 A (raw 466.3) PF=0.9736 FB=CLOSE CMD=CLOSE
DT_PATH_LAT,h2,1778953757.666967,17


[2026-05-17 00:49:21] Bus 1: V=1.023 pu (raw 1.020) I=0.0 A (raw 0.0) PF=1.0000 FB=OPEN CMD=OPEN
[2026-05-17 00:49:21] Bus 2: V=1.014 pu (raw 1.011) I=285.8 A (raw 288.0) PF=0.9159 FB=OPEN CMD=OPEN
[2026-05-17 00:49:21] Bus 3: V=1.010 pu (raw 1.008) I=443.5 A (raw 445.7) PF=0.9290 FB=CLOSE CMD=CLOSE
[2026-05-17 00:49:21] Bus 4: V=1.011 pu (raw 1.010) I=465.6 A (raw 463.8) PF=0.8964 FB=CLOSE CMD=CLOSE
[2026-05-17 00:49:21] Bus 5: V=1.008 pu (raw 1.008) I=466.6 A (raw 466.3) PF=0.9736 FB=CLOSE CMD=CLOSE
DT_PATH_LAT,h2,1778953761.716087,18


[2026-05-17 00:49:25] Bus 1: V=1.022 pu (raw 1.020) I=0.2 A (raw 0.0) PF=1.0000 FB=OPEN CMD=OPEN
[2026-05-17 00:49:25] Bus 2: V=1.011 pu (raw 1.011) I=290.3 A (raw 288.0) PF=0.9159 FB=OPEN CMD=OPEN
[2026-05-17 00:49:25] Bus 3: V=1.011 pu (raw 1.008) I=445.3 A (raw 445.7) PF=0.9290 FB=CLOSE CMD=CLOSE
[2026-05-17 00:49:25] Bus 4: V=1.018 pu (raw 1.010) I=462.0 A (raw 463.8) PF=0.8964 FB=CLOSE CMD=CLOSE
[2026-05-17 00:49:25] Bus 5: V=1.011 pu (raw 1.008) I=465.9 A (raw 466.3) PF=0.9736 FB=CLOSE CMD=CLOSE
DT_PATH_LAT,h2,1778953765.756232,19


[2026-05-17 00:49:29] Bus 1: V=1.020 pu (raw 1.020) I=1.1 A (raw 0.0) PF=1.0000 FB=OPEN CMD=OPEN
[2026-05-17 00:49:29] Bus 2: V=1.012 pu (raw 1.011) I=288.9 A (raw 288.0) PF=0.9159 FB=OPEN CMD=OPEN
[2026-05-17 00:49:29] Bus 3: V=1.003 pu (raw 1.008) I=443.4 A (raw 445.7) PF=0.9290 FB=CLOSE CMD=CLOSE
[2026-05-17 00:49:29] Bus 4: V=1.012 pu (raw 1.010) I=462.3 A (raw 463.8) PF=0.8964 FB=CLOSE CMD=CLOSE
[2026-05-17 00:49:29] Bus 5: V=1.005 pu (raw 1.008) I=464.1 A (raw 466.3) PF=0.9736 FB=CLOSE CMD=CLOSE
DT_PATH_LAT,h2,1778953769.794766,20


[2026-05-17 00:49:33] Bus 1: V=1.024 pu (raw 1.020) I=1.1 A (raw 0.0) PF=1.0000 FB=OPEN CMD=OPEN
[2026-05-17 00:49:33] Bus 2: V=1.015 pu (raw 1.011) I=286.6 A (raw 288.0) PF=0.9159 FB=OPEN CMD=OPEN
[2026-05-17 00:49:33] Bus 3: V=1.008 pu (raw 1.008) I=444.0 A (raw 445.7) PF=0.9290 FB=CLOSE CMD=CLOSE
[2026-05-17 00:49:33] Bus 4: V=1.012 pu (raw 1.010) I=466.2 A (raw 463.8) PF=0.8964 FB=CLOSE CMD=CLOSE
[2026-05-17 00:49:33] Bus 5: V=1.005 pu (raw 1.008) I=468.6 A (raw 466.3) PF=0.9736 FB=CLOSE CMD=CLOSE
DT_PATH_LAT,h2,1778953773.851169,21


[2026-05-17 00:49:37] Bus 1: V=1.023 pu (raw 1.020) I=0.0 A (raw 0.0) PF=1.0000 FB=OPEN CMD=OPEN
[2026-05-17 00:49:37] Bus 2: V=1.005 pu (raw 1.011) I=290.1 A (raw 288.0) PF=0.9159 FB=OPEN CMD=OPEN
[2026-05-17 00:49:37] Bus 3: V=1.008 pu (raw 1.008) I=444.8 A (raw 445.7) PF=0.9290 FB=CLOSE CMD=CLOSE
[2026-05-17 00:49:37] Bus 4: V=1.011 pu (raw 1.010) I=464.4 A (raw 463.8) PF=0.8964 FB=CLOSE CMD=CLOSE
[2026-05-17 00:49:37] Bus 5: V=1.012 pu (raw 1.008) I=464.7 A (raw 466.3) PF=0.9736 FB=CLOSE CMD=CLOSE
DT_PATH_LAT,h2,1778953777.895361,22


[2026-05-17 00:49:41] Bus 1: V=1.023 pu (raw 1.020) I=2.2 A (raw 0.0) PF=1.0000 FB=OPEN CMD=OPEN
[2026-05-17 00:49:41] Bus 2: V=1.015 pu (raw 1.011) I=287.7 A (raw 288.0) PF=0.9159 FB=OPEN CMD=OPEN
[2026-05-17 00:49:41] Bus 3: V=1.006 pu (raw 1.008) I=447.2 A (raw 445.7) PF=0.9290 FB=CLOSE CMD=CLOSE
[2026-05-17 00:49:41] Bus 4: V=1.010 pu (raw 1.010) I=464.0 A (raw 463.8) PF=0.8964 FB=CLOSE CMD=CLOSE
[2026-05-17 00:49:41] Bus 5: V=1.012 pu (raw 1.008) I=465.9 A (raw 466.3) PF=0.9736 FB=CLOSE CMD=CLOSE
DT_PATH_LAT,h2,1778953781.931586,23


[2026-05-17 00:49:45] Bus 1: V=1.013 pu (raw 1.020) I=0.0 A (raw 0.0) PF=1.0000 FB=OPEN CMD=OPEN
[2026-05-17 00:49:45] Bus 2: V=1.005 pu (raw 1.011) I=289.2 A (raw 288.0) PF=0.9159 FB=OPEN CMD=OPEN
[2026-05-17 00:49:45] Bus 3: V=1.009 pu (raw 1.008) I=444.8 A (raw 445.7) PF=0.9290 FB=CLOSE CMD=CLOSE
[2026-05-17 00:49:45] Bus 4: V=1.010 pu (raw 1.010) I=465.0 A (raw 463.8) PF=0.8964 FB=CLOSE CMD=CLOSE
[2026-05-17 00:49:45] Bus 5: V=1.008 pu (raw 1.008) I=468.3 A (raw 466.3) PF=0.9736 FB=CLOSE CMD=CLOSE
DT_PATH_LAT,h2,1778953785.985867,24


[2026-05-17 00:49:49] Bus 1: V=1.020 pu (raw 1.020) I=1.6 A (raw 0.0) PF=1.0000 FB=OPEN CMD=OPEN
[2026-05-17 00:49:49] Bus 2: V=1.015 pu (raw 1.011) I=290.4 A (raw 288.0) PF=0.9159 FB=OPEN CMD=OPEN
[2026-05-17 00:49:49] Bus 3: V=1.006 pu (raw 1.008) I=447.0 A (raw 445.7) PF=0.9290 FB=CLOSE CMD=CLOSE
[2026-05-17 00:49:49] Bus 4: V=1.004 pu (raw 1.010) I=462.1 A (raw 463.8) PF=0.8964 FB=CLOSE CMD=CLOSE
[2026-05-17 00:49:49] Bus 5: V=1.002 pu (raw 1.008) I=467.9 A (raw 466.3) PF=0.9736 FB=CLOSE CMD=CLOSE
DT_PATH_LAT,h2,1778953790.028650,25


[2026-05-17 00:49:54] Bus 1: V=1.016 pu (raw 1.020) I=0.0 A (raw 0.0) PF=1.0000 FB=OPEN CMD=OPEN
[2026-05-17 00:49:54] Bus 2: V=1.010 pu (raw 1.011) I=287.9 A (raw 288.0) PF=0.9159 FB=OPEN CMD=OPEN
[2026-05-17 00:49:54] Bus 3: V=1.006 pu (raw 1.008) I=446.1 A (raw 445.7) PF=0.9290 FB=CLOSE CMD=CLOSE
[2026-05-17 00:49:54] Bus 4: V=1.015 pu (raw 1.010) I=463.8 A (raw 463.8) PF=0.8964 FB=CLOSE CMD=CLOSE
[2026-05-17 00:49:54] Bus 5: V=1.010 pu (raw 1.008) I=467.8 A (raw 466.3) PF=0.9736 FB=CLOSE CMD=CLOSE
DT_PATH_LAT,h2,1778953794.122224,26


[2026-05-17 00:49:58] Bus 1: V=1.019 pu (raw 1.020) I=0.0 A (raw 0.0) PF=1.0000 FB=OPEN CMD=OPEN
[2026-05-17 00:49:58] Bus 2: V=1.009 pu (raw 1.011) I=289.6 A (raw 288.0) PF=0.9159 FB=OPEN CMD=OPEN
[2026-05-17 00:49:58] Bus 3: V=1.003 pu (raw 1.008) I=444.8 A (raw 445.7) PF=0.9290 FB=CLOSE CMD=CLOSE
[2026-05-17 00:49:58] Bus 4: V=1.013 pu (raw 1.010) I=465.0 A (raw 463.8) PF=0.8964 FB=CLOSE CMD=CLOSE
[2026-05-17 00:49:58] Bus 5: V=1.008 pu (raw 1.008) I=467.5 A (raw 466.3) PF=0.9736 FB=CLOSE CMD=CLOSE
DT_PATH_LAT,h2,1778953798.174066,27


[2026-05-17 00:50:02] Bus 1: V=1.020 pu (raw 1.020) I=0.0 A (raw 0.0) PF=1.0000 FB=OPEN CMD=OPEN
[2026-05-17 00:50:02] Bus 2: V=1.006 pu (raw 1.011) I=287.0 A (raw 288.0) PF=0.9159 FB=OPEN CMD=OPEN
[2026-05-17 00:50:02] Bus 3: V=1.011 pu (raw 1.008) I=444.9 A (raw 445.7) PF=0.9290 FB=CLOSE CMD=CLOSE
[2026-05-17 00:50:02] Bus 4: V=1.007 pu (raw 1.010) I=462.6 A (raw 463.8) PF=0.8964 FB=CLOSE CMD=CLOSE
[2026-05-17 00:50:02] Bus 5: V=1.003 pu (raw 1.008) I=466.1 A (raw 466.3) PF=0.9736 FB=CLOSE CMD=CLOSE
DT_PATH_LAT,h2,1778953802.237790,28


[2026-05-17 00:50:06] Bus 1: V=1.016 pu (raw 1.020) I=0.5 A (raw 0.0) PF=1.0000 FB=OPEN CMD=OPEN
[2026-05-17 00:50:06] Bus 2: V=1.004 pu (raw 1.011) I=288.5 A (raw 288.0) PF=0.9159 FB=OPEN CMD=OPEN
[2026-05-17 00:50:06] Bus 3: V=1.006 pu (raw 1.008) I=442.8 A (raw 445.7) PF=0.9290 FB=CLOSE CMD=CLOSE
[2026-05-17 00:50:06] Bus 4: V=1.012 pu (raw 1.010) I=463.4 A (raw 463.8) PF=0.8964 FB=CLOSE CMD=CLOSE
[2026-05-17 00:50:06] Bus 5: V=1.001 pu (raw 1.008) I=465.0 A (raw 466.3) PF=0.9736 FB=CLOSE CMD=CLOSE
DT_PATH_LAT,h2,1778953806.273458,29


[2026-05-17 00:50:10] Bus 1: V=1.021 pu (raw 1.020) I=0.0 A (raw 0.0) PF=1.0000 FB=OPEN CMD=OPEN
[2026-05-17 00:50:10] Bus 2: V=1.013 pu (raw 1.011) I=289.1 A (raw 288.0) PF=0.9159 FB=OPEN CMD=OPEN
[2026-05-17 00:50:10] Bus 3: V=1.010 pu (raw 1.008) I=446.2 A (raw 445.7) PF=0.9290 FB=CLOSE CMD=CLOSE
[2026-05-17 00:50:10] Bus 4: V=1.014 pu (raw 1.010) I=464.8 A (raw 463.8) PF=0.8964 FB=CLOSE CMD=CLOSE
[2026-05-17 00:50:10] Bus 5: V=1.009 pu (raw 1.008) I=463.1 A (raw 466.3) PF=0.9736 FB=CLOSE CMD=CLOSE
DT_PATH_LAT,h2,1778953810.318687,30


[2026-05-17 00:50:14] Bus 1: V=1.023 pu (raw 1.020) I=2.0 A (raw 0.0) PF=1.0000 FB=OPEN CMD=OPEN
[2026-05-17 00:50:14] Bus 2: V=1.010 pu (raw 1.011) I=287.3 A (raw 288.0) PF=0.9159 FB=OPEN CMD=OPEN
[2026-05-17 00:50:14] Bus 3: V=1.014 pu (raw 1.008) I=443.1 A (raw 445.7) PF=0.9290 FB=CLOSE CMD=CLOSE
[2026-05-17 00:50:14] Bus 4: V=1.011 pu (raw 1.010) I=467.4 A (raw 463.8) PF=0.8964 FB=CLOSE CMD=CLOSE
[2026-05-17 00:50:14] Bus 5: V=1.005 pu (raw 1.008) I=467.3 A (raw 466.3) PF=0.9736 FB=CLOSE CMD=CLOSE
DT_PATH_LAT,h2,1778953814.367877,31


[2026-05-17 00:50:18] Bus 1: V=1.026 pu (raw 1.020) I=0.0 A (raw 0.0) PF=1.0000 FB=OPEN CMD=OPEN
[2026-05-17 00:50:18] Bus 2: V=1.013 pu (raw 1.011) I=289.3 A (raw 288.0) PF=0.9159 FB=OPEN CMD=OPEN
[2026-05-17 00:50:18] Bus 3: V=1.005 pu (raw 1.008) I=445.6 A (raw 445.7) PF=0.9290 FB=CLOSE CMD=CLOSE
[2026-05-17 00:50:18] Bus 4: V=1.011 pu (raw 1.010) I=465.0 A (raw 463.8) PF=0.8964 FB=CLOSE CMD=CLOSE
[2026-05-17 00:50:18] Bus 5: V=1.008 pu (raw 1.008) I=466.0 A (raw 466.3) PF=0.9736 FB=CLOSE CMD=CLOSE
DT_PATH_LAT,h2,1778953818.438731,32


[2026-05-17 00:50:22] Bus 1: V=1.017 pu (raw 1.020) I=0.0 A (raw 0.0) PF=1.0000 FB=OPEN CMD=OPEN
[2026-05-17 00:50:22] Bus 2: V=1.014 pu (raw 1.011) I=288.1 A (raw 288.0) PF=0.9159 FB=OPEN CMD=OPEN
[2026-05-17 00:50:22] Bus 3: V=1.005 pu (raw 1.008) I=444.4 A (raw 445.7) PF=0.9290 FB=CLOSE CMD=CLOSE
[2026-05-17 00:50:22] Bus 4: V=1.018 pu (raw 1.010) I=465.5 A (raw 463.8) PF=0.8964 FB=CLOSE CMD=CLOSE
[2026-05-17 00:50:22] Bus 5: V=1.010 pu (raw 1.008) I=462.4 A (raw 466.3) PF=0.9736 FB=CLOSE CMD=CLOSE
DT_PATH_LAT,h2,1778953822.477803,33


[2026-05-17 00:50:26] Bus 1: V=1.022 pu (raw 1.020) I=0.7 A (raw 0.0) PF=1.0000 FB=OPEN CMD=OPEN
[2026-05-17 00:50:26] Bus 2: V=1.016 pu (raw 1.011) I=288.6 A (raw 288.0) PF=0.9159 FB=OPEN CMD=OPEN
[2026-05-17 00:50:26] Bus 3: V=1.008 pu (raw 1.008) I=446.5 A (raw 445.7) PF=0.9290 FB=CLOSE CMD=CLOSE
[2026-05-17 00:50:26] Bus 4: V=1.004 pu (raw 1.010) I=465.3 A (raw 463.8) PF=0.8964 FB=CLOSE CMD=CLOSE
[2026-05-17 00:50:26] Bus 5: V=1.009 pu (raw 1.008) I=465.2 A (raw 466.3) PF=0.9736 FB=CLOSE CMD=CLOSE
DT_PATH_LAT,h2,1778953826.527751,34


[2026-05-17 00:50:30] Bus 1: V=1.024 pu (raw 1.020) I=2.7 A (raw 0.0) PF=1.0000 FB=OPEN CMD=OPEN
[2026-05-17 00:50:30] Bus 2: V=1.007 pu (raw 1.011) I=287.0 A (raw 288.0) PF=0.9159 FB=OPEN CMD=OPEN
[2026-05-17 00:50:30] Bus 3: V=1.009 pu (raw 1.008) I=446.0 A (raw 445.7) PF=0.9290 FB=CLOSE CMD=CLOSE
[2026-05-17 00:50:30] Bus 4: V=1.009 pu (raw 1.010) I=462.3 A (raw 463.8) PF=0.8964 FB=CLOSE CMD=CLOSE
[2026-05-17 00:50:30] Bus 5: V=1.014 pu (raw 1.008) I=467.8 A (raw 466.3) PF=0.9736 FB=CLOSE CMD=CLOSE
DT_PATH_LAT,h2,1778953830.582506,35


[2026-05-17 00:50:34] Bus 1: V=1.016 pu (raw 1.020) I=0.0 A (raw 0.0) PF=1.0000 FB=OPEN CMD=OPEN
[2026-05-17 00:50:34] Bus 2: V=1.016 pu (raw 1.011) I=289.5 A (raw 288.0) PF=0.9159 FB=OPEN CMD=OPEN
[2026-05-17 00:50:34] Bus 3: V=1.013 pu (raw 1.008) I=446.9 A (raw 445.7) PF=0.9290 FB=CLOSE CMD=CLOSE
[2026-05-17 00:50:34] Bus 4: V=1.007 pu (raw 1.010) I=464.2 A (raw 463.8) PF=0.8964 FB=CLOSE CMD=CLOSE
[2026-05-17 00:50:34] Bus 5: V=1.002 pu (raw 1.008) I=465.1 A (raw 466.3) PF=0.9736 FB=CLOSE CMD=CLOSE
DT_PATH_LAT,h2,1778953834.624562,36


[2026-05-17 00:50:38] Bus 1: V=1.020 pu (raw 1.020) I=0.8 A (raw 0.0) PF=1.0000 FB=OPEN CMD=OPEN
[2026-05-17 00:50:38] Bus 2: V=1.009 pu (raw 1.011) I=287.8 A (raw 288.0) PF=0.9159 FB=OPEN CMD=OPEN
[2026-05-17 00:50:38] Bus 3: V=1.009 pu (raw 1.008) I=446.3 A (raw 445.7) PF=0.9290 FB=CLOSE CMD=CLOSE
[2026-05-17 00:50:38] Bus 4: V=1.012 pu (raw 1.010) I=464.1 A (raw 463.8) PF=0.8964 FB=CLOSE CMD=CLOSE
[2026-05-17 00:50:38] Bus 5: V=1.007 pu (raw 1.008) I=467.5 A (raw 466.3) PF=0.9736 FB=CLOSE CMD=CLOSE
DT_PATH_LAT,h2,1778953838.672566,37


[2026-05-17 00:50:42] Bus 1: V=1.020 pu (raw 1.020) I=0.0 A (raw 0.0) PF=1.0000 FB=OPEN CMD=OPEN
[2026-05-17 00:50:42] Bus 2: V=1.009 pu (raw 1.011) I=288.0 A (raw 288.0) PF=0.9159 FB=OPEN CMD=OPEN
[2026-05-17 00:50:42] Bus 3: V=1.008 pu (raw 1.008) I=445.9 A (raw 445.7) PF=0.9290 FB=CLOSE CMD=CLOSE
[2026-05-17 00:50:42] Bus 4: V=1.010 pu (raw 1.010) I=464.0 A (raw 463.8) PF=0.8964 FB=CLOSE CMD=CLOSE
[2026-05-17 00:50:42] Bus 5: V=1.008 pu (raw 1.008) I=464.4 A (raw 466.3) PF=0.9736 FB=CLOSE CMD=CLOSE
DT_PATH_LAT,h2,1778953842.717838,38


[2026-05-17 00:50:46] Bus 1: V=1.021 pu (raw 1.020) I=1.6 A (raw 0.0) PF=1.0000 FB=OPEN CMD=OPEN
[2026-05-17 00:50:46] Bus 2: V=1.012 pu (raw 1.011) I=287.7 A (raw 288.0) PF=0.9159 FB=OPEN CMD=OPEN
[2026-05-17 00:50:46] Bus 3: V=1.009 pu (raw 1.008) I=444.3 A (raw 445.7) PF=0.9290 FB=CLOSE CMD=CLOSE
[2026-05-17 00:50:46] Bus 4: V=1.004 pu (raw 1.010) I=463.9 A (raw 463.8) PF=0.8964 FB=CLOSE CMD=CLOSE
[2026-05-17 00:50:46] Bus 5: V=1.005 pu (raw 1.008) I=467.4 A (raw 466.3) PF=0.9736 FB=CLOSE CMD=CLOSE
DT_PATH_LAT,h2,1778953846.761509,39


[2026-05-17 00:50:50] Bus 1: V=1.017 pu (raw 1.020) I=0.0 A (raw 0.0) PF=1.0000 FB=OPEN CMD=OPEN
[2026-05-17 00:50:50] Bus 2: V=1.008 pu (raw 1.011) I=290.3 A (raw 288.0) PF=0.9159 FB=OPEN CMD=OPEN
[2026-05-17 00:50:50] Bus 3: V=1.007 pu (raw 1.008) I=443.6 A (raw 445.7) PF=0.9290 FB=CLOSE CMD=CLOSE
[2026-05-17 00:50:50] Bus 4: V=1.008 pu (raw 1.010) I=464.5 A (raw 463.8) PF=0.8964 FB=CLOSE CMD=CLOSE
[2026-05-17 00:50:50] Bus 5: V=1.009 pu (raw 1.008) I=466.5 A (raw 466.3) PF=0.9736 FB=CLOSE CMD=CLOSE
DT_PATH_LAT,h2,1778953850.799907,40


[2026-05-17 00:50:54] Bus 1: V=1.024 pu (raw 1.020) I=1.1 A (raw 0.0) PF=1.0000 FB=OPEN CMD=OPEN
[2026-05-17 00:50:54] Bus 2: V=1.011 pu (raw 1.011) I=288.9 A (raw 288.0) PF=0.9159 FB=OPEN CMD=OPEN
[2026-05-17 00:50:54] Bus 3: V=1.013 pu (raw 1.008) I=447.2 A (raw 445.7) PF=0.9290 FB=CLOSE CMD=CLOSE
[2026-05-17 00:50:54] Bus 4: V=1.013 pu (raw 1.010) I=462.1 A (raw 463.8) PF=0.8964 FB=CLOSE CMD=CLOSE
[2026-05-17 00:50:54] Bus 5: V=1.008 pu (raw 1.008) I=467.4 A (raw 466.3) PF=0.9736 FB=CLOSE CMD=CLOSE
DT_PATH_LAT,h2,1778953854.847606,41


[2026-05-17 00:50:58] Bus 1: V=1.019 pu (raw 1.020) I=1.6 A (raw 0.0) PF=1.0000 FB=OPEN CMD=OPEN
[2026-05-17 00:50:58] Bus 2: V=1.013 pu (raw 1.011) I=289.3 A (raw 288.0) PF=0.9159 FB=OPEN CMD=OPEN
[2026-05-17 00:50:58] Bus 3: V=1.007 pu (raw 1.008) I=449.5 A (raw 445.7) PF=0.9290 FB=CLOSE CMD=CLOSE
[2026-05-17 00:50:58] Bus 4: V=1.014 pu (raw 1.010) I=463.4 A (raw 463.8) PF=0.8964 FB=CLOSE CMD=CLOSE
[2026-05-17 00:50:58] Bus 5: V=1.008 pu (raw 1.008) I=470.2 A (raw 466.3) PF=0.9736 FB=CLOSE CMD=CLOSE
DT_PATH_LAT,h2,1778953858.957081,42


[2026-05-17 00:51:02] Bus 1: V=1.019 pu (raw 1.020) I=1.3 A (raw 0.0) PF=1.0000 FB=OPEN CMD=OPEN
[2026-05-17 00:51:02] Bus 2: V=1.014 pu (raw 1.011) I=288.0 A (raw 288.0) PF=0.9159 FB=OPEN CMD=OPEN
[2026-05-17 00:51:02] Bus 3: V=1.004 pu (raw 1.008) I=446.0 A (raw 445.7) PF=0.9290 FB=CLOSE CMD=CLOSE
[2026-05-17 00:51:02] Bus 4: V=1.011 pu (raw 1.010) I=465.5 A (raw 463.8) PF=0.8964 FB=CLOSE CMD=CLOSE
[2026-05-17 00:51:02] Bus 5: V=1.010 pu (raw 1.008) I=466.3 A (raw 466.3) PF=0.9736 FB=CLOSE CMD=CLOSE
DT_PATH_LAT,h2,1778953863.009641,43


[2026-05-17 00:51:07] Bus 1: V=1.023 pu (raw 1.020) I=0.8 A (raw 0.0) PF=1.0000 FB=OPEN CMD=OPEN
[2026-05-17 00:51:07] Bus 2: V=1.012 pu (raw 1.011) I=288.0 A (raw 288.0) PF=0.9159 FB=OPEN CMD=OPEN
[2026-05-17 00:51:07] Bus 3: V=1.007 pu (raw 1.008) I=446.7 A (raw 445.7) PF=0.9290 FB=CLOSE CMD=CLOSE
[2026-05-17 00:51:07] Bus 4: V=1.007 pu (raw 1.010) I=462.8 A (raw 463.8) PF=0.8964 FB=CLOSE CMD=CLOSE
[2026-05-17 00:51:07] Bus 5: V=1.008 pu (raw 1.008) I=464.1 A (raw 466.3) PF=0.9736 FB=CLOSE CMD=CLOSE
DT_PATH_LAT,h2,1778953867.048175,44


[2026-05-17 00:51:11] Bus 1: V=1.019 pu (raw 1.020) I=0.0 A (raw 0.0) PF=1.0000 FB=OPEN CMD=OPEN
[2026-05-17 00:51:11] Bus 2: V=1.009 pu (raw 1.011) I=288.8 A (raw 288.0) PF=0.9159 FB=OPEN CMD=OPEN
[2026-05-17 00:51:11] Bus 3: V=1.010 pu (raw 1.008) I=445.6 A (raw 445.7) PF=0.9290 FB=CLOSE CMD=CLOSE
[2026-05-17 00:51:11] Bus 4: V=1.009 pu (raw 1.010) I=461.6 A (raw 463.8) PF=0.8964 FB=CLOSE CMD=CLOSE
[2026-05-17 00:51:11] Bus 5: V=1.013 pu (raw 1.008) I=467.0 A (raw 466.3) PF=0.9736 FB=CLOSE CMD=CLOSE
DT_PATH_LAT,h2,1778953871.136436,45


[2026-05-17 00:51:15] Bus 1: V=1.023 pu (raw 1.020) I=0.0 A (raw 0.0) PF=1.0000 FB=OPEN CMD=OPEN
[2026-05-17 00:51:15] Bus 2: V=1.010 pu (raw 1.011) I=285.2 A (raw 288.0) PF=0.9159 FB=OPEN CMD=OPEN
[2026-05-17 00:51:15] Bus 3: V=1.010 pu (raw 1.008) I=447.1 A (raw 445.7) PF=0.9290 FB=CLOSE CMD=CLOSE
[2026-05-17 00:51:15] Bus 4: V=1.004 pu (raw 1.010) I=463.7 A (raw 463.8) PF=0.8964 FB=CLOSE CMD=CLOSE
[2026-05-17 00:51:15] Bus 5: V=1.010 pu (raw 1.008) I=463.6 A (raw 466.3) PF=0.9736 FB=CLOSE CMD=CLOSE
DT_PATH_LAT,h2,1778953875.169690,46


[2026-05-17 00:51:19] Bus 1: V=1.015 pu (raw 1.020) I=0.0 A (raw 0.0) PF=1.0000 FB=OPEN CMD=OPEN
[2026-05-17 00:51:19] Bus 2: V=1.009 pu (raw 1.011) I=285.9 A (raw 288.0) PF=0.9159 FB=OPEN CMD=OPEN
[2026-05-17 00:51:19] Bus 3: V=1.008 pu (raw 1.008) I=446.1 A (raw 445.7) PF=0.9290 FB=CLOSE CMD=CLOSE
[2026-05-17 00:51:19] Bus 4: V=1.012 pu (raw 1.010) I=464.8 A (raw 463.8) PF=0.8964 FB=CLOSE CMD=CLOSE
[2026-05-17 00:51:19] Bus 5: V=1.013 pu (raw 1.008) I=468.0 A (raw 466.3) PF=0.9736 FB=CLOSE CMD=CLOSE
DT_PATH_LAT,h2,1778953879.189470,47


[2026-05-17 00:51:23] Bus 1: V=1.016 pu (raw 1.020) I=0.0 A (raw 0.0) PF=1.0000 FB=OPEN CMD=OPEN
[2026-05-17 00:51:23] Bus 2: V=1.008 pu (raw 1.011) I=286.4 A (raw 288.0) PF=0.9159 FB=OPEN CMD=OPEN
[2026-05-17 00:51:23] Bus 3: V=1.008 pu (raw 1.008) I=445.7 A (raw 445.7) PF=0.9290 FB=CLOSE CMD=CLOSE
[2026-05-17 00:51:23] Bus 4: V=1.011 pu (raw 1.010) I=461.4 A (raw 463.8) PF=0.8964 FB=CLOSE CMD=CLOSE
[2026-05-17 00:51:23] Bus 5: V=1.004 pu (raw 1.008) I=466.2 A (raw 466.3) PF=0.9736 FB=CLOSE CMD=CLOSE
DT_PATH_LAT,h2,1778953883.227824,48


[2026-05-17 00:51:27] Bus 1: V=1.019 pu (raw 1.020) I=0.0 A (raw 0.0) PF=1.0000 FB=OPEN CMD=OPEN
[2026-05-17 00:51:27] Bus 2: V=1.011 pu (raw 1.011) I=286.8 A (raw 288.0) PF=0.9159 FB=OPEN CMD=OPEN
[2026-05-17 00:51:27] Bus 3: V=1.010 pu (raw 1.008) I=446.2 A (raw 445.7) PF=0.9290 FB=CLOSE CMD=CLOSE
[2026-05-17 00:51:27] Bus 4: V=1.010 pu (raw 1.010) I=462.8 A (raw 463.8) PF=0.8964 FB=CLOSE CMD=CLOSE
[2026-05-17 00:51:27] Bus 5: V=1.007 pu (raw 1.008) I=462.2 A (raw 466.3) PF=0.9736 FB=CLOSE CMD=CLOSE
DT_PATH_LAT,h2,1778953887.257680,49


[2026-05-17 00:51:31] Bus 1: V=1.017 pu (raw 1.020) I=0.1 A (raw 0.0) PF=1.0000 FB=OPEN CMD=OPEN
[2026-05-17 00:51:31] Bus 2: V=1.006 pu (raw 1.011) I=288.3 A (raw 288.0) PF=0.9159 FB=OPEN CMD=OPEN
[2026-05-17 00:51:31] Bus 3: V=1.008 pu (raw 1.008) I=443.6 A (raw 445.7) PF=0.9290 FB=CLOSE CMD=CLOSE
[2026-05-17 00:51:31] Bus 4: V=1.009 pu (raw 1.010) I=463.3 A (raw 463.8) PF=0.8964 FB=CLOSE CMD=CLOSE
[2026-05-17 00:51:31] Bus 5: V=1.009 pu (raw 1.008) I=467.2 A (raw 466.3) PF=0.9736 FB=CLOSE CMD=CLOSE
DT_PATH_LAT,h2,1778953891.295859,50


