Namespace index: 2
Field bus -> Pandapower bus mapping: {1: 0, 2: 2, 3: 3, 4: 6, 5: 7}
Unique bus->line mapping: {1: 0, 2: 2, 3: 4, 4: 10, 5: 9}
numba cannot be imported and numba functions are disabled.
Probably the execution is slow.
Please install numba to gain a massive speedup.
(or if you prefer slow execution, set the flag numba=False to avoid this warning!)

 2026-05-08 00:08:00
Load flow sukses. Voltage snapshot (pu): [1.05004136 1.05788632 1.04999957 1.0405164  1.03555679]
Bus 1: breaker CLOSE (line 0) | I_line=0.2726 kA, I_close=0.9539 kA
Bus 2: breaker CLOSE (line 2) | I_line=0.4843 kA, I_close=0.7949 kA
Bus 3: breaker CLOSE (line 4) | I_line=0.4068 kA, I_close=0.7949 kA
Bus 4: breaker CLOSE (line 10) | I_line=0.1303 kA, I_close=1.4308 kA
Bus 5: breaker CLOSE (line 9) | I_line=0.0745 kA, I_close=1.4308 kA
numba cannot be imported and numba functions are disabled.
Probably the execution is slow.
Please install numba to gain a massive speedup.
(or if you prefer slow execution, set the flag numba=False to avoid this warning!)

 2026-05-08 00:08:04
Load flow sukses. Voltage snapshot (pu): [1.04881513 1.05709894 1.04850484 1.04039846 1.03812441]
Bus 1: breaker CLOSE (line 0) | I_line=0.2761 kA, I_close=0.9539 kA
Bus 2: breaker CLOSE (line 2) | I_line=0.4885 kA, I_close=0.7949 kA
Bus 3: breaker CLOSE (line 4) | I_line=0.3586 kA, I_close=0.7949 kA
Bus 4: breaker CLOSE (line 10) | I_line=0.0702 kA, I_close=1.4308 kA
Bus 5: breaker CLOSE (line 9) | I_line=0.0773 kA, I_close=1.4308 kA
numba cannot be imported and numba functions are disabled.
Probably the execution is slow.
Please install numba to gain a massive speedup.
(or if you prefer slow execution, set the flag numba=False to avoid this warning!)

 2026-05-08 00:08:08
Load flow sukses. Voltage snapshot (pu): [1.04533204 1.05607439 1.04742757 1.04019028 1.03922187]
Bus 1: breaker CLOSE (line 0) | I_line=0.3187 kA, I_close=0.9539 kA
Bus 2: breaker CLOSE (line 2) | I_line=0.4588 kA, I_close=0.7949 kA
Bus 3: breaker CLOSE (line 4) | I_line=0.3026 kA, I_close=0.7949 kA
Bus 4: breaker CLOSE (line 10) | I_line=0.0979 kA, I_close=1.4308 kA
Bus 5: breaker CLOSE (line 9) | I_line=0.1145 kA, I_close=1.4308 kA
numba cannot be imported and numba functions are disabled.
Probably the execution is slow.
Please install numba to gain a massive speedup.
(or if you prefer slow execution, set the flag numba=False to avoid this warning!)

 2026-05-08 00:08:12
Load flow sukses. Voltage snapshot (pu): [1.04189733 1.05526073 1.04692481 1.04035288 1.03977761]
Bus 1: breaker CLOSE (line 0) | I_line=0.3654 kA, I_close=0.9539 kA
Bus 2: breaker CLOSE (line 2) | I_line=0.4239 kA, I_close=0.7949 kA
Bus 3: breaker CLOSE (line 4) | I_line=0.2576 kA, I_close=0.7949 kA
Bus 4: breaker CLOSE (line 10) | I_line=0.1604 kA, I_close=1.4308 kA
Bus 5: breaker CLOSE (line 9) | I_line=0.1681 kA, I_close=1.4308 kA
numba cannot be imported and numba functions are disabled.
Probably the execution is slow.
Please install numba to gain a massive speedup.
(or if you prefer slow execution, set the flag numba=False to avoid this warning!)

 2026-05-08 00:08:16
Load flow sukses. Voltage snapshot (pu): [1.03907744 1.05309078 1.04263138 1.03815581 1.03875974]
Bus 1: breaker CLOSE (line 0) | I_line=0.3796 kA, I_close=0.9539 kA
Bus 2: breaker CLOSE (line 2) | I_line=0.4280 kA, I_close=0.7949 kA
Bus 3: breaker CLOSE (line 4) | I_line=0.1439 kA, I_close=0.7949 kA
Bus 4: breaker CLOSE (line 10) | I_line=0.2771 kA, I_close=1.4308 kA
Bus 5: breaker CLOSE (line 9) | I_line=0.2319 kA, I_close=1.4308 kA
numba cannot be imported and numba functions are disabled.
Probably the execution is slow.
Please install numba to gain a massive speedup.
(or if you prefer slow execution, set the flag numba=False to avoid this warning!)

 2026-05-08 00:08:20
Load flow sukses. Voltage snapshot (pu): [1.03713942 1.0514739  1.0393617  1.03588461 1.03704552]
Bus 1: breaker CLOSE (line 0) | I_line=0.3889 kA, I_close=0.9539 kA
Bus 2: breaker CLOSE (line 2) | I_line=0.4324 kA, I_close=0.7949 kA
Bus 3: breaker CLOSE (line 4) | I_line=0.0746 kA, I_close=0.7949 kA
Bus 4: breaker CLOSE (line 10) | I_line=0.3556 kA, I_close=1.4308 kA
Bus 5: breaker CLOSE (line 9) | I_line=0.2751 kA, I_close=1.4308 kA
numba cannot be imported and numba functions are disabled.
Probably the execution is slow.
Please install numba to gain a massive speedup.
(or if you prefer slow execution, set the flag numba=False to avoid this warning!)

 2026-05-08 00:08:24
Load flow sukses. Voltage snapshot (pu): [1.04024218 1.05276026 1.04124127 1.03710717 1.03758074]
Bus 1: breaker CLOSE (line 0) | I_line=0.3571 kA, I_close=0.9539 kA
Bus 2: breaker CLOSE (line 2) | I_line=0.4506 kA, I_close=0.7949 kA
Bus 3: breaker CLOSE (line 4) | I_line=0.1263 kA, I_close=0.7949 kA
Bus 4: breaker CLOSE (line 10) | I_line=0.3106 kA, I_close=1.4308 kA
Bus 5: breaker CLOSE (line 9) | I_line=0.2517 kA, I_close=1.4308 kA
numba cannot be imported and numba functions are disabled.
Probably the execution is slow.
Please install numba to gain a massive speedup.
(or if you prefer slow execution, set the flag numba=False to avoid this warning!)

 2026-05-08 00:08:29
Load flow sukses. Voltage snapshot (pu): [1.04092157 1.05189397 1.0386886  1.03499667 1.03600165]
Bus 1: breaker CLOSE (line 0) | I_line=0.3333 kA, I_close=0.9539 kA
Bus 2: breaker CLOSE (line 2) | I_line=0.4784 kA, I_close=0.7949 kA
Bus 3: breaker CLOSE (line 4) | I_line=0.0924 kA, I_close=0.7949 kA
Bus 4: breaker CLOSE (line 10) | I_line=0.3564 kA, I_close=1.4308 kA
Bus 5: breaker CLOSE (line 9) | I_line=0.2654 kA, I_close=1.4308 kA
numba cannot be imported and numba functions are disabled.
Probably the execution is slow.
Please install numba to gain a massive speedup.
(or if you prefer slow execution, set the flag numba=False to avoid this warning!)

 2026-05-08 00:08:33
Load flow sukses. Voltage snapshot (pu): [1.03745481 1.05183069 1.04014248 1.03608136 1.03691209]
Bus 1: breaker CLOSE (line 0) | I_line=0.3898 kA, I_close=0.9539 kA
Bus 2: breaker CLOSE (line 2) | I_line=0.4285 kA, I_close=0.7949 kA
Bus 3: breaker CLOSE (line 4) | I_line=0.0948 kA, I_close=0.7949 kA
Bus 4: breaker CLOSE (line 10) | I_line=0.3584 kA, I_close=1.4308 kA
Bus 5: breaker CLOSE (line 9) | I_line=0.2711 kA, I_close=1.4308 kA
numba cannot be imported and numba functions are disabled.
Probably the execution is slow.
Please install numba to gain a massive speedup.
(or if you prefer slow execution, set the flag numba=False to avoid this warning!)

 2026-05-08 00:08:37
Load flow sukses. Voltage snapshot (pu): [1.03512698 1.05174857 1.04105149 1.03676185 1.03748164]
Bus 1: breaker CLOSE (line 0) | I_line=0.4267 kA, I_close=0.9539 kA
Bus 2: breaker CLOSE (line 2) | I_line=0.3961 kA, I_close=0.7949 kA
Bus 3: breaker CLOSE (line 4) | I_line=0.0963 kA, I_close=0.7949 kA
Bus 4: breaker CLOSE (line 10) | I_line=0.3599 kA, I_close=1.4308 kA
Bus 5: breaker CLOSE (line 9) | I_line=0.2748 kA, I_close=1.4308 kA
numba cannot be imported and numba functions are disabled.
Probably the execution is slow.
Please install numba to gain a massive speedup.
(or if you prefer slow execution, set the flag numba=False to avoid this warning!)

 2026-05-08 00:08:43
Load flow sukses. Voltage snapshot (pu): [1.03751817 1.05168139 1.039709   1.03690261 1.03785852]
Bus 1: breaker CLOSE (line 0) | I_line=0.3838 kA, I_close=0.9539 kA
Bus 2: breaker CLOSE (line 2) | I_line=0.4358 kA, I_close=0.7949 kA
Bus 3: breaker CLOSE (line 4) | I_line=0.0689 kA, I_close=0.7949 kA
Bus 4: breaker CLOSE (line 10) | I_line=0.3367 kA, I_close=1.4308 kA
Bus 5: breaker CLOSE (line 9) | I_line=0.2498 kA, I_close=1.4308 kA
numba cannot be imported and numba functions are disabled.
Probably the execution is slow.
Please install numba to gain a massive speedup.
(or if you prefer slow execution, set the flag numba=False to avoid this warning!)

 2026-05-08 00:08:49
Load flow sukses. Voltage snapshot (pu): [1.03705447 1.05191784 1.04053981 1.03731523 1.03822472]
Bus 1: breaker CLOSE (line 0) | I_line=0.3946 kA, I_close=0.9539 kA
Bus 2: breaker CLOSE (line 2) | I_line=0.4241 kA, I_close=0.7949 kA
Bus 3: breaker CLOSE (line 4) | I_line=0.0834 kA, I_close=0.7949 kA
Bus 4: breaker CLOSE (line 10) | I_line=0.3274 kA, I_close=1.4308 kA
Bus 5: breaker CLOSE (line 9) | I_line=0.2416 kA, I_close=1.4308 kA
numba cannot be imported and numba functions are disabled.
Probably the execution is slow.
Please install numba to gain a massive speedup.
(or if you prefer slow execution, set the flag numba=False to avoid this warning!)

 2026-05-08 00:08:53
Load flow sukses. Voltage snapshot (pu): [1.03886742 1.05256934 1.04137271 1.03605004 1.03714246]
Bus 1: breaker CLOSE (line 0) | I_line=0.3761 kA, I_close=0.9539 kA
Bus 2: breaker CLOSE (line 2) | I_line=0.4343 kA, I_close=0.7949 kA
Bus 3: breaker CLOSE (line 4) | I_line=0.1431 kA, I_close=0.7949 kA
Bus 4: breaker CLOSE (line 10) | I_line=0.3308 kA, I_close=1.4308 kA
Bus 5: breaker CLOSE (line 9) | I_line=0.2366 kA, I_close=1.4308 kA
numba cannot be imported and numba functions are disabled.
Probably the execution is slow.
Please install numba to gain a massive speedup.
(or if you prefer slow execution, set the flag numba=False to avoid this warning!)

 2026-05-08 00:08:57
Load flow sukses. Voltage snapshot (pu): [1.03814737 1.05196917 1.04020784 1.03453429 1.03451285]
Bus 1: breaker CLOSE (line 0) | I_line=0.3862 kA, I_close=0.9539 kA
Bus 2: breaker CLOSE (line 2) | I_line=0.4294 kA, I_close=0.7949 kA
Bus 3: breaker CLOSE (line 4) | I_line=0.1251 kA, I_close=0.7949 kA
Bus 4: breaker CLOSE (line 10) | I_line=0.4240 kA, I_close=1.4308 kA
Bus 5: breaker CLOSE (line 9) | I_line=0.3074 kA, I_close=1.4308 kA
numba cannot be imported and numba functions are disabled.
Probably the execution is slow.
Please install numba to gain a massive speedup.
(or if you prefer slow execution, set the flag numba=False to avoid this warning!)

 2026-05-08 00:09:01
Load flow sukses. Voltage snapshot (pu): [1.03766524 1.05154931 1.0393826  1.03341322 1.03261068]
Bus 1: breaker CLOSE (line 0) | I_line=0.3928 kA, I_close=0.9539 kA
Bus 2: breaker CLOSE (line 2) | I_line=0.4264 kA, I_close=0.7949 kA
Bus 3: breaker CLOSE (line 4) | I_line=0.1143 kA, I_close=0.7949 kA
Bus 4: breaker CLOSE (line 10) | I_line=0.4852 kA, I_close=1.4308 kA
Bus 5: breaker CLOSE (line 9) | I_line=0.3547 kA, I_close=1.4308 kA
numba cannot be imported and numba functions are disabled.
Probably the execution is slow.
Please install numba to gain a massive speedup.
(or if you prefer slow execution, set the flag numba=False to avoid this warning!)

 2026-05-08 00:09:06
Load flow sukses. Voltage snapshot (pu): [1.04019416 1.05140251 1.03778379 1.03317984 1.03327207]
Bus 1: breaker CLOSE (line 0) | I_line=0.3440 kA, I_close=0.9539 kA
Bus 2: breaker CLOSE (line 2) | I_line=0.4719 kA, I_close=0.7949 kA
Bus 3: breaker CLOSE (line 4) | I_line=0.0901 kA, I_close=0.7949 kA
Bus 4: breaker CLOSE (line 10) | I_line=0.4484 kA, I_close=1.4308 kA
Bus 5: breaker CLOSE (line 9) | I_line=0.3130 kA, I_close=1.4308 kA
numba cannot be imported and numba functions are disabled.
Probably the execution is slow.
Please install numba to gain a massive speedup.
(or if you prefer slow execution, set the flag numba=False to avoid this warning!)

 2026-05-08 00:09:10
Load flow sukses. Voltage snapshot (pu): [1.03900499 1.05093444 1.03712049 1.03370154 1.03384497]
Bus 1: breaker CLOSE (line 0) | I_line=0.3555 kA, I_close=0.9539 kA
Bus 2: breaker CLOSE (line 2) | I_line=0.4661 kA, I_close=0.7949 kA
Bus 3: breaker CLOSE (line 4) | I_line=0.0576 kA, I_close=0.7949 kA
Bus 4: breaker CLOSE (line 10) | I_line=0.4472 kA, I_close=1.4308 kA
Bus 5: breaker CLOSE (line 9) | I_line=0.3123 kA, I_close=1.4308 kA
numba cannot be imported and numba functions are disabled.
Probably the execution is slow.
Please install numba to gain a massive speedup.
(or if you prefer slow execution, set the flag numba=False to avoid this warning!)

 2026-05-08 00:09:14
Load flow sukses. Voltage snapshot (pu): [1.03782913 1.05124049 1.03845754 1.03512914 1.03518111]
Bus 1: breaker CLOSE (line 0) | I_line=0.3781 kA, I_close=0.9539 kA
Bus 2: breaker CLOSE (line 2) | I_line=0.4437 kA, I_close=0.7949 kA
Bus 3: breaker CLOSE (line 4) | I_line=0.0629 kA, I_close=0.7949 kA
Bus 4: breaker CLOSE (line 10) | I_line=0.4208 kA, I_close=1.4308 kA
Bus 5: breaker CLOSE (line 9) | I_line=0.2995 kA, I_close=1.4308 kA
numba cannot be imported and numba functions are disabled.
Probably the execution is slow.
Please install numba to gain a massive speedup.
(or if you prefer slow execution, set the flag numba=False to avoid this warning!)

 2026-05-08 00:09:18
Load flow sukses. Voltage snapshot (pu): [1.03703454 1.05083737 1.03777802 1.03576909 1.03593719]
Bus 1: breaker CLOSE (line 0) | I_line=0.3833 kA, I_close=0.9539 kA
Bus 2: breaker CLOSE (line 2) | I_line=0.4431 kA, I_close=0.7949 kA
Bus 3: breaker CLOSE (line 4) | I_line=0.0359 kA, I_close=0.7949 kA
Bus 4: breaker CLOSE (line 10) | I_line=0.4116 kA, I_close=1.4308 kA
Bus 5: breaker CLOSE (line 9) | I_line=0.2908 kA, I_close=1.4308 kA
numba cannot be imported and numba functions are disabled.
Probably the execution is slow.
Please install numba to gain a massive speedup.
(or if you prefer slow execution, set the flag numba=False to avoid this warning!)

 2026-05-08 00:09:22
Load flow sukses. Voltage snapshot (pu): [1.03651357 1.0505695  1.03732351 1.03617091 1.0364179 ]
Bus 1: breaker CLOSE (line 0) | I_line=0.3866 kA, I_close=0.9539 kA
Bus 2: breaker CLOSE (line 2) | I_line=0.4427 kA, I_close=0.7949 kA
Bus 3: breaker CLOSE (line 4) | I_line=0.0316 kA, I_close=0.7949 kA
Bus 4: breaker CLOSE (line 10) | I_line=0.4057 kA, I_close=1.4308 kA
Bus 5: breaker CLOSE (line 9) | I_line=0.2852 kA, I_close=1.4308 kA
numba cannot be imported and numba functions are disabled.
Probably the execution is slow.
Please install numba to gain a massive speedup.
(or if you prefer slow execution, set the flag numba=False to avoid this warning!)

 2026-05-08 00:09:26
Load flow sukses. Voltage snapshot (pu): [1.03655263 1.05061975 1.03743717 1.03630134 1.03662537]
Bus 1: breaker CLOSE (line 0) | I_line=0.3868 kA, I_close=0.9539 kA
Bus 2: breaker CLOSE (line 2) | I_line=0.4423 kA, I_close=0.7949 kA
Bus 3: breaker CLOSE (line 4) | I_line=0.0308 kA, I_close=0.7949 kA
Bus 4: breaker CLOSE (line 10) | I_line=0.3964 kA, I_close=1.4308 kA
Bus 5: breaker CLOSE (line 9) | I_line=0.2897 kA, I_close=1.4308 kA
numba cannot be imported and numba functions are disabled.
Probably the execution is slow.
Please install numba to gain a massive speedup.
(or if you prefer slow execution, set the flag numba=False to avoid this warning!)

 2026-05-08 00:09:30
Load flow sukses. Voltage snapshot (pu): [1.03625125 1.05174984 1.0405231  1.03755044 1.03758294]
Bus 1: breaker CLOSE (line 0) | I_line=0.4091 kA, I_close=0.9539 kA
Bus 2: breaker CLOSE (line 2) | I_line=0.4126 kA, I_close=0.7949 kA
Bus 3: breaker CLOSE (line 4) | I_line=0.0708 kA, I_close=0.7949 kA
Bus 4: breaker CLOSE (line 10) | I_line=0.3606 kA, I_close=1.4308 kA
Bus 5: breaker CLOSE (line 9) | I_line=0.2818 kA, I_close=1.4308 kA
numba cannot be imported and numba functions are disabled.
Probably the execution is slow.
Please install numba to gain a massive speedup.
(or if you prefer slow execution, set the flag numba=False to avoid this warning!)

 2026-05-08 00:09:35
Load flow sukses. Voltage snapshot (pu): [1.03800869 1.0512138  1.03827632 1.03533499 1.03680099]
Bus 1: breaker CLOSE (line 0) | I_line=0.3705 kA, I_close=0.9539 kA
Bus 2: breaker CLOSE (line 2) | I_line=0.4512 kA, I_close=0.7949 kA
Bus 3: breaker CLOSE (line 4) | I_line=0.0592 kA, I_close=0.7949 kA
Bus 4: breaker CLOSE (line 10) | I_line=0.3526 kA, I_close=1.4308 kA
Bus 5: breaker CLOSE (line 9) | I_line=0.2817 kA, I_close=1.4308 kA
numba cannot be imported and numba functions are disabled.
Probably the execution is slow.
Please install numba to gain a massive speedup.
(or if you prefer slow execution, set the flag numba=False to avoid this warning!)

 2026-05-08 00:09:39
Load flow sukses. Voltage snapshot (pu): [1.03561374 1.05165776 1.04060379 1.03673604 1.0372447 ]
Bus 1: breaker CLOSE (line 0) | I_line=0.4198 kA, I_close=0.9539 kA
Bus 2: breaker CLOSE (line 2) | I_line=0.4033 kA, I_close=0.7949 kA
Bus 3: breaker CLOSE (line 4) | I_line=0.0846 kA, I_close=0.7949 kA
Bus 4: breaker CLOSE (line 10) | I_line=0.3587 kA, I_close=1.4308 kA
Bus 5: breaker CLOSE (line 9) | I_line=0.3119 kA, I_close=1.4308 kA
numba cannot be imported and numba functions are disabled.
Probably the execution is slow.
Please install numba to gain a massive speedup.
(or if you prefer slow execution, set the flag numba=False to avoid this warning!)

 2026-05-08 00:09:43
Load flow sukses. Voltage snapshot (pu): [1.03399667 1.05184735 1.04190888 1.03726226 1.03701275]
Bus 1: breaker CLOSE (line 0) | I_line=0.4509 kA, I_close=0.9539 kA
Bus 2: breaker CLOSE (line 2) | I_line=0.3734 kA, I_close=0.7949 kA
Bus 3: breaker CLOSE (line 4) | I_line=0.1030 kA, I_close=0.7949 kA
Bus 4: breaker CLOSE (line 10) | I_line=0.3844 kA, I_close=1.4308 kA
Bus 5: breaker CLOSE (line 9) | I_line=0.3178 kA, I_close=1.4308 kA
numba cannot be imported and numba functions are disabled.
Probably the execution is slow.
Please install numba to gain a massive speedup.
(or if you prefer slow execution, set the flag numba=False to avoid this warning!)

 2026-05-08 00:09:48
Load flow sukses. Voltage snapshot (pu): [1.0336463  1.05130613 1.04065009 1.0349231  1.03566219]
Bus 1: breaker CLOSE (line 0) | I_line=0.4482 kA, I_close=0.9539 kA
Bus 2: breaker CLOSE (line 2) | I_line=0.3793 kA, I_close=0.7949 kA
Bus 3: breaker CLOSE (line 4) | I_line=0.1085 kA, I_close=0.7949 kA
Bus 4: breaker CLOSE (line 10) | I_line=0.4130 kA, I_close=1.4308 kA
Bus 5: breaker CLOSE (line 9) | I_line=0.3150 kA, I_close=1.4308 kA
numba cannot be imported and numba functions are disabled.
Probably the execution is slow.
Please install numba to gain a massive speedup.
(or if you prefer slow execution, set the flag numba=False to avoid this warning!)

 2026-05-08 00:09:52
Load flow sukses. Voltage snapshot (pu): [1.0343926  1.05051493 1.03825513 1.03236368 1.03264532]
Bus 1: breaker CLOSE (line 0) | I_line=0.4295 kA, I_close=0.9539 kA
Bus 2: breaker CLOSE (line 2) | I_line=0.4019 kA, I_close=0.7949 kA
Bus 3: breaker CLOSE (line 4) | I_line=0.0873 kA, I_close=0.7949 kA
Bus 4: breaker CLOSE (line 10) | I_line=0.4883 kA, I_close=1.4308 kA
Bus 5: breaker CLOSE (line 9) | I_line=0.3651 kA, I_close=1.4308 kA
numba cannot be imported and numba functions are disabled.
Probably the execution is slow.
Please install numba to gain a massive speedup.
(or if you prefer slow execution, set the flag numba=False to avoid this warning!)

 2026-05-08 00:09:56
Load flow sukses. Voltage snapshot (pu): [1.03754433 1.05137478 1.03895869 1.03452987 1.0346729 ]
Bus 1: breaker CLOSE (line 0) | I_line=0.3874 kA, I_close=0.9539 kA
Bus 2: breaker CLOSE (line 2) | I_line=0.4338 kA, I_close=0.7949 kA
Bus 3: breaker CLOSE (line 4) | I_line=0.0849 kA, I_close=0.7949 kA
Bus 4: breaker CLOSE (line 10) | I_line=0.4227 kA, I_close=1.4308 kA
Bus 5: breaker CLOSE (line 9) | I_line=0.3314 kA, I_close=1.4308 kA
numba cannot be imported and numba functions are disabled.
Probably the execution is slow.
Please install numba to gain a massive speedup.
(or if you prefer slow execution, set the flag numba=False to avoid this warning!)

 2026-05-08 00:10:00
Load flow sukses. Voltage snapshot (pu): [1.03708479 1.05065634 1.03727637 1.0337933  1.03522183]
Bus 1: breaker CLOSE (line 0) | I_line=0.3798 kA, I_close=0.9539 kA
Bus 2: breaker CLOSE (line 2) | I_line=0.4468 kA, I_close=0.7949 kA
Bus 3: breaker CLOSE (line 4) | I_line=0.0549 kA, I_close=0.7949 kA
Bus 4: breaker CLOSE (line 10) | I_line=0.4022 kA, I_close=1.4308 kA
Bus 5: breaker CLOSE (line 9) | I_line=0.3039 kA, I_close=1.4308 kA
numba cannot be imported and numba functions are disabled.
Probably the execution is slow.
Please install numba to gain a massive speedup.
(or if you prefer slow execution, set the flag numba=False to avoid this warning!)

 2026-05-08 00:10:04
Load flow sukses. Voltage snapshot (pu): [1.0358284  1.05050645 1.03748945 1.03257629 1.03443852]
Bus 1: breaker CLOSE (line 0) | I_line=0.3998 kA, I_close=0.9539 kA
Bus 2: breaker CLOSE (line 2) | I_line=0.4294 kA, I_close=0.7949 kA
Bus 3: breaker CLOSE (line 4) | I_line=0.0746 kA, I_close=0.7949 kA
Bus 4: breaker CLOSE (line 10) | I_line=0.4143 kA, I_close=1.4308 kA
Bus 5: breaker CLOSE (line 9) | I_line=0.3230 kA, I_close=1.4308 kA
numba cannot be imported and numba functions are disabled.
Probably the execution is slow.
Please install numba to gain a massive speedup.
(or if you prefer slow execution, set the flag numba=False to avoid this warning!)

 2026-05-08 00:10:08
Load flow sukses. Voltage snapshot (pu): [1.03499906 1.05039523 1.03760295 1.03174188 1.03387677]
Bus 1: breaker CLOSE (line 0) | I_line=0.4128 kA, I_close=0.9539 kA
Bus 2: breaker CLOSE (line 2) | I_line=0.4181 kA, I_close=0.7949 kA
Bus 3: breaker CLOSE (line 4) | I_line=0.0880 kA, I_close=0.7949 kA
Bus 4: breaker CLOSE (line 10) | I_line=0.4222 kA, I_close=1.4308 kA
Bus 5: breaker CLOSE (line 9) | I_line=0.3355 kA, I_close=1.4308 kA
numba cannot be imported and numba functions are disabled.
Probably the execution is slow.
Please install numba to gain a massive speedup.
(or if you prefer slow execution, set the flag numba=False to avoid this warning!)

 2026-05-08 00:10:13
Load flow sukses. Voltage snapshot (pu): [1.03383464 1.05082778 1.03930281 1.03249072 1.03398676]
Bus 1: breaker CLOSE (line 0) | I_line=0.4389 kA, I_close=0.9539 kA
Bus 2: breaker CLOSE (line 2) | I_line=0.3905 kA, I_close=0.7949 kA
Bus 3: breaker CLOSE (line 4) | I_line=0.1151 kA, I_close=0.7949 kA
Bus 4: breaker CLOSE (line 10) | I_line=0.4407 kA, I_close=1.4308 kA
Bus 5: breaker CLOSE (line 9) | I_line=0.3240 kA, I_close=1.4308 kA
numba cannot be imported and numba functions are disabled.
Probably the execution is slow.
Please install numba to gain a massive speedup.
(or if you prefer slow execution, set the flag numba=False to avoid this warning!)

 2026-05-08 00:10:17
Load flow sukses. Voltage snapshot (pu): [1.03634705 1.05081229 1.03805156 1.03338362 1.03426428]
Bus 1: breaker CLOSE (line 0) | I_line=0.3974 kA, I_close=0.9539 kA
Bus 2: breaker CLOSE (line 2) | I_line=0.4291 kA, I_close=0.7949 kA
Bus 3: breaker CLOSE (line 4) | I_line=0.0759 kA, I_close=0.7949 kA
Bus 4: breaker CLOSE (line 10) | I_line=0.4346 kA, I_close=1.4308 kA
Bus 5: breaker CLOSE (line 9) | I_line=0.3244 kA, I_close=1.4308 kA
numba cannot be imported and numba functions are disabled.
Probably the execution is slow.
Please install numba to gain a massive speedup.
(or if you prefer slow execution, set the flag numba=False to avoid this warning!)

 2026-05-08 00:10:21
Load flow sukses. Voltage snapshot (pu): [1.0388506  1.05201131 1.0399418  1.03444353 1.03617839]
Bus 1: breaker CLOSE (line 0) | I_line=0.3694 kA, I_close=0.9539 kA
Bus 2: breaker CLOSE (line 2) | I_line=0.4444 kA, I_close=0.7949 kA
Bus 3: breaker CLOSE (line 4) | I_line=0.1291 kA, I_close=0.7949 kA
Bus 4: breaker CLOSE (line 10) | I_line=0.3492 kA, I_close=1.4308 kA
Bus 5: breaker CLOSE (line 9) | I_line=0.2681 kA, I_close=1.4308 kA
numba cannot be imported and numba functions are disabled.
Probably the execution is slow.
Please install numba to gain a massive speedup.
(or if you prefer slow execution, set the flag numba=False to avoid this warning!)

 2026-05-08 00:10:25
Load flow sukses. Voltage snapshot (pu): [1.03705781 1.05208939 1.04100857 1.03530699 1.03674379]
Bus 1: breaker CLOSE (line 0) | I_line=0.4014 kA, I_close=0.9539 kA
Bus 2: breaker CLOSE (line 2) | I_line=0.4153 kA, I_close=0.7949 kA
Bus 3: breaker CLOSE (line 4) | I_line=0.1338 kA, I_close=0.7949 kA
Bus 4: breaker CLOSE (line 10) | I_line=0.3446 kA, I_close=1.4308 kA
Bus 5: breaker CLOSE (line 9) | I_line=0.2873 kA, I_close=1.4308 kA
numba cannot be imported and numba functions are disabled.
Probably the execution is slow.
Please install numba to gain a massive speedup.
(or if you prefer slow execution, set the flag numba=False to avoid this warning!)

 2026-05-08 00:10:29
Load flow sukses. Voltage snapshot (pu): [1.03692774 1.0516489  1.0399773  1.03447574 1.03439784]
Bus 1: breaker CLOSE (line 0) | I_line=0.4034 kA, I_close=0.9539 kA
Bus 2: breaker CLOSE (line 2) | I_line=0.4167 kA, I_close=0.7949 kA
Bus 3: breaker CLOSE (line 4) | I_line=0.1111 kA, I_close=0.7949 kA
Bus 4: breaker CLOSE (line 10) | I_line=0.4303 kA, I_close=1.4308 kA
Bus 5: breaker CLOSE (line 9) | I_line=0.3432 kA, I_close=1.4308 kA
numba cannot be imported and numba functions are disabled.
Probably the execution is slow.
Please install numba to gain a massive speedup.
(or if you prefer slow execution, set the flag numba=False to avoid this warning!)

 2026-05-08 00:10:33
Load flow sukses. Voltage snapshot (pu): [1.03895129 1.05229729 1.04071123 1.03298683 1.03277607]
Bus 1: breaker CLOSE (line 0) | I_line=0.3831 kA, I_close=0.9539 kA
Bus 2: breaker CLOSE (line 2) | I_line=0.4283 kA, I_close=0.7949 kA
Bus 3: breaker CLOSE (line 4) | I_line=0.1713 kA, I_close=0.7949 kA
Bus 4: breaker CLOSE (line 10) | I_line=0.4483 kA, I_close=1.4308 kA
Bus 5: breaker CLOSE (line 9) | I_line=0.3548 kA, I_close=1.4308 kA
numba cannot be imported and numba functions are disabled.
Probably the execution is slow.
Please install numba to gain a massive speedup.
(or if you prefer slow execution, set the flag numba=False to avoid this warning!)

 2026-05-08 00:10:37
Load flow sukses. Voltage snapshot (pu): [1.03540465 1.0503038  1.03724005 1.03023783 1.03027493]
Bus 1: breaker CLOSE (line 0) | I_line=0.4142 kA, I_close=0.9539 kA
Bus 2: breaker CLOSE (line 2) | I_line=0.4165 kA, I_close=0.7949 kA
Bus 3: breaker CLOSE (line 4) | I_line=0.0993 kA, I_close=0.7949 kA
Bus 4: breaker CLOSE (line 10) | I_line=0.5331 kA, I_close=1.4308 kA
Bus 5: breaker CLOSE (line 9) | I_line=0.3997 kA, I_close=1.4308 kA
numba cannot be imported and numba functions are disabled.
Probably the execution is slow.
Please install numba to gain a massive speedup.
(or if you prefer slow execution, set the flag numba=False to avoid this warning!)

 2026-05-08 00:10:42
Load flow sukses. Voltage snapshot (pu): [1.03758976 1.05130323 1.03880971 1.03004077 1.02937985]
Bus 1: breaker CLOSE (line 0) | I_line=0.3965 kA, I_close=0.9539 kA
Bus 2: breaker CLOSE (line 2) | I_line=0.4231 kA, I_close=0.7949 kA
Bus 3: breaker CLOSE (line 4) | I_line=0.1563 kA, I_close=0.7949 kA
Bus 4: breaker CLOSE (line 10) | I_line=0.5456 kA, I_close=1.4308 kA
Bus 5: breaker CLOSE (line 9) | I_line=0.4064 kA, I_close=1.4308 kA
numba cannot be imported and numba functions are disabled.
Probably the execution is slow.
Please install numba to gain a massive speedup.
(or if you prefer slow execution, set the flag numba=False to avoid this warning!)

 2026-05-08 00:10:46
Load flow sukses. Voltage snapshot (pu): [1.03913975 1.05216    1.04027235 1.03088332 1.03061965]
Bus 1: breaker CLOSE (line 0) | I_line=0.3808 kA, I_close=0.9539 kA
Bus 2: breaker CLOSE (line 2) | I_line=0.4301 kA, I_close=0.7949 kA
Bus 3: breaker CLOSE (line 4) | I_line=0.1969 kA, I_close=0.7949 kA
Bus 4: breaker CLOSE (line 10) | I_line=0.5019 kA, I_close=1.4308 kA
Bus 5: breaker CLOSE (line 9) | I_line=0.3635 kA, I_close=1.4308 kA
numba cannot be imported and numba functions are disabled.
Probably the execution is slow.
Please install numba to gain a massive speedup.
(or if you prefer slow execution, set the flag numba=False to avoid this warning!)

 2026-05-08 00:10:50
Load flow sukses. Voltage snapshot (pu): [1.04044913 1.05283553 1.0413725  1.03236232 1.0329523 ]
Bus 1: breaker CLOSE (line 0) | I_line=0.3638 kA, I_close=0.9539 kA
Bus 2: breaker CLOSE (line 2) | I_line=0.4405 kA, I_close=0.7949 kA
Bus 3: breaker CLOSE (line 4) | I_line=0.2166 kA, I_close=0.7949 kA
Bus 4: breaker CLOSE (line 10) | I_line=0.4207 kA, I_close=1.4308 kA
Bus 5: breaker CLOSE (line 9) | I_line=0.3123 kA, I_close=1.4308 kA
numba cannot be imported and numba functions are disabled.
Probably the execution is slow.
Please install numba to gain a massive speedup.
(or if you prefer slow execution, set the flag numba=False to avoid this warning!)

 2026-05-08 00:10:54
Load flow sukses. Voltage snapshot (pu): [1.04128402 1.05324896 1.04203285 1.03321841 1.03432187]
Bus 1: breaker CLOSE (line 0) | I_line=0.3529 kA, I_close=0.9539 kA
Bus 2: breaker CLOSE (line 2) | I_line=0.4474 kA, I_close=0.7949 kA
Bus 3: breaker CLOSE (line 4) | I_line=0.2299 kA, I_close=0.7949 kA
Bus 4: breaker CLOSE (line 10) | I_line=0.3684 kA, I_close=1.4308 kA
Bus 5: breaker CLOSE (line 9) | I_line=0.2793 kA, I_close=1.4308 kA
