Starting Modbus TCP server on 0.0.0.0:5020
Field random seed: 42

 2026-05-12 23:05:57
Bus 1 | V=1.014 pu (1013 reg @x1000) | I=97.730 A (2834 reg @x29) | Breaker=CLOSE
Bus 2 | V=0.978 pu (977 reg @x1000) | I=190.667 A (5529 reg @x29) | Breaker=CLOSE
Bus 3 | V=1.024 pu (1023 reg @x1000) | I=377.170 A (10937 reg @x29) | Breaker=CLOSE
Bus 4 | V=1.039 pu (1039 reg @x1000) | I=121.596 A (3526 reg @x29) | Breaker=CLOSE
Bus 5 | V=0.992 pu (992 reg @x1000) | I=101.997 A (2957 reg @x29) | Breaker=CLOSE

 2026-05-12 23:06:02
Bus 1 | V=0.972 pu (971 reg @x1000) | I=319.624 A (9269 reg @x29) | Breaker=CLOSE
Bus 2 | V=0.953 pu (952 reg @x1000) | I=184.373 A (5346 reg @x29) | Breaker=CLOSE
Bus 3 | V=1.015 pu (1014 reg @x1000) | I=323.220 A (9373 reg @x29) | Breaker=CLOSE
Bus 4 | V=0.972 pu (972 reg @x1000) | I=357.581 A (10369 reg @x29) | Breaker=CLOSE
Bus 5 | V=1.031 pu (1030 reg @x1000) | I=88.210 A (2558 reg @x29) | Breaker=CLOSE

 2026-05-12 23:06:07
Bus 1 | V=1.031 pu (1030 reg @x1000) | I=383.794 A (11130 reg @x29) | Breaker=CLOSE
Bus 2 | V=0.984 pu (984 reg @x1000) | I=159.091 A (4613 reg @x29) | Breaker=CLOSE
Bus 3 | V=1.046 pu (1045 reg @x1000) | I=225.978 A (6553 reg @x29) | Breaker=CLOSE
Bus 4 | V=0.959 pu (959 reg @x1000) | I=136.218 A (3950 reg @x29) | Breaker=CLOSE
Bus 5 | V=1.035 pu (1034 reg @x1000) | I=342.066 A (9919 reg @x29) | Breaker=CLOSE

 2026-05-12 23:06:12
Bus 1 | V=1.031 pu (1030 reg @x1000) | I=397.243 A (11520 reg @x29) | Breaker=CLOSE
Bus 2 | V=1.004 pu (1003 reg @x1000) | I=514.763 A (14928 reg @x29) | Breaker=CLOSE
Bus 3 | V=0.988 pu (987 reg @x1000) | I=335.263 A (9722 reg @x29) | Breaker=CLOSE
Bus 4 | V=1.033 pu (1032 reg @x1000) | I=348.972 A (10120 reg @x29) | Breaker=CLOSE
Bus 5 | V=1.036 pu (1036 reg @x1000) | I=330.387 A (9581 reg @x29) | Breaker=CLOSE

 2026-05-12 23:06:17
Bus 1 | V=1.020 pu (1020 reg @x1000) | I=106.088 A (3076 reg @x29) | Breaker=CLOSE
Bus 2 | V=0.973 pu (972 reg @x1000) | I=221.550 A (6424 reg @x29) | Breaker=CLOSE
Bus 3 | V=0.958 pu (957 reg @x1000) | I=198.957 A (5769 reg @x29) | Breaker=CLOSE
Bus 4 | V=0.960 pu (960 reg @x1000) | I=219.242 A (6358 reg @x29) | Breaker=CLOSE
Bus 5 | V=1.014 pu (1013 reg @x1000) | I=245.416 A (7117 reg @x29) | Breaker=CLOSE

 2026-05-12 23:06:22
Bus 1 | V=0.987 pu (987 reg @x1000) | I=182.714 A (5298 reg @x29) | Breaker=CLOSE
Bus 2 | V=0.977 pu (976 reg @x1000) | I=512.513 A (14862 reg @x29) | Breaker=CLOSE
Bus 3 | V=1.015 pu (1014 reg @x1000) | I=351.135 A (10182 reg @x29) | Breaker=CLOSE
Bus 4 | V=0.967 pu (967 reg @x1000) | I=423.091 A (12269 reg @x29) | Breaker=CLOSE
Bus 5 | V=0.966 pu (966 reg @x1000) | I=264.075 A (7658 reg @x29) | Breaker=CLOSE

 2026-05-12 23:06:27
Bus 1 | V=1.049 pu (1048 reg @x1000) | I=352.663 A (10227 reg @x29) | Breaker=CLOSE
Bus 2 | V=1.006 pu (1005 reg @x1000) | I=387.369 A (11233 reg @x29) | Breaker=CLOSE
Bus 3 | V=1.034 pu (1034 reg @x1000) | I=415.572 A (12051 reg @x29) | Breaker=CLOSE
Bus 4 | V=0.973 pu (972 reg @x1000) | I=105.061 A (3046 reg @x29) | Breaker=CLOSE
Bus 5 | V=0.982 pu (981 reg @x1000) | I=209.861 A (6085 reg @x29) | Breaker=CLOSE

 2026-05-12 23:06:32
Bus 1 | V=0.971 pu (971 reg @x1000) | I=518.305 A (15030 reg @x29) | Breaker=CLOSE
Bus 2 | V=1.038 pu (1037 reg @x1000) | I=218.437 A (6334 reg @x29) | Breaker=CLOSE
Bus 3 | V=1.016 pu (1015 reg @x1000) | I=258.295 A (7490 reg @x29) | Breaker=CLOSE
Bus 4 | V=1.041 pu (1041 reg @x1000) | I=278.602 A (8079 reg @x29) | Breaker=CLOSE
Bus 5 | V=0.976 pu (976 reg @x1000) | I=201.426 A (5841 reg @x29) | Breaker=CLOSE

 2026-05-12 23:06:37
Bus 1 | V=1.006 pu (1006 reg @x1000) | I=202.543 A (5873 reg @x29) | Breaker=CLOSE
Bus 2 | V=1.008 pu (1008 reg @x1000) | I=479.414 A (13903 reg @x29) | Breaker=CLOSE
Bus 3 | V=0.990 pu (989 reg @x1000) | I=186.541 A (5409 reg @x29) | Breaker=CLOSE
Bus 4 | V=1.050 pu (1049 reg @x1000) | I=297.658 A (8632 reg @x29) | Breaker=CLOSE
Bus 5 | V=0.959 pu (959 reg @x1000) | I=113.469 A (3290 reg @x29) | Breaker=CLOSE

 2026-05-12 23:06:42
Bus 1 | V=0.961 pu (960 reg @x1000) | I=379.200 A (10996 reg @x29) | Breaker=CLOSE
Bus 2 | V=1.029 pu (1029 reg @x1000) | I=266.217 A (7720 reg @x29) | Breaker=CLOSE
Bus 3 | V=0.956 pu (956 reg @x1000) | I=267.829 A (7767 reg @x29) | Breaker=CLOSE
Bus 4 | V=1.050 pu (1049 reg @x1000) | I=305.917 A (8871 reg @x29) | Breaker=CLOSE
Bus 5 | V=1.047 pu (1047 reg @x1000) | I=446.139 A (12938 reg @x29) | Breaker=CLOSE

 2026-05-12 23:06:47
Bus 1 | V=0.951 pu (951 reg @x1000) | I=426.302 A (12362 reg @x29) | Breaker=CLOSE
Bus 2 | V=1.018 pu (1018 reg @x1000) | I=318.762 A (9244 reg @x29) | Breaker=CLOSE
Bus 3 | V=0.977 pu (976 reg @x1000) | I=379.192 A (10996 reg @x29) | Breaker=CLOSE
Bus 4 | V=0.961 pu (961 reg @x1000) | I=290.841 A (8434 reg @x29) | Breaker=CLOSE
Bus 5 | V=0.995 pu (995 reg @x1000) | I=510.490 A (14804 reg @x29) | Breaker=CLOSE

 2026-05-12 23:06:52
Bus 1 | V=1.038 pu (1037 reg @x1000) | I=196.679 A (5703 reg @x29) | Breaker=CLOSE
Bus 2 | V=1.000 pu (1000 reg @x1000) | I=166.744 A (4835 reg @x29) | Breaker=CLOSE
Bus 3 | V=1.041 pu (1041 reg @x1000) | I=452.763 A (13130 reg @x29) | Breaker=CLOSE
Bus 4 | V=0.980 pu (979 reg @x1000) | I=377.064 A (10934 reg @x29) | Breaker=CLOSE
Bus 5 | V=1.011 pu (1010 reg @x1000) | I=153.712 A (4457 reg @x29) | Breaker=CLOSE

 2026-05-12 23:06:57
Bus 1 | V=1.026 pu (1026 reg @x1000) | I=317.285 A (9201 reg @x29) | Breaker=CLOSE
Bus 2 | V=1.028 pu (1027 reg @x1000) | I=312.921 A (9074 reg @x29) | Breaker=CLOSE
Bus 3 | V=0.950 pu (950 reg @x1000) | I=242.967 A (7046 reg @x29) | Breaker=CLOSE
Bus 4 | V=0.952 pu (951 reg @x1000) | I=522.343 A (15147 reg @x29) | Breaker=CLOSE
Bus 5 | V=1.038 pu (1037 reg @x1000) | I=437.756 A (12694 reg @x29) | Breaker=CLOSE

 2026-05-12 23:07:02
Bus 1 | V=0.981 pu (980 reg @x1000) | I=115.817 A (3358 reg @x29) | Breaker=CLOSE
Bus 2 | V=1.038 pu (1037 reg @x1000) | I=486.706 A (14114 reg @x29) | Breaker=CLOSE
Bus 3 | V=0.959 pu (958 reg @x1000) | I=315.161 A (9139 reg @x29) | Breaker=CLOSE
Bus 4 | V=0.957 pu (956 reg @x1000) | I=442.083 A (12820 reg @x29) | Breaker=CLOSE
Bus 5 | V=1.027 pu (1026 reg @x1000) | I=140.875 A (4085 reg @x29) | Breaker=CLOSE

 2026-05-12 23:07:07
Bus 1 | V=0.998 pu (997 reg @x1000) | I=331.024 A (9599 reg @x29) | Breaker=CLOSE
Bus 2 | V=0.977 pu (976 reg @x1000) | I=483.651 A (14025 reg @x29) | Breaker=CLOSE
Bus 3 | V=0.992 pu (992 reg @x1000) | I=182.756 A (5299 reg @x29) | Breaker=CLOSE
Bus 4 | V=1.004 pu (1003 reg @x1000) | I=407.929 A (11829 reg @x29) | Breaker=CLOSE
Bus 5 | V=0.970 pu (970 reg @x1000) | I=232.296 A (6736 reg @x29) | Breaker=CLOSE

 2026-05-12 23:07:12
Bus 1 | V=1.050 pu (1049 reg @x1000) | I=356.619 A (10341 reg @x29) | Breaker=CLOSE
Bus 2 | V=0.994 pu (993 reg @x1000) | I=317.981 A (9221 reg @x29) | Breaker=CLOSE
Bus 3 | V=0.962 pu (962 reg @x1000) | I=194.400 A (5637 reg @x29) | Breaker=CLOSE
Bus 4 | V=0.984 pu (983 reg @x1000) | I=352.876 A (10233 reg @x29) | Breaker=CLOSE
Bus 5 | V=0.973 pu (973 reg @x1000) | I=190.192 A (5515 reg @x29) | Breaker=CLOSE

 2026-05-12 23:07:17
Bus 1 | V=0.957 pu (957 reg @x1000) | I=382.415 A (11090 reg @x29) | Breaker=CLOSE
Bus 2 | V=0.973 pu (972 reg @x1000) | I=500.378 A (14510 reg @x29) | Breaker=CLOSE
Bus 3 | V=1.036 pu (1035 reg @x1000) | I=115.142 A (3339 reg @x29) | Breaker=CLOSE
Bus 4 | V=0.974 pu (973 reg @x1000) | I=392.984 A (11396 reg @x29) | Breaker=CLOSE
Bus 5 | V=0.971 pu (971 reg @x1000) | I=150.652 A (4368 reg @x29) | Breaker=CLOSE

 2026-05-12 23:07:22
Bus 1 | V=1.044 pu (1043 reg @x1000) | I=325.388 A (9436 reg @x29) | Breaker=CLOSE
Bus 2 | V=0.997 pu (997 reg @x1000) | I=434.804 A (12609 reg @x29) | Breaker=CLOSE
Bus 3 | V=1.031 pu (1030 reg @x1000) | I=166.803 A (4837 reg @x29) | Breaker=CLOSE
Bus 4 | V=0.960 pu (959 reg @x1000) | I=289.580 A (8397 reg @x29) | Breaker=CLOSE
Bus 5 | V=0.992 pu (992 reg @x1000) | I=296.013 A (8584 reg @x29) | Breaker=CLOSE

 2026-05-12 23:07:27
Bus 1 | V=1.023 pu (1022 reg @x1000) | I=376.007 A (10904 reg @x29) | Breaker=CLOSE
Bus 2 | V=1.048 pu (1048 reg @x1000) | I=125.351 A (3635 reg @x29) | Breaker=CLOSE
Bus 3 | V=0.990 pu (990 reg @x1000) | I=239.839 A (6955 reg @x29) | Breaker=CLOSE
Bus 4 | V=1.036 pu (1036 reg @x1000) | I=190.687 A (5529 reg @x29) | Breaker=CLOSE
Bus 5 | V=0.969 pu (969 reg @x1000) | I=294.774 A (8548 reg @x29) | Breaker=CLOSE

 2026-05-12 23:07:32
Bus 1 | V=0.992 pu (992 reg @x1000) | I=212.405 A (6159 reg @x29) | Breaker=CLOSE
Bus 2 | V=0.975 pu (974 reg @x1000) | I=507.368 A (14713 reg @x29) | Breaker=CLOSE
Bus 3 | V=0.994 pu (994 reg @x1000) | I=470.080 A (13632 reg @x29) | Breaker=CLOSE
Bus 4 | V=1.005 pu (1005 reg @x1000) | I=109.804 A (3184 reg @x29) | Breaker=CLOSE
Bus 5 | V=1.050 pu (1049 reg @x1000) | I=434.559 A (12602 reg @x29) | Breaker=CLOSE

 2026-05-12 23:07:37
Bus 1 | V=1.047 pu (1046 reg @x1000) | I=473.818 A (13740 reg @x29) | Breaker=CLOSE
Bus 2 | V=1.035 pu (1034 reg @x1000) | I=155.884 A (4520 reg @x29) | Breaker=CLOSE
Bus 3 | V=0.999 pu (998 reg @x1000) | I=182.472 A (5291 reg @x29) | Breaker=CLOSE
Bus 4 | V=0.990 pu (990 reg @x1000) | I=115.039 A (3336 reg @x29) | Breaker=CLOSE
Bus 5 | V=0.988 pu (987 reg @x1000) | I=528.392 A (15323 reg @x29) | Breaker=CLOSE

 2026-05-12 23:07:42
Bus 1 | V=0.977 pu (976 reg @x1000) | I=443.794 A (12870 reg @x29) | Breaker=CLOSE
Bus 2 | V=0.996 pu (995 reg @x1000) | I=275.606 A (7992 reg @x29) | Breaker=CLOSE
Bus 3 | V=1.046 pu (1045 reg @x1000) | I=503.429 A (14599 reg @x29) | Breaker=CLOSE
Bus 4 | V=1.006 pu (1005 reg @x1000) | I=402.214 A (11664 reg @x29) | Breaker=CLOSE
Bus 5 | V=0.965 pu (965 reg @x1000) | I=226.566 A (6570 reg @x29) | Breaker=CLOSE

 2026-05-12 23:07:47
Bus 1 | V=1.047 pu (1046 reg @x1000) | I=327.779 A (9505 reg @x29) | Breaker=CLOSE
Bus 2 | V=1.004 pu (1004 reg @x1000) | I=415.724 A (12055 reg @x29) | Breaker=CLOSE
Bus 3 | V=0.956 pu (955 reg @x1000) | I=361.345 A (10479 reg @x29) | Breaker=CLOSE
Bus 4 | V=1.000 pu (1000 reg @x1000) | I=463.474 A (13440 reg @x29) | Breaker=CLOSE
Bus 5 | V=0.966 pu (965 reg @x1000) | I=529.328 A (15350 reg @x29) | Breaker=CLOSE

 2026-05-12 23:07:52
Bus 1 | V=0.958 pu (958 reg @x1000) | I=177.360 A (5143 reg @x29) | Breaker=CLOSE
Bus 2 | V=1.010 pu (1009 reg @x1000) | I=381.806 A (11072 reg @x29) | Breaker=CLOSE
Bus 3 | V=0.974 pu (973 reg @x1000) | I=144.706 A (4196 reg @x29) | Breaker=CLOSE
Bus 4 | V=1.039 pu (1039 reg @x1000) | I=189.127 A (5484 reg @x29) | Breaker=CLOSE
Bus 5 | V=1.009 pu (1009 reg @x1000) | I=357.468 A (10366 reg @x29) | Breaker=CLOSE

 2026-05-12 23:07:57
Bus 1 | V=0.992 pu (991 reg @x1000) | I=347.931 A (10090 reg @x29) | Breaker=CLOSE
Bus 2 | V=1.002 pu (1002 reg @x1000) | I=498.577 A (14458 reg @x29) | Breaker=CLOSE
Bus 3 | V=0.970 pu (970 reg @x1000) | I=415.777 A (12057 reg @x29) | Breaker=CLOSE
Bus 4 | V=0.974 pu (973 reg @x1000) | I=269.418 A (7813 reg @x29) | Breaker=CLOSE
Bus 5 | V=1.017 pu (1017 reg @x1000) | I=216.477 A (6277 reg @x29) | Breaker=CLOSE

 2026-05-12 23:08:02
Bus 1 | V=0.982 pu (981 reg @x1000) | I=427.041 A (12384 reg @x29) | Breaker=CLOSE
Bus 2 | V=0.957 pu (957 reg @x1000) | I=302.847 A (8782 reg @x29) | Breaker=CLOSE
Bus 3 | V=1.050 pu (1049 reg @x1000) | I=501.739 A (14550 reg @x29) | Breaker=CLOSE
Bus 4 | V=0.957 pu (957 reg @x1000) | I=190.059 A (5511 reg @x29) | Breaker=CLOSE
Bus 5 | V=0.977 pu (976 reg @x1000) | I=511.075 A (14821 reg @x29) | Breaker=CLOSE

 2026-05-12 23:08:07
Bus 1 | V=1.038 pu (1038 reg @x1000) | I=457.861 A (13277 reg @x29) | Breaker=CLOSE
Bus 2 | V=0.987 pu (986 reg @x1000) | I=159.631 A (4629 reg @x29) | Breaker=CLOSE
Bus 3 | V=1.033 pu (1033 reg @x1000) | I=385.058 A (11166 reg @x29) | Breaker=CLOSE
Bus 4 | V=1.011 pu (1011 reg @x1000) | I=517.070 A (14995 reg @x29) | Breaker=CLOSE
Bus 5 | V=1.015 pu (1015 reg @x1000) | I=90.135 A (2613 reg @x29) | Breaker=CLOSE

 2026-05-12 23:08:12
Bus 1 | V=1.032 pu (1031 reg @x1000) | I=213.162 A (6181 reg @x29) | Breaker=CLOSE
Bus 2 | V=1.016 pu (1016 reg @x1000) | I=493.509 A (14311 reg @x29) | Breaker=CLOSE
Bus 3 | V=0.963 pu (963 reg @x1000) | I=144.184 A (4181 reg @x29) | Breaker=CLOSE
Bus 4 | V=0.961 pu (960 reg @x1000) | I=345.280 A (10013 reg @x29) | Breaker=CLOSE
Bus 5 | V=0.977 pu (977 reg @x1000) | I=362.695 A (10518 reg @x29) | Breaker=CLOSE

 2026-05-12 23:08:17
Bus 1 | V=1.022 pu (1021 reg @x1000) | I=173.954 A (5044 reg @x29) | Breaker=CLOSE
Bus 2 | V=1.013 pu (1013 reg @x1000) | I=201.627 A (5847 reg @x29) | Breaker=CLOSE
Bus 3 | V=0.999 pu (998 reg @x1000) | I=487.337 A (14132 reg @x29) | Breaker=CLOSE
Bus 4 | V=1.035 pu (1034 reg @x1000) | I=124.419 A (3608 reg @x29) | Breaker=CLOSE
Bus 5 | V=0.992 pu (992 reg @x1000) | I=211.542 A (6134 reg @x29) | Breaker=CLOSE

 2026-05-12 23:08:22
Bus 1 | V=0.950 pu (950 reg @x1000) | I=450.011 A (13050 reg @x29) | Breaker=CLOSE
Bus 2 | V=1.014 pu (1013 reg @x1000) | I=200.688 A (5819 reg @x29) | Breaker=CLOSE
Bus 3 | V=1.024 pu (1024 reg @x1000) | I=323.235 A (9373 reg @x29) | Breaker=CLOSE
Bus 4 | V=0.993 pu (992 reg @x1000) | I=93.009 A (2697 reg @x29) | Breaker=CLOSE
Bus 5 | V=0.958 pu (957 reg @x1000) | I=498.148 A (14446 reg @x29) | Breaker=CLOSE

 2026-05-12 23:08:27
Bus 1 | V=1.040 pu (1040 reg @x1000) | I=315.602 A (9152 reg @x29) | Breaker=CLOSE
Bus 2 | V=1.033 pu (1033 reg @x1000) | I=333.452 A (9670 reg @x29) | Breaker=CLOSE
Bus 3 | V=0.965 pu (964 reg @x1000) | I=149.463 A (4334 reg @x29) | Breaker=CLOSE
Bus 4 | V=0.981 pu (980 reg @x1000) | I=493.441 A (14309 reg @x29) | Breaker=CLOSE
Bus 5 | V=1.030 pu (1029 reg @x1000) | I=453.687 A (13156 reg @x29) | Breaker=CLOSE

 2026-05-12 23:08:32
Bus 1 | V=1.040 pu (1039 reg @x1000) | I=173.665 A (5036 reg @x29) | Breaker=CLOSE
Bus 2 | V=0.975 pu (974 reg @x1000) | I=136.773 A (3966 reg @x29) | Breaker=CLOSE
Bus 3 | V=1.028 pu (1028 reg @x1000) | I=464.432 A (13468 reg @x29) | Breaker=CLOSE
Bus 4 | V=0.991 pu (990 reg @x1000) | I=364.826 A (10579 reg @x29) | Breaker=CLOSE
Bus 5 | V=0.965 pu (965 reg @x1000) | I=515.391 A (14946 reg @x29) | Breaker=CLOSE

 2026-05-12 23:08:37
Bus 1 | V=1.036 pu (1036 reg @x1000) | I=499.767 A (14493 reg @x29) | Breaker=CLOSE
Bus 2 | V=1.031 pu (1031 reg @x1000) | I=461.890 A (13394 reg @x29) | Breaker=CLOSE
Bus 3 | V=0.952 pu (952 reg @x1000) | I=433.031 A (12557 reg @x29) | Breaker=CLOSE
Bus 4 | V=0.983 pu (983 reg @x1000) | I=506.499 A (14688 reg @x29) | Breaker=CLOSE
Bus 5 | V=1.030 pu (1030 reg @x1000) | I=454.855 A (13190 reg @x29) | Breaker=CLOSE

 2026-05-12 23:08:43
Bus 1 | V=1.031 pu (1031 reg @x1000) | I=199.380 A (5782 reg @x29) | Breaker=CLOSE
Bus 2 | V=1.029 pu (1028 reg @x1000) | I=131.892 A (3824 reg @x29) | Breaker=CLOSE
Bus 3 | V=1.037 pu (1037 reg @x1000) | I=449.465 A (13034 reg @x29) | Breaker=CLOSE
Bus 4 | V=0.972 pu (972 reg @x1000) | I=460.475 A (13353 reg @x29) | Breaker=CLOSE
Bus 5 | V=0.996 pu (996 reg @x1000) | I=223.367 A (6477 reg @x29) | Breaker=CLOSE

 2026-05-12 23:08:48
Bus 1 | V=1.030 pu (1029 reg @x1000) | I=182.906 A (5304 reg @x29) | Breaker=CLOSE
Bus 2 | V=0.952 pu (952 reg @x1000) | I=181.789 A (5271 reg @x29) | Breaker=CLOSE
Bus 3 | V=0.983 pu (982 reg @x1000) | I=476.920 A (13830 reg @x29) | Breaker=CLOSE
Bus 4 | V=1.047 pu (1046 reg @x1000) | I=201.589 A (5846 reg @x29) | Breaker=CLOSE
Bus 5 | V=1.014 pu (1014 reg @x1000) | I=260.408 A (7551 reg @x29) | Breaker=CLOSE

 2026-05-12 23:08:53
Bus 1 | V=1.048 pu (1048 reg @x1000) | I=309.338 A (8970 reg @x29) | Breaker=CLOSE
Bus 2 | V=1.044 pu (1043 reg @x1000) | I=133.030 A (3857 reg @x29) | Breaker=CLOSE
Bus 3 | V=1.047 pu (1047 reg @x1000) | I=159.227 A (4617 reg @x29) | Breaker=CLOSE
Bus 4 | V=1.046 pu (1046 reg @x1000) | I=195.924 A (5681 reg @x29) | Breaker=CLOSE
Bus 5 | V=0.961 pu (960 reg @x1000) | I=290.844 A (8434 reg @x29) | Breaker=CLOSE

 2026-05-12 23:08:58
Bus 1 | V=1.023 pu (1022 reg @x1000) | I=221.163 A (6413 reg @x29) | Breaker=CLOSE
Bus 2 | V=1.011 pu (1010 reg @x1000) | I=310.010 A (8990 reg @x29) | Breaker=CLOSE
Bus 3 | V=0.989 pu (988 reg @x1000) | I=345.973 A (10033 reg @x29) | Breaker=CLOSE
Bus 4 | V=0.975 pu (975 reg @x1000) | I=410.283 A (11898 reg @x29) | Breaker=CLOSE
Bus 5 | V=0.950 pu (950 reg @x1000) | I=521.687 A (15128 reg @x29) | Breaker=CLOSE

 2026-05-12 23:09:03
Bus 1 | V=1.004 pu (1003 reg @x1000) | I=403.356 A (11697 reg @x29) | Breaker=CLOSE
Bus 2 | V=1.024 pu (1024 reg @x1000) | I=374.358 A (10856 reg @x29) | Breaker=CLOSE
Bus 3 | V=0.986 pu (986 reg @x1000) | I=120.530 A (3495 reg @x29) | Breaker=CLOSE
Bus 4 | V=1.016 pu (1016 reg @x1000) | I=229.721 A (6661 reg @x29) | Breaker=CLOSE
Bus 5 | V=0.981 pu (981 reg @x1000) | I=470.286 A (13638 reg @x29) | Breaker=CLOSE

 2026-05-12 23:09:08
Bus 1 | V=1.022 pu (1021 reg @x1000) | I=215.599 A (6252 reg @x29) | Breaker=CLOSE
Bus 2 | V=0.981 pu (980 reg @x1000) | I=273.139 A (7921 reg @x29) | Breaker=CLOSE
Bus 3 | V=0.990 pu (990 reg @x1000) | I=220.433 A (6392 reg @x29) | Breaker=CLOSE
Bus 4 | V=0.963 pu (962 reg @x1000) | I=283.816 A (8230 reg @x29) | Breaker=CLOSE
Bus 5 | V=1.044 pu (1044 reg @x1000) | I=370.065 A (10731 reg @x29) | Breaker=CLOSE

 2026-05-12 23:09:13
Bus 1 | V=1.040 pu (1040 reg @x1000) | I=345.238 A (10011 reg @x29) | Breaker=CLOSE
Bus 2 | V=0.980 pu (980 reg @x1000) | I=336.073 A (9746 reg @x29) | Breaker=CLOSE
Bus 3 | V=0.950 pu (950 reg @x1000) | I=225.708 A (6545 reg @x29) | Breaker=CLOSE
Bus 4 | V=0.993 pu (992 reg @x1000) | I=345.922 A (10031 reg @x29) | Breaker=CLOSE
Bus 5 | V=1.015 pu (1015 reg @x1000) | I=288.392 A (8363 reg @x29) | Breaker=CLOSE

 2026-05-12 23:09:18
Bus 1 | V=0.994 pu (994 reg @x1000) | I=183.250 A (5314 reg @x29) | Breaker=CLOSE
Bus 2 | V=0.997 pu (997 reg @x1000) | I=486.252 A (14101 reg @x29) | Breaker=CLOSE
Bus 3 | V=1.030 pu (1029 reg @x1000) | I=158.127 A (4585 reg @x29) | Breaker=CLOSE
Bus 4 | V=0.958 pu (958 reg @x1000) | I=328.726 A (9533 reg @x29) | Breaker=CLOSE
Bus 5 | V=1.013 pu (1013 reg @x1000) | I=232.599 A (6745 reg @x29) | Breaker=CLOSE

 2026-05-12 23:09:23
Bus 1 | V=1.032 pu (1031 reg @x1000) | I=405.945 A (11772 reg @x29) | Breaker=CLOSE
Bus 2 | V=1.017 pu (1017 reg @x1000) | I=183.831 A (5331 reg @x29) | Breaker=CLOSE
Bus 3 | V=0.970 pu (969 reg @x1000) | I=101.900 A (2955 reg @x29) | Breaker=CLOSE
Bus 4 | V=0.974 pu (974 reg @x1000) | I=305.108 A (8848 reg @x29) | Breaker=CLOSE
Bus 5 | V=1.035 pu (1034 reg @x1000) | I=116.090 A (3366 reg @x29) | Breaker=CLOSE

 2026-05-12 23:09:28
Bus 1 | V=0.991 pu (991 reg @x1000) | I=368.573 A (10688 reg @x29) | Breaker=CLOSE
Bus 2 | V=0.969 pu (969 reg @x1000) | I=407.187 A (11808 reg @x29) | Breaker=CLOSE
Bus 3 | V=0.999 pu (999 reg @x1000) | I=195.636 A (5673 reg @x29) | Breaker=CLOSE
Bus 4 | V=1.016 pu (1015 reg @x1000) | I=89.129 A (2584 reg @x29) | Breaker=CLOSE
Bus 5 | V=1.025 pu (1025 reg @x1000) | I=416.739 A (12085 reg @x29) | Breaker=CLOSE

 2026-05-12 23:09:33
Bus 1 | V=0.961 pu (960 reg @x1000) | I=286.582 A (8310 reg @x29) | Breaker=CLOSE
Bus 2 | V=0.968 pu (967 reg @x1000) | I=527.038 A (15284 reg @x29) | Breaker=CLOSE
Bus 3 | V=1.002 pu (1001 reg @x1000) | I=109.996 A (3189 reg @x29) | Breaker=CLOSE
Bus 4 | V=0.975 pu (974 reg @x1000) | I=473.553 A (13733 reg @x29) | Breaker=CLOSE
Bus 5 | V=0.996 pu (995 reg @x1000) | I=442.942 A (12845 reg @x29) | Breaker=CLOSE

 2026-05-12 23:09:38
Bus 1 | V=1.017 pu (1016 reg @x1000) | I=514.513 A (14920 reg @x29) | Breaker=CLOSE
Bus 2 | V=1.010 pu (1009 reg @x1000) | I=501.676 A (14548 reg @x29) | Breaker=CLOSE
Bus 3 | V=1.039 pu (1039 reg @x1000) | I=344.403 A (9987 reg @x29) | Breaker=CLOSE
Bus 4 | V=1.022 pu (1021 reg @x1000) | I=303.717 A (8807 reg @x29) | Breaker=CLOSE
Bus 5 | V=1.033 pu (1033 reg @x1000) | I=318.816 A (9245 reg @x29) | Breaker=CLOSE

 2026-05-12 23:09:43
Bus 1 | V=1.040 pu (1039 reg @x1000) | I=399.699 A (11591 reg @x29) | Breaker=CLOSE
Bus 2 | V=0.997 pu (997 reg @x1000) | I=202.736 A (5879 reg @x29) | Breaker=CLOSE
Bus 3 | V=0.975 pu (974 reg @x1000) | I=378.463 A (10975 reg @x29) | Breaker=CLOSE
Bus 4 | V=1.027 pu (1026 reg @x1000) | I=309.428 A (8973 reg @x29) | Breaker=CLOSE
Bus 5 | V=1.013 pu (1012 reg @x1000) | I=206.392 A (5985 reg @x29) | Breaker=CLOSE

 2026-05-12 23:09:48
Bus 1 | V=0.958 pu (957 reg @x1000) | I=223.346 A (6477 reg @x29) | Breaker=CLOSE
Bus 2 | V=0.977 pu (977 reg @x1000) | I=234.221 A (6792 reg @x29) | Breaker=CLOSE
Bus 3 | V=1.004 pu (1004 reg @x1000) | I=148.420 A (4304 reg @x29) | Breaker=CLOSE
Bus 4 | V=0.973 pu (973 reg @x1000) | I=404.558 A (11732 reg @x29) | Breaker=CLOSE
Bus 5 | V=1.021 pu (1020 reg @x1000) | I=114.010 A (3306 reg @x29) | Breaker=CLOSE

 2026-05-12 23:09:53
Bus 1 | V=0.991 pu (990 reg @x1000) | I=330.088 A (9572 reg @x29) | Breaker=CLOSE
Bus 2 | V=0.992 pu (991 reg @x1000) | I=180.687 A (5239 reg @x29) | Breaker=CLOSE
Bus 3 | V=0.992 pu (992 reg @x1000) | I=490.476 A (14223 reg @x29) | Breaker=CLOSE
Bus 4 | V=1.008 pu (1008 reg @x1000) | I=391.090 A (11341 reg @x29) | Breaker=CLOSE
Bus 5 | V=1.036 pu (1035 reg @x1000) | I=410.590 A (11907 reg @x29) | Breaker=CLOSE

 2026-05-12 23:09:58
Bus 1 | V=0.988 pu (988 reg @x1000) | I=91.772 A (2661 reg @x29) | Breaker=CLOSE
Bus 2 | V=0.985 pu (985 reg @x1000) | I=426.218 A (12360 reg @x29) | Breaker=CLOSE
Bus 3 | V=1.035 pu (1035 reg @x1000) | I=490.618 A (14227 reg @x29) | Breaker=CLOSE
Bus 4 | V=0.992 pu (991 reg @x1000) | I=420.682 A (12199 reg @x29) | Breaker=CLOSE
Bus 5 | V=1.005 pu (1004 reg @x1000) | I=352.119 A (10211 reg @x29) | Breaker=CLOSE

 2026-05-12 23:10:04
Bus 1 | V=0.972 pu (972 reg @x1000) | I=190.019 A (5510 reg @x29) | Breaker=CLOSE
Bus 2 | V=0.994 pu (993 reg @x1000) | I=101.511 A (2943 reg @x29) | Breaker=CLOSE
Bus 3 | V=0.984 pu (983 reg @x1000) | I=393.615 A (11414 reg @x29) | Breaker=CLOSE
Bus 4 | V=0.990 pu (990 reg @x1000) | I=162.315 A (4707 reg @x29) | Breaker=CLOSE
Bus 5 | V=0.997 pu (996 reg @x1000) | I=144.756 A (4197 reg @x29) | Breaker=CLOSE

 2026-05-12 23:10:09
Bus 1 | V=1.012 pu (1012 reg @x1000) | I=98.746 A (2863 reg @x29) | Breaker=CLOSE
Bus 2 | V=0.989 pu (989 reg @x1000) | I=340.236 A (9866 reg @x29) | Breaker=CLOSE
Bus 3 | V=0.953 pu (952 reg @x1000) | I=389.560 A (11297 reg @x29) | Breaker=CLOSE
Bus 4 | V=0.964 pu (963 reg @x1000) | I=302.422 A (8770 reg @x29) | Breaker=CLOSE
Bus 5 | V=0.955 pu (955 reg @x1000) | I=267.040 A (7744 reg @x29) | Breaker=CLOSE

 2026-05-12 23:10:14
Bus 1 | V=0.971 pu (971 reg @x1000) | I=238.906 A (6928 reg @x29) | Breaker=CLOSE
Bus 2 | V=1.026 pu (1026 reg @x1000) | I=248.548 A (7207 reg @x29) | Breaker=CLOSE
Bus 3 | V=1.025 pu (1025 reg @x1000) | I=443.277 A (12855 reg @x29) | Breaker=CLOSE
Bus 4 | V=0.975 pu (975 reg @x1000) | I=127.302 A (3691 reg @x29) | Breaker=CLOSE
Bus 5 | V=0.952 pu (951 reg @x1000) | I=342.073 A (9920 reg @x29) | Breaker=CLOSE

 2026-05-12 23:10:19
Bus 1 | V=1.050 pu (1049 reg @x1000) | I=230.665 A (6689 reg @x29) | Breaker=CLOSE
Bus 2 | V=1.015 pu (1015 reg @x1000) | I=425.732 A (12346 reg @x29) | Breaker=CLOSE
Bus 3 | V=1.015 pu (1015 reg @x1000) | I=413.952 A (12004 reg @x29) | Breaker=CLOSE
Bus 4 | V=1.045 pu (1044 reg @x1000) | I=168.307 A (4880 reg @x29) | Breaker=CLOSE
Bus 5 | V=0.952 pu (952 reg @x1000) | I=163.003 A (4727 reg @x29) | Breaker=CLOSE

 2026-05-12 23:10:24
Bus 1 | V=0.963 pu (962 reg @x1000) | I=397.768 A (11535 reg @x29) | Breaker=CLOSE
Bus 2 | V=1.006 pu (1006 reg @x1000) | I=182.897 A (5304 reg @x29) | Breaker=CLOSE
Bus 3 | V=1.020 pu (1019 reg @x1000) | I=417.484 A (12107 reg @x29) | Breaker=CLOSE
Bus 4 | V=0.967 pu (966 reg @x1000) | I=367.719 A (10663 reg @x29) | Breaker=CLOSE
Bus 5 | V=1.025 pu (1024 reg @x1000) | I=135.166 A (3919 reg @x29) | Breaker=CLOSE

 2026-05-12 23:10:29
Bus 1 | V=1.032 pu (1031 reg @x1000) | I=497.059 A (14414 reg @x29) | Breaker=CLOSE
Bus 2 | V=0.961 pu (960 reg @x1000) | I=103.440 A (2999 reg @x29) | Breaker=CLOSE
Bus 3 | V=0.981 pu (981 reg @x1000) | I=393.779 A (11419 reg @x29) | Breaker=CLOSE
Bus 4 | V=1.046 pu (1045 reg @x1000) | I=251.249 A (7286 reg @x29) | Breaker=CLOSE
Bus 5 | V=1.022 pu (1021 reg @x1000) | I=118.987 A (3450 reg @x29) | Breaker=CLOSE

 2026-05-12 23:10:34
Bus 1 | V=1.019 pu (1019 reg @x1000) | I=357.494 A (10367 reg @x29) | Breaker=CLOSE
Bus 2 | V=0.960 pu (960 reg @x1000) | I=446.026 A (12934 reg @x29) | Breaker=CLOSE
Bus 3 | V=1.035 pu (1035 reg @x1000) | I=340.563 A (9876 reg @x29) | Breaker=CLOSE
Bus 4 | V=0.962 pu (962 reg @x1000) | I=541.887 A (15714 reg @x29) | Breaker=CLOSE
Bus 5 | V=1.028 pu (1028 reg @x1000) | I=234.359 A (6796 reg @x29) | Breaker=CLOSE

 2026-05-12 23:10:39
Bus 1 | V=0.993 pu (992 reg @x1000) | I=253.086 A (7339 reg @x29) | Breaker=CLOSE
Bus 2 | V=1.001 pu (1000 reg @x1000) | I=238.210 A (6908 reg @x29) | Breaker=CLOSE
Bus 3 | V=1.035 pu (1034 reg @x1000) | I=435.016 A (12615 reg @x29) | Breaker=CLOSE
Bus 4 | V=0.961 pu (960 reg @x1000) | I=532.191 A (15433 reg @x29) | Breaker=CLOSE
Bus 5 | V=1.014 pu (1013 reg @x1000) | I=446.971 A (12962 reg @x29) | Breaker=CLOSE

 2026-05-12 23:10:44
Bus 1 | V=1.021 pu (1020 reg @x1000) | I=274.178 A (7951 reg @x29) | Breaker=CLOSE
Bus 2 | V=1.023 pu (1023 reg @x1000) | I=501.536 A (14544 reg @x29) | Breaker=CLOSE
Bus 3 | V=0.977 pu (977 reg @x1000) | I=454.449 A (13179 reg @x29) | Breaker=CLOSE
Bus 4 | V=1.004 pu (1003 reg @x1000) | I=299.860 A (8695 reg @x29) | Breaker=CLOSE
Bus 5 | V=0.994 pu (993 reg @x1000) | I=412.673 A (11967 reg @x29) | Breaker=CLOSE

 2026-05-12 23:10:49
Bus 1 | V=0.977 pu (976 reg @x1000) | I=474.145 A (13750 reg @x29) | Breaker=CLOSE
Bus 2 | V=1.033 pu (1033 reg @x1000) | I=122.202 A (3543 reg @x29) | Breaker=CLOSE
Bus 3 | V=1.038 pu (1038 reg @x1000) | I=188.287 A (5460 reg @x29) | Breaker=CLOSE
Bus 4 | V=0.996 pu (996 reg @x1000) | I=358.125 A (10385 reg @x29) | Breaker=CLOSE
Bus 5 | V=0.988 pu (987 reg @x1000) | I=101.951 A (2956 reg @x29) | Breaker=CLOSE

 2026-05-12 23:10:54
Bus 1 | V=1.035 pu (1035 reg @x1000) | I=162.457 A (4711 reg @x29) | Breaker=CLOSE
Bus 2 | V=0.971 pu (971 reg @x1000) | I=452.460 A (13121 reg @x29) | Breaker=CLOSE
Bus 3 | V=0.984 pu (984 reg @x1000) | I=483.481 A (14020 reg @x29) | Breaker=CLOSE
Bus 4 | V=1.020 pu (1020 reg @x1000) | I=205.607 A (5962 reg @x29) | Breaker=CLOSE
Bus 5 | V=0.951 pu (951 reg @x1000) | I=531.637 A (15417 reg @x29) | Breaker=CLOSE

 2026-05-12 23:10:59
Bus 1 | V=0.959 pu (958 reg @x1000) | I=422.707 A (12258 reg @x29) | Breaker=CLOSE
Bus 2 | V=0.999 pu (998 reg @x1000) | I=422.448 A (12250 reg @x29) | Breaker=CLOSE
Bus 3 | V=1.019 pu (1019 reg @x1000) | I=365.559 A (10601 reg @x29) | Breaker=CLOSE
Bus 4 | V=0.999 pu (999 reg @x1000) | I=437.679 A (12692 reg @x29) | Breaker=CLOSE
Bus 5 | V=0.959 pu (959 reg @x1000) | I=193.543 A (5612 reg @x29) | Breaker=CLOSE

 2026-05-12 23:11:04
Bus 1 | V=1.019 pu (1019 reg @x1000) | I=218.733 A (6343 reg @x29) | Breaker=CLOSE
Bus 2 | V=1.008 pu (1008 reg @x1000) | I=294.098 A (8528 reg @x29) | Breaker=CLOSE
Bus 3 | V=1.003 pu (1003 reg @x1000) | I=274.616 A (7963 reg @x29) | Breaker=CLOSE
Bus 4 | V=1.025 pu (1024 reg @x1000) | I=228.144 A (6616 reg @x29) | Breaker=CLOSE
Bus 5 | V=1.020 pu (1020 reg @x1000) | I=203.263 A (5894 reg @x29) | Breaker=CLOSE

 2026-05-12 23:11:09
Bus 1 | V=0.975 pu (975 reg @x1000) | I=144.813 A (4199 reg @x29) | Breaker=CLOSE
Bus 2 | V=0.969 pu (969 reg @x1000) | I=145.192 A (4210 reg @x29) | Breaker=CLOSE
Bus 3 | V=1.004 pu (1003 reg @x1000) | I=422.224 A (12244 reg @x29) | Breaker=CLOSE
Bus 4 | V=0.969 pu (968 reg @x1000) | I=189.332 A (5490 reg @x29) | Breaker=CLOSE
Bus 5 | V=0.998 pu (998 reg @x1000) | I=407.822 A (11826 reg @x29) | Breaker=CLOSE

 2026-05-12 23:11:15
Bus 1 | V=1.048 pu (1047 reg @x1000) | I=304.605 A (8833 reg @x29) | Breaker=CLOSE
Bus 2 | V=0.978 pu (978 reg @x1000) | I=135.284 A (3923 reg @x29) | Breaker=CLOSE
Bus 3 | V=0.969 pu (969 reg @x1000) | I=194.199 A (5631 reg @x29) | Breaker=CLOSE
Bus 4 | V=0.968 pu (967 reg @x1000) | I=97.432 A (2825 reg @x29) | Breaker=CLOSE
Bus 5 | V=1.003 pu (1003 reg @x1000) | I=208.171 A (6036 reg @x29) | Breaker=CLOSE

 2026-05-12 23:11:20
Bus 1 | V=1.047 pu (1047 reg @x1000) | I=316.748 A (9185 reg @x29) | Breaker=CLOSE
Bus 2 | V=1.020 pu (1019 reg @x1000) | I=140.908 A (4086 reg @x29) | Breaker=CLOSE
Bus 3 | V=1.037 pu (1036 reg @x1000) | I=293.443 A (8509 reg @x29) | Breaker=CLOSE
Bus 4 | V=1.037 pu (1037 reg @x1000) | I=328.640 A (9530 reg @x29) | Breaker=CLOSE
Bus 5 | V=0.997 pu (996 reg @x1000) | I=282.921 A (8204 reg @x29) | Breaker=CLOSE

 2026-05-12 23:11:25
Bus 1 | V=0.968 pu (968 reg @x1000) | I=114.312 A (3315 reg @x29) | Breaker=CLOSE
Bus 2 | V=1.044 pu (1044 reg @x1000) | I=285.857 A (8289 reg @x29) | Breaker=CLOSE
Bus 3 | V=1.032 pu (1032 reg @x1000) | I=256.290 A (7432 reg @x29) | Breaker=CLOSE
Bus 4 | V=0.957 pu (957 reg @x1000) | I=381.529 A (11064 reg @x29) | Breaker=CLOSE
Bus 5 | V=0.955 pu (955 reg @x1000) | I=160.968 A (4668 reg @x29) | Breaker=CLOSE

 2026-05-12 23:11:30
Bus 1 | V=1.006 pu (1006 reg @x1000) | I=220.498 A (6394 reg @x29) | Breaker=CLOSE
Bus 2 | V=1.049 pu (1049 reg @x1000) | I=133.642 A (3875 reg @x29) | Breaker=CLOSE
Bus 3 | V=1.026 pu (1026 reg @x1000) | I=345.945 A (10032 reg @x29) | Breaker=CLOSE
Bus 4 | V=1.029 pu (1029 reg @x1000) | I=182.172 A (5282 reg @x29) | Breaker=CLOSE
Bus 5 | V=1.002 pu (1002 reg @x1000) | I=285.834 A (8289 reg @x29) | Breaker=CLOSE

 2026-05-12 23:11:35
Bus 1 | V=0.994 pu (994 reg @x1000) | I=469.576 A (13617 reg @x29) | Breaker=CLOSE
Bus 2 | V=1.049 pu (1049 reg @x1000) | I=212.167 A (6152 reg @x29) | Breaker=CLOSE
Bus 3 | V=1.012 pu (1012 reg @x1000) | I=352.289 A (10216 reg @x29) | Breaker=CLOSE
Bus 4 | V=1.024 pu (1024 reg @x1000) | I=493.537 A (14312 reg @x29) | Breaker=CLOSE
Bus 5 | V=0.971 pu (970 reg @x1000) | I=186.460 A (5407 reg @x29) | Breaker=CLOSE

 2026-05-12 23:11:40
Bus 1 | V=1.016 pu (1016 reg @x1000) | I=154.761 A (4488 reg @x29) | Breaker=CLOSE
Bus 2 | V=0.967 pu (967 reg @x1000) | I=125.220 A (3631 reg @x29) | Breaker=CLOSE
Bus 3 | V=0.950 pu (950 reg @x1000) | I=301.468 A (8742 reg @x29) | Breaker=CLOSE
Bus 4 | V=1.009 pu (1009 reg @x1000) | I=214.335 A (6215 reg @x29) | Breaker=CLOSE
Bus 5 | V=0.973 pu (973 reg @x1000) | I=410.435 A (11902 reg @x29) | Breaker=CLOSE

 2026-05-12 23:11:45
Bus 1 | V=1.020 pu (1020 reg @x1000) | I=282.298 A (8186 reg @x29) | Breaker=CLOSE
Bus 2 | V=1.019 pu (1018 reg @x1000) | I=485.854 A (14089 reg @x29) | Breaker=CLOSE
Bus 3 | V=1.029 pu (1028 reg @x1000) | I=353.181 A (10242 reg @x29) | Breaker=CLOSE
Bus 4 | V=1.016 pu (1016 reg @x1000) | I=491.336 A (14248 reg @x29) | Breaker=CLOSE
Bus 5 | V=0.993 pu (992 reg @x1000) | I=330.370 A (9580 reg @x29) | Breaker=CLOSE

 2026-05-12 23:11:50
Bus 1 | V=1.015 pu (1014 reg @x1000) | I=481.031 A (13949 reg @x29) | Breaker=CLOSE
Bus 2 | V=1.033 pu (1032 reg @x1000) | I=115.745 A (3356 reg @x29) | Breaker=CLOSE
Bus 3 | V=0.967 pu (966 reg @x1000) | I=231.273 A (6706 reg @x29) | Breaker=CLOSE
Bus 4 | V=1.025 pu (1024 reg @x1000) | I=330.522 A (9585 reg @x29) | Breaker=CLOSE
Bus 5 | V=0.979 pu (978 reg @x1000) | I=145.927 A (4231 reg @x29) | Breaker=CLOSE

 2026-05-12 23:11:55
Bus 1 | V=1.019 pu (1018 reg @x1000) | I=388.895 A (11277 reg @x29) | Breaker=CLOSE
Bus 2 | V=1.044 pu (1044 reg @x1000) | I=295.404 A (8566 reg @x29) | Breaker=CLOSE
Bus 3 | V=0.999 pu (999 reg @x1000) | I=123.580 A (3583 reg @x29) | Breaker=CLOSE
Bus 4 | V=0.954 pu (953 reg @x1000) | I=291.764 A (8461 reg @x29) | Breaker=CLOSE
Bus 5 | V=0.982 pu (982 reg @x1000) | I=201.925 A (5855 reg @x29) | Breaker=CLOSE

 2026-05-12 23:12:00
Bus 1 | V=0.959 pu (959 reg @x1000) | I=533.496 A (15471 reg @x29) | Breaker=CLOSE
Bus 2 | V=1.034 pu (1033 reg @x1000) | I=330.293 A (9578 reg @x29) | Breaker=CLOSE
Bus 3 | V=1.045 pu (1045 reg @x1000) | I=505.492 A (14659 reg @x29) | Breaker=CLOSE
Bus 4 | V=1.017 pu (1017 reg @x1000) | I=203.266 A (5894 reg @x29) | Breaker=CLOSE
Bus 5 | V=0.954 pu (954 reg @x1000) | I=441.426 A (12801 reg @x29) | Breaker=CLOSE

 2026-05-12 23:12:06
Bus 1 | V=0.997 pu (997 reg @x1000) | I=376.105 A (10907 reg @x29) | Breaker=CLOSE
Bus 2 | V=1.042 pu (1041 reg @x1000) | I=161.293 A (4677 reg @x29) | Breaker=CLOSE
Bus 3 | V=1.009 pu (1008 reg @x1000) | I=364.520 A (10571 reg @x29) | Breaker=CLOSE
Bus 4 | V=0.999 pu (999 reg @x1000) | I=128.366 A (3722 reg @x29) | Breaker=CLOSE
Bus 5 | V=0.985 pu (984 reg @x1000) | I=238.489 A (6916 reg @x29) | Breaker=CLOSE

 2026-05-12 23:12:11
Bus 1 | V=1.017 pu (1017 reg @x1000) | I=458.022 A (13282 reg @x29) | Breaker=CLOSE
Bus 2 | V=0.983 pu (982 reg @x1000) | I=400.379 A (11610 reg @x29) | Breaker=CLOSE
Bus 3 | V=0.979 pu (978 reg @x1000) | I=515.243 A (14942 reg @x29) | Breaker=CLOSE
Bus 4 | V=1.031 pu (1031 reg @x1000) | I=320.291 A (9288 reg @x29) | Breaker=CLOSE
Bus 5 | V=0.995 pu (995 reg @x1000) | I=227.616 A (6600 reg @x29) | Breaker=CLOSE

 2026-05-12 23:12:16
Bus 1 | V=0.982 pu (982 reg @x1000) | I=524.608 A (15213 reg @x29) | Breaker=CLOSE
Bus 2 | V=0.990 pu (990 reg @x1000) | I=317.745 A (9214 reg @x29) | Breaker=CLOSE
Bus 3 | V=1.049 pu (1048 reg @x1000) | I=360.126 A (10443 reg @x29) | Breaker=CLOSE
Bus 4 | V=1.004 pu (1004 reg @x1000) | I=268.922 A (7798 reg @x29) | Breaker=CLOSE
Bus 5 | V=0.969 pu (968 reg @x1000) | I=255.380 A (7406 reg @x29) | Breaker=CLOSE

 2026-05-12 23:12:21
Bus 1 | V=1.026 pu (1025 reg @x1000) | I=354.412 A (10277 reg @x29) | Breaker=CLOSE
Bus 2 | V=1.026 pu (1025 reg @x1000) | I=173.219 A (5023 reg @x29) | Breaker=CLOSE
Bus 3 | V=1.005 pu (1004 reg @x1000) | I=494.183 A (14331 reg @x29) | Breaker=CLOSE
Bus 4 | V=0.994 pu (993 reg @x1000) | I=398.043 A (11543 reg @x29) | Breaker=CLOSE
Bus 5 | V=0.962 pu (962 reg @x1000) | I=536.969 A (15572 reg @x29) | Breaker=CLOSE

 2026-05-12 23:12:26
Bus 1 | V=1.011 pu (1010 reg @x1000) | I=191.378 A (5549 reg @x29) | Breaker=CLOSE
Bus 2 | V=0.966 pu (965 reg @x1000) | I=342.357 A (9928 reg @x29) | Breaker=CLOSE
Bus 3 | V=1.005 pu (1005 reg @x1000) | I=128.455 A (3725 reg @x29) | Breaker=CLOSE
Bus 4 | V=1.049 pu (1049 reg @x1000) | I=467.128 A (13546 reg @x29) | Breaker=CLOSE
Bus 5 | V=0.996 pu (996 reg @x1000) | I=140.350 A (4070 reg @x29) | Breaker=CLOSE

 2026-05-12 23:12:31
Bus 1 | V=1.033 pu (1033 reg @x1000) | I=297.670 A (8632 reg @x29) | Breaker=CLOSE
Bus 2 | V=1.022 pu (1021 reg @x1000) | I=305.561 A (8861 reg @x29) | Breaker=CLOSE
Bus 3 | V=0.977 pu (977 reg @x1000) | I=466.245 A (13521 reg @x29) | Breaker=CLOSE
Bus 4 | V=1.048 pu (1048 reg @x1000) | I=186.460 A (5407 reg @x29) | Breaker=CLOSE
Bus 5 | V=1.005 pu (1005 reg @x1000) | I=255.694 A (7415 reg @x29) | Breaker=CLOSE

 2026-05-12 23:12:36
Bus 1 | V=1.042 pu (1042 reg @x1000) | I=299.276 A (8679 reg @x29) | Breaker=CLOSE
Bus 2 | V=1.038 pu (1037 reg @x1000) | I=451.461 A (13092 reg @x29) | Breaker=CLOSE
Bus 3 | V=0.978 pu (977 reg @x1000) | I=445.967 A (12933 reg @x29) | Breaker=CLOSE
Bus 4 | V=0.991 pu (991 reg @x1000) | I=503.796 A (14610 reg @x29) | Breaker=CLOSE
Bus 5 | V=1.001 pu (1000 reg @x1000) | I=449.091 A (13023 reg @x29) | Breaker=CLOSE

 2026-05-12 23:12:41
Bus 1 | V=0.978 pu (978 reg @x1000) | I=224.432 A (6508 reg @x29) | Breaker=CLOSE
Bus 2 | V=1.009 pu (1008 reg @x1000) | I=523.433 A (15179 reg @x29) | Breaker=CLOSE
Bus 3 | V=0.999 pu (998 reg @x1000) | I=153.677 A (4456 reg @x29) | Breaker=CLOSE
Bus 4 | V=1.004 pu (1003 reg @x1000) | I=239.144 A (6935 reg @x29) | Breaker=CLOSE
Bus 5 | V=1.005 pu (1005 reg @x1000) | I=325.708 A (9445 reg @x29) | Breaker=CLOSE

 2026-05-12 23:12:46
Bus 1 | V=0.996 pu (995 reg @x1000) | I=230.816 A (6693 reg @x29) | Breaker=CLOSE
Bus 2 | V=0.969 pu (968 reg @x1000) | I=407.950 A (11830 reg @x29) | Breaker=CLOSE
Bus 3 | V=1.007 pu (1007 reg @x1000) | I=189.575 A (5497 reg @x29) | Breaker=CLOSE
Bus 4 | V=1.028 pu (1027 reg @x1000) | I=104.422 A (3028 reg @x29) | Breaker=CLOSE
Bus 5 | V=1.024 pu (1024 reg @x1000) | I=389.130 A (11284 reg @x29) | Breaker=CLOSE

 2026-05-12 23:12:51
Bus 1 | V=1.031 pu (1031 reg @x1000) | I=250.308 A (7258 reg @x29) | Breaker=CLOSE
Bus 2 | V=1.016 pu (1016 reg @x1000) | I=442.286 A (12826 reg @x29) | Breaker=CLOSE
Bus 3 | V=1.048 pu (1048 reg @x1000) | I=292.167 A (8472 reg @x29) | Breaker=CLOSE
Bus 4 | V=0.954 pu (953 reg @x1000) | I=324.296 A (9404 reg @x29) | Breaker=CLOSE
Bus 5 | V=1.009 pu (1009 reg @x1000) | I=466.874 A (13539 reg @x29) | Breaker=CLOSE

 2026-05-12 23:12:56
Bus 1 | V=1.037 pu (1037 reg @x1000) | I=271.813 A (7882 reg @x29) | Breaker=CLOSE
Bus 2 | V=1.003 pu (1002 reg @x1000) | I=288.555 A (8368 reg @x29) | Breaker=CLOSE
Bus 3 | V=1.022 pu (1022 reg @x1000) | I=262.783 A (7620 reg @x29) | Breaker=CLOSE
Bus 4 | V=1.015 pu (1015 reg @x1000) | I=153.678 A (4456 reg @x29) | Breaker=CLOSE
Bus 5 | V=0.997 pu (996 reg @x1000) | I=516.480 A (14977 reg @x29) | Breaker=CLOSE

 2026-05-12 23:13:01
Bus 1 | V=0.984 pu (983 reg @x1000) | I=399.588 A (11588 reg @x29) | Breaker=CLOSE
Bus 2 | V=1.015 pu (1014 reg @x1000) | I=456.348 A (13234 reg @x29) | Breaker=CLOSE
Bus 3 | V=1.035 pu (1035 reg @x1000) | I=450.645 A (13068 reg @x29) | Breaker=CLOSE
Bus 4 | V=0.988 pu (988 reg @x1000) | I=230.295 A (6678 reg @x29) | Breaker=CLOSE
Bus 5 | V=1.022 pu (1021 reg @x1000) | I=413.467 A (11990 reg @x29) | Breaker=CLOSE

 2026-05-12 23:13:06
Bus 1 | V=1.037 pu (1037 reg @x1000) | I=100.158 A (2904 reg @x29) | Breaker=CLOSE
Bus 2 | V=0.957 pu (956 reg @x1000) | I=382.544 A (11093 reg @x29) | Breaker=CLOSE
Bus 3 | V=1.042 pu (1042 reg @x1000) | I=506.033 A (14674 reg @x29) | Breaker=CLOSE
Bus 4 | V=1.025 pu (1024 reg @x1000) | I=272.471 A (7901 reg @x29) | Breaker=CLOSE
Bus 5 | V=0.960 pu (959 reg @x1000) | I=382.534 A (11093 reg @x29) | Breaker=CLOSE

 2026-05-12 23:13:11
Bus 1 | V=1.037 pu (1037 reg @x1000) | I=273.287 A (7925 reg @x29) | Breaker=CLOSE
Bus 2 | V=1.019 pu (1019 reg @x1000) | I=476.688 A (13823 reg @x29) | Breaker=CLOSE
Bus 3 | V=0.955 pu (954 reg @x1000) | I=459.555 A (13327 reg @x29) | Breaker=CLOSE
Bus 4 | V=0.979 pu (979 reg @x1000) | I=258.495 A (7496 reg @x29) | Breaker=CLOSE
Bus 5 | V=0.965 pu (964 reg @x1000) | I=333.830 A (9681 reg @x29) | Breaker=CLOSE

 2026-05-12 23:13:16
Bus 1 | V=1.007 pu (1006 reg @x1000) | I=434.232 A (12592 reg @x29) | Breaker=CLOSE
Bus 2 | V=0.967 pu (966 reg @x1000) | I=127.047 A (3684 reg @x29) | Breaker=CLOSE
Bus 3 | V=1.037 pu (1037 reg @x1000) | I=348.083 A (10094 reg @x29) | Breaker=CLOSE
Bus 4 | V=0.974 pu (974 reg @x1000) | I=503.117 A (14590 reg @x29) | Breaker=CLOSE
Bus 5 | V=0.964 pu (964 reg @x1000) | I=301.939 A (8756 reg @x29) | Breaker=CLOSE

 2026-05-12 23:13:21
Bus 1 | V=0.975 pu (975 reg @x1000) | I=205.579 A (5961 reg @x29) | Breaker=CLOSE
Bus 2 | V=0.951 pu (950 reg @x1000) | I=465.255 A (13492 reg @x29) | Breaker=CLOSE
Bus 3 | V=1.040 pu (1040 reg @x1000) | I=371.582 A (10775 reg @x29) | Breaker=CLOSE
Bus 4 | V=0.966 pu (965 reg @x1000) | I=292.619 A (8485 reg @x29) | Breaker=CLOSE
Bus 5 | V=0.985 pu (984 reg @x1000) | I=352.278 A (10216 reg @x29) | Breaker=CLOSE

 2026-05-12 23:13:26
Bus 1 | V=1.014 pu (1013 reg @x1000) | I=271.171 A (7863 reg @x29) | Breaker=CLOSE
Bus 2 | V=0.975 pu (975 reg @x1000) | I=472.139 A (13692 reg @x29) | Breaker=CLOSE
Bus 3 | V=0.970 pu (969 reg @x1000) | I=265.478 A (7698 reg @x29) | Breaker=CLOSE
Bus 4 | V=0.998 pu (998 reg @x1000) | I=192.865 A (5593 reg @x29) | Breaker=CLOSE
Bus 5 | V=1.007 pu (1007 reg @x1000) | I=338.782 A (9824 reg @x29) | Breaker=CLOSE

 2026-05-12 23:13:31
Bus 1 | V=1.049 pu (1049 reg @x1000) | I=207.854 A (6027 reg @x29) | Breaker=CLOSE
Bus 2 | V=1.048 pu (1047 reg @x1000) | I=360.715 A (10460 reg @x29) | Breaker=CLOSE
Bus 3 | V=0.977 pu (977 reg @x1000) | I=345.089 A (10007 reg @x29) | Breaker=CLOSE
Bus 4 | V=1.019 pu (1018 reg @x1000) | I=408.433 A (11844 reg @x29) | Breaker=CLOSE
Bus 5 | V=0.955 pu (954 reg @x1000) | I=371.904 A (10785 reg @x29) | Breaker=CLOSE

 2026-05-12 23:13:36
Bus 1 | V=1.000 pu (999 reg @x1000) | I=486.417 A (14106 reg @x29) | Breaker=CLOSE
Bus 2 | V=0.979 pu (978 reg @x1000) | I=449.498 A (13035 reg @x29) | Breaker=CLOSE
Bus 3 | V=1.011 pu (1010 reg @x1000) | I=240.660 A (6979 reg @x29) | Breaker=CLOSE
Bus 4 | V=1.014 pu (1013 reg @x1000) | I=356.639 A (10342 reg @x29) | Breaker=CLOSE
Bus 5 | V=1.018 pu (1017 reg @x1000) | I=398.483 A (11556 reg @x29) | Breaker=CLOSE

 2026-05-12 23:13:41
Bus 1 | V=1.016 pu (1015 reg @x1000) | I=450.108 A (13053 reg @x29) | Breaker=CLOSE
Bus 2 | V=1.013 pu (1012 reg @x1000) | I=479.774 A (13913 reg @x29) | Breaker=CLOSE
Bus 3 | V=1.015 pu (1014 reg @x1000) | I=220.896 A (6405 reg @x29) | Breaker=CLOSE
Bus 4 | V=0.994 pu (994 reg @x1000) | I=345.360 A (10015 reg @x29) | Breaker=CLOSE
Bus 5 | V=1.023 pu (1023 reg @x1000) | I=124.870 A (3621 reg @x29) | Breaker=CLOSE

 2026-05-12 23:13:46
Bus 1 | V=0.980 pu (979 reg @x1000) | I=425.988 A (12353 reg @x29) | Breaker=CLOSE
Bus 2 | V=0.968 pu (967 reg @x1000) | I=151.183 A (4384 reg @x29) | Breaker=CLOSE
Bus 3 | V=1.004 pu (1003 reg @x1000) | I=513.886 A (14902 reg @x29) | Breaker=CLOSE
Bus 4 | V=1.003 pu (1003 reg @x1000) | I=488.859 A (14176 reg @x29) | Breaker=CLOSE
Bus 5 | V=1.033 pu (1033 reg @x1000) | I=194.807 A (5649 reg @x29) | Breaker=CLOSE

 2026-05-12 23:13:51
Bus 1 | V=1.032 pu (1032 reg @x1000) | I=290.835 A (8434 reg @x29) | Breaker=CLOSE
Bus 2 | V=1.031 pu (1030 reg @x1000) | I=404.458 A (11729 reg @x29) | Breaker=CLOSE
Bus 3 | V=0.984 pu (983 reg @x1000) | I=141.073 A (4091 reg @x29) | Breaker=CLOSE
Bus 4 | V=1.046 pu (1046 reg @x1000) | I=143.427 A (4159 reg @x29) | Breaker=CLOSE
Bus 5 | V=1.047 pu (1046 reg @x1000) | I=446.066 A (12935 reg @x29) | Breaker=CLOSE

 2026-05-12 23:13:56
Bus 1 | V=1.022 pu (1022 reg @x1000) | I=508.238 A (14738 reg @x29) | Breaker=CLOSE
Bus 2 | V=1.047 pu (1046 reg @x1000) | I=422.660 A (12257 reg @x29) | Breaker=CLOSE
Bus 3 | V=0.987 pu (986 reg @x1000) | I=442.221 A (12824 reg @x29) | Breaker=CLOSE
Bus 4 | V=0.951 pu (951 reg @x1000) | I=340.952 A (9887 reg @x29) | Breaker=CLOSE
Bus 5 | V=0.995 pu (995 reg @x1000) | I=386.130 A (11197 reg @x29) | Breaker=CLOSE

 2026-05-12 23:14:02
Bus 1 | V=1.017 pu (1017 reg @x1000) | I=339.658 A (9850 reg @x29) | Breaker=CLOSE
Bus 2 | V=1.032 pu (1032 reg @x1000) | I=486.487 A (14108 reg @x29) | Breaker=CLOSE
Bus 3 | V=0.961 pu (960 reg @x1000) | I=198.838 A (5766 reg @x29) | Breaker=CLOSE
Bus 4 | V=0.953 pu (952 reg @x1000) | I=501.296 A (14537 reg @x29) | Breaker=CLOSE
Bus 5 | V=1.006 pu (1006 reg @x1000) | I=488.149 A (14156 reg @x29) | Breaker=CLOSE

 2026-05-12 23:14:07
Bus 1 | V=0.972 pu (972 reg @x1000) | I=119.240 A (3457 reg @x29) | Breaker=CLOSE
Bus 2 | V=1.032 pu (1032 reg @x1000) | I=473.236 A (13723 reg @x29) | Breaker=CLOSE
Bus 3 | V=0.980 pu (980 reg @x1000) | I=273.293 A (7925 reg @x29) | Breaker=CLOSE
Bus 4 | V=0.964 pu (963 reg @x1000) | I=523.665 A (15186 reg @x29) | Breaker=CLOSE
Bus 5 | V=0.980 pu (980 reg @x1000) | I=311.111 A (9022 reg @x29) | Breaker=CLOSE

 2026-05-12 23:14:12
Bus 1 | V=0.960 pu (959 reg @x1000) | I=498.914 A (14468 reg @x29) | Breaker=CLOSE
Bus 2 | V=0.964 pu (963 reg @x1000) | I=298.742 A (8663 reg @x29) | Breaker=CLOSE
Bus 3 | V=1.017 pu (1017 reg @x1000) | I=408.386 A (11843 reg @x29) | Breaker=CLOSE
Bus 4 | V=1.045 pu (1044 reg @x1000) | I=261.016 A (7569 reg @x29) | Breaker=CLOSE
Bus 5 | V=1.024 pu (1024 reg @x1000) | I=152.435 A (4420 reg @x29) | Breaker=CLOSE

 2026-05-12 23:14:17
Bus 1 | V=0.991 pu (991 reg @x1000) | I=132.816 A (3851 reg @x29) | Breaker=CLOSE
Bus 2 | V=0.999 pu (998 reg @x1000) | I=268.093 A (7774 reg @x29) | Breaker=CLOSE
Bus 3 | V=1.045 pu (1045 reg @x1000) | I=98.058 A (2843 reg @x29) | Breaker=CLOSE
Bus 4 | V=0.987 pu (987 reg @x1000) | I=287.055 A (8324 reg @x29) | Breaker=CLOSE
Bus 5 | V=1.045 pu (1045 reg @x1000) | I=444.770 A (12898 reg @x29) | Breaker=CLOSE

 2026-05-12 23:14:22
Bus 1 | V=0.960 pu (959 reg @x1000) | I=406.323 A (11783 reg @x29) | Breaker=CLOSE
Bus 2 | V=1.004 pu (1004 reg @x1000) | I=516.413 A (14975 reg @x29) | Breaker=CLOSE
Bus 3 | V=0.986 pu (985 reg @x1000) | I=267.190 A (7748 reg @x29) | Breaker=CLOSE
Bus 4 | V=0.969 pu (968 reg @x1000) | I=146.417 A (4246 reg @x29) | Breaker=CLOSE
Bus 5 | V=1.035 pu (1034 reg @x1000) | I=278.633 A (8080 reg @x29) | Breaker=CLOSE

 2026-05-12 23:14:27
Bus 1 | V=1.016 pu (1016 reg @x1000) | I=364.741 A (10577 reg @x29) | Breaker=CLOSE
Bus 2 | V=1.010 pu (1009 reg @x1000) | I=96.546 A (2799 reg @x29) | Breaker=CLOSE
Bus 3 | V=1.029 pu (1028 reg @x1000) | I=189.897 A (5507 reg @x29) | Breaker=CLOSE
Bus 4 | V=0.963 pu (962 reg @x1000) | I=349.797 A (10144 reg @x29) | Breaker=CLOSE
Bus 5 | V=0.957 pu (956 reg @x1000) | I=444.208 A (12882 reg @x29) | Breaker=CLOSE

 2026-05-12 23:14:32
Bus 1 | V=0.971 pu (970 reg @x1000) | I=188.707 A (5472 reg @x29) | Breaker=CLOSE
Bus 2 | V=1.037 pu (1036 reg @x1000) | I=224.473 A (6509 reg @x29) | Breaker=CLOSE
Bus 3 | V=0.965 pu (964 reg @x1000) | I=502.368 A (14568 reg @x29) | Breaker=CLOSE
Bus 4 | V=0.950 pu (950 reg @x1000) | I=490.496 A (14224 reg @x29) | Breaker=CLOSE
Bus 5 | V=0.964 pu (964 reg @x1000) | I=150.679 A (4369 reg @x29) | Breaker=CLOSE

 2026-05-12 23:14:37
Bus 1 | V=0.975 pu (975 reg @x1000) | I=169.142 A (4905 reg @x29) | Breaker=CLOSE
Bus 2 | V=1.016 pu (1016 reg @x1000) | I=97.855 A (2837 reg @x29) | Breaker=CLOSE
Bus 3 | V=0.951 pu (951 reg @x1000) | I=458.208 A (13288 reg @x29) | Breaker=CLOSE
Bus 4 | V=0.974 pu (973 reg @x1000) | I=236.871 A (6869 reg @x29) | Breaker=CLOSE
Bus 5 | V=0.967 pu (967 reg @x1000) | I=114.897 A (3332 reg @x29) | Breaker=CLOSE

 2026-05-12 23:14:42
Bus 1 | V=1.024 pu (1024 reg @x1000) | I=312.213 A (9054 reg @x29) | Breaker=CLOSE
Bus 2 | V=1.025 pu (1024 reg @x1000) | I=290.671 A (8429 reg @x29) | Breaker=CLOSE
Bus 3 | V=1.028 pu (1027 reg @x1000) | I=305.606 A (8862 reg @x29) | Breaker=CLOSE
Bus 4 | V=0.961 pu (960 reg @x1000) | I=322.574 A (9354 reg @x29) | Breaker=CLOSE
Bus 5 | V=1.045 pu (1044 reg @x1000) | I=102.605 A (2975 reg @x29) | Breaker=CLOSE

 2026-05-12 23:14:47
Bus 1 | V=1.028 pu (1028 reg @x1000) | I=456.945 A (13251 reg @x29) | Breaker=CLOSE
Bus 2 | V=1.002 pu (1002 reg @x1000) | I=289.175 A (8386 reg @x29) | Breaker=CLOSE
Bus 3 | V=1.046 pu (1046 reg @x1000) | I=109.771 A (3183 reg @x29) | Breaker=CLOSE
Bus 4 | V=0.998 pu (997 reg @x1000) | I=265.504 A (7699 reg @x29) | Breaker=CLOSE
Bus 5 | V=1.019 pu (1018 reg @x1000) | I=298.433 A (8654 reg @x29) | Breaker=CLOSE

 2026-05-12 23:14:52
Bus 1 | V=1.041 pu (1040 reg @x1000) | I=115.702 A (3355 reg @x29) | Breaker=CLOSE
Bus 2 | V=0.958 pu (958 reg @x1000) | I=371.541 A (10774 reg @x29) | Breaker=CLOSE
Bus 3 | V=0.957 pu (956 reg @x1000) | I=218.690 A (6342 reg @x29) | Breaker=CLOSE
Bus 4 | V=1.013 pu (1013 reg @x1000) | I=325.240 A (9431 reg @x29) | Breaker=CLOSE
Bus 5 | V=0.983 pu (982 reg @x1000) | I=535.462 A (15528 reg @x29) | Breaker=CLOSE

 2026-05-12 23:14:57
Bus 1 | V=1.003 pu (1003 reg @x1000) | I=287.012 A (8323 reg @x29) | Breaker=CLOSE
Bus 2 | V=1.011 pu (1010 reg @x1000) | I=130.380 A (3781 reg @x29) | Breaker=CLOSE
Bus 3 | V=1.020 pu (1020 reg @x1000) | I=454.468 A (13179 reg @x29) | Breaker=CLOSE
Bus 4 | V=1.015 pu (1015 reg @x1000) | I=420.377 A (12190 reg @x29) | Breaker=CLOSE
Bus 5 | V=1.022 pu (1022 reg @x1000) | I=178.823 A (5185 reg @x29) | Breaker=CLOSE

 2026-05-12 23:15:03
Bus 1 | V=0.995 pu (995 reg @x1000) | I=189.623 A (5499 reg @x29) | Breaker=CLOSE
Bus 2 | V=0.984 pu (983 reg @x1000) | I=292.505 A (8482 reg @x29) | Breaker=CLOSE
Bus 3 | V=0.992 pu (991 reg @x1000) | I=131.054 A (3800 reg @x29) | Breaker=CLOSE
Bus 4 | V=0.993 pu (992 reg @x1000) | I=383.795 A (11130 reg @x29) | Breaker=CLOSE
Bus 5 | V=0.987 pu (987 reg @x1000) | I=157.275 A (4560 reg @x29) | Breaker=CLOSE

 2026-05-12 23:15:08
Bus 1 | V=1.042 pu (1042 reg @x1000) | I=112.868 A (3273 reg @x29) | Breaker=CLOSE
Bus 2 | V=1.033 pu (1033 reg @x1000) | I=124.989 A (3624 reg @x29) | Breaker=CLOSE
Bus 3 | V=0.960 pu (959 reg @x1000) | I=430.816 A (12493 reg @x29) | Breaker=CLOSE
Bus 4 | V=1.031 pu (1031 reg @x1000) | I=323.027 A (9367 reg @x29) | Breaker=CLOSE
Bus 5 | V=1.009 pu (1008 reg @x1000) | I=332.519 A (9643 reg @x29) | Breaker=CLOSE

 2026-05-12 23:15:13
Bus 1 | V=0.983 pu (982 reg @x1000) | I=144.367 A (4186 reg @x29) | Breaker=CLOSE
Bus 2 | V=0.985 pu (985 reg @x1000) | I=386.749 A (11215 reg @x29) | Breaker=CLOSE
Bus 3 | V=1.025 pu (1025 reg @x1000) | I=458.891 A (13307 reg @x29) | Breaker=CLOSE
Bus 4 | V=1.022 pu (1022 reg @x1000) | I=503.421 A (14599 reg @x29) | Breaker=CLOSE
Bus 5 | V=1.010 pu (1010 reg @x1000) | I=240.524 A (6975 reg @x29) | Breaker=CLOSE

 2026-05-12 23:15:18
Bus 1 | V=1.008 pu (1007 reg @x1000) | I=180.360 A (5230 reg @x29) | Breaker=CLOSE
Bus 2 | V=1.016 pu (1015 reg @x1000) | I=183.950 A (5334 reg @x29) | Breaker=CLOSE
Bus 3 | V=0.961 pu (960 reg @x1000) | I=479.143 A (13895 reg @x29) | Breaker=CLOSE
Bus 4 | V=0.987 pu (986 reg @x1000) | I=429.611 A (12458 reg @x29) | Breaker=CLOSE
Bus 5 | V=1.007 pu (1007 reg @x1000) | I=440.307 A (12768 reg @x29) | Breaker=CLOSE

 2026-05-12 23:15:23
Bus 1 | V=1.035 pu (1034 reg @x1000) | I=500.000 A (14499 reg @x29) | Breaker=CLOSE
Bus 2 | V=1.032 pu (1031 reg @x1000) | I=347.232 A (10069 reg @x29) | Breaker=CLOSE
Bus 3 | V=1.014 pu (1014 reg @x1000) | I=98.238 A (2848 reg @x29) | Breaker=CLOSE
Bus 4 | V=1.043 pu (1042 reg @x1000) | I=434.711 A (12606 reg @x29) | Breaker=CLOSE
Bus 5 | V=0.977 pu (976 reg @x1000) | I=171.520 A (4974 reg @x29) | Breaker=CLOSE

 2026-05-12 23:15:28
Bus 1 | V=1.020 pu (1020 reg @x1000) | I=219.698 A (6371 reg @x29) | Breaker=CLOSE
Bus 2 | V=0.984 pu (983 reg @x1000) | I=92.244 A (2675 reg @x29) | Breaker=CLOSE
Bus 3 | V=1.037 pu (1036 reg @x1000) | I=325.443 A (9437 reg @x29) | Breaker=CLOSE
Bus 4 | V=0.990 pu (990 reg @x1000) | I=152.067 A (4409 reg @x29) | Breaker=CLOSE
Bus 5 | V=1.013 pu (1013 reg @x1000) | I=100.244 A (2907 reg @x29) | Breaker=CLOSE

 2026-05-12 23:15:33
Bus 1 | V=1.025 pu (1024 reg @x1000) | I=178.429 A (5174 reg @x29) | Breaker=CLOSE
Bus 2 | V=0.992 pu (991 reg @x1000) | I=240.130 A (6963 reg @x29) | Breaker=CLOSE
Bus 3 | V=0.987 pu (987 reg @x1000) | I=411.204 A (11924 reg @x29) | Breaker=CLOSE
Bus 4 | V=1.028 pu (1027 reg @x1000) | I=328.934 A (9539 reg @x29) | Breaker=CLOSE
Bus 5 | V=0.958 pu (958 reg @x1000) | I=116.063 A (3365 reg @x29) | Breaker=CLOSE

 2026-05-12 23:15:38
Bus 1 | V=0.966 pu (965 reg @x1000) | I=372.944 A (10815 reg @x29) | Breaker=CLOSE
Bus 2 | V=1.017 pu (1017 reg @x1000) | I=204.354 A (5926 reg @x29) | Breaker=CLOSE
Bus 3 | V=1.016 pu (1016 reg @x1000) | I=297.146 A (8617 reg @x29) | Breaker=CLOSE
Bus 4 | V=0.994 pu (994 reg @x1000) | I=209.592 A (6078 reg @x29) | Breaker=CLOSE
Bus 5 | V=1.025 pu (1025 reg @x1000) | I=134.766 A (3908 reg @x29) | Breaker=CLOSE

 2026-05-12 23:15:43
Bus 1 | V=0.993 pu (992 reg @x1000) | I=214.319 A (6215 reg @x29) | Breaker=CLOSE
Bus 2 | V=1.018 pu (1017 reg @x1000) | I=297.083 A (8615 reg @x29) | Breaker=CLOSE
Bus 3 | V=1.017 pu (1016 reg @x1000) | I=106.303 A (3082 reg @x29) | Breaker=CLOSE
Bus 4 | V=0.990 pu (989 reg @x1000) | I=355.740 A (10316 reg @x29) | Breaker=CLOSE
Bus 5 | V=0.951 pu (950 reg @x1000) | I=232.254 A (6735 reg @x29) | Breaker=CLOSE

 2026-05-12 23:15:48
Bus 1 | V=0.971 pu (971 reg @x1000) | I=152.931 A (4434 reg @x29) | Breaker=CLOSE
Bus 2 | V=0.976 pu (975 reg @x1000) | I=238.408 A (6913 reg @x29) | Breaker=CLOSE
Bus 3 | V=0.951 pu (950 reg @x1000) | I=438.648 A (12720 reg @x29) | Breaker=CLOSE
Bus 4 | V=0.968 pu (967 reg @x1000) | I=264.081 A (7658 reg @x29) | Breaker=CLOSE
Bus 5 | V=1.020 pu (1020 reg @x1000) | I=302.232 A (8764 reg @x29) | Breaker=CLOSE

 2026-05-12 23:15:53
Bus 1 | V=1.033 pu (1033 reg @x1000) | I=428.825 A (12435 reg @x29) | Breaker=CLOSE
Bus 2 | V=0.957 pu (957 reg @x1000) | I=488.493 A (14166 reg @x29) | Breaker=CLOSE
Bus 3 | V=0.954 pu (954 reg @x1000) | I=100.952 A (2927 reg @x29) | Breaker=CLOSE
Bus 4 | V=1.042 pu (1042 reg @x1000) | I=448.838 A (13016 reg @x29) | Breaker=CLOSE
Bus 5 | V=1.008 pu (1007 reg @x1000) | I=338.036 A (9803 reg @x29) | Breaker=CLOSE

 2026-05-12 23:15:58
Bus 1 | V=1.021 pu (1020 reg @x1000) | I=266.444 A (7726 reg @x29) | Breaker=CLOSE
Bus 2 | V=0.962 pu (961 reg @x1000) | I=101.156 A (2933 reg @x29) | Breaker=CLOSE
Bus 3 | V=0.982 pu (982 reg @x1000) | I=448.837 A (13016 reg @x29) | Breaker=CLOSE
Bus 4 | V=1.012 pu (1011 reg @x1000) | I=449.187 A (13026 reg @x29) | Breaker=CLOSE
Bus 5 | V=1.042 pu (1041 reg @x1000) | I=121.777 A (3531 reg @x29) | Breaker=CLOSE

 2026-05-12 23:16:03
Bus 1 | V=1.034 pu (1034 reg @x1000) | I=188.730 A (5473 reg @x29) | Breaker=CLOSE
Bus 2 | V=1.009 pu (1008 reg @x1000) | I=316.017 A (9164 reg @x29) | Breaker=CLOSE
Bus 3 | V=0.990 pu (989 reg @x1000) | I=227.086 A (6585 reg @x29) | Breaker=CLOSE
Bus 4 | V=0.984 pu (983 reg @x1000) | I=238.587 A (6919 reg @x29) | Breaker=CLOSE
Bus 5 | V=0.967 pu (966 reg @x1000) | I=323.629 A (9385 reg @x29) | Breaker=CLOSE
