Connection to (10.0.2.2, 5020) failed: [Errno 111] Connection refused
Connection to GATEWAY (10.0.2.2:5020) failed (connect() returned False). Retrying in 1.0s...
RTU measurement noise: seed=7 V_sigma=0.003 I_sigma=1.5


[2026-05-19 14:59:14] Bus 1: V=1.019 pu (raw 1.020) I=805.1 A (raw 804.4) PF=0.9665 FB=CLOSE CMD=CLOSE
[2026-05-19 14:59:14] Bus 2: V=1.009 pu (raw 1.010) I=398.1 A (raw 398.6) PF=0.9020 FB=CLOSE CMD=CLOSE
[2026-05-19 14:59:14] Bus 3: V=1.006 pu (raw 1.009) I=394.3 A (raw 394.6) PF=0.9001 FB=CLOSE CMD=CLOSE
[2026-05-19 14:59:14] Bus 4: V=1.013 pu (raw 1.010) I=488.9 A (raw 488.2) PF=0.8515 FB=CLOSE CMD=CLOSE
[2026-05-19 14:59:14] Bus 5: V=1.010 pu (raw 1.007) I=493.0 A (raw 492.7) PF=0.9771 FB=CLOSE CMD=CLOSE
DT_PATH_LAT,h2,1779177554.569792,1


[2026-05-19 14:59:18] Bus 1: V=1.021 pu (raw 1.020) I=804.6 A (raw 804.4) PF=0.9665 FB=CLOSE CMD=CLOSE
[2026-05-19 14:59:18] Bus 2: V=1.005 pu (raw 1.010) I=399.8 A (raw 398.6) PF=0.9020 FB=CLOSE CMD=CLOSE
[2026-05-19 14:59:18] Bus 3: V=1.011 pu (raw 1.009) I=395.3 A (raw 394.6) PF=0.9001 FB=CLOSE CMD=CLOSE
[2026-05-19 14:59:18] Bus 4: V=1.005 pu (raw 1.010) I=485.6 A (raw 488.2) PF=0.8515 FB=CLOSE CMD=CLOSE
[2026-05-19 14:59:18] Bus 5: V=1.004 pu (raw 1.007) I=492.0 A (raw 492.7) PF=0.9771 FB=CLOSE CMD=CLOSE
DT_PATH_LAT,h2,1779177558.654355,2


[2026-05-19 14:59:22] Bus 1: V=1.021 pu (raw 1.020) I=804.3 A (raw 804.4) PF=0.9665 FB=CLOSE CMD=CLOSE
[2026-05-19 14:59:22] Bus 2: V=1.012 pu (raw 1.010) I=397.6 A (raw 398.6) PF=0.9020 FB=CLOSE CMD=CLOSE
[2026-05-19 14:59:22] Bus 3: V=1.010 pu (raw 1.009) I=395.2 A (raw 394.6) PF=0.9001 FB=CLOSE CMD=CLOSE
[2026-05-19 14:59:22] Bus 4: V=1.008 pu (raw 1.010) I=490.8 A (raw 488.2) PF=0.8515 FB=CLOSE CMD=CLOSE
[2026-05-19 14:59:22] Bus 5: V=1.009 pu (raw 1.007) I=494.5 A (raw 492.7) PF=0.9771 FB=CLOSE CMD=CLOSE
DT_PATH_LAT,h2,1779177562.732696,3


[2026-05-19 14:59:26] Bus 1: V=1.018 pu (raw 1.020) I=803.3 A (raw 804.4) PF=0.9665 FB=CLOSE CMD=CLOSE
[2026-05-19 14:59:26] Bus 2: V=1.009 pu (raw 1.010) I=439.9 A (raw 440.0) PF=0.9070 FB=CLOSE CMD=CLOSE
[2026-05-19 14:59:26] Bus 3: V=1.010 pu (raw 1.008) I=429.0 A (raw 428.6) PF=0.8827 FB=CLOSE CMD=CLOSE
[2026-05-19 14:59:26] Bus 4: V=1.009 pu (raw 1.010) I=508.4 A (raw 509.8) PF=0.8155 FB=CLOSE CMD=CLOSE
[2026-05-19 14:59:26] Bus 5: V=1.005 pu (raw 1.007) I=470.2 A (raw 468.3) PF=0.9702 FB=CLOSE CMD=CLOSE
DT_PATH_LAT,h2,1779177570.038337,4


[2026-05-19 14:59:34] Bus 1: V=1.018 pu (raw 1.020) I=842.3 A (raw 841.9) PF=0.9654 FB=CLOSE CMD=CLOSE
[2026-05-19 14:59:34] Bus 2: V=1.011 pu (raw 1.010) I=437.8 A (raw 440.0) PF=0.9070 FB=CLOSE CMD=CLOSE
[2026-05-19 14:59:34] Bus 3: V=1.008 pu (raw 1.008) I=430.6 A (raw 428.6) PF=0.8827 FB=CLOSE CMD=CLOSE
[2026-05-19 14:59:34] Bus 4: V=1.004 pu (raw 1.010) I=509.3 A (raw 509.8) PF=0.8155 FB=CLOSE CMD=CLOSE
[2026-05-19 14:59:34] Bus 5: V=1.007 pu (raw 1.007) I=467.1 A (raw 468.3) PF=0.9702 FB=CLOSE CMD=CLOSE
DT_PATH_LAT,h2,1779177574.201905,5


[2026-05-19 14:59:38] Bus 1: V=1.021 pu (raw 1.020) I=841.8 A (raw 841.9) PF=0.9654 FB=CLOSE CMD=CLOSE
[2026-05-19 14:59:38] Bus 2: V=1.006 pu (raw 1.010) I=441.3 A (raw 440.0) PF=0.9070 FB=CLOSE CMD=CLOSE
[2026-05-19 14:59:38] Bus 3: V=1.010 pu (raw 1.008) I=430.0 A (raw 428.6) PF=0.8827 FB=CLOSE CMD=CLOSE
[2026-05-19 14:59:38] Bus 4: V=1.014 pu (raw 1.010) I=510.3 A (raw 509.8) PF=0.8155 FB=CLOSE CMD=CLOSE
[2026-05-19 14:59:38] Bus 5: V=1.007 pu (raw 1.007) I=466.4 A (raw 468.3) PF=0.9702 FB=CLOSE CMD=CLOSE
DT_PATH_LAT,h2,1779177578.309546,6


[2026-05-19 14:59:42] Bus 1: V=1.022 pu (raw 1.020) I=841.0 A (raw 841.9) PF=0.9654 FB=CLOSE CMD=OPEN
[2026-05-19 14:59:42] Bus 2: V=1.009 pu (raw 1.010) I=438.1 A (raw 440.0) PF=0.9070 FB=CLOSE CMD=CLOSE
[2026-05-19 14:59:42] Bus 3: V=1.005 pu (raw 1.008) I=427.8 A (raw 428.6) PF=0.8827 FB=CLOSE CMD=CLOSE
[2026-05-19 14:59:42] Bus 4: V=1.014 pu (raw 1.010) I=506.8 A (raw 509.8) PF=0.8155 FB=CLOSE CMD=CLOSE
[2026-05-19 14:59:42] Bus 5: V=1.003 pu (raw 1.007) I=468.7 A (raw 468.3) PF=0.9702 FB=CLOSE CMD=CLOSE
DT_PATH_LAT,h2,1779177582.557506,7


[2026-05-19 14:59:46] Bus 1: V=1.024 pu (raw 1.020) I=0.9 A (raw 0.0) PF=1.0000 FB=OPEN CMD=CLOSE
[2026-05-19 14:59:46] Bus 2: V=1.004 pu (raw 1.010) I=436.3 A (raw 440.0) PF=0.9070 FB=CLOSE CMD=CLOSE
[2026-05-19 14:59:46] Bus 3: V=1.009 pu (raw 1.008) I=427.5 A (raw 428.6) PF=0.8827 FB=CLOSE CMD=CLOSE
[2026-05-19 14:59:46] Bus 4: V=1.007 pu (raw 1.010) I=511.3 A (raw 509.8) PF=0.8155 FB=CLOSE CMD=CLOSE
[2026-05-19 14:59:46] Bus 5: V=1.010 pu (raw 1.007) I=468.6 A (raw 468.3) PF=0.9702 FB=CLOSE CMD=CLOSE
DT_PATH_LAT,h2,1779177586.712674,8


[2026-05-19 14:59:50] Bus 1: V=1.021 pu (raw 1.020) I=0.7 A (raw 0.0) PF=1.0000 FB=CLOSE CMD=OPEN
[2026-05-19 14:59:50] Bus 2: V=1.015 pu (raw 1.010) I=441.0 A (raw 440.0) PF=0.9070 FB=CLOSE CMD=CLOSE
[2026-05-19 14:59:50] Bus 3: V=1.010 pu (raw 1.008) I=429.4 A (raw 428.6) PF=0.8827 FB=CLOSE CMD=CLOSE
[2026-05-19 14:59:50] Bus 4: V=1.005 pu (raw 1.010) I=511.7 A (raw 509.8) PF=0.8155 FB=CLOSE CMD=CLOSE
[2026-05-19 14:59:50] Bus 5: V=1.010 pu (raw 1.007) I=469.1 A (raw 468.3) PF=0.9702 FB=CLOSE CMD=CLOSE
DT_PATH_LAT,h2,1779177590.824431,9


[2026-05-19 14:59:54] Bus 1: V=1.014 pu (raw 1.020) I=0.0 A (raw 0.0) PF=1.0000 FB=OPEN CMD=OPEN
[2026-05-19 14:59:54] Bus 2: V=1.013 pu (raw 1.010) I=437.3 A (raw 440.0) PF=0.9070 FB=CLOSE CMD=CLOSE
[2026-05-19 14:59:54] Bus 3: V=1.007 pu (raw 1.008) I=430.1 A (raw 428.6) PF=0.8827 FB=CLOSE CMD=CLOSE
[2026-05-19 14:59:54] Bus 4: V=1.006 pu (raw 1.010) I=512.2 A (raw 509.8) PF=0.8155 FB=CLOSE CMD=CLOSE
[2026-05-19 14:59:54] Bus 5: V=1.009 pu (raw 1.007) I=468.1 A (raw 468.3) PF=0.9702 FB=CLOSE CMD=CLOSE
DT_PATH_LAT,h2,1779177595.038333,10


[2026-05-19 14:59:59] Bus 1: V=1.021 pu (raw 1.020) I=1.0 A (raw 0.0) PF=1.0000 FB=OPEN CMD=OPEN
[2026-05-19 14:59:59] Bus 2: V=1.010 pu (raw 1.010) I=441.8 A (raw 440.0) PF=0.9070 FB=CLOSE CMD=OPEN
[2026-05-19 14:59:59] Bus 3: V=1.006 pu (raw 1.008) I=428.0 A (raw 428.6) PF=0.8827 FB=CLOSE CMD=CLOSE
[2026-05-19 14:59:59] Bus 4: V=1.013 pu (raw 1.010) I=509.8 A (raw 509.8) PF=0.8155 FB=CLOSE CMD=CLOSE
[2026-05-19 14:59:59] Bus 5: V=1.004 pu (raw 1.007) I=469.8 A (raw 468.3) PF=0.9702 FB=CLOSE CMD=CLOSE
DT_PATH_LAT,h2,1779177599.163503,11


[2026-05-19 15:00:03] Bus 1: V=1.024 pu (raw 1.020) I=0.0 A (raw 0.0) PF=1.0000 FB=OPEN CMD=OPEN
[2026-05-19 15:00:03] Bus 2: V=1.006 pu (raw 1.010) I=439.8 A (raw 440.0) PF=0.9070 FB=OPEN CMD=CLOSE
[2026-05-19 15:00:03] Bus 3: V=1.008 pu (raw 1.008) I=428.2 A (raw 428.6) PF=0.8827 FB=CLOSE CMD=CLOSE
[2026-05-19 15:00:03] Bus 4: V=1.014 pu (raw 1.010) I=508.3 A (raw 509.8) PF=0.8155 FB=CLOSE CMD=CLOSE
[2026-05-19 15:00:03] Bus 5: V=1.011 pu (raw 1.007) I=466.4 A (raw 468.3) PF=0.9702 FB=CLOSE CMD=CLOSE
DT_PATH_LAT,h2,1779177603.335632,12


[2026-05-19 15:00:07] Bus 1: V=1.018 pu (raw 1.020) I=0.9 A (raw 0.0) PF=1.0000 FB=OPEN CMD=OPEN
[2026-05-19 15:00:07] Bus 2: V=1.013 pu (raw 1.010) I=441.3 A (raw 440.0) PF=0.9070 FB=CLOSE CMD=CLOSE
[2026-05-19 15:00:07] Bus 3: V=1.009 pu (raw 1.008) I=428.8 A (raw 428.6) PF=0.8827 FB=CLOSE CMD=CLOSE
[2026-05-19 15:00:07] Bus 4: V=1.010 pu (raw 1.010) I=510.7 A (raw 509.8) PF=0.8155 FB=CLOSE CMD=CLOSE
[2026-05-19 15:00:07] Bus 5: V=1.006 pu (raw 1.007) I=468.7 A (raw 468.3) PF=0.9702 FB=CLOSE CMD=CLOSE
DT_PATH_LAT,h2,1779177607.451163,13


[2026-05-19 15:00:11] Bus 1: V=1.022 pu (raw 1.020) I=0.0 A (raw 0.0) PF=1.0000 FB=OPEN CMD=OPEN
[2026-05-19 15:00:11] Bus 2: V=1.012 pu (raw 1.010) I=440.9 A (raw 440.0) PF=0.9070 FB=CLOSE CMD=OPEN
[2026-05-19 15:00:11] Bus 3: V=1.014 pu (raw 1.008) I=429.1 A (raw 428.6) PF=0.8827 FB=CLOSE CMD=CLOSE
[2026-05-19 15:00:11] Bus 4: V=1.009 pu (raw 1.010) I=509.2 A (raw 509.8) PF=0.8155 FB=CLOSE CMD=CLOSE
[2026-05-19 15:00:11] Bus 5: V=1.007 pu (raw 1.007) I=469.7 A (raw 468.3) PF=0.9702 FB=CLOSE CMD=CLOSE
DT_PATH_LAT,h2,1779177611.585942,14


[2026-05-19 15:00:15] Bus 1: V=1.019 pu (raw 1.020) I=0.6 A (raw 0.0) PF=1.0000 FB=OPEN CMD=OPEN
[2026-05-19 15:00:15] Bus 2: V=1.016 pu (raw 1.010) I=436.2 A (raw 440.0) PF=0.9070 FB=OPEN CMD=CLOSE
[2026-05-19 15:00:15] Bus 3: V=1.005 pu (raw 1.008) I=429.0 A (raw 428.6) PF=0.8827 FB=CLOSE CMD=CLOSE
[2026-05-19 15:00:15] Bus 4: V=1.011 pu (raw 1.010) I=510.2 A (raw 509.8) PF=0.8155 FB=CLOSE CMD=CLOSE
[2026-05-19 15:00:15] Bus 5: V=1.006 pu (raw 1.007) I=469.3 A (raw 468.3) PF=0.9702 FB=CLOSE CMD=CLOSE
DT_PATH_LAT,h2,1779177615.704031,15


[2026-05-19 15:00:19] Bus 1: V=1.021 pu (raw 1.020) I=0.0 A (raw 0.0) PF=1.0000 FB=OPEN CMD=OPEN
[2026-05-19 15:00:19] Bus 2: V=1.017 pu (raw 1.010) I=440.6 A (raw 440.0) PF=0.9070 FB=CLOSE CMD=CLOSE
[2026-05-19 15:00:19] Bus 3: V=1.006 pu (raw 1.008) I=428.5 A (raw 428.6) PF=0.8827 FB=CLOSE CMD=CLOSE
[2026-05-19 15:00:19] Bus 4: V=1.009 pu (raw 1.010) I=509.7 A (raw 509.8) PF=0.8155 FB=CLOSE CMD=CLOSE
[2026-05-19 15:00:19] Bus 5: V=0.999 pu (raw 1.007) I=467.6 A (raw 468.3) PF=0.9702 FB=CLOSE CMD=CLOSE
DT_PATH_LAT,h2,1779177619.874407,16


[2026-05-19 15:00:23] Bus 1: V=1.023 pu (raw 1.020) I=0.0 A (raw 0.0) PF=1.0000 FB=OPEN CMD=OPEN
[2026-05-19 15:00:23] Bus 2: V=1.010 pu (raw 1.010) I=441.5 A (raw 440.0) PF=0.9070 FB=CLOSE CMD=OPEN
[2026-05-19 15:00:23] Bus 3: V=1.011 pu (raw 1.008) I=430.8 A (raw 428.6) PF=0.8827 FB=CLOSE CMD=CLOSE
[2026-05-19 15:00:23] Bus 4: V=1.005 pu (raw 1.010) I=509.3 A (raw 509.8) PF=0.8155 FB=CLOSE CMD=CLOSE
[2026-05-19 15:00:23] Bus 5: V=1.006 pu (raw 1.007) I=469.3 A (raw 468.3) PF=0.9702 FB=CLOSE CMD=CLOSE
DT_PATH_LAT,h2,1779177623.969746,17


[2026-05-19 15:00:27] Bus 1: V=1.023 pu (raw 1.020) I=0.0 A (raw 0.0) PF=1.0000 FB=OPEN CMD=OPEN
[2026-05-19 15:00:27] Bus 2: V=1.013 pu (raw 1.010) I=437.9 A (raw 440.0) PF=0.9070 FB=OPEN CMD=CLOSE
[2026-05-19 15:00:27] Bus 3: V=1.010 pu (raw 1.008) I=426.4 A (raw 428.6) PF=0.8827 FB=CLOSE CMD=CLOSE
[2026-05-19 15:00:27] Bus 4: V=1.011 pu (raw 1.010) I=511.6 A (raw 509.8) PF=0.8155 FB=CLOSE CMD=CLOSE
[2026-05-19 15:00:27] Bus 5: V=1.007 pu (raw 1.007) I=468.6 A (raw 468.3) PF=0.9702 FB=CLOSE CMD=CLOSE
DT_PATH_LAT,h2,1779177628.096464,18


[2026-05-19 15:00:32] Bus 1: V=1.022 pu (raw 1.020) I=0.2 A (raw 0.0) PF=1.0000 FB=OPEN CMD=OPEN
[2026-05-19 15:00:32] Bus 2: V=1.010 pu (raw 1.010) I=442.3 A (raw 440.0) PF=0.9070 FB=CLOSE CMD=CLOSE
[2026-05-19 15:00:32] Bus 3: V=1.011 pu (raw 1.008) I=428.2 A (raw 428.6) PF=0.8827 FB=CLOSE CMD=CLOSE
[2026-05-19 15:00:32] Bus 4: V=1.018 pu (raw 1.010) I=508.1 A (raw 509.8) PF=0.8155 FB=CLOSE CMD=CLOSE
[2026-05-19 15:00:32] Bus 5: V=1.010 pu (raw 1.007) I=467.9 A (raw 468.3) PF=0.9702 FB=CLOSE CMD=CLOSE
DT_PATH_LAT,h2,1779177632.226813,19


[2026-05-19 15:00:36] Bus 1: V=1.020 pu (raw 1.020) I=1.1 A (raw 0.0) PF=1.0000 FB=OPEN CMD=OPEN
[2026-05-19 15:00:36] Bus 2: V=1.011 pu (raw 1.010) I=441.0 A (raw 440.0) PF=0.9070 FB=CLOSE CMD=OPEN
[2026-05-19 15:00:36] Bus 3: V=1.003 pu (raw 1.008) I=426.3 A (raw 428.6) PF=0.8827 FB=CLOSE CMD=CLOSE
[2026-05-19 15:00:36] Bus 4: V=1.012 pu (raw 1.010) I=508.4 A (raw 509.8) PF=0.8155 FB=CLOSE CMD=CLOSE
[2026-05-19 15:00:36] Bus 5: V=1.004 pu (raw 1.007) I=466.1 A (raw 468.3) PF=0.9702 FB=CLOSE CMD=CLOSE
DT_PATH_LAT,h2,1779177636.343483,20


[2026-05-19 15:00:40] Bus 1: V=1.024 pu (raw 1.020) I=1.1 A (raw 0.0) PF=1.0000 FB=OPEN CMD=OPEN
[2026-05-19 15:00:40] Bus 2: V=1.014 pu (raw 1.010) I=438.6 A (raw 440.0) PF=0.9070 FB=OPEN CMD=CLOSE
[2026-05-19 15:00:40] Bus 3: V=1.008 pu (raw 1.008) I=426.9 A (raw 428.6) PF=0.8827 FB=CLOSE CMD=CLOSE
[2026-05-19 15:00:40] Bus 4: V=1.012 pu (raw 1.010) I=512.2 A (raw 509.8) PF=0.8155 FB=CLOSE CMD=CLOSE
[2026-05-19 15:00:40] Bus 5: V=1.004 pu (raw 1.007) I=470.7 A (raw 468.3) PF=0.9702 FB=CLOSE CMD=CLOSE
DT_PATH_LAT,h2,1779177640.456765,21


[2026-05-19 15:00:44] Bus 1: V=1.023 pu (raw 1.020) I=0.0 A (raw 0.0) PF=1.0000 FB=OPEN CMD=OPEN
[2026-05-19 15:00:44] Bus 2: V=1.004 pu (raw 1.010) I=442.1 A (raw 440.0) PF=0.9070 FB=CLOSE CMD=CLOSE
[2026-05-19 15:00:44] Bus 3: V=1.008 pu (raw 1.008) I=427.7 A (raw 428.6) PF=0.8827 FB=CLOSE CMD=CLOSE
[2026-05-19 15:00:44] Bus 4: V=1.011 pu (raw 1.010) I=510.4 A (raw 509.8) PF=0.8155 FB=CLOSE CMD=CLOSE
[2026-05-19 15:00:44] Bus 5: V=1.011 pu (raw 1.007) I=466.8 A (raw 468.3) PF=0.9702 FB=CLOSE CMD=CLOSE
DT_PATH_LAT,h2,1779177644.754497,22


[2026-05-19 15:00:48] Bus 1: V=1.023 pu (raw 1.020) I=2.2 A (raw 0.0) PF=1.0000 FB=OPEN CMD=OPEN
[2026-05-19 15:00:48] Bus 2: V=1.014 pu (raw 1.010) I=439.8 A (raw 440.0) PF=0.9070 FB=CLOSE CMD=OPEN
[2026-05-19 15:00:48] Bus 3: V=1.006 pu (raw 1.008) I=430.1 A (raw 428.6) PF=0.8827 FB=CLOSE CMD=CLOSE
[2026-05-19 15:00:48] Bus 4: V=1.010 pu (raw 1.010) I=510.0 A (raw 509.8) PF=0.8155 FB=CLOSE CMD=CLOSE
[2026-05-19 15:00:48] Bus 5: V=1.011 pu (raw 1.007) I=467.9 A (raw 468.3) PF=0.9702 FB=CLOSE CMD=CLOSE
DT_PATH_LAT,h2,1779177648.904943,23


[2026-05-19 15:00:52] Bus 1: V=1.013 pu (raw 1.020) I=0.0 A (raw 0.0) PF=1.0000 FB=OPEN CMD=OPEN
[2026-05-19 15:00:52] Bus 2: V=1.004 pu (raw 1.010) I=441.3 A (raw 440.0) PF=0.9070 FB=OPEN CMD=CLOSE
[2026-05-19 15:00:52] Bus 3: V=1.009 pu (raw 1.008) I=427.7 A (raw 428.6) PF=0.8827 FB=CLOSE CMD=CLOSE
[2026-05-19 15:00:52] Bus 4: V=1.010 pu (raw 1.010) I=511.0 A (raw 509.8) PF=0.8155 FB=CLOSE CMD=CLOSE
[2026-05-19 15:00:52] Bus 5: V=1.007 pu (raw 1.007) I=470.3 A (raw 468.3) PF=0.9702 FB=CLOSE CMD=CLOSE
DT_PATH_LAT,h2,1779177653.025717,24


[2026-05-19 15:00:57] Bus 1: V=1.020 pu (raw 1.020) I=1.6 A (raw 0.0) PF=1.0000 FB=OPEN CMD=OPEN
[2026-05-19 15:00:57] Bus 2: V=1.014 pu (raw 1.010) I=442.4 A (raw 440.0) PF=0.9070 FB=CLOSE CMD=CLOSE
[2026-05-19 15:00:57] Bus 3: V=1.006 pu (raw 1.008) I=429.9 A (raw 428.6) PF=0.8827 FB=CLOSE CMD=CLOSE
[2026-05-19 15:00:57] Bus 4: V=1.004 pu (raw 1.010) I=508.2 A (raw 509.8) PF=0.8155 FB=CLOSE CMD=CLOSE
[2026-05-19 15:00:57] Bus 5: V=1.001 pu (raw 1.007) I=469.9 A (raw 468.3) PF=0.9702 FB=CLOSE CMD=CLOSE
DT_PATH_LAT,h2,1779177657.147422,25


[2026-05-19 15:01:01] Bus 1: V=1.016 pu (raw 1.020) I=0.0 A (raw 0.0) PF=1.0000 FB=OPEN CMD=OPEN
[2026-05-19 15:01:01] Bus 2: V=1.009 pu (raw 1.010) I=440.0 A (raw 440.0) PF=0.9070 FB=CLOSE CMD=OPEN
[2026-05-19 15:01:01] Bus 3: V=1.006 pu (raw 1.008) I=429.0 A (raw 428.6) PF=0.8827 FB=CLOSE CMD=CLOSE
[2026-05-19 15:01:01] Bus 4: V=1.015 pu (raw 1.010) I=509.9 A (raw 509.8) PF=0.8155 FB=CLOSE CMD=CLOSE
[2026-05-19 15:01:01] Bus 5: V=1.009 pu (raw 1.007) I=469.8 A (raw 468.3) PF=0.9702 FB=CLOSE CMD=CLOSE
DT_PATH_LAT,h2,1779177661.311142,26


