[DOS][INFO] target=10.0.2.2:5001 at=2026-05-12 23:33:51
\n===== DoS LIGHT 2026-05-12 23:33:51 =====
[DOS][LIGHT][UDP] start pps~500 duration=45s
HPING 10.0.2.2 (h5-eth0 10.0.2.2): udp mode set, 28 headers + 128 data bytes
status=0 port=2135 seq=0
status=0 port=2136 seq=1
status=0 port=2137 seq=2
status=0 port=2138 seq=3
status=0 port=2139 seq=4
status=0 port=2140 seq=5
status=0 port=4239 seq=2104
status=0 port=6465 seq=4330
status=0 port=8567 seq=6432
status=0 port=10877 seq=8742
status=0 port=13127 seq=10992
status=0 port=15331 seq=13196
status=0 port=17538 seq=15403
status=0 port=19639 seq=17504
status=0 port=21719 seq=19584
status=0 port=23805 seq=21670
status=0 port=25810 seq=23675
status=0 port=27728 seq=25593
status=0 port=29565 seq=27430
status=0 port=31551 seq=29416
status=0 port=33314 seq=31179
status=0 port=35095 seq=32960
status=0 port=36751 seq=34616
status=0 port=38566 seq=36431
status=0 port=39948 seq=37813
status=0 port=41686 seq=39551
status=0 port=43633 seq=41498
status=0 port=45244 seq=43109
status=0 port=47104 seq=44969
status=0 port=49122 seq=46987
status=0 port=50884 seq=48749
status=0 port=52587 seq=50452
status=0 port=54232 seq=52097
status=0 port=56041 seq=53906
status=0 port=57975 seq=55840
status=0 port=59592 seq=57457
status=0 port=61171 seq=59036
status=0 port=62807 seq=60672
status=0 port=64463 seq=62328
status=0 port=562 seq=63963
status=0 port=1937 seq=65338
status=0 port=3659 seq=67060
status=0 port=5424 seq=68825
status=0 port=7278 seq=70679
status=0 port=9030 seq=72431
status=0 port=10759 seq=74160
status=0 port=12475 seq=75876
status=0 port=14366 seq=77767
status=0 port=15881 seq=79282
status=0 port=17484 seq=80885
status=0 port=19045 seq=82446
status=0 port=20755 seq=84156
status=0 port=22525 seq=85926
status=0 port=23798 seq=87199
status=0 port=25170 seq=88571
status=0 port=26605 seq=90006
status=0 port=28336 seq=91737
status=0 port=29882 seq=93283
status=0 port=31324 seq=94725
status=0 port=33114 seq=96515
status=0 port=34553 seq=97954
status=0 port=36056 seq=99457
status=0 port=37658 seq=101059
status=0 port=39167 seq=102568
status=0 port=40700 seq=104101
status=0 port=41878 seq=105279
status=0 port=43235 seq=106636
status=0 port=44826 seq=108227
status=0 port=46607 seq=110008
status=0 port=48009 seq=111410
status=0 port=49562 seq=112963
status=0 port=51252 seq=114653
status=0 port=52304 seq=115705
status=0 port=53791 seq=117192
status=0 port=55424 seq=118825
status=0 port=57052 seq=120453
status=0 port=58784 seq=122185
status=0 port=60336 seq=123737
status=0 port=61771 seq=125172
status=0 port=63306 seq=126707
status=0 port=64907 seq=128308
status=0 port=753 seq=129690
status=0 port=2123 seq=131060
status=0 port=3704 seq=132641
status=0 port=5022 seq=133959
status=0 port=6764 seq=135701
status=0 port=7946 seq=136883
status=0 port=9119 seq=138056
status=0 port=10979 seq=139916
status=0 port=12561 seq=141498
status=0 port=14322 seq=143259
status=0 port=15758 seq=144695
status=0 port=17538 seq=146475
status=0 port=19122 seq=148059
status=0 port=20714 seq=149651
status=0 port=22058 seq=150995
status=0 port=23597 seq=152534
status=0 port=25266 seq=154203
status=0 port=26892 seq=155829
status=0 port=28478 seq=157415
status=0 port=30162 seq=159099
status=0 port=31488 seq=160425
status=0 port=33198 seq=162135
status=0 port=34819 seq=163756
status=0 port=36378 seq=165315
status=0 port=37863 seq=166800
status=0 port=39468 seq=168405
status=0 port=40680 seq=169617
status=0 port=42163 seq=171100
status=0 port=43831 seq=172768
status=0 port=45343 seq=174280
status=0 port=46643 seq=175580
status=0 port=48248 seq=177185
status=0 port=49789 seq=178726
status=0 port=51649 seq=180586
status=0 port=53039 seq=181976
status=0 port=54703 seq=183640
status=0 port=55852 seq=184789
status=0 port=57063 seq=186000
status=0 port=58692 seq=187629
status=0 port=60151 seq=189088
status=0 port=61835 seq=190772
status=0 port=63135 seq=192072
status=0 port=64607 seq=193544
status=0 port=512 seq=194985
status=0 port=1968 seq=196441
status=0 port=3268 seq=197741
status=0 port=4758 seq=199231
status=0 port=6193 seq=200666
status=0 port=7722 seq=202195
status=0 port=9140 seq=0
status=0 port=10957 seq=0
status=0 port=12735 seq=0
status=0 port=14622 seq=0
status=[DOS][INFO] target=10.0.2.2:5001 at=2026-05-12 23:37:40
\n===== DoS HEAVY 2026-05-12 23:37:40 =====
[DOS][HEAVY][UDP] start pps~3000 duration=60s

--- 10.0.2.2 hping statistic ---
373675 packets transmitted, 234 packets received, 100% packet loss
round-trip min/avg/max = 1.2/17.5/194.0 ms
0 port=16515 seq=0
status=0 port=17703 seq=0
status=0 port=20447 seq=214920
status=0 port=22057 seq=216530
status=0 port=23844 seq=218317
status=0 port=25668 seq=0
status=0 port=27158 seq=0
status=0 port=28876 seq=0
status=0 port=30723 seq=0
status=0 port=33402 seq=227875
status=0 port=34894 seq=229367
status=0 port=36134 seq=0
status=0 port=37627 seq=0
status=0 port=39281 seq=0
status=0 port=41182 seq=0
status=0 port=43028 seq=0
status=0 port=44851 seq=0
status=0 port=47472 seq=241945
status=0 port=49165 seq=243638
status=0 port=51108 seq=245581
status=0 port=52919 seq=247392
status=0 port=54772 seq=249245
status=0 port=56462 seq=250935
status=0 port=58145 seq=252618
status=0 port=59729 seq=254202
status=0 port=60987 seq=255460
status=0 port=62620 seq=257093
status=0 port=64503 seq=258976
status=0 port=805 seq=260814
status=0 port=2574 seq=262583
status=0 port=4312 seq=264321
status=0 port=6079 seq=266088
status=0 port=7488 seq=267497
status=0 port=9282 seq=269291
status=0 port=10949 seq=270958
status=0 port=12778 seq=272787
status=0 port=14604 seq=274613
status=0 port=16287 seq=276296
status=0 port=18114 seq=278123
status=0 port=19919 seq=279928
status=0 port=21399 seq=281408
status=0 port=23210 seq=283219
status=0 port=24642 seq=284651
status=0 port=26250 seq=286259
status=0 port=27943 seq=287952
status=0 port=29313 seq=289322
status=0 port=30807 seq=290816
status=0 port=32590 seq=292599
status=0 port=33897 seq=293906
status=0 port=35448 seq=295457
status=0 port=36608 seq=296617
status=0 port=38219 seq=298228
status=0 port=39665 seq=299674
status=0 port=41213 seq=301222
status=0 port=42742 seq=302751
status=0 port=44442 seq=304451
status=0 port=46240 seq=306249
status=0 port=47825 seq=307834
status=0 port=49338 seq=309347
status=0 port=50936 seq=310945
status=0 port=52650 seq=312659
status=0 port=54347 seq=314356
status=0 port=56145 seq=316154
status=0 port=57810 seq=317819
status=0 port=59430 seq=319439
status=0 port=61019 seq=321028
status=0 port=62286 seq=322295
status=0 port=63944 seq=323953
status=0 port=48 seq=325593
status=0 port=1585 seq=327130
status=0 port=3287 seq=328832
status=0 port=4990 seq=330535
status=0 port=6774 seq=332319
status=0 port=8305 seq=333850
status=0 port=10114 seq=335659
status=0 port=11777 seq=337322
status=0 port=13609 seq=339154
status=0 port=15112 seq=340657
status=0 port=16775 seq=342320
status=0 port=18425 seq=343970
status=0 port=20017 seq=345562
status=0 port=21392 seq=346937
status=0 port=22743 seq=348288
status=0 port=24242 seq=349787
status=0 port=25446 seq=350991
status=0 port=26623 seq=352168
status=0 port=28036 seq=353581
status=0 port=29872 seq=355417
status=0 port=31369 seq=356914
status=0 port=32962 seq=358507
status=0 port=34684 seq=360229
status=0 port=35935 seq=361480
status=0 port=37308 seq=362853
status=0 port=38570 seq=364115
status=0 port=39994 seq=365539
status=0 port=41444 seq=366989
status=0 port=42933 seq=368478
status=0 port=44370 seq=369915
status=0 port=46303 seq=371848
status=0 port=47661 seq=373206
hping in flood mode, no replies will be shown

--- 10.0.2.2 hping statistic ---
735242 packets transmitted, 0 packets received, 100% packet loss
round-trip min/avg/max = 0.0/0.0/0.0 ms
HPING 10.0.2.2 (h5-eth0 10.0.2.2): udp mode set, 28 headers + 128 data bytes
