[DOS][INFO] target=10.0.2.2:5001 at=2026-05-08 00:22:21
\n===== DoS LIGHT 2026-05-08 00:22:21 =====
[DOS][LIGHT][UDP] start pps~500 duration=45s
HPING 10.0.2.2 (h5-eth0 10.0.2.2): udp mode set, 28 headers + 128 data bytes
status=0 port=2096 seq=0
status=0 port=2097 seq=1
status=0 port=2098 seq=2
status=0 port=2099 seq=3
status=0 port=2100 seq=4
status=0 port=2101 seq=5
status=0 port=3030 seq=934
status=0 port=5302 seq=3206
status=0 port=7502 seq=5406
status=0 port=9753 seq=7657
status=0 port=12010 seq=9914
status=0 port=14235 seq=12139
status=0 port=16426 seq=14330
status=0 port=18419 seq=16323
status=0 port=20492 seq=18396
status=0 port=22525 seq=20429
status=0 port=24458 seq=22362
status=0 port=26448 seq=24352
status=0 port=28190 seq=26094
status=0 port=30037 seq=27941
status=0 port=31896 seq=29800
status=0 port=33617 seq=31521
status=0 port=35373 seq=33277
status=0 port=36950 seq=34854
status=0 port=38602 seq=36506
status=0 port=40280 seq=38184
status=0 port=41933 seq=39837
status=0 port=43648 seq=41552
status=0 port=45356 seq=43260
status=0 port=47095 seq=44999
status=0 port=48834 seq=46738
status=0 port=50584 seq=48488
status=0 port=52668 seq=50572
status=0 port=54453 seq=52357
status=0 port=56256 seq=54160
status=0 port=58299 seq=56203
status=0 port=59860 seq=57764
status=0 port=61644 seq=59548
status=0 port=63291 seq=61195
status=0 port=64909 seq=62813
status=0 port=1054 seq=64494
status=0 port=2648 seq=66088
status=0 port=4296 seq=67736
status=0 port=5988 seq=69428
status=0 port=7467 seq=70907
status=0 port=9084 seq=72524
status=0 port=10743 seq=74183
status=0 port=12430 seq=75870
status=0 port=13946 seq=77386
status=0 port=15407 seq=78847
status=0 port=17037 seq=80477
status=0 port=18495 seq=81935
status=0 port=20115 seq=83555
status=0 port=21727 seq=85167
status=0 port=23365 seq=86805
status=0 port=24988 seq=88428
status=0 port=26647 seq=90087
status=0 port=28178 seq=91618
status=0 port=29784 seq=93224
status=0 port=31464 seq=94904
status=0 port=33062 seq=96502
status=0 port=34742 seq=98182
status=0 port=36337 seq=99777
status=0 port=38027 seq=101467
status=0 port=39655 seq=103095
status=0 port=41315 seq=104755
status=0 port=42985 seq=106425
status=0 port=44627 seq=108067
status=0 port=46150 seq=109590
status=0 port=47871 seq=111311
status=0 port=49395 seq=112835
status=0 port=50898 seq=114338
status=0 port=52401 seq=115841
status=0 port=53954 seq=117394
status=0 port=55556 seq=118996
status=0 port=57101 seq=120541
status=0 port=58736 seq=122176
status=0 port=60303 seq=123743
status=0 port=61879 seq=125319
status=0 port=63598 seq=127038
status=0 port=65357 seq=128797
status=0 port=1409 seq=130385
status=0 port=3024 seq=132000
status=0 port=4663 seq=133639
status=0 port=6278 seq=135254
status=0 port=7738 seq=136714
status=0 port=9322 seq=138298
status=0 port=10856 seq=139832
status=0 port=12462 seq=141438
status=0 port=14102 seq=143078
status=0 port=15678 seq=144654
status=0 port=17288 seq=146264
status=0 port=18811 seq=147787
status=0 port=20445 seq=149421
status=0 port=21980 seq=150956
status=0 port=23588 seq=152564
status=0 port=25149 seq=154125
status=0 port=26657 seq=155633
status=0 port=28308 seq=157284
status=0 port=29885 seq=158861
status=0 port=31550 seq=160526
status=0 port=32948 seq=161924
status=0 port=34586 seq=163562
status=0 port=36243 seq=165219
status=0 port=37816 seq=166792
status=0 port=39405 seq=168381
status=0 port=40992 seq=169968
status=0 port=42577 seq=171553
status=0 port=44239 seq=173215
status=0 port=45791 seq=174767
status=0 port=47405 seq=176381
status=0 port=48802 seq=177778
status=0 port=50418 seq=179394
status=0 port=51908 seq=180884
status=0 port=53587 seq=182563
status=0 port=55184 seq=184160
status=0 port=56505 seq=185481
status=0 port=58047 seq=187023
status=0 port=59688 seq=188664
status=0 port=61248 seq=190224
status=0 port=62883 seq=191859
status=0 port=64534 seq=193510
status=0 port=461 seq=194973
status=0 port=2095 seq=196607
status=0 port=3748 seq=198260
status=0 port=5334 seq=199846
status=0 port=6971 seq=201483
status=0 port=8325 seq=202837
status=0 port=10036 seq=204548
status=0 port=11509 seq=206021
status=0 port=13280 seq=207792
status=0 port=15121 seq=0
status=0 port=16939 seq=0
status=0 port=18561 seq=0
st[DOS][INFO] target=10.0.2.2:5001 at=2026-05-08 00:25:11
\n===== DoS HEAVY 2026-05-08 00:25:11 =====
[DOS][HEAVY][UDP] start pps~3000 duration=60s
hping in flood mode, no replies will be shown

--- 10.0.2.2 hping statistic ---
281863 packets transmitted, 175 packets received, 100% packet loss
round-trip min/avg/max = 1.6/21.7/207.8 ms
atus=0 port=20346 seq=0
status=0 port=20798 seq=0
status=0 port=21198 seq=0
status=0 port=23806 seq=218318
status=0 port=25471 seq=219983
status=0 port=26781 seq=0
status=0 port=28590 seq=0
status=0 port=30362 seq=0
status=0 port=32059 seq=0
status=0 port=33837 seq=0
status=0 port=35693 seq=0
status=0 port=38669 seq=233181
status=0 port=40231 seq=234743
status=0 port=41823 seq=236335
status=0 port=43642 seq=238154
status=0 port=45469 seq=0
status=0 port=47251 seq=0
status=0 port=49027 seq=0
status=0 port=49644 seq=0
status=0 port=52136 seq=246648
status=0 port=53761 seq=248273
status=0 port=55534 seq=250046
status=0 port=57231 seq=251743
status=0 port=59047 seq=253559
status=0 port=60399 seq=254911
status=0 port=62167 seq=256679
status=0 port=63799 seq=258311
status=0 port=65374 seq=259886
status=0 port=1470 seq=261518
status=0 port=2879 seq=262927
status=0 port=4380 seq=264428
status=0 port=5968 seq=266016
status=0 port=7519 seq=267567
status=0 port=9217 seq=269265
status=0 port=10755 seq=270803
status=0 port=12369 seq=272417
status=0 port=14086 seq=274134
status=0 port=15718 seq=275766
status=0 port=17322 seq=277370
status=0 port=18918 seq=278966
status=0 port=20300 seq=280348
[send_ip] sendto: Network is unreachable
HPING 10.0.2.2 (h5-eth0 10.0.2.2): udp mode set, 28 headers + 128 data bytes
