Namespace index: 2
Field bus -> Pandapower bus mapping: {1: 0, 2: 2, 3: 3, 4: 6, 5: 7}
Unique bus->line mapping: {1: 0, 2: 2, 3: 4, 4: 10, 5: 9}
numba cannot be imported and numba functions are disabled.
Probably the execution is slow.
Please install numba to gain a massive speedup.
(or if you prefer slow execution, set the flag numba=False to avoid this warning!)

 2026-05-08 00:02:09
Load flow sukses. Voltage snapshot (pu): [1.05004136 1.05788632 1.04999957 1.0405164  1.03555679]
Bus 1: breaker CLOSE (line 0) | I_line=0.2726 kA, I_close=0.9539 kA
Bus 2: breaker CLOSE (line 2) | I_line=0.4843 kA, I_close=0.7949 kA
Bus 3: breaker CLOSE (line 4) | I_line=0.4068 kA, I_close=0.7949 kA
Bus 4: breaker CLOSE (line 10) | I_line=0.1303 kA, I_close=1.4308 kA
Bus 5: breaker CLOSE (line 9) | I_line=0.0745 kA, I_close=1.4308 kA
numba cannot be imported and numba functions are disabled.
Probably the execution is slow.
Please install numba to gain a massive speedup.
(or if you prefer slow execution, set the flag numba=False to avoid this warning!)

 2026-05-08 00:02:13
Load flow sukses. Voltage snapshot (pu): [1.04881513 1.05709894 1.04850484 1.04039846 1.03812441]
Bus 1: breaker CLOSE (line 0) | I_line=0.2761 kA, I_close=0.9539 kA
Bus 2: breaker CLOSE (line 2) | I_line=0.4885 kA, I_close=0.7949 kA
Bus 3: breaker CLOSE (line 4) | I_line=0.3586 kA, I_close=0.7949 kA
Bus 4: breaker CLOSE (line 10) | I_line=0.0702 kA, I_close=1.4308 kA
Bus 5: breaker CLOSE (line 9) | I_line=0.0773 kA, I_close=1.4308 kA
numba cannot be imported and numba functions are disabled.
Probably the execution is slow.
Please install numba to gain a massive speedup.
(or if you prefer slow execution, set the flag numba=False to avoid this warning!)

 2026-05-08 00:02:17
Load flow sukses. Voltage snapshot (pu): [1.04533204 1.05607439 1.04742757 1.04019028 1.03922187]
Bus 1: breaker CLOSE (line 0) | I_line=0.3187 kA, I_close=0.9539 kA
Bus 2: breaker CLOSE (line 2) | I_line=0.4588 kA, I_close=0.7949 kA
Bus 3: breaker CLOSE (line 4) | I_line=0.3026 kA, I_close=0.7949 kA
Bus 4: breaker CLOSE (line 10) | I_line=0.0979 kA, I_close=1.4308 kA
Bus 5: breaker CLOSE (line 9) | I_line=0.1145 kA, I_close=1.4308 kA
numba cannot be imported and numba functions are disabled.
Probably the execution is slow.
Please install numba to gain a massive speedup.
(or if you prefer slow execution, set the flag numba=False to avoid this warning!)

 2026-05-08 00:02:21
Load flow sukses. Voltage snapshot (pu): [1.04189733 1.05526073 1.04692481 1.04035288 1.03977761]
Bus 1: breaker CLOSE (line 0) | I_line=0.3654 kA, I_close=0.9539 kA
Bus 2: breaker CLOSE (line 2) | I_line=0.4239 kA, I_close=0.7949 kA
Bus 3: breaker CLOSE (line 4) | I_line=0.2576 kA, I_close=0.7949 kA
Bus 4: breaker CLOSE (line 10) | I_line=0.1604 kA, I_close=1.4308 kA
Bus 5: breaker CLOSE (line 9) | I_line=0.1681 kA, I_close=1.4308 kA
numba cannot be imported and numba functions are disabled.
Probably the execution is slow.
Please install numba to gain a massive speedup.
(or if you prefer slow execution, set the flag numba=False to avoid this warning!)

 2026-05-08 00:02:26
Load flow sukses. Voltage snapshot (pu): [1.03907744 1.05309078 1.04263138 1.03815581 1.03875974]
Bus 1: breaker CLOSE (line 0) | I_line=0.3796 kA, I_close=0.9539 kA
Bus 2: breaker CLOSE (line 2) | I_line=0.4280 kA, I_close=0.7949 kA
Bus 3: breaker CLOSE (line 4) | I_line=0.1439 kA, I_close=0.7949 kA
Bus 4: breaker CLOSE (line 10) | I_line=0.2771 kA, I_close=1.4308 kA
Bus 5: breaker CLOSE (line 9) | I_line=0.2319 kA, I_close=1.4308 kA
numba cannot be imported and numba functions are disabled.
Probably the execution is slow.
Please install numba to gain a massive speedup.
(or if you prefer slow execution, set the flag numba=False to avoid this warning!)

 2026-05-08 00:02:30
Load flow sukses. Voltage snapshot (pu): [1.03713942 1.0514739  1.0393617  1.03588461 1.03704552]
Bus 1: breaker CLOSE (line 0) | I_line=0.3889 kA, I_close=0.9539 kA
Bus 2: breaker CLOSE (line 2) | I_line=0.4324 kA, I_close=0.7949 kA
Bus 3: breaker CLOSE (line 4) | I_line=0.0746 kA, I_close=0.7949 kA
Bus 4: breaker CLOSE (line 10) | I_line=0.3556 kA, I_close=1.4308 kA
Bus 5: breaker CLOSE (line 9) | I_line=0.2751 kA, I_close=1.4308 kA
numba cannot be imported and numba functions are disabled.
Probably the execution is slow.
Please install numba to gain a massive speedup.
(or if you prefer slow execution, set the flag numba=False to avoid this warning!)

 2026-05-08 00:02:34
Load flow sukses. Voltage snapshot (pu): [1.04024218 1.05276026 1.04124127 1.03710717 1.03758074]
Bus 1: breaker CLOSE (line 0) | I_line=0.3571 kA, I_close=0.9539 kA
Bus 2: breaker CLOSE (line 2) | I_line=0.4506 kA, I_close=0.7949 kA
Bus 3: breaker CLOSE (line 4) | I_line=0.1263 kA, I_close=0.7949 kA
Bus 4: breaker CLOSE (line 10) | I_line=0.3106 kA, I_close=1.4308 kA
Bus 5: breaker CLOSE (line 9) | I_line=0.2517 kA, I_close=1.4308 kA
numba cannot be imported and numba functions are disabled.
Probably the execution is slow.
Please install numba to gain a massive speedup.
(or if you prefer slow execution, set the flag numba=False to avoid this warning!)

 2026-05-08 00:02:38
Load flow sukses. Voltage snapshot (pu): [1.04092157 1.05189397 1.0386886  1.03499667 1.03600165]
Bus 1: breaker CLOSE (line 0) | I_line=0.3333 kA, I_close=0.9539 kA
Bus 2: breaker CLOSE (line 2) | I_line=0.4784 kA, I_close=0.7949 kA
Bus 3: breaker CLOSE (line 4) | I_line=0.0924 kA, I_close=0.7949 kA
Bus 4: breaker CLOSE (line 10) | I_line=0.3564 kA, I_close=1.4308 kA
Bus 5: breaker CLOSE (line 9) | I_line=0.2654 kA, I_close=1.4308 kA
numba cannot be imported and numba functions are disabled.
Probably the execution is slow.
Please install numba to gain a massive speedup.
(or if you prefer slow execution, set the flag numba=False to avoid this warning!)

 2026-05-08 00:02:42
Load flow sukses. Voltage snapshot (pu): [1.03915597 1.05154711 1.03857556 1.03530488 1.03753414]
Bus 1: breaker CLOSE (line 0) | I_line=0.3530 kA, I_close=0.9539 kA
Bus 2: breaker CLOSE (line 2) | I_line=0.4641 kA, I_close=0.7949 kA
Bus 3: breaker CLOSE (line 4) | I_line=0.0772 kA, I_close=0.7949 kA
Bus 4: breaker CLOSE (line 10) | I_line=0.3148 kA, I_close=1.4308 kA
Bus 5: breaker CLOSE (line 9) | I_line=0.2413 kA, I_close=1.4308 kA
numba cannot be imported and numba functions are disabled.
Probably the execution is slow.
Please install numba to gain a massive speedup.
(or if you prefer slow execution, set the flag numba=False to avoid this warning!)

 2026-05-08 00:02:46
Load flow sukses. Voltage snapshot (pu): [1.03627303 1.05159006 1.04005866 1.03627739 1.03790271]
Bus 1: breaker CLOSE (line 0) | I_line=0.4027 kA, I_close=0.9539 kA
Bus 2: breaker CLOSE (line 2) | I_line=0.4192 kA, I_close=0.7949 kA
Bus 3: breaker CLOSE (line 4) | I_line=0.0849 kA, I_close=0.7949 kA
Bus 4: breaker CLOSE (line 10) | I_line=0.3315 kA, I_close=1.4308 kA
Bus 5: breaker CLOSE (line 9) | I_line=0.2554 kA, I_close=1.4308 kA
numba cannot be imported and numba functions are disabled.
Probably the execution is slow.
Please install numba to gain a massive speedup.
(or if you prefer slow execution, set the flag numba=False to avoid this warning!)

 2026-05-08 00:02:50
Load flow sukses. Voltage snapshot (pu): [1.03823995 1.0515633  1.03904859 1.03657909 1.03812587]
Bus 1: breaker CLOSE (line 0) | I_line=0.3683 kA, I_close=0.9539 kA
Bus 2: breaker CLOSE (line 2) | I_line=0.4508 kA, I_close=0.7949 kA
Bus 3: breaker CLOSE (line 4) | I_line=0.0616 kA, I_close=0.7949 kA
Bus 4: breaker CLOSE (line 10) | I_line=0.3182 kA, I_close=1.4308 kA
Bus 5: breaker CLOSE (line 9) | I_line=0.2373 kA, I_close=1.4308 kA
numba cannot be imported and numba functions are disabled.
Probably the execution is slow.
Please install numba to gain a massive speedup.
(or if you prefer slow execution, set the flag numba=False to avoid this warning!)

 2026-05-08 00:02:55
Load flow sukses. Voltage snapshot (pu): [1.03949138 1.05152699 1.03836924 1.03675184 1.03824624]
Bus 1: breaker CLOSE (line 0) | I_line=0.3460 kA, I_close=0.9539 kA
Bus 2: breaker CLOSE (line 2) | I_line=0.4714 kA, I_close=0.7949 kA
Bus 3: breaker CLOSE (line 4) | I_line=0.0466 kA, I_close=0.7949 kA
Bus 4: breaker CLOSE (line 10) | I_line=0.3096 kA, I_close=1.4308 kA
Bus 5: breaker CLOSE (line 9) | I_line=0.2256 kA, I_close=1.4308 kA
numba cannot be imported and numba functions are disabled.
Probably the execution is slow.
Please install numba to gain a massive speedup.
(or if you prefer slow execution, set the flag numba=False to avoid this warning!)

 2026-05-08 00:02:59
Load flow sukses. Voltage snapshot (pu): [1.03817995 1.05153881 1.03905011 1.03590629 1.03654158]
Bus 1: breaker CLOSE (line 0) | I_line=0.3741 kA, I_close=0.9539 kA
Bus 2: breaker CLOSE (line 2) | I_line=0.4452 kA, I_close=0.7949 kA
Bus 3: breaker CLOSE (line 4) | I_line=0.0694 kA, I_close=0.7949 kA
Bus 4: breaker CLOSE (line 10) | I_line=0.3698 kA, I_close=1.4308 kA
Bus 5: breaker CLOSE (line 9) | I_line=0.2822 kA, I_close=1.4308 kA
numba cannot be imported and numba functions are disabled.
Probably the execution is slow.
Please install numba to gain a massive speedup.
(or if you prefer slow execution, set the flag numba=False to avoid this warning!)

 2026-05-08 00:03:03
Load flow sukses. Voltage snapshot (pu): [1.03668529 1.05107531 1.03857681 1.03439987 1.03503872]
Bus 1: breaker CLOSE (line 0) | I_line=0.3954 kA, I_close=0.9539 kA
Bus 2: breaker CLOSE (line 2) | I_line=0.4292 kA, I_close=0.7949 kA
Bus 3: breaker CLOSE (line 4) | I_line=0.0737 kA, I_close=0.7949 kA
Bus 4: breaker CLOSE (line 10) | I_line=0.4148 kA, I_close=1.4308 kA
Bus 5: breaker CLOSE (line 9) | I_line=0.3235 kA, I_close=1.4308 kA
numba cannot be imported and numba functions are disabled.
Probably the execution is slow.
Please install numba to gain a massive speedup.
(or if you prefer slow execution, set the flag numba=False to avoid this warning!)

 2026-05-08 00:03:07
Load flow sukses. Voltage snapshot (pu): [1.03671168 1.05096096 1.03830596 1.03329565 1.03290976]
Bus 1: breaker CLOSE (line 0) | I_line=0.3988 kA, I_close=0.9539 kA
Bus 2: breaker CLOSE (line 2) | I_line=0.4264 kA, I_close=0.7949 kA
Bus 3: breaker CLOSE (line 4) | I_line=0.0819 kA, I_close=0.7949 kA
Bus 4: breaker CLOSE (line 10) | I_line=0.4790 kA, I_close=1.4308 kA
Bus 5: breaker CLOSE (line 9) | I_line=0.3652 kA, I_close=1.4308 kA
numba cannot be imported and numba functions are disabled.
Probably the execution is slow.
Please install numba to gain a massive speedup.
(or if you prefer slow execution, set the flag numba=False to avoid this warning!)

 2026-05-08 00:03:12
Load flow sukses. Voltage snapshot (pu): [1.03958548 1.05102376 1.03708467 1.03311059 1.03348404]
Bus 1: breaker CLOSE (line 0) | I_line=0.3478 kA, I_close=0.9539 kA
Bus 2: breaker CLOSE (line 2) | I_line=0.4719 kA, I_close=0.7949 kA
Bus 3: breaker CLOSE (line 4) | I_line=0.0694 kA, I_close=0.7949 kA
Bus 4: breaker CLOSE (line 10) | I_line=0.4444 kA, I_close=1.4308 kA
Bus 5: breaker CLOSE (line 9) | I_line=0.3198 kA, I_close=1.4308 kA
numba cannot be imported and numba functions are disabled.
Probably the execution is slow.
Please install numba to gain a massive speedup.
(or if you prefer slow execution, set the flag numba=False to avoid this warning!)

 2026-05-08 00:03:16
Load flow sukses. Voltage snapshot (pu): [1.04139655 1.05102705 1.0362502  1.03294796 1.03380821]
Bus 1: breaker CLOSE (line 0) | I_line=0.3148 kA, I_close=0.9539 kA
Bus 2: breaker CLOSE (line 2) | I_line=0.5015 kA, I_close=0.7949 kA
Bus 3: breaker CLOSE (line 4) | I_line=0.0612 kA, I_close=0.7949 kA
Bus 4: breaker CLOSE (line 10) | I_line=0.4219 kA, I_close=1.4308 kA
Bus 5: breaker CLOSE (line 9) | I_line=0.2903 kA, I_close=1.4308 kA
numba cannot be imported and numba functions are disabled.
Probably the execution is slow.
Please install numba to gain a massive speedup.
(or if you prefer slow execution, set the flag numba=False to avoid this warning!)

 2026-05-08 00:03:20
Load flow sukses. Voltage snapshot (pu): [1.03979705 1.05069269 1.03611817 1.03354308 1.03418881]
Bus 1: breaker CLOSE (line 0) | I_line=0.3365 kA, I_close=0.9539 kA
Bus 2: breaker CLOSE (line 2) | I_line=0.4853 kA, I_close=0.7949 kA
Bus 3: breaker CLOSE (line 4) | I_line=0.0422 kA, I_close=0.7949 kA
Bus 4: breaker CLOSE (line 10) | I_line=0.4301 kA, I_close=1.4308 kA
Bus 5: breaker CLOSE (line 9) | I_line=0.2976 kA, I_close=1.4308 kA
numba cannot be imported and numba functions are disabled.
Probably the execution is slow.
Please install numba to gain a massive speedup.
(or if you prefer slow execution, set the flag numba=False to avoid this warning!)

 2026-05-08 00:03:25
Load flow sukses. Voltage snapshot (pu): [1.03835609 1.0510925  1.03781715 1.03503441 1.03540927]
Bus 1: breaker CLOSE (line 0) | I_line=0.3657 kA, I_close=0.9539 kA
Bus 2: breaker CLOSE (line 2) | I_line=0.4562 kA, I_close=0.7949 kA
Bus 3: breaker CLOSE (line 4) | I_line=0.0515 kA, I_close=0.7949 kA
Bus 4: breaker CLOSE (line 10) | I_line=0.4096 kA, I_close=1.4308 kA
Bus 5: breaker CLOSE (line 9) | I_line=0.2900 kA, I_close=1.4308 kA
numba cannot be imported and numba functions are disabled.
Probably the execution is slow.
Please install numba to gain a massive speedup.
(or if you prefer slow execution, set the flag numba=False to avoid this warning!)

 2026-05-08 00:03:29
Load flow sukses. Voltage snapshot (pu): [1.03737873 1.0507402  1.03735734 1.03570248 1.03608177]
Bus 1: breaker CLOSE (line 0) | I_line=0.3752 kA, I_close=0.9539 kA
Bus 2: breaker CLOSE (line 2) | I_line=0.4512 kA, I_close=0.7949 kA
Bus 3: breaker CLOSE (line 4) | I_line=0.0321 kA, I_close=0.7949 kA
Bus 4: breaker CLOSE (line 10) | I_line=0.4044 kA, I_close=1.4308 kA
Bus 5: breaker CLOSE (line 9) | I_line=0.2847 kA, I_close=1.4308 kA
numba cannot be imported and numba functions are disabled.
Probably the execution is slow.
Please install numba to gain a massive speedup.
(or if you prefer slow execution, set the flag numba=False to avoid this warning!)

 2026-05-08 00:03:33
Load flow sukses. Voltage snapshot (pu): [1.03711568 1.05073111 1.03745957 1.03599718 1.03640705]
Bus 1: breaker CLOSE (line 0) | I_line=0.3794 kA, I_close=0.9539 kA
Bus 2: breaker CLOSE (line 2) | I_line=0.4478 kA, I_close=0.7949 kA
Bus 3: breaker CLOSE (line 4) | I_line=0.0308 kA, I_close=0.7949 kA
Bus 4: breaker CLOSE (line 10) | I_line=0.3956 kA, I_close=1.4308 kA
Bus 5: breaker CLOSE (line 9) | I_line=0.2893 kA, I_close=1.4308 kA
numba cannot be imported and numba functions are disabled.
Probably the execution is slow.
Please install numba to gain a massive speedup.
(or if you prefer slow execution, set the flag numba=False to avoid this warning!)

 2026-05-08 00:03:37
Load flow sukses. Voltage snapshot (pu): [1.03661962 1.05182196 1.04053347 1.03734828 1.0374387 ]
Bus 1: breaker CLOSE (line 0) | I_line=0.4042 kA, I_close=0.9539 kA
Bus 2: breaker CLOSE (line 2) | I_line=0.4162 kA, I_close=0.7949 kA
Bus 3: breaker CLOSE (line 4) | I_line=0.0768 kA, I_close=0.7949 kA
Bus 4: breaker CLOSE (line 10) | I_line=0.3600 kA, I_close=1.4308 kA
Bus 5: breaker CLOSE (line 9) | I_line=0.2815 kA, I_close=1.4308 kA
numba cannot be imported and numba functions are disabled.
Probably the execution is slow.
Please install numba to gain a massive speedup.
(or if you prefer slow execution, set the flag numba=False to avoid this warning!)

 2026-05-08 00:03:41
Load flow sukses. Voltage snapshot (pu): [1.03627412 1.05249146 1.04244796 1.03811753 1.03799562]
Bus 1: breaker CLOSE (line 0) | I_line=0.4204 kA, I_close=0.9539 kA
Bus 2: breaker CLOSE (line 2) | I_line=0.3961 kA, I_close=0.7949 kA
Bus 3: breaker CLOSE (line 4) | I_line=0.1182 kA, I_close=0.7949 kA
Bus 4: breaker CLOSE (line 10) | I_line=0.3370 kA, I_close=1.4308 kA
Bus 5: breaker CLOSE (line 9) | I_line=0.2765 kA, I_close=1.4308 kA
numba cannot be imported and numba functions are disabled.
Probably the execution is slow.
Please install numba to gain a massive speedup.
(or if you prefer slow execution, set the flag numba=False to avoid this warning!)

 2026-05-08 00:03:46
Load flow sukses. Voltage snapshot (pu): [1.03803938 1.05172109 1.03957827 1.03577676 1.03715037]
Bus 1: breaker CLOSE (line 0) | I_line=0.3779 kA, I_close=0.9539 kA
Bus 2: breaker CLOSE (line 2) | I_line=0.4402 kA, I_close=0.7949 kA
Bus 3: breaker CLOSE (line 4) | I_line=0.0882 kA, I_close=0.7949 kA
Bus 4: breaker CLOSE (line 10) | I_line=0.3373 kA, I_close=1.4308 kA
Bus 5: breaker CLOSE (line 9) | I_line=0.2782 kA, I_close=1.4308 kA
numba cannot be imported and numba functions are disabled.
Probably the execution is slow.
Please install numba to gain a massive speedup.
(or if you prefer slow execution, set the flag numba=False to avoid this warning!)

 2026-05-08 00:03:50
Load flow sukses. Voltage snapshot (pu): [1.03562474 1.05197593 1.04142955 1.03700082 1.03745183]
Bus 1: breaker CLOSE (line 0) | I_line=0.4246 kA, I_close=0.9539 kA
Bus 2: breaker CLOSE (line 2) | I_line=0.3963 kA, I_close=0.7949 kA
Bus 3: breaker CLOSE (line 4) | I_line=0.1043 kA, I_close=0.7949 kA
Bus 4: breaker CLOSE (line 10) | I_line=0.3488 kA, I_close=1.4308 kA
Bus 5: breaker CLOSE (line 9) | I_line=0.3096 kA, I_close=1.4308 kA
numba cannot be imported and numba functions are disabled.
Probably the execution is slow.
Please install numba to gain a massive speedup.
(or if you prefer slow execution, set the flag numba=False to avoid this warning!)

 2026-05-08 00:03:55
Load flow sukses. Voltage snapshot (pu): [1.03400872 1.05210958 1.0425969  1.03776162 1.03761571]
Bus 1: breaker CLOSE (line 0) | I_line=0.4550 kA, I_close=0.9539 kA
Bus 2: breaker CLOSE (line 2) | I_line=0.3678 kA, I_close=0.7949 kA
Bus 3: breaker CLOSE (line 4) | I_line=0.1148 kA, I_close=0.7949 kA
Bus 4: breaker CLOSE (line 10) | I_line=0.3563 kA, I_close=1.4308 kA
Bus 5: breaker CLOSE (line 9) | I_line=0.3302 kA, I_close=1.4308 kA
numba cannot be imported and numba functions are disabled.
Probably the execution is slow.
Please install numba to gain a massive speedup.
(or if you prefer slow execution, set the flag numba=False to avoid this warning!)

 2026-05-08 00:03:59
Load flow sukses. Voltage snapshot (pu): [1.03365692 1.05148269 1.04111148 1.03527543 1.03609101]
Bus 1: breaker CLOSE (line 0) | I_line=0.4508 kA, I_close=0.9539 kA
Bus 2: breaker CLOSE (line 2) | I_line=0.3755 kA, I_close=0.7949 kA
Bus 3: breaker CLOSE (line 4) | I_line=0.1158 kA, I_close=0.7949 kA
Bus 4: breaker CLOSE (line 10) | I_line=0.3946 kA, I_close=1.4308 kA
Bus 5: breaker CLOSE (line 9) | I_line=0.3230 kA, I_close=1.4308 kA
numba cannot be imported and numba functions are disabled.
Probably the execution is slow.
Please install numba to gain a massive speedup.
(or if you prefer slow execution, set the flag numba=False to avoid this warning!)

 2026-05-08 00:04:03
Load flow sukses. Voltage snapshot (pu): [1.03440218 1.05063514 1.03856707 1.03261225 1.03294871]
Bus 1: breaker CLOSE (line 0) | I_line=0.4313 kA, I_close=0.9539 kA
Bus 2: breaker CLOSE (line 2) | I_line=0.3994 kA, I_close=0.7949 kA
Bus 3: breaker CLOSE (line 4) | I_line=0.0914 kA, I_close=0.7949 kA
Bus 4: breaker CLOSE (line 10) | I_line=0.4761 kA, I_close=1.4308 kA
Bus 5: breaker CLOSE (line 9) | I_line=0.3704 kA, I_close=1.4308 kA
numba cannot be imported and numba functions are disabled.
Probably the execution is slow.
Please install numba to gain a massive speedup.
(or if you prefer slow execution, set the flag numba=False to avoid this warning!)

 2026-05-08 00:04:07
Load flow sukses. Voltage snapshot (pu): [1.03486582 1.05004534 1.03682731 1.03072533 1.03069668]
Bus 1: breaker CLOSE (line 0) | I_line=0.4186 kA, I_close=0.9539 kA
Bus 2: breaker CLOSE (line 2) | I_line=0.4153 kA, I_close=0.7949 kA
Bus 3: breaker CLOSE (line 4) | I_line=0.0791 kA, I_close=0.7949 kA
Bus 4: breaker CLOSE (line 10) | I_line=0.5297 kA, I_close=1.4308 kA
Bus 5: breaker CLOSE (line 9) | I_line=0.4015 kA, I_close=1.4308 kA
