RTU measurement noise: seed=7 V_sigma=0.003 I_sigma=1.5


[2026-05-19 15:31:54] Bus 1: V=1.019 pu (raw 1.020) I=805.1 A (raw 804.4) PF=0.9665 FB=CLOSE CMD=CLOSE
[2026-05-19 15:31:54] Bus 2: V=1.009 pu (raw 1.010) I=398.1 A (raw 398.6) PF=0.9020 FB=CLOSE CMD=CLOSE
[2026-05-19 15:31:54] Bus 3: V=1.006 pu (raw 1.009) I=394.3 A (raw 394.6) PF=0.9001 FB=CLOSE CMD=CLOSE
[2026-05-19 15:31:54] Bus 4: V=1.013 pu (raw 1.010) I=488.9 A (raw 488.2) PF=0.8515 FB=CLOSE CMD=CLOSE
[2026-05-19 15:31:54] Bus 5: V=1.010 pu (raw 1.007) I=493.0 A (raw 492.7) PF=0.9771 FB=CLOSE CMD=CLOSE
DT_PATH_LAT,h2,1779179514.746821,1


[2026-05-19 15:31:58] Bus 1: V=1.021 pu (raw 1.020) I=804.6 A (raw 804.4) PF=0.9665 FB=CLOSE CMD=CLOSE
[2026-05-19 15:31:58] Bus 2: V=1.005 pu (raw 1.010) I=399.8 A (raw 398.6) PF=0.9020 FB=CLOSE CMD=CLOSE
[2026-05-19 15:31:58] Bus 3: V=1.011 pu (raw 1.009) I=395.3 A (raw 394.6) PF=0.9001 FB=CLOSE CMD=CLOSE
[2026-05-19 15:31:58] Bus 4: V=1.005 pu (raw 1.010) I=485.6 A (raw 488.2) PF=0.8515 FB=CLOSE CMD=CLOSE
[2026-05-19 15:31:58] Bus 5: V=1.004 pu (raw 1.007) I=492.0 A (raw 492.7) PF=0.9771 FB=CLOSE CMD=CLOSE
DT_PATH_LAT,h2,1779179518.782420,2


[2026-05-19 15:32:02] Bus 1: V=1.021 pu (raw 1.020) I=804.3 A (raw 804.4) PF=0.9665 FB=CLOSE CMD=CLOSE
[2026-05-19 15:32:02] Bus 2: V=1.012 pu (raw 1.010) I=397.6 A (raw 398.6) PF=0.9020 FB=CLOSE CMD=CLOSE
[2026-05-19 15:32:02] Bus 3: V=1.010 pu (raw 1.009) I=395.2 A (raw 394.6) PF=0.9001 FB=CLOSE CMD=CLOSE
[2026-05-19 15:32:02] Bus 4: V=1.008 pu (raw 1.010) I=490.8 A (raw 488.2) PF=0.8515 FB=CLOSE CMD=CLOSE
[2026-05-19 15:32:02] Bus 5: V=1.009 pu (raw 1.007) I=494.5 A (raw 492.7) PF=0.9771 FB=CLOSE CMD=CLOSE
DT_PATH_LAT,h2,1779179522.822602,3


[2026-05-19 15:32:06] Bus 1: V=1.018 pu (raw 1.020) I=803.3 A (raw 804.4) PF=0.9665 FB=CLOSE CMD=CLOSE
[2026-05-19 15:32:06] Bus 2: V=1.009 pu (raw 1.010) I=398.4 A (raw 398.6) PF=0.9020 FB=CLOSE CMD=CLOSE
[2026-05-19 15:32:06] Bus 3: V=1.011 pu (raw 1.009) I=395.0 A (raw 394.6) PF=0.9001 FB=CLOSE CMD=CLOSE
[2026-05-19 15:32:06] Bus 4: V=1.009 pu (raw 1.010) I=486.8 A (raw 488.2) PF=0.8515 FB=CLOSE CMD=CLOSE
[2026-05-19 15:32:06] Bus 5: V=1.005 pu (raw 1.007) I=494.5 A (raw 492.7) PF=0.9771 FB=CLOSE CMD=CLOSE
DT_PATH_LAT,h2,1779179529.937069,4


[2026-05-19 15:32:13] Bus 1: V=1.018 pu (raw 1.020) I=804.7 A (raw 804.4) PF=0.9665 FB=CLOSE CMD=CLOSE
[2026-05-19 15:32:13] Bus 2: V=1.011 pu (raw 1.010) I=396.3 A (raw 398.6) PF=0.9020 FB=CLOSE CMD=CLOSE
[2026-05-19 15:32:13] Bus 3: V=1.009 pu (raw 1.009) I=396.6 A (raw 394.6) PF=0.9001 FB=CLOSE CMD=CLOSE
[2026-05-19 15:32:13] Bus 4: V=1.004 pu (raw 1.010) I=487.8 A (raw 488.2) PF=0.8515 FB=CLOSE CMD=CLOSE
[2026-05-19 15:32:13] Bus 5: V=1.007 pu (raw 1.007) I=491.4 A (raw 492.7) PF=0.9771 FB=CLOSE CMD=CLOSE
DT_PATH_LAT,h2,1779179533.986028,5


[2026-05-19 15:32:17] Bus 1: V=1.021 pu (raw 1.020) I=841.8 A (raw 841.9) PF=0.9654 FB=CLOSE CMD=CLOSE
[2026-05-19 15:32:17] Bus 2: V=1.006 pu (raw 1.010) I=441.3 A (raw 440.0) PF=0.9070 FB=CLOSE CMD=CLOSE
[2026-05-19 15:32:17] Bus 3: V=1.010 pu (raw 1.008) I=430.0 A (raw 428.6) PF=0.8827 FB=CLOSE CMD=CLOSE
[2026-05-19 15:32:17] Bus 4: V=1.014 pu (raw 1.010) I=510.3 A (raw 509.8) PF=0.8155 FB=CLOSE CMD=CLOSE
[2026-05-19 15:32:17] Bus 5: V=1.007 pu (raw 1.007) I=466.4 A (raw 468.3) PF=0.9702 FB=CLOSE CMD=CLOSE
DT_PATH_LAT,h2,1779179538.037673,6


[2026-05-19 15:32:22] Bus 1: V=1.022 pu (raw 1.020) I=841.0 A (raw 841.9) PF=0.9654 FB=CLOSE CMD=OPEN
[2026-05-19 15:32:22] Bus 2: V=1.009 pu (raw 1.010) I=438.1 A (raw 440.0) PF=0.9070 FB=CLOSE CMD=CLOSE
[2026-05-19 15:32:22] Bus 3: V=1.005 pu (raw 1.008) I=427.8 A (raw 428.6) PF=0.8827 FB=CLOSE CMD=OPEN
[2026-05-19 15:32:22] Bus 4: V=1.014 pu (raw 1.010) I=506.8 A (raw 509.8) PF=0.8155 FB=CLOSE CMD=CLOSE
[2026-05-19 15:32:22] Bus 5: V=1.003 pu (raw 1.007) I=468.7 A (raw 468.3) PF=0.9702 FB=CLOSE CMD=CLOSE
DT_PATH_LAT,h2,1779179542.100007,7


[2026-05-19 15:32:26] Bus 1: V=1.024 pu (raw 1.020) I=842.8 A (raw 841.9) PF=0.9654 FB=OPEN CMD=CLOSE
[2026-05-19 15:32:26] Bus 2: V=1.004 pu (raw 1.010) I=436.3 A (raw 440.0) PF=0.9070 FB=CLOSE CMD=CLOSE
[2026-05-19 15:32:26] Bus 3: V=1.009 pu (raw 1.008) I=427.5 A (raw 428.6) PF=0.8827 FB=OPEN CMD=CLOSE
[2026-05-19 15:32:26] Bus 4: V=1.007 pu (raw 1.010) I=511.3 A (raw 509.8) PF=0.8155 FB=CLOSE CMD=CLOSE
[2026-05-19 15:32:26] Bus 5: V=1.010 pu (raw 1.007) I=468.6 A (raw 468.3) PF=0.9702 FB=CLOSE CMD=CLOSE
DT_PATH_LAT,h2,1779179546.144968,8


[2026-05-19 15:32:30] Bus 1: V=1.021 pu (raw 1.020) I=842.6 A (raw 841.9) PF=0.9654 FB=CLOSE CMD=OPEN
[2026-05-19 15:32:30] Bus 2: V=1.015 pu (raw 1.010) I=441.0 A (raw 440.0) PF=0.9070 FB=CLOSE CMD=CLOSE
[2026-05-19 15:32:30] Bus 3: V=1.010 pu (raw 1.008) I=429.4 A (raw 428.6) PF=0.8827 FB=CLOSE CMD=CLOSE
[2026-05-19 15:32:30] Bus 4: V=1.005 pu (raw 1.010) I=511.7 A (raw 509.8) PF=0.8155 FB=CLOSE CMD=CLOSE
[2026-05-19 15:32:30] Bus 5: V=1.010 pu (raw 1.007) I=469.1 A (raw 468.3) PF=0.9702 FB=CLOSE CMD=CLOSE
DT_PATH_LAT,h2,1779179550.235078,9


[2026-05-19 15:32:34] Bus 1: V=1.014 pu (raw 1.020) I=841.0 A (raw 841.9) PF=0.9654 FB=OPEN CMD=OPEN
[2026-05-19 15:32:34] Bus 2: V=1.013 pu (raw 1.010) I=437.3 A (raw 440.0) PF=0.9070 FB=CLOSE CMD=CLOSE
[2026-05-19 15:32:34] Bus 3: V=1.007 pu (raw 1.008) I=430.1 A (raw 428.6) PF=0.8827 FB=CLOSE CMD=OPEN
[2026-05-19 15:32:34] Bus 4: V=1.006 pu (raw 1.010) I=512.2 A (raw 509.8) PF=0.8155 FB=CLOSE CMD=CLOSE
[2026-05-19 15:32:34] Bus 5: V=1.009 pu (raw 1.007) I=468.1 A (raw 468.3) PF=0.9702 FB=CLOSE CMD=CLOSE
DT_PATH_LAT,h2,1779179554.409780,10


[2026-05-19 15:32:38] Bus 1: V=1.021 pu (raw 1.020) I=1.0 A (raw 0.0) PF=1.0000 FB=OPEN CMD=OPEN
[2026-05-19 15:32:38] Bus 2: V=1.010 pu (raw 1.010) I=441.8 A (raw 440.0) PF=0.9070 FB=CLOSE CMD=OPEN
[2026-05-19 15:32:38] Bus 3: V=1.006 pu (raw 1.008) I=428.0 A (raw 428.6) PF=0.8827 FB=OPEN CMD=OPEN
[2026-05-19 15:32:38] Bus 4: V=1.013 pu (raw 1.010) I=509.8 A (raw 509.8) PF=0.8155 FB=CLOSE CMD=CLOSE
[2026-05-19 15:32:38] Bus 5: V=1.004 pu (raw 1.007) I=469.8 A (raw 468.3) PF=0.9702 FB=CLOSE CMD=CLOSE
DT_PATH_LAT,h2,1779179558.462383,11


[2026-05-19 15:32:42] Bus 1: V=1.024 pu (raw 1.020) I=0.0 A (raw 0.0) PF=1.0000 FB=OPEN CMD=OPEN
[2026-05-19 15:32:42] Bus 2: V=1.006 pu (raw 1.010) I=439.8 A (raw 440.0) PF=0.9070 FB=OPEN CMD=CLOSE
[2026-05-19 15:32:42] Bus 3: V=1.008 pu (raw 1.008) I=428.2 A (raw 428.6) PF=0.8827 FB=OPEN CMD=CLOSE
[2026-05-19 15:32:42] Bus 4: V=1.014 pu (raw 1.010) I=508.3 A (raw 509.8) PF=0.8155 FB=CLOSE CMD=CLOSE
[2026-05-19 15:32:42] Bus 5: V=1.011 pu (raw 1.007) I=466.4 A (raw 468.3) PF=0.9702 FB=CLOSE CMD=CLOSE
DT_PATH_LAT,h2,1779179562.509019,12


[2026-05-19 15:32:46] Bus 1: V=1.018 pu (raw 1.020) I=0.9 A (raw 0.0) PF=1.0000 FB=OPEN CMD=OPEN
[2026-05-19 15:32:46] Bus 2: V=1.013 pu (raw 1.010) I=441.3 A (raw 440.0) PF=0.9070 FB=CLOSE CMD=CLOSE
[2026-05-19 15:32:46] Bus 3: V=1.009 pu (raw 1.008) I=428.8 A (raw 428.6) PF=0.8827 FB=CLOSE CMD=OPEN
[2026-05-19 15:32:46] Bus 4: V=1.010 pu (raw 1.010) I=510.7 A (raw 509.8) PF=0.8155 FB=CLOSE CMD=CLOSE
[2026-05-19 15:32:46] Bus 5: V=1.006 pu (raw 1.007) I=468.7 A (raw 468.3) PF=0.9702 FB=CLOSE CMD=CLOSE
DT_PATH_LAT,h2,1779179566.572316,13


[2026-05-19 15:32:50] Bus 1: V=1.022 pu (raw 1.020) I=0.0 A (raw 0.0) PF=1.0000 FB=OPEN CMD=OPEN
[2026-05-19 15:32:50] Bus 2: V=1.012 pu (raw 1.010) I=440.9 A (raw 440.0) PF=0.9070 FB=CLOSE CMD=OPEN
[2026-05-19 15:32:50] Bus 3: V=1.014 pu (raw 1.008) I=429.1 A (raw 428.6) PF=0.8827 FB=OPEN CMD=OPEN
[2026-05-19 15:32:50] Bus 4: V=1.009 pu (raw 1.010) I=509.2 A (raw 509.8) PF=0.8155 FB=CLOSE CMD=CLOSE
[2026-05-19 15:32:50] Bus 5: V=1.007 pu (raw 1.007) I=469.7 A (raw 468.3) PF=0.9702 FB=CLOSE CMD=CLOSE
DT_PATH_LAT,h2,1779179570.617380,14


[2026-05-19 15:32:54] Bus 1: V=1.019 pu (raw 1.020) I=0.6 A (raw 0.0) PF=1.0000 FB=OPEN CMD=OPEN
[2026-05-19 15:32:54] Bus 2: V=1.016 pu (raw 1.010) I=436.2 A (raw 440.0) PF=0.9070 FB=OPEN CMD=CLOSE
[2026-05-19 15:32:54] Bus 3: V=1.005 pu (raw 1.008) I=429.0 A (raw 428.6) PF=0.8827 FB=OPEN CMD=CLOSE
[2026-05-19 15:32:54] Bus 4: V=1.011 pu (raw 1.010) I=510.2 A (raw 509.8) PF=0.8155 FB=CLOSE CMD=CLOSE
[2026-05-19 15:32:54] Bus 5: V=1.006 pu (raw 1.007) I=469.3 A (raw 468.3) PF=0.9702 FB=CLOSE CMD=CLOSE
DT_PATH_LAT,h2,1779179574.660086,15


[2026-05-19 15:32:58] Bus 1: V=1.021 pu (raw 1.020) I=0.0 A (raw 0.0) PF=1.0000 FB=OPEN CMD=OPEN
[2026-05-19 15:32:58] Bus 2: V=1.017 pu (raw 1.010) I=440.6 A (raw 440.0) PF=0.9070 FB=CLOSE CMD=CLOSE
[2026-05-19 15:32:58] Bus 3: V=1.006 pu (raw 1.008) I=428.5 A (raw 428.6) PF=0.8827 FB=CLOSE CMD=OPEN
[2026-05-19 15:32:58] Bus 4: V=1.009 pu (raw 1.010) I=509.7 A (raw 509.8) PF=0.8155 FB=CLOSE CMD=CLOSE
[2026-05-19 15:32:58] Bus 5: V=0.999 pu (raw 1.007) I=467.6 A (raw 468.3) PF=0.9702 FB=CLOSE CMD=CLOSE
DT_PATH_LAT,h2,1779179578.707660,16


[2026-05-19 15:33:02] Bus 1: V=1.023 pu (raw 1.020) I=0.0 A (raw 0.0) PF=1.0000 FB=OPEN CMD=OPEN
[2026-05-19 15:33:02] Bus 2: V=1.010 pu (raw 1.010) I=441.5 A (raw 440.0) PF=0.9070 FB=CLOSE CMD=OPEN
[2026-05-19 15:33:02] Bus 3: V=1.011 pu (raw 1.008) I=430.8 A (raw 428.6) PF=0.8827 FB=OPEN CMD=OPEN
[2026-05-19 15:33:02] Bus 4: V=1.005 pu (raw 1.010) I=509.3 A (raw 509.8) PF=0.8155 FB=CLOSE CMD=CLOSE
[2026-05-19 15:33:02] Bus 5: V=1.006 pu (raw 1.007) I=469.3 A (raw 468.3) PF=0.9702 FB=CLOSE CMD=CLOSE
DT_PATH_LAT,h2,1779179582.756526,17


[2026-05-19 15:33:06] Bus 1: V=1.023 pu (raw 1.020) I=0.0 A (raw 0.0) PF=1.0000 FB=OPEN CMD=OPEN
[2026-05-19 15:33:06] Bus 2: V=1.013 pu (raw 1.010) I=437.9 A (raw 440.0) PF=0.9070 FB=OPEN CMD=CLOSE
[2026-05-19 15:33:06] Bus 3: V=1.010 pu (raw 1.008) I=426.4 A (raw 428.6) PF=0.8827 FB=OPEN CMD=CLOSE
[2026-05-19 15:33:06] Bus 4: V=1.011 pu (raw 1.010) I=511.6 A (raw 509.8) PF=0.8155 FB=CLOSE CMD=CLOSE
[2026-05-19 15:33:06] Bus 5: V=1.007 pu (raw 1.007) I=468.6 A (raw 468.3) PF=0.9702 FB=CLOSE CMD=CLOSE
DT_PATH_LAT,h2,1779179586.805499,18
