RTU measurement noise: seed=7 V_sigma=0.003 I_sigma=1.5


[2026-05-17 01:03:52] Bus 1: V=1.019 pu (raw 1.020) I=810.5 A (raw 809.7) PF=0.9603 FB=CLOSE CMD=CLOSE
[2026-05-17 01:03:52] Bus 2: V=1.009 pu (raw 1.010) I=398.2 A (raw 398.7) PF=0.9020 FB=CLOSE CMD=CLOSE
[2026-05-17 01:03:52] Bus 3: V=1.004 pu (raw 1.007) I=394.9 A (raw 395.2) PF=0.9001 FB=CLOSE CMD=CLOSE
[2026-05-17 01:03:52] Bus 4: V=1.013 pu (raw 1.010) I=479.1 A (raw 478.5) PF=0.8689 FB=CLOSE CMD=CLOSE
[2026-05-17 01:03:52] Bus 5: V=1.011 pu (raw 1.008) I=492.5 A (raw 492.1) PF=0.9771 FB=CLOSE CMD=CLOSE
DT_PATH_LAT,h2,1778954632.891379,1


[2026-05-17 01:03:56] Bus 1: V=1.021 pu (raw 1.020) I=851.0 A (raw 850.8) PF=0.9557 FB=CLOSE CMD=CLOSE
[2026-05-17 01:03:56] Bus 2: V=1.004 pu (raw 1.009) I=441.6 A (raw 440.3) PF=0.9070 FB=CLOSE CMD=CLOSE
[2026-05-17 01:03:56] Bus 3: V=1.008 pu (raw 1.006) I=430.1 A (raw 429.4) PF=0.8827 FB=CLOSE CMD=CLOSE
[2026-05-17 01:03:56] Bus 4: V=1.005 pu (raw 1.010) I=490.1 A (raw 492.7) PF=0.8439 FB=CLOSE CMD=CLOSE
[2026-05-17 01:03:56] Bus 5: V=1.005 pu (raw 1.008) I=467.1 A (raw 467.8) PF=0.9702 FB=CLOSE CMD=CLOSE
DT_PATH_LAT,h2,1778954636.923167,2


[2026-05-17 01:04:00] Bus 1: V=1.021 pu (raw 1.020) I=739.1 A (raw 739.2) PF=0.9651 FB=CLOSE CMD=OPEN
[2026-05-17 01:04:00] Bus 2: V=1.013 pu (raw 1.011) I=287.0 A (raw 288.0) PF=0.9159 FB=CLOSE CMD=OPEN
[2026-05-17 01:04:00] Bus 3: V=1.009 pu (raw 1.008) I=446.3 A (raw 445.7) PF=0.9290 FB=CLOSE CMD=CLOSE
[2026-05-17 01:04:00] Bus 4: V=1.008 pu (raw 1.010) I=466.3 A (raw 463.8) PF=0.8964 FB=CLOSE CMD=CLOSE
[2026-05-17 01:04:00] Bus 5: V=1.010 pu (raw 1.008) I=468.1 A (raw 466.3) PF=0.9736 FB=CLOSE CMD=CLOSE
DT_PATH_LAT,h2,1778954640.959195,3


[2026-05-17 01:04:04] Bus 1: V=1.018 pu (raw 1.020) I=0.0 A (raw 0.0) PF=1.0000 FB=OPEN CMD=OPEN
[2026-05-17 01:04:04] Bus 2: V=1.010 pu (raw 1.011) I=287.8 A (raw 288.0) PF=0.9159 FB=OPEN CMD=OPEN
[2026-05-17 01:04:04] Bus 3: V=1.010 pu (raw 1.008) I=446.1 A (raw 445.7) PF=0.9290 FB=CLOSE CMD=CLOSE
[2026-05-17 01:04:04] Bus 4: V=1.009 pu (raw 1.010) I=462.3 A (raw 463.8) PF=0.8964 FB=CLOSE CMD=CLOSE
[2026-05-17 01:04:04] Bus 5: V=1.006 pu (raw 1.008) I=468.1 A (raw 466.3) PF=0.9736 FB=CLOSE CMD=CLOSE
DT_PATH_LAT,h2,1778954644.989325,4


[2026-05-17 01:04:08] Bus 1: V=1.018 pu (raw 1.020) I=0.4 A (raw 0.0) PF=1.0000 FB=OPEN CMD=OPEN
[2026-05-17 01:04:08] Bus 2: V=1.012 pu (raw 1.011) I=285.7 A (raw 288.0) PF=0.9159 FB=OPEN CMD=OPEN
[2026-05-17 01:04:08] Bus 3: V=1.008 pu (raw 1.008) I=447.7 A (raw 445.7) PF=0.9290 FB=CLOSE CMD=CLOSE
[2026-05-17 01:04:08] Bus 4: V=1.004 pu (raw 1.010) I=463.3 A (raw 463.8) PF=0.8964 FB=CLOSE CMD=CLOSE
[2026-05-17 01:04:08] Bus 5: V=1.008 pu (raw 1.008) I=465.0 A (raw 466.3) PF=0.9736 FB=CLOSE CMD=CLOSE
DT_PATH_LAT,h2,1778954649.020433,5


[2026-05-17 01:04:13] Bus 1: V=1.021 pu (raw 1.020) I=0.0 A (raw 0.0) PF=1.0000 FB=OPEN CMD=OPEN
[2026-05-17 01:04:13] Bus 2: V=1.007 pu (raw 1.011) I=289.2 A (raw 288.0) PF=0.9159 FB=OPEN CMD=OPEN
[2026-05-17 01:04:13] Bus 3: V=1.010 pu (raw 1.008) I=447.1 A (raw 445.7) PF=0.9290 FB=CLOSE CMD=CLOSE
[2026-05-17 01:04:13] Bus 4: V=1.014 pu (raw 1.010) I=464.3 A (raw 463.8) PF=0.8964 FB=CLOSE CMD=CLOSE
[2026-05-17 01:04:13] Bus 5: V=1.008 pu (raw 1.008) I=464.3 A (raw 466.3) PF=0.9736 FB=CLOSE CMD=CLOSE
DT_PATH_LAT,h2,1778954653.056141,6


[2026-05-17 01:04:17] Bus 1: V=1.022 pu (raw 1.020) I=0.0 A (raw 0.0) PF=1.0000 FB=OPEN CMD=OPEN
[2026-05-17 01:04:17] Bus 2: V=1.010 pu (raw 1.011) I=286.1 A (raw 288.0) PF=0.9159 FB=OPEN CMD=OPEN
[2026-05-17 01:04:17] Bus 3: V=1.005 pu (raw 1.008) I=444.9 A (raw 445.7) PF=0.9290 FB=CLOSE CMD=CLOSE
[2026-05-17 01:04:17] Bus 4: V=1.014 pu (raw 1.010) I=460.7 A (raw 463.8) PF=0.8964 FB=CLOSE CMD=CLOSE
[2026-05-17 01:04:17] Bus 5: V=1.004 pu (raw 1.008) I=466.6 A (raw 466.3) PF=0.9736 FB=CLOSE CMD=CLOSE
DT_PATH_LAT,h2,1778954657.087343,7


[2026-05-17 01:04:21] Bus 1: V=1.024 pu (raw 1.020) I=0.9 A (raw 0.0) PF=1.0000 FB=OPEN CMD=OPEN
[2026-05-17 01:04:21] Bus 2: V=1.005 pu (raw 1.011) I=284.2 A (raw 288.0) PF=0.9159 FB=OPEN CMD=OPEN
[2026-05-17 01:04:21] Bus 3: V=1.009 pu (raw 1.008) I=444.6 A (raw 445.7) PF=0.9290 FB=CLOSE CMD=CLOSE
[2026-05-17 01:04:21] Bus 4: V=1.007 pu (raw 1.010) I=465.2 A (raw 463.8) PF=0.8964 FB=CLOSE CMD=CLOSE
[2026-05-17 01:04:21] Bus 5: V=1.011 pu (raw 1.008) I=466.5 A (raw 466.3) PF=0.9736 FB=CLOSE CMD=CLOSE
DT_PATH_LAT,h2,1778954661.130692,8


[2026-05-17 01:04:25] Bus 1: V=1.021 pu (raw 1.020) I=0.7 A (raw 0.0) PF=1.0000 FB=OPEN CMD=OPEN
[2026-05-17 01:04:25] Bus 2: V=1.016 pu (raw 1.011) I=288.9 A (raw 288.0) PF=0.9159 FB=OPEN CMD=OPEN
[2026-05-17 01:04:25] Bus 3: V=1.010 pu (raw 1.008) I=446.5 A (raw 445.7) PF=0.9290 FB=CLOSE CMD=CLOSE
[2026-05-17 01:04:25] Bus 4: V=1.005 pu (raw 1.010) I=465.7 A (raw 463.8) PF=0.8964 FB=CLOSE CMD=CLOSE
[2026-05-17 01:04:25] Bus 5: V=1.011 pu (raw 1.008) I=467.1 A (raw 466.3) PF=0.9736 FB=CLOSE CMD=CLOSE
DT_PATH_LAT,h2,1778954665.168087,9


