Memulai Server OPC UA
Endpoints other than open requested but private key and certificate are not set.
Listening on 10.0.2.2:4840


[2026-05-12 22:18:43] [iter 1] [Bus 1] P/Q/CMD -> V_in=0.0000 pu, I_in=0.0000 A, V_out=0.0000 pu, I_out=0.0000 A, V_DT=1.0000 pu, P=0.0000 MW, Q=0.0000 MVar
[2026-05-12 22:18:43] [iter 1] [Bus 2] P/Q/CMD -> V_in=0.0000 pu, I_in=0.0000 A, V_out=0.0000 pu, I_out=0.0000 A, V_DT=1.0000 pu, P=0.0000 MW, Q=0.0000 MVar
[2026-05-12 22:18:43] [iter 1] [Bus 3] P/Q/CMD -> V_in=0.0000 pu, I_in=0.0000 A, V_out=0.0000 pu, I_out=0.0000 A, V_DT=1.0000 pu, P=0.0000 MW, Q=0.0000 MVar
[2026-05-12 22:18:43] [iter 1] [Bus 4] P/Q/CMD -> V_in=0.0000 pu, I_in=0.0000 A, V_out=0.0000 pu, I_out=0.0000 A, V_DT=1.0000 pu, P=0.0000 MW, Q=0.0000 MVar
[2026-05-12 22:18:43] [iter 1] [Bus 5] P/Q/CMD -> V_in=0.0000 pu, I_in=0.0000 A, V_out=0.0000 pu, I_out=0.0000 A, V_DT=1.0000 pu, P=0.0000 MW, Q=0.0000 MVar
Memulai Modbus Gateway di 0.0.0.0:5020


[2026-05-12 22:18:47] [iter 2] [Bus 1] P/Q/CMD -> V_in=1.0120 pu, I_in=97.7241 A, V_out=1.0120 pu, I_out=97.7241 A, V_DT=1.0500 pu, P=32.7546 MW, Q=9.5534 MVar
[2026-05-12 22:18:47] [iter 2] [Bus 2] P/Q/CMD -> V_in=0.9770 pu, I_in=190.6552 A, V_out=0.9770 pu, I_out=190.6552 A, V_DT=1.0500 pu, P=73.2600 MW, Q=24.0794 MVar
[2026-05-12 22:18:47] [iter 2] [Bus 3] P/Q/CMD -> V_in=1.0220 pu, I_in=377.1379 A, V_out=1.0220 pu, I_out=377.1379 A, V_DT=1.0405 pu, P=128.9858 MW, Q=32.3269 MVar
[2026-05-12 22:18:47] [iter 2] [Bus 4] P/Q/CMD -> V_in=1.0390 pu, I_in=121.5862 A, V_out=1.0390 pu, I_out=121.5862 A, V_DT=1.0377 pu, P=47.1134 MW, Q=17.0999 MVar
[2026-05-12 22:18:47] [iter 2] [Bus 5] P/Q/CMD -> V_in=0.9920 pu, I_in=101.9655 A, V_out=0.9920 pu, I_out=101.9655 A, V_DT=1.0396 pu, P=33.5008 MW, Q=9.7711 MVar


[2026-05-12 22:18:51] [iter 3] [Bus 1] P/Q/CMD -> V_in=0.9710 pu, I_in=319.6207 A, V_out=0.9710 pu, I_out=319.6207 A, V_DT=1.0493 pu, P=102.7885 MW, Q=29.9800 MVar
[2026-05-12 22:18:51] [iter 3] [Bus 2] P/Q/CMD -> V_in=0.9520 pu, I_in=184.3448 A, V_out=0.9520 pu, I_out=184.3448 A, V_DT=1.0492 pu, P=69.0227 MW, Q=22.6867 MVar
[2026-05-12 22:18:51] [iter 3] [Bus 3] P/Q/CMD -> V_in=1.0140 pu, I_in=323.2069 A, V_out=1.0140 pu, I_out=323.2069 A, V_DT=1.0406 pu, P=109.6754 MW, Q=27.4873 MVar
[2026-05-12 22:18:51] [iter 3] [Bus 4] P/Q/CMD -> V_in=0.9720 pu, I_in=357.5517 A, V_out=0.9720 pu, I_out=357.5517 A, V_DT=1.0390 pu, P=129.6134 MW, Q=47.0434 MVar
[2026-05-12 22:18:51] [iter 3] [Bus 5] P/Q/CMD -> V_in=1.0300 pu, I_in=88.2069 A, V_out=1.0300 pu, I_out=88.2069 A, V_DT=1.0408 pu, P=30.0905 MW, Q=8.7764 MVar


[2026-05-12 22:18:55] [iter 4] [Bus 1] P/Q/CMD -> V_in=1.0300 pu, I_in=383.7931 A, V_out=1.0300 pu, I_out=383.7931 A, V_DT=1.0474 pu, P=130.9256 MW, Q=38.1866 MVar
[2026-05-12 22:18:55] [iter 4] [Bus 2] P/Q/CMD -> V_in=0.9840 pu, I_in=159.0690 A, V_out=0.9840 pu, I_out=159.0690 A, V_DT=1.0488 pu, P=61.5608 MW, Q=20.2341 MVar
[2026-05-12 22:18:55] [iter 4] [Bus 3] P/Q/CMD -> V_in=1.0450 pu, I_in=225.9655 A, V_out=1.0450 pu, I_out=225.9655 A, V_DT=1.0408 pu, P=79.0222 MW, Q=19.8048 MVar
[2026-05-12 22:18:55] [iter 4] [Bus 4] P/Q/CMD -> V_in=0.9590 pu, I_in=136.1724 A, V_out=0.9590 pu, I_out=136.1724 A, V_DT=1.0393 pu, P=48.7026 MW, Q=17.6767 MVar
[2026-05-12 22:18:55] [iter 4] [Bus 5] P/Q/CMD -> V_in=1.0340 pu, I_in=342.0345 A, V_out=1.0340 pu, I_out=342.0345 A, V_DT=1.0412 pu, P=117.1334 MW, Q=34.1639 MVar


[2026-05-12 22:18:59] [iter 5] [Bus 1] P/Q/CMD -> V_in=1.0300 pu, I_in=383.7931 A, V_out=1.0300 pu, I_out=383.7931 A, V_DT=1.0455 pu, P=130.9256 MW, Q=38.1866 MVar
[2026-05-12 22:18:59] [iter 5] [Bus 2] P/Q/CMD -> V_in=0.9840 pu, I_in=159.0690 A, V_out=0.9840 pu, I_out=159.0690 A, V_DT=1.0487 pu, P=61.5608 MW, Q=20.2341 MVar
[2026-05-12 22:18:59] [iter 5] [Bus 3] P/Q/CMD -> V_in=1.0450 pu, I_in=225.9655 A, V_out=1.0450 pu, I_out=225.9655 A, V_DT=1.0413 pu, P=79.0222 MW, Q=19.8048 MVar
[2026-05-12 22:18:59] [iter 5] [Bus 4] P/Q/CMD -> V_in=0.9590 pu, I_in=136.1724 A, V_out=0.9590 pu, I_out=136.1724 A, V_DT=1.0398 pu, P=48.7026 MW, Q=17.6767 MVar
[2026-05-12 22:18:59] [iter 5] [Bus 5] P/Q/CMD -> V_in=1.0340 pu, I_in=342.0345 A, V_out=1.0340 pu, I_out=342.0345 A, V_DT=1.0414 pu, P=117.1334 MW, Q=34.1639 MVar


[2026-05-12 22:19:03] [iter 6] [Bus 1] P/Q/CMD -> V_in=1.0300 pu, I_in=397.2414 A, V_out=1.0300 pu, I_out=397.2414 A, V_DT=1.0442 pu, P=135.5133 MW, Q=39.5247 MVar
[2026-05-12 22:19:03] [iter 6] [Bus 2] P/Q/CMD -> V_in=1.0020 pu, I_in=514.7241 A, V_out=1.0020 pu, I_out=514.7241 A, V_DT=1.0486 pu, P=202.8459 MW, Q=66.6722 MVar
[2026-05-12 22:19:03] [iter 6] [Bus 3] P/Q/CMD -> V_in=0.9870 pu, I_in=335.2414 A, V_out=0.9870 pu, I_out=335.2414 A, V_DT=1.0415 pu, P=110.7301 MW, Q=27.7516 MVar
[2026-05-12 22:19:03] [iter 6] [Bus 4] P/Q/CMD -> V_in=1.0320 pu, I_in=348.9655 A, V_out=1.0320 pu, I_out=348.9655 A, V_DT=1.0400 pu, P=134.3096 MW, Q=48.7479 MVar
[2026-05-12 22:19:03] [iter 6] [Bus 5] P/Q/CMD -> V_in=1.0360 pu, I_in=330.3793 A, V_out=1.0360 pu, I_out=330.3793 A, V_DT=1.0414 pu, P=113.3608 MW, Q=33.0636 MVar


[2026-05-12 22:19:07] [iter 7] [Bus 1] P/Q/CMD -> V_in=1.0200 pu, I_in=106.0690 A, V_out=1.0200 pu, I_out=106.0690 A, V_DT=1.0431 pu, P=35.8326 MW, Q=10.4512 MVar
[2026-05-12 22:19:07] [iter 7] [Bus 2] P/Q/CMD -> V_in=0.9720 pu, I_in=221.5172 A, V_out=0.9720 pu, I_out=221.5172 A, V_DT=1.0466 pu, P=84.6833 MW, Q=27.8341 MVar
[2026-05-12 22:19:07] [iter 7] [Bus 3] P/Q/CMD -> V_in=0.9570 pu, I_in=198.9310 A, V_out=0.9570 pu, I_out=198.9310 A, V_DT=1.0410 pu, P=63.7097 MW, Q=15.9671 MVar
[2026-05-12 22:19:07] [iter 7] [Bus 4] P/Q/CMD -> V_in=0.9600 pu, I_in=219.2414 A, V_out=0.9600 pu, I_out=219.2414 A, V_DT=1.0397 pu, P=78.4944 MW, Q=28.4897 MVar
[2026-05-12 22:19:07] [iter 7] [Bus 5] P/Q/CMD -> V_in=1.0120 pu, I_in=245.4138 A, V_out=1.0120 pu, I_out=245.4138 A, V_DT=1.0411 pu, P=82.2564 MW, Q=23.9915 MVar


[2026-05-12 22:19:11] [iter 8] [Bus 1] P/Q/CMD -> V_in=0.9870 pu, I_in=182.6897 A, V_out=0.9870 pu, I_out=182.6897 A, V_DT=1.0447 pu, P=59.7202 MW, Q=17.4184 MVar
[2026-05-12 22:19:11] [iter 8] [Bus 2] P/Q/CMD -> V_in=0.9760 pu, I_in=512.4828 A, V_out=0.9760 pu, I_out=512.4828 A, V_DT=1.0468 pu, P=196.7220 MW, Q=64.6594 MVar
[2026-05-12 22:19:11] [iter 8] [Bus 3] P/Q/CMD -> V_in=1.0140 pu, I_in=351.1034 A, V_out=1.0140 pu, I_out=351.1034 A, V_DT=1.0409 pu, P=119.1417 MW, Q=29.8597 MVar
[2026-05-12 22:19:11] [iter 8] [Bus 4] P/Q/CMD -> V_in=0.9670 pu, I_in=423.0690 A, V_out=0.9670 pu, I_out=423.0690 A, V_DT=1.0391 pu, P=152.5747 MW, Q=55.3772 MVar
[2026-05-12 22:19:11] [iter 8] [Bus 5] P/Q/CMD -> V_in=0.9660 pu, I_in=264.0690 A, V_out=0.9660 pu, I_out=264.0690 A, V_DT=1.0406 pu, P=84.4860 MW, Q=24.6418 MVar


[2026-05-12 22:19:15] [iter 9] [Bus 1] P/Q/CMD -> V_in=0.9870 pu, I_in=182.6897 A, V_out=0.9870 pu, I_out=182.6897 A, V_DT=1.0451 pu, P=59.7202 MW, Q=17.4184 MVar
[2026-05-12 22:19:15] [iter 9] [Bus 2] P/Q/CMD -> V_in=0.9760 pu, I_in=512.4828 A, V_out=0.9760 pu, I_out=512.4828 A, V_DT=1.0454 pu, P=196.7220 MW, Q=64.6594 MVar
[2026-05-12 22:19:15] [iter 9] [Bus 3] P/Q/CMD -> V_in=1.0140 pu, I_in=351.1034 A, V_out=1.0140 pu, I_out=351.1034 A, V_DT=1.0401 pu, P=119.1417 MW, Q=29.8597 MVar
[2026-05-12 22:19:15] [iter 9] [Bus 4] P/Q/CMD -> V_in=0.9670 pu, I_in=423.0690 A, V_out=0.9670 pu, I_out=423.0690 A, V_DT=1.0384 pu, P=152.5747 MW, Q=55.3772 MVar
[2026-05-12 22:19:15] [iter 9] [Bus 5] P/Q/CMD -> V_in=0.9660 pu, I_in=264.0690 A, V_out=0.9660 pu, I_out=264.0690 A, V_DT=1.0401 pu, P=84.4860 MW, Q=24.6418 MVar


[2026-05-12 22:19:19] [iter 10] [Bus 1] P/Q/CMD -> V_in=1.0480 pu, I_in=352.6552 A, V_out=1.0480 pu, I_out=352.6552 A, V_DT=1.0451 pu, P=122.4058 MW, Q=35.7017 MVar
[2026-05-12 22:19:19] [iter 10] [Bus 2] P/Q/CMD -> V_in=1.0040 pu, I_in=387.3448 A, V_out=1.0040 pu, I_out=387.3448 A, V_DT=1.0454 pu, P=152.9521 MW, Q=50.2729 MVar
[2026-05-12 22:19:19] [iter 10] [Bus 3] P/Q/CMD -> V_in=1.0340 pu, I_in=415.5517 A, V_out=1.0340 pu, I_out=415.5517 A, V_DT=1.0401 pu, P=143.7926 MW, Q=36.0378 MVar
[2026-05-12 22:19:19] [iter 10] [Bus 4] P/Q/CMD -> V_in=0.9720 pu, I_in=105.0345 A, V_out=0.9720 pu, I_out=105.0345 A, V_DT=1.0384 pu, P=38.0753 MW, Q=13.8195 MVar
[2026-05-12 22:19:19] [iter 10] [Bus 5] P/Q/CMD -> V_in=0.9810 pu, I_in=209.8276 A, V_out=0.9810 pu, I_out=209.8276 A, V_DT=1.0401 pu, P=68.1745 MW, Q=19.8842 MVar


[2026-05-12 22:19:23] [iter 11] [Bus 1] P/Q/CMD -> V_in=0.9710 pu, I_in=518.2414 A, V_out=0.9710 pu, I_out=518.2414 A, V_DT=1.0454 pu, P=166.6639 MW, Q=48.6103 MVar
[2026-05-12 22:19:23] [iter 11] [Bus 2] P/Q/CMD -> V_in=1.0370 pu, I_in=218.4138 A, V_out=1.0370 pu, I_out=218.4138 A, V_DT=1.0444 pu, P=89.0805 MW, Q=29.2794 MVar
[2026-05-12 22:19:23] [iter 11] [Bus 3] P/Q/CMD -> V_in=1.0140 pu, I_in=258.2759 A, V_out=1.0140 pu, I_out=258.2759 A, V_DT=1.0395 pu, P=87.6421 MW, Q=21.9652 MVar
[2026-05-12 22:19:23] [iter 11] [Bus 4] P/Q/CMD -> V_in=1.0410 pu, I_in=278.5862 A, V_out=1.0410 pu, I_out=278.5862 A, V_DT=1.0379 pu, P=108.1571 MW, Q=39.2558 MVar
[2026-05-12 22:19:23] [iter 11] [Bus 5] P/Q/CMD -> V_in=0.9760 pu, I_in=201.4138 A, V_out=0.9760 pu, I_out=201.4138 A, V_DT=1.0397 pu, P=65.1073 MW, Q=18.9896 MVar


[2026-05-12 22:19:27] [iter 12] [Bus 1] P/Q/CMD -> V_in=1.0060 pu, I_in=202.5172 A, V_out=1.0060 pu, I_out=202.5172 A, V_DT=1.0443 pu, P=67.4762 MW, Q=19.6805 MVar
[2026-05-12 22:19:27] [iter 12] [Bus 2] P/Q/CMD -> V_in=1.0080 pu, I_in=479.4138 A, V_out=1.0080 pu, I_out=479.4138 A, V_DT=1.0443 pu, P=190.0619 MW, Q=62.4703 MVar
[2026-05-12 22:19:27] [iter 12] [Bus 3] P/Q/CMD -> V_in=0.9890 pu, I_in=186.5172 A, V_out=0.9890 pu, I_out=186.5172 A, V_DT=1.0395 pu, P=61.7314 MW, Q=15.4713 MVar
[2026-05-12 22:19:27] [iter 12] [Bus 4] P/Q/CMD -> V_in=1.0490 pu, I_in=297.6552 A, V_out=1.0490 pu, I_out=297.6552 A, V_DT=1.0386 pu, P=116.4484 MW, Q=42.2651 MVar
[2026-05-12 22:19:27] [iter 12] [Bus 5] P/Q/CMD -> V_in=0.9590 pu, I_in=113.4483 A, V_out=0.9590 pu, I_out=113.4483 A, V_DT=1.0404 pu, P=36.0335 MW, Q=10.5098 MVar


[2026-05-12 22:19:31] [iter 13] [Bus 1] P/Q/CMD -> V_in=0.9600 pu, I_in=379.1724 A, V_out=0.9600 pu, I_out=379.1724 A, V_DT=1.0447 pu, P=120.5586 MW, Q=35.1629 MVar
[2026-05-12 22:19:31] [iter 13] [Bus 2] P/Q/CMD -> V_in=1.0290 pu, I_in=266.2069 A, V_out=1.0290 pu, I_out=266.2069 A, V_DT=1.0442 pu, P=107.7354 MW, Q=35.4109 MVar
[2026-05-12 22:19:31] [iter 13] [Bus 3] P/Q/CMD -> V_in=0.9560 pu, I_in=267.8276 A, V_out=0.9560 pu, I_out=267.8276 A, V_DT=1.0400 pu, P=85.6848 MW, Q=21.4746 MVar
[2026-05-12 22:19:31] [iter 13] [Bus 4] P/Q/CMD -> V_in=1.0490 pu, I_in=305.8966 A, V_out=1.0490 pu, I_out=305.8966 A, V_DT=1.0390 pu, P=119.6726 MW, Q=43.4354 MVar
[2026-05-12 22:19:31] [iter 13] [Bus 5] P/Q/CMD -> V_in=1.0470 pu, I_in=446.1379 A, V_out=1.0470 pu, I_out=446.1379 A, V_DT=1.0409 pu, P=154.7056 MW, Q=45.1225 MVar


[2026-05-12 22:19:35] [iter 14] [Bus 1] P/Q/CMD -> V_in=0.9510 pu, I_in=426.2759 A, V_out=0.9510 pu, I_out=426.2759 A, V_DT=1.0451 pu, P=134.2646 MW, Q=39.1605 MVar
[2026-05-12 22:19:35] [iter 14] [Bus 2] P/Q/CMD -> V_in=1.0180 pu, I_in=318.7586 A, V_out=1.0180 pu, I_out=318.7586 A, V_DT=1.0448 pu, P=127.6244 MW, Q=41.9481 MVar
[2026-05-12 22:19:35] [iter 14] [Bus 3] P/Q/CMD -> V_in=0.9760 pu, I_in=379.1724 A, V_out=0.9760 pu, I_out=379.1724 A, V_DT=1.0401 pu, P=123.8447 MW, Q=31.0384 MVar
[2026-05-12 22:19:35] [iter 14] [Bus 4] P/Q/CMD -> V_in=0.9610 pu, I_in=290.8276 A, V_out=0.9610 pu, I_out=290.8276 A, V_DT=1.0384 pu, P=104.2326 MW, Q=37.8314 MVar
[2026-05-12 22:19:35] [iter 14] [Bus 5] P/Q/CMD -> V_in=0.9950 pu, I_in=510.4828 A, V_out=0.9950 pu, I_out=510.4828 A, V_DT=1.0400 pu, P=168.2265 MW, Q=49.0661 MVar


[2026-05-12 22:19:40] [iter 15] [Bus 1] P/Q/CMD -> V_in=0.9510 pu, I_in=426.2759 A, V_out=0.9510 pu, I_out=426.2759 A, V_DT=1.0438 pu, P=134.2646 MW, Q=39.1605 MVar
[2026-05-12 22:19:40] [iter 15] [Bus 2] P/Q/CMD -> V_in=1.0180 pu, I_in=318.7586 A, V_out=1.0180 pu, I_out=318.7586 A, V_DT=1.0448 pu, P=127.6244 MW, Q=41.9481 MVar
[2026-05-12 22:19:40] [iter 15] [Bus 3] P/Q/CMD -> V_in=0.9760 pu, I_in=379.1724 A, V_out=0.9760 pu, I_out=379.1724 A, V_DT=1.0398 pu, P=123.8447 MW, Q=31.0384 MVar
[2026-05-12 22:19:40] [iter 15] [Bus 4] P/Q/CMD -> V_in=0.9610 pu, I_in=290.8276 A, V_out=0.9610 pu, I_out=290.8276 A, V_DT=1.0380 pu, P=104.2326 MW, Q=37.8314 MVar
[2026-05-12 22:19:40] [iter 15] [Bus 5] P/Q/CMD -> V_in=0.9950 pu, I_in=510.4828 A, V_out=0.9950 pu, I_out=510.4828 A, V_DT=1.0394 pu, P=168.2265 MW, Q=49.0661 MVar


[2026-05-12 22:19:44] [iter 16] [Bus 1] P/Q/CMD -> V_in=1.0370 pu, I_in=196.6552 A, V_out=1.0370 pu, I_out=196.6552 A, V_DT=1.0429 pu, P=67.5421 MW, Q=19.6998 MVar
[2026-05-12 22:19:44] [iter 16] [Bus 2] P/Q/CMD -> V_in=1.0000 pu, I_in=166.7241 A, V_out=1.0000 pu, I_out=166.7241 A, V_DT=1.0449 pu, P=65.5726 MW, Q=21.5527 MVar
[2026-05-12 22:19:44] [iter 16] [Bus 3] P/Q/CMD -> V_in=1.0410 pu, I_in=452.7586 A, V_out=1.0410 pu, I_out=452.7586 A, V_DT=1.0396 pu, P=157.7278 MW, Q=39.5303 MVar
[2026-05-12 22:19:44] [iter 16] [Bus 4] P/Q/CMD -> V_in=0.9790 pu, I_in=377.0345 A, V_out=0.9790 pu, I_out=377.0345 A, V_DT=1.0377 pu, P=137.6602 MW, Q=49.9640 MVar
[2026-05-12 22:19:44] [iter 16] [Bus 5] P/Q/CMD -> V_in=1.0100 pu, I_in=153.6897 A, V_out=1.0100 pu, I_out=153.6897 A, V_DT=1.0389 pu, P=51.4110 MW, Q=14.9949 MVar


[2026-05-12 22:19:48] [iter 17] [Bus 1] P/Q/CMD -> V_in=1.0260 pu, I_in=317.2759 A, V_out=1.0260 pu, I_out=317.2759 A, V_DT=1.0439 pu, P=107.8139 MW, Q=31.4457 MVar
[2026-05-12 22:19:48] [iter 17] [Bus 2] P/Q/CMD -> V_in=1.0270 pu, I_in=312.8966 A, V_out=1.0270 pu, I_out=312.8966 A, V_DT=1.0456 pu, P=126.3849 MW, Q=41.5407 MVar
[2026-05-12 22:19:48] [iter 17] [Bus 3] P/Q/CMD -> V_in=0.9500 pu, I_in=242.9655 A, V_out=0.9500 pu, I_out=242.9655 A, V_DT=1.0393 pu, P=77.2430 MW, Q=19.3589 MVar
[2026-05-12 22:19:48] [iter 17] [Bus 4] P/Q/CMD -> V_in=0.9510 pu, I_in=522.2759 A, V_out=0.9510 pu, I_out=522.2759 A, V_DT=1.0376 pu, P=185.2359 MW, Q=67.2317 MVar
[2026-05-12 22:19:48] [iter 17] [Bus 5] P/Q/CMD -> V_in=1.0370 pu, I_in=437.7241 A, V_out=1.0370 pu, I_out=437.7241 A, V_DT=1.0391 pu, P=150.3383 MW, Q=43.8487 MVar


[2026-05-12 22:19:52] [iter 18] [Bus 1] P/Q/CMD -> V_in=0.9800 pu, I_in=115.7931 A, V_out=0.9800 pu, I_out=115.7931 A, V_DT=1.0435 pu, P=37.5837 MW, Q=10.9619 MVar
[2026-05-12 22:19:52] [iter 18] [Bus 2] P/Q/CMD -> V_in=1.0370 pu, I_in=486.6897 A, V_out=1.0370 pu, I_out=486.6897 A, V_DT=1.0454 pu, P=198.4974 MW, Q=65.2429 MVar
[2026-05-12 22:19:52] [iter 18] [Bus 3] P/Q/CMD -> V_in=0.9580 pu, I_in=315.1379 A, V_out=0.9580 pu, I_out=315.1379 A, V_DT=1.0391 pu, P=101.0316 MW, Q=25.3209 MVar
[2026-05-12 22:19:52] [iter 18] [Bus 4] P/Q/CMD -> V_in=0.9560 pu, I_in=442.0690 A, V_out=0.9560 pu, I_out=442.0690 A, V_DT=1.0362 pu, P=157.6132 MW, Q=57.2060 MVar
[2026-05-12 22:19:52] [iter 18] [Bus 5] P/Q/CMD -> V_in=1.0260 pu, I_in=140.8621 A, V_out=1.0260 pu, I_out=140.8621 A, V_DT=1.0378 pu, P=47.8665 MW, Q=13.9611 MVar


[2026-05-12 22:19:56] [iter 19] [Bus 1] P/Q/CMD -> V_in=0.9970 pu, I_in=331.0000 A, V_out=0.9970 pu, I_out=331.0000 A, V_DT=1.0448 pu, P=109.2983 MW, Q=31.8787 MVar
[2026-05-12 22:19:56] [iter 19] [Bus 2] P/Q/CMD -> V_in=0.9760 pu, I_in=483.6207 A, V_out=0.9760 pu, I_out=483.6207 A, V_DT=1.0444 pu, P=185.6430 MW, Q=61.0179 MVar
[2026-05-12 22:19:56] [iter 19] [Bus 3] P/Q/CMD -> V_in=0.9920 pu, I_in=182.7241 A, V_out=0.9920 pu, I_out=182.7241 A, V_DT=1.0390 pu, P=60.6594 MW, Q=15.2027 MVar
[2026-05-12 22:19:56] [iter 19] [Bus 4] P/Q/CMD -> V_in=1.0020 pu, I_in=407.8966 A, V_out=1.0020 pu, I_out=407.8966 A, V_DT=1.0365 pu, P=152.4272 MW, Q=55.3237 MVar
[2026-05-12 22:19:56] [iter 19] [Bus 5] P/Q/CMD -> V_in=0.9700 pu, I_in=232.2759 A, V_out=0.9700 pu, I_out=232.2759 A, V_DT=1.0384 pu, P=74.6219 MW, Q=21.7647 MVar


[2026-05-12 22:20:00] [iter 20] [Bus 1] P/Q/CMD -> V_in=0.9970 pu, I_in=331.0000 A, V_out=0.9970 pu, I_out=331.0000 A, V_DT=1.0441 pu, P=109.2983 MW, Q=31.8787 MVar
[2026-05-12 22:20:00] [iter 20] [Bus 2] P/Q/CMD -> V_in=0.9760 pu, I_in=483.6207 A, V_out=0.9760 pu, I_out=483.6207 A, V_DT=1.0442 pu, P=185.6430 MW, Q=61.0179 MVar
[2026-05-12 22:20:00] [iter 20] [Bus 3] P/Q/CMD -> V_in=0.9920 pu, I_in=182.7241 A, V_out=0.9920 pu, I_out=182.7241 A, V_DT=1.0395 pu, P=60.6594 MW, Q=15.2027 MVar
[2026-05-12 22:20:00] [iter 20] [Bus 4] P/Q/CMD -> V_in=1.0020 pu, I_in=407.8966 A, V_out=1.0020 pu, I_out=407.8966 A, V_DT=1.0370 pu, P=152.4272 MW, Q=55.3237 MVar
[2026-05-12 22:20:00] [iter 20] [Bus 5] P/Q/CMD -> V_in=0.9700 pu, I_in=232.2759 A, V_out=0.9700 pu, I_out=232.2759 A, V_DT=1.0389 pu, P=74.6219 MW, Q=21.7647 MVar


[2026-05-12 22:20:04] [iter 21] [Bus 1] P/Q/CMD -> V_in=1.0490 pu, I_in=356.5862 A, V_out=1.0490 pu, I_out=356.5862 A, V_DT=1.0437 pu, P=123.8883 MW, Q=36.1341 MVar
[2026-05-12 22:20:04] [iter 21] [Bus 2] P/Q/CMD -> V_in=0.9930 pu, I_in=317.9655 A, V_out=0.9930 pu, I_out=317.9655 A, V_DT=1.0440 pu, P=124.1804 MW, Q=40.8161 MVar
[2026-05-12 22:20:04] [iter 21] [Bus 3] P/Q/CMD -> V_in=0.9620 pu, I_in=194.3793 A, V_out=0.9620 pu, I_out=194.3793 A, V_DT=1.0398 pu, P=62.5772 MW, Q=15.6833 MVar
[2026-05-12 22:20:04] [iter 21] [Bus 4] P/Q/CMD -> V_in=0.9830 pu, I_in=352.8621 A, V_out=0.9830 pu, I_out=352.8621 A, V_DT=1.0372 pu, P=129.3610 MW, Q=46.9518 MVar
[2026-05-12 22:20:04] [iter 21] [Bus 5] P/Q/CMD -> V_in=0.9730 pu, I_in=190.1724 A, V_out=0.9730 pu, I_out=190.1724 A, V_DT=1.0392 pu, P=61.2845 MW, Q=17.8746 MVar


[2026-05-12 22:20:08] [iter 22] [Bus 1] P/Q/CMD -> V_in=0.9570 pu, I_in=382.4138 A, V_out=0.9570 pu, I_out=382.4138 A, V_DT=1.0431 pu, P=121.2093 MW, Q=35.3527 MVar
[2026-05-12 22:20:08] [iter 22] [Bus 2] P/Q/CMD -> V_in=0.9720 pu, I_in=500.3448 A, V_out=0.9720 pu, I_out=500.3448 A, V_DT=1.0447 pu, P=191.2756 MW, Q=62.8693 MVar
[2026-05-12 22:20:08] [iter 22] [Bus 3] P/Q/CMD -> V_in=1.0350 pu, I_in=115.1379 A, V_out=1.0350 pu, I_out=115.1379 A, V_DT=1.0404 pu, P=39.8795 MW, Q=9.9947 MVar
[2026-05-12 22:20:08] [iter 22] [Bus 4] P/Q/CMD -> V_in=0.9730 pu, I_in=392.9655 A, V_out=0.9730 pu, I_out=392.9655 A, V_DT=1.0378 pu, P=142.5976 MW, Q=51.7560 MVar
[2026-05-12 22:20:08] [iter 22] [Bus 5] P/Q/CMD -> V_in=0.9710 pu, I_in=150.6207 A, V_out=0.9710 pu, I_out=150.6207 A, V_DT=1.0398 pu, P=48.4389 MW, Q=14.1280 MVar


[2026-05-12 22:20:12] [iter 23] [Bus 1] P/Q/CMD -> V_in=1.0430 pu, I_in=325.3793 A, V_out=1.0430 pu, I_out=325.3793 A, V_DT=1.0428 pu, P=112.3995 MW, Q=32.7832 MVar
[2026-05-12 22:20:12] [iter 23] [Bus 2] P/Q/CMD -> V_in=0.9970 pu, I_in=434.7931 A, V_out=0.9970 pu, I_out=434.7931 A, V_DT=1.0444 pu, P=170.4911 MW, Q=56.0377 MVar
[2026-05-12 22:20:12] [iter 23] [Bus 3] P/Q/CMD -> V_in=1.0300 pu, I_in=166.7931 A, V_out=1.0300 pu, I_out=166.7931 A, V_DT=1.0407 pu, P=57.4918 MW, Q=14.4088 MVar
[2026-05-12 22:20:12] [iter 23] [Bus 4] P/Q/CMD -> V_in=0.9590 pu, I_in=289.5517 A, V_out=0.9590 pu, I_out=289.5517 A, V_DT=1.0383 pu, P=103.5594 MW, Q=37.5870 MVar
[2026-05-12 22:20:12] [iter 23] [Bus 5] P/Q/CMD -> V_in=0.9920 pu, I_in=296.0000 A, V_out=0.9920 pu, I_out=296.0000 A, V_DT=1.0403 pu, P=97.2509 MW, Q=28.3649 MVar


[2026-05-12 22:20:16] [iter 24] [Bus 1] P/Q/CMD -> V_in=1.0220 pu, I_in=376.0000 A, V_out=1.0220 pu, I_out=376.0000 A, V_DT=1.0428 pu, P=127.2709 MW, Q=37.1207 MVar
[2026-05-12 22:20:16] [iter 24] [Bus 2] P/Q/CMD -> V_in=1.0480 pu, I_in=125.3448 A, V_out=1.0480 pu, I_out=125.3448 A, V_DT=1.0444 pu, P=51.6644 MW, Q=16.9813 MVar
[2026-05-12 22:20:16] [iter 24] [Bus 3] P/Q/CMD -> V_in=0.9900 pu, I_in=239.8276 A, V_out=0.9900 pu, I_out=239.8276 A, V_DT=1.0409 pu, P=79.4557 MW, Q=19.9135 MVar
[2026-05-12 22:20:16] [iter 24] [Bus 4] P/Q/CMD -> V_in=1.0360 pu, I_in=190.6552 A, V_out=1.0360 pu, I_out=190.6552 A, V_DT=1.0386 pu, P=73.6636 MW, Q=26.7363 MVar
[2026-05-12 22:20:16] [iter 24] [Bus 5] P/Q/CMD -> V_in=0.9690 pu, I_in=294.7586 A, V_out=0.9690 pu, I_out=294.7586 A, V_DT=1.0405 pu, P=94.5977 MW, Q=27.5910 MVar


[2026-05-12 22:20:20] [iter 25] [Bus 1] P/Q/CMD -> V_in=1.0220 pu, I_in=376.0000 A, V_out=1.0220 pu, I_out=376.0000 A, V_DT=1.0425 pu, P=127.2709 MW, Q=37.1207 MVar
[2026-05-12 22:20:20] [iter 25] [Bus 2] P/Q/CMD -> V_in=1.0480 pu, I_in=125.3448 A, V_out=1.0480 pu, I_out=125.3448 A, V_DT=1.0459 pu, P=51.6644 MW, Q=16.9813 MVar
[2026-05-12 22:20:20] [iter 25] [Bus 3] P/Q/CMD -> V_in=0.9900 pu, I_in=239.8276 A, V_out=0.9900 pu, I_out=239.8276 A, V_DT=1.0412 pu, P=79.4557 MW, Q=19.9135 MVar
[2026-05-12 22:20:20] [iter 25] [Bus 4] P/Q/CMD -> V_in=1.0360 pu, I_in=190.6552 A, V_out=1.0360 pu, I_out=190.6552 A, V_DT=1.0390 pu, P=73.6636 MW, Q=26.7363 MVar
[2026-05-12 22:20:20] [iter 25] [Bus 5] P/Q/CMD -> V_in=0.9690 pu, I_in=294.7586 A, V_out=0.9690 pu, I_out=294.7586 A, V_DT=1.0407 pu, P=94.5977 MW, Q=27.5910 MVar


[2026-05-12 22:20:24] [iter 26] [Bus 1] P/Q/CMD -> V_in=0.9920 pu, I_in=212.3793 A, V_out=0.9920 pu, I_out=212.3793 A, V_DT=1.0424 pu, P=69.7773 MW, Q=20.3517 MVar
[2026-05-12 22:20:24] [iter 26] [Bus 2] P/Q/CMD -> V_in=0.9740 pu, I_in=507.3448 A, V_out=0.9740 pu, I_out=507.3448 A, V_DT=1.0468 pu, P=194.3507 MW, Q=63.8800 MVar
[2026-05-12 22:20:24] [iter 26] [Bus 3] P/Q/CMD -> V_in=0.9940 pu, I_in=470.0690 A, V_out=0.9940 pu, I_out=470.0690 A, V_DT=1.0413 pu, P=156.3647 MW, Q=39.1887 MVar
[2026-05-12 22:20:24] [iter 26] [Bus 4] P/Q/CMD -> V_in=1.0040 pu, I_in=109.7931 A, V_out=1.0040 pu, I_out=109.7931 A, V_DT=1.0392 pu, P=41.1106 MW, Q=14.9211 MVar
[2026-05-12 22:20:24] [iter 26] [Bus 5] P/Q/CMD -> V_in=1.0490 pu, I_in=434.5517 A, V_out=1.0490 pu, I_out=434.5517 A, V_DT=1.0407 pu, P=150.9758 MW, Q=44.0346 MVar


[2026-05-12 22:20:29] [iter 27] [Bus 1] P/Q/CMD -> V_in=1.0460 pu, I_in=473.7931 A, V_out=1.0460 pu, I_out=473.7931 A, V_DT=1.0434 pu, P=164.1386 MW, Q=47.8738 MVar
[2026-05-12 22:20:29] [iter 27] [Bus 2] P/Q/CMD -> V_in=1.0340 pu, I_in=155.8621 A, V_out=1.0340 pu, I_out=155.8621 A, V_DT=1.0454 pu, P=63.3848 MW, Q=20.8336 MVar
[2026-05-12 22:20:29] [iter 27] [Bus 3] P/Q/CMD -> V_in=0.9980 pu, I_in=182.4483 A, V_out=0.9980 pu, I_out=182.4483 A, V_DT=1.0404 pu, P=60.9342 MW, Q=15.2716 MVar
[2026-05-12 22:20:29] [iter 27] [Bus 4] P/Q/CMD -> V_in=0.9900 pu, I_in=115.0345 A, V_out=0.9900 pu, I_out=115.0345 A, V_DT=1.0396 pu, P=42.4725 MW, Q=15.4155 MVar
[2026-05-12 22:20:29] [iter 27] [Bus 5] P/Q/CMD -> V_in=0.9870 pu, I_in=528.3793 A, V_out=0.9870 pu, I_out=528.3793 A, V_DT=1.0408 pu, P=172.7242 MW, Q=50.3779 MVar


[2026-05-12 22:20:33] [iter 28] [Bus 1] P/Q/CMD -> V_in=0.9760 pu, I_in=443.7931 A, V_out=0.9760 pu, I_out=443.7931 A, V_DT=1.0421 pu, P=143.4567 MW, Q=41.8415 MVar
[2026-05-12 22:20:33] [iter 28] [Bus 2] P/Q/CMD -> V_in=0.9950 pu, I_in=275.5862 A, V_out=0.9950 pu, I_out=275.5862 A, V_DT=1.0464 pu, P=107.8461 MW, Q=35.4473 MVar
[2026-05-12 22:20:33] [iter 28] [Bus 3] P/Q/CMD -> V_in=1.0450 pu, I_in=503.4138 A, V_out=1.0450 pu, I_out=503.4138 A, V_DT=1.0410 pu, P=176.0485 MW, Q=44.1219 MVar
[2026-05-12 22:20:33] [iter 28] [Bus 4] P/Q/CMD -> V_in=1.0040 pu, I_in=402.2069 A, V_out=1.0040 pu, I_out=402.2069 A, V_DT=1.0396 pu, P=150.6011 MW, Q=54.6609 MVar
[2026-05-12 22:20:33] [iter 28] [Bus 5] P/Q/CMD -> V_in=0.9650 pu, I_in=226.5517 A, V_out=0.9650 pu, I_out=226.5517 A, V_DT=1.0406 pu, P=72.4077 MW, Q=21.1189 MVar


[2026-05-12 22:20:37] [iter 29] [Bus 1] P/Q/CMD -> V_in=1.0460 pu, I_in=327.7586 A, V_out=1.0460 pu, I_out=327.7586 A, V_DT=1.0416 pu, P=113.5471 MW, Q=33.1179 MVar
[2026-05-12 22:20:37] [iter 29] [Bus 2] P/Q/CMD -> V_in=1.0040 pu, I_in=415.6897 A, V_out=1.0040 pu, I_out=415.6897 A, V_DT=1.0460 pu, P=164.1447 MW, Q=53.9518 MVar
[2026-05-12 22:20:37] [iter 29] [Bus 3] P/Q/CMD -> V_in=0.9550 pu, I_in=361.3448 A, V_out=0.9550 pu, I_out=361.3448 A, V_DT=1.0402 pu, P=115.4825 MW, Q=28.9426 MVar
[2026-05-12 22:20:37] [iter 29] [Bus 4] P/Q/CMD -> V_in=1.0000 pu, I_in=463.4483 A, V_out=1.0000 pu, I_out=463.4483 A, V_DT=1.0390 pu, P=172.8407 MW, Q=62.7328 MVar
[2026-05-12 22:20:37] [iter 29] [Bus 5] P/Q/CMD -> V_in=0.9650 pu, I_in=529.2759 A, V_out=0.9650 pu, I_out=529.2759 A, V_DT=1.0403 pu, P=169.1608 MW, Q=49.3386 MVar


[2026-05-12 22:20:41] [iter 30] [Bus 1] P/Q/CMD -> V_in=0.9580 pu, I_in=177.3448 A, V_out=0.9580 pu, I_out=177.3448 A, V_DT=1.0419 pu, P=56.2697 MW, Q=16.4120 MVar
[2026-05-12 22:20:41] [iter 30] [Bus 2] P/Q/CMD -> V_in=1.0080 pu, I_in=381.7931 A, V_out=1.0080 pu, I_out=381.7931 A, V_DT=1.0450 pu, P=151.3605 MW, Q=49.7498 MVar
[2026-05-12 22:20:41] [iter 30] [Bus 3] P/Q/CMD -> V_in=0.9730 pu, I_in=144.6897 A, V_out=0.9730 pu, I_out=144.6897 A, V_DT=1.0394 pu, P=47.1130 MW, Q=11.8076 MVar
[2026-05-12 22:20:41] [iter 30] [Bus 4] P/Q/CMD -> V_in=1.0390 pu, I_in=189.1034 A, V_out=1.0390 pu, I_out=189.1034 A, V_DT=1.0372 pu, P=73.2757 MW, Q=26.5955 MVar
[2026-05-12 22:20:41] [iter 30] [Bus 5] P/Q/CMD -> V_in=1.0080 pu, I_in=357.4483 A, V_out=1.0080 pu, I_out=357.4483 A, V_DT=1.0386 pu, P=119.3340 MW, Q=34.8057 MVar


[2026-05-12 22:20:45] [iter 31] [Bus 1] P/Q/CMD -> V_in=0.9580 pu, I_in=177.3448 A, V_out=0.9580 pu, I_out=177.3448 A, V_DT=1.0434 pu, P=56.2697 MW, Q=16.4120 MVar
[2026-05-12 22:20:45] [iter 31] [Bus 2] P/Q/CMD -> V_in=1.0080 pu, I_in=381.7931 A, V_out=1.0080 pu, I_out=381.7931 A, V_DT=1.0451 pu, P=151.3605 MW, Q=49.7498 MVar
[2026-05-12 22:20:45] [iter 31] [Bus 3] P/Q/CMD -> V_in=0.9730 pu, I_in=144.6897 A, V_out=0.9730 pu, I_out=144.6897 A, V_DT=1.0400 pu, P=47.1130 MW, Q=11.8076 MVar
[2026-05-12 22:20:45] [iter 31] [Bus 4] P/Q/CMD -> V_in=1.0390 pu, I_in=189.1034 A, V_out=1.0390 pu, I_out=189.1034 A, V_DT=1.0379 pu, P=73.2757 MW, Q=26.5955 MVar
[2026-05-12 22:20:45] [iter 31] [Bus 5] P/Q/CMD -> V_in=1.0080 pu, I_in=357.4483 A, V_out=1.0080 pu, I_out=357.4483 A, V_DT=1.0392 pu, P=119.3340 MW, Q=34.8057 MVar


[2026-05-12 22:20:49] [iter 32] [Bus 1] P/Q/CMD -> V_in=0.9910 pu, I_in=347.9310 A, V_out=0.9910 pu, I_out=347.9310 A, V_DT=1.0444 pu, P=114.1976 MW, Q=33.3076 MVar
[2026-05-12 22:20:49] [iter 32] [Bus 2] P/Q/CMD -> V_in=1.0020 pu, I_in=498.5517 A, V_out=1.0020 pu, I_out=498.5517 A, V_DT=1.0451 pu, P=196.4726 MW, Q=64.5774 MVar
[2026-05-12 22:20:49] [iter 32] [Bus 3] P/Q/CMD -> V_in=0.9700 pu, I_in=415.7586 A, V_out=0.9700 pu, I_out=415.7586 A, V_DT=1.0403 pu, P=134.9596 MW, Q=33.8241 MVar
[2026-05-12 22:20:49] [iter 32] [Bus 4] P/Q/CMD -> V_in=0.9730 pu, I_in=269.3793 A, V_out=0.9730 pu, I_out=269.3793 A, V_DT=1.0382 pu, P=97.7511 MW, Q=35.4789 MVar
[2026-05-12 22:20:49] [iter 32] [Bus 5] P/Q/CMD -> V_in=1.0160 pu, I_in=216.4483 A, V_out=1.0160 pu, I_out=216.4483 A, V_DT=1.0395 pu, P=72.8347 MW, Q=21.2434 MVar


[2026-05-12 22:20:53] [iter 33] [Bus 1] P/Q/CMD -> V_in=0.9810 pu, I_in=427.0345 A, V_out=0.9810 pu, I_out=427.0345 A, V_DT=1.0438 pu, P=138.7466 MW, Q=40.4678 MVar
[2026-05-12 22:20:53] [iter 33] [Bus 2] P/Q/CMD -> V_in=0.9570 pu, I_in=302.8276 A, V_out=0.9570 pu, I_out=302.8276 A, V_DT=1.0444 pu, P=113.9807 MW, Q=37.4636 MVar
[2026-05-12 22:20:53] [iter 33] [Bus 3] P/Q/CMD -> V_in=1.0490 pu, I_in=501.7241 A, V_out=1.0490 pu, I_out=501.7241 A, V_DT=1.0401 pu, P=176.1292 MW, Q=44.1421 MVar
[2026-05-12 22:20:53] [iter 33] [Bus 4] P/Q/CMD -> V_in=0.9570 pu, I_in=190.0345 A, V_out=0.9570 pu, I_out=190.0345 A, V_DT=1.0390 pu, P=67.8249 MW, Q=24.6172 MVar
[2026-05-12 22:20:53] [iter 33] [Bus 5] P/Q/CMD -> V_in=0.9760 pu, I_in=511.0690 A, V_out=0.9760 pu, I_out=511.0690 A, V_DT=1.0404 pu, P=165.2037 MW, Q=48.1844 MVar


[2026-05-12 22:20:57] [iter 34] [Bus 1] P/Q/CMD -> V_in=1.0380 pu, I_in=457.8276 A, V_out=1.0380 pu, I_out=457.8276 A, V_DT=1.0428 pu, P=157.3945 MW, Q=45.9067 MVar
[2026-05-12 22:20:57] [iter 34] [Bus 2] P/Q/CMD -> V_in=0.9860 pu, I_in=159.6207 A, V_out=0.9860 pu, I_out=159.6207 A, V_DT=1.0446 pu, P=61.8999 MW, Q=20.3455 MVar
[2026-05-12 22:20:57] [iter 34] [Bus 3] P/Q/CMD -> V_in=1.0330 pu, I_in=385.0345 A, V_out=1.0330 pu, I_out=385.0345 A, V_DT=1.0396 pu, P=133.1039 MW, Q=33.3590 MVar
[2026-05-12 22:20:57] [iter 34] [Bus 4] P/Q/CMD -> V_in=1.0100 pu, I_in=517.0690 A, V_out=1.0100 pu, I_out=517.0690 A, V_DT=1.0390 pu, P=194.7667 MW, Q=70.6909 MVar
[2026-05-12 22:20:57] [iter 34] [Bus 5] P/Q/CMD -> V_in=1.0140 pu, I_in=90.1034 A, V_out=1.0140 pu, I_out=90.1034 A, V_DT=1.0401 pu, P=30.2601 MW, Q=8.8258 MVar


[2026-05-12 22:21:01] [iter 35] [Bus 1] P/Q/CMD -> V_in=1.0310 pu, I_in=213.1379 A, V_out=1.0310 pu, I_out=213.1379 A, V_DT=1.0418 pu, P=72.7796 MW, Q=21.2274 MVar
[2026-05-12 22:21:01] [iter 35] [Bus 2] P/Q/CMD -> V_in=1.0160 pu, I_in=493.4828 A, V_out=1.0160 pu, I_out=493.4828 A, V_DT=1.0455 pu, P=197.1922 MW, Q=64.8139 MVar
[2026-05-12 22:21:01] [iter 35] [Bus 3] P/Q/CMD -> V_in=0.9630 pu, I_in=144.1724 A, V_out=0.9630 pu, I_out=144.1724 A, V_DT=1.0396 pu, P=46.4621 MW, Q=11.6445 MVar
[2026-05-12 22:21:01] [iter 35] [Bus 4] P/Q/CMD -> V_in=0.9600 pu, I_in=345.2759 A, V_out=0.9600 pu, I_out=345.2759 A, V_DT=1.0382 pu, P=123.6182 MW, Q=44.8674 MVar
[2026-05-12 22:21:01] [iter 35] [Bus 5] P/Q/CMD -> V_in=0.9770 pu, I_in=362.6897 A, V_out=0.9770 pu, I_out=362.6897 A, V_DT=1.0399 pu, P=117.3600 MW, Q=34.2300 MVar


[2026-05-12 22:21:05] [iter 36] [Bus 1] P/Q/CMD -> V_in=1.0310 pu, I_in=213.1379 A, V_out=1.0310 pu, I_out=213.1379 A, V_DT=1.0430 pu, P=72.7796 MW, Q=21.2274 MVar
[2026-05-12 22:21:05] [iter 36] [Bus 2] P/Q/CMD -> V_in=1.0160 pu, I_in=493.4828 A, V_out=1.0160 pu, I_out=493.4828 A, V_DT=1.0448 pu, P=197.1922 MW, Q=64.8139 MVar
[2026-05-12 22:21:05] [iter 36] [Bus 3] P/Q/CMD -> V_in=0.9980 pu, I_in=487.3103 A, V_out=0.9980 pu, I_out=487.3103 A, V_DT=1.0398 pu, P=162.7523 MW, Q=40.7896 MVar
[2026-05-12 22:21:05] [iter 36] [Bus 4] P/Q/CMD -> V_in=1.0340 pu, I_in=124.4138 A, V_out=1.0340 pu, I_out=124.4138 A, V_DT=1.0379 pu, P=47.9771 MW, Q=17.4134 MVar
[2026-05-12 22:21:05] [iter 36] [Bus 5] P/Q/CMD -> V_in=0.9920 pu, I_in=211.5172 A, V_out=0.9920 pu, I_out=211.5172 A, V_DT=1.0395 pu, P=69.4941 MW, Q=20.2691 MVar


[2026-05-12 22:21:09] [iter 37] [Bus 1] P/Q/CMD -> V_in=1.0200 pu, I_in=173.9310 A, V_out=1.0200 pu, I_out=173.9310 A, V_DT=1.0438 pu, P=58.7581 MW, Q=17.1378 MVar
[2026-05-12 22:21:09] [iter 37] [Bus 2] P/Q/CMD -> V_in=1.0120 pu, I_in=201.6207 A, V_out=1.0120 pu, I_out=201.6207 A, V_DT=1.0441 pu, P=80.2490 MW, Q=26.3766 MVar
[2026-05-12 22:21:09] [iter 37] [Bus 3] P/Q/CMD -> V_in=0.9980 pu, I_in=487.3103 A, V_out=0.9980 pu, I_out=487.3103 A, V_DT=1.0397 pu, P=162.7523 MW, Q=40.7896 MVar
[2026-05-12 22:21:09] [iter 37] [Bus 4] P/Q/CMD -> V_in=1.0340 pu, I_in=124.4138 A, V_out=1.0340 pu, I_out=124.4138 A, V_DT=1.0394 pu, P=47.9771 MW, Q=17.4134 MVar
[2026-05-12 22:21:09] [iter 37] [Bus 5] P/Q/CMD -> V_in=0.9920 pu, I_in=211.5172 A, V_out=0.9920 pu, I_out=211.5172 A, V_DT=1.0408 pu, P=69.4941 MW, Q=20.2691 MVar


[2026-05-12 22:21:13] [iter 38] [Bus 1] P/Q/CMD -> V_in=0.9500 pu, I_in=450.0000 A, V_out=0.9500 pu, I_out=450.0000 A, V_DT=1.0447 pu, P=141.5880 MW, Q=41.2965 MVar
[2026-05-12 22:21:13] [iter 38] [Bus 2] P/Q/CMD -> V_in=1.0120 pu, I_in=200.6552 A, V_out=1.0120 pu, I_out=200.6552 A, V_DT=1.0451 pu, P=79.8647 MW, Q=26.2503 MVar
[2026-05-12 22:21:13] [iter 38] [Bus 3] P/Q/CMD -> V_in=1.0240 pu, I_in=323.2069 A, V_out=1.0240 pu, I_out=323.2069 A, V_DT=1.0396 pu, P=110.7571 MW, Q=27.7583 MVar
[2026-05-12 22:21:13] [iter 38] [Bus 4] P/Q/CMD -> V_in=0.9920 pu, I_in=93.0000 A, V_out=0.9920 pu, I_out=93.0000 A, V_DT=1.0398 pu, P=34.4064 MW, Q=12.4879 MVar
[2026-05-12 22:21:13] [iter 38] [Bus 5] P/Q/CMD -> V_in=0.9570 pu, I_in=498.1379 A, V_out=0.9570 pu, I_out=498.1379 A, V_DT=1.0412 pu, P=157.8890 MW, Q=46.0510 MVar


[2026-05-12 22:21:17] [iter 39] [Bus 1] P/Q/CMD -> V_in=1.0400 pu, I_in=315.5862 A, V_out=1.0400 pu, I_out=315.5862 A, V_DT=1.0434 pu, P=108.7030 MW, Q=31.7051 MVar
[2026-05-12 22:21:17] [iter 39] [Bus 2] P/Q/CMD -> V_in=1.0330 pu, I_in=333.4483 A, V_out=1.0330 pu, I_out=333.4483 A, V_DT=1.0459 pu, P=135.4730 MW, Q=44.5278 MVar
[2026-05-12 22:21:17] [iter 39] [Bus 3] P/Q/CMD -> V_in=0.9640 pu, I_in=149.4483 A, V_out=0.9640 pu, I_out=149.4483 A, V_DT=1.0401 pu, P=48.2124 MW, Q=12.0832 MVar
[2026-05-12 22:21:17] [iter 39] [Bus 4] P/Q/CMD -> V_in=0.9800 pu, I_in=493.4138 A, V_out=0.9800 pu, I_out=493.4138 A, V_DT=1.0400 pu, P=180.3359 MW, Q=65.4532 MVar
[2026-05-12 22:21:17] [iter 39] [Bus 5] P/Q/CMD -> V_in=1.0290 pu, I_in=453.6552 A, V_out=1.0290 pu, I_out=453.6552 A, V_DT=1.0411 pu, P=154.6079 MW, Q=45.0940 MVar


[2026-05-12 22:21:21] [iter 40] [Bus 1] P/Q/CMD -> V_in=1.0390 pu, I_in=173.6552 A, V_out=1.0390 pu, I_out=173.6552 A, V_DT=1.0432 pu, P=59.7577 MW, Q=17.4293 MVar
[2026-05-12 22:21:21] [iter 40] [Bus 2] P/Q/CMD -> V_in=0.9740 pu, I_in=136.7586 A, V_out=0.9740 pu, I_out=136.7586 A, V_DT=1.0455 pu, P=52.3887 MW, Q=17.2193 MVar
[2026-05-12 22:21:21] [iter 40] [Bus 3] P/Q/CMD -> V_in=1.0280 pu, I_in=464.4138 A, V_out=1.0280 pu, I_out=464.4138 A, V_DT=1.0399 pu, P=159.7677 MW, Q=40.0416 MVar
[2026-05-12 22:21:21] [iter 40] [Bus 4] P/Q/CMD -> V_in=0.9900 pu, I_in=364.7931 A, V_out=0.9900 pu, I_out=364.7931 A, V_DT=1.0379 pu, P=134.6873 MW, Q=48.8850 MVar
[2026-05-12 22:21:21] [iter 40] [Bus 5] P/Q/CMD -> V_in=0.9650 pu, I_in=515.3793 A, V_out=0.9650 pu, I_out=515.3793 A, V_DT=1.0392 pu, P=164.7194 MW, Q=48.0431 MVar


[2026-05-12 22:21:25] [iter 41] [Bus 1] P/Q/CMD -> V_in=1.0360 pu, I_in=499.7586 A, V_out=1.0360 pu, I_out=499.7586 A, V_DT=1.0442 pu, P=171.4788 MW, Q=50.0146 MVar
[2026-05-12 22:21:25] [iter 41] [Bus 2] P/Q/CMD -> V_in=1.0310 pu, I_in=461.8621 A, V_out=1.0310 pu, I_out=461.8621 A, V_DT=1.0460 pu, P=187.2815 MW, Q=61.5565 MVar
[2026-05-12 22:21:25] [iter 41] [Bus 3] P/Q/CMD -> V_in=0.9520 pu, I_in=433.0000 A, V_out=0.9520 pu, I_out=433.0000 A, V_DT=1.0390 pu, P=137.9481 MW, Q=34.5730 MVar
[2026-05-12 22:21:25] [iter 41] [Bus 4] P/Q/CMD -> V_in=0.9830 pu, I_in=506.4828 A, V_out=0.9830 pu, I_out=506.4828 A, V_DT=1.0365 pu, P=185.6791 MW, Q=67.3925 MVar
[2026-05-12 22:21:25] [iter 41] [Bus 5] P/Q/CMD -> V_in=1.0300 pu, I_in=454.8276 A, V_out=1.0300 pu, I_out=454.8276 A, V_DT=1.0378 pu, P=155.1581 MW, Q=45.2544 MVar


[2026-05-12 22:21:29] [iter 42] [Bus 1] P/Q/CMD -> V_in=1.0310 pu, I_in=199.3793 A, V_out=1.0310 pu, I_out=199.3793 A, V_DT=1.0423 pu, P=68.0815 MW, Q=19.8571 MVar
[2026-05-12 22:21:29] [iter 42] [Bus 2] P/Q/CMD -> V_in=1.0280 pu, I_in=131.8621 A, V_out=1.0280 pu, I_out=131.8621 A, V_DT=1.0446 pu, P=53.3135 MW, Q=17.5233 MVar
[2026-05-12 22:21:29] [iter 42] [Bus 3] P/Q/CMD -> V_in=0.9520 pu, I_in=433.0000 A, V_out=0.9520 pu, I_out=433.0000 A, V_DT=1.0386 pu, P=137.9481 MW, Q=34.5730 MVar
[2026-05-12 22:21:29] [iter 42] [Bus 4] P/Q/CMD -> V_in=0.9830 pu, I_in=506.4828 A, V_out=0.9830 pu, I_out=506.4828 A, V_DT=1.0359 pu, P=185.6791 MW, Q=67.3925 MVar
[2026-05-12 22:21:29] [iter 42] [Bus 5] P/Q/CMD -> V_in=1.0300 pu, I_in=454.8276 A, V_out=1.0300 pu, I_out=454.8276 A, V_DT=1.0373 pu, P=155.1581 MW, Q=45.2544 MVar


[2026-05-12 22:21:33] [iter 43] [Bus 1] P/Q/CMD -> V_in=1.0310 pu, I_in=199.3793 A, V_out=1.0310 pu, I_out=199.3793 A, V_DT=1.0434 pu, P=68.0815 MW, Q=19.8571 MVar
[2026-05-12 22:21:33] [iter 43] [Bus 2] P/Q/CMD -> V_in=1.0280 pu, I_in=131.8621 A, V_out=1.0280 pu, I_out=131.8621 A, V_DT=1.0453 pu, P=53.3135 MW, Q=17.5233 MVar
[2026-05-12 22:21:33] [iter 43] [Bus 3] P/Q/CMD -> V_in=1.0370 pu, I_in=449.4483 A, V_out=1.0370 pu, I_out=449.4483 A, V_DT=1.0381 pu, P=155.9730 MW, Q=39.0905 MVar
[2026-05-12 22:21:33] [iter 43] [Bus 4] P/Q/CMD -> V_in=0.9720 pu, I_in=460.4483 A, V_out=0.9720 pu, I_out=460.4483 A, V_DT=1.0345 pu, P=166.9137 MW, Q=60.5816 MVar
[2026-05-12 22:21:33] [iter 43] [Bus 5] P/Q/CMD -> V_in=0.9960 pu, I_in=223.3448 A, V_out=0.9960 pu, I_out=223.3448 A, V_DT=1.0361 pu, P=73.6759 MW, Q=21.4888 MVar


[2026-05-12 22:21:37] [iter 44] [Bus 1] P/Q/CMD -> V_in=1.0290 pu, I_in=182.8966 A, V_out=1.0290 pu, I_out=182.8966 A, V_DT=1.0442 pu, P=62.3320 MW, Q=18.1802 MVar
[2026-05-12 22:21:37] [iter 44] [Bus 2] P/Q/CMD -> V_in=0.9520 pu, I_in=181.7586 A, V_out=0.9520 pu, I_out=181.7586 A, V_DT=1.0459 pu, P=68.0544 MW, Q=22.3684 MVar
[2026-05-12 22:21:37] [iter 44] [Bus 3] P/Q/CMD -> V_in=0.9820 pu, I_in=476.8966 A, V_out=0.9820 pu, I_out=476.8966 A, V_DT=1.0381 pu, P=156.7207 MW, Q=39.2779 MVar
[2026-05-12 22:21:37] [iter 44] [Bus 4] P/Q/CMD -> V_in=1.0460 pu, I_in=201.5862 A, V_out=1.0460 pu, I_out=201.5862 A, V_DT=1.0348 pu, P=78.6389 MW, Q=28.5421 MVar
[2026-05-12 22:21:37] [iter 44] [Bus 5] P/Q/CMD -> V_in=1.0140 pu, I_in=260.3448 A, V_out=1.0140 pu, I_out=260.3448 A, V_DT=1.0366 pu, P=87.4334 MW, Q=25.5014 MVar


[2026-05-12 22:21:41] [iter 45] [Bus 1] P/Q/CMD -> V_in=1.0290 pu, I_in=182.8966 A, V_out=1.0290 pu, I_out=182.8966 A, V_DT=1.0448 pu, P=62.3320 MW, Q=18.1802 MVar
[2026-05-12 22:21:41] [iter 45] [Bus 2] P/Q/CMD -> V_in=0.9520 pu, I_in=181.7586 A, V_out=0.9520 pu, I_out=181.7586 A, V_DT=1.0463 pu, P=68.0544 MW, Q=22.3684 MVar
[2026-05-12 22:21:41] [iter 45] [Bus 3] P/Q/CMD -> V_in=0.9820 pu, I_in=476.8966 A, V_out=0.9820 pu, I_out=476.8966 A, V_DT=1.0385 pu, P=156.7207 MW, Q=39.2779 MVar
[2026-05-12 22:21:41] [iter 45] [Bus 4] P/Q/CMD -> V_in=1.0460 pu, I_in=195.8966 A, V_out=1.0460 pu, I_out=195.8966 A, V_DT=1.0362 pu, P=76.4193 MW, Q=27.7365 MVar
[2026-05-12 22:21:41] [iter 45] [Bus 5] P/Q/CMD -> V_in=0.9600 pu, I_in=290.8276 A, V_out=0.9600 pu, I_out=290.8276 A, V_DT=1.0379 pu, P=92.4692 MW, Q=26.9702 MVar


[2026-05-12 22:21:45] [iter 46] [Bus 1] P/Q/CMD -> V_in=1.0480 pu, I_in=309.3103 A, V_out=1.0480 pu, I_out=309.3103 A, V_DT=1.0453 pu, P=107.3609 MW, Q=31.3136 MVar
[2026-05-12 22:21:45] [iter 46] [Bus 2] P/Q/CMD -> V_in=1.0430 pu, I_in=133.0000 A, V_out=1.0430 pu, I_out=133.0000 A, V_DT=1.0466 pu, P=54.5582 MW, Q=17.9324 MVar
[2026-05-12 22:21:45] [iter 46] [Bus 3] P/Q/CMD -> V_in=1.0470 pu, I_in=159.2069 A, V_out=1.0470 pu, I_out=159.2069 A, V_DT=1.0387 pu, P=55.7827 MW, Q=13.9805 MVar
[2026-05-12 22:21:45] [iter 46] [Bus 4] P/Q/CMD -> V_in=1.0460 pu, I_in=195.8966 A, V_out=1.0460 pu, I_out=195.8966 A, V_DT=1.0371 pu, P=76.4193 MW, Q=27.7365 MVar
[2026-05-12 22:21:45] [iter 46] [Bus 5] P/Q/CMD -> V_in=0.9600 pu, I_in=290.8276 A, V_out=0.9600 pu, I_out=290.8276 A, V_DT=1.0387 pu, P=92.4692 MW, Q=26.9702 MVar
