Starting Modbus TCP server on 0.0.0.0:5020

 2026-03-12 08:42:47
Bus 1 | V=1019 | I=863 | Breaker=CLOSE
Bus 2 | V=1005 | I=350 | Breaker=CLOSE
Bus 3 | V=1016 | I=1527 | Breaker=CLOSE
Bus 4 | V=1037 | I=189 | Breaker=CLOSE
Bus 5 | V=974 | I=1962 | Breaker=CLOSE

 2026-03-12 08:42:52
Bus 1 | V=972 | I=941 | Breaker=CLOSE
Bus 2 | V=1049 | I=1757 | Breaker=CLOSE
Bus 3 | V=1012 | I=389 | Breaker=CLOSE
Bus 4 | V=1040 | I=114 | Breaker=CLOSE
Bus 5 | V=954 | I=880 | Breaker=CLOSE

 2026-03-12 08:42:57
Bus 1 | V=995 | I=1963 | Breaker=OPEN
Bus 2 | V=1007 | I=1078 | Breaker=OPEN
Bus 3 | V=1037 | I=253 | Breaker=OPEN
Bus 4 | V=1048 | I=1016 | Breaker=CLOSE
Bus 5 | V=1018 | I=939 | Breaker=CLOSE

 2026-03-12 08:43:02
Bus 1 | V=1026 | I=798 | Breaker=OPEN
Bus 2 | V=1046 | I=1312 | Breaker=OPEN
Bus 3 | V=1025 | I=155 | Breaker=OPEN
Bus 4 | V=994 | I=360 | Breaker=CLOSE
Bus 5 | V=1003 | I=1362 | Breaker=CLOSE

 2026-03-12 08:43:07
Bus 1 | V=1040 | I=337 | Breaker=CLOSE
Bus 2 | V=1044 | I=1001 | Breaker=OPEN
Bus 3 | V=952 | I=1752 | Breaker=CLOSE
Bus 4 | V=970 | I=265 | Breaker=CLOSE
Bus 5 | V=998 | I=417 | Breaker=CLOSE

 2026-03-12 08:43:12
Bus 1 | V=974 | I=1262 | Breaker=OPEN
Bus 2 | V=952 | I=673 | Breaker=OPEN
Bus 3 | V=989 | I=144 | Breaker=OPEN
Bus 4 | V=1004 | I=300 | Breaker=CLOSE
Bus 5 | V=1044 | I=334 | Breaker=CLOSE

 2026-03-12 08:43:17
Bus 1 | V=1025 | I=1781 | Breaker=CLOSE
Bus 2 | V=1026 | I=1186 | Breaker=OPEN
Bus 3 | V=967 | I=1653 | Breaker=CLOSE
Bus 4 | V=966 | I=596 | Breaker=CLOSE
Bus 5 | V=974 | I=1213 | Breaker=CLOSE

 2026-03-12 08:43:22
Bus 1 | V=978 | I=1904 | Breaker=OPEN
Bus 2 | V=985 | I=1800 | Breaker=OPEN
Bus 3 | V=962 | I=480 | Breaker=OPEN
Bus 4 | V=971 | I=1265 | Breaker=CLOSE
Bus 5 | V=982 | I=1404 | Breaker=CLOSE

 2026-03-12 08:43:27
Bus 1 | V=1031 | I=490 | Breaker=OPEN
Bus 2 | V=994 | I=1667 | Breaker=OPEN
Bus 3 | V=983 | I=1224 | Breaker=OPEN
Bus 4 | V=959 | I=453 | Breaker=CLOSE
Bus 5 | V=999 | I=902 | Breaker=CLOSE

 2026-03-12 08:43:32
Bus 1 | V=979 | I=1307 | Breaker=CLOSE
Bus 2 | V=1033 | I=145 | Breaker=OPEN
Bus 3 | V=968 | I=1058 | Breaker=CLOSE
Bus 4 | V=954 | I=1687 | Breaker=CLOSE
Bus 5 | V=1003 | I=1157 | Breaker=CLOSE

 2026-03-12 08:43:37
Bus 1 | V=966 | I=1358 | Breaker=OPEN
Bus 2 | V=1012 | I=230 | Breaker=OPEN
Bus 3 | V=1021 | I=1267 | Breaker=OPEN
Bus 4 | V=1018 | I=373 | Breaker=CLOSE
Bus 5 | V=1041 | I=1627 | Breaker=CLOSE

 2026-03-12 08:43:42
Bus 1 | V=1019 | I=400 | Breaker=CLOSE
Bus 2 | V=1015 | I=887 | Breaker=OPEN
Bus 3 | V=991 | I=904 | Breaker=CLOSE
Bus 4 | V=1036 | I=1335 | Breaker=CLOSE
Bus 5 | V=972 | I=1597 | Breaker=CLOSE

 2026-03-12 08:43:47
Bus 1 | V=963 | I=654 | Breaker=OPEN
Bus 2 | V=1023 | I=357 | Breaker=OPEN
Bus 3 | V=1040 | I=250 | Breaker=OPEN
Bus 4 | V=1049 | I=1353 | Breaker=CLOSE
Bus 5 | V=1018 | I=1825 | Breaker=CLOSE

 2026-03-12 08:43:52
Bus 1 | V=1037 | I=702 | Breaker=OPEN
Bus 2 | V=1011 | I=254 | Breaker=OPEN
Bus 3 | V=962 | I=1791 | Breaker=OPEN
Bus 4 | V=964 | I=1926 | Breaker=CLOSE
Bus 5 | V=1045 | I=1297 | Breaker=CLOSE

 2026-03-12 08:43:57
Bus 1 | V=1024 | I=1056 | Breaker=CLOSE
Bus 2 | V=1026 | I=1284 | Breaker=OPEN
Bus 3 | V=1026 | I=1683 | Breaker=CLOSE
Bus 4 | V=1031 | I=207 | Breaker=CLOSE
Bus 5 | V=1034 | I=101 | Breaker=CLOSE

 2026-03-12 08:44:02
Bus 1 | V=991 | I=570 | Breaker=OPEN
Bus 2 | V=977 | I=974 | Breaker=OPEN
Bus 3 | V=1037 | I=215 | Breaker=OPEN
Bus 4 | V=992 | I=791 | Breaker=CLOSE
Bus 5 | V=1025 | I=380 | Breaker=CLOSE

 2026-03-12 08:44:07
Bus 1 | V=1008 | I=1313 | Breaker=CLOSE
Bus 2 | V=953 | I=988 | Breaker=OPEN
Bus 3 | V=984 | I=1088 | Breaker=CLOSE
Bus 4 | V=1024 | I=902 | Breaker=CLOSE
Bus 5 | V=973 | I=1399 | Breaker=CLOSE

 2026-03-12 08:44:12
Bus 1 | V=954 | I=1347 | Breaker=CLOSE
Bus 2 | V=980 | I=880 | Breaker=OPEN
Bus 3 | V=966 | I=532 | Breaker=CLOSE
Bus 4 | V=965 | I=341 | Breaker=CLOSE
Bus 5 | V=955 | I=863 | Breaker=CLOSE

 2026-03-12 08:44:18
Bus 1 | V=1022 | I=397 | Breaker=OPEN
Bus 2 | V=1027 | I=148 | Breaker=OPEN
Bus 3 | V=1017 | I=474 | Breaker=OPEN
Bus 4 | V=1017 | I=137 | Breaker=CLOSE
Bus 5 | V=1014 | I=1403 | Breaker=CLOSE

 2026-03-12 08:44:23
Bus 1 | V=984 | I=793 | Breaker=CLOSE
Bus 2 | V=974 | I=1020 | Breaker=OPEN
Bus 3 | V=973 | I=214 | Breaker=CLOSE
Bus 4 | V=1023 | I=1763 | Breaker=CLOSE
Bus 5 | V=1004 | I=683 | Breaker=CLOSE

 2026-03-12 08:44:28
Bus 1 | V=1008 | I=764 | Breaker=OPEN
Bus 2 | V=1042 | I=1232 | Breaker=OPEN
Bus 3 | V=1043 | I=1478 | Breaker=OPEN
Bus 4 | V=1035 | I=222 | Breaker=CLOSE
Bus 5 | V=951 | I=1797 | Breaker=CLOSE

 2026-03-12 08:44:33
Bus 1 | V=1035 | I=460 | Breaker=CLOSE
Bus 2 | V=972 | I=1566 | Breaker=OPEN
Bus 3 | V=985 | I=1679 | Breaker=CLOSE
Bus 4 | V=1048 | I=825 | Breaker=CLOSE
Bus 5 | V=1014 | I=146 | Breaker=CLOSE

 2026-03-12 08:44:38
Bus 1 | V=1026 | I=1491 | Breaker=CLOSE
Bus 2 | V=994 | I=1617 | Breaker=OPEN
Bus 3 | V=1004 | I=1596 | Breaker=CLOSE
Bus 4 | V=1018 | I=1370 | Breaker=CLOSE
Bus 5 | V=1027 | I=1198 | Breaker=CLOSE

 2026-03-12 08:44:43
Bus 1 | V=1034 | I=1913 | Breaker=OPEN
Bus 2 | V=955 | I=734 | Breaker=OPEN
Bus 3 | V=962 | I=1901 | Breaker=OPEN
Bus 4 | V=966 | I=1255 | Breaker=CLOSE
Bus 5 | V=1023 | I=924 | Breaker=CLOSE

 2026-03-12 08:44:48
Bus 1 | V=1036 | I=1773 | Breaker=OPEN
Bus 2 | V=987 | I=1453 | Breaker=OPEN
Bus 3 | V=1042 | I=405 | Breaker=CLOSE
Bus 4 | V=1005 | I=234 | Breaker=CLOSE
Bus 5 | V=982 | I=1392 | Breaker=CLOSE

 2026-03-12 08:44:53
Bus 1 | V=1015 | I=1673 | Breaker=OPEN
Bus 2 | V=1036 | I=199 | Breaker=OPEN
Bus 3 | V=995 | I=1264 | Breaker=CLOSE
Bus 4 | V=996 | I=1940 | Breaker=CLOSE
Bus 5 | V=1018 | I=1175 | Breaker=CLOSE

 2026-03-12 08:44:58
Bus 1 | V=1012 | I=1731 | Breaker=CLOSE
Bus 2 | V=981 | I=1452 | Breaker=OPEN
Bus 3 | V=1048 | I=383 | Breaker=CLOSE
Bus 4 | V=1048 | I=132 | Breaker=CLOSE
Bus 5 | V=1017 | I=1873 | Breaker=CLOSE

 2026-03-12 08:45:03
Bus 1 | V=991 | I=1443 | Breaker=OPEN
Bus 2 | V=1017 | I=861 | Breaker=OPEN
Bus 3 | V=1025 | I=855 | Breaker=OPEN
Bus 4 | V=965 | I=1312 | Breaker=CLOSE
Bus 5 | V=964 | I=1788 | Breaker=CLOSE

 2026-03-12 08:45:08
Bus 1 | V=975 | I=1337 | Breaker=CLOSE
Bus 2 | V=974 | I=349 | Breaker=OPEN
Bus 3 | V=961 | I=214 | Breaker=CLOSE
Bus 4 | V=988 | I=269 | Breaker=CLOSE
Bus 5 | V=998 | I=1672 | Breaker=CLOSE

 2026-03-12 08:45:13
Bus 1 | V=1009 | I=1146 | Breaker=OPEN
Bus 2 | V=1016 | I=790 | Breaker=OPEN
Bus 3 | V=992 | I=881 | Breaker=OPEN
Bus 4 | V=1037 | I=1080 | Breaker=CLOSE
Bus 5 | V=957 | I=123 | Breaker=CLOSE

 2026-03-12 08:45:18
Bus 1 | V=1018 | I=1168 | Breaker=CLOSE
Bus 2 | V=995 | I=1418 | Breaker=OPEN
Bus 3 | V=969 | I=335 | Breaker=CLOSE
Bus 4 | V=952 | I=461 | Breaker=CLOSE
Bus 5 | V=990 | I=1985 | Breaker=CLOSE

 2026-03-12 08:45:23
Bus 1 | V=956 | I=1101 | Breaker=CLOSE
Bus 2 | V=1049 | I=1333 | Breaker=OPEN
Bus 3 | V=1044 | I=1022 | Breaker=CLOSE
Bus 4 | V=973 | I=1017 | Breaker=CLOSE
Bus 5 | V=1015 | I=1505 | Breaker=CLOSE

 2026-03-12 08:45:28
Bus 1 | V=988 | I=943 | Breaker=OPEN
Bus 2 | V=973 | I=257 | Breaker=OPEN
Bus 3 | V=978 | I=1632 | Breaker=OPEN
Bus 4 | V=1028 | I=521 | Breaker=CLOSE
Bus 5 | V=980 | I=1341 | Breaker=CLOSE

 2026-03-12 08:45:33
Bus 1 | V=959 | I=1149 | Breaker=CLOSE
Bus 2 | V=1036 | I=1293 | Breaker=OPEN
Bus 3 | V=1019 | I=1514 | Breaker=CLOSE
Bus 4 | V=1046 | I=1077 | Breaker=CLOSE
Bus 5 | V=1038 | I=1524 | Breaker=CLOSE

 2026-03-12 08:45:38
Bus 1 | V=963 | I=1960 | Breaker=OPEN
Bus 2 | V=1008 | I=320 | Breaker=OPEN
Bus 3 | V=951 | I=1099 | Breaker=OPEN
Bus 4 | V=1004 | I=1252 | Breaker=CLOSE
Bus 5 | V=1021 | I=342 | Breaker=CLOSE

 2026-03-12 08:45:43
Bus 1 | V=1003 | I=331 | Breaker=OPEN
Bus 2 | V=991 | I=1951 | Breaker=OPEN
Bus 3 | V=1044 | I=1104 | Breaker=OPEN
Bus 4 | V=987 | I=1055 | Breaker=CLOSE
Bus 5 | V=979 | I=1159 | Breaker=CLOSE

 2026-03-12 08:45:48
Bus 1 | V=967 | I=1780 | Breaker=CLOSE
Bus 2 | V=986 | I=1761 | Breaker=OPEN
Bus 3 | V=960 | I=1399 | Breaker=CLOSE
Bus 4 | V=972 | I=847 | Breaker=CLOSE
Bus 5 | V=1004 | I=534 | Breaker=CLOSE

 2026-03-12 08:45:53
Bus 1 | V=961 | I=627 | Breaker=OPEN
Bus 2 | V=980 | I=1190 | Breaker=OPEN
Bus 3 | V=1005 | I=1425 | Breaker=OPEN
Bus 4 | V=985 | I=1363 | Breaker=CLOSE
Bus 5 | V=1039 | I=565 | Breaker=CLOSE

 2026-03-12 08:45:58
Bus 1 | V=1044 | I=995 | Breaker=CLOSE
Bus 2 | V=981 | I=1200 | Breaker=OPEN
Bus 3 | V=1039 | I=1406 | Breaker=CLOSE
Bus 4 | V=1009 | I=1234 | Breaker=CLOSE
Bus 5 | V=975 | I=717 | Breaker=CLOSE

 2026-03-12 08:46:03
Bus 1 | V=1048 | I=1272 | Breaker=OPEN
Bus 2 | V=974 | I=935 | Breaker=OPEN
Bus 3 | V=961 | I=164 | Breaker=OPEN
Bus 4 | V=1027 | I=119 | Breaker=CLOSE
Bus 5 | V=1034 | I=539 | Breaker=CLOSE

 2026-03-12 08:46:08
Bus 1 | V=999 | I=1269 | Breaker=OPEN
Bus 2 | V=1001 | I=1920 | Breaker=OPEN
Bus 3 | V=956 | I=1854 | Breaker=OPEN
Bus 4 | V=1008 | I=852 | Breaker=CLOSE
Bus 5 | V=958 | I=570 | Breaker=CLOSE

 2026-03-12 08:46:13
Bus 1 | V=1042 | I=866 | Breaker=CLOSE
Bus 2 | V=1035 | I=1259 | Breaker=OPEN
Bus 3 | V=1015 | I=1249 | Breaker=CLOSE
Bus 4 | V=962 | I=803 | Breaker=CLOSE
Bus 5 | V=996 | I=1006 | Breaker=CLOSE

 2026-03-12 08:46:18
Bus 1 | V=981 | I=764 | Breaker=OPEN
Bus 2 | V=985 | I=928 | Breaker=OPEN
Bus 3 | V=977 | I=1973 | Breaker=OPEN
Bus 4 | V=1002 | I=369 | Breaker=CLOSE
Bus 5 | V=998 | I=929 | Breaker=CLOSE

 2026-03-12 08:46:23
Bus 1 | V=990 | I=1740 | Breaker=CLOSE
Bus 2 | V=1034 | I=280 | Breaker=OPEN
Bus 3 | V=994 | I=707 | Breaker=CLOSE
Bus 4 | V=989 | I=746 | Breaker=CLOSE
Bus 5 | V=1043 | I=1591 | Breaker=CLOSE

 2026-03-12 08:46:28
Bus 1 | V=1027 | I=538 | Breaker=CLOSE
Bus 2 | V=1031 | I=383 | Breaker=OPEN
Bus 3 | V=1028 | I=574 | Breaker=CLOSE
Bus 4 | V=958 | I=1558 | Breaker=CLOSE
Bus 5 | V=1040 | I=1239 | Breaker=CLOSE

 2026-03-12 08:46:33
Bus 1 | V=1045 | I=1055 | Breaker=OPEN
Bus 2 | V=960 | I=1239 | Breaker=OPEN
Bus 3 | V=966 | I=869 | Breaker=OPEN
Bus 4 | V=1002 | I=1542 | Breaker=CLOSE
Bus 5 | V=1000 | I=1323 | Breaker=CLOSE

 2026-03-12 08:46:38
Bus 1 | V=975 | I=1163 | Breaker=CLOSE
Bus 2 | V=1048 | I=862 | Breaker=OPEN
Bus 3 | V=995 | I=526 | Breaker=CLOSE
Bus 4 | V=1039 | I=579 | Breaker=CLOSE
Bus 5 | V=1038 | I=866 | Breaker=CLOSE

 2026-03-12 08:46:43
Bus 1 | V=990 | I=1863 | Breaker=OPEN
Bus 2 | V=957 | I=805 | Breaker=OPEN
Bus 3 | V=1007 | I=1189 | Breaker=OPEN
Bus 4 | V=960 | I=1400 | Breaker=CLOSE
Bus 5 | V=1046 | I=1449 | Breaker=CLOSE

 2026-03-12 08:46:48
Bus 1 | V=959 | I=540 | Breaker=OPEN
Bus 2 | V=968 | I=228 | Breaker=OPEN
Bus 3 | V=951 | I=1252 | Breaker=OPEN
Bus 4 | V=1002 | I=1780 | Breaker=CLOSE
Bus 5 | V=1009 | I=899 | Breaker=CLOSE

 2026-03-12 08:46:53
Bus 1 | V=971 | I=1773 | Breaker=CLOSE
Bus 2 | V=1025 | I=959 | Breaker=OPEN
Bus 3 | V=980 | I=1340 | Breaker=CLOSE
Bus 4 | V=961 | I=1613 | Breaker=CLOSE
Bus 5 | V=1038 | I=636 | Breaker=CLOSE

 2026-03-12 08:46:58
Bus 1 | V=1038 | I=1131 | Breaker=OPEN
Bus 2 | V=985 | I=1588 | Breaker=OPEN
Bus 3 | V=1030 | I=1304 | Breaker=OPEN
Bus 4 | V=1017 | I=1065 | Breaker=CLOSE
Bus 5 | V=1002 | I=826 | Breaker=CLOSE

 2026-03-12 08:47:03
Bus 1 | V=977 | I=313 | Breaker=CLOSE
Bus 2 | V=1041 | I=769 | Breaker=OPEN
Bus 3 | V=974 | I=929 | Breaker=CLOSE
Bus 4 | V=985 | I=1058 | Breaker=CLOSE
Bus 5 | V=988 | I=660 | Breaker=CLOSE

 2026-03-12 08:47:08
Bus 1 | V=969 | I=1538 | Breaker=OPEN
Bus 2 | V=1010 | I=485 | Breaker=OPEN
Bus 3 | V=1040 | I=427 | Breaker=OPEN
Bus 4 | V=1016 | I=1577 | Breaker=CLOSE
Bus 5 | V=1014 | I=765 | Breaker=CLOSE

 2026-03-12 08:47:13
Bus 1 | V=1028 | I=1010 | Breaker=OPEN
Bus 2 | V=981 | I=1662 | Breaker=OPEN
Bus 3 | V=960 | I=502 | Breaker=OPEN
Bus 4 | V=1031 | I=1968 | Breaker=CLOSE
Bus 5 | V=950 | I=1573 | Breaker=CLOSE

 2026-03-12 08:47:18
Bus 1 | V=1042 | I=1207 | Breaker=CLOSE
Bus 2 | V=972 | I=1086 | Breaker=OPEN
Bus 3 | V=1049 | I=206 | Breaker=CLOSE
Bus 4 | V=996 | I=1650 | Breaker=CLOSE
Bus 5 | V=1010 | I=879 | Breaker=CLOSE

 2026-03-12 08:47:23
Bus 1 | V=1028 | I=515 | Breaker=OPEN
Bus 2 | V=964 | I=794 | Breaker=OPEN
Bus 3 | V=1046 | I=1338 | Breaker=OPEN
Bus 4 | V=954 | I=684 | Breaker=CLOSE
Bus 5 | V=1007 | I=1226 | Breaker=CLOSE

 2026-03-12 08:47:28
Bus 1 | V=1029 | I=839 | Breaker=CLOSE
Bus 2 | V=1027 | I=941 | Breaker=OPEN
Bus 3 | V=1007 | I=600 | Breaker=CLOSE
Bus 4 | V=954 | I=623 | Breaker=CLOSE
Bus 5 | V=997 | I=307 | Breaker=CLOSE

 2026-03-12 08:47:33
Bus 1 | V=1032 | I=459 | Breaker=OPEN
Bus 2 | V=1025 | I=1630 | Breaker=OPEN
Bus 3 | V=1000 | I=241 | Breaker=CLOSE
Bus 4 | V=1035 | I=1401 | Breaker=CLOSE
Bus 5 | V=962 | I=1987 | Breaker=CLOSE

 2026-03-12 08:47:38
Bus 1 | V=966 | I=1524 | Breaker=OPEN
Bus 2 | V=1020 | I=994 | Breaker=OPEN
Bus 3 | V=983 | I=517 | Breaker=OPEN
Bus 4 | V=1022 | I=1896 | Breaker=CLOSE
Bus 5 | V=982 | I=513 | Breaker=CLOSE

 2026-03-12 08:47:43
Bus 1 | V=1031 | I=1557 | Breaker=CLOSE
Bus 2 | V=1031 | I=725 | Breaker=OPEN
Bus 3 | V=1030 | I=472 | Breaker=CLOSE
Bus 4 | V=969 | I=726 | Breaker=CLOSE
Bus 5 | V=1048 | I=1807 | Breaker=CLOSE

 2026-03-12 08:47:48
Bus 1 | V=1003 | I=240 | Breaker=OPEN
Bus 2 | V=980 | I=1489 | Breaker=OPEN
Bus 3 | V=1045 | I=1807 | Breaker=OPEN
Bus 4 | V=1045 | I=1541 | Breaker=CLOSE
Bus 5 | V=982 | I=466 | Breaker=CLOSE

 2026-03-12 08:47:53
Bus 1 | V=1048 | I=439 | Breaker=CLOSE
Bus 2 | V=1048 | I=960 | Breaker=OPEN
Bus 3 | V=970 | I=1417 | Breaker=CLOSE
Bus 4 | V=979 | I=462 | Breaker=CLOSE
Bus 5 | V=974 | I=329 | Breaker=CLOSE

 2026-03-12 08:47:58
Bus 1 | V=992 | I=149 | Breaker=OPEN
Bus 2 | V=1018 | I=407 | Breaker=OPEN
Bus 3 | V=961 | I=1271 | Breaker=OPEN
Bus 4 | V=972 | I=319 | Breaker=CLOSE
Bus 5 | V=1003 | I=1126 | Breaker=CLOSE

 2026-03-12 08:48:03
Bus 1 | V=998 | I=567 | Breaker=OPEN
Bus 2 | V=1019 | I=1953 | Breaker=OPEN
Bus 3 | V=987 | I=167 | Breaker=OPEN
Bus 4 | V=1048 | I=906 | Breaker=CLOSE
Bus 5 | V=982 | I=1691 | Breaker=CLOSE

 2026-03-12 08:48:08
Bus 1 | V=1046 | I=860 | Breaker=CLOSE
Bus 2 | V=984 | I=1138 | Breaker=OPEN
Bus 3 | V=981 | I=1068 | Breaker=CLOSE
Bus 4 | V=984 | I=964 | Breaker=CLOSE
Bus 5 | V=974 | I=1658 | Breaker=CLOSE

 2026-03-12 08:48:13
Bus 1 | V=968 | I=1627 | Breaker=OPEN
Bus 2 | V=978 | I=1220 | Breaker=OPEN
Bus 3 | V=978 | I=777 | Breaker=OPEN
Bus 4 | V=995 | I=860 | Breaker=CLOSE
Bus 5 | V=1025 | I=144 | Breaker=CLOSE

 2026-03-12 08:48:18
Bus 1 | V=1031 | I=819 | Breaker=CLOSE
Bus 2 | V=986 | I=1934 | Breaker=OPEN
Bus 3 | V=960 | I=1451 | Breaker=CLOSE
Bus 4 | V=991 | I=1974 | Breaker=CLOSE
Bus 5 | V=974 | I=1433 | Breaker=CLOSE

 2026-03-12 08:48:23
Bus 1 | V=1029 | I=717 | Breaker=OPEN
Bus 2 | V=1031 | I=1028 | Breaker=OPEN
Bus 3 | V=957 | I=184 | Breaker=OPEN
Bus 4 | V=1004 | I=369 | Breaker=CLOSE
Bus 5 | V=1028 | I=1149 | Breaker=CLOSE

 2026-03-12 08:48:28
Bus 1 | V=995 | I=1232 | Breaker=CLOSE
Bus 2 | V=1012 | I=344 | Breaker=OPEN
Bus 3 | V=1026 | I=460 | Breaker=CLOSE
Bus 4 | V=1031 | I=114 | Breaker=CLOSE
Bus 5 | V=994 | I=1094 | Breaker=CLOSE

 2026-03-12 08:48:33
Bus 1 | V=1021 | I=1516 | Breaker=OPEN
Bus 2 | V=1033 | I=1206 | Breaker=OPEN
Bus 3 | V=1026 | I=1813 | Breaker=OPEN
Bus 4 | V=977 | I=700 | Breaker=CLOSE
Bus 5 | V=994 | I=1102 | Breaker=CLOSE

 2026-03-12 08:48:38
Bus 1 | V=997 | I=1675 | Breaker=OPEN
Bus 2 | V=1042 | I=755 | Breaker=OPEN
Bus 3 | V=976 | I=1396 | Breaker=OPEN
Bus 4 | V=984 | I=782 | Breaker=CLOSE
Bus 5 | V=1005 | I=245 | Breaker=CLOSE

 2026-03-12 08:48:43
Bus 1 | V=952 | I=1149 | Breaker=CLOSE
Bus 2 | V=1026 | I=947 | Breaker=OPEN
Bus 3 | V=1018 | I=1389 | Breaker=CLOSE
Bus 4 | V=969 | I=1969 | Breaker=CLOSE
Bus 5 | V=1021 | I=794 | Breaker=CLOSE

 2026-03-12 08:48:48
Bus 1 | V=997 | I=157 | Breaker=OPEN
Bus 2 | V=963 | I=628 | Breaker=OPEN
Bus 3 | V=964 | I=407 | Breaker=OPEN
Bus 4 | V=995 | I=188 | Breaker=CLOSE
Bus 5 | V=970 | I=254 | Breaker=CLOSE

 2026-03-12 08:48:53
Bus 1 | V=981 | I=536 | Breaker=CLOSE
Bus 2 | V=1004 | I=1360 | Breaker=OPEN
Bus 3 | V=1012 | I=445 | Breaker=CLOSE
Bus 4 | V=987 | I=1815 | Breaker=CLOSE
Bus 5 | V=967 | I=1748 | Breaker=CLOSE

 2026-03-12 08:48:58
Bus 1 | V=961 | I=652 | Breaker=CLOSE
Bus 2 | V=1041 | I=713 | Breaker=OPEN
Bus 3 | V=1043 | I=473 | Breaker=CLOSE
Bus 4 | V=1035 | I=423 | Breaker=CLOSE
Bus 5 | V=1040 | I=1746 | Breaker=CLOSE

 2026-03-12 08:49:03
Bus 1 | V=1028 | I=728 | Breaker=OPEN
Bus 2 | V=988 | I=1974 | Breaker=OPEN
Bus 3 | V=1046 | I=224 | Breaker=OPEN
Bus 4 | V=1006 | I=758 | Breaker=CLOSE
Bus 5 | V=957 | I=1350 | Breaker=CLOSE

 2026-03-12 08:49:08
Bus 1 | V=967 | I=712 | Breaker=CLOSE
Bus 2 | V=1035 | I=1005 | Breaker=OPEN
Bus 3 | V=1043 | I=1570 | Breaker=CLOSE
Bus 4 | V=961 | I=1177 | Breaker=CLOSE
Bus 5 | V=1025 | I=1554 | Breaker=CLOSE

 2026-03-12 08:49:13
Bus 1 | V=1012 | I=653 | Breaker=OPEN
Bus 2 | V=1031 | I=828 | Breaker=OPEN
Bus 3 | V=1038 | I=1488 | Breaker=OPEN
Bus 4 | V=1035 | I=176 | Breaker=CLOSE
Bus 5 | V=955 | I=1106 | Breaker=CLOSE

 2026-03-12 08:49:19
Bus 1 | V=1003 | I=1552 | Breaker=CLOSE
Bus 2 | V=966 | I=158 | Breaker=OPEN
Bus 3 | V=972 | I=413 | Breaker=CLOSE
Bus 4 | V=1010 | I=1017 | Breaker=CLOSE
Bus 5 | V=1026 | I=396 | Breaker=CLOSE

 2026-03-12 08:49:24
Bus 1 | V=964 | I=1632 | Breaker=OPEN
Bus 2 | V=1020 | I=550 | Breaker=OPEN
Bus 3 | V=1015 | I=277 | Breaker=OPEN
Bus 4 | V=988 | I=879 | Breaker=CLOSE
Bus 5 | V=1030 | I=774 | Breaker=CLOSE

 2026-03-12 08:49:29
Bus 1 | V=1001 | I=794 | Breaker=CLOSE
Bus 2 | V=1013 | I=746 | Breaker=OPEN
Bus 3 | V=956 | I=1228 | Breaker=CLOSE
Bus 4 | V=998 | I=1194 | Breaker=CLOSE
Bus 5 | V=1041 | I=1045 | Breaker=CLOSE

 2026-03-12 08:49:34
Bus 1 | V=1008 | I=955 | Breaker=OPEN
Bus 2 | V=995 | I=847 | Breaker=OPEN
Bus 3 | V=1037 | I=1230 | Breaker=OPEN
Bus 4 | V=996 | I=865 | Breaker=CLOSE
Bus 5 | V=1035 | I=1453 | Breaker=CLOSE

 2026-03-12 08:49:39
Bus 1 | V=1032 | I=555 | Breaker=CLOSE
Bus 2 | V=976 | I=1829 | Breaker=OPEN
Bus 3 | V=977 | I=1236 | Breaker=CLOSE
Bus 4 | V=983 | I=1847 | Breaker=CLOSE
Bus 5 | V=986 | I=522 | Breaker=CLOSE

 2026-03-12 08:49:44
Bus 1 | V=995 | I=1928 | Breaker=CLOSE
Bus 2 | V=986 | I=1173 | Breaker=OPEN
Bus 3 | V=982 | I=197 | Breaker=CLOSE
Bus 4 | V=978 | I=771 | Breaker=CLOSE
Bus 5 | V=1032 | I=571 | Breaker=CLOSE

 2026-03-12 08:49:49
Bus 1 | V=978 | I=417 | Breaker=OPEN
Bus 2 | V=996 | I=163 | Breaker=OPEN
Bus 3 | V=1021 | I=783 | Breaker=OPEN
Bus 4 | V=1009 | I=1910 | Breaker=CLOSE
Bus 5 | V=1006 | I=750 | Breaker=CLOSE

 2026-03-12 08:49:54
Bus 1 | V=1043 | I=824 | Breaker=CLOSE
Bus 2 | V=1036 | I=1149 | Breaker=OPEN
Bus 3 | V=954 | I=871 | Breaker=CLOSE
Bus 4 | V=985 | I=1441 | Breaker=CLOSE
Bus 5 | V=955 | I=929 | Breaker=CLOSE

 2026-03-12 08:49:59
Bus 1 | V=992 | I=1589 | Breaker=OPEN
Bus 2 | V=1034 | I=1599 | Breaker=OPEN
Bus 3 | V=1040 | I=1874 | Breaker=OPEN
Bus 4 | V=981 | I=1579 | Breaker=CLOSE
Bus 5 | V=1045 | I=318 | Breaker=CLOSE

 2026-03-12 08:50:04
Bus 1 | V=966 | I=1081 | Breaker=CLOSE
Bus 2 | V=1040 | I=967 | Breaker=OPEN
Bus 3 | V=950 | I=1202 | Breaker=CLOSE
Bus 4 | V=978 | I=1122 | Breaker=CLOSE
Bus 5 | V=1011 | I=1265 | Breaker=CLOSE

 2026-03-12 08:50:09
Bus 1 | V=969 | I=1327 | Breaker=CLOSE
Bus 2 | V=1026 | I=305 | Breaker=OPEN
Bus 3 | V=987 | I=1411 | Breaker=CLOSE
Bus 4 | V=1012 | I=755 | Breaker=CLOSE
Bus 5 | V=984 | I=1047 | Breaker=CLOSE

 2026-03-12 08:50:14
Bus 1 | V=1004 | I=209 | Breaker=OPEN
Bus 2 | V=977 | I=1996 | Breaker=OPEN
Bus 3 | V=991 | I=475 | Breaker=OPEN
Bus 4 | V=992 | I=1303 | Breaker=CLOSE
Bus 5 | V=1001 | I=680 | Breaker=CLOSE

 2026-03-12 08:50:19
Bus 1 | V=967 | I=1856 | Breaker=CLOSE
Bus 2 | V=994 | I=1832 | Breaker=OPEN
Bus 3 | V=978 | I=1981 | Breaker=CLOSE
Bus 4 | V=1028 | I=1130 | Breaker=CLOSE
Bus 5 | V=1010 | I=458 | Breaker=CLOSE

 2026-03-12 08:50:24
Bus 1 | V=969 | I=258 | Breaker=OPEN
Bus 2 | V=978 | I=690 | Breaker=OPEN
Bus 3 | V=1016 | I=339 | Breaker=OPEN
Bus 4 | V=979 | I=1762 | Breaker=CLOSE
Bus 5 | V=951 | I=1181 | Breaker=CLOSE

 2026-03-12 08:50:29
Bus 1 | V=1016 | I=1735 | Breaker=OPEN
Bus 2 | V=1017 | I=963 | Breaker=OPEN
Bus 3 | V=1041 | I=1517 | Breaker=OPEN
Bus 4 | V=986 | I=1746 | Breaker=CLOSE
Bus 5 | V=1035 | I=314 | Breaker=CLOSE

 2026-03-12 08:50:34
Bus 1 | V=1035 | I=707 | Breaker=CLOSE
Bus 2 | V=995 | I=1958 | Breaker=OPEN
Bus 3 | V=993 | I=662 | Breaker=CLOSE
Bus 4 | V=955 | I=437 | Breaker=CLOSE
Bus 5 | V=953 | I=1861 | Breaker=CLOSE

 2026-03-12 08:50:39
Bus 1 | V=1042 | I=377 | Breaker=OPEN
Bus 2 | V=1046 | I=1489 | Breaker=OPEN
Bus 3 | V=1030 | I=1914 | Breaker=OPEN
Bus 4 | V=1015 | I=713 | Breaker=CLOSE
Bus 5 | V=950 | I=407 | Breaker=CLOSE

 2026-03-12 08:50:44
Bus 1 | V=1043 | I=1315 | Breaker=CLOSE
Bus 2 | V=1025 | I=1741 | Breaker=OPEN
Bus 3 | V=989 | I=1615 | Breaker=CLOSE
Bus 4 | V=1040 | I=1688 | Breaker=CLOSE
Bus 5 | V=1037 | I=448 | Breaker=CLOSE

 2026-03-12 08:50:49
Bus 1 | V=1046 | I=1357 | Breaker=OPEN
Bus 2 | V=1010 | I=1264 | Breaker=OPEN
Bus 3 | V=979 | I=439 | Breaker=OPEN
Bus 4 | V=1044 | I=1676 | Breaker=CLOSE
Bus 5 | V=967 | I=1847 | Breaker=CLOSE

 2026-03-12 08:50:54
Bus 1 | V=988 | I=502 | Breaker=OPEN
Bus 2 | V=1011 | I=463 | Breaker=OPEN
Bus 3 | V=988 | I=822 | Breaker=OPEN
Bus 4 | V=1025 | I=610 | Breaker=CLOSE
Bus 5 | V=991 | I=1564 | Breaker=CLOSE

 2026-03-12 08:50:59
Bus 1 | V=1015 | I=1975 | Breaker=CLOSE
Bus 2 | V=959 | I=1625 | Breaker=OPEN
Bus 3 | V=1028 | I=532 | Breaker=CLOSE
Bus 4 | V=980 | I=276 | Breaker=CLOSE
Bus 5 | V=966 | I=139 | Breaker=CLOSE

 2026-03-12 08:51:04
Bus 1 | V=975 | I=417 | Breaker=OPEN
Bus 2 | V=1003 | I=1167 | Breaker=OPEN
Bus 3 | V=992 | I=1794 | Breaker=OPEN
Bus 4 | V=952 | I=1060 | Breaker=CLOSE
Bus 5 | V=1023 | I=1164 | Breaker=CLOSE

 2026-03-12 08:51:09
Bus 1 | V=1019 | I=1418 | Breaker=CLOSE
Bus 2 | V=1049 | I=1251 | Breaker=OPEN
Bus 3 | V=971 | I=575 | Breaker=CLOSE
Bus 4 | V=973 | I=459 | Breaker=CLOSE
Bus 5 | V=1045 | I=167 | Breaker=CLOSE

 2026-03-12 08:51:14
Bus 1 | V=963 | I=1401 | Breaker=CLOSE
Bus 2 | V=1007 | I=543 | Breaker=OPEN
Bus 3 | V=996 | I=652 | Breaker=CLOSE
Bus 4 | V=1020 | I=1915 | Breaker=CLOSE
Bus 5 | V=972 | I=113 | Breaker=CLOSE

 2026-03-12 08:51:19
Bus 1 | V=1011 | I=1938 | Breaker=OPEN
Bus 2 | V=967 | I=745 | Breaker=OPEN
Bus 3 | V=1016 | I=1430 | Breaker=OPEN
Bus 4 | V=985 | I=1010 | Breaker=CLOSE
Bus 5 | V=958 | I=293 | Breaker=CLOSE

 2026-03-12 08:51:24
Bus 1 | V=1047 | I=834 | Breaker=CLOSE
Bus 2 | V=997 | I=1034 | Breaker=OPEN
Bus 3 | V=994 | I=1414 | Breaker=CLOSE
Bus 4 | V=995 | I=1616 | Breaker=CLOSE
Bus 5 | V=978 | I=842 | Breaker=CLOSE

 2026-03-12 08:51:29
Bus 1 | V=992 | I=1952 | Breaker=OPEN
Bus 2 | V=1043 | I=1687 | Breaker=OPEN
Bus 3 | V=1031 | I=1167 | Breaker=OPEN
Bus 4 | V=993 | I=1949 | Breaker=CLOSE
Bus 5 | V=994 | I=508 | Breaker=CLOSE

 2026-03-12 08:51:34
Bus 1 | V=982 | I=462 | Breaker=CLOSE
Bus 2 | V=972 | I=1352 | Breaker=OPEN
Bus 3 | V=1028 | I=1283 | Breaker=CLOSE
Bus 4 | V=960 | I=1075 | Breaker=CLOSE
Bus 5 | V=996 | I=1424 | Breaker=CLOSE

 2026-03-12 08:51:39
Bus 1 | V=1043 | I=572 | Breaker=CLOSE
Bus 2 | V=1014 | I=1508 | Breaker=OPEN
Bus 3 | V=956 | I=891 | Breaker=CLOSE
Bus 4 | V=1016 | I=674 | Breaker=CLOSE
Bus 5 | V=979 | I=1702 | Breaker=CLOSE

 2026-03-12 08:51:44
Bus 1 | V=1015 | I=936 | Breaker=OPEN
Bus 2 | V=989 | I=1836 | Breaker=OPEN
Bus 3 | V=982 | I=1303 | Breaker=OPEN
Bus 4 | V=963 | I=1986 | Breaker=CLOSE
Bus 5 | V=1023 | I=994 | Breaker=CLOSE

 2026-03-12 08:51:49
Bus 1 | V=1002 | I=867 | Breaker=CLOSE
Bus 2 | V=990 | I=1095 | Breaker=OPEN
Bus 3 | V=1030 | I=1631 | Breaker=CLOSE
Bus 4 | V=999 | I=1836 | Breaker=CLOSE
Bus 5 | V=1003 | I=114 | Breaker=CLOSE

 2026-03-12 08:51:54
Bus 1 | V=967 | I=1735 | Breaker=OPEN
Bus 2 | V=964 | I=268 | Breaker=OPEN
Bus 3 | V=970 | I=356 | Breaker=OPEN
Bus 4 | V=1013 | I=1539 | Breaker=CLOSE
Bus 5 | V=1049 | I=1426 | Breaker=CLOSE

 2026-03-12 08:51:59
Bus 1 | V=983 | I=1852 | Breaker=CLOSE
Bus 2 | V=1049 | I=301 | Breaker=OPEN
Bus 3 | V=1010 | I=1377 | Breaker=CLOSE
Bus 4 | V=1042 | I=156 | Breaker=CLOSE
Bus 5 | V=1040 | I=1393 | Breaker=CLOSE

 2026-03-12 08:52:04
Bus 1 | V=1023 | I=1981 | Breaker=OPEN
Bus 2 | V=1042 | I=1137 | Breaker=OPEN
Bus 3 | V=1027 | I=235 | Breaker=OPEN
Bus 4 | V=1005 | I=1751 | Breaker=CLOSE
Bus 5 | V=1011 | I=1148 | Breaker=CLOSE

 2026-03-12 08:52:09
Bus 1 | V=991 | I=347 | Breaker=CLOSE
Bus 2 | V=1047 | I=1302 | Breaker=OPEN
Bus 3 | V=985 | I=720 | Breaker=CLOSE
Bus 4 | V=975 | I=744 | Breaker=CLOSE
Bus 5 | V=1002 | I=1935 | Breaker=CLOSE

 2026-03-12 08:52:14
Bus 1 | V=995 | I=611 | Breaker=CLOSE
Bus 2 | V=1024 | I=428 | Breaker=OPEN
Bus 3 | V=984 | I=1500 | Breaker=OPEN
Bus 4 | V=981 | I=1303 | Breaker=CLOSE
Bus 5 | V=953 | I=253 | Breaker=CLOSE

 2026-03-12 08:52:19
Bus 1 | V=1034 | I=1795 | Breaker=OPEN
Bus 2 | V=950 | I=341 | Breaker=OPEN
Bus 3 | V=1017 | I=270 | Breaker=OPEN
Bus 4 | V=1041 | I=1054 | Breaker=CLOSE
Bus 5 | V=1046 | I=841 | Breaker=CLOSE

 2026-03-12 08:52:24
Bus 1 | V=999 | I=1983 | Breaker=OPEN
Bus 2 | V=982 | I=1522 | Breaker=OPEN
Bus 3 | V=959 | I=550 | Breaker=OPEN
Bus 4 | V=983 | I=1691 | Breaker=CLOSE
Bus 5 | V=1035 | I=104 | Breaker=CLOSE

 2026-03-12 08:54:13
Bus 1 | V=954 | I=698 | Breaker=CLOSE
Bus 2 | V=1047 | I=1085 | Breaker=OPEN
Bus 3 | V=975 | I=969 | Breaker=CLOSE
Bus 4 | V=1022 | I=1574 | Breaker=CLOSE
Bus 5 | V=1009 | I=1222 | Breaker=CLOSE

 2026-03-12 08:54:18
Bus 1 | V=1021 | I=1697 | Breaker=CLOSE
Bus 2 | V=996 | I=973 | Breaker=OPEN
Bus 3 | V=1034 | I=749 | Breaker=CLOSE
Bus 4 | V=999 | I=1722 | Breaker=CLOSE
Bus 5 | V=1032 | I=445 | Breaker=CLOSE

 2026-03-12 08:54:23
Bus 1 | V=994 | I=628 | Breaker=OPEN
Bus 2 | V=1011 | I=251 | Breaker=OPEN
Bus 3 | V=1025 | I=1963 | Breaker=CLOSE
Bus 4 | V=1017 | I=1190 | Breaker=CLOSE
Bus 5 | V=951 | I=124 | Breaker=CLOSE

 2026-03-12 08:54:28
Bus 1 | V=1030 | I=792 | Breaker=OPEN
Bus 2 | V=950 | I=316 | Breaker=OPEN
Bus 3 | V=953 | I=258 | Breaker=CLOSE
Bus 4 | V=963 | I=1277 | Breaker=CLOSE
Bus 5 | V=1013 | I=302 | Breaker=CLOSE

 2026-03-12 08:54:33
Bus 1 | V=970 | I=1764 | Breaker=OPEN
Bus 2 | V=961 | I=168 | Breaker=OPEN
Bus 3 | V=967 | I=1647 | Breaker=CLOSE
Bus 4 | V=1047 | I=560 | Breaker=CLOSE
Bus 5 | V=1038 | I=1874 | Breaker=CLOSE

 2026-03-12 08:54:38
Bus 1 | V=1015 | I=1143 | Breaker=OPEN
Bus 2 | V=1035 | I=1279 | Breaker=OPEN
Bus 3 | V=1044 | I=1017 | Breaker=CLOSE
Bus 4 | V=1036 | I=1537 | Breaker=CLOSE
Bus 5 | V=988 | I=964 | Breaker=CLOSE

 2026-03-12 08:54:43
Bus 1 | V=972 | I=1126 | Breaker=OPEN
Bus 2 | V=970 | I=779 | Breaker=OPEN
Bus 3 | V=1021 | I=1284 | Breaker=CLOSE
Bus 4 | V=993 | I=1032 | Breaker=CLOSE
Bus 5 | V=1043 | I=422 | Breaker=CLOSE

 2026-03-12 08:54:48
Bus 1 | V=996 | I=412 | Breaker=OPEN
Bus 2 | V=964 | I=1365 | Breaker=OPEN
Bus 3 | V=980 | I=1912 | Breaker=CLOSE
Bus 4 | V=1044 | I=120 | Breaker=CLOSE
Bus 5 | V=962 | I=287 | Breaker=CLOSE

 2026-03-12 08:54:53
Bus 1 | V=958 | I=1747 | Breaker=OPEN
Bus 2 | V=951 | I=353 | Breaker=OPEN
Bus 3 | V=996 | I=630 | Breaker=CLOSE
Bus 4 | V=966 | I=1292 | Breaker=CLOSE
Bus 5 | V=950 | I=1223 | Breaker=CLOSE

 2026-03-12 08:54:58
Bus 1 | V=1000 | I=1637 | Breaker=OPEN
Bus 2 | V=1006 | I=1433 | Breaker=OPEN
Bus 3 | V=1048 | I=1189 | Breaker=CLOSE
Bus 4 | V=1038 | I=488 | Breaker=CLOSE
Bus 5 | V=994 | I=609 | Breaker=CLOSE

 2026-03-12 08:55:03
Bus 1 | V=954 | I=262 | Breaker=OPEN
Bus 2 | V=1033 | I=574 | Breaker=OPEN
Bus 3 | V=965 | I=998 | Breaker=CLOSE
Bus 4 | V=1042 | I=1843 | Breaker=CLOSE
Bus 5 | V=960 | I=1404 | Breaker=CLOSE

 2026-03-12 08:55:08
Bus 1 | V=1023 | I=1476 | Breaker=OPEN
Bus 2 | V=984 | I=520 | Breaker=OPEN
Bus 3 | V=1009 | I=910 | Breaker=CLOSE
Bus 4 | V=1029 | I=1492 | Breaker=CLOSE
Bus 5 | V=1014 | I=1090 | Breaker=CLOSE

 2026-03-12 08:55:13
Bus 1 | V=1001 | I=1351 | Breaker=OPEN
Bus 2 | V=977 | I=1851 | Breaker=OPEN
Bus 3 | V=1015 | I=663 | Breaker=CLOSE
Bus 4 | V=963 | I=1892 | Breaker=CLOSE
Bus 5 | V=977 | I=393 | Breaker=CLOSE

 2026-03-12 08:55:18
Bus 1 | V=964 | I=843 | Breaker=OPEN
Bus 2 | V=1015 | I=550 | Breaker=OPEN
Bus 3 | V=1022 | I=241 | Breaker=CLOSE
Bus 4 | V=987 | I=1824 | Breaker=CLOSE
Bus 5 | V=1038 | I=1281 | Breaker=CLOSE

 2026-03-12 08:55:23
Bus 1 | V=1034 | I=1816 | Breaker=OPEN
Bus 2 | V=981 | I=1246 | Breaker=OPEN
Bus 3 | V=1007 | I=614 | Breaker=CLOSE
Bus 4 | V=955 | I=361 | Breaker=CLOSE
Bus 5 | V=1034 | I=1947 | Breaker=CLOSE

 2026-03-12 08:55:28
Bus 1 | V=1024 | I=1844 | Breaker=OPEN
Bus 2 | V=985 | I=224 | Breaker=OPEN
Bus 3 | V=982 | I=195 | Breaker=CLOSE
Bus 4 | V=1047 | I=1896 | Breaker=CLOSE
Bus 5 | V=994 | I=217 | Breaker=CLOSE

 2026-03-12 08:55:33
Bus 1 | V=980 | I=1047 | Breaker=OPEN
Bus 2 | V=1020 | I=851 | Breaker=OPEN
Bus 3 | V=1025 | I=246 | Breaker=CLOSE
Bus 4 | V=961 | I=1163 | Breaker=CLOSE
Bus 5 | V=1030 | I=389 | Breaker=CLOSE

 2026-03-12 08:55:39
Bus 1 | V=1005 | I=1016 | Breaker=OPEN
Bus 2 | V=975 | I=1375 | Breaker=OPEN
Bus 3 | V=963 | I=1760 | Breaker=CLOSE
Bus 4 | V=1026 | I=744 | Breaker=CLOSE
Bus 5 | V=978 | I=202 | Breaker=CLOSE

 2026-03-12 08:55:44
Bus 1 | V=1044 | I=230 | Breaker=OPEN
Bus 2 | V=1038 | I=586 | Breaker=OPEN
Bus 3 | V=961 | I=1900 | Breaker=CLOSE
Bus 4 | V=964 | I=388 | Breaker=CLOSE
Bus 5 | V=1041 | I=1455 | Breaker=CLOSE

 2026-03-12 08:55:49
Bus 1 | V=1043 | I=259 | Breaker=OPEN
Bus 2 | V=957 | I=1316 | Breaker=OPEN
Bus 3 | V=1045 | I=1600 | Breaker=CLOSE
Bus 4 | V=1027 | I=1189 | Breaker=CLOSE
Bus 5 | V=954 | I=1535 | Breaker=CLOSE

 2026-03-12 08:55:54
Bus 1 | V=955 | I=798 | Breaker=OPEN
Bus 2 | V=1005 | I=1040 | Breaker=OPEN
Bus 3 | V=977 | I=888 | Breaker=CLOSE
Bus 4 | V=1009 | I=689 | Breaker=CLOSE
Bus 5 | V=979 | I=725 | Breaker=CLOSE

 2026-03-12 08:55:59
Bus 1 | V=955 | I=1601 | Breaker=OPEN
Bus 2 | V=971 | I=1965 | Breaker=OPEN
Bus 3 | V=1030 | I=1225 | Breaker=CLOSE
Bus 4 | V=1041 | I=615 | Breaker=CLOSE
Bus 5 | V=1004 | I=1572 | Breaker=CLOSE

 2026-03-12 08:56:04
Bus 1 | V=993 | I=379 | Breaker=OPEN
Bus 2 | V=987 | I=1115 | Breaker=OPEN
Bus 3 | V=964 | I=1068 | Breaker=CLOSE
Bus 4 | V=953 | I=1744 | Breaker=CLOSE
Bus 5 | V=1041 | I=1462 | Breaker=CLOSE

 2026-03-12 08:56:09
Bus 1 | V=1041 | I=1242 | Breaker=OPEN
Bus 2 | V=962 | I=801 | Breaker=OPEN
Bus 3 | V=1038 | I=950 | Breaker=CLOSE
Bus 4 | V=1017 | I=1170 | Breaker=CLOSE
Bus 5 | V=1047 | I=854 | Breaker=CLOSE

 2026-03-12 08:56:14
Bus 1 | V=1031 | I=1905 | Breaker=OPEN
Bus 2 | V=1039 | I=1396 | Breaker=OPEN
Bus 3 | V=1039 | I=841 | Breaker=CLOSE
Bus 4 | V=1021 | I=185 | Breaker=CLOSE
Bus 5 | V=1043 | I=1307 | Breaker=CLOSE

 2026-03-12 08:56:19
Bus 1 | V=1031 | I=1855 | Breaker=OPEN
Bus 2 | V=992 | I=289 | Breaker=OPEN
Bus 3 | V=996 | I=849 | Breaker=CLOSE
Bus 4 | V=980 | I=861 | Breaker=CLOSE
Bus 5 | V=956 | I=1419 | Breaker=CLOSE

 2026-03-12 08:56:24
Bus 1 | V=1028 | I=798 | Breaker=OPEN
Bus 2 | V=1007 | I=938 | Breaker=OPEN
Bus 3 | V=987 | I=634 | Breaker=CLOSE
Bus 4 | V=959 | I=499 | Breaker=CLOSE
Bus 5 | V=997 | I=1382 | Breaker=CLOSE

 2026-03-12 08:56:29
Bus 1 | V=997 | I=1711 | Breaker=OPEN
Bus 2 | V=1030 | I=128 | Breaker=OPEN
Bus 3 | V=1013 | I=197 | Breaker=CLOSE
Bus 4 | V=1030 | I=111 | Breaker=CLOSE
Bus 5 | V=1024 | I=1583 | Breaker=CLOSE

 2026-03-12 08:56:34
Bus 1 | V=1014 | I=1590 | Breaker=OPEN
Bus 2 | V=968 | I=1980 | Breaker=OPEN
Bus 3 | V=1014 | I=1516 | Breaker=CLOSE
Bus 4 | V=962 | I=1691 | Breaker=CLOSE
Bus 5 | V=955 | I=1872 | Breaker=CLOSE

 2026-03-12 08:56:39
Bus 1 | V=993 | I=1364 | Breaker=OPEN
Bus 2 | V=1023 | I=230 | Breaker=OPEN
Bus 3 | V=959 | I=359 | Breaker=CLOSE
Bus 4 | V=1039 | I=935 | Breaker=CLOSE
Bus 5 | V=955 | I=931 | Breaker=CLOSE

 2026-03-12 08:56:44
Bus 1 | V=967 | I=394 | Breaker=OPEN
Bus 2 | V=955 | I=357 | Breaker=OPEN
Bus 3 | V=956 | I=1429 | Breaker=CLOSE
Bus 4 | V=999 | I=1054 | Breaker=CLOSE
Bus 5 | V=1049 | I=631 | Breaker=CLOSE

 2026-03-12 08:56:49
Bus 1 | V=1041 | I=1759 | Breaker=OPEN
Bus 2 | V=1008 | I=1382 | Breaker=OPEN
Bus 3 | V=1014 | I=538 | Breaker=CLOSE
Bus 4 | V=1039 | I=676 | Breaker=CLOSE
Bus 5 | V=1047 | I=1251 | Breaker=CLOSE

 2026-03-12 08:56:54
Bus 1 | V=988 | I=1214 | Breaker=OPEN
Bus 2 | V=1004 | I=170 | Breaker=OPEN
Bus 3 | V=969 | I=1040 | Breaker=CLOSE
Bus 4 | V=950 | I=1055 | Breaker=CLOSE
Bus 5 | V=1013 | I=1599 | Breaker=CLOSE

 2026-03-12 08:56:59
Bus 1 | V=992 | I=948 | Breaker=OPEN
Bus 2 | V=1039 | I=1425 | Breaker=OPEN
Bus 3 | V=980 | I=1619 | Breaker=CLOSE
Bus 4 | V=962 | I=234 | Breaker=CLOSE
Bus 5 | V=1027 | I=601 | Breaker=CLOSE

 2026-03-12 08:57:04
Bus 1 | V=982 | I=1566 | Breaker=OPEN
Bus 2 | V=984 | I=1750 | Breaker=OPEN
Bus 3 | V=955 | I=298 | Breaker=CLOSE
Bus 4 | V=1012 | I=250 | Breaker=CLOSE
Bus 5 | V=979 | I=1732 | Breaker=CLOSE

 2026-03-12 08:57:09
Bus 1 | V=992 | I=1695 | Breaker=OPEN
Bus 2 | V=965 | I=1066 | Breaker=OPEN
Bus 3 | V=976 | I=1680 | Breaker=CLOSE
Bus 4 | V=1024 | I=717 | Breaker=CLOSE
Bus 5 | V=1006 | I=136 | Breaker=CLOSE

 2026-03-12 08:57:14
Bus 1 | V=1041 | I=610 | Breaker=OPEN
Bus 2 | V=1032 | I=1179 | Breaker=OPEN
Bus 3 | V=998 | I=1568 | Breaker=CLOSE
Bus 4 | V=971 | I=719 | Breaker=CLOSE
Bus 5 | V=1034 | I=697 | Breaker=CLOSE

 2026-03-12 08:57:19
Bus 1 | V=974 | I=179 | Breaker=OPEN
Bus 2 | V=1018 | I=661 | Breaker=OPEN
Bus 3 | V=1039 | I=1567 | Breaker=CLOSE
Bus 4 | V=984 | I=170 | Breaker=CLOSE
Bus 5 | V=1041 | I=107 | Breaker=CLOSE

 2026-03-12 08:57:24
Bus 1 | V=1019 | I=124 | Breaker=OPEN
Bus 2 | V=1019 | I=292 | Breaker=OPEN
Bus 3 | V=1009 | I=506 | Breaker=CLOSE
Bus 4 | V=1003 | I=226 | Breaker=CLOSE
Bus 5 | V=991 | I=309 | Breaker=CLOSE

 2026-03-12 08:57:29
Bus 1 | V=994 | I=1887 | Breaker=OPEN
Bus 2 | V=1009 | I=1696 | Breaker=OPEN
Bus 3 | V=994 | I=1290 | Breaker=CLOSE
Bus 4 | V=1033 | I=568 | Breaker=CLOSE
Bus 5 | V=1030 | I=134 | Breaker=CLOSE

 2026-03-12 08:57:34
Bus 1 | V=969 | I=590 | Breaker=OPEN
Bus 2 | V=1004 | I=535 | Breaker=OPEN
Bus 3 | V=1003 | I=1713 | Breaker=CLOSE
Bus 4 | V=1025 | I=925 | Breaker=CLOSE
Bus 5 | V=1027 | I=172 | Breaker=CLOSE

 2026-03-12 08:57:40
Bus 1 | V=1009 | I=714 | Breaker=OPEN
Bus 2 | V=987 | I=209 | Breaker=OPEN
Bus 3 | V=986 | I=968 | Breaker=CLOSE
Bus 4 | V=1026 | I=1190 | Breaker=CLOSE
Bus 5 | V=999 | I=197 | Breaker=CLOSE

 2026-03-12 08:57:45
Bus 1 | V=1010 | I=1616 | Breaker=OPEN
Bus 2 | V=1034 | I=1929 | Breaker=OPEN
Bus 3 | V=1012 | I=666 | Breaker=CLOSE
Bus 4 | V=999 | I=1430 | Breaker=CLOSE
Bus 5 | V=973 | I=1951 | Breaker=CLOSE

 2026-03-12 08:57:50
Bus 1 | V=971 | I=1862 | Breaker=OPEN
Bus 2 | V=1026 | I=1035 | Breaker=OPEN
Bus 3 | V=1048 | I=851 | Breaker=CLOSE
Bus 4 | V=955 | I=1672 | Breaker=CLOSE
Bus 5 | V=966 | I=560 | Breaker=CLOSE

 2026-03-12 08:57:55
Bus 1 | V=1013 | I=1838 | Breaker=OPEN
Bus 2 | V=1012 | I=699 | Breaker=OPEN
Bus 3 | V=1022 | I=1374 | Breaker=CLOSE
Bus 4 | V=968 | I=1116 | Breaker=CLOSE
Bus 5 | V=983 | I=705 | Breaker=CLOSE

 2026-03-12 08:58:00
Bus 1 | V=972 | I=1267 | Breaker=OPEN
Bus 2 | V=989 | I=617 | Breaker=OPEN
Bus 3 | V=1006 | I=1861 | Breaker=CLOSE
Bus 4 | V=1007 | I=552 | Breaker=CLOSE
Bus 5 | V=964 | I=760 | Breaker=CLOSE

 2026-03-12 08:58:05
Bus 1 | V=1038 | I=420 | Breaker=OPEN
Bus 2 | V=996 | I=1589 | Breaker=OPEN
Bus 3 | V=987 | I=586 | Breaker=CLOSE
Bus 4 | V=982 | I=1560 | Breaker=CLOSE
Bus 5 | V=985 | I=1039 | Breaker=CLOSE

 2026-03-12 08:58:10
Bus 1 | V=953 | I=1710 | Breaker=OPEN
Bus 2 | V=1035 | I=464 | Breaker=OPEN
Bus 3 | V=1005 | I=1705 | Breaker=CLOSE
Bus 4 | V=971 | I=513 | Breaker=CLOSE
Bus 5 | V=984 | I=1609 | Breaker=CLOSE

 2026-03-12 08:58:15
Bus 1 | V=958 | I=1368 | Breaker=OPEN
Bus 2 | V=994 | I=164 | Breaker=OPEN
Bus 3 | V=1016 | I=437 | Breaker=CLOSE
Bus 4 | V=959 | I=1992 | Breaker=CLOSE
Bus 5 | V=1029 | I=848 | Breaker=CLOSE

 2026-03-12 08:58:20
Bus 1 | V=1000 | I=1701 | Breaker=OPEN
Bus 2 | V=1021 | I=534 | Breaker=OPEN
Bus 3 | V=998 | I=1507 | Breaker=CLOSE
Bus 4 | V=970 | I=302 | Breaker=CLOSE
Bus 5 | V=970 | I=1077 | Breaker=CLOSE

 2026-03-12 08:58:25
Bus 1 | V=1029 | I=1219 | Breaker=OPEN
Bus 2 | V=990 | I=956 | Breaker=OPEN
Bus 3 | V=1000 | I=1074 | Breaker=CLOSE
Bus 4 | V=1010 | I=964 | Breaker=CLOSE
Bus 5 | V=988 | I=1281 | Breaker=CLOSE

 2026-03-12 08:58:30
Bus 1 | V=1009 | I=438 | Breaker=OPEN
Bus 2 | V=990 | I=1760 | Breaker=OPEN
Bus 3 | V=1014 | I=1895 | Breaker=CLOSE
Bus 4 | V=1041 | I=1499 | Breaker=CLOSE
Bus 5 | V=1034 | I=1425 | Breaker=CLOSE

 2026-03-12 08:58:35
Bus 1 | V=978 | I=1622 | Breaker=OPEN
Bus 2 | V=962 | I=550 | Breaker=OPEN
Bus 3 | V=985 | I=159 | Breaker=CLOSE
Bus 4 | V=971 | I=1433 | Breaker=CLOSE
Bus 5 | V=989 | I=293 | Breaker=CLOSE

 2026-03-12 08:58:40
Bus 1 | V=973 | I=772 | Breaker=OPEN
Bus 2 | V=1017 | I=1231 | Breaker=OPEN
Bus 3 | V=1016 | I=797 | Breaker=CLOSE
Bus 4 | V=1009 | I=670 | Breaker=CLOSE
Bus 5 | V=991 | I=1727 | Breaker=CLOSE

 2026-03-12 08:58:45
Bus 1 | V=1035 | I=587 | Breaker=OPEN
Bus 2 | V=981 | I=1249 | Breaker=OPEN
Bus 3 | V=960 | I=1561 | Breaker=CLOSE
Bus 4 | V=1039 | I=1003 | Breaker=CLOSE
Bus 5 | V=1005 | I=263 | Breaker=CLOSE

 2026-03-12 08:58:50
Bus 1 | V=974 | I=1363 | Breaker=OPEN
Bus 2 | V=1010 | I=341 | Breaker=OPEN
Bus 3 | V=965 | I=645 | Breaker=CLOSE
Bus 4 | V=1034 | I=922 | Breaker=CLOSE
Bus 5 | V=1028 | I=306 | Breaker=CLOSE

 2026-03-12 08:58:55
Bus 1 | V=1049 | I=898 | Breaker=OPEN
Bus 2 | V=961 | I=1859 | Breaker=OPEN
Bus 3 | V=996 | I=806 | Breaker=CLOSE
Bus 4 | V=1007 | I=957 | Breaker=CLOSE
Bus 5 | V=1006 | I=383 | Breaker=CLOSE

 2026-03-12 08:59:00
Bus 1 | V=997 | I=1534 | Breaker=OPEN
Bus 2 | V=962 | I=752 | Breaker=OPEN
Bus 3 | V=960 | I=1853 | Breaker=CLOSE
Bus 4 | V=1037 | I=225 | Breaker=CLOSE
Bus 5 | V=974 | I=1223 | Breaker=CLOSE

 2026-03-12 08:59:05
Bus 1 | V=1025 | I=1382 | Breaker=OPEN
Bus 2 | V=1027 | I=256 | Breaker=OPEN
Bus 3 | V=1002 | I=1402 | Breaker=CLOSE
Bus 4 | V=976 | I=429 | Breaker=CLOSE
Bus 5 | V=1010 | I=1824 | Breaker=CLOSE

 2026-03-12 08:59:10
Bus 1 | V=1002 | I=673 | Breaker=OPEN
Bus 2 | V=1026 | I=1463 | Breaker=OPEN
Bus 3 | V=1030 | I=1137 | Breaker=CLOSE
Bus 4 | V=996 | I=982 | Breaker=CLOSE
Bus 5 | V=1016 | I=919 | Breaker=CLOSE

 2026-03-12 08:59:15
Bus 1 | V=1013 | I=1879 | Breaker=OPEN
Bus 2 | V=952 | I=1025 | Breaker=OPEN
Bus 3 | V=1032 | I=1090 | Breaker=CLOSE
Bus 4 | V=998 | I=453 | Breaker=CLOSE
Bus 5 | V=1025 | I=1089 | Breaker=CLOSE

 2026-03-12 08:59:20
Bus 1 | V=962 | I=1286 | Breaker=OPEN
Bus 2 | V=1023 | I=978 | Breaker=OPEN
Bus 3 | V=1006 | I=291 | Breaker=CLOSE
Bus 4 | V=1037 | I=473 | Breaker=CLOSE
Bus 5 | V=953 | I=431 | Breaker=CLOSE

 2026-03-12 08:59:25
Bus 1 | V=1003 | I=1842 | Breaker=OPEN
Bus 2 | V=1048 | I=872 | Breaker=OPEN
Bus 3 | V=968 | I=783 | Breaker=CLOSE
Bus 4 | V=1044 | I=1608 | Breaker=CLOSE
Bus 5 | V=998 | I=295 | Breaker=CLOSE

 2026-03-12 08:59:30
Bus 1 | V=1038 | I=153 | Breaker=OPEN
Bus 2 | V=1044 | I=379 | Breaker=OPEN
Bus 3 | V=984 | I=1368 | Breaker=CLOSE
Bus 4 | V=998 | I=1772 | Breaker=CLOSE
Bus 5 | V=955 | I=866 | Breaker=CLOSE

 2026-03-12 08:59:35
Bus 1 | V=1000 | I=261 | Breaker=OPEN
Bus 2 | V=958 | I=983 | Breaker=OPEN
Bus 3 | V=1042 | I=1565 | Breaker=CLOSE
Bus 4 | V=975 | I=1119 | Breaker=CLOSE
Bus 5 | V=961 | I=1713 | Breaker=CLOSE

 2026-03-12 08:59:40
Bus 1 | V=1017 | I=1286 | Breaker=OPEN
Bus 2 | V=996 | I=900 | Breaker=OPEN
Bus 3 | V=1040 | I=1949 | Breaker=CLOSE
Bus 4 | V=1005 | I=345 | Breaker=CLOSE
Bus 5 | V=1033 | I=1464 | Breaker=CLOSE

 2026-03-12 08:59:45
Bus 1 | V=987 | I=1437 | Breaker=OPEN
Bus 2 | V=962 | I=868 | Breaker=OPEN
Bus 3 | V=1040 | I=553 | Breaker=CLOSE
Bus 4 | V=985 | I=1924 | Breaker=CLOSE
Bus 5 | V=1030 | I=651 | Breaker=CLOSE

 2026-03-12 08:59:50
Bus 1 | V=1031 | I=891 | Breaker=OPEN
Bus 2 | V=1049 | I=1026 | Breaker=OPEN
Bus 3 | V=992 | I=1170 | Breaker=CLOSE
Bus 4 | V=1024 | I=1273 | Breaker=CLOSE
Bus 5 | V=1036 | I=1389 | Breaker=CLOSE

 2026-03-12 08:59:55
Bus 1 | V=1003 | I=643 | Breaker=OPEN
Bus 2 | V=1035 | I=287 | Breaker=OPEN
Bus 3 | V=995 | I=919 | Breaker=CLOSE
Bus 4 | V=976 | I=389 | Breaker=CLOSE
Bus 5 | V=968 | I=268 | Breaker=CLOSE

 2026-03-12 09:00:00
Bus 1 | V=1013 | I=901 | Breaker=OPEN
Bus 2 | V=986 | I=674 | Breaker=OPEN
Bus 3 | V=981 | I=691 | Breaker=CLOSE
Bus 4 | V=1003 | I=604 | Breaker=CLOSE
Bus 5 | V=980 | I=1126 | Breaker=CLOSE

 2026-03-12 09:00:05
Bus 1 | V=1002 | I=368 | Breaker=OPEN
Bus 2 | V=992 | I=1350 | Breaker=OPEN
Bus 3 | V=1020 | I=1926 | Breaker=CLOSE
Bus 4 | V=954 | I=447 | Breaker=CLOSE
Bus 5 | V=1035 | I=111 | Breaker=CLOSE

 2026-03-12 09:00:10
Bus 1 | V=994 | I=936 | Breaker=OPEN
Bus 2 | V=1024 | I=1410 | Breaker=OPEN
Bus 3 | V=957 | I=456 | Breaker=CLOSE
Bus 4 | V=1017 | I=925 | Breaker=CLOSE
Bus 5 | V=1038 | I=168 | Breaker=CLOSE

 2026-03-12 09:00:15
Bus 1 | V=1035 | I=1820 | Breaker=OPEN
Bus 2 | V=1033 | I=1637 | Breaker=OPEN
Bus 3 | V=1001 | I=1595 | Breaker=CLOSE
Bus 4 | V=997 | I=149 | Breaker=CLOSE
Bus 5 | V=964 | I=1507 | Breaker=CLOSE

 2026-03-12 09:00:20
Bus 1 | V=982 | I=1257 | Breaker=OPEN
Bus 2 | V=1042 | I=879 | Breaker=OPEN
Bus 3 | V=1028 | I=460 | Breaker=CLOSE
Bus 4 | V=954 | I=1335 | Breaker=CLOSE
Bus 5 | V=1000 | I=947 | Breaker=CLOSE

 2026-03-12 09:00:25
Bus 1 | V=972 | I=1143 | Breaker=OPEN
Bus 2 | V=1032 | I=489 | Breaker=OPEN
Bus 3 | V=990 | I=1924 | Breaker=CLOSE
Bus 4 | V=1040 | I=1162 | Breaker=CLOSE
Bus 5 | V=996 | I=1380 | Breaker=CLOSE

 2026-03-12 09:00:30
Bus 1 | V=1001 | I=116 | Breaker=OPEN
Bus 2 | V=984 | I=479 | Breaker=OPEN
Bus 3 | V=1011 | I=223 | Breaker=CLOSE
Bus 4 | V=963 | I=777 | Breaker=CLOSE
Bus 5 | V=976 | I=366 | Breaker=CLOSE

 2026-03-12 09:00:35
Bus 1 | V=1047 | I=1814 | Breaker=OPEN
Bus 2 | V=1030 | I=375 | Breaker=OPEN
Bus 3 | V=976 | I=707 | Breaker=CLOSE
Bus 4 | V=964 | I=777 | Breaker=CLOSE
Bus 5 | V=982 | I=1114 | Breaker=CLOSE

 2026-03-12 09:00:40
Bus 1 | V=971 | I=1542 | Breaker=OPEN
Bus 2 | V=1036 | I=1092 | Breaker=OPEN
Bus 3 | V=1037 | I=391 | Breaker=CLOSE
Bus 4 | V=992 | I=189 | Breaker=CLOSE
Bus 5 | V=973 | I=1325 | Breaker=CLOSE

 2026-03-12 09:00:45
Bus 1 | V=1009 | I=1796 | Breaker=OPEN
Bus 2 | V=997 | I=595 | Breaker=OPEN
Bus 3 | V=1035 | I=1679 | Breaker=CLOSE
Bus 4 | V=1029 | I=594 | Breaker=CLOSE
Bus 5 | V=1040 | I=868 | Breaker=CLOSE

 2026-03-12 09:00:50
Bus 1 | V=997 | I=398 | Breaker=OPEN
Bus 2 | V=1020 | I=664 | Breaker=OPEN
Bus 3 | V=1010 | I=588 | Breaker=CLOSE
Bus 4 | V=969 | I=504 | Breaker=CLOSE
Bus 5 | V=982 | I=134 | Breaker=CLOSE
