Namespace index: 2
Field bus -> Pandapower bus mapping: {1: 0, 2: 2, 3: 3, 4: 6, 5: 7}
Unique bus->line mapping: {1: 0, 2: 2, 3: 4, 4: 10, 5: 9}
numba cannot be imported and numba functions are disabled.
Probably the execution is slow.
Please install numba to gain a massive speedup.
(or if you prefer slow execution, set the flag numba=False to avoid this warning!)

 2026-04-29 00:14:26
Load flow sukses. Voltage snapshot (pu): [1.05004136 1.05788632 1.04999957 1.0405164  1.03555679]
Bus 1: breaker CLOSE (line 0) | I_line=0.2726 kA, I_close=0.9539 kA
Bus 2: breaker CLOSE (line 2) | I_line=0.4843 kA, I_close=0.7949 kA
Bus 3: breaker CLOSE (line 4) | I_line=0.4068 kA, I_close=0.7949 kA
Bus 4: breaker CLOSE (line 10) | I_line=0.1303 kA, I_close=1.4308 kA
Bus 5: breaker CLOSE (line 9) | I_line=0.0745 kA, I_close=1.4308 kA
numba cannot be imported and numba functions are disabled.
Probably the execution is slow.
Please install numba to gain a massive speedup.
(or if you prefer slow execution, set the flag numba=False to avoid this warning!)

 2026-04-29 00:14:30
Load flow sukses. Voltage snapshot (pu): [1.04882678 1.05710397 1.04851303 1.0404147  1.03809977]
Bus 1: breaker CLOSE (line 0) | I_line=0.2760 kA, I_close=0.9539 kA
Bus 2: breaker CLOSE (line 2) | I_line=0.4885 kA, I_close=0.7949 kA
Bus 3: breaker CLOSE (line 4) | I_line=0.3585 kA, I_close=0.7949 kA
Bus 4: breaker CLOSE (line 10) | I_line=0.0703 kA, I_close=1.4308 kA
Bus 5: breaker CLOSE (line 9) | I_line=0.0773 kA, I_close=1.4308 kA
numba cannot be imported and numba functions are disabled.
Probably the execution is slow.
Please install numba to gain a massive speedup.
(or if you prefer slow execution, set the flag numba=False to avoid this warning!)

 2026-04-29 00:14:34
Load flow sukses. Voltage snapshot (pu): [1.04537932 1.05608737 1.04744048 1.04021285 1.03918092]
Bus 1: breaker CLOSE (line 0) | I_line=0.3183 kA, I_close=0.9539 kA
Bus 2: breaker CLOSE (line 2) | I_line=0.4591 kA, I_close=0.7949 kA
Bus 3: breaker CLOSE (line 4) | I_line=0.3027 kA, I_close=0.7949 kA
Bus 4: breaker CLOSE (line 10) | I_line=0.0980 kA, I_close=1.4308 kA
Bus 5: breaker CLOSE (line 9) | I_line=0.1146 kA, I_close=1.4308 kA
numba cannot be imported and numba functions are disabled.
Probably the execution is slow.
Please install numba to gain a massive speedup.
(or if you prefer slow execution, set the flag numba=False to avoid this warning!)

 2026-04-29 00:14:38
Load flow sukses. Voltage snapshot (pu): [1.041983   1.05528401 1.04694575 1.04038714 1.03974844]
Bus 1: breaker CLOSE (line 0) | I_line=0.3644 kA, I_close=0.9539 kA
Bus 2: breaker CLOSE (line 2) | I_line=0.4246 kA, I_close=0.7949 kA
Bus 3: breaker CLOSE (line 4) | I_line=0.2581 kA, I_close=0.7949 kA
Bus 4: breaker CLOSE (line 10) | I_line=0.1597 kA, I_close=1.4308 kA
Bus 5: breaker CLOSE (line 9) | I_line=0.1676 kA, I_close=1.4308 kA
numba cannot be imported and numba functions are disabled.
Probably the execution is slow.
Please install numba to gain a massive speedup.
(or if you prefer slow execution, set the flag numba=False to avoid this warning!)

 2026-04-29 00:14:43
Load flow sukses. Voltage snapshot (pu): [1.0396985  1.05468639 1.046489   1.04026619 1.03980975]
Bus 1: breaker CLOSE (line 0) | I_line=0.3945 kA, I_close=0.9539 kA
Bus 2: breaker CLOSE (line 2) | I_line=0.4023 kA, I_close=0.7949 kA
Bus 3: breaker CLOSE (line 4) | I_line=0.2293 kA, I_close=0.7949 kA
Bus 4: breaker CLOSE (line 10) | I_line=0.2021 kA, I_close=1.4308 kA
Bus 5: breaker CLOSE (line 9) | I_line=0.2047 kA, I_close=1.4308 kA
numba cannot be imported and numba functions are disabled.
Probably the execution is slow.
Please install numba to gain a massive speedup.
(or if you prefer slow execution, set the flag numba=False to avoid this warning!)

 2026-04-29 00:14:47
Load flow sukses. Voltage snapshot (pu): [1.03765854 1.05266146 1.04220273 1.03783063 1.03839185]
Bus 1: breaker CLOSE (line 0) | I_line=0.3980 kA, I_close=0.9539 kA
Bus 2: breaker CLOSE (line 2) | I_line=0.4149 kA, I_close=0.7949 kA
Bus 3: breaker CLOSE (line 4) | I_line=0.1267 kA, I_close=0.7949 kA
Bus 4: breaker CLOSE (line 10) | I_line=0.3052 kA, I_close=1.4308 kA
Bus 5: breaker CLOSE (line 9) | I_line=0.2564 kA, I_close=1.4308 kA
numba cannot be imported and numba functions are disabled.
Probably the execution is slow.
Please install numba to gain a massive speedup.
(or if you prefer slow execution, set the flag numba=False to avoid this warning!)

 2026-04-29 00:14:51
Load flow sukses. Voltage snapshot (pu): [1.04057635 1.0534961  1.04299276 1.03820289 1.03822804]
Bus 1: breaker CLOSE (line 0) | I_line=0.3629 kA, I_close=0.9539 kA
Bus 2: breaker CLOSE (line 2) | I_line=0.4397 kA, I_close=0.7949 kA
Bus 3: breaker CLOSE (line 4) | I_line=0.1621 kA, I_close=0.7949 kA
Bus 4: breaker CLOSE (line 10) | I_line=0.2779 kA, I_close=1.4308 kA
Bus 5: breaker CLOSE (line 9) | I_line=0.2395 kA, I_close=1.4308 kA
numba cannot be imported and numba functions are disabled.
Probably the execution is slow.
Please install numba to gain a massive speedup.
(or if you prefer slow execution, set the flag numba=False to avoid this warning!)

 2026-04-29 00:14:55
Load flow sukses. Voltage snapshot (pu): [1.04117837 1.05241663 1.03992109 1.03587228 1.03657975]
Bus 1: breaker CLOSE (line 0) | I_line=0.3369 kA, I_close=0.9539 kA
Bus 2: breaker CLOSE (line 2) | I_line=0.4711 kA, I_close=0.7949 kA
Bus 3: breaker CLOSE (line 4) | I_line=0.1148 kA, I_close=0.7949 kA
Bus 4: breaker CLOSE (line 10) | I_line=0.3352 kA, I_close=1.4308 kA
Bus 5: breaker CLOSE (line 9) | I_line=0.2574 kA, I_close=1.4308 kA
numba cannot be imported and numba functions are disabled.
Probably the execution is slow.
Please install numba to gain a massive speedup.
(or if you prefer slow execution, set the flag numba=False to avoid this warning!)

 2026-04-29 00:14:59
Load flow sukses. Voltage snapshot (pu): [1.0393793  1.05191384 1.03942166 1.03595598 1.03795691]
Bus 1: breaker CLOSE (line 0) | I_line=0.3547 kA, I_close=0.9539 kA
Bus 2: breaker CLOSE (line 2) | I_line=0.4596 kA, I_close=0.7949 kA
Bus 3: breaker CLOSE (line 4) | I_line=0.0913 kA, I_close=0.7949 kA
Bus 4: breaker CLOSE (line 10) | I_line=0.3005 kA, I_close=1.4308 kA
Bus 5: breaker CLOSE (line 9) | I_line=0.2359 kA, I_close=1.4308 kA
numba cannot be imported and numba functions are disabled.
Probably the execution is slow.
Please install numba to gain a massive speedup.
(or if you prefer slow execution, set the flag numba=False to avoid this warning!)

 2026-04-29 00:15:03
Load flow sukses. Voltage snapshot (pu): [1.03819142 1.05157175 1.03906898 1.03596338 1.03880072]
Bus 1: breaker CLOSE (line 0) | I_line=0.3663 kA, I_close=0.9539 kA
Bus 2: breaker CLOSE (line 2) | I_line=0.4522 kA, I_close=0.7949 kA
Bus 3: breaker CLOSE (line 4) | I_line=0.0766 kA, I_close=0.7949 kA
Bus 4: breaker CLOSE (line 10) | I_line=0.2783 kA, I_close=1.4308 kA
Bus 5: breaker CLOSE (line 9) | I_line=0.2222 kA, I_close=1.4308 kA
numba cannot be imported and numba functions are disabled.
Probably the execution is slow.
Please install numba to gain a massive speedup.
(or if you prefer slow execution, set the flag numba=False to avoid this warning!)

 2026-04-29 00:15:07
Load flow sukses. Voltage snapshot (pu): [1.03569989 1.05161728 1.04039095 1.03673173 1.03872768]
Bus 1: breaker CLOSE (line 0) | I_line=0.4105 kA, I_close=0.9539 kA
Bus 2: breaker CLOSE (line 2) | I_line=0.4121 kA, I_close=0.7949 kA
Bus 3: breaker CLOSE (line 4) | I_line=0.0849 kA, I_close=0.7949 kA
Bus 4: breaker CLOSE (line 10) | I_line=0.3075 kA, I_close=1.4308 kA
Bus 5: breaker CLOSE (line 9) | I_line=0.2427 kA, I_close=1.4308 kA
numba cannot be imported and numba functions are disabled.
Probably the execution is slow.
Please install numba to gain a massive speedup.
(or if you prefer slow execution, set the flag numba=False to avoid this warning!)

 2026-04-29 00:15:11
Load flow sukses. Voltage snapshot (pu): [1.037903   1.05159207 1.03927341 1.03688316 1.03864713]
Bus 1: breaker CLOSE (line 0) | I_line=0.3731 kA, I_close=0.9539 kA
Bus 2: breaker CLOSE (line 2) | I_line=0.4464 kA, I_close=0.7949 kA
Bus 3: breaker CLOSE (line 4) | I_line=0.0616 kA, I_close=0.7949 kA
Bus 4: breaker CLOSE (line 10) | I_line=0.3030 kA, I_close=1.4308 kA
Bus 5: breaker CLOSE (line 9) | I_line=0.2292 kA, I_close=1.4308 kA
numba cannot be imported and numba functions are disabled.
Probably the execution is slow.
Please install numba to gain a massive speedup.
(or if you prefer slow execution, set the flag numba=False to avoid this warning!)

 2026-04-29 00:15:15
Load flow sukses. Voltage snapshot (pu): [1.03718421 1.05158675 1.03964416 1.03601369 1.03680333]
Bus 1: breaker CLOSE (line 0) | I_line=0.3912 kA, I_close=0.9539 kA
Bus 2: breaker CLOSE (line 2) | I_line=0.4294 kA, I_close=0.7949 kA
Bus 3: breaker CLOSE (line 4) | I_line=0.0795 kA, I_close=0.7949 kA
Bus 4: breaker CLOSE (line 10) | I_line=0.3649 kA, I_close=1.4308 kA
Bus 5: breaker CLOSE (line 9) | I_line=0.2839 kA, I_close=1.4308 kA
numba cannot be imported and numba functions are disabled.
Probably the execution is slow.
Please install numba to gain a massive speedup.
(or if you prefer slow execution, set the flag numba=False to avoid this warning!)

 2026-04-29 00:15:19
Load flow sukses. Voltage snapshot (pu): [1.03608888 1.05112406 1.03898861 1.03451988 1.03523143]
Bus 1: breaker CLOSE (line 0) | I_line=0.4058 kA, I_close=0.9539 kA
Bus 2: breaker CLOSE (line 2) | I_line=0.4193 kA, I_close=0.7949 kA
Bus 3: breaker CLOSE (line 4) | I_line=0.0802 kA, I_close=0.7949 kA
Bus 4: breaker CLOSE (line 10) | I_line=0.4109 kA, I_close=1.4308 kA
Bus 5: breaker CLOSE (line 9) | I_line=0.3239 kA, I_close=1.4308 kA
numba cannot be imported and numba functions are disabled.
Probably the execution is slow.
Please install numba to gain a massive speedup.
(or if you prefer slow execution, set the flag numba=False to avoid this warning!)

 2026-04-29 00:15:23
Load flow sukses. Voltage snapshot (pu): [1.03536522 1.05080515 1.03852398 1.03347173 1.03410326]
Bus 1: breaker CLOSE (line 0) | I_line=0.4154 kA, I_close=0.9539 kA
Bus 2: breaker CLOSE (line 2) | I_line=0.4129 kA, I_close=0.7949 kA
Bus 3: breaker CLOSE (line 4) | I_line=0.0812 kA, I_close=0.7949 kA
Bus 4: breaker CLOSE (line 10) | I_line=0.4409 kA, I_close=1.4308 kA
Bus 5: breaker CLOSE (line 9) | I_line=0.3501 kA, I_close=1.4308 kA
numba cannot be imported and numba functions are disabled.
Probably the execution is slow.
Please install numba to gain a massive speedup.
(or if you prefer slow execution, set the flag numba=False to avoid this warning!)

 2026-04-29 00:15:28
Load flow sukses. Voltage snapshot (pu): [1.03782601 1.05189643 1.04015943 1.03372908 1.03464397]
Bus 1: breaker CLOSE (line 0) | I_line=0.3893 kA, I_close=0.9539 kA
Bus 2: breaker CLOSE (line 2) | I_line=0.4268 kA, I_close=0.7949 kA
Bus 3: breaker CLOSE (line 4) | I_line=0.1389 kA, I_close=0.7949 kA
Bus 4: breaker CLOSE (line 10) | I_line=0.4048 kA, I_close=1.4308 kA
Bus 5: breaker CLOSE (line 9) | I_line=0.3068 kA, I_close=1.4308 kA
numba cannot be imported and numba functions are disabled.
Probably the execution is slow.
Please install numba to gain a massive speedup.
(or if you prefer slow execution, set the flag numba=False to avoid this warning!)

 2026-04-29 00:15:32
Load flow sukses. Voltage snapshot (pu): [1.03750133 1.05151395 1.03936118 1.03290278 1.03267961]
Bus 1: breaker CLOSE (line 0) | I_line=0.3943 kA, I_close=0.9539 kA
Bus 2: breaker CLOSE (line 2) | I_line=0.4251 kA, I_close=0.7949 kA
Bus 3: breaker CLOSE (line 4) | I_line=0.1235 kA, I_close=0.7949 kA
Bus 4: breaker CLOSE (line 10) | I_line=0.4727 kA, I_close=1.4308 kA
Bus 5: breaker CLOSE (line 9) | I_line=0.3541 kA, I_close=1.4308 kA
numba cannot be imported and numba functions are disabled.
Probably the execution is slow.
Please install numba to gain a massive speedup.
(or if you prefer slow execution, set the flag numba=False to avoid this warning!)

 2026-04-29 00:15:36
Load flow sukses. Voltage snapshot (pu): [1.04010555 1.05138867 1.03778479 1.03287403 1.03331317]
Bus 1: breaker CLOSE (line 0) | I_line=0.3449 kA, I_close=0.9539 kA
Bus 2: breaker CLOSE (line 2) | I_line=0.4710 kA, I_close=0.7949 kA
Bus 3: breaker CLOSE (line 4) | I_line=0.0959 kA, I_close=0.7949 kA
Bus 4: breaker CLOSE (line 10) | I_line=0.4409 kA, I_close=1.4308 kA
Bus 5: breaker CLOSE (line 9) | I_line=0.3129 kA, I_close=1.4308 kA
numba cannot be imported and numba functions are disabled.
Probably the execution is slow.
Please install numba to gain a massive speedup.
(or if you prefer slow execution, set the flag numba=False to avoid this warning!)

 2026-04-29 00:15:40
Load flow sukses. Voltage snapshot (pu): [1.03899201 1.05093677 1.03713016 1.03351349 1.03385933]
Bus 1: breaker CLOSE (line 0) | I_line=0.3555 kA, I_close=0.9539 kA
Bus 2: breaker CLOSE (line 2) | I_line=0.4659 kA, I_close=0.7949 kA
Bus 3: breaker CLOSE (line 4) | I_line=0.0612 kA, I_close=0.7949 kA
Bus 4: breaker CLOSE (line 10) | I_line=0.4427 kA, I_close=1.4308 kA
Bus 5: breaker CLOSE (line 9) | I_line=0.3122 kA, I_close=1.4308 kA
