[2026-04-17 04:35:15] [h5] injector: starting url=http://10.0.2.2:8088/inject
[2026-04-17 04:35:15] [h5] injector: try bus=1 v=0.844 i=3.304
curl: (7) Failed to connect to 10.0.2.2 port 8088: Connection refused
[2026-04-17 04:35:15] [h5] injector: FAIL bus=1 curl_exit=0
[2026-04-17 04:35:15] [h5] injector: try bus=2 v=0.797 i=3.351
curl: (7) Failed to connect to 10.0.2.2 port 8088: Connection refused
[2026-04-17 04:35:15] [h5] injector: FAIL bus=2 curl_exit=0
[2026-04-17 04:35:15] [h5] injector: try bus=3 v=0.85 i=2.467
curl: (7) Failed to connect to 10.0.2.2 port 8088: Connection refused
[2026-04-17 04:35:15] [h5] injector: FAIL bus=3 curl_exit=0
[2026-04-17 04:35:15] [h5] injector: try bus=4 v=0.841 i=2.6
curl: (7) Failed to connect to 10.0.2.2 port 8088: Connection refused
[2026-04-17 04:35:15] [h5] injector: FAIL bus=4 curl_exit=0
[2026-04-17 04:35:15] [h5] injector: try bus=5 v=0.75 i=3.404
curl: (7) Failed to connect to 10.0.2.2 port 8088: Connection refused
[2026-04-17 04:35:15] [h5] injector: FAIL bus=5 curl_exit=0
[2026-04-17 04:35:20] [h5] injector: try bus=1 v=0.798 i=2.763
[2026-04-17 04:35:20] [h5] injector: OK bus=1 resp={"ok": true, "bus": 1, "ttl": 8}
[2026-04-17 04:35:20] [h5] injector: try bus=2 v=0.726 i=2.512
[2026-04-17 04:35:20] [h5] injector: OK bus=2 resp={"ok": true, "bus": 2, "ttl": 8}
[2026-04-17 04:35:20] [h5] injector: try bus=3 v=0.757 i=3.549
[2026-04-17 04:35:20] [h5] injector: OK bus=3 resp={"ok": true, "bus": 3, "ttl": 8}
[2026-04-17 04:35:20] [h5] injector: try bus=4 v=0.74 i=2.678
[2026-04-17 04:35:20] [h5] injector: OK bus=4 resp={"ok": true, "bus": 4, "ttl": 8}
[2026-04-17 04:35:20] [h5] injector: try bus=5 v=0.751 i=3.027
[2026-04-17 04:35:20] [h5] injector: OK bus=5 resp={"ok": true, "bus": 5, "ttl": 8}
[2026-04-17 04:35:24] [h5] injector: try bus=1 v=0.791 i=2.636
[2026-04-17 04:35:24] [h5] injector: OK bus=1 resp={"ok": true, "bus": 1, "ttl": 8}
[2026-04-17 04:35:24] [h5] injector: try bus=2 v=0.79 i=3.838
[2026-04-17 04:35:24] [h5] injector: OK bus=2 resp={"ok": true, "bus": 2, "ttl": 8}
[2026-04-17 04:35:24] [h5] injector: try bus=3 v=0.768 i=3.077
[2026-04-17 04:35:24] [h5] injector: OK bus=3 resp={"ok": true, "bus": 3, "ttl": 8}
[2026-04-17 04:35:24] [h5] injector: try bus=4 v=0.766 i=3.826
[2026-04-17 04:35:24] [h5] injector: OK bus=4 resp={"ok": true, "bus": 4, "ttl": 8}
[2026-04-17 04:35:24] [h5] injector: try bus=5 v=0.791 i=3.366
[2026-04-17 04:35:24] [h5] injector: OK bus=5 resp={"ok": true, "bus": 5, "ttl": 8}
[2026-04-17 04:35:28] [h5] injector: try bus=1 v=0.82 i=3.561
[2026-04-17 04:35:28] [h5] injector: OK bus=1 resp={"ok": true, "bus": 1, "ttl": 8}
[2026-04-17 04:35:28] [h5] injector: try bus=2 v=0.84 i=3.025
[2026-04-17 04:35:28] [h5] injector: OK bus=2 resp={"ok": true, "bus": 2, "ttl": 8}
[2026-04-17 04:35:28] [h5] injector: try bus=3 v=0.751 i=3.923
[2026-04-17 04:35:28] [h5] injector: OK bus=3 resp={"ok": true, "bus": 3, "ttl": 8}
[2026-04-17 04:35:28] [h5] injector: try bus=4 v=0.773 i=3.241
[2026-04-17 04:35:28] [h5] injector: OK bus=4 resp={"ok": true, "bus": 4, "ttl": 8}
[2026-04-17 04:35:29] [h5] injector: try bus=5 v=0.834 i=3.821
[2026-04-17 04:35:29] [h5] injector: OK bus=5 resp={"ok": true, "bus": 5, "ttl": 8}
[2026-04-17 04:35:33] [h5] injector: try bus=1 v=0.81 i=3.304
[2026-04-17 04:35:33] [h5] injector: OK bus=1 resp={"ok": true, "bus": 1, "ttl": 8}
[2026-04-17 04:35:33] [h5] injector: try bus=2 v=0.767 i=4.063
[2026-04-17 04:35:33] [h5] injector: OK bus=2 resp={"ok": true, "bus": 2, "ttl": 8}
[2026-04-17 04:35:33] [h5] injector: try bus=3 v=0.766 i=4.163
[2026-04-17 04:35:33] [h5] injector: OK bus=3 resp={"ok": true, "bus": 3, "ttl": 8}
[2026-04-17 04:35:33] [h5] injector: try bus=4 v=0.759 i=3.432
[2026-04-17 04:35:33] [h5] injector: OK bus=4 resp={"ok": true, "bus": 4, "ttl": 8}
[2026-04-17 04:35:33] [h5] injector: try bus=5 v=0.732 i=3.856
[2026-04-17 04:35:33] [h5] injector: OK bus=5 resp={"ok": true, "bus": 5, "ttl": 8}
[2026-04-17 04:35:37] [h5] injector: try bus=1 v=0.785 i=3.716
[2026-04-17 04:35:37] [h5] injector: OK bus=1 resp={"ok": true, "bus": 1, "ttl": 8}
[2026-04-17 04:35:37] [h5] injector: try bus=2 v=0.784 i=2.742
[2026-04-17 04:35:37] [h5] injector: OK bus=2 resp={"ok": true, "bus": 2, "ttl": 8}
[2026-04-17 04:35:37] [h5] injector: try bus=3 v=0.736 i=3.22
[2026-04-17 04:35:37] [h5] injector: OK bus=3 resp={"ok": true, "bus": 3, "ttl": 8}
[2026-04-17 04:35:37] [h5] injector: try bus=4 v=0.843 i=3.999
[2026-04-17 04:35:37] [h5] injector: OK bus=4 resp={"ok": true, "bus": 4, "ttl": 8}
[2026-04-17 04:35:37] [h5] injector: try bus=5 v=0.761 i=2.416
[2026-04-17 04:35:37] [h5] injector: OK bus=5 resp={"ok": true, "bus": 5, "ttl": 8}
[2026-04-17 04:35:41] [h5] injector: try bus=1 v=0.784 i=3.375
[2026-04-17 04:35:41] [h5] injector: OK bus=1 resp={"ok": true, "bus": 1, "ttl": 8}
[2026-04-17 04:35:41] [h5] injector: try bus=2 v=0.806 i=3.411
[2026-04-17 04:35:41] [h5] injector: OK bus=2 resp={"ok": true, "bus": 2, "ttl": 8}
[2026-04-17 04:35:42] [h5] injector: try bus=3 v=0.787 i=2.867
[2026-04-17 04:35:42] [h5] injector: OK bus=3 resp={"ok": true, "bus": 3, "ttl": 8}
[2026-04-17 04:35:42] [h5] injector: try bus=4 v=0.81 i=3.863
[2026-04-17 04:35:42] [h5] injector: OK bus=4 resp={"ok": true, "bus": 4, "ttl": 8}
[2026-04-17 04:35:42] [h5] injector: try bus=5 v=0.723 i=2.658
[2026-04-17 04:35:42] [h5] injector: OK bus=5 resp={"ok": true, "bus": 5, "ttl": 8}
[2026-04-17 04:35:46] [h5] injector: try bus=1 v=0.757 i=3.309
[2026-04-17 04:35:46] [h5] injector: OK bus=1 resp={"ok": true, "bus": 1, "ttl": 8}
[2026-04-17 04:35:46] [h5] injector: try bus=2 v=0.786 i=4.172
[2026-04-17 04:35:46] [h5] injector: OK bus=2 resp={"ok": true, "bus": 2, "ttl": 8}
[2026-04-17 04:35:46] [h5] injector: try bus=3 v=0.724 i=3.358
[2026-04-17 04:35:46] [h5] injector: OK bus=3 resp={"ok": true, "bus": 3, "ttl": 8}
[2026-04-17 04:35:46] [h5] injector: try bus=4 v=0.857 i=2.648
[2026-04-17 04:35:46] [h5] injector: OK bus=4 resp={"ok": true, "bus": 4, "ttl": 8}
[2026-04-17 04:35:46] [h5] injector: try bus=5 v=0.854 i=3.539
[2026-04-17 04:35:46] [h5] injector: OK bus=5 resp={"ok": true, "bus": 5, "ttl": 8}
[2026-04-17 04:35:50] [h5] injector: try bus=1 v=0.831 i=4.015
[2026-04-17 04:35:50] [h5] injector: OK bus=1 resp={"ok": true, "bus": 1, "ttl": 8}
[2026-04-17 04:35:50] [h5] injector: try bus=2 v=0.732 i=3.682
[2026-04-17 04:35:50] [h5] injector: OK bus=2 resp={"ok": true, "bus": 2, "ttl": 8}
[2026-04-17 04:35:50] [h5] injector: try bus=3 v=0.813 i=2.437
[2026-04-17 04:35:50] [h5] injector: OK bus=3 resp={"ok": true, "bus": 3, "ttl": 8}
[2026-04-17 04:35:50] [h5] injector: try bus=4 v=0.747 i=2.682
[2026-04-17 04:35:50] [h5] injector: OK bus=4 resp={"ok": true, "bus": 4, "ttl": 8}
[2026-04-17 04:35:50] [h5] injector: try bus=5 v=0.797 i=3.255
[2026-04-17 04:35:50] [h5] injector: OK bus=5 resp={"ok": true, "bus": 5, "ttl": 8}
[2026-04-17 04:35:55] [h5] injector: try bus=1 v=0.765 i=2.462
[2026-04-17 04:35:55] [h5] injector: OK bus=1 resp={"ok": true, "bus": 1, "ttl": 8}
[2026-04-17 04:35:55] [h5] injector: try bus=2 v=0.766 i=4.148
[2026-04-17 04:35:55] [h5] injector: OK bus=2 resp={"ok": true, "bus": 2, "ttl": 8}
[2026-04-17 04:35:55] [h5] injector: try bus=3 v=0.756 i=2.963
[2026-04-17 04:35:55] [h5] injector: OK bus=3 resp={"ok": true, "bus": 3, "ttl": 8}
[2026-04-17 04:35:55] [h5] injector: try bus=4 v=0.818 i=2.798
[2026-04-17 04:35:55] [h5] injector: OK bus=4 resp={"ok": true, "bus": 4, "ttl": 8}
[2026-04-17 04:35:55] [h5] injector: try bus=5 v=0.767 i=2.895
[2026-04-17 04:35:55] [h5] injector: OK bus=5 resp={"ok": true, "bus": 5, "ttl": 8}
[2026-04-17 04:35:59] [h5] injector: try bus=1 v=0.808 i=2.789
[2026-04-17 04:35:59] [h5] injector: OK bus=1 resp={"ok": true, "bus": 1, "ttl": 8}
[2026-04-17 04:35:59] [h5] injector: try bus=2 v=0.743 i=3.519
[2026-04-17 04:35:59] [h5] injector: OK bus=2 resp={"ok": true, "bus": 2, "ttl": 8}
[2026-04-17 04:35:59] [h5] injector: try bus=3 v=0.774 i=3.47
[2026-04-17 04:35:59] [h5] injector: OK bus=3 resp={"ok": true, "bus": 3, "ttl": 8}
[2026-04-17 04:35:59] [h5] injector: try bus=4 v=0.769 i=3.757
[2026-04-17 04:35:59] [h5] injector: OK bus=4 resp={"ok": true, "bus": 4, "ttl": 8}
[2026-04-17 04:35:59] [h5] injector: try bus=5 v=0.774 i=3.252
[2026-04-17 04:35:59] [h5] injector: OK bus=5 resp={"ok": true, "bus": 5, "ttl": 8}
[2026-04-17 04:36:03] [h5] injector: try bus=1 v=0.728 i=3.108
[2026-04-17 04:36:03] [h5] injector: OK bus=1 resp={"ok": true, "bus": 1, "ttl": 8}
[2026-04-17 04:36:03] [h5] injector: try bus=2 v=0.855 i=3.413
[2026-04-17 04:36:03] [h5] injector: OK bus=2 resp={"ok": true, "bus": 2, "ttl": 8}
[2026-04-17 04:36:03] [h5] injector: try bus=3 v=0.86 i=2.488
[2026-04-17 04:36:03] [h5] injector: OK bus=3 resp={"ok": true, "bus": 3, "ttl": 8}
[2026-04-17 04:36:04] [h5] injector: try bus=4 v=0.758 i=2.774
[2026-04-17 04:36:04] [h5] injector: OK bus=4 resp={"ok": true, "bus": 4, "ttl": 8}
[2026-04-17 04:36:04] [h5] injector: try bus=5 v=0.803 i=2.599
[2026-04-17 04:36:04] [h5] injector: OK bus=5 resp={"ok": true, "bus": 5, "ttl": 8}
[2026-04-17 04:36:08] [h5] injector: try bus=1 v=0.798 i=3.812
[2026-04-17 04:36:08] [h5] injector: OK bus=1 resp={"ok": true, "bus": 1, "ttl": 8}
[2026-04-17 04:36:08] [h5] injector: try bus=2 v=0.81 i=2.594
[2026-04-17 04:36:08] [h5] injector: OK bus=2 resp={"ok": true, "bus": 2, "ttl": 8}
[2026-04-17 04:36:08] [h5] injector: try bus=3 v=0.798 i=3.671
[2026-04-17 04:36:08] [h5] injector: OK bus=3 resp={"ok": true, "bus": 3, "ttl": 8}
[2026-04-17 04:36:08] [h5] injector: try bus=4 v=0.738 i=3.421
[2026-04-17 04:36:08] [h5] injector: OK bus=4 resp={"ok": true, "bus": 4, "ttl": 8}
[2026-04-17 04:36:08] [h5] injector: try bus=5 v=0.794 i=2.691
[2026-04-17 04:36:08] [h5] injector: OK bus=5 resp={"ok": true, "bus": 5, "ttl": 8}
[2026-04-17 04:36:12] [h5] injector: try bus=1 v=0.845 i=3.277
[2026-04-17 04:36:12] [h5] injector: OK bus=1 resp={"ok": true, "bus": 1, "ttl": 8}
[2026-04-17 04:36:12] [h5] injector: try bus=2 v=0.852 i=3.887
[2026-04-17 04:36:12] [h5] injector: OK bus=2 resp={"ok": true, "bus": 2, "ttl": 8}
[2026-04-17 04:36:12] [h5] injector: try bus=3 v=0.838 i=4.096
[2026-04-17 04:36:12] [h5] injector: OK bus=3 resp={"ok": true, "bus": 3, "ttl": 8}
[2026-04-17 04:36:12] [h5] injector: try bus=4 v=0.778 i=2.484
[2026-04-17 04:36:12] [h5] injector: OK bus=4 resp={"ok": true, "bus": 4, "ttl": 8}
[2026-04-17 04:36:13] [h5] injector: try bus=5 v=0.836 i=3.887
[2026-04-17 04:36:13] [h5] injector: OK bus=5 resp={"ok": true, "bus": 5, "ttl": 8}
[2026-04-17 04:36:17] [h5] injector: try bus=1 v=0.773 i=4.01
[2026-04-17 04:36:17] [h5] injector: OK bus=1 resp={"ok": true, "bus": 1, "ttl": 8}
[2026-04-17 04:36:17] [h5] injector: try bus=2 v=0.778 i=2.661
[2026-04-17 04:36:17] [h5] injector: OK bus=2 resp={"ok": true, "bus": 2, "ttl": 8}
[2026-04-17 04:36:17] [h5] injector: try bus=3 v=0.752 i=3.688
[2026-04-17 04:36:17] [h5] injector: OK bus=3 resp={"ok": true, "bus": 3, "ttl": 8}
[2026-04-17 04:36:17] [h5] injector: try bus=4 v=0.768 i=3.456
[2026-04-17 04:36:17] [h5] injector: OK bus=4 resp={"ok": true, "bus": 4, "ttl": 8}
[2026-04-17 04:36:17] [h5] injector: try bus=5 v=0.849 i=3.983
[2026-04-17 04:36:17] [h5] injector: OK bus=5 resp={"ok": true, "bus": 5, "ttl": 8}
[2026-04-17 04:36:21] [h5] injector: try bus=1 v=0.729 i=2.529
[2026-04-17 04:36:21] [h5] injector: OK bus=1 resp={"ok": true, "bus": 1, "ttl": 8}
[2026-04-17 04:36:21] [h5] injector: try bus=2 v=0.84 i=3.115
[2026-04-17 04:36:21] [h5] injector: OK bus=2 resp={"ok": true, "bus": 2, "ttl": 8}
[2026-04-17 04:36:21] [h5] injector: try bus=3 v=0.776 i=2.931
[2026-04-17 04:36:21] [h5] injector: OK bus=3 resp={"ok": true, "bus": 3, "ttl": 8}
[2026-04-17 04:36:21] [h5] injector: try bus=4 v=0.766 i=3.205
[2026-04-17 04:36:21] [h5] injector: OK bus=4 resp={"ok": true, "bus": 4, "ttl": 8}
[2026-04-17 04:36:21] [h5] injector: try bus=5 v=0.783 i=3.279
[2026-04-17 04:36:21] [h5] injector: OK bus=5 resp={"ok": true, "bus": 5, "ttl": 8}
[2026-04-17 04:36:25] [h5] injector: try bus=1 v=0.821 i=3.525
[2026-04-17 04:36:25] [h5] injector: OK bus=1 resp={"ok": true, "bus": 1, "ttl": 8}
[2026-04-17 04:36:25] [h5] injector: try bus=2 v=0.847 i=3.539
[2026-04-17 04:36:25] [h5] injector: OK bus=2 resp={"ok": true, "bus": 2, "ttl": 8}
[2026-04-17 04:36:25] [h5] injector: try bus=3 v=0.854 i=3.594
[2026-04-17 04:36:25] [h5] injector: OK bus=3 resp={"ok": true, "bus": 3, "ttl": 8}
[2026-04-17 04:36:26] [h5] injector: try bus=4 v=0.794 i=3.901
[2026-04-17 04:36:26] [h5] injector: OK bus=4 resp={"ok": true, "bus": 4, "ttl": 8}
[2026-04-17 04:36:26] [h5] injector: try bus=5 v=0.804 i=3.989
[2026-04-17 04:36:26] [h5] injector: OK bus=5 resp={"ok": true, "bus": 5, "ttl": 8}
[2026-04-17 04:36:30] [h5] injector: try bus=1 v=0.859 i=4.074
[2026-04-17 04:36:30] [h5] injector: OK bus=1 resp={"ok": true, "bus": 1, "ttl": 8}
[2026-04-17 04:36:30] [h5] injector: try bus=2 v=0.727 i=3.205
[2026-04-17 04:36:30] [h5] injector: OK bus=2 resp={"ok": true, "bus": 2, "ttl": 8}
[2026-04-17 04:36:30] [h5] injector: try bus=3 v=0.748 i=3.065
[2026-04-17 04:36:30] [h5] injector: OK bus=3 resp={"ok": true, "bus": 3, "ttl": 8}
[2026-04-17 04:36:30] [h5] injector: try bus=4 v=0.798 i=3.656
[2026-04-17 04:36:30] [h5] injector: OK bus=4 resp={"ok": true, "bus": 4, "ttl": 8}
[2026-04-17 04:36:30] [h5] injector: try bus=5 v=0.721 i=2.561
[2026-04-17 04:36:30] [h5] injector: OK bus=5 resp={"ok": true, "bus": 5, "ttl": 8}
[2026-04-17 04:36:34] [h5] injector: try bus=1 v=0.766 i=3.971
[2026-04-17 04:36:34] [h5] injector: OK bus=1 resp={"ok": true, "bus": 1, "ttl": 8}
[2026-04-17 04:36:34] [h5] injector: try bus=2 v=0.818 i=3.384
[2026-04-17 04:36:34] [h5] injector: OK bus=2 resp={"ok": true, "bus": 2, "ttl": 8}
[2026-04-17 04:36:34] [h5] injector: try bus=3 v=0.841 i=2.434
[2026-04-17 04:36:34] [h5] injector: OK bus=3 resp={"ok": true, "bus": 3, "ttl": 8}
[2026-04-17 04:36:34] [h5] injector: try bus=4 v=0.849 i=3.295
[2026-04-17 04:36:34] [h5] injector: OK bus=4 resp={"ok": true, "bus": 4, "ttl": 8}
[2026-04-17 04:36:34] [h5] injector: try bus=5 v=0.76 i=2.418
[2026-04-17 04:36:34] [h5] injector: OK bus=5 resp={"ok": true, "bus": 5, "ttl": 8}
[2026-04-29 01:37:20] [h5] injector: starting url=http://10.0.2.2:8088/inject
[2026-04-29 01:37:21] [h5] injector: try bus=1 i=1042.867
curl: (7) Failed to connect to 10.0.2.2 port 8088: Connection refused
[2026-04-29 01:37:21] [h5] injector: FAIL bus=1 curl_exit=0
[2026-04-29 01:37:21] [h5] injector: try bus=2 i=1256.413
curl: (7) Failed to connect to 10.0.2.2 port 8088: Connection refused
[2026-04-29 01:37:21] [h5] injector: FAIL bus=2 curl_exit=0
[2026-04-29 01:37:21] [h5] injector: try bus=3 i=1108.258
curl: (7) Failed to connect to 10.0.2.2 port 8088: Connection refused
[2026-04-29 01:37:21] [h5] injector: FAIL bus=3 curl_exit=0
[2026-04-29 01:37:21] [h5] injector: try bus=4 i=1160.005
curl: (7) Failed to connect to 10.0.2.2 port 8088: Connection refused
[2026-04-29 01:37:21] [h5] injector: FAIL bus=4 curl_exit=0
[2026-04-29 01:37:21] [h5] injector: try bus=5 i=1235.105
curl: (7) Failed to connect to 10.0.2.2 port 8088: Connection refused
[2026-04-29 01:37:21] [h5] injector: FAIL bus=5 curl_exit=0
[2026-04-29 01:37:25] [h5] injector: try bus=1 i=997.757
[2026-04-29 01:37:25] [h5] injector: OK bus=1 resp={"ok": true, "bus": 1, "ttl": 8}
[2026-04-29 01:37:25] [h5] injector: try bus=2 i=1109.273
[2026-04-29 01:37:25] [h5] injector: OK bus=2 resp={"ok": true, "bus": 2, "ttl": 8}
[2026-04-29 01:37:25] [h5] injector: try bus=3 i=1281.858
[2026-04-29 01:37:25] [h5] injector: OK bus=3 resp={"ok": true, "bus": 3, "ttl": 8}
[2026-04-29 01:37:25] [h5] injector: try bus=4 i=1073.418
[2026-04-29 01:37:25] [h5] injector: OK bus=4 resp={"ok": true, "bus": 4, "ttl": 8}
[2026-04-29 01:37:25] [h5] injector: try bus=5 i=956.331
[2026-04-29 01:37:25] [h5] injector: OK bus=5 resp={"ok": true, "bus": 5, "ttl": 8}
[2026-04-29 01:37:29] [h5] injector: try bus=1 i=1302.126
[2026-04-29 01:37:29] [h5] injector: OK bus=1 resp={"ok": true, "bus": 1, "ttl": 8}
[2026-04-29 01:37:29] [h5] injector: try bus=2 i=1154.47
[2026-04-29 01:37:29] [h5] injector: OK bus=2 resp={"ok": true, "bus": 2, "ttl": 8}
[2026-04-29 01:37:29] [h5] injector: try bus=3 i=1159.436
[2026-04-29 01:37:29] [h5] injector: OK bus=3 resp={"ok": true, "bus": 3, "ttl": 8}
[2026-04-29 01:37:29] [h5] injector: try bus=4 i=1037.696
[2026-04-29 01:37:29] [h5] injector: OK bus=4 resp={"ok": true, "bus": 4, "ttl": 8}
[2026-04-29 01:37:29] [h5] injector: try bus=5 i=997.564
[2026-04-29 01:37:29] [h5] injector: OK bus=5 resp={"ok": true, "bus": 5, "ttl": 8}
[2026-04-29 01:37:34] [h5] injector: try bus=1 i=979.687
[2026-04-29 01:37:34] [h5] injector: OK bus=1 resp={"ok": true, "bus": 1, "ttl": 8}
[2026-04-29 01:37:34] [h5] injector: try bus=2 i=1180.342
[2026-04-29 01:37:34] [h5] injector: OK bus=2 resp={"ok": true, "bus": 2, "ttl": 8}
[2026-04-29 01:37:34] [h5] injector: try bus=3 i=992.047
[2026-04-29 01:37:34] [h5] injector: OK bus=3 resp={"ok": true, "bus": 3, "ttl": 8}
[2026-04-29 01:37:34] [h5] injector: try bus=4 i=1186.297
[2026-04-29 01:37:34] [h5] injector: OK bus=4 resp={"ok": true, "bus": 4, "ttl": 8}
[2026-04-29 01:37:34] [h5] injector: try bus=5 i=986.054
[2026-04-29 01:37:34] [h5] injector: OK bus=5 resp={"ok": true, "bus": 5, "ttl": 8}
[2026-04-29 01:37:38] [h5] injector: try bus=1 i=1020.123
[2026-04-29 01:37:38] [h5] injector: OK bus=1 resp={"ok": true, "bus": 1, "ttl": 8}
[2026-04-29 01:37:38] [h5] injector: try bus=2 i=1201.528
[2026-04-29 01:37:38] [h5] injector: OK bus=2 resp={"ok": true, "bus": 2, "ttl": 8}
[2026-04-29 01:37:38] [h5] injector: try bus=3 i=1261.191
[2026-04-29 01:37:38] [h5] injector: OK bus=3 resp={"ok": true, "bus": 3, "ttl": 8}
[2026-04-29 01:37:38] [h5] injector: try bus=4 i=1279.315
[2026-04-29 01:37:38] [h5] injector: OK bus=4 resp={"ok": true, "bus": 4, "ttl": 8}
[2026-04-29 01:37:38] [h5] injector: try bus=5 i=1098.22
[2026-04-29 01:37:38] [h5] injector: OK bus=5 resp={"ok": true, "bus": 5, "ttl": 8}
[2026-04-29 01:37:42] [h5] injector: try bus=1 i=1189.642
[2026-04-29 01:37:42] [h5] injector: OK bus=1 resp={"ok": true, "bus": 1, "ttl": 8}
[2026-04-29 01:37:42] [h5] injector: try bus=2 i=1272.143
[2026-04-29 01:37:42] [h5] injector: OK bus=2 resp={"ok": true, "bus": 2, "ttl": 8}
[2026-04-29 01:37:42] [h5] injector: try bus=3 i=985.907
[2026-04-29 01:37:42] [h5] injector: OK bus=3 resp={"ok": true, "bus": 3, "ttl": 8}
[2026-04-29 01:37:42] [h5] injector: try bus=4 i=981.209
[2026-04-29 01:37:42] [h5] injector: OK bus=4 resp={"ok": true, "bus": 4, "ttl": 8}
[2026-04-29 01:37:42] [h5] injector: try bus=5 i=983.931
[2026-04-29 01:37:42] [h5] injector: OK bus=5 resp={"ok": true, "bus": 5, "ttl": 8}
[2026-04-29 01:37:46] [h5] injector: try bus=1 i=1166.608
[2026-04-29 01:37:46] [h5] injector: OK bus=1 resp={"ok": true, "bus": 1, "ttl": 8}
[2026-04-29 01:37:47] [h5] injector: try bus=2 i=1117.428
[2026-04-29 01:37:47] [h5] injector: OK bus=2 resp={"ok": true, "bus": 2, "ttl": 8}
[2026-04-29 01:37:47] [h5] injector: try bus=3 i=1106.594
[2026-04-29 01:37:47] [h5] injector: OK bus=3 resp={"ok": true, "bus": 3, "ttl": 8}
[2026-04-29 01:37:47] [h5] injector: try bus=4 i=1235.054
[2026-04-29 01:37:47] [h5] injector: OK bus=4 resp={"ok": true, "bus": 4, "ttl": 8}
[2026-04-29 01:37:47] [h5] injector: try bus=5 i=1281.111
[2026-04-29 01:37:47] [h5] injector: OK bus=5 resp={"ok": true, "bus": 5, "ttl": 8}
[2026-04-29 01:37:51] [h5] injector: try bus=1 i=1335.47
[2026-04-29 01:37:51] [h5] injector: OK bus=1 resp={"ok": true, "bus": 1, "ttl": 8}
[2026-04-29 01:37:51] [h5] injector: try bus=2 i=1275.602
[2026-04-29 01:37:51] [h5] injector: OK bus=2 resp={"ok": true, "bus": 2, "ttl": 8}
[2026-04-29 01:37:51] [h5] injector: try bus=3 i=1177.832
[2026-04-29 01:37:51] [h5] injector: OK bus=3 resp={"ok": true, "bus": 3, "ttl": 8}
[2026-04-29 01:37:51] [h5] injector: try bus=4 i=1339.055
[2026-04-29 01:37:51] [h5] injector: OK bus=4 resp={"ok": true, "bus": 4, "ttl": 8}
[2026-04-29 01:37:51] [h5] injector: try bus=5 i=1241.95
[2026-04-29 01:37:51] [h5] injector: OK bus=5 resp={"ok": true, "bus": 5, "ttl": 8}
[2026-04-29 01:37:55] [h5] injector: try bus=1 i=1191.673
[2026-04-29 01:37:55] [h5] injector: OK bus=1 resp={"ok": true, "bus": 1, "ttl": 8}
[2026-04-29 01:37:55] [h5] injector: try bus=2 i=1101.918
[2026-04-29 01:37:55] [h5] injector: OK bus=2 resp={"ok": true, "bus": 2, "ttl": 8}
[2026-04-29 01:37:55] [h5] injector: try bus=3 i=1127.014
[2026-04-29 01:37:55] [h5] injector: OK bus=3 resp={"ok": true, "bus": 3, "ttl": 8}
[2026-04-29 01:37:55] [h5] injector: try bus=4 i=1223.926
[2026-04-29 01:37:55] [h5] injector: OK bus=4 resp={"ok": true, "bus": 4, "ttl": 8}
[2026-04-29 01:37:55] [h5] injector: try bus=5 i=1216.405
[2026-04-29 01:37:55] [h5] injector: OK bus=5 resp={"ok": true, "bus": 5, "ttl": 8}
[2026-04-29 01:37:59] [h5] injector: try bus=1 i=1215.054
[2026-04-29 01:37:59] [h5] injector: OK bus=1 resp={"ok": true, "bus": 1, "ttl": 8}
[2026-04-29 01:37:59] [h5] injector: try bus=2 i=1347.496
[2026-04-29 01:37:59] [h5] injector: OK bus=2 resp={"ok": true, "bus": 2, "ttl": 8}
[2026-04-29 01:37:59] [h5] injector: try bus=3 i=1024.276
[2026-04-29 01:37:59] [h5] injector: OK bus=3 resp={"ok": true, "bus": 3, "ttl": 8}
[2026-04-29 01:37:59] [h5] injector: try bus=4 i=1084.537
[2026-04-29 01:38:00] [h5] injector: OK bus=4 resp={"ok": true, "bus": 4, "ttl": 8}
[2026-04-29 01:38:00] [h5] injector: try bus=5 i=1179.991
[2026-04-29 01:38:00] [h5] injector: OK bus=5 resp={"ok": true, "bus": 5, "ttl": 8}
[2026-04-29 01:38:04] [h5] injector: try bus=1 i=1169.672
[2026-04-29 01:38:04] [h5] injector: OK bus=1 resp={"ok": true, "bus": 1, "ttl": 8}
[2026-04-29 01:38:04] [h5] injector: try bus=2 i=961.771
[2026-04-29 01:38:04] [h5] injector: OK bus=2 resp={"ok": true, "bus": 2, "ttl": 8}
[2026-04-29 01:38:04] [h5] injector: try bus=3 i=1257.223
[2026-04-29 01:38:04] [h5] injector: OK bus=3 resp={"ok": true, "bus": 3, "ttl": 8}
[2026-04-29 01:38:04] [h5] injector: try bus=4 i=1212.685
[2026-04-29 01:38:04] [h5] injector: OK bus=4 resp={"ok": true, "bus": 4, "ttl": 8}
[2026-04-29 01:38:04] [h5] injector: try bus=5 i=1309.722
[2026-04-29 01:38:04] [h5] injector: OK bus=5 resp={"ok": true, "bus": 5, "ttl": 8}
[2026-04-29 01:38:08] [h5] injector: try bus=1 i=1038.108
[2026-04-29 01:38:08] [h5] injector: OK bus=1 resp={"ok": true, "bus": 1, "ttl": 8}
[2026-04-29 01:38:08] [h5] injector: try bus=2 i=1247.431
[2026-04-29 01:38:08] [h5] injector: OK bus=2 resp={"ok": true, "bus": 2, "ttl": 8}
[2026-04-29 01:38:08] [h5] injector: try bus=3 i=1314.664
[2026-04-29 01:38:08] [h5] injector: OK bus=3 resp={"ok": true, "bus": 3, "ttl": 8}
[2026-04-29 01:38:08] [h5] injector: try bus=4 i=1051.393
[2026-04-29 01:38:08] [h5] injector: OK bus=4 resp={"ok": true, "bus": 4, "ttl": 8}
[2026-04-29 01:38:08] [h5] injector: try bus=5 i=1248.188
[2026-04-29 01:38:08] [h5] injector: OK bus=5 resp={"ok": true, "bus": 5, "ttl": 8}
[2026-04-29 01:38:12] [h5] injector: try bus=1 i=968.293
[2026-04-29 01:38:12] [h5] injector: OK bus=1 resp={"ok": true, "bus": 1, "ttl": 8}
[2026-04-29 01:38:12] [h5] injector: try bus=2 i=1159.112
[2026-04-29 01:38:12] [h5] injector: OK bus=2 resp={"ok": true, "bus": 2, "ttl": 8}
[2026-04-29 01:38:12] [h5] injector: try bus=3 i=1142.387
[2026-04-29 01:38:13] [h5] injector: OK bus=3 resp={"ok": true, "bus": 3, "ttl": 8}
[2026-04-29 01:38:13] [h5] injector: try bus=4 i=1003.831
[2026-04-29 01:38:13] [h5] injector: OK bus=4 resp={"ok": true, "bus": 4, "ttl": 8}
[2026-04-29 01:38:13] [h5] injector: try bus=5 i=1306.396
[2026-04-29 01:38:13] [h5] injector: OK bus=5 resp={"ok": true, "bus": 5, "ttl": 8}
[2026-04-29 01:38:17] [h5] injector: try bus=1 i=1072.291
[2026-04-29 01:38:17] [h5] injector: OK bus=1 resp={"ok": true, "bus": 1, "ttl": 8}
[2026-04-29 01:38:17] [h5] injector: try bus=2 i=979.781
[2026-04-29 01:38:17] [h5] injector: OK bus=2 resp={"ok": true, "bus": 2, "ttl": 8}
[2026-04-29 01:38:17] [h5] injector: try bus=3 i=993.161
[2026-04-29 01:38:17] [h5] injector: OK bus=3 resp={"ok": true, "bus": 3, "ttl": 8}
[2026-04-29 01:38:17] [h5] injector: try bus=4 i=1099.069
[2026-04-29 01:38:17] [h5] injector: OK bus=4 resp={"ok": true, "bus": 4, "ttl": 8}
[2026-04-29 01:38:17] [h5] injector: try bus=5 i=1307.815
[2026-04-29 01:38:17] [h5] injector: OK bus=5 resp={"ok": true, "bus": 5, "ttl": 8}
[2026-04-29 01:38:21] [h5] injector: try bus=1 i=1347.844
[2026-04-29 01:38:21] [h5] injector: OK bus=1 resp={"ok": true, "bus": 1, "ttl": 8}
[2026-04-29 01:38:21] [h5] injector: try bus=2 i=968.997
[2026-04-29 01:38:21] [h5] injector: OK bus=2 resp={"ok": true, "bus": 2, "ttl": 8}
[2026-04-29 01:38:21] [h5] injector: try bus=3 i=1293.278
[2026-04-29 01:38:21] [h5] injector: OK bus=3 resp={"ok": true, "bus": 3, "ttl": 8}
[2026-04-29 01:38:21] [h5] injector: try bus=4 i=1216.654
[2026-04-29 01:38:21] [h5] injector: OK bus=4 resp={"ok": true, "bus": 4, "ttl": 8}
[2026-04-29 01:38:21] [h5] injector: try bus=5 i=1085.245
[2026-04-29 01:38:21] [h5] injector: OK bus=5 resp={"ok": true, "bus": 5, "ttl": 8}
[2026-04-29 01:38:25] [h5] injector: try bus=1 i=1116.87
[2026-04-29 01:38:25] [h5] injector: OK bus=1 resp={"ok": true, "bus": 1, "ttl": 8}
[2026-04-29 01:38:25] [h5] injector: try bus=2 i=995.008
[2026-04-29 01:38:25] [h5] injector: OK bus=2 resp={"ok": true, "bus": 2, "ttl": 8}
[2026-04-29 01:38:25] [h5] injector: try bus=3 i=1084.596
[2026-04-29 01:38:25] [h5] injector: OK bus=3 resp={"ok": true, "bus": 3, "ttl": 8}
[2026-04-29 01:38:25] [h5] injector: try bus=4 i=1289.434
[2026-04-29 01:38:26] [h5] injector: OK bus=4 resp={"ok": true, "bus": 4, "ttl": 8}
[2026-04-29 01:38:26] [h5] injector: try bus=5 i=1094.045
[2026-04-29 01:38:26] [h5] injector: OK bus=5 resp={"ok": true, "bus": 5, "ttl": 8}
[2026-04-29 01:38:30] [h5] injector: try bus=1 i=1002.915
[2026-04-29 01:38:30] [h5] injector: OK bus=1 resp={"ok": true, "bus": 1, "ttl": 8}
[2026-04-29 01:38:30] [h5] injector: try bus=2 i=1160.437
[2026-04-29 01:38:30] [h5] injector: OK bus=2 resp={"ok": true, "bus": 2, "ttl": 8}
[2026-04-29 01:38:30] [h5] injector: try bus=3 i=1179.408
[2026-04-29 01:38:30] [h5] injector: OK bus=3 resp={"ok": true, "bus": 3, "ttl": 8}
[2026-04-29 01:38:30] [h5] injector: try bus=4 i=1036.308
[2026-04-29 01:38:30] [h5] injector: OK bus=4 resp={"ok": true, "bus": 4, "ttl": 8}
[2026-04-29 01:38:30] [h5] injector: try bus=5 i=1147.257
[2026-04-29 01:38:30] [h5] injector: OK bus=5 resp={"ok": true, "bus": 5, "ttl": 8}
[2026-04-29 01:38:34] [h5] injector: try bus=1 i=1003.302
[2026-04-29 01:38:34] [h5] injector: OK bus=1 resp={"ok": true, "bus": 1, "ttl": 8}
[2026-04-29 01:38:34] [h5] injector: try bus=2 i=1193.89
[2026-04-29 01:38:34] [h5] injector: OK bus=2 resp={"ok": true, "bus": 2, "ttl": 8}
[2026-04-29 01:38:34] [h5] injector: try bus=3 i=1042.494
[2026-04-29 01:38:34] [h5] injector: OK bus=3 resp={"ok": true, "bus": 3, "ttl": 8}
[2026-04-29 01:38:34] [h5] injector: try bus=4 i=1136.503
[2026-04-29 01:38:34] [h5] injector: OK bus=4 resp={"ok": true, "bus": 4, "ttl": 8}
[2026-04-29 01:38:34] [h5] injector: try bus=5 i=1198.744
[2026-04-29 01:38:34] [h5] injector: OK bus=5 resp={"ok": true, "bus": 5, "ttl": 8}
[2026-04-29 01:38:38] [h5] injector: try bus=1 i=992.069
[2026-04-29 01:38:38] [h5] injector: OK bus=1 resp={"ok": true, "bus": 1, "ttl": 8}
[2026-04-29 01:38:38] [h5] injector: try bus=2 i=1173.018
[2026-04-29 01:38:38] [h5] injector: OK bus=2 resp={"ok": true, "bus": 2, "ttl": 8}
[2026-04-29 01:38:38] [h5] injector: try bus=3 i=1305.248
[2026-04-29 01:38:38] [h5] injector: OK bus=3 resp={"ok": true, "bus": 3, "ttl": 8}
[2026-04-29 01:38:38] [h5] injector: try bus=4 i=1191.928
[2026-04-29 01:38:38] [h5] injector: OK bus=4 resp={"ok": true, "bus": 4, "ttl": 8}
[2026-04-29 01:38:38] [h5] injector: try bus=5 i=1091.841
[2026-04-29 01:38:38] [h5] injector: OK bus=5 resp={"ok": true, "bus": 5, "ttl": 8}
[2026-04-29 01:38:42] [h5] injector: try bus=1 i=1139.093
[2026-04-29 01:38:42] [h5] injector: OK bus=1 resp={"ok": true, "bus": 1, "ttl": 8}
[2026-04-29 01:38:43] [h5] injector: try bus=2 i=1206.72
[2026-04-29 01:38:43] [h5] injector: OK bus=2 resp={"ok": true, "bus": 2, "ttl": 8}
[2026-04-29 01:38:43] [h5] injector: try bus=3 i=994.967
[2026-04-29 01:38:43] [h5] injector: OK bus=3 resp={"ok": true, "bus": 3, "ttl": 8}
[2026-04-29 01:38:43] [h5] injector: try bus=4 i=1192.089
[2026-04-29 01:38:43] [h5] injector: OK bus=4 resp={"ok": true, "bus": 4, "ttl": 8}
[2026-04-29 01:38:43] [h5] injector: try bus=5 i=1152.993
[2026-04-29 01:38:43] [h5] injector: OK bus=5 resp={"ok": true, "bus": 5, "ttl": 8}
[2026-04-29 01:38:47] [h5] injector: try bus=1 i=994.998
[2026-04-29 01:38:47] [h5] injector: OK bus=1 resp={"ok": true, "bus": 1, "ttl": 8}
[2026-04-29 01:38:47] [h5] injector: try bus=2 i=1154.432
[2026-04-29 01:38:47] [h5] injector: OK bus=2 resp={"ok": true, "bus": 2, "ttl": 8}
[2026-04-29 01:38:47] [h5] injector: try bus=3 i=976.502
[2026-04-29 01:38:47] [h5] injector: OK bus=3 resp={"ok": true, "bus": 3, "ttl": 8}
[2026-04-29 01:38:47] [h5] injector: try bus=4 i=1071.425
[2026-04-29 01:38:47] [h5] injector: OK bus=4 resp={"ok": true, "bus": 4, "ttl": 8}
[2026-04-29 01:38:47] [h5] injector: try bus=5 i=997.175
[2026-04-29 01:38:47] [h5] injector: OK bus=5 resp={"ok": true, "bus": 5, "ttl": 8}
[2026-04-29 01:38:51] [h5] injector: try bus=1 i=969.471
curl: (7) Couldn't connect to server
[2026-04-29 01:38:51] [h5] injector: FAIL bus=1 curl_exit=0
[2026-04-29 01:38:51] [h5] injector: try bus=2 i=1327.372
curl: (7) Couldn't connect to server
[2026-04-29 01:38:51] [h5] injector: FAIL bus=2 curl_exit=0
