numba cannot be imported and numba functions are disabled.
Probably the execution is slow.
Please install numba to gain a massive speedup.
(or if you prefer slow execution, set the flag numba=False to avoid this warning!)
Field bus -> Pandapower bus mapping: {1: 0, 2: 1, 3: 2, 4: 3, 5: 4}
Unique bus->line mapping: {1: 0, 2: 1, 3: 2, 4: 3}
OPC UA connected: opc.tcp://10.0.2.2:4840/mininet/
Namespace index: 2
DT_PATH_LAT,h4,1779176826.480330,1
numba cannot be imported and numba functions are disabled.
Probably the execution is slow.
Please install numba to gain a massive speedup.
(or if you prefer slow execution, set the flag numba=False to avoid this warning!)

 2026-05-19 14:47:06
Load flow sukses. Voltage snapshot (pu): [1.02, 1.0097120322427293, 1.0070581852599945, 1.0099999999999998, 1.0081945183888976]
[h4] 2026-05-19 14:47:06 bus=1 line=0 pp_bus=0 | i_from=0.8091 i_to=0.8091 i_line=0.8091 kA | max_i=1.2000 thr_open=1.2000 thr_close=1.1400 | was_closed=True cmd=1 in_svc=True brk_fb=1 | vm_pu=1.0200 P_in=151.1018 Q_in=43.8954
[h4] 2026-05-19 14:47:06 bus=2 line=1 pp_bus=1 | i_from=0.4233 i_to=0.4233 i_line=0.4233 kA | max_i=1.0000 thr_open=1.0000 thr_close=0.9500 | was_closed=True cmd=1 in_svc=True brk_fb=1 | vm_pu=1.0097 P_in=69.0482 Q_in=33.0494
[h4] 2026-05-19 14:47:06 bus=3 line=2 pp_bus=2 | i_from=0.1466 i_to=0.1466 i_line=0.1466 kA | max_i=0.8000 thr_open=0.8000 thr_close=0.7600 | was_closed=True cmd=1 in_svc=True brk_fb=1 | vm_pu=1.0071 P_in=67.9874 Q_in=32.9085
[h4] 2026-05-19 14:47:06 bus=4 line=3 pp_bus=3 | i_from=0.4939 i_to=0.4939 i_line=0.4939 kA | max_i=1.0000 thr_open=1.0000 thr_close=0.9500 | was_closed=True cmd=1 in_svc=True brk_fb=1 | vm_pu=1.0100 P_in=80.3450 Q_in=45.7703
[h4] 2026-05-19 14:47:06 bus=5 line=- pp_bus=4 | no_line_switch | brk_fb=1 cmd=1 | vm_pu=1.0082 P_in=92.6936 Q_in=20.1857
DT_PATH_LAT,h4,1779176830.626426,2
numba cannot be imported and numba functions are disabled.
Probably the execution is slow.
Please install numba to gain a massive speedup.
(or if you prefer slow execution, set the flag numba=False to avoid this warning!)

 2026-05-19 14:47:10
Load flow sukses. Voltage snapshot (pu): [1.02, 1.0096922489658982, 1.007026324808701, 1.01, 1.0082092995328555]
[h4] 2026-05-19 14:47:10 bus=1 line=0 pp_bus=0 | i_from=0.8082 i_to=0.8082 i_line=0.8082 kA | max_i=1.2000 thr_open=1.2000 thr_close=1.1400 | was_closed=True cmd=1 in_svc=True brk_fb=1 | vm_pu=1.0200 P_in=151.3049 Q_in=43.9544
[h4] 2026-05-19 14:47:10 bus=2 line=1 pp_bus=1 | i_from=0.4219 i_to=0.4219 i_line=0.4219 kA | max_i=1.0000 thr_open=1.0000 thr_close=0.9500 | was_closed=True cmd=1 in_svc=True brk_fb=1 | vm_pu=1.0097 P_in=69.0796 Q_in=33.0645
[h4] 2026-05-19 14:47:10 bus=3 line=2 pp_bus=2 | i_from=0.1444 i_to=0.1444 i_line=0.1444 kA | max_i=0.8000 thr_open=0.8000 thr_close=0.7600 | was_closed=True cmd=1 in_svc=True brk_fb=1 | vm_pu=1.0070 P_in=68.4426 Q_in=33.1289
[h4] 2026-05-19 14:47:10 bus=4 line=3 pp_bus=3 | i_from=0.4898 i_to=0.4898 i_line=0.4898 kA | max_i=1.0000 thr_open=1.0000 thr_close=0.9500 | was_closed=True cmd=1 in_svc=True brk_fb=1 | vm_pu=1.0100 P_in=79.0882 Q_in=45.0543
[h4] 2026-05-19 14:47:10 bus=5 line=- pp_bus=4 | no_line_switch | brk_fb=1 cmd=1 | vm_pu=1.0082 P_in=91.9377 Q_in=20.0210
DT_PATH_LAT,h4,1779176834.838747,3
numba cannot be imported and numba functions are disabled.
Probably the execution is slow.
Please install numba to gain a massive speedup.
(or if you prefer slow execution, set the flag numba=False to avoid this warning!)

 2026-05-19 14:47:14
Load flow sukses. Voltage snapshot (pu): [1.02, 1.0089569877130917, 1.0061825218377807, 1.01, 1.0082024678392267]
[h4] 2026-05-19 14:47:14 bus=1 line=0 pp_bus=0 | i_from=0.8525 i_to=0.8525 i_line=0.8525 kA | max_i=1.2000 thr_open=1.2000 thr_close=1.1400 | was_closed=True cmd=1 in_svc=True brk_fb=1 | vm_pu=1.0200 P_in=157.9918 Q_in=48.6593
[h4] 2026-05-19 14:47:14 bus=2 line=1 pp_bus=1 | i_from=0.4230 i_to=0.4230 i_line=0.4230 kA | max_i=1.0000 thr_open=1.0000 thr_close=0.9500 | was_closed=True cmd=1 in_svc=True brk_fb=1 | vm_pu=1.0090 P_in=76.6789 Q_in=35.6029
[h4] 2026-05-19 14:47:14 bus=3 line=2 pp_bus=2 | i_from=0.1560 i_to=0.1560 i_line=0.1560 kA | max_i=0.8000 thr_open=0.8000 thr_close=0.7600 | was_closed=True cmd=1 in_svc=True brk_fb=1 | vm_pu=1.0062 P_in=72.7443 Q_in=38.7281
[h4] 2026-05-19 14:47:14 bus=4 line=3 pp_bus=3 | i_from=0.4700 i_to=0.4700 i_line=0.4700 kA | max_i=1.0000 thr_open=1.0000 thr_close=0.9500 | was_closed=True cmd=1 in_svc=True brk_fb=1 | vm_pu=1.0100 P_in=80.2629 Q_in=51.0263
[h4] 2026-05-19 14:47:14 bus=5 line=- pp_bus=4 | no_line_switch | brk_fb=1 cmd=1 | vm_pu=1.0082 P_in=87.5858 Q_in=21.8744
DT_PATH_LAT,h4,1779176838.994560,4
numba cannot be imported and numba functions are disabled.
Probably the execution is slow.
Please install numba to gain a massive speedup.
(or if you prefer slow execution, set the flag numba=False to avoid this warning!)

 2026-05-19 14:47:19
Load flow sukses. Voltage snapshot (pu): [1.02, 1.009143857633871, 1.0064715079387754, 1.0100000000000002, 1.0073720696826614]
[h4] 2026-05-19 14:47:19 bus=1 line=0 pp_bus=0 | i_from=1.0860 i_to=1.0860 i_line=1.0860 kA | max_i=1.2000 thr_open=1.2000 thr_close=1.1400 | was_closed=True cmd=1 in_svc=True brk_fb=1 | vm_pu=1.0200 P_in=236.2388 Q_in=72.7583
[h4] 2026-05-19 14:47:19 bus=2 line=1 pp_bus=1 | i_from=0.6871 i_to=0.6871 i_line=0.6871 kA | max_i=1.0000 thr_open=1.0000 thr_close=0.9500 | was_closed=True cmd=1 in_svc=True brk_fb=1 | vm_pu=1.0091 P_in=76.0107 Q_in=33.3128
[h4] 2026-05-19 14:47:19 bus=3 line=2 pp_bus=2 | i_from=0.3537 i_to=0.3537 i_line=0.3537 kA | max_i=0.8000 thr_open=0.8000 thr_close=0.7600 | was_closed=True cmd=1 in_svc=True brk_fb=1 | vm_pu=1.0065 P_in=79.6636 Q_in=31.7351
[h4] 2026-05-19 14:47:19 bus=4 line=3 pp_bus=3 | i_from=0.7011 i_to=0.7011 i_line=0.7011 kA | max_i=1.0000 thr_open=1.0000 thr_close=0.9500 | was_closed=True cmd=1 in_svc=True brk_fb=1 | vm_pu=1.0100 P_in=119.3827 Q_in=59.0316
[h4] 2026-05-19 14:47:19 bus=5 line=- pp_bus=4 | no_line_switch | brk_fb=1 cmd=1 | vm_pu=1.0074 P_in=131.0180 Q_in=30.7172
DT_PATH_LAT,h4,1779176843.147565,5
numba cannot be imported and numba functions are disabled.
Probably the execution is slow.
Please install numba to gain a massive speedup.
(or if you prefer slow execution, set the flag numba=False to avoid this warning!)

 2026-05-19 14:47:23
Load flow sukses. Voltage snapshot (pu): [1.02, 1.010649149254873, 1.007512511153516, 1.0099999999999998, 1.00738652137555]
[h4] 2026-05-19 14:47:23 bus=1 line=0 pp_bus=0 | i_from=0.9474 i_to=0.9474 i_line=0.9474 kA | max_i=1.2000 thr_open=1.2000 thr_close=1.1400 | was_closed=True cmd=1 in_svc=True brk_fb=1 | vm_pu=1.0200 P_in=138.3006 Q_in=37.5281
[h4] 2026-05-19 14:47:23 bus=2 line=1 pp_bus=1 | i_from=0.6809 i_to=0.6809 i_line=0.6809 kA | max_i=1.0000 thr_open=1.0000 thr_close=0.9500 | was_closed=True cmd=1 in_svc=True brk_fb=1 | vm_pu=1.0106 P_in=50.4536 Q_in=22.1120
[h4] 2026-05-19 14:47:23 bus=3 line=2 pp_bus=2 | i_from=0.3267 i_to=0.3267 i_line=0.3267 kA | max_i=0.8000 thr_open=0.8000 thr_close=0.7600 | was_closed=True cmd=1 in_svc=True brk_fb=1 | vm_pu=1.0075 P_in=79.8642 Q_in=31.8150
[h4] 2026-05-19 14:47:23 bus=4 line=3 pp_bus=3 | i_from=0.6973 i_to=0.6973 i_line=0.6973 kA | max_i=1.0000 thr_open=1.0000 thr_close=0.9500 | was_closed=True cmd=1 in_svc=True brk_fb=1 | vm_pu=1.0100 P_in=119.0360 Q_in=58.8602
[h4] 2026-05-19 14:47:23 bus=5 line=- pp_bus=4 | no_line_switch | brk_fb=1 cmd=1 | vm_pu=1.0074 P_in=130.3014 Q_in=30.5492
DT_PATH_LAT,h4,1779176847.308514,6
numba cannot be imported and numba functions are disabled.
Probably the execution is slow.
Please install numba to gain a massive speedup.
(or if you prefer slow execution, set the flag numba=False to avoid this warning!)

 2026-05-19 14:47:27
Load flow sukses. Voltage snapshot (pu): [1.02, 1.0091727674956574, 1.0065134508314217, 1.0099999999999996, 1.0080302992644168]
[h4] 2026-05-19 14:47:27 bus=1 line=0 pp_bus=0 | i_from=0.8932 i_to=0.8932 i_line=0.8932 kA | max_i=1.2000 thr_open=1.2000 thr_close=1.1400 | was_closed=True cmd=1 in_svc=True brk_fb=1 | vm_pu=1.0200 P_in=168.5764 Q_in=42.2492
[h4] 2026-05-19 14:47:27 bus=2 line=1 pp_bus=1 | i_from=0.4843 i_to=0.4843 i_line=0.4843 kA | max_i=1.0000 thr_open=1.0000 thr_close=0.9500 | was_closed=True cmd=1 in_svc=True brk_fb=1 | vm_pu=1.0092 P_in=74.1097 Q_in=35.7879
[h4] 2026-05-19 14:47:27 bus=3 line=2 pp_bus=2 | i_from=0.1463 i_to=0.1463 i_line=0.1463 kA | max_i=0.8000 thr_open=0.8000 thr_close=0.7600 | was_closed=True cmd=1 in_svc=True brk_fb=1 | vm_pu=1.0065 P_in=84.6289 Q_in=29.9234
[h4] 2026-05-19 14:47:27 bus=4 line=3 pp_bus=3 | i_from=0.4794 i_to=0.4794 i_line=0.4794 kA | max_i=1.0000 thr_open=1.0000 thr_close=0.9500 | was_closed=True cmd=1 in_svc=True brk_fb=1 | vm_pu=1.0100 P_in=80.3981 Q_in=54.5717
[h4] 2026-05-19 14:47:27 bus=5 line=- pp_bus=4 | no_line_switch | brk_fb=1 cmd=1 | vm_pu=1.0080 P_in=88.0361 Q_in=26.9498
DT_PATH_LAT,h4,1779176851.472992,7
numba cannot be imported and numba functions are disabled.
Probably the execution is slow.
Please install numba to gain a massive speedup.
(or if you prefer slow execution, set the flag numba=False to avoid this warning!)

 2026-05-19 14:47:31
Load flow sukses. Voltage snapshot (pu): [1.02, 1.0067438731265002, 1.004817836728458, 1.01, 1.0070407326734316]
[h4] 2026-05-19 14:47:31 bus=1 line=0 pp_bus=0 | i_from=1.2996 i_to=1.2996 i_line=1.2996 kA | max_i=1.2000 thr_open=1.2000 thr_close=1.1400 | was_closed=True cmd=0 in_svc=True brk_fb=1 | vm_pu=1.0200 P_in=252.6319 Q_in=63.3155
[h4] 2026-05-19 14:47:31 bus=2 line=1 pp_bus=1 | i_from=0.7254 i_to=0.7254 i_line=0.7254 kA | max_i=1.0000 thr_open=1.0000 thr_close=0.9500 | was_closed=True cmd=1 in_svc=True brk_fb=1 | vm_pu=1.0067 P_in=110.6875 Q_in=53.4516
[h4] 2026-05-19 14:47:31 bus=3 line=2 pp_bus=2 | i_from=0.3999 i_to=0.3999 i_line=0.3999 kA | max_i=0.8000 thr_open=0.8000 thr_close=0.7600 | was_closed=True cmd=1 in_svc=True brk_fb=1 | vm_pu=1.0048 P_in=83.8128 Q_in=29.6349
[h4] 2026-05-19 14:47:31 bus=4 line=3 pp_bus=3 | i_from=0.7196 i_to=0.7196 i_line=0.7196 kA | max_i=1.0000 thr_open=1.0000 thr_close=0.9500 | was_closed=True cmd=1 in_svc=True brk_fb=1 | vm_pu=1.0100 P_in=119.6186 Q_in=81.1933
[h4] 2026-05-19 14:47:31 bus=5 line=- pp_bus=4 | no_line_switch | brk_fb=1 cmd=1 | vm_pu=1.0070 P_in=132.0264 Q_in=40.4162
numba cannot be imported and numba functions are disabled.
Probably the execution is slow.
Please install numba to gain a massive speedup.
(or if you prefer slow execution, set the flag numba=False to avoid this warning!)

 2026-05-19 14:47:35
Load flow sukses. Voltage snapshot (pu): [1.02, 1.005879181323868, 1.0031635684398386, 1.01, 1.0070407326734319]
[h4] 2026-05-19 14:47:35 bus=1 line=0 pp_bus=0 | i_from=1.3847 i_to=1.3847 i_line=1.3847 kA | max_i=1.2000 thr_open=1.2000 thr_close=1.1400 | was_closed=True cmd=0 in_svc=True brk_fb=1 | vm_pu=1.0200 P_in=235.6615 Q_in=63.7537
[h4] 2026-05-19 14:47:35 bus=2 line=1 pp_bus=1 | i_from=0.7732 i_to=0.7732 i_line=0.7732 kA | max_i=1.0000 thr_open=1.0000 thr_close=0.9500 | was_closed=True cmd=1 in_svc=True brk_fb=1 | vm_pu=1.0059 P_in=116.4004 Q_in=47.1314
[h4] 2026-05-19 14:47:35 bus=3 line=2 pp_bus=2 | i_from=0.4448 i_to=0.4448 i_line=0.4448 kA | max_i=0.8000 thr_open=0.8000 thr_close=0.7600 | was_closed=True cmd=1 in_svc=True brk_fb=1 | vm_pu=1.0032 P_in=93.9678 Q_in=48.4789
[h4] 2026-05-19 14:47:35 bus=4 line=3 pp_bus=3 | i_from=0.7196 i_to=0.7196 i_line=0.7196 kA | max_i=1.0000 thr_open=1.0000 thr_close=0.9500 | was_closed=True cmd=1 in_svc=True brk_fb=1 | vm_pu=1.0100 P_in=119.6186 Q_in=81.1933
[h4] 2026-05-19 14:47:35 bus=5 line=- pp_bus=4 | no_line_switch | brk_fb=1 cmd=1 | vm_pu=1.0070 P_in=132.0264 Q_in=40.4162
DT_PATH_LAT,h4,1779176859.755492,8
numba cannot be imported and numba functions are disabled.
Probably the execution is slow.
Please install numba to gain a massive speedup.
(or if you prefer slow execution, set the flag numba=False to avoid this warning!)

 2026-05-19 14:47:39
Load flow sukses. Voltage snapshot (pu): [1.02, 1.0058334856922504, 1.0031211193535052, 1.0099999999999996, 1.007188088100224]
[h4] 2026-05-19 14:47:39 bus=1 line=0 pp_bus=0 | i_from=1.4286 i_to=1.4286 i_line=1.4286 kA | max_i=1.2000 thr_open=1.2000 thr_close=1.1400 | was_closed=True cmd=0 in_svc=True brk_fb=1 | vm_pu=1.0200 P_in=235.6615 Q_in=63.7537
[h4] 2026-05-19 14:47:39 bus=2 line=1 pp_bus=1 | i_from=0.8212 i_to=0.8212 i_line=0.8212 kA | max_i=1.0000 thr_open=1.0000 thr_close=0.9500 | was_closed=True cmd=1 in_svc=True brk_fb=1 | vm_pu=1.0058 P_in=116.4004 Q_in=47.1314
[h4] 2026-05-19 14:47:39 bus=3 line=2 pp_bus=2 | i_from=0.4888 i_to=0.4888 i_line=0.4888 kA | max_i=0.8000 thr_open=0.8000 thr_close=0.7600 | was_closed=True cmd=1 in_svc=True brk_fb=1 | vm_pu=1.0031 P_in=93.9678 Q_in=48.4789
[h4] 2026-05-19 14:47:39 bus=4 line=3 pp_bus=3 | i_from=0.7525 i_to=0.7525 i_line=0.7525 kA | max_i=1.0000 thr_open=1.0000 thr_close=0.9500 | was_closed=True cmd=1 in_svc=True brk_fb=1 | vm_pu=1.0100 P_in=119.8749 Q_in=70.3345
[h4] 2026-05-19 14:47:39 bus=5 line=- pp_bus=4 | no_line_switch | brk_fb=1 cmd=1 | vm_pu=1.0072 P_in=140.6681 Q_in=32.6533
DT_PATH_LAT,h4,1779176863.902830,9
numba cannot be imported and numba functions are disabled.
Probably the execution is slow.
Please install numba to gain a massive speedup.
(or if you prefer slow execution, set the flag numba=False to avoid this warning!)

 2026-05-19 14:47:43
Load flow sukses. Voltage snapshot (pu): [1.02, 1.009605816364512, 1.0070956394243826, 1.01, 1.0081289537978075]
[h4] 2026-05-19 14:47:43 bus=1 line=0 pp_bus=0 | i_from=0.8384 i_to=0.8384 i_line=0.8384 kA | max_i=1.2000 thr_open=1.2000 thr_close=1.1400 | was_closed=True cmd=1 in_svc=True brk_fb=1 | vm_pu=1.0200 P_in=156.4523 Q_in=42.3252
[h4] 2026-05-19 14:47:43 bus=2 line=1 pp_bus=1 | i_from=0.4027 i_to=0.4027 i_line=0.4027 kA | max_i=1.0000 thr_open=1.0000 thr_close=0.9500 | was_closed=True cmd=1 in_svc=True brk_fb=1 | vm_pu=1.0096 P_in=79.2148 Q_in=32.0747
[h4] 2026-05-19 14:47:43 bus=3 line=2 pp_bus=2 | i_from=0.1501 i_to=0.1501 i_line=0.1501 kA | max_i=0.8000 thr_open=0.8000 thr_close=0.7600 | was_closed=True cmd=1 in_svc=True brk_fb=1 | vm_pu=1.0071 P_in=62.9733 Q_in=32.4885
[h4] 2026-05-19 14:47:43 bus=4 line=3 pp_bus=3 | i_from=0.5013 i_to=0.5013 i_line=0.5013 kA | max_i=1.0000 thr_open=1.0000 thr_close=0.9500 | was_closed=True cmd=1 in_svc=True brk_fb=1 | vm_pu=1.0100 P_in=79.9161 Q_in=46.8894
[h4] 2026-05-19 14:47:43 bus=5 line=- pp_bus=4 | no_line_switch | brk_fb=1 cmd=1 | vm_pu=1.0081 P_in=93.7859 Q_in=21.7705
DT_PATH_LAT,h4,1779176868.077430,10
numba cannot be imported and numba functions are disabled.
Probably the execution is slow.
Please install numba to gain a massive speedup.
(or if you prefer slow execution, set the flag numba=False to avoid this warning!)

 2026-05-19 14:47:48
Load flow sukses. Voltage snapshot (pu): [1.02, nan, nan, nan, nan]
[h4] 2026-05-19 14:47:48 bus=1 line=0 pp_bus=0 | i_from=nan i_to=nan i_line=nan kA | max_i=1.2000 thr_open=1.2000 thr_close=1.1400 | was_closed=False cmd=0 in_svc=True brk_fb=0 | vm_pu=1.0200 P_in=0.0000 Q_in=0.0000
[h4] 2026-05-19 14:47:48 bus=2 line=1 pp_bus=1 | i_from=nan i_to=nan i_line=nan kA | max_i=1.0000 thr_open=1.0000 thr_close=0.9500 | was_closed=True cmd=1 in_svc=True brk_fb=1 | vm_pu=nan P_in=78.4093 Q_in=31.7485
[h4] 2026-05-19 14:47:48 bus=3 line=2 pp_bus=2 | i_from=nan i_to=nan i_line=nan kA | max_i=0.8000 thr_open=0.8000 thr_close=0.7600 | was_closed=True cmd=1 in_svc=True brk_fb=1 | vm_pu=nan P_in=94.4513 Q_in=48.7284
[h4] 2026-05-19 14:47:48 bus=4 line=3 pp_bus=3 | i_from=nan i_to=nan i_line=nan kA | max_i=1.0000 thr_open=1.0000 thr_close=0.9500 | was_closed=True cmd=1 in_svc=True brk_fb=1 | vm_pu=nan P_in=80.0782 Q_in=46.9845
[h4] 2026-05-19 14:47:48 bus=5 line=- pp_bus=4 | no_line_switch | brk_fb=1 cmd=1 | vm_pu=nan P_in=140.2587 Q_in=32.5582
DT_PATH_LAT,h4,1779176872.168855,11
numba cannot be imported and numba functions are disabled.
Probably the execution is slow.
Please install numba to gain a massive speedup.
(or if you prefer slow execution, set the flag numba=False to avoid this warning!)

 2026-05-19 14:47:52
Load flow sukses. Voltage snapshot (pu): [1.02, nan, nan, nan, nan]
[h4] 2026-05-19 14:47:52 bus=1 line=0 pp_bus=0 | i_from=nan i_to=nan i_line=nan kA | max_i=1.2000 thr_open=1.2000 thr_close=1.1400 | was_closed=False cmd=0 in_svc=True brk_fb=0 | vm_pu=1.0200 P_in=0.2850 Q_in=0.0000
[h4] 2026-05-19 14:47:52 bus=2 line=1 pp_bus=1 | i_from=nan i_to=nan i_line=nan kA | max_i=1.0000 thr_open=1.0000 thr_close=0.9500 | was_closed=True cmd=1 in_svc=True brk_fb=1 | vm_pu=nan P_in=79.0450 Q_in=32.0059
[h4] 2026-05-19 14:47:52 bus=3 line=2 pp_bus=2 | i_from=nan i_to=nan i_line=nan kA | max_i=0.8000 thr_open=0.8000 thr_close=0.7600 | was_closed=True cmd=1 in_svc=True brk_fb=1 | vm_pu=nan P_in=93.8129 Q_in=48.3990
[h4] 2026-05-19 14:47:52 bus=4 line=3 pp_bus=3 | i_from=nan i_to=nan i_line=nan kA | max_i=1.0000 thr_open=1.0000 thr_close=0.9500 | was_closed=True cmd=1 in_svc=True brk_fb=1 | vm_pu=nan P_in=120.3650 Q_in=70.6221
[h4] 2026-05-19 14:47:52 bus=5 line=- pp_bus=4 | no_line_switch | brk_fb=1 cmd=1 | vm_pu=nan P_in=93.4398 Q_in=21.6902
DT_PATH_LAT,h4,1779176876.285843,12
numba cannot be imported and numba functions are disabled.
Probably the execution is slow.
Please install numba to gain a massive speedup.
(or if you prefer slow execution, set the flag numba=False to avoid this warning!)

 2026-05-19 14:47:56
Load flow sukses. Voltage snapshot (pu): [1.02, 1.0097188743486423, 1.0067156526163235, 1.01, 1.0078931500718027]
[h4] 2026-05-19 14:47:56 bus=1 line=0 pp_bus=0 | i_from=0.9120 i_to=0.9120 i_line=0.9120 kA | max_i=1.2000 thr_open=1.2000 thr_close=1.1400 | was_closed=True cmd=1 in_svc=True brk_fb=1 | vm_pu=1.0200 P_in=174.9968 Q_in=34.7019
[h4] 2026-05-19 14:47:56 bus=2 line=1 pp_bus=1 | i_from=0.5112 i_to=0.5112 i_line=0.5112 kA | max_i=1.0000 thr_open=1.0000 thr_close=0.9500 | was_closed=True cmd=1 in_svc=True brk_fb=1 | vm_pu=1.0097 P_in=74.4930 Q_in=24.6166
[h4] 2026-05-19 14:47:56 bus=3 line=2 pp_bus=2 | i_from=0.1545 i_to=0.1545 i_line=0.1545 kA | max_i=0.8000 thr_open=0.8000 thr_close=0.7600 | was_closed=True cmd=1 in_svc=True brk_fb=1 | vm_pu=1.0067 P_in=85.7152 Q_in=33.3349
[h4] 2026-05-19 14:47:56 bus=4 line=3 pp_bus=3 | i_from=0.5032 i_to=0.5032 i_line=0.5032 kA | max_i=1.0000 thr_open=1.0000 thr_close=0.9500 | was_closed=True cmd=1 in_svc=True brk_fb=1 | vm_pu=1.0100 P_in=80.0728 Q_in=57.3683
[h4] 2026-05-19 14:47:56 bus=5 line=- pp_bus=4 | no_line_switch | brk_fb=1 cmd=1 | vm_pu=1.0079 P_in=91.9741 Q_in=29.6388
