Connection to (10.0.2.2, 5020) failed: [Errno 111] Connection refused
Connection to GATEWAY (10.0.2.2:5020) failed (connect() returned False). Retrying in 1.0s...


[2026-05-12 22:22:09] Bus 1: V=1.013 pu, I=97.724 A, Breaker=CLOSE
[2026-05-12 22:22:09] Bus 2: V=0.977 pu, I=190.655 A, Breaker=CLOSE
[2026-05-12 22:22:09] Bus 3: V=1.023 pu, I=377.138 A, Breaker=CLOSE
[2026-05-12 22:22:09] Bus 4: V=1.039 pu, I=121.586 A, Breaker=CLOSE
[2026-05-12 22:22:09] Bus 5: V=0.992 pu, I=101.966 A, Breaker=CLOSE
DT_PATH_LAT,h2,1778599329.455238,1


[2026-05-12 22:22:13] Bus 1: V=0.971 pu, I=319.621 A, Breaker=CLOSE
[2026-05-12 22:22:13] Bus 2: V=0.952 pu, I=184.345 A, Breaker=CLOSE
[2026-05-12 22:22:13] Bus 3: V=1.014 pu, I=323.207 A, Breaker=CLOSE
[2026-05-12 22:22:13] Bus 4: V=0.972 pu, I=357.552 A, Breaker=CLOSE
[2026-05-12 22:22:13] Bus 5: V=1.030 pu, I=88.207 A, Breaker=CLOSE
DT_PATH_LAT,h2,1778599333.481149,2


[2026-05-12 22:22:17] Bus 1: V=1.030 pu, I=383.793 A, Breaker=CLOSE
[2026-05-12 22:22:17] Bus 2: V=0.984 pu, I=159.069 A, Breaker=CLOSE
[2026-05-12 22:22:17] Bus 3: V=1.045 pu, I=225.966 A, Breaker=CLOSE
[2026-05-12 22:22:17] Bus 4: V=0.959 pu, I=136.207 A, Breaker=CLOSE
[2026-05-12 22:22:17] Bus 5: V=1.034 pu, I=342.034 A, Breaker=CLOSE
DT_PATH_LAT,h2,1778599337.504750,3


[2026-05-12 22:22:21] Bus 1: V=1.030 pu, I=383.793 A, Breaker=CLOSE
[2026-05-12 22:22:21] Bus 2: V=0.984 pu, I=159.069 A, Breaker=CLOSE
[2026-05-12 22:22:21] Bus 3: V=1.045 pu, I=225.966 A, Breaker=CLOSE
[2026-05-12 22:22:21] Bus 4: V=0.959 pu, I=136.207 A, Breaker=CLOSE
[2026-05-12 22:22:21] Bus 5: V=1.034 pu, I=342.034 A, Breaker=CLOSE
DT_PATH_LAT,h2,1778599341.522011,4


[2026-05-12 22:22:25] Bus 1: V=1.030 pu, I=397.241 A, Breaker=CLOSE
[2026-05-12 22:22:25] Bus 2: V=1.003 pu, I=514.759 A, Breaker=CLOSE
[2026-05-12 22:22:25] Bus 3: V=0.987 pu, I=335.241 A, Breaker=CLOSE
[2026-05-12 22:22:25] Bus 4: V=1.032 pu, I=348.966 A, Breaker=CLOSE
[2026-05-12 22:22:25] Bus 5: V=1.036 pu, I=330.379 A, Breaker=CLOSE
DT_PATH_LAT,h2,1778599345.537988,5


[2026-05-12 22:22:29] Bus 1: V=1.020 pu, I=106.069 A, Breaker=CLOSE
[2026-05-12 22:22:29] Bus 2: V=0.972 pu, I=221.517 A, Breaker=CLOSE
[2026-05-12 22:22:29] Bus 3: V=0.957 pu, I=198.931 A, Breaker=CLOSE
[2026-05-12 22:22:29] Bus 4: V=0.960 pu, I=219.241 A, Breaker=CLOSE
[2026-05-12 22:22:29] Bus 5: V=1.013 pu, I=245.414 A, Breaker=CLOSE
DT_PATH_LAT,h2,1778599349.563535,6


[2026-05-12 22:22:33] Bus 1: V=0.987 pu, I=182.690 A, Breaker=CLOSE
[2026-05-12 22:22:33] Bus 2: V=0.976 pu, I=512.483 A, Breaker=CLOSE
[2026-05-12 22:22:33] Bus 3: V=1.014 pu, I=351.103 A, Breaker=CLOSE
[2026-05-12 22:22:33] Bus 4: V=0.967 pu, I=423.069 A, Breaker=CLOSE
[2026-05-12 22:22:33] Bus 5: V=0.966 pu, I=264.069 A, Breaker=CLOSE
DT_PATH_LAT,h2,1778599353.590410,7


[2026-05-12 22:22:37] Bus 1: V=1.048 pu, I=352.655 A, Breaker=CLOSE
[2026-05-12 22:22:37] Bus 2: V=1.005 pu, I=387.345 A, Breaker=CLOSE
[2026-05-12 22:22:37] Bus 3: V=1.034 pu, I=415.552 A, Breaker=CLOSE
[2026-05-12 22:22:37] Bus 4: V=0.972 pu, I=105.034 A, Breaker=CLOSE
[2026-05-12 22:22:37] Bus 5: V=0.981 pu, I=209.828 A, Breaker=CLOSE
DT_PATH_LAT,h2,1778599357.612404,8


[2026-05-12 22:22:41] Bus 1: V=1.048 pu, I=352.655 A, Breaker=CLOSE
[2026-05-12 22:22:41] Bus 2: V=1.005 pu, I=387.345 A, Breaker=CLOSE
[2026-05-12 22:22:41] Bus 3: V=1.034 pu, I=415.552 A, Breaker=CLOSE
[2026-05-12 22:22:41] Bus 4: V=0.972 pu, I=105.034 A, Breaker=CLOSE
[2026-05-12 22:22:41] Bus 5: V=0.981 pu, I=209.828 A, Breaker=CLOSE
DT_PATH_LAT,h2,1778599361.635268,9


[2026-05-12 22:22:45] Bus 1: V=0.971 pu, I=518.276 A, Breaker=CLOSE
[2026-05-12 22:22:45] Bus 2: V=1.037 pu, I=218.414 A, Breaker=CLOSE
[2026-05-12 22:22:45] Bus 3: V=1.015 pu, I=258.276 A, Breaker=CLOSE
[2026-05-12 22:22:45] Bus 4: V=1.041 pu, I=278.586 A, Breaker=CLOSE
[2026-05-12 22:22:45] Bus 5: V=0.976 pu, I=201.414 A, Breaker=CLOSE
DT_PATH_LAT,h2,1778599365.667671,10


[2026-05-12 22:22:49] Bus 1: V=1.006 pu, I=202.517 A, Breaker=CLOSE
[2026-05-12 22:22:49] Bus 2: V=1.008 pu, I=479.414 A, Breaker=CLOSE
[2026-05-12 22:22:49] Bus 3: V=0.989 pu, I=186.517 A, Breaker=CLOSE
[2026-05-12 22:22:49] Bus 4: V=1.049 pu, I=297.655 A, Breaker=CLOSE
[2026-05-12 22:22:49] Bus 5: V=0.959 pu, I=113.448 A, Breaker=CLOSE
DT_PATH_LAT,h2,1778599369.695847,11


[2026-05-12 22:22:53] Bus 1: V=0.960 pu, I=379.172 A, Breaker=CLOSE
[2026-05-12 22:22:53] Bus 2: V=1.029 pu, I=266.207 A, Breaker=CLOSE
[2026-05-12 22:22:53] Bus 3: V=0.956 pu, I=267.828 A, Breaker=CLOSE
[2026-05-12 22:22:53] Bus 4: V=1.049 pu, I=305.897 A, Breaker=CLOSE
[2026-05-12 22:22:53] Bus 5: V=1.047 pu, I=446.138 A, Breaker=CLOSE
DT_PATH_LAT,h2,1778599373.721409,12


[2026-05-12 22:22:57] Bus 1: V=0.951 pu, I=426.276 A, Breaker=CLOSE
[2026-05-12 22:22:57] Bus 2: V=1.018 pu, I=318.759 A, Breaker=CLOSE
[2026-05-12 22:22:57] Bus 3: V=0.976 pu, I=379.172 A, Breaker=CLOSE
[2026-05-12 22:22:57] Bus 4: V=0.961 pu, I=290.828 A, Breaker=CLOSE
[2026-05-12 22:22:57] Bus 5: V=0.995 pu, I=510.483 A, Breaker=CLOSE
DT_PATH_LAT,h2,1778599377.743886,13


[2026-05-12 22:23:01] Bus 1: V=0.951 pu, I=426.276 A, Breaker=CLOSE
[2026-05-12 22:23:01] Bus 2: V=1.018 pu, I=318.759 A, Breaker=CLOSE
[2026-05-12 22:23:01] Bus 3: V=0.976 pu, I=379.172 A, Breaker=CLOSE
[2026-05-12 22:23:01] Bus 4: V=0.961 pu, I=290.828 A, Breaker=CLOSE
[2026-05-12 22:23:01] Bus 5: V=0.995 pu, I=510.483 A, Breaker=CLOSE
DT_PATH_LAT,h2,1778599381.764334,14


[2026-05-12 22:23:05] Bus 1: V=1.037 pu, I=196.655 A, Breaker=CLOSE
[2026-05-12 22:23:05] Bus 2: V=1.000 pu, I=166.724 A, Breaker=CLOSE
[2026-05-12 22:23:05] Bus 3: V=1.041 pu, I=452.759 A, Breaker=CLOSE
[2026-05-12 22:23:05] Bus 4: V=0.979 pu, I=377.034 A, Breaker=CLOSE
[2026-05-12 22:23:05] Bus 5: V=1.010 pu, I=153.690 A, Breaker=CLOSE
DT_PATH_LAT,h2,1778599385.782706,15


[2026-05-12 22:23:09] Bus 1: V=1.026 pu, I=317.276 A, Breaker=CLOSE
[2026-05-12 22:23:09] Bus 2: V=1.027 pu, I=312.897 A, Breaker=CLOSE
[2026-05-12 22:23:09] Bus 3: V=0.950 pu, I=242.966 A, Breaker=CLOSE
[2026-05-12 22:23:09] Bus 4: V=0.951 pu, I=522.310 A, Breaker=CLOSE
[2026-05-12 22:23:09] Bus 5: V=1.037 pu, I=437.724 A, Breaker=CLOSE
DT_PATH_LAT,h2,1778599389.805913,16


[2026-05-12 22:23:13] Bus 1: V=0.980 pu, I=115.793 A, Breaker=CLOSE
[2026-05-12 22:23:13] Bus 2: V=1.037 pu, I=486.690 A, Breaker=CLOSE
[2026-05-12 22:23:13] Bus 3: V=0.958 pu, I=315.138 A, Breaker=CLOSE
[2026-05-12 22:23:13] Bus 4: V=0.956 pu, I=442.069 A, Breaker=CLOSE
[2026-05-12 22:23:13] Bus 5: V=1.026 pu, I=140.862 A, Breaker=CLOSE
DT_PATH_LAT,h2,1778599393.827291,17


[2026-05-12 22:23:17] Bus 1: V=0.997 pu, I=331.000 A, Breaker=CLOSE
[2026-05-12 22:23:17] Bus 2: V=0.976 pu, I=483.621 A, Breaker=CLOSE
[2026-05-12 22:23:17] Bus 3: V=0.992 pu, I=182.724 A, Breaker=CLOSE
[2026-05-12 22:23:17] Bus 4: V=1.003 pu, I=407.897 A, Breaker=CLOSE
[2026-05-12 22:23:17] Bus 5: V=0.970 pu, I=232.276 A, Breaker=CLOSE
DT_PATH_LAT,h2,1778599397.849586,18


[2026-05-12 22:23:21] Bus 1: V=0.997 pu, I=331.000 A, Breaker=CLOSE
[2026-05-12 22:23:21] Bus 2: V=0.976 pu, I=483.621 A, Breaker=CLOSE
[2026-05-12 22:23:21] Bus 3: V=0.992 pu, I=182.724 A, Breaker=CLOSE
[2026-05-12 22:23:21] Bus 4: V=1.003 pu, I=407.897 A, Breaker=CLOSE
[2026-05-12 22:23:21] Bus 5: V=0.970 pu, I=232.276 A, Breaker=CLOSE
DT_PATH_LAT,h2,1778599401.875141,19


[2026-05-12 22:23:25] Bus 1: V=1.049 pu, I=356.586 A, Breaker=CLOSE
[2026-05-12 22:23:25] Bus 2: V=0.993 pu, I=317.966 A, Breaker=CLOSE
[2026-05-12 22:23:25] Bus 3: V=0.962 pu, I=194.379 A, Breaker=CLOSE
[2026-05-12 22:23:25] Bus 4: V=0.983 pu, I=352.862 A, Breaker=CLOSE
[2026-05-12 22:23:25] Bus 5: V=0.973 pu, I=190.172 A, Breaker=CLOSE
DT_PATH_LAT,h2,1778599405.896528,20


[2026-05-12 22:23:29] Bus 1: V=0.957 pu, I=382.414 A, Breaker=CLOSE
[2026-05-12 22:23:29] Bus 2: V=0.972 pu, I=500.345 A, Breaker=CLOSE
[2026-05-12 22:23:29] Bus 3: V=1.035 pu, I=115.138 A, Breaker=CLOSE
[2026-05-12 22:23:29] Bus 4: V=0.973 pu, I=392.966 A, Breaker=CLOSE
[2026-05-12 22:23:29] Bus 5: V=0.971 pu, I=150.621 A, Breaker=CLOSE
DT_PATH_LAT,h2,1778599409.916091,21


[2026-05-12 22:23:33] Bus 1: V=1.043 pu, I=325.379 A, Breaker=CLOSE
[2026-05-12 22:23:33] Bus 2: V=0.997 pu, I=434.793 A, Breaker=CLOSE
[2026-05-12 22:23:33] Bus 3: V=1.030 pu, I=166.793 A, Breaker=CLOSE
[2026-05-12 22:23:33] Bus 4: V=0.959 pu, I=289.552 A, Breaker=CLOSE
[2026-05-12 22:23:33] Bus 5: V=0.992 pu, I=296.000 A, Breaker=CLOSE
DT_PATH_LAT,h2,1778599413.936475,22


[2026-05-12 22:23:37] Bus 1: V=1.022 pu, I=376.000 A, Breaker=CLOSE
[2026-05-12 22:23:37] Bus 2: V=1.048 pu, I=125.345 A, Breaker=CLOSE
[2026-05-12 22:23:37] Bus 3: V=0.990 pu, I=239.828 A, Breaker=CLOSE
[2026-05-12 22:23:37] Bus 4: V=1.036 pu, I=190.655 A, Breaker=CLOSE
[2026-05-12 22:23:37] Bus 5: V=0.969 pu, I=294.759 A, Breaker=CLOSE
DT_PATH_LAT,h2,1778599417.956695,23


[2026-05-12 22:23:41] Bus 1: V=1.022 pu, I=376.000 A, Breaker=CLOSE
[2026-05-12 22:23:41] Bus 2: V=1.048 pu, I=125.345 A, Breaker=CLOSE
[2026-05-12 22:23:41] Bus 3: V=0.990 pu, I=239.828 A, Breaker=CLOSE
[2026-05-12 22:23:41] Bus 4: V=1.036 pu, I=190.655 A, Breaker=CLOSE
[2026-05-12 22:23:41] Bus 5: V=0.969 pu, I=294.759 A, Breaker=CLOSE
DT_PATH_LAT,h2,1778599421.977777,24


[2026-05-12 22:23:45] Bus 1: V=0.992 pu, I=212.379 A, Breaker=CLOSE
[2026-05-12 22:23:45] Bus 2: V=0.974 pu, I=507.345 A, Breaker=CLOSE
[2026-05-12 22:23:45] Bus 3: V=0.994 pu, I=470.069 A, Breaker=CLOSE
[2026-05-12 22:23:45] Bus 4: V=1.005 pu, I=109.793 A, Breaker=CLOSE
[2026-05-12 22:23:45] Bus 5: V=1.049 pu, I=434.552 A, Breaker=CLOSE
DT_PATH_LAT,h2,1778599426.000259,25


[2026-05-12 22:23:50] Bus 1: V=1.046 pu, I=473.793 A, Breaker=CLOSE
[2026-05-12 22:23:50] Bus 2: V=1.034 pu, I=155.862 A, Breaker=CLOSE
[2026-05-12 22:23:50] Bus 3: V=0.998 pu, I=182.448 A, Breaker=CLOSE
[2026-05-12 22:23:50] Bus 4: V=0.990 pu, I=115.034 A, Breaker=CLOSE
[2026-05-12 22:23:50] Bus 5: V=0.987 pu, I=528.379 A, Breaker=CLOSE
DT_PATH_LAT,h2,1778599430.018938,26


[2026-05-12 22:23:54] Bus 1: V=0.976 pu, I=443.793 A, Breaker=CLOSE
[2026-05-12 22:23:54] Bus 2: V=0.995 pu, I=275.586 A, Breaker=CLOSE
[2026-05-12 22:23:54] Bus 3: V=1.045 pu, I=503.414 A, Breaker=CLOSE
[2026-05-12 22:23:54] Bus 4: V=1.005 pu, I=402.207 A, Breaker=CLOSE
[2026-05-12 22:23:54] Bus 5: V=0.965 pu, I=226.552 A, Breaker=CLOSE
DT_PATH_LAT,h2,1778599434.045822,27


[2026-05-12 22:23:58] Bus 1: V=1.046 pu, I=327.759 A, Breaker=CLOSE
[2026-05-12 22:23:58] Bus 2: V=1.004 pu, I=415.690 A, Breaker=CLOSE
[2026-05-12 22:23:58] Bus 3: V=0.955 pu, I=361.345 A, Breaker=CLOSE
[2026-05-12 22:23:58] Bus 4: V=1.000 pu, I=463.448 A, Breaker=CLOSE
[2026-05-12 22:23:58] Bus 5: V=0.965 pu, I=529.310 A, Breaker=CLOSE
DT_PATH_LAT,h2,1778599438.067435,28


[2026-05-12 22:24:02] Bus 1: V=1.046 pu, I=327.759 A, Breaker=CLOSE
[2026-05-12 22:24:02] Bus 2: V=1.004 pu, I=415.690 A, Breaker=CLOSE
[2026-05-12 22:24:02] Bus 3: V=0.955 pu, I=361.345 A, Breaker=CLOSE
[2026-05-12 22:24:02] Bus 4: V=1.000 pu, I=463.448 A, Breaker=CLOSE
[2026-05-12 22:24:02] Bus 5: V=0.965 pu, I=529.310 A, Breaker=CLOSE
DT_PATH_LAT,h2,1778599442.088881,29


[2026-05-12 22:24:06] Bus 1: V=0.958 pu, I=177.345 A, Breaker=CLOSE
[2026-05-12 22:24:06] Bus 2: V=1.009 pu, I=381.793 A, Breaker=CLOSE
[2026-05-12 22:24:06] Bus 3: V=0.973 pu, I=144.690 A, Breaker=CLOSE
[2026-05-12 22:24:06] Bus 4: V=1.039 pu, I=189.103 A, Breaker=CLOSE
[2026-05-12 22:24:06] Bus 5: V=1.009 pu, I=357.448 A, Breaker=CLOSE
DT_PATH_LAT,h2,1778599446.109359,30


[2026-05-12 22:24:10] Bus 1: V=0.991 pu, I=347.931 A, Breaker=CLOSE
[2026-05-12 22:24:10] Bus 2: V=1.002 pu, I=498.552 A, Breaker=CLOSE
[2026-05-12 22:24:10] Bus 3: V=0.970 pu, I=415.759 A, Breaker=CLOSE
[2026-05-12 22:24:10] Bus 4: V=0.973 pu, I=269.414 A, Breaker=CLOSE
[2026-05-12 22:24:10] Bus 5: V=1.017 pu, I=216.448 A, Breaker=CLOSE
DT_PATH_LAT,h2,1778599450.136981,31


[2026-05-12 22:24:14] Bus 1: V=0.981 pu, I=427.034 A, Breaker=CLOSE
[2026-05-12 22:24:14] Bus 2: V=0.957 pu, I=302.828 A, Breaker=CLOSE
[2026-05-12 22:24:14] Bus 3: V=1.049 pu, I=501.724 A, Breaker=CLOSE
[2026-05-12 22:24:14] Bus 4: V=0.957 pu, I=190.034 A, Breaker=CLOSE
[2026-05-12 22:24:14] Bus 5: V=1.015 pu, I=90.103 A, Breaker=CLOSE
DT_PATH_LAT,h2,1778599459.915558,32


[2026-05-12 22:24:23] Bus 1: V=1.031 pu, I=213.138 A, Breaker=CLOSE
[2026-05-12 22:24:23] Bus 2: V=1.016 pu, I=493.483 A, Breaker=CLOSE
[2026-05-12 22:24:23] Bus 3: V=0.963 pu, I=144.172 A, Breaker=CLOSE
[2026-05-12 22:24:23] Bus 4: V=1.034 pu, I=124.414 A, Breaker=CLOSE
[2026-05-12 22:24:23] Bus 5: V=0.992 pu, I=211.517 A, Breaker=CLOSE
DT_PATH_LAT,h2,1778599467.831077,33


[2026-05-12 22:24:31] Bus 1: V=1.021 pu, I=173.931 A, Breaker=CLOSE
[2026-05-12 22:24:31] Bus 2: V=1.013 pu, I=200.655 A, Breaker=CLOSE
[2026-05-12 22:24:31] Bus 3: V=1.024 pu, I=323.207 A, Breaker=CLOSE
[2026-05-12 22:24:31] Bus 4: V=0.992 pu, I=93.000 A, Breaker=CLOSE
[2026-05-12 22:24:31] Bus 5: V=0.957 pu, I=498.138 A, Breaker=CLOSE
DT_PATH_LAT,h2,1778599476.228676,34


[2026-05-12 22:24:40] Bus 1: V=1.040 pu, I=315.586 A, Breaker=CLOSE
[2026-05-12 22:24:40] Bus 2: V=1.033 pu, I=333.448 A, Breaker=CLOSE
[2026-05-12 22:24:40] Bus 3: V=0.964 pu, I=149.448 A, Breaker=CLOSE
[2026-05-12 22:24:40] Bus 4: V=0.980 pu, I=493.414 A, Breaker=CLOSE
[2026-05-12 22:24:40] Bus 5: V=1.029 pu, I=453.655 A, Breaker=CLOSE
DT_PATH_LAT,h2,1778599480.500984,35


[2026-05-12 22:24:44] Bus 1: V=1.039 pu, I=173.655 A, Breaker=CLOSE
[2026-05-12 22:24:44] Bus 2: V=0.974 pu, I=136.759 A, Breaker=CLOSE
[2026-05-12 22:24:44] Bus 3: V=1.028 pu, I=464.414 A, Breaker=CLOSE
[2026-05-12 22:24:44] Bus 4: V=0.990 pu, I=364.793 A, Breaker=CLOSE
[2026-05-12 22:24:44] Bus 5: V=0.965 pu, I=515.379 A, Breaker=CLOSE
DT_PATH_LAT,h2,1778599484.524465,36


[2026-05-12 22:24:48] Bus 1: V=1.036 pu, I=499.759 A, Breaker=CLOSE
[2026-05-12 22:24:48] Bus 2: V=1.031 pu, I=461.862 A, Breaker=CLOSE
[2026-05-12 22:24:48] Bus 3: V=0.952 pu, I=433.000 A, Breaker=CLOSE
[2026-05-12 22:24:48] Bus 4: V=0.983 pu, I=506.483 A, Breaker=CLOSE
[2026-05-12 22:24:48] Bus 5: V=1.030 pu, I=454.828 A, Breaker=CLOSE
DT_PATH_LAT,h2,1778599488.843510,37


[2026-05-12 22:24:52] Bus 1: V=1.031 pu, I=199.379 A, Breaker=CLOSE
[2026-05-12 22:24:52] Bus 2: V=1.028 pu, I=131.862 A, Breaker=CLOSE
[2026-05-12 22:24:52] Bus 3: V=1.037 pu, I=449.448 A, Breaker=CLOSE
[2026-05-12 22:24:52] Bus 4: V=0.972 pu, I=460.448 A, Breaker=CLOSE
[2026-05-12 22:24:52] Bus 5: V=0.996 pu, I=223.345 A, Breaker=CLOSE
DT_PATH_LAT,h2,1778599493.135443,38


[2026-05-12 22:24:57] Bus 1: V=1.031 pu, I=199.379 A, Breaker=CLOSE
[2026-05-12 22:24:57] Bus 2: V=1.028 pu, I=131.862 A, Breaker=CLOSE
[2026-05-12 22:24:57] Bus 3: V=1.037 pu, I=449.448 A, Breaker=CLOSE
[2026-05-12 22:24:57] Bus 4: V=0.972 pu, I=460.448 A, Breaker=CLOSE
[2026-05-12 22:24:57] Bus 5: V=0.996 pu, I=223.345 A, Breaker=CLOSE
DT_PATH_LAT,h2,1778599497.401046,39


[2026-05-12 22:25:01] Bus 1: V=1.029 pu, I=182.897 A, Breaker=CLOSE
[2026-05-12 22:25:01] Bus 2: V=0.952 pu, I=181.759 A, Breaker=CLOSE
[2026-05-12 22:25:01] Bus 3: V=0.982 pu, I=476.897 A, Breaker=CLOSE
[2026-05-12 22:25:01] Bus 4: V=1.046 pu, I=201.586 A, Breaker=CLOSE
[2026-05-12 22:25:01] Bus 5: V=1.014 pu, I=260.379 A, Breaker=CLOSE
DT_PATH_LAT,h2,1778599501.425381,40


[2026-05-12 22:25:05] Bus 1: V=1.048 pu, I=309.310 A, Breaker=CLOSE
[2026-05-12 22:25:05] Bus 2: V=1.043 pu, I=133.000 A, Breaker=CLOSE
[2026-05-12 22:25:05] Bus 3: V=1.047 pu, I=159.207 A, Breaker=CLOSE
[2026-05-12 22:25:05] Bus 4: V=1.046 pu, I=195.897 A, Breaker=CLOSE
[2026-05-12 22:25:05] Bus 5: V=0.960 pu, I=290.828 A, Breaker=CLOSE
DT_PATH_LAT,h2,1778599505.449237,41


[2026-05-12 22:25:09] Bus 1: V=1.022 pu, I=221.138 A, Breaker=CLOSE
[2026-05-12 22:25:09] Bus 2: V=1.010 pu, I=310.000 A, Breaker=CLOSE
[2026-05-12 22:25:09] Bus 3: V=0.988 pu, I=345.966 A, Breaker=CLOSE
[2026-05-12 22:25:09] Bus 4: V=0.975 pu, I=410.276 A, Breaker=CLOSE
[2026-05-12 22:25:09] Bus 5: V=0.950 pu, I=521.655 A, Breaker=CLOSE
DT_PATH_LAT,h2,1778599509.475556,42


[2026-05-12 22:25:13] Bus 1: V=1.003 pu, I=403.345 A, Breaker=CLOSE
[2026-05-12 22:25:13] Bus 2: V=1.024 pu, I=374.345 A, Breaker=CLOSE
[2026-05-12 22:25:13] Bus 3: V=0.986 pu, I=120.517 A, Breaker=CLOSE
[2026-05-12 22:25:13] Bus 4: V=1.016 pu, I=229.690 A, Breaker=CLOSE
[2026-05-12 22:25:13] Bus 5: V=0.981 pu, I=470.276 A, Breaker=CLOSE
DT_PATH_LAT,h2,1778599513.499871,43


[2026-05-12 22:25:17] Bus 1: V=1.003 pu, I=403.345 A, Breaker=CLOSE
[2026-05-12 22:25:17] Bus 2: V=1.024 pu, I=374.345 A, Breaker=CLOSE
[2026-05-12 22:25:17] Bus 3: V=0.986 pu, I=120.517 A, Breaker=CLOSE
[2026-05-12 22:25:17] Bus 4: V=1.016 pu, I=229.690 A, Breaker=CLOSE
[2026-05-12 22:25:17] Bus 5: V=0.981 pu, I=470.276 A, Breaker=CLOSE
DT_PATH_LAT,h2,1778599517.524169,44


[2026-05-12 22:25:21] Bus 1: V=1.021 pu, I=215.586 A, Breaker=CLOSE
[2026-05-12 22:25:21] Bus 2: V=0.980 pu, I=273.138 A, Breaker=CLOSE
[2026-05-12 22:25:21] Bus 3: V=0.990 pu, I=220.414 A, Breaker=CLOSE
[2026-05-12 22:25:21] Bus 4: V=0.962 pu, I=283.793 A, Breaker=CLOSE
[2026-05-12 22:25:21] Bus 5: V=1.044 pu, I=370.034 A, Breaker=CLOSE
DT_PATH_LAT,h2,1778599521.545328,45


[2026-05-12 22:25:25] Bus 1: V=1.040 pu, I=345.207 A, Breaker=CLOSE
[2026-05-12 22:25:25] Bus 2: V=0.980 pu, I=336.069 A, Breaker=CLOSE
[2026-05-12 22:25:25] Bus 3: V=0.950 pu, I=225.690 A, Breaker=CLOSE
[2026-05-12 22:25:25] Bus 4: V=0.992 pu, I=345.897 A, Breaker=CLOSE
[2026-05-12 22:25:25] Bus 5: V=1.015 pu, I=288.379 A, Breaker=CLOSE
DT_PATH_LAT,h2,1778599525.568386,46


[2026-05-12 22:25:29] Bus 1: V=0.994 pu, I=183.241 A, Breaker=CLOSE
[2026-05-12 22:25:29] Bus 2: V=0.997 pu, I=486.241 A, Breaker=CLOSE
[2026-05-12 22:25:29] Bus 3: V=1.029 pu, I=158.103 A, Breaker=CLOSE
[2026-05-12 22:25:29] Bus 4: V=0.958 pu, I=328.724 A, Breaker=CLOSE
[2026-05-12 22:25:29] Bus 5: V=1.013 pu, I=232.586 A, Breaker=CLOSE
DT_PATH_LAT,h2,1778599529.588980,47


[2026-05-12 22:25:33] Bus 1: V=1.031 pu, I=405.931 A, Breaker=CLOSE
[2026-05-12 22:25:33] Bus 2: V=1.017 pu, I=183.828 A, Breaker=CLOSE
[2026-05-12 22:25:33] Bus 3: V=0.969 pu, I=101.897 A, Breaker=CLOSE
[2026-05-12 22:25:33] Bus 4: V=0.974 pu, I=305.103 A, Breaker=CLOSE
[2026-05-12 22:25:33] Bus 5: V=1.034 pu, I=116.069 A, Breaker=CLOSE
DT_PATH_LAT,h2,1778599533.635233,48


[2026-05-12 22:25:37] Bus 1: V=0.991 pu, I=368.552 A, Breaker=CLOSE
[2026-05-12 22:25:37] Bus 2: V=0.969 pu, I=407.172 A, Breaker=CLOSE
[2026-05-12 22:25:37] Bus 3: V=0.999 pu, I=195.621 A, Breaker=CLOSE
[2026-05-12 22:25:37] Bus 4: V=1.015 pu, I=89.103 A, Breaker=CLOSE
[2026-05-12 22:25:37] Bus 5: V=1.025 pu, I=416.724 A, Breaker=CLOSE
DT_PATH_LAT,h2,1778599537.655591,49


[2026-05-12 22:25:41] Bus 1: V=0.991 pu, I=368.552 A, Breaker=CLOSE
[2026-05-12 22:25:41] Bus 2: V=0.969 pu, I=407.172 A, Breaker=CLOSE
[2026-05-12 22:25:41] Bus 3: V=0.999 pu, I=195.621 A, Breaker=CLOSE
[2026-05-12 22:25:41] Bus 4: V=1.015 pu, I=89.103 A, Breaker=CLOSE
[2026-05-12 22:25:41] Bus 5: V=1.025 pu, I=416.724 A, Breaker=CLOSE
DT_PATH_LAT,h2,1778599541.686337,50


[2026-05-12 22:25:45] Bus 1: V=0.960 pu, I=286.552 A, Breaker=CLOSE
[2026-05-12 22:25:45] Bus 2: V=0.967 pu, I=527.034 A, Breaker=CLOSE
[2026-05-12 22:25:45] Bus 3: V=1.001 pu, I=109.966 A, Breaker=CLOSE
[2026-05-12 22:25:45] Bus 4: V=0.974 pu, I=473.552 A, Breaker=CLOSE
[2026-05-12 22:25:45] Bus 5: V=0.995 pu, I=442.931 A, Breaker=CLOSE
DT_PATH_LAT,h2,1778599545.708561,51


[2026-05-12 22:25:49] Bus 1: V=1.016 pu, I=514.483 A, Breaker=CLOSE
[2026-05-12 22:25:49] Bus 2: V=1.009 pu, I=501.655 A, Breaker=CLOSE
[2026-05-12 22:25:49] Bus 3: V=1.039 pu, I=344.379 A, Breaker=CLOSE
[2026-05-12 22:25:49] Bus 4: V=1.021 pu, I=303.690 A, Breaker=CLOSE
[2026-05-12 22:25:49] Bus 5: V=1.033 pu, I=318.793 A, Breaker=CLOSE
DT_PATH_LAT,h2,1778599549.806828,52


[2026-05-12 22:25:53] Bus 1: V=1.039 pu, I=399.690 A, Breaker=CLOSE
[2026-05-12 22:25:53] Bus 2: V=0.997 pu, I=202.724 A, Breaker=CLOSE
[2026-05-12 22:25:53] Bus 3: V=0.974 pu, I=378.448 A, Breaker=CLOSE
[2026-05-12 22:25:53] Bus 4: V=1.026 pu, I=309.414 A, Breaker=CLOSE
[2026-05-12 22:25:53] Bus 5: V=1.012 pu, I=206.379 A, Breaker=CLOSE
DT_PATH_LAT,h2,1778599553.830618,53


[2026-05-12 22:25:57] Bus 1: V=0.957 pu, I=223.345 A, Breaker=CLOSE
[2026-05-12 22:25:57] Bus 2: V=0.977 pu, I=234.207 A, Breaker=CLOSE
[2026-05-12 22:25:57] Bus 3: V=1.004 pu, I=148.414 A, Breaker=CLOSE
[2026-05-12 22:25:57] Bus 4: V=0.973 pu, I=404.552 A, Breaker=CLOSE
[2026-05-12 22:25:57] Bus 5: V=1.020 pu, I=114.000 A, Breaker=CLOSE
DT_PATH_LAT,h2,1778599557.852242,54


[2026-05-12 22:26:01] Bus 1: V=0.957 pu, I=223.345 A, Breaker=CLOSE
[2026-05-12 22:26:01] Bus 2: V=0.977 pu, I=234.207 A, Breaker=CLOSE
[2026-05-12 22:26:01] Bus 3: V=1.004 pu, I=148.414 A, Breaker=CLOSE
[2026-05-12 22:26:01] Bus 4: V=0.973 pu, I=404.552 A, Breaker=CLOSE
[2026-05-12 22:26:01] Bus 5: V=1.020 pu, I=114.000 A, Breaker=CLOSE
DT_PATH_LAT,h2,1778599561.976235,55


[2026-05-12 22:26:05] Bus 1: V=0.990 pu, I=330.069 A, Breaker=CLOSE
[2026-05-12 22:26:05] Bus 2: V=0.991 pu, I=180.655 A, Breaker=CLOSE
[2026-05-12 22:26:05] Bus 3: V=0.992 pu, I=490.448 A, Breaker=CLOSE
[2026-05-12 22:26:05] Bus 4: V=1.008 pu, I=391.069 A, Breaker=CLOSE
[2026-05-12 22:26:05] Bus 5: V=1.035 pu, I=410.586 A, Breaker=CLOSE
DT_PATH_LAT,h2,1778599566.226748,56


[2026-05-12 22:26:10] Bus 1: V=0.988 pu, I=91.759 A, Breaker=CLOSE
[2026-05-12 22:26:10] Bus 2: V=0.985 pu, I=426.207 A, Breaker=CLOSE
[2026-05-12 22:26:10] Bus 3: V=1.035 pu, I=490.586 A, Breaker=CLOSE
[2026-05-12 22:26:10] Bus 4: V=0.991 pu, I=420.655 A, Breaker=CLOSE
[2026-05-12 22:26:10] Bus 5: V=1.004 pu, I=352.103 A, Breaker=CLOSE
DT_PATH_LAT,h2,1778599570.574701,57


[2026-05-12 22:26:14] Bus 1: V=0.972 pu, I=190.000 A, Breaker=CLOSE
[2026-05-12 22:26:14] Bus 2: V=0.993 pu, I=101.483 A, Breaker=CLOSE
[2026-05-12 22:26:14] Bus 3: V=0.983 pu, I=393.586 A, Breaker=CLOSE
[2026-05-12 22:26:14] Bus 4: V=0.990 pu, I=162.310 A, Breaker=CLOSE
[2026-05-12 22:26:14] Bus 5: V=0.996 pu, I=144.724 A, Breaker=CLOSE
DT_PATH_LAT,h2,1778599575.006687,58


[2026-05-12 22:26:19] Bus 1: V=1.012 pu, I=98.724 A, Breaker=CLOSE
[2026-05-12 22:26:19] Bus 2: V=0.989 pu, I=340.207 A, Breaker=CLOSE
[2026-05-12 22:26:19] Bus 3: V=0.952 pu, I=389.552 A, Breaker=CLOSE
[2026-05-12 22:26:19] Bus 4: V=0.963 pu, I=302.414 A, Breaker=CLOSE
[2026-05-12 22:26:19] Bus 5: V=0.955 pu, I=267.034 A, Breaker=CLOSE
DT_PATH_LAT,h2,1778599579.553241,59


[2026-05-12 22:26:23] Bus 1: V=0.971 pu, I=238.897 A, Breaker=CLOSE
[2026-05-12 22:26:23] Bus 2: V=1.026 pu, I=248.517 A, Breaker=CLOSE
[2026-05-12 22:26:23] Bus 3: V=1.025 pu, I=443.276 A, Breaker=CLOSE
[2026-05-12 22:26:23] Bus 4: V=0.975 pu, I=127.276 A, Breaker=CLOSE
[2026-05-12 22:26:23] Bus 5: V=0.951 pu, I=342.069 A, Breaker=CLOSE
DT_PATH_LAT,h2,1778599584.173233,60


[2026-05-12 22:26:28] Bus 1: V=1.049 pu, I=230.655 A, Breaker=CLOSE
[2026-05-12 22:26:28] Bus 2: V=1.015 pu, I=425.724 A, Breaker=CLOSE
[2026-05-12 22:26:28] Bus 3: V=1.015 pu, I=413.931 A, Breaker=CLOSE
[2026-05-12 22:26:28] Bus 4: V=1.044 pu, I=168.276 A, Breaker=CLOSE
[2026-05-12 22:26:28] Bus 5: V=0.952 pu, I=163.000 A, Breaker=CLOSE
DT_PATH_LAT,h2,1778599588.508856,61


[2026-05-12 22:26:32] Bus 1: V=1.049 pu, I=230.655 A, Breaker=CLOSE
[2026-05-12 22:26:32] Bus 2: V=1.015 pu, I=425.724 A, Breaker=CLOSE
[2026-05-12 22:26:32] Bus 3: V=1.019 pu, I=417.483 A, Breaker=CLOSE
[2026-05-12 22:26:32] Bus 4: V=0.966 pu, I=367.690 A, Breaker=CLOSE
[2026-05-12 22:26:32] Bus 5: V=1.024 pu, I=135.138 A, Breaker=CLOSE
DT_PATH_LAT,h2,1778599593.089549,62


[2026-05-12 22:26:37] Bus 1: V=0.962 pu, I=397.759 A, Breaker=CLOSE
[2026-05-12 22:26:37] Bus 2: V=1.006 pu, I=182.897 A, Breaker=CLOSE
[2026-05-12 22:26:37] Bus 3: V=1.019 pu, I=417.483 A, Breaker=CLOSE
[2026-05-12 22:26:37] Bus 4: V=0.966 pu, I=367.690 A, Breaker=CLOSE
[2026-05-12 22:26:37] Bus 5: V=1.024 pu, I=135.138 A, Breaker=CLOSE
DT_PATH_LAT,h2,1778599597.848510,63


[2026-05-12 22:26:41] Bus 1: V=1.031 pu, I=497.034 A, Breaker=CLOSE
[2026-05-12 22:26:41] Bus 2: V=0.960 pu, I=103.414 A, Breaker=CLOSE
[2026-05-12 22:26:41] Bus 3: V=0.981 pu, I=393.759 A, Breaker=CLOSE
[2026-05-12 22:26:41] Bus 4: V=1.045 pu, I=251.241 A, Breaker=CLOSE
[2026-05-12 22:26:41] Bus 5: V=1.021 pu, I=118.966 A, Breaker=CLOSE
DT_PATH_LAT,h2,1778599602.604033,64


[2026-05-12 22:26:46] Bus 1: V=1.019 pu, I=357.483 A, Breaker=CLOSE
[2026-05-12 22:26:46] Bus 2: V=0.960 pu, I=446.000 A, Breaker=CLOSE
[2026-05-12 22:26:46] Bus 3: V=1.035 pu, I=340.552 A, Breaker=CLOSE
[2026-05-12 22:26:46] Bus 4: V=0.962 pu, I=541.862 A, Breaker=CLOSE
[2026-05-12 22:26:46] Bus 5: V=1.028 pu, I=234.345 A, Breaker=CLOSE
DT_PATH_LAT,h2,1778599607.478323,65


[2026-05-12 22:26:51] Bus 1: V=0.992 pu, I=253.069 A, Breaker=CLOSE
[2026-05-12 22:26:51] Bus 2: V=1.000 pu, I=238.207 A, Breaker=CLOSE
[2026-05-12 22:26:51] Bus 3: V=1.034 pu, I=435.000 A, Breaker=CLOSE
[2026-05-12 22:26:51] Bus 4: V=0.960 pu, I=532.172 A, Breaker=CLOSE
[2026-05-12 22:26:51] Bus 5: V=1.013 pu, I=446.966 A, Breaker=CLOSE
DT_PATH_LAT,h2,1778599612.315560,66


[2026-05-12 22:26:56] Bus 1: V=1.020 pu, I=274.172 A, Breaker=CLOSE
[2026-05-12 22:26:56] Bus 2: V=1.023 pu, I=501.517 A, Breaker=CLOSE
[2026-05-12 22:26:56] Bus 3: V=0.977 pu, I=454.448 A, Breaker=CLOSE
[2026-05-12 22:26:56] Bus 4: V=1.003 pu, I=299.828 A, Breaker=CLOSE
[2026-05-12 22:26:56] Bus 5: V=0.993 pu, I=412.655 A, Breaker=CLOSE
DT_PATH_LAT,h2,1778599617.128470,67


[2026-05-12 22:27:01] Bus 1: V=0.976 pu, I=474.138 A, Breaker=CLOSE
[2026-05-12 22:27:01] Bus 2: V=1.033 pu, I=122.172 A, Breaker=CLOSE
[2026-05-12 22:27:01] Bus 3: V=1.038 pu, I=188.276 A, Breaker=CLOSE
[2026-05-12 22:27:01] Bus 4: V=0.996 pu, I=358.103 A, Breaker=CLOSE
[2026-05-12 22:27:01] Bus 5: V=0.987 pu, I=101.931 A, Breaker=CLOSE
DT_PATH_LAT,h2,1778599622.089536,68


[2026-05-12 22:27:06] Bus 1: V=1.035 pu, I=162.448 A, Breaker=CLOSE
[2026-05-12 22:27:06] Bus 2: V=0.971 pu, I=452.448 A, Breaker=CLOSE
[2026-05-12 22:27:06] Bus 3: V=0.984 pu, I=483.448 A, Breaker=CLOSE
[2026-05-12 22:27:06] Bus 4: V=1.020 pu, I=205.586 A, Breaker=CLOSE
[2026-05-12 22:27:06] Bus 5: V=0.951 pu, I=531.621 A, Breaker=CLOSE
DT_PATH_LAT,h2,1778599627.163549,69


[2026-05-12 22:27:11] Bus 1: V=0.958 pu, I=422.690 A, Breaker=CLOSE
[2026-05-12 22:27:11] Bus 2: V=0.998 pu, I=422.414 A, Breaker=CLOSE
[2026-05-12 22:27:11] Bus 3: V=1.019 pu, I=365.552 A, Breaker=CLOSE
[2026-05-12 22:27:11] Bus 4: V=0.999 pu, I=437.655 A, Breaker=CLOSE
[2026-05-12 22:27:11] Bus 5: V=0.959 pu, I=193.517 A, Breaker=CLOSE
DT_PATH_LAT,h2,1778599632.120219,70


[2026-05-12 22:27:16] Bus 1: V=1.019 pu, I=218.724 A, Breaker=CLOSE
[2026-05-12 22:27:16] Bus 2: V=1.008 pu, I=294.069 A, Breaker=CLOSE
[2026-05-12 22:27:16] Bus 3: V=1.003 pu, I=274.586 A, Breaker=CLOSE
[2026-05-12 22:27:16] Bus 4: V=1.024 pu, I=228.138 A, Breaker=CLOSE
[2026-05-12 22:27:16] Bus 5: V=1.020 pu, I=203.241 A, Breaker=CLOSE
DT_PATH_LAT,h2,1778599637.166433,71


[2026-05-12 22:27:21] Bus 1: V=0.975 pu, I=144.793 A, Breaker=CLOSE
[2026-05-12 22:27:21] Bus 2: V=0.969 pu, I=145.172 A, Breaker=CLOSE
[2026-05-12 22:27:21] Bus 3: V=1.003 pu, I=422.207 A, Breaker=CLOSE
[2026-05-12 22:27:21] Bus 4: V=0.968 pu, I=189.310 A, Breaker=CLOSE
[2026-05-12 22:27:21] Bus 5: V=0.998 pu, I=407.793 A, Breaker=CLOSE
DT_PATH_LAT,h2,1778599642.000011,72


[2026-05-12 22:27:26] Bus 1: V=1.047 pu, I=304.586 A, Breaker=CLOSE
[2026-05-12 22:27:26] Bus 2: V=0.978 pu, I=135.276 A, Breaker=CLOSE
[2026-05-12 22:27:26] Bus 3: V=0.969 pu, I=194.172 A, Breaker=CLOSE
[2026-05-12 22:27:26] Bus 4: V=0.967 pu, I=97.414 A, Breaker=CLOSE
[2026-05-12 22:27:26] Bus 5: V=1.003 pu, I=208.138 A, Breaker=CLOSE
DT_PATH_LAT,h2,1778599646.848182,73


[2026-05-12 22:27:30] Bus 1: V=1.047 pu, I=316.724 A, Breaker=CLOSE
[2026-05-12 22:27:30] Bus 2: V=1.019 pu, I=140.897 A, Breaker=CLOSE
[2026-05-12 22:27:30] Bus 3: V=1.036 pu, I=293.414 A, Breaker=CLOSE
[2026-05-12 22:27:30] Bus 4: V=1.037 pu, I=328.621 A, Breaker=CLOSE
[2026-05-12 22:27:30] Bus 5: V=0.996 pu, I=282.897 A, Breaker=CLOSE
DT_PATH_LAT,h2,1778599651.664571,74


[2026-05-12 22:27:35] Bus 1: V=0.968 pu, I=114.310 A, Breaker=CLOSE
[2026-05-12 22:27:35] Bus 2: V=1.044 pu, I=285.828 A, Breaker=CLOSE
[2026-05-12 22:27:35] Bus 3: V=1.032 pu, I=256.276 A, Breaker=CLOSE
[2026-05-12 22:27:35] Bus 4: V=0.957 pu, I=381.517 A, Breaker=CLOSE
[2026-05-12 22:27:35] Bus 5: V=0.955 pu, I=160.966 A, Breaker=CLOSE
DT_PATH_LAT,h2,1778599656.489702,75


[2026-05-12 22:27:40] Bus 1: V=1.006 pu, I=220.483 A, Breaker=CLOSE
[2026-05-12 22:27:40] Bus 2: V=1.049 pu, I=133.621 A, Breaker=CLOSE
[2026-05-12 22:27:40] Bus 3: V=1.026 pu, I=345.931 A, Breaker=CLOSE
[2026-05-12 22:27:40] Bus 4: V=1.029 pu, I=182.138 A, Breaker=CLOSE
[2026-05-12 22:27:40] Bus 5: V=1.002 pu, I=285.828 A, Breaker=CLOSE
DT_PATH_LAT,h2,1778599661.283383,76


[2026-05-12 22:27:45] Bus 1: V=0.994 pu, I=469.552 A, Breaker=CLOSE
[2026-05-12 22:27:45] Bus 2: V=1.049 pu, I=212.138 A, Breaker=CLOSE
[2026-05-12 22:27:45] Bus 3: V=1.012 pu, I=352.276 A, Breaker=CLOSE
[2026-05-12 22:27:45] Bus 4: V=1.024 pu, I=493.517 A, Breaker=CLOSE
[2026-05-12 22:27:45] Bus 5: V=0.970 pu, I=186.448 A, Breaker=CLOSE
DT_PATH_LAT,h2,1778599666.111730,77


[2026-05-12 22:27:50] Bus 1: V=1.016 pu, I=154.759 A, Breaker=CLOSE
[2026-05-12 22:27:50] Bus 2: V=0.967 pu, I=125.207 A, Breaker=CLOSE
[2026-05-12 22:27:50] Bus 3: V=0.950 pu, I=301.448 A, Breaker=CLOSE
[2026-05-12 22:27:50] Bus 4: V=1.009 pu, I=214.310 A, Breaker=CLOSE
[2026-05-12 22:27:50] Bus 5: V=0.973 pu, I=410.414 A, Breaker=CLOSE
DT_PATH_LAT,h2,1778599670.834495,78


[2026-05-12 22:27:54] Bus 1: V=1.020 pu, I=282.276 A, Breaker=CLOSE
[2026-05-12 22:27:54] Bus 2: V=1.018 pu, I=485.828 A, Breaker=CLOSE
[2026-05-12 22:27:54] Bus 3: V=1.028 pu, I=353.172 A, Breaker=CLOSE
[2026-05-12 22:27:54] Bus 4: V=1.016 pu, I=491.310 A, Breaker=CLOSE
[2026-05-12 22:27:54] Bus 5: V=0.992 pu, I=330.345 A, Breaker=CLOSE
DT_PATH_LAT,h2,1778599675.500062,79


[2026-05-12 22:27:59] Bus 1: V=1.014 pu, I=481.000 A, Breaker=CLOSE
[2026-05-12 22:27:59] Bus 2: V=1.032 pu, I=115.724 A, Breaker=CLOSE
[2026-05-12 22:27:59] Bus 3: V=0.966 pu, I=231.241 A, Breaker=CLOSE
[2026-05-12 22:27:59] Bus 4: V=1.024 pu, I=330.517 A, Breaker=CLOSE
[2026-05-12 22:27:59] Bus 5: V=0.978 pu, I=145.897 A, Breaker=CLOSE
DT_PATH_LAT,h2,1778599680.166795,80


[2026-05-12 22:28:04] Bus 1: V=1.018 pu, I=388.862 A, Breaker=CLOSE
[2026-05-12 22:28:04] Bus 2: V=1.044 pu, I=295.379 A, Breaker=CLOSE
[2026-05-12 22:28:04] Bus 3: V=0.999 pu, I=123.552 A, Breaker=CLOSE
[2026-05-12 22:28:04] Bus 4: V=0.953 pu, I=291.759 A, Breaker=CLOSE
[2026-05-12 22:28:04] Bus 5: V=0.954 pu, I=441.414 A, Breaker=CLOSE
DT_PATH_LAT,h2,1778599690.496194,81


[2026-05-12 22:28:14] Bus 1: V=0.997 pu, I=376.103 A, Breaker=CLOSE
[2026-05-12 22:28:14] Bus 2: V=1.041 pu, I=161.276 A, Breaker=CLOSE
[2026-05-12 22:28:14] Bus 3: V=1.008 pu, I=364.517 A, Breaker=CLOSE
[2026-05-12 22:28:14] Bus 4: V=1.031 pu, I=320.276 A, Breaker=CLOSE
[2026-05-12 22:28:14] Bus 5: V=0.995 pu, I=227.586 A, Breaker=CLOSE
DT_PATH_LAT,h2,1778599702.215866,82


[2026-05-12 22:28:26] Bus 1: V=0.982 pu, I=524.586 A, Breaker=CLOSE
[2026-05-12 22:28:26] Bus 2: V=0.990 pu, I=317.724 A, Breaker=CLOSE
[2026-05-12 22:28:26] Bus 3: V=1.004 pu, I=494.172 A, Breaker=CLOSE
[2026-05-12 22:28:26] Bus 4: V=0.993 pu, I=398.034 A, Breaker=CLOSE
[2026-05-12 22:28:26] Bus 5: V=0.962 pu, I=536.966 A, Breaker=CLOSE
DT_PATH_LAT,h2,1778599713.570963,83


[2026-05-12 22:28:37] Bus 1: V=1.010 pu, I=191.345 A, Breaker=CLOSE
[2026-05-12 22:28:37] Bus 2: V=1.021 pu, I=305.552 A, Breaker=CLOSE
[2026-05-12 22:28:37] Bus 3: V=0.977 pu, I=466.241 A, Breaker=CLOSE
[2026-05-12 22:28:37] Bus 4: V=1.048 pu, I=186.448 A, Breaker=CLOSE
[2026-05-12 22:28:37] Bus 5: V=1.005 pu, I=255.690 A, Breaker=CLOSE
DT_PATH_LAT,h2,1778599725.044267,84


[2026-05-12 22:28:49] Bus 1: V=0.978 pu, I=224.414 A, Breaker=CLOSE
[2026-05-12 22:28:49] Bus 2: V=1.008 pu, I=523.414 A, Breaker=CLOSE
[2026-05-12 22:28:49] Bus 3: V=0.998 pu, I=153.655 A, Breaker=CLOSE
[2026-05-12 22:28:49] Bus 4: V=1.027 pu, I=104.414 A, Breaker=CLOSE
[2026-05-12 22:28:49] Bus 5: V=1.024 pu, I=389.103 A, Breaker=CLOSE
DT_PATH_LAT,h2,1778599734.359246,85


[2026-05-12 22:28:58] Bus 1: V=1.031 pu, I=250.276 A, Breaker=CLOSE
[2026-05-12 22:28:58] Bus 2: V=1.016 pu, I=442.276 A, Breaker=CLOSE
[2026-05-12 22:28:58] Bus 3: V=1.048 pu, I=292.138 A, Breaker=CLOSE
[2026-05-12 22:28:58] Bus 4: V=0.953 pu, I=324.276 A, Breaker=CLOSE
[2026-05-12 22:28:58] Bus 5: V=1.009 pu, I=466.862 A, Breaker=CLOSE
DT_PATH_LAT,h2,1778599739.309542,86


[2026-05-12 22:29:03] Bus 1: V=1.037 pu, I=271.793 A, Breaker=CLOSE
[2026-05-12 22:29:03] Bus 2: V=1.002 pu, I=288.552 A, Breaker=CLOSE
[2026-05-12 22:29:03] Bus 3: V=1.022 pu, I=262.759 A, Breaker=CLOSE
[2026-05-12 22:29:03] Bus 4: V=1.015 pu, I=153.655 A, Breaker=CLOSE
[2026-05-12 22:29:03] Bus 5: V=0.996 pu, I=516.448 A, Breaker=CLOSE
DT_PATH_LAT,h2,1778599744.237158,87


[2026-05-12 22:29:08] Bus 1: V=0.983 pu, I=399.586 A, Breaker=CLOSE
[2026-05-12 22:29:08] Bus 2: V=1.014 pu, I=456.345 A, Breaker=CLOSE
[2026-05-12 22:29:08] Bus 3: V=1.035 pu, I=450.621 A, Breaker=CLOSE
[2026-05-12 22:29:08] Bus 4: V=0.988 pu, I=230.276 A, Breaker=CLOSE
[2026-05-12 22:29:08] Bus 5: V=1.021 pu, I=413.448 A, Breaker=CLOSE
DT_PATH_LAT,h2,1778599749.087837,88


[2026-05-12 22:29:13] Bus 1: V=1.037 pu, I=100.138 A, Breaker=CLOSE
[2026-05-12 22:29:13] Bus 2: V=0.956 pu, I=382.517 A, Breaker=CLOSE
[2026-05-12 22:29:13] Bus 3: V=1.042 pu, I=506.000 A, Breaker=CLOSE
[2026-05-12 22:29:13] Bus 4: V=1.024 pu, I=272.448 A, Breaker=CLOSE
[2026-05-12 22:29:13] Bus 5: V=0.959 pu, I=382.517 A, Breaker=CLOSE
DT_PATH_LAT,h2,1778599753.797958,89


[2026-05-12 22:29:17] Bus 1: V=1.037 pu, I=100.138 A, Breaker=CLOSE
[2026-05-12 22:29:17] Bus 2: V=1.019 pu, I=476.655 A, Breaker=CLOSE
[2026-05-12 22:29:17] Bus 3: V=0.954 pu, I=459.552 A, Breaker=CLOSE
[2026-05-12 22:29:17] Bus 4: V=0.979 pu, I=258.483 A, Breaker=CLOSE
[2026-05-12 22:29:17] Bus 5: V=0.964 pu, I=333.828 A, Breaker=CLOSE
DT_PATH_LAT,h2,1778599758.623375,90


[2026-05-12 22:29:22] Bus 1: V=1.037 pu, I=273.276 A, Breaker=CLOSE
[2026-05-12 22:29:22] Bus 2: V=1.019 pu, I=476.655 A, Breaker=CLOSE
[2026-05-12 22:29:22] Bus 3: V=1.037 pu, I=348.069 A, Breaker=CLOSE
[2026-05-12 22:29:22] Bus 4: V=0.974 pu, I=503.103 A, Breaker=CLOSE
[2026-05-12 22:29:22] Bus 5: V=0.964 pu, I=301.931 A, Breaker=CLOSE
DT_PATH_LAT,h2,1778599763.461922,91


[2026-05-12 22:29:27] Bus 1: V=1.006 pu, I=434.207 A, Breaker=CLOSE
[2026-05-12 22:29:27] Bus 2: V=0.966 pu, I=127.034 A, Breaker=CLOSE
[2026-05-12 22:29:27] Bus 3: V=1.037 pu, I=348.069 A, Breaker=CLOSE
[2026-05-12 22:29:27] Bus 4: V=0.974 pu, I=503.103 A, Breaker=CLOSE
[2026-05-12 22:29:27] Bus 5: V=0.964 pu, I=301.931 A, Breaker=CLOSE
DT_PATH_LAT,h2,1778599768.029827,92


[2026-05-12 22:29:32] Bus 1: V=0.975 pu, I=205.552 A, Breaker=CLOSE
[2026-05-12 22:29:32] Bus 2: V=0.950 pu, I=465.241 A, Breaker=CLOSE
[2026-05-12 22:29:32] Bus 3: V=1.040 pu, I=371.552 A, Breaker=CLOSE
[2026-05-12 22:29:32] Bus 4: V=0.965 pu, I=292.586 A, Breaker=CLOSE
[2026-05-12 22:29:32] Bus 5: V=0.984 pu, I=352.276 A, Breaker=CLOSE
DT_PATH_LAT,h2,1778599772.580954,93


[2026-05-12 22:29:36] Bus 1: V=1.013 pu, I=271.138 A, Breaker=CLOSE
[2026-05-12 22:29:36] Bus 2: V=0.975 pu, I=472.138 A, Breaker=CLOSE
[2026-05-12 22:29:36] Bus 3: V=0.969 pu, I=265.448 A, Breaker=CLOSE
[2026-05-12 22:29:36] Bus 4: V=0.998 pu, I=192.862 A, Breaker=CLOSE
[2026-05-12 22:29:36] Bus 5: V=1.007 pu, I=338.759 A, Breaker=CLOSE
DT_PATH_LAT,h2,1778599777.182827,94


[2026-05-12 22:29:41] Bus 1: V=1.049 pu, I=207.828 A, Breaker=CLOSE
[2026-05-12 22:29:41] Bus 2: V=1.047 pu, I=360.690 A, Breaker=CLOSE
[2026-05-12 22:29:41] Bus 3: V=0.977 pu, I=345.069 A, Breaker=CLOSE
[2026-05-12 22:29:41] Bus 4: V=1.018 pu, I=408.414 A, Breaker=CLOSE
[2026-05-12 22:29:41] Bus 5: V=0.954 pu, I=371.897 A, Breaker=CLOSE
DT_PATH_LAT,h2,1778599781.560422,95


[2026-05-12 22:29:45] Bus 1: V=0.999 pu, I=486.414 A, Breaker=CLOSE
[2026-05-12 22:29:45] Bus 2: V=0.978 pu, I=449.483 A, Breaker=CLOSE
[2026-05-12 22:29:45] Bus 3: V=1.010 pu, I=240.655 A, Breaker=CLOSE
[2026-05-12 22:29:45] Bus 4: V=1.013 pu, I=356.621 A, Breaker=CLOSE
[2026-05-12 22:29:45] Bus 5: V=1.017 pu, I=398.483 A, Breaker=CLOSE
DT_PATH_LAT,h2,1778599785.939000,96


[2026-05-12 22:29:49] Bus 1: V=1.015 pu, I=450.103 A, Breaker=CLOSE
[2026-05-12 22:29:49] Bus 2: V=1.012 pu, I=479.759 A, Breaker=CLOSE
[2026-05-12 22:29:49] Bus 3: V=1.014 pu, I=220.862 A, Breaker=CLOSE
[2026-05-12 22:29:49] Bus 4: V=0.994 pu, I=345.345 A, Breaker=CLOSE
[2026-05-12 22:29:49] Bus 5: V=1.023 pu, I=124.862 A, Breaker=CLOSE
DT_PATH_LAT,h2,1778599790.184497,97


[2026-05-12 22:29:54] Bus 1: V=0.979 pu, I=425.966 A, Breaker=CLOSE
[2026-05-12 22:29:54] Bus 2: V=0.967 pu, I=151.172 A, Breaker=CLOSE
[2026-05-12 22:29:54] Bus 3: V=1.003 pu, I=513.862 A, Breaker=CLOSE
[2026-05-12 22:29:54] Bus 4: V=1.003 pu, I=488.828 A, Breaker=CLOSE
[2026-05-12 22:29:54] Bus 5: V=1.033 pu, I=194.793 A, Breaker=CLOSE
DT_PATH_LAT,h2,1778599794.508981,98


[2026-05-12 22:29:58] Bus 1: V=1.032 pu, I=290.828 A, Breaker=CLOSE
[2026-05-12 22:29:58] Bus 2: V=1.030 pu, I=404.448 A, Breaker=CLOSE
[2026-05-12 22:29:58] Bus 3: V=0.983 pu, I=141.069 A, Breaker=CLOSE
[2026-05-12 22:29:58] Bus 4: V=1.046 pu, I=143.414 A, Breaker=CLOSE
[2026-05-12 22:29:58] Bus 5: V=1.046 pu, I=446.034 A, Breaker=CLOSE
DT_PATH_LAT,h2,1778599798.732383,99


[2026-05-12 22:30:02] Bus 1: V=1.032 pu, I=290.828 A, Breaker=CLOSE
[2026-05-12 22:30:02] Bus 2: V=1.030 pu, I=404.448 A, Breaker=CLOSE
[2026-05-12 22:30:02] Bus 3: V=0.983 pu, I=141.069 A, Breaker=CLOSE
[2026-05-12 22:30:02] Bus 4: V=1.046 pu, I=143.414 A, Breaker=CLOSE
[2026-05-12 22:30:02] Bus 5: V=1.046 pu, I=446.034 A, Breaker=CLOSE
DT_PATH_LAT,h2,1778599802.815331,100


[2026-05-12 22:30:06] Bus 1: V=1.022 pu, I=508.207 A, Breaker=CLOSE
[2026-05-12 22:30:06] Bus 2: V=1.046 pu, I=422.655 A, Breaker=CLOSE
[2026-05-12 22:30:06] Bus 3: V=0.986 pu, I=442.207 A, Breaker=CLOSE
[2026-05-12 22:30:06] Bus 4: V=0.951 pu, I=340.931 A, Breaker=CLOSE
[2026-05-12 22:30:06] Bus 5: V=0.995 pu, I=386.103 A, Breaker=CLOSE
DT_PATH_LAT,h2,1778599806.903431,101


[2026-05-12 22:30:10] Bus 1: V=1.017 pu, I=339.655 A, Breaker=CLOSE
[2026-05-12 22:30:10] Bus 2: V=1.032 pu, I=486.483 A, Breaker=CLOSE
[2026-05-12 22:30:10] Bus 3: V=0.960 pu, I=198.828 A, Breaker=CLOSE
[2026-05-12 22:30:10] Bus 4: V=0.952 pu, I=501.276 A, Breaker=CLOSE
[2026-05-12 22:30:10] Bus 5: V=1.006 pu, I=488.138 A, Breaker=CLOSE
DT_PATH_LAT,h2,1778599811.077097,102


[2026-05-12 22:30:15] Bus 1: V=0.972 pu, I=119.207 A, Breaker=CLOSE
[2026-05-12 22:30:15] Bus 2: V=1.032 pu, I=473.207 A, Breaker=CLOSE
[2026-05-12 22:30:15] Bus 3: V=0.980 pu, I=273.276 A, Breaker=CLOSE
[2026-05-12 22:30:15] Bus 4: V=0.963 pu, I=523.655 A, Breaker=CLOSE
[2026-05-12 22:30:15] Bus 5: V=0.980 pu, I=311.103 A, Breaker=CLOSE
DT_PATH_LAT,h2,1778599815.324651,103


[2026-05-12 22:30:19] Bus 1: V=0.959 pu, I=498.897 A, Breaker=CLOSE
[2026-05-12 22:30:19] Bus 2: V=0.963 pu, I=298.724 A, Breaker=CLOSE
[2026-05-12 22:30:19] Bus 3: V=1.017 pu, I=408.379 A, Breaker=CLOSE
[2026-05-12 22:30:19] Bus 4: V=1.044 pu, I=261.000 A, Breaker=CLOSE
[2026-05-12 22:30:19] Bus 5: V=1.024 pu, I=152.414 A, Breaker=CLOSE
DT_PATH_LAT,h2,1778599819.667042,104


[2026-05-12 22:30:23] Bus 1: V=0.991 pu, I=132.793 A, Breaker=CLOSE
[2026-05-12 22:30:23] Bus 2: V=0.998 pu, I=268.069 A, Breaker=CLOSE
[2026-05-12 22:30:23] Bus 3: V=1.045 pu, I=98.034 A, Breaker=CLOSE
[2026-05-12 22:30:23] Bus 4: V=0.987 pu, I=287.034 A, Breaker=CLOSE
[2026-05-12 22:30:23] Bus 5: V=1.045 pu, I=444.759 A, Breaker=CLOSE
DT_PATH_LAT,h2,1778599824.031762,105


[2026-05-12 22:30:28] Bus 1: V=0.991 pu, I=132.793 A, Breaker=CLOSE
[2026-05-12 22:30:28] Bus 2: V=0.998 pu, I=268.069 A, Breaker=CLOSE
[2026-05-12 22:30:28] Bus 3: V=0.985 pu, I=267.172 A, Breaker=CLOSE
[2026-05-12 22:30:28] Bus 4: V=0.968 pu, I=146.414 A, Breaker=CLOSE
[2026-05-12 22:30:28] Bus 5: V=1.034 pu, I=278.621 A, Breaker=CLOSE
DT_PATH_LAT,h2,1778599828.398020,106


[2026-05-12 22:30:32] Bus 1: V=0.959 pu, I=406.310 A, Breaker=CLOSE
[2026-05-12 22:30:32] Bus 2: V=1.004 pu, I=516.379 A, Breaker=CLOSE
[2026-05-12 22:30:32] Bus 3: V=0.985 pu, I=267.172 A, Breaker=CLOSE
[2026-05-12 22:30:32] Bus 4: V=0.968 pu, I=146.414 A, Breaker=CLOSE
[2026-05-12 22:30:32] Bus 5: V=1.034 pu, I=278.621 A, Breaker=CLOSE
DT_PATH_LAT,h2,1778599833.059009,107


[2026-05-12 22:30:37] Bus 1: V=1.016 pu, I=364.724 A, Breaker=CLOSE
[2026-05-12 22:30:37] Bus 2: V=1.009 pu, I=96.517 A, Breaker=CLOSE
[2026-05-12 22:30:37] Bus 3: V=1.028 pu, I=189.897 A, Breaker=CLOSE
[2026-05-12 22:30:37] Bus 4: V=0.962 pu, I=349.793 A, Breaker=CLOSE
[2026-05-12 22:30:37] Bus 5: V=0.956 pu, I=444.207 A, Breaker=CLOSE
DT_PATH_LAT,h2,1778599837.331367,108


[2026-05-12 22:30:41] Bus 1: V=0.970 pu, I=188.690 A, Breaker=CLOSE
[2026-05-12 22:30:41] Bus 2: V=1.036 pu, I=224.448 A, Breaker=CLOSE
[2026-05-12 22:30:41] Bus 3: V=0.964 pu, I=502.345 A, Breaker=CLOSE
[2026-05-12 22:30:41] Bus 4: V=0.950 pu, I=490.483 A, Breaker=CLOSE
[2026-05-12 22:30:41] Bus 5: V=0.964 pu, I=150.655 A, Breaker=CLOSE
DT_PATH_LAT,h2,1778599841.621988,109


