[DOS][INFO] target=10.0.2.2:5001 at=2026-05-17 01:44:04
\n===== DoS LIGHT 2026-05-17 01:44:04 =====
[DOS][LIGHT][UDP] start pps~500 duration=45s
HPING 10.0.2.2 (h5-eth0 10.0.2.2): udp mode set, 28 headers + 128 data bytes
status=0 port=1994 seq=0
status=0 port=1997 seq=3
status=0 port=1995 seq=1
status=0 port=1996 seq=2
status=0 port=1998 seq=4
status=0 port=1999 seq=5
status=0 port=4362 seq=2368
status=0 port=6672 seq=4678
status=0 port=8905 seq=6911
status=0 port=11260 seq=9266
status=0 port=13495 seq=11501
status=0 port=15607 seq=13613
status=0 port=17809 seq=15815
status=0 port=19877 seq=17883
status=0 port=21998 seq=20004
status=0 port=23993 seq=21999
status=0 port=26111 seq=24117
status=0 port=28253 seq=26259
status=0 port=29888 seq=27894
status=0 port=32074 seq=30080
status=0 port=34121 seq=32127
status=0 port=36027 seq=34033
status=0 port=38082 seq=36088
status=0 port=40044 seq=38050
status=0 port=42136 seq=40142
status=0 port=44104 seq=42110
status=0 port=46155 seq=44161
status=0 port=48070 seq=46076
status=0 port=49429 seq=47435
status=0 port=50996 seq=49002
status=0 port=52937 seq=50943
status=0 port=55125 seq=53131
status=0 port=57256 seq=55262
status=0 port=59209 seq=57215
status=0 port=61408 seq=59414
status=0 port=63211 seq=61217
status=0 port=65363 seq=63369
status=0 port=1445 seq=64987
status=0 port=3459 seq=67001
status=0 port=5655 seq=69197
status=0 port=7642 seq=71184
status=0 port=9637 seq=73179
status=0 port=11824 seq=75366
status=0 port=13878 seq=77420
status=0 port=15652 seq=79194
status=0 port=17549 seq=81091
status=0 port=19707 seq=83249
status=0 port=21854 seq=85396
status=0 port=23731 seq=87273
status=0 port=25677 seq=89219
status=0 port=27848 seq=91390
status=0 port=30135 seq=93677
status=0 port=31976 seq=95518
status=0 port=33812 seq=97354
status=0 port=35943 seq=99485
status=0 port=37800 seq=101342
status=0 port=39363 seq=102905
status=0 port=41073 seq=104615
status=0 port=42821 seq=106363
status=0 port=44664 seq=108206
status=0 port=46386 seq=109928
status=0 port=48049 seq=111591
status=0 port=49449 seq=112991
status=0 port=51155 seq=114697
status=0 port=52980 seq=116522
status=0 port=54746 seq=118288
status=0 port=56360 seq=119902
status=0 port=58186 seq=121728
status=0 port=60012 seq=123554
status=0 port=61877 seq=125419
status=0 port=63532 seq=127074
status=0 port=65140 seq=128682
status=0 port=1241 seq=130319
status=0 port=2911 seq=131989
status=0 port=4271 seq=133349
status=0 port=5891 seq=134969
status=0 port=7395 seq=136473
status=0 port=9337 seq=138415
status=0 port=11303 seq=140381
status=0 port=13104 seq=142182
status=0 port=14910 seq=143988
status=0 port=16707 seq=145785
status=0 port=18117 seq=147195
status=0 port=19599 seq=148677
status=0 port=21422 seq=150500
status=0 port=22983 seq=152061
status=0 port=24470 seq=153548
status=0 port=26331 seq=155409
status=0 port=27791 seq=156869
status=0 port=29704 seq=158782
status=0 port=31724 seq=160802
status=0 port=33426 seq=162504
status=0 port=35197 seq=164275
status=0 port=36965 seq=166043
status=0 port=38714 seq=167792
status=0 port=40257 seq=169335
status=0 port=42037 seq=171115
status=0 port=43591 seq=172669
status=0 port=45273 seq=174351
status=0 port=47004 seq=176082
status=0 port=48558 seq=177636
status=0 port=50232 seq=179310
status=0 port=52020 seq=181098
status=0 port=53373 seq=182451
status=0 port=54931 seq=184009
status=0 port=56699 seq=185777
status=0 port=58414 seq=187492
status=0 port=60085 seq=189163
status=0 port=61519 seq=190597
status=0 port=63272 seq=192350
status=0 port=65071 seq=194149
status=0 port=949 seq=195563
status=0 port=2314 seq=196928
status=0 port=3942 seq=198556
status=0 port=5780 seq=200394
status=0 port=7616 seq=202230
status=0 port=9509 seq=204123
status=0 port=11111 seq=205725
status=0 port=12852 seq=207466
status=0 port=14507 seq=209121
status=0 port=16094 seq=210708
status=0 port=17778 seq=212392
status=0 port=19364 seq=213978
status=0 port=21203 seq=215817
status=0 port=22836 seq=217450
status=0 port=24453 seq=219067
status=0 port=26246 seq=220860
status=0 port=27765 seq=222379
status=0 port=29478 seq=224092
status=0 port=31160 seq=225774
status=0 port=32671 seq=0
status=0 port=34417 seq=0
status=0 port=36155 seq=0
status=0 port=38162 s[DOS][INFO] target=10.0.2.2:5001 at=2026-05-17 01:48:01
\n===== DoS HEAVY 2026-05-17 01:48:01 =====
[DOS][HEAVY][UDP] start pps~3000 duration=60s

--- 10.0.2.2 hping statistic ---
419207 packets transmitted, 243 packets received, 100% packet loss
round-trip min/avg/max = 1.0/17.0/199.7 ms
eq=0
status=0 port=40060 seq=0
status=0 port=43108 seq=237722
status=0 port=44882 seq=239496
status=0 port=46494 seq=241108
status=0 port=48301 seq=242915
status=0 port=50240 seq=0
status=0 port=52200 seq=0
status=0 port=53958 seq=0
status=0 port=55166 seq=0
status=0 port=57333 seq=0
status=0 port=59667 seq=254281
status=0 port=61500 seq=256114
status=0 port=63497 seq=0
status=0 port=65321 seq=0
status=0 port=1651 seq=0
status=0 port=3608 seq=0
status=0 port=5481 seq=0
status=0 port=8216 seq=268366
status=0 port=10013 seq=270163
status=0 port=11631 seq=271781
status=0 port=13644 seq=273794
status=0 port=15593 seq=275743
status=0 port=17498 seq=277648
status=0 port=19295 seq=279445
status=0 port=19805 seq=279955
status=0 port=19806 seq=279956
status=0 port=21198 seq=281348
status=0 port=22866 seq=283016
status=0 port=24341 seq=284491
status=0 port=26257 seq=286407
status=0 port=27695 seq=287845
status=0 port=29434 seq=289584
status=0 port=31278 seq=291428
status=0 port=33044 seq=293194
status=0 port=34710 seq=294860
status=0 port=36230 seq=296380
status=0 port=37905 seq=298055
status=0 port=39826 seq=299976
status=0 port=41641 seq=301791
status=0 port=43643 seq=303793
status=0 port=45695 seq=305845
status=0 port=45953 seq=306103
status=0 port=47295 seq=307445
status=0 port=49063 seq=309213
status=0 port=50863 seq=311013
status=0 port=52371 seq=312521
status=0 port=54102 seq=314252
status=0 port=55851 seq=316001
status=0 port=57562 seq=317712
status=0 port=58832 seq=318982
status=0 port=60449 seq=320599
status=0 port=62227 seq=322377
status=0 port=63955 seq=324105
status=0 port=210 seq=325896
status=0 port=1608 seq=327294
status=0 port=3559 seq=329245
status=0 port=5475 seq=331161
status=0 port=7147 seq=332833
status=0 port=8993 seq=334679
status=0 port=10902 seq=336588
status=0 port=12416 seq=338102
status=0 port=13934 seq=339620
status=0 port=15626 seq=341312
status=0 port=17409 seq=343095
status=0 port=19015 seq=344701
status=0 port=20770 seq=346456
status=0 port=22354 seq=348040
status=0 port=24082 seq=349768
status=0 port=25785 seq=351471
status=0 port=27297 seq=352983
status=0 port=28707 seq=354393
status=0 port=30349 seq=356035
status=0 port=32225 seq=357911
status=0 port=33910 seq=359596
status=0 port=35693 seq=361379
status=0 port=37469 seq=363155
status=0 port=39233 seq=364919
status=0 port=40653 seq=366339
status=0 port=42243 seq=367929
status=0 port=43883 seq=369569
status=0 port=45419 seq=371105
status=0 port=47075 seq=372761
status=0 port=48800 seq=374486
status=0 port=50603 seq=376289
status=0 port=52509 seq=378195
status=0 port=54252 seq=379938
status=0 port=55952 seq=381638
status=0 port=57841 seq=383527
status=0 port=59663 seq=385349
status=0 port=61461 seq=387147
status=0 port=63288 seq=388974
status=0 port=65163 seq=390849
status=0 port=1212 seq=392434
status=0 port=3008 seq=394230
status=0 port=4854 seq=396076
status=0 port=6518 seq=397740
status=0 port=8136 seq=399358
status=0 port=9679 seq=400901
status=0 port=11271 seq=402493
status=0 port=13076 seq=404298
status=0 port=14907 seq=406129
status=0 port=16652 seq=407874
status=0 port=18170 seq=409392
status=0 port=20063 seq=411285
status=0 port=21935 seq=413157
status=0 port=22452 seq=413674
status=0 port=24090 seq=415312
status=0 port=25826 seq=417048
status=0 port=27444 seq=418666
hping in flood mode, no replies will be shown

--- 10.0.2.2 hping statistic ---
815957 packets transmitted, 0 packets received, 100% packet loss
round-trip min/avg/max = 0.0/0.0/0.0 ms
HPING 10.0.2.2 (h5-eth0 10.0.2.2): udp mode set, 28 headers + 128 data bytes
