[DOS][INFO] target=10.0.2.2:5001 at=2026-05-08 00:15:09
\n===== DoS LIGHT 2026-05-08 00:15:09 =====
[DOS][LIGHT][UDP] start pps~500 duration=45s
[DOS][INFO] target=10.0.2.2:5001 at=2026-05-08 00:16:07
\n===== DoS HEAVY 2026-05-08 00:16:07 =====
[DOS][HEAVY][UDP] start pps~3000 duration=60s

--- 10.0.2.2 hping statistic ---
169522 packets transmitted, 63 packets received, 100% packet loss
round-trip min/avg/max = 3.6/45.0/692.4 ms
HPING 10.0.2.2 (h5-eth0 10.0.2.2): udp mode set, 28 headers + 128 data bytes
status=0 port=2784 seq=0
status=0 port=2785 seq=1
status=0 port=2786 seq=2
status=0 port=2787 seq=3
status=0 port=2788 seq=4
status=0 port=2789 seq=5
status=0 port=2932 seq=148
status=0 port=3088 seq=304
status=0 port=5395 seq=2611
status=0 port=8098 seq=5314
status=0 port=11013 seq=8229
status=0 port=13876 seq=11092
status=0 port=16648 seq=13864
status=0 port=19789 seq=17005
status=0 port=22847 seq=20063
status=0 port=25777 seq=22993
status=0 port=28718 seq=25934
status=0 port=31605 seq=28821
status=0 port=34151 seq=31367
status=0 port=37328 seq=34544
status=0 port=40633 seq=37849
status=0 port=43718 seq=40934
status=0 port=46897 seq=44113
status=0 port=49651 seq=46867
status=0 port=52520 seq=49736
status=0 port=55767 seq=52983
status=0 port=58069 seq=0
status=0 port=60859 seq=0
status=0 port=63883 seq=0
status=0 port=1094 seq=0
status=0 port=4629 seq=0
status=0 port=8281 seq=71033
status=0 port=11766 seq=74518
status=0 port=15039 seq=77791
status=0 port=18286 seq=81038
status=0 port=21587 seq=84339
status=0 port=24559 seq=87311
status=0 port=27610 seq=90362
status=0 port=30633 seq=93385
status=0 port=33756 seq=96508
status=0 port=36750 seq=99502
status=0 port=40040 seq=102792
status=0 port=43367 seq=106119
status=0 port=46572 seq=109324
status=0 port=49566 seq=112318
status=0 port=52860 seq=115612
status=0 port=56135 seq=118887
status=0 port=58433 seq=121185
status=0 port=60205 seq=0
status=0 port=63225 seq=0
status=0 port=774 seq=0
status=0 port=4008 seq=0
status=0 port=7439 seq=0
status=0 port=10702 seq=0
status=0 port=13722 seq=0
status=0 port=16659 seq=0
status=0 port=20141 seq=0
status=0 port=23599 seq=151887
status=0 port=27176 seq=155464
status=0 port=30378 seq=158666
status=0 port=33367 seq=161655
status=0 port=36898 seq=165186
status=0 port=38524 seq=166812
hping in flood mode, no replies will be shown
[send_ip] sendto: Network is unreachable
HPING 10.0.2.2 (h5-eth0 10.0.2.2): udp mode set, 28 headers + 0 data bytes
