Connection to (10.0.2.2, 5020) failed: [Errno 111] Connection refused
Connection to GATEWAY (10.0.2.2:5020) failed (connect() returned False). Retrying in 1.0s...
RTU measurement noise: seed=7 V_sigma=0.003 I_sigma=1.5


[2026-05-19 15:12:10] Bus 1: V=1.019 pu (raw 1.020) I=805.1 A (raw 804.4) PF=0.9665 FB=CLOSE CMD=CLOSE
[2026-05-19 15:12:10] Bus 2: V=1.009 pu (raw 1.010) I=398.1 A (raw 398.6) PF=0.9020 FB=CLOSE CMD=CLOSE
[2026-05-19 15:12:10] Bus 3: V=1.006 pu (raw 1.009) I=394.3 A (raw 394.6) PF=0.9001 FB=CLOSE CMD=CLOSE
[2026-05-19 15:12:10] Bus 4: V=1.013 pu (raw 1.010) I=488.9 A (raw 488.2) PF=0.8515 FB=CLOSE CMD=CLOSE
[2026-05-19 15:12:10] Bus 5: V=1.010 pu (raw 1.007) I=493.0 A (raw 492.7) PF=0.9771 FB=CLOSE CMD=CLOSE
DT_PATH_LAT,h2,1779178330.292682,1


[2026-05-19 15:12:14] Bus 1: V=1.021 pu (raw 1.020) I=804.6 A (raw 804.4) PF=0.9665 FB=CLOSE CMD=CLOSE
[2026-05-19 15:12:14] Bus 2: V=1.005 pu (raw 1.010) I=399.8 A (raw 398.6) PF=0.9020 FB=CLOSE CMD=CLOSE
[2026-05-19 15:12:14] Bus 3: V=1.011 pu (raw 1.009) I=395.3 A (raw 394.6) PF=0.9001 FB=CLOSE CMD=CLOSE
[2026-05-19 15:12:14] Bus 4: V=1.005 pu (raw 1.010) I=485.6 A (raw 488.2) PF=0.8515 FB=CLOSE CMD=CLOSE
[2026-05-19 15:12:14] Bus 5: V=1.004 pu (raw 1.007) I=492.0 A (raw 492.7) PF=0.9771 FB=CLOSE CMD=CLOSE
DT_PATH_LAT,h2,1779178334.397583,2


[2026-05-19 15:12:18] Bus 1: V=1.021 pu (raw 1.020) I=804.3 A (raw 804.4) PF=0.9665 FB=CLOSE CMD=CLOSE
[2026-05-19 15:12:18] Bus 2: V=1.012 pu (raw 1.010) I=397.6 A (raw 398.6) PF=0.9020 FB=CLOSE CMD=CLOSE
[2026-05-19 15:12:18] Bus 3: V=1.010 pu (raw 1.009) I=395.2 A (raw 394.6) PF=0.9001 FB=CLOSE CMD=CLOSE
[2026-05-19 15:12:18] Bus 4: V=1.008 pu (raw 1.010) I=490.8 A (raw 488.2) PF=0.8515 FB=CLOSE CMD=CLOSE
[2026-05-19 15:12:18] Bus 5: V=1.009 pu (raw 1.007) I=494.5 A (raw 492.7) PF=0.9771 FB=CLOSE CMD=CLOSE
DT_PATH_LAT,h2,1779178338.504680,3


[2026-05-19 15:12:22] Bus 1: V=1.018 pu (raw 1.020) I=803.3 A (raw 804.4) PF=0.9665 FB=CLOSE CMD=CLOSE
[2026-05-19 15:12:22] Bus 2: V=1.009 pu (raw 1.010) I=398.4 A (raw 398.6) PF=0.9020 FB=CLOSE CMD=CLOSE
[2026-05-19 15:12:22] Bus 3: V=1.011 pu (raw 1.009) I=395.0 A (raw 394.6) PF=0.9001 FB=CLOSE CMD=CLOSE
[2026-05-19 15:12:22] Bus 4: V=1.009 pu (raw 1.010) I=486.8 A (raw 488.2) PF=0.8515 FB=CLOSE CMD=CLOSE
[2026-05-19 15:12:22] Bus 5: V=1.005 pu (raw 1.007) I=494.5 A (raw 492.7) PF=0.9771 FB=CLOSE CMD=CLOSE
DT_PATH_LAT,h2,1779178345.734544,4


[2026-05-19 15:12:29] Bus 1: V=1.018 pu (raw 1.020) I=804.7 A (raw 804.4) PF=0.9665 FB=CLOSE CMD=CLOSE
[2026-05-19 15:12:29] Bus 2: V=1.011 pu (raw 1.010) I=396.3 A (raw 398.6) PF=0.9020 FB=CLOSE CMD=CLOSE
[2026-05-19 15:12:29] Bus 3: V=1.009 pu (raw 1.009) I=396.6 A (raw 394.6) PF=0.9001 FB=CLOSE CMD=CLOSE
[2026-05-19 15:12:29] Bus 4: V=1.004 pu (raw 1.010) I=487.8 A (raw 488.2) PF=0.8515 FB=CLOSE CMD=CLOSE
[2026-05-19 15:12:29] Bus 5: V=1.007 pu (raw 1.007) I=491.4 A (raw 492.7) PF=0.9771 FB=CLOSE CMD=CLOSE
DT_PATH_LAT,h2,1779178349.891683,5


[2026-05-19 15:12:33] Bus 1: V=1.021 pu (raw 1.020) I=841.8 A (raw 841.9) PF=0.9654 FB=CLOSE CMD=OPEN
[2026-05-19 15:12:33] Bus 2: V=1.006 pu (raw 1.010) I=441.3 A (raw 440.0) PF=0.9070 FB=CLOSE CMD=CLOSE
[2026-05-19 15:12:33] Bus 3: V=1.010 pu (raw 1.008) I=430.0 A (raw 428.6) PF=0.8827 FB=CLOSE CMD=OPEN
[2026-05-19 15:12:33] Bus 4: V=1.014 pu (raw 1.010) I=510.3 A (raw 509.8) PF=0.8155 FB=CLOSE CMD=CLOSE
[2026-05-19 15:12:33] Bus 5: V=1.007 pu (raw 1.007) I=466.4 A (raw 468.3) PF=0.9702 FB=CLOSE CMD=CLOSE
DT_PATH_LAT,h2,1779178354.037398,6


[2026-05-19 15:12:38] Bus 1: V=1.022 pu (raw 1.020) I=841.0 A (raw 841.9) PF=0.9654 FB=OPEN CMD=CLOSE
[2026-05-19 15:12:38] Bus 2: V=1.009 pu (raw 1.010) I=438.1 A (raw 440.0) PF=0.9070 FB=CLOSE CMD=CLOSE
[2026-05-19 15:12:38] Bus 3: V=1.005 pu (raw 1.008) I=427.8 A (raw 428.6) PF=0.8827 FB=OPEN CMD=CLOSE
[2026-05-19 15:12:38] Bus 4: V=1.014 pu (raw 1.010) I=506.8 A (raw 509.8) PF=0.8155 FB=CLOSE CMD=CLOSE
[2026-05-19 15:12:38] Bus 5: V=1.003 pu (raw 1.007) I=468.7 A (raw 468.3) PF=0.9702 FB=CLOSE CMD=CLOSE
DT_PATH_LAT,h2,1779178358.193571,7


[2026-05-19 15:12:42] Bus 1: V=1.024 pu (raw 1.020) I=842.8 A (raw 841.9) PF=0.9654 FB=CLOSE CMD=OPEN
[2026-05-19 15:12:42] Bus 2: V=1.004 pu (raw 1.010) I=436.3 A (raw 440.0) PF=0.9070 FB=CLOSE CMD=CLOSE
[2026-05-19 15:12:42] Bus 3: V=1.009 pu (raw 1.008) I=427.5 A (raw 428.6) PF=0.8827 FB=CLOSE CMD=OPEN
[2026-05-19 15:12:42] Bus 4: V=1.007 pu (raw 1.010) I=511.3 A (raw 509.8) PF=0.8155 FB=CLOSE CMD=CLOSE
[2026-05-19 15:12:42] Bus 5: V=1.010 pu (raw 1.007) I=468.6 A (raw 468.3) PF=0.9702 FB=CLOSE CMD=CLOSE
DT_PATH_LAT,h2,1779178362.365256,8


[2026-05-19 15:12:47] Bus 1: V=1.021 pu (raw 1.020) I=842.6 A (raw 841.9) PF=0.9654 FB=OPEN CMD=OPEN
[2026-05-19 15:12:47] Bus 2: V=1.015 pu (raw 1.010) I=441.0 A (raw 440.0) PF=0.9070 FB=CLOSE CMD=CLOSE
[2026-05-19 15:12:47] Bus 3: V=1.010 pu (raw 1.008) I=429.4 A (raw 428.6) PF=0.8827 FB=OPEN CMD=OPEN
[2026-05-19 15:12:47] Bus 4: V=1.005 pu (raw 1.010) I=511.7 A (raw 509.8) PF=0.8155 FB=CLOSE CMD=CLOSE
[2026-05-19 15:12:47] Bus 5: V=1.010 pu (raw 1.007) I=469.1 A (raw 468.3) PF=0.9702 FB=CLOSE CMD=CLOSE
DT_PATH_LAT,h2,1779178367.362477,9


[2026-05-19 15:12:51] Bus 1: V=1.014 pu (raw 1.020) I=841.0 A (raw 841.9) PF=0.9654 FB=OPEN CMD=OPEN
[2026-05-19 15:12:51] Bus 2: V=1.013 pu (raw 1.010) I=437.3 A (raw 440.0) PF=0.9070 FB=CLOSE CMD=OPEN
[2026-05-19 15:12:51] Bus 3: V=1.007 pu (raw 1.008) I=430.1 A (raw 428.6) PF=0.8827 FB=OPEN CMD=OPEN
[2026-05-19 15:12:51] Bus 4: V=1.006 pu (raw 1.010) I=512.2 A (raw 509.8) PF=0.8155 FB=CLOSE CMD=CLOSE
[2026-05-19 15:12:51] Bus 5: V=1.009 pu (raw 1.007) I=468.1 A (raw 468.3) PF=0.9702 FB=CLOSE CMD=CLOSE
DT_PATH_LAT,h2,1779178371.546010,10


[2026-05-19 15:12:55] Bus 1: V=1.021 pu (raw 1.020) I=1.0 A (raw 0.0) PF=1.0000 FB=OPEN CMD=OPEN
[2026-05-19 15:12:55] Bus 2: V=1.010 pu (raw 1.010) I=441.8 A (raw 440.0) PF=0.9070 FB=OPEN CMD=CLOSE
[2026-05-19 15:12:55] Bus 3: V=1.006 pu (raw 1.008) I=428.0 A (raw 428.6) PF=0.8827 FB=OPEN CMD=OPEN
[2026-05-19 15:12:55] Bus 4: V=1.013 pu (raw 1.010) I=509.8 A (raw 509.8) PF=0.8155 FB=CLOSE CMD=CLOSE
[2026-05-19 15:12:55] Bus 5: V=1.004 pu (raw 1.007) I=469.8 A (raw 468.3) PF=0.9702 FB=CLOSE CMD=CLOSE
DT_PATH_LAT,h2,1779178375.682137,11


[2026-05-19 15:12:59] Bus 1: V=1.024 pu (raw 1.020) I=0.0 A (raw 0.0) PF=1.0000 FB=OPEN CMD=OPEN
[2026-05-19 15:12:59] Bus 2: V=1.006 pu (raw 1.010) I=439.8 A (raw 440.0) PF=0.9070 FB=CLOSE CMD=CLOSE
[2026-05-19 15:12:59] Bus 3: V=1.008 pu (raw 1.008) I=428.2 A (raw 428.6) PF=0.8827 FB=OPEN CMD=OPEN
[2026-05-19 15:12:59] Bus 4: V=1.014 pu (raw 1.010) I=508.3 A (raw 509.8) PF=0.8155 FB=CLOSE CMD=CLOSE
[2026-05-19 15:12:59] Bus 5: V=1.011 pu (raw 1.007) I=466.4 A (raw 468.3) PF=0.9702 FB=CLOSE CMD=CLOSE
DT_PATH_LAT,h2,1779178379.796464,12


[2026-05-19 15:13:03] Bus 1: V=1.018 pu (raw 1.020) I=0.9 A (raw 0.0) PF=1.0000 FB=OPEN CMD=OPEN
[2026-05-19 15:13:03] Bus 2: V=1.013 pu (raw 1.010) I=441.3 A (raw 440.0) PF=0.9070 FB=CLOSE CMD=OPEN
[2026-05-19 15:13:03] Bus 3: V=1.009 pu (raw 1.008) I=428.8 A (raw 428.6) PF=0.8827 FB=OPEN CMD=OPEN
[2026-05-19 15:13:03] Bus 4: V=1.010 pu (raw 1.010) I=510.7 A (raw 509.8) PF=0.8155 FB=CLOSE CMD=CLOSE
[2026-05-19 15:13:03] Bus 5: V=1.006 pu (raw 1.007) I=468.7 A (raw 468.3) PF=0.9702 FB=CLOSE CMD=CLOSE
DT_PATH_LAT,h2,1779178383.939331,13


[2026-05-19 15:13:07] Bus 1: V=1.022 pu (raw 1.020) I=0.0 A (raw 0.0) PF=1.0000 FB=OPEN CMD=OPEN
[2026-05-19 15:13:07] Bus 2: V=1.012 pu (raw 1.010) I=440.9 A (raw 440.0) PF=0.9070 FB=OPEN CMD=CLOSE
[2026-05-19 15:13:07] Bus 3: V=1.014 pu (raw 1.008) I=429.1 A (raw 428.6) PF=0.8827 FB=OPEN CMD=OPEN
[2026-05-19 15:13:07] Bus 4: V=1.009 pu (raw 1.010) I=509.2 A (raw 509.8) PF=0.8155 FB=CLOSE CMD=CLOSE
[2026-05-19 15:13:07] Bus 5: V=1.007 pu (raw 1.007) I=469.7 A (raw 468.3) PF=0.9702 FB=CLOSE CMD=CLOSE
DT_PATH_LAT,h2,1779178388.081814,14


[2026-05-19 15:13:12] Bus 1: V=1.019 pu (raw 1.020) I=0.6 A (raw 0.0) PF=1.0000 FB=OPEN CMD=OPEN
[2026-05-19 15:13:12] Bus 2: V=1.016 pu (raw 1.010) I=436.2 A (raw 440.0) PF=0.9070 FB=CLOSE CMD=CLOSE
[2026-05-19 15:13:12] Bus 3: V=1.005 pu (raw 1.008) I=429.0 A (raw 428.6) PF=0.8827 FB=OPEN CMD=OPEN
[2026-05-19 15:13:12] Bus 4: V=1.011 pu (raw 1.010) I=510.2 A (raw 509.8) PF=0.8155 FB=CLOSE CMD=CLOSE
[2026-05-19 15:13:12] Bus 5: V=1.006 pu (raw 1.007) I=469.3 A (raw 468.3) PF=0.9702 FB=CLOSE CMD=CLOSE
DT_PATH_LAT,h2,1779178392.219986,15


[2026-05-19 15:13:16] Bus 1: V=1.021 pu (raw 1.020) I=0.0 A (raw 0.0) PF=1.0000 FB=OPEN CMD=OPEN
[2026-05-19 15:13:16] Bus 2: V=1.017 pu (raw 1.010) I=440.6 A (raw 440.0) PF=0.9070 FB=CLOSE CMD=OPEN
[2026-05-19 15:13:16] Bus 3: V=1.006 pu (raw 1.008) I=428.5 A (raw 428.6) PF=0.8827 FB=OPEN CMD=OPEN
[2026-05-19 15:13:16] Bus 4: V=1.009 pu (raw 1.010) I=509.7 A (raw 509.8) PF=0.8155 FB=CLOSE CMD=CLOSE
[2026-05-19 15:13:16] Bus 5: V=0.999 pu (raw 1.007) I=467.6 A (raw 468.3) PF=0.9702 FB=CLOSE CMD=CLOSE
DT_PATH_LAT,h2,1779178396.377817,16


[2026-05-19 15:13:20] Bus 1: V=1.023 pu (raw 1.020) I=0.0 A (raw 0.0) PF=1.0000 FB=OPEN CMD=OPEN
[2026-05-19 15:13:20] Bus 2: V=1.010 pu (raw 1.010) I=441.5 A (raw 440.0) PF=0.9070 FB=OPEN CMD=CLOSE
[2026-05-19 15:13:20] Bus 3: V=1.011 pu (raw 1.008) I=430.8 A (raw 428.6) PF=0.8827 FB=OPEN CMD=OPEN
[2026-05-19 15:13:20] Bus 4: V=1.005 pu (raw 1.010) I=509.3 A (raw 509.8) PF=0.8155 FB=CLOSE CMD=CLOSE
[2026-05-19 15:13:20] Bus 5: V=1.006 pu (raw 1.007) I=469.3 A (raw 468.3) PF=0.9702 FB=CLOSE CMD=CLOSE
DT_PATH_LAT,h2,1779178400.516995,17


[2026-05-19 15:13:24] Bus 1: V=1.023 pu (raw 1.020) I=0.0 A (raw 0.0) PF=1.0000 FB=OPEN CMD=OPEN
[2026-05-19 15:13:24] Bus 2: V=1.013 pu (raw 1.010) I=437.9 A (raw 440.0) PF=0.9070 FB=CLOSE CMD=CLOSE
[2026-05-19 15:13:24] Bus 3: V=1.010 pu (raw 1.008) I=426.4 A (raw 428.6) PF=0.8827 FB=OPEN CMD=OPEN
[2026-05-19 15:13:24] Bus 4: V=1.011 pu (raw 1.010) I=511.6 A (raw 509.8) PF=0.8155 FB=CLOSE CMD=CLOSE
[2026-05-19 15:13:24] Bus 5: V=1.007 pu (raw 1.007) I=468.6 A (raw 468.3) PF=0.9702 FB=CLOSE CMD=CLOSE
DT_PATH_LAT,h2,1779178404.924815,18


[2026-05-19 15:13:28] Bus 1: V=1.022 pu (raw 1.020) I=0.2 A (raw 0.0) PF=1.0000 FB=OPEN CMD=OPEN
[2026-05-19 15:13:28] Bus 2: V=1.010 pu (raw 1.010) I=442.3 A (raw 440.0) PF=0.9070 FB=CLOSE CMD=OPEN
[2026-05-19 15:13:28] Bus 3: V=1.011 pu (raw 1.008) I=428.2 A (raw 428.6) PF=0.8827 FB=OPEN CMD=OPEN
[2026-05-19 15:13:28] Bus 4: V=1.018 pu (raw 1.010) I=508.1 A (raw 509.8) PF=0.8155 FB=CLOSE CMD=CLOSE
[2026-05-19 15:13:28] Bus 5: V=1.010 pu (raw 1.007) I=467.9 A (raw 468.3) PF=0.9702 FB=CLOSE CMD=CLOSE
DT_PATH_LAT,h2,1779178409.095474,19


[2026-05-19 15:13:33] Bus 1: V=1.020 pu (raw 1.020) I=1.1 A (raw 0.0) PF=1.0000 FB=OPEN CMD=OPEN
[2026-05-19 15:13:33] Bus 2: V=1.011 pu (raw 1.010) I=441.0 A (raw 440.0) PF=0.9070 FB=OPEN CMD=CLOSE
[2026-05-19 15:13:33] Bus 3: V=1.003 pu (raw 1.008) I=426.3 A (raw 428.6) PF=0.8827 FB=OPEN CMD=OPEN
[2026-05-19 15:13:33] Bus 4: V=1.012 pu (raw 1.010) I=508.4 A (raw 509.8) PF=0.8155 FB=CLOSE CMD=CLOSE
[2026-05-19 15:13:33] Bus 5: V=1.004 pu (raw 1.007) I=466.1 A (raw 468.3) PF=0.9702 FB=CLOSE CMD=CLOSE
DT_PATH_LAT,h2,1779178413.419206,20


[2026-05-19 15:13:37] Bus 1: V=1.024 pu (raw 1.020) I=1.1 A (raw 0.0) PF=1.0000 FB=OPEN CMD=OPEN
[2026-05-19 15:13:37] Bus 2: V=1.014 pu (raw 1.010) I=438.6 A (raw 440.0) PF=0.9070 FB=CLOSE CMD=CLOSE
[2026-05-19 15:13:37] Bus 3: V=1.008 pu (raw 1.008) I=426.9 A (raw 428.6) PF=0.8827 FB=OPEN CMD=OPEN
[2026-05-19 15:13:37] Bus 4: V=1.012 pu (raw 1.010) I=512.2 A (raw 509.8) PF=0.8155 FB=CLOSE CMD=CLOSE
[2026-05-19 15:13:37] Bus 5: V=1.004 pu (raw 1.007) I=470.7 A (raw 468.3) PF=0.9702 FB=CLOSE CMD=CLOSE
DT_PATH_LAT,h2,1779178417.645605,21


[2026-05-19 15:13:41] Bus 1: V=1.023 pu (raw 1.020) I=0.0 A (raw 0.0) PF=1.0000 FB=OPEN CMD=OPEN
[2026-05-19 15:13:41] Bus 2: V=1.004 pu (raw 1.010) I=442.1 A (raw 440.0) PF=0.9070 FB=CLOSE CMD=OPEN
[2026-05-19 15:13:41] Bus 3: V=1.008 pu (raw 1.008) I=427.7 A (raw 428.6) PF=0.8827 FB=OPEN CMD=OPEN
[2026-05-19 15:13:41] Bus 4: V=1.011 pu (raw 1.010) I=510.4 A (raw 509.8) PF=0.8155 FB=CLOSE CMD=CLOSE
[2026-05-19 15:13:41] Bus 5: V=1.011 pu (raw 1.007) I=466.8 A (raw 468.3) PF=0.9702 FB=CLOSE CMD=CLOSE
DT_PATH_LAT,h2,1779178421.854701,22


[2026-05-19 15:13:45] Bus 1: V=1.023 pu (raw 1.020) I=2.2 A (raw 0.0) PF=1.0000 FB=OPEN CMD=OPEN
[2026-05-19 15:13:45] Bus 2: V=1.014 pu (raw 1.010) I=439.8 A (raw 440.0) PF=0.9070 FB=OPEN CMD=CLOSE
[2026-05-19 15:13:45] Bus 3: V=1.006 pu (raw 1.008) I=430.1 A (raw 428.6) PF=0.8827 FB=OPEN CMD=OPEN
[2026-05-19 15:13:45] Bus 4: V=1.010 pu (raw 1.010) I=510.0 A (raw 509.8) PF=0.8155 FB=CLOSE CMD=CLOSE
[2026-05-19 15:13:45] Bus 5: V=1.011 pu (raw 1.007) I=467.9 A (raw 468.3) PF=0.9702 FB=CLOSE CMD=CLOSE
DT_PATH_LAT,h2,1779178425.994385,23


[2026-05-19 15:13:50] Bus 1: V=1.013 pu (raw 1.020) I=0.0 A (raw 0.0) PF=1.0000 FB=OPEN CMD=OPEN
[2026-05-19 15:13:50] Bus 2: V=1.004 pu (raw 1.010) I=441.3 A (raw 440.0) PF=0.9070 FB=CLOSE CMD=CLOSE
[2026-05-19 15:13:50] Bus 3: V=1.009 pu (raw 1.008) I=427.7 A (raw 428.6) PF=0.8827 FB=OPEN CMD=OPEN
[2026-05-19 15:13:50] Bus 4: V=1.010 pu (raw 1.010) I=511.0 A (raw 509.8) PF=0.8155 FB=CLOSE CMD=CLOSE
[2026-05-19 15:13:50] Bus 5: V=1.007 pu (raw 1.007) I=470.3 A (raw 468.3) PF=0.9702 FB=CLOSE CMD=CLOSE
DT_PATH_LAT,h2,1779178430.117018,24


[2026-05-19 15:13:54] Bus 1: V=1.020 pu (raw 1.020) I=1.6 A (raw 0.0) PF=1.0000 FB=OPEN CMD=OPEN
[2026-05-19 15:13:54] Bus 2: V=1.014 pu (raw 1.010) I=442.4 A (raw 440.0) PF=0.9070 FB=CLOSE CMD=OPEN
[2026-05-19 15:13:54] Bus 3: V=1.006 pu (raw 1.008) I=429.9 A (raw 428.6) PF=0.8827 FB=OPEN CMD=OPEN
[2026-05-19 15:13:54] Bus 4: V=1.004 pu (raw 1.010) I=508.2 A (raw 509.8) PF=0.8155 FB=CLOSE CMD=CLOSE
[2026-05-19 15:13:54] Bus 5: V=1.001 pu (raw 1.007) I=469.9 A (raw 468.3) PF=0.9702 FB=CLOSE CMD=CLOSE
DT_PATH_LAT,h2,1779178434.240464,25


[2026-05-19 15:13:58] Bus 1: V=1.016 pu (raw 1.020) I=0.0 A (raw 0.0) PF=1.0000 FB=OPEN CMD=OPEN
[2026-05-19 15:13:58] Bus 2: V=1.009 pu (raw 1.010) I=440.0 A (raw 440.0) PF=0.9070 FB=OPEN CMD=CLOSE
[2026-05-19 15:13:58] Bus 3: V=1.006 pu (raw 1.008) I=429.0 A (raw 428.6) PF=0.8827 FB=OPEN CMD=OPEN
[2026-05-19 15:13:58] Bus 4: V=1.015 pu (raw 1.010) I=509.9 A (raw 509.8) PF=0.8155 FB=CLOSE CMD=CLOSE
[2026-05-19 15:13:58] Bus 5: V=1.009 pu (raw 1.007) I=469.8 A (raw 468.3) PF=0.9702 FB=CLOSE CMD=CLOSE
DT_PATH_LAT,h2,1779178438.365920,26


[2026-05-19 15:14:02] Bus 1: V=1.019 pu (raw 1.020) I=0.0 A (raw 0.0) PF=1.0000 FB=OPEN CMD=OPEN
[2026-05-19 15:14:02] Bus 2: V=1.008 pu (raw 1.010) I=441.6 A (raw 440.0) PF=0.9070 FB=CLOSE CMD=CLOSE
[2026-05-19 15:14:02] Bus 3: V=1.003 pu (raw 1.008) I=427.7 A (raw 428.6) PF=0.8827 FB=OPEN CMD=OPEN
[2026-05-19 15:14:02] Bus 4: V=1.013 pu (raw 1.010) I=511.0 A (raw 509.8) PF=0.8155 FB=CLOSE CMD=CLOSE
[2026-05-19 15:14:02] Bus 5: V=1.007 pu (raw 1.007) I=469.5 A (raw 468.3) PF=0.9702 FB=CLOSE CMD=CLOSE
DT_PATH_LAT,h2,1779178442.497594,27


[2026-05-19 15:14:06] Bus 1: V=1.020 pu (raw 1.020) I=0.0 A (raw 0.0) PF=1.0000 FB=OPEN CMD=OPEN
[2026-05-19 15:14:06] Bus 2: V=1.005 pu (raw 1.010) I=439.1 A (raw 440.0) PF=0.9070 FB=CLOSE CMD=OPEN
[2026-05-19 15:14:06] Bus 3: V=1.011 pu (raw 1.008) I=427.8 A (raw 428.6) PF=0.8827 FB=OPEN CMD=OPEN
[2026-05-19 15:14:06] Bus 4: V=1.007 pu (raw 1.010) I=508.6 A (raw 509.8) PF=0.8155 FB=CLOSE CMD=CLOSE
[2026-05-19 15:14:06] Bus 5: V=1.002 pu (raw 1.007) I=468.2 A (raw 468.3) PF=0.9702 FB=CLOSE CMD=CLOSE
DT_PATH_LAT,h2,1779178446.639941,28


[2026-05-19 15:14:10] Bus 1: V=1.016 pu (raw 1.020) I=0.5 A (raw 0.0) PF=1.0000 FB=OPEN CMD=OPEN
[2026-05-19 15:14:10] Bus 2: V=1.003 pu (raw 1.010) I=440.5 A (raw 440.0) PF=0.9070 FB=OPEN CMD=CLOSE
[2026-05-19 15:14:10] Bus 3: V=1.006 pu (raw 1.008) I=425.7 A (raw 428.6) PF=0.8827 FB=OPEN CMD=OPEN
[2026-05-19 15:14:10] Bus 4: V=1.012 pu (raw 1.010) I=509.4 A (raw 509.8) PF=0.8155 FB=CLOSE CMD=CLOSE
[2026-05-19 15:14:10] Bus 5: V=1.000 pu (raw 1.007) I=467.0 A (raw 468.3) PF=0.9702 FB=CLOSE CMD=CLOSE
DT_PATH_LAT,h2,1779178450.768532,29


[2026-05-19 15:14:14] Bus 1: V=1.021 pu (raw 1.020) I=0.0 A (raw 0.0) PF=1.0000 FB=OPEN CMD=OPEN
[2026-05-19 15:14:14] Bus 2: V=1.012 pu (raw 1.010) I=441.2 A (raw 440.0) PF=0.9070 FB=CLOSE CMD=CLOSE
[2026-05-19 15:14:14] Bus 3: V=1.010 pu (raw 1.008) I=429.1 A (raw 428.6) PF=0.8827 FB=OPEN CMD=OPEN
[2026-05-19 15:14:14] Bus 4: V=1.014 pu (raw 1.010) I=510.8 A (raw 509.8) PF=0.8155 FB=CLOSE CMD=CLOSE
[2026-05-19 15:14:14] Bus 5: V=1.008 pu (raw 1.007) I=465.2 A (raw 468.3) PF=0.9702 FB=CLOSE CMD=CLOSE
DT_PATH_LAT,h2,1779178454.881430,30


[2026-05-19 15:14:18] Bus 1: V=1.023 pu (raw 1.020) I=2.0 A (raw 0.0) PF=1.0000 FB=OPEN CMD=OPEN
[2026-05-19 15:14:18] Bus 2: V=1.009 pu (raw 1.010) I=439.3 A (raw 440.0) PF=0.9070 FB=CLOSE CMD=OPEN
[2026-05-19 15:14:18] Bus 3: V=1.014 pu (raw 1.008) I=426.0 A (raw 428.6) PF=0.8827 FB=OPEN CMD=OPEN
[2026-05-19 15:14:18] Bus 4: V=1.011 pu (raw 1.010) I=513.4 A (raw 509.8) PF=0.8155 FB=CLOSE CMD=CLOSE
[2026-05-19 15:14:18] Bus 5: V=1.004 pu (raw 1.007) I=469.4 A (raw 468.3) PF=0.9702 FB=CLOSE CMD=CLOSE
DT_PATH_LAT,h2,1779178459.002266,31


[2026-05-19 15:14:23] Bus 1: V=1.026 pu (raw 1.020) I=0.0 A (raw 0.0) PF=1.0000 FB=OPEN CMD=OPEN
[2026-05-19 15:14:23] Bus 2: V=1.012 pu (raw 1.010) I=441.4 A (raw 440.0) PF=0.9070 FB=OPEN CMD=CLOSE
[2026-05-19 15:14:23] Bus 3: V=1.005 pu (raw 1.008) I=428.5 A (raw 428.6) PF=0.8827 FB=OPEN CMD=OPEN
[2026-05-19 15:14:23] Bus 4: V=1.011 pu (raw 1.010) I=511.0 A (raw 509.8) PF=0.8155 FB=CLOSE CMD=CLOSE
[2026-05-19 15:14:23] Bus 5: V=1.007 pu (raw 1.007) I=468.0 A (raw 468.3) PF=0.9702 FB=CLOSE CMD=CLOSE
DT_PATH_LAT,h2,1779178463.141456,32


[2026-05-19 15:14:27] Bus 1: V=1.017 pu (raw 1.020) I=0.0 A (raw 0.0) PF=1.0000 FB=OPEN CMD=OPEN
[2026-05-19 15:14:27] Bus 2: V=1.013 pu (raw 1.010) I=440.2 A (raw 440.0) PF=0.9070 FB=CLOSE CMD=CLOSE
[2026-05-19 15:14:27] Bus 3: V=1.005 pu (raw 1.008) I=427.3 A (raw 428.6) PF=0.8827 FB=OPEN CMD=OPEN
[2026-05-19 15:14:27] Bus 4: V=1.018 pu (raw 1.010) I=511.5 A (raw 509.8) PF=0.8155 FB=CLOSE CMD=CLOSE
[2026-05-19 15:14:27] Bus 5: V=1.009 pu (raw 1.007) I=464.4 A (raw 468.3) PF=0.9702 FB=CLOSE CMD=CLOSE
DT_PATH_LAT,h2,1779178467.288963,33


[2026-05-19 15:14:31] Bus 1: V=1.022 pu (raw 1.020) I=0.7 A (raw 0.0) PF=1.0000 FB=OPEN CMD=OPEN
[2026-05-19 15:14:31] Bus 2: V=1.015 pu (raw 1.010) I=440.7 A (raw 440.0) PF=0.9070 FB=CLOSE CMD=OPEN
[2026-05-19 15:14:31] Bus 3: V=1.008 pu (raw 1.008) I=429.4 A (raw 428.6) PF=0.8827 FB=OPEN CMD=OPEN
[2026-05-19 15:14:31] Bus 4: V=1.004 pu (raw 1.010) I=511.3 A (raw 509.8) PF=0.8155 FB=CLOSE CMD=CLOSE
[2026-05-19 15:14:31] Bus 5: V=1.008 pu (raw 1.007) I=467.3 A (raw 468.3) PF=0.9702 FB=CLOSE CMD=CLOSE
DT_PATH_LAT,h2,1779178471.411114,34


[2026-05-19 15:14:35] Bus 1: V=1.024 pu (raw 1.020) I=2.7 A (raw 0.0) PF=1.0000 FB=OPEN CMD=OPEN
[2026-05-19 15:14:35] Bus 2: V=1.006 pu (raw 1.010) I=439.0 A (raw 440.0) PF=0.9070 FB=OPEN CMD=CLOSE
[2026-05-19 15:14:35] Bus 3: V=1.009 pu (raw 1.008) I=428.9 A (raw 428.6) PF=0.8827 FB=OPEN CMD=OPEN
[2026-05-19 15:14:35] Bus 4: V=1.009 pu (raw 1.010) I=508.3 A (raw 509.8) PF=0.8155 FB=CLOSE CMD=CLOSE
[2026-05-19 15:14:35] Bus 5: V=1.013 pu (raw 1.007) I=469.9 A (raw 468.3) PF=0.9702 FB=CLOSE CMD=CLOSE
DT_PATH_LAT,h2,1779178475.652094,35


[2026-05-19 15:14:39] Bus 1: V=1.016 pu (raw 1.020) I=0.0 A (raw 0.0) PF=1.0000 FB=OPEN CMD=OPEN
[2026-05-19 15:14:39] Bus 2: V=1.015 pu (raw 1.010) I=441.5 A (raw 440.0) PF=0.9070 FB=CLOSE CMD=CLOSE
[2026-05-19 15:14:39] Bus 3: V=1.013 pu (raw 1.008) I=429.8 A (raw 428.6) PF=0.8827 FB=OPEN CMD=OPEN
[2026-05-19 15:14:39] Bus 4: V=1.007 pu (raw 1.010) I=510.2 A (raw 509.8) PF=0.8155 FB=CLOSE CMD=CLOSE
[2026-05-19 15:14:39] Bus 5: V=1.001 pu (raw 1.007) I=467.2 A (raw 468.3) PF=0.9702 FB=CLOSE CMD=CLOSE
DT_PATH_LAT,h2,1779178479.758739,36


[2026-05-19 15:14:43] Bus 1: V=1.020 pu (raw 1.020) I=0.8 A (raw 0.0) PF=1.0000 FB=OPEN CMD=OPEN
[2026-05-19 15:14:43] Bus 2: V=1.008 pu (raw 1.010) I=439.8 A (raw 440.0) PF=0.9070 FB=CLOSE CMD=OPEN
[2026-05-19 15:14:43] Bus 3: V=1.009 pu (raw 1.008) I=429.2 A (raw 428.6) PF=0.8827 FB=OPEN CMD=OPEN
[2026-05-19 15:14:43] Bus 4: V=1.012 pu (raw 1.010) I=510.1 A (raw 509.8) PF=0.8155 FB=CLOSE CMD=CLOSE
[2026-05-19 15:14:43] Bus 5: V=1.006 pu (raw 1.007) I=469.5 A (raw 468.3) PF=0.9702 FB=CLOSE CMD=CLOSE
DT_PATH_LAT,h2,1779178483.852899,37


[2026-05-19 15:14:47] Bus 1: V=1.020 pu (raw 1.020) I=0.0 A (raw 0.0) PF=1.0000 FB=OPEN CMD=OPEN
[2026-05-19 15:14:47] Bus 2: V=1.008 pu (raw 1.010) I=440.0 A (raw 440.0) PF=0.9070 FB=OPEN CMD=CLOSE
[2026-05-19 15:14:47] Bus 3: V=1.008 pu (raw 1.008) I=428.8 A (raw 428.6) PF=0.8827 FB=OPEN CMD=OPEN
[2026-05-19 15:14:47] Bus 4: V=1.010 pu (raw 1.010) I=510.1 A (raw 509.8) PF=0.8155 FB=CLOSE CMD=CLOSE
[2026-05-19 15:14:47] Bus 5: V=1.007 pu (raw 1.007) I=466.4 A (raw 468.3) PF=0.9702 FB=CLOSE CMD=CLOSE
DT_PATH_LAT,h2,1779178487.982388,38


[2026-05-19 15:14:51] Bus 1: V=1.021 pu (raw 1.020) I=1.6 A (raw 0.0) PF=1.0000 FB=OPEN CMD=OPEN
[2026-05-19 15:14:51] Bus 2: V=1.011 pu (raw 1.010) I=439.7 A (raw 440.0) PF=0.9070 FB=CLOSE CMD=CLOSE
[2026-05-19 15:14:51] Bus 3: V=1.009 pu (raw 1.008) I=427.2 A (raw 428.6) PF=0.8827 FB=OPEN CMD=OPEN
[2026-05-19 15:14:51] Bus 4: V=1.004 pu (raw 1.010) I=509.9 A (raw 509.8) PF=0.8155 FB=CLOSE CMD=CLOSE
[2026-05-19 15:14:51] Bus 5: V=1.004 pu (raw 1.007) I=469.4 A (raw 468.3) PF=0.9702 FB=CLOSE CMD=CLOSE
DT_PATH_LAT,h2,1779178492.093962,39


[2026-05-19 15:14:56] Bus 1: V=1.017 pu (raw 1.020) I=0.0 A (raw 0.0) PF=1.0000 FB=OPEN CMD=OPEN
[2026-05-19 15:14:56] Bus 2: V=1.007 pu (raw 1.010) I=442.4 A (raw 440.0) PF=0.9070 FB=CLOSE CMD=OPEN
[2026-05-19 15:14:56] Bus 3: V=1.007 pu (raw 1.008) I=426.5 A (raw 428.6) PF=0.8827 FB=OPEN CMD=OPEN
[2026-05-19 15:14:56] Bus 4: V=1.008 pu (raw 1.010) I=510.6 A (raw 509.8) PF=0.8155 FB=CLOSE CMD=CLOSE
[2026-05-19 15:14:56] Bus 5: V=1.008 pu (raw 1.007) I=468.6 A (raw 468.3) PF=0.9702 FB=CLOSE CMD=CLOSE
DT_PATH_LAT,h2,1779178496.205194,40


[2026-05-19 15:15:00] Bus 1: V=1.024 pu (raw 1.020) I=1.1 A (raw 0.0) PF=1.0000 FB=OPEN CMD=OPEN
[2026-05-19 15:15:00] Bus 2: V=1.010 pu (raw 1.010) I=440.9 A (raw 440.0) PF=0.9070 FB=OPEN CMD=CLOSE
[2026-05-19 15:15:00] Bus 3: V=1.013 pu (raw 1.008) I=430.1 A (raw 428.6) PF=0.8827 FB=OPEN CMD=OPEN
[2026-05-19 15:15:00] Bus 4: V=1.013 pu (raw 1.010) I=508.2 A (raw 509.8) PF=0.8155 FB=CLOSE CMD=CLOSE
[2026-05-19 15:15:00] Bus 5: V=1.007 pu (raw 1.007) I=469.4 A (raw 468.3) PF=0.9702 FB=CLOSE CMD=CLOSE
DT_PATH_LAT,h2,1779178500.348306,41


[2026-05-19 15:15:04] Bus 1: V=1.019 pu (raw 1.020) I=1.6 A (raw 0.0) PF=1.0000 FB=OPEN CMD=OPEN
[2026-05-19 15:15:04] Bus 2: V=1.012 pu (raw 1.010) I=441.4 A (raw 440.0) PF=0.9070 FB=CLOSE CMD=CLOSE
[2026-05-19 15:15:04] Bus 3: V=1.007 pu (raw 1.008) I=432.4 A (raw 428.6) PF=0.8827 FB=OPEN CMD=OPEN
[2026-05-19 15:15:04] Bus 4: V=1.014 pu (raw 1.010) I=509.5 A (raw 509.8) PF=0.8155 FB=CLOSE CMD=CLOSE
[2026-05-19 15:15:04] Bus 5: V=1.007 pu (raw 1.007) I=472.2 A (raw 468.3) PF=0.9702 FB=CLOSE CMD=CLOSE
DT_PATH_LAT,h2,1779178504.461132,42


[2026-05-19 15:15:08] Bus 1: V=1.019 pu (raw 1.020) I=1.3 A (raw 0.0) PF=1.0000 FB=OPEN CMD=OPEN
[2026-05-19 15:15:08] Bus 2: V=1.013 pu (raw 1.010) I=440.0 A (raw 440.0) PF=0.9070 FB=CLOSE CMD=OPEN
[2026-05-19 15:15:08] Bus 3: V=1.004 pu (raw 1.008) I=428.9 A (raw 428.6) PF=0.8827 FB=OPEN CMD=OPEN
[2026-05-19 15:15:08] Bus 4: V=1.011 pu (raw 1.010) I=511.5 A (raw 509.8) PF=0.8155 FB=CLOSE CMD=CLOSE
[2026-05-19 15:15:08] Bus 5: V=1.009 pu (raw 1.007) I=468.4 A (raw 468.3) PF=0.9702 FB=CLOSE CMD=CLOSE
DT_PATH_LAT,h2,1779178508.585773,43


[2026-05-19 15:15:12] Bus 1: V=1.023 pu (raw 1.020) I=0.8 A (raw 0.0) PF=1.0000 FB=OPEN CMD=OPEN
[2026-05-19 15:15:12] Bus 2: V=1.011 pu (raw 1.010) I=440.1 A (raw 440.0) PF=0.9070 FB=OPEN CMD=CLOSE
[2026-05-19 15:15:12] Bus 3: V=1.007 pu (raw 1.008) I=429.6 A (raw 428.6) PF=0.8827 FB=OPEN CMD=OPEN
[2026-05-19 15:15:12] Bus 4: V=1.007 pu (raw 1.010) I=508.9 A (raw 509.8) PF=0.8155 FB=CLOSE CMD=CLOSE
[2026-05-19 15:15:12] Bus 5: V=1.007 pu (raw 1.007) I=466.1 A (raw 468.3) PF=0.9702 FB=CLOSE CMD=CLOSE
DT_PATH_LAT,h2,1779178512.695487,44


[2026-05-19 15:15:16] Bus 1: V=1.019 pu (raw 1.020) I=0.0 A (raw 0.0) PF=1.0000 FB=OPEN CMD=OPEN
[2026-05-19 15:15:16] Bus 2: V=1.008 pu (raw 1.010) I=440.9 A (raw 440.0) PF=0.9070 FB=CLOSE CMD=CLOSE
[2026-05-19 15:15:16] Bus 3: V=1.010 pu (raw 1.008) I=428.5 A (raw 428.6) PF=0.8827 FB=OPEN CMD=OPEN
[2026-05-19 15:15:16] Bus 4: V=1.009 pu (raw 1.010) I=507.7 A (raw 509.8) PF=0.8155 FB=CLOSE CMD=CLOSE
[2026-05-19 15:15:16] Bus 5: V=1.012 pu (raw 1.007) I=469.1 A (raw 468.3) PF=0.9702 FB=CLOSE CMD=CLOSE
DT_PATH_LAT,h2,1779178516.800575,45


[2026-05-19 15:15:20] Bus 1: V=1.023 pu (raw 1.020) I=0.0 A (raw 0.0) PF=1.0000 FB=OPEN CMD=OPEN
[2026-05-19 15:15:20] Bus 2: V=1.009 pu (raw 1.010) I=437.3 A (raw 440.0) PF=0.9070 FB=CLOSE CMD=OPEN
[2026-05-19 15:15:20] Bus 3: V=1.010 pu (raw 1.008) I=430.0 A (raw 428.6) PF=0.8827 FB=OPEN CMD=OPEN
[2026-05-19 15:15:20] Bus 4: V=1.004 pu (raw 1.010) I=509.7 A (raw 509.8) PF=0.8155 FB=CLOSE CMD=CLOSE
[2026-05-19 15:15:20] Bus 5: V=1.009 pu (raw 1.007) I=465.7 A (raw 468.3) PF=0.9702 FB=CLOSE CMD=CLOSE
DT_PATH_LAT,h2,1779178520.929624,46


