Memulai Server OPC UA
Endpoints other than open requested but private key and certificate are not set.
Listening on 10.0.2.2:4840
Memulai Modbus Gateway di 0.0.0.0:5020


[2026-05-19 15:12:09] [iter 1] [Bus 1] P/Q/CMD -> V_in=0.0000 pu, I_in=0.0000 A, PF=0.0000, V_out=0.0000 pu, I_out=0.0000 A, V_DT=1.0000 pu, P=0.0000 MW, Q=0.0000 MVar
[2026-05-19 15:12:09] [iter 1] [Bus 2] P/Q/CMD -> V_in=0.0000 pu, I_in=0.0000 A, PF=0.0000, V_out=0.0000 pu, I_out=0.0000 A, V_DT=1.0000 pu, P=0.0000 MW, Q=0.0000 MVar
[2026-05-19 15:12:09] [iter 1] [Bus 3] P/Q/CMD -> V_in=0.0000 pu, I_in=0.0000 A, PF=0.0000, V_out=0.0000 pu, I_out=0.0000 A, V_DT=1.0000 pu, P=0.0000 MW, Q=0.0000 MVar
[2026-05-19 15:12:09] [iter 1] [Bus 4] P/Q/CMD -> V_in=0.0000 pu, I_in=0.0000 A, PF=0.0000, V_out=0.0000 pu, I_out=0.0000 A, V_DT=1.0000 pu, P=0.0000 MW, Q=0.0000 MVar
[2026-05-19 15:12:09] [iter 1] [Bus 5] P/Q/CMD -> V_in=0.0000 pu, I_in=0.0000 A, PF=0.0000, V_out=0.0000 pu, I_out=0.0000 A, V_DT=1.0000 pu, P=0.0000 MW, Q=0.0000 MVar


[2026-05-19 15:12:13] [iter 2] [Bus 1] P/Q/CMD -> V_in=1.0190 pu, I_in=805.1333 A, PF=0.9665, V_out=1.0190 pu, I_out=805.1333 A, V_DT=1.0000 pu, P=151.0766 MW, Q=40.1203 MVar
[2026-05-19 15:12:13] [iter 2] [Bus 2] P/Q/CMD -> V_in=1.0090 pu, I_in=398.0667 A, PF=0.9020, V_out=1.0090 pu, I_out=398.0667 A, V_DT=1.0000 pu, P=69.0251 MW, Q=33.0384 MVar
[2026-05-19 15:12:13] [iter 2] [Bus 3] P/Q/CMD -> V_in=1.0060 pu, I_in=394.2667 A, PF=0.9001, V_out=1.0060 pu, I_out=394.2667 A, V_DT=1.0000 pu, P=68.0193 MW, Q=32.9240 MVar
[2026-05-19 15:12:13] [iter 2] [Bus 4] P/Q/CMD -> V_in=1.0130 pu, I_in=488.8667 A, PF=0.8515, V_out=1.0130 pu, I_out=488.8667 A, V_DT=1.0000 pu, P=80.3411 MW, Q=49.4741 MVar
[2026-05-19 15:12:13] [iter 2] [Bus 5] P/Q/CMD -> V_in=1.0100 pu, I_in=493.0333 A, PF=0.9771, V_out=1.0100 pu, I_out=493.0333 A, V_DT=1.0000 pu, P=92.7022 MW, Q=20.1875 MVar


[2026-05-19 15:12:17] [iter 3] [Bus 1] P/Q/CMD -> V_in=1.0210 pu, I_in=804.6333 A, PF=0.9665, V_out=1.0210 pu, I_out=804.6333 A, V_DT=1.0200 pu, P=151.2791 MW, Q=40.1741 MVar
[2026-05-19 15:12:17] [iter 3] [Bus 2] P/Q/CMD -> V_in=1.0050 pu, I_in=399.8333 A, PF=0.9020, V_out=1.0050 pu, I_out=399.8333 A, V_DT=1.0097 pu, P=69.0566 MW, Q=33.0534 MVar
[2026-05-19 15:12:17] [iter 3] [Bus 3] P/Q/CMD -> V_in=1.0100 pu, I_in=395.3333 A, PF=0.9001, V_out=1.0100 pu, I_out=395.3333 A, V_DT=1.0071 pu, P=68.4745 MW, Q=33.1443 MVar
[2026-05-19 15:12:17] [iter 3] [Bus 4] P/Q/CMD -> V_in=1.0040 pu, I_in=485.6000 A, PF=0.8515, V_out=1.0040 pu, I_out=485.6000 A, V_DT=1.0100 pu, P=79.0952 MW, Q=48.7069 MVar
[2026-05-19 15:12:17] [iter 3] [Bus 5] P/Q/CMD -> V_in=1.0040 pu, I_in=491.9333 A, PF=0.9771, V_out=1.0040 pu, I_out=491.9333 A, V_DT=1.0082 pu, P=91.9459 MW, Q=20.0228 MVar


[2026-05-19 15:12:22] [iter 4] [Bus 1] P/Q/CMD -> V_in=1.0200 pu, I_in=804.2667 A, PF=0.9665, V_out=1.0200 pu, I_out=804.2667 A, V_DT=1.0200 pu, P=151.0621 MW, Q=40.1165 MVar
[2026-05-19 15:12:22] [iter 4] [Bus 2] P/Q/CMD -> V_in=1.0110 pu, I_in=397.6000 A, PF=0.9020, V_out=1.0110 pu, I_out=397.6000 A, V_DT=1.0097 pu, P=69.0808 MW, Q=33.0650 MVar
[2026-05-19 15:12:22] [iter 4] [Bus 3] P/Q/CMD -> V_in=1.0090 pu, I_in=395.1667 A, PF=0.9001, V_out=1.0090 pu, I_out=395.1667 A, V_DT=1.0070 pu, P=68.3779 MW, Q=33.0975 MVar
[2026-05-19 15:12:22] [iter 4] [Bus 4] P/Q/CMD -> V_in=1.0080 pu, I_in=490.8000 A, PF=0.8515, V_out=1.0080 pu, I_out=490.8000 A, V_DT=1.0100 pu, P=80.2607 MW, Q=49.4246 MVar
[2026-05-19 15:12:22] [iter 4] [Bus 5] P/Q/CMD -> V_in=1.0080 pu, I_in=494.4333 A, PF=0.9771, V_out=1.0080 pu, I_out=494.4333 A, V_DT=1.0082 pu, P=92.7813 MW, Q=20.2048 MVar


[2026-05-19 15:12:26] [iter 5] [Bus 1] P/Q/CMD -> V_in=1.0180 pu, I_in=1204.8667 A, PF=0.9665, V_out=1.0180 pu, I_out=1204.8667 A, V_DT=1.0200 pu, P=225.8614 MW, Q=59.9804 MVar
[2026-05-19 15:12:26] [iter 5] [Bus 2] P/Q/CMD -> V_in=1.0080 pu, I_in=597.6000 A, PF=0.9020, V_out=1.0080 pu, I_out=597.6000 A, V_DT=1.0097 pu, P=103.5216 MW, Q=49.5499 MVar
[2026-05-19 15:12:26] [iter 5] [Bus 3] P/Q/CMD -> V_in=1.0100 pu, I_in=394.9667 A, PF=0.9001, V_out=1.0100 pu, I_out=394.9667 A, V_DT=1.0070 pu, P=68.4110 MW, Q=33.1136 MVar
[2026-05-19 15:12:26] [iter 5] [Bus 4] P/Q/CMD -> V_in=1.0080 pu, I_in=730.1333 A, PF=0.8515, V_out=1.0080 pu, I_out=730.1333 A, V_DT=1.0100 pu, P=119.3990 MW, Q=73.5260 MVar
[2026-05-19 15:12:26] [iter 5] [Bus 5] P/Q/CMD -> V_in=1.0050 pu, I_in=741.7000 A, PF=0.9771, V_out=1.0050 pu, I_out=741.7000 A, V_DT=1.0082 pu, P=138.7671 MW, Q=30.2190 MVar


[2026-05-19 15:12:30] [iter 6] [Bus 1] P/Q/CMD -> V_in=1.0170 pu, I_in=804.7333 A, PF=0.9665, V_out=1.0170 pu, I_out=804.7333 A, V_DT=1.0200 pu, P=150.7052 MW, Q=40.0217 MVar
[2026-05-19 15:12:30] [Bus 1] Command breaker ke RTU: OPEN
[2026-05-19 15:12:30] [iter 6] [Bus 2] P/Q/CMD -> V_in=1.0110 pu, I_in=396.3000 A, PF=0.9020, V_out=1.0110 pu, I_out=396.3000 A, V_DT=1.0074 pu, P=68.8549 MW, Q=32.9569 MVar
[2026-05-19 15:12:30] [iter 6] [Bus 3] P/Q/CMD -> V_in=1.0090 pu, I_in=396.5333 A, PF=0.9001, V_out=1.0090 pu, I_out=396.5333 A, V_DT=1.0054 pu, P=68.6143 MW, Q=33.2120 MVar
[2026-05-19 15:12:30] [Bus 3] Command breaker ke RTU: OPEN
[2026-05-19 15:12:30] [iter 6] [Bus 4] P/Q/CMD -> V_in=1.0030 pu, I_in=731.6000 A, PF=0.8515, V_out=1.0030 pu, I_out=731.6000 A, V_DT=1.0100 pu, P=119.0454 MW, Q=73.3083 MVar
[2026-05-19 15:12:30] [iter 6] [Bus 5] P/Q/CMD -> V_in=1.0060 pu, I_in=737.1333 A, PF=0.9771, V_out=1.0060 pu, I_out=737.1333 A, V_DT=1.0073 pu, P=138.0500 MW, Q=30.0628 MVar


[2026-05-19 15:12:34] [iter 7] [Bus 1] P/Q/CMD -> V_in=1.0210 pu, I_in=841.8333 A, PF=0.9654, V_out=1.0210 pu, I_out=841.8333 A, V_DT=1.0200 pu, P=158.0929 MW, Q=42.7040 MVar
[2026-05-19 15:12:34] [Bus 1] Command breaker ke RTU: CLOSE
[2026-05-19 15:12:34] [iter 7] [Bus 2] P/Q/CMD -> V_in=1.0050 pu, I_in=441.2667 A, PF=0.9070, V_out=1.0050 pu, I_out=441.2667 A, V_DT=1.0095 pu, P=76.6351 MW, Q=35.5826 MVar
[2026-05-19 15:12:34] [iter 7] [Bus 3] P/Q/CMD -> V_in=1.0100 pu, I_in=430.0000 A, PF=0.8827, V_out=1.0100 pu, I_out=430.0000 A, V_DT=1.0069 pu, P=73.0392 MW, Q=38.8851 MVar
[2026-05-19 15:12:34] [Bus 3] Command breaker ke RTU: CLOSE
[2026-05-19 15:12:34] [iter 7] [Bus 4] P/Q/CMD -> V_in=1.0140 pu, I_in=510.3333 A, PF=0.8155, V_out=1.0140 pu, I_out=510.3333 A, V_DT=1.0100 pu, P=80.4024 MW, Q=57.0613 MVar
[2026-05-19 15:12:34] [iter 7] [Bus 5] P/Q/CMD -> V_in=1.0070 pu, I_in=466.3667 A, PF=0.9702, V_out=1.0070 pu, I_out=466.3667 A, V_DT=1.0073 pu, P=86.8104 MW, Q=21.6807 MVar


[2026-05-19 15:12:38] [iter 8] [Bus 1] P/Q/CMD -> V_in=1.0210 pu, I_in=1261.5000 A, PF=0.9654, V_out=1.0210 pu, I_out=1261.5000 A, V_DT=1.0200 pu, P=236.9047 MW, Q=63.9926 MVar
[2026-05-19 15:12:38] [iter 8] [Bus 2] P/Q/CMD -> V_in=1.0080 pu, I_in=657.2000 A, PF=0.9070, V_out=1.0080 pu, I_out=657.2000 A, V_DT=1.0089 pu, P=114.4771 MW, Q=53.1531 MVar
[2026-05-19 15:12:38] [iter 8] [Bus 3] P/Q/CMD -> V_in=1.0050 pu, I_in=427.8000 A, PF=0.8827, V_out=1.0050 pu, I_out=427.8000 A, V_DT=1.0062 pu, P=72.3058 MW, Q=38.4946 MVar
[2026-05-19 15:12:38] [iter 8] [Bus 4] P/Q/CMD -> V_in=1.0130 pu, I_in=760.1000 A, PF=0.8155, V_out=1.0130 pu, I_out=760.1000 A, V_DT=1.0100 pu, P=119.6348 MW, Q=84.9043 MVar
[2026-05-19 15:12:38] [iter 8] [Bus 5] P/Q/CMD -> V_in=1.0070 pu, I_in=466.3667 A, PF=0.9702, V_out=1.0070 pu, I_out=466.3667 A, V_DT=1.0082 pu, P=86.8104 MW, Q=21.6807 MVar


[2026-05-19 15:12:42] [iter 9] [Bus 1] P/Q/CMD -> V_in=1.0210 pu, I_in=1261.5000 A, PF=0.9654, V_out=1.0210 pu, I_out=1261.5000 A, V_DT=1.0200 pu, P=236.9047 MW, Q=63.9926 MVar
[2026-05-19 15:12:42] [Bus 1] Command breaker ke RTU: OPEN
[2026-05-19 15:12:42] [iter 9] [Bus 2] P/Q/CMD -> V_in=1.0080 pu, I_in=657.2000 A, PF=0.9070, V_out=1.0080 pu, I_out=657.2000 A, V_DT=1.0089 pu, P=114.4771 MW, Q=53.1531 MVar
[2026-05-19 15:12:42] [iter 9] [Bus 3] P/Q/CMD -> V_in=1.0050 pu, I_in=427.8000 A, PF=0.8827, V_out=1.0050 pu, I_out=427.8000 A, V_DT=1.0062 pu, P=72.3058 MW, Q=38.4946 MVar
[2026-05-19 15:12:42] [Bus 3] Command breaker ke RTU: OPEN
[2026-05-19 15:12:42] [iter 9] [Bus 4] P/Q/CMD -> V_in=1.0130 pu, I_in=760.1000 A, PF=0.8155, V_out=1.0130 pu, I_out=760.1000 A, V_DT=1.0100 pu, P=119.6348 MW, Q=84.9043 MVar
[2026-05-19 15:12:42] [iter 9] [Bus 5] P/Q/CMD -> V_in=1.0020 pu, I_in=703.0000 A, PF=0.9702, V_out=1.0020 pu, I_out=703.0000 A, V_DT=1.0082 pu, P=130.2080 MW, Q=32.5192 MVar


[2026-05-19 15:12:47] [iter 10] [Bus 1] P/Q/CMD -> V_in=1.0240 pu, I_in=1264.2000 A, PF=0.9654, V_out=1.0240 pu, I_out=1264.2000 A, V_DT=1.0200 pu, P=238.1093 MW, Q=64.3180 MVar
[2026-05-19 15:12:47] [iter 10] [Bus 2] P/Q/CMD -> V_in=1.0040 pu, I_in=654.3333 A, PF=0.9070, V_out=1.0040 pu, I_out=654.3333 A, V_DT=1.0089 pu, P=113.5255 MW, Q=52.7112 MVar
[2026-05-19 15:12:47] [iter 10] [Bus 3] P/Q/CMD -> V_in=1.0090 pu, I_in=641.2000 A, PF=0.8827, V_out=1.0090 pu, I_out=641.2000 A, V_DT=1.0062 pu, P=108.8056 MW, Q=57.9265 MVar
[2026-05-19 15:12:47] [iter 10] [Bus 4] P/Q/CMD -> V_in=1.0060 pu, I_in=766.8667 A, PF=0.8155, V_out=1.0060 pu, I_out=766.8667 A, V_DT=1.0100 pu, P=119.8658 MW, Q=85.0682 MVar
[2026-05-19 15:12:47] [iter 10] [Bus 5] P/Q/CMD -> V_in=1.0100 pu, I_in=702.8667 A, PF=0.9702, V_out=1.0100 pu, I_out=702.8667 A, V_DT=1.0082 pu, P=131.2227 MW, Q=32.7726 MVar


[2026-05-19 15:12:51] [iter 11] [Bus 1] P/Q/CMD -> V_in=1.0200 pu, I_in=1263.8667 A, PF=0.9654, V_out=1.0200 pu, I_out=1263.8667 A, V_DT=1.0200 pu, P=237.1166 MW, Q=64.0499 MVar
[2026-05-19 15:12:51] [iter 11] [Bus 2] P/Q/CMD -> V_in=1.0140 pu, I_in=440.9333 A, PF=0.9070, V_out=1.0140 pu, I_out=440.9333 A, V_DT=1.0048 pu, P=77.2630 MW, Q=35.8741 MVar
[2026-05-19 15:12:51] [Bus 2] Command breaker ke RTU: OPEN
[2026-05-19 15:12:51] [iter 11] [Bus 3] P/Q/CMD -> V_in=1.0090 pu, I_in=429.4000 A, PF=0.8827, V_out=1.0090 pu, I_out=429.4000 A, V_DT=1.0017 pu, P=72.8651 MW, Q=38.7923 MVar
[2026-05-19 15:12:51] [iter 11] [Bus 4] P/Q/CMD -> V_in=1.0050 pu, I_in=511.7000 A, PF=0.8155, V_out=1.0050 pu, I_out=511.7000 A, V_DT=1.0100 pu, P=79.9022 MW, Q=56.7063 MVar
[2026-05-19 15:12:51] [iter 11] [Bus 5] P/Q/CMD -> V_in=1.0090 pu, I_in=469.1000 A, PF=0.9702, V_out=1.0090 pu, I_out=469.1000 A, V_DT=1.0073 pu, P=87.4926 MW, Q=21.8511 MVar


[2026-05-19 15:12:55] [iter 12] [Bus 1] P/Q/CMD -> V_in=1.0140 pu, I_in=840.9667 A, PF=0.9654, V_out=1.0140 pu, I_out=840.9667 A, V_DT=1.0200 pu, P=156.8474 MW, Q=42.3676 MVar
[2026-05-19 15:12:55] [iter 12] [Bus 2] P/Q/CMD -> V_in=1.0120 pu, I_in=655.9333 A, PF=0.9070, V_out=1.0120 pu, I_out=655.9333 A, V_DT=1.0048 pu, P=114.7099 MW, Q=53.2611 MVar
[2026-05-19 15:12:55] [Bus 2] Command breaker ke RTU: CLOSE
[2026-05-19 15:12:55] [iter 12] [Bus 3] P/Q/CMD -> V_in=1.0070 pu, I_in=430.1000 A, PF=0.8827, V_out=1.0070 pu, I_out=430.1000 A, V_DT=1.0017 pu, P=72.8392 MW, Q=38.7786 MVar
[2026-05-19 15:12:55] [iter 12] [Bus 4] P/Q/CMD -> V_in=1.0060 pu, I_in=768.3000 A, PF=0.8155, V_out=1.0060 pu, I_out=768.3000 A, V_DT=1.0100 pu, P=120.0898 MW, Q=85.2272 MVar
[2026-05-19 15:12:55] [iter 12] [Bus 5] P/Q/CMD -> V_in=1.0080 pu, I_in=702.1667 A, PF=0.9702, V_out=1.0080 pu, I_out=702.1667 A, V_DT=1.0073 pu, P=130.8324 MW, Q=32.6751 MVar


[2026-05-19 15:12:59] [iter 13] [Bus 1] P/Q/CMD -> V_in=1.0200 pu, I_in=0.9667 A, PF=1.0000, V_out=1.0200 pu, I_out=0.9667 A, V_DT=1.0200 pu, P=0.1879 MW, Q=0.0000 MVar
[2026-05-19 15:12:59] [iter 13] [Bus 2] P/Q/CMD -> V_in=1.0100 pu, I_in=662.6000 A, PF=0.9070, V_out=1.0100 pu, I_out=662.6000 A, V_DT=1.0048 pu, P=115.6467 MW, Q=53.6961 MVar
[2026-05-19 15:12:59] [iter 13] [Bus 3] P/Q/CMD -> V_in=1.0060 pu, I_in=641.9333 A, PF=0.8827, V_out=1.0060 pu, I_out=641.9333 A, V_DT=1.0017 pu, P=108.6061 MW, Q=57.8204 MVar
[2026-05-19 15:12:59] [iter 13] [Bus 4] P/Q/CMD -> V_in=1.0130 pu, I_in=509.8333 A, PF=0.8155, V_out=1.0130 pu, I_out=509.8333 A, V_DT=1.0100 pu, P=80.2444 MW, Q=56.9492 MVar
[2026-05-19 15:12:59] [iter 13] [Bus 5] P/Q/CMD -> V_in=1.0040 pu, I_in=704.6000 A, PF=0.9702, V_out=1.0040 pu, I_out=704.6000 A, V_DT=1.0073 pu, P=130.7648 MW, Q=32.6583 MVar


[2026-05-19 15:13:03] [iter 14] [Bus 1] P/Q/CMD -> V_in=1.0240 pu, I_in=0.0000 A, PF=1.0000, V_out=1.0240 pu, I_out=0.0000 A, V_DT=1.0200 pu, P=0.0000 MW, Q=0.0000 MVar
[2026-05-19 15:13:03] [iter 14] [Bus 2] P/Q/CMD -> V_in=1.0050 pu, I_in=439.8000 A, PF=0.9070, V_out=1.0050 pu, I_out=439.8000 A, V_DT=1.0048 pu, P=76.3804 MW, Q=35.4643 MVar
[2026-05-19 15:13:03] [Bus 2] Command breaker ke RTU: OPEN
[2026-05-19 15:13:03] [iter 14] [Bus 3] P/Q/CMD -> V_in=1.0070 pu, I_in=642.2000 A, PF=0.8827, V_out=1.0070 pu, I_out=642.2000 A, V_DT=1.0017 pu, P=108.7593 MW, Q=57.9019 MVar
[2026-05-19 15:13:03] [iter 14] [Bus 4] P/Q/CMD -> V_in=1.0140 pu, I_in=762.3333 A, PF=0.8155, V_out=1.0140 pu, I_out=762.3333 A, V_DT=1.0100 pu, P=120.1047 MW, Q=85.2379 MVar
[2026-05-19 15:13:03] [iter 14] [Bus 5] P/Q/CMD -> V_in=1.0100 pu, I_in=699.6000 A, PF=0.9702, V_out=1.0100 pu, I_out=699.6000 A, V_DT=1.0073 pu, P=130.6128 MW, Q=32.6203 MVar


[2026-05-19 15:13:07] [iter 15] [Bus 1] P/Q/CMD -> V_in=1.0170 pu, I_in=0.9333 A, PF=1.0000, V_out=1.0170 pu, I_out=0.9333 A, V_DT=1.0200 pu, P=0.1808 MW, Q=0.0000 MVar
[2026-05-19 15:13:07] [iter 15] [Bus 2] P/Q/CMD -> V_in=1.0130 pu, I_in=441.3000 A, PF=0.9070, V_out=1.0130 pu, I_out=441.3000 A, V_DT=1.0048 pu, P=77.2510 MW, Q=35.8685 MVar
[2026-05-19 15:13:07] [Bus 2] Command breaker ke RTU: CLOSE
[2026-05-19 15:13:07] [iter 15] [Bus 3] P/Q/CMD -> V_in=1.0090 pu, I_in=428.8000 A, PF=0.8827, V_out=1.0090 pu, I_out=428.8000 A, V_DT=1.0017 pu, P=72.7633 MW, Q=38.7381 MVar
[2026-05-19 15:13:07] [iter 15] [Bus 4] P/Q/CMD -> V_in=1.0100 pu, I_in=510.6333 A, PF=0.8155, V_out=1.0100 pu, I_out=510.6333 A, V_DT=1.0100 pu, P=80.1323 MW, Q=56.8696 MVar
[2026-05-19 15:13:07] [iter 15] [Bus 5] P/Q/CMD -> V_in=1.0060 pu, I_in=468.7333 A, PF=0.9702, V_out=1.0060 pu, I_out=468.7333 A, V_DT=1.0073 pu, P=87.1643 MW, Q=21.7691 MVar


[2026-05-19 15:13:11] [iter 16] [Bus 1] P/Q/CMD -> V_in=1.0210 pu, I_in=0.0000 A, PF=1.0000, V_out=1.0210 pu, I_out=0.0000 A, V_DT=1.0200 pu, P=0.0000 MW, Q=0.0000 MVar
[2026-05-19 15:13:11] [iter 16] [Bus 2] P/Q/CMD -> V_in=1.0120 pu, I_in=661.3000 A, PF=0.9070, V_out=1.0120 pu, I_out=661.3000 A, V_DT=1.0048 pu, P=115.6484 MW, Q=53.6969 MVar
[2026-05-19 15:13:11] [iter 16] [Bus 3] P/Q/CMD -> V_in=1.0140 pu, I_in=643.6000 A, PF=0.8827, V_out=1.0140 pu, I_out=643.6000 A, V_DT=1.0017 pu, P=109.7540 MW, Q=58.4315 MVar
[2026-05-19 15:13:11] [iter 16] [Bus 4] P/Q/CMD -> V_in=1.0080 pu, I_in=763.8667 A, PF=0.8155, V_out=1.0080 pu, I_out=763.8667 A, V_DT=1.0100 pu, P=119.6342 MW, Q=84.9039 MVar
[2026-05-19 15:13:11] [iter 16] [Bus 5] P/Q/CMD -> V_in=1.0060 pu, I_in=704.5333 A, PF=0.9702, V_out=1.0060 pu, I_out=704.5333 A, V_DT=1.0073 pu, P=131.0129 MW, Q=32.7202 MVar


[2026-05-19 15:13:15] [iter 17] [Bus 1] P/Q/CMD -> V_in=1.0180 pu, I_in=0.5667 A, PF=1.0000, V_out=1.0180 pu, I_out=0.5667 A, V_DT=1.0200 pu, P=0.1099 MW, Q=0.0000 MVar
[2026-05-19 15:13:15] [iter 17] [Bus 2] P/Q/CMD -> V_in=1.0150 pu, I_in=436.1667 A, PF=0.9070, V_out=1.0150 pu, I_out=436.1667 A, V_DT=1.0048 pu, P=76.5031 MW, Q=35.5213 MVar
[2026-05-19 15:13:15] [Bus 2] Command breaker ke RTU: OPEN
[2026-05-19 15:13:15] [iter 17] [Bus 3] P/Q/CMD -> V_in=1.0040 pu, I_in=643.4000 A, PF=0.8827, V_out=1.0040 pu, I_out=643.4000 A, V_DT=1.0017 pu, P=108.6379 MW, Q=57.8373 MVar
[2026-05-19 15:13:15] [iter 17] [Bus 4] P/Q/CMD -> V_in=1.0110 pu, I_in=765.2000 A, PF=0.8155, V_out=1.0110 pu, I_out=765.2000 A, V_DT=1.0100 pu, P=120.1997 MW, Q=85.3052 MVar
[2026-05-19 15:13:15] [iter 17] [Bus 5] P/Q/CMD -> V_in=1.0050 pu, I_in=703.9333 A, PF=0.9702, V_out=1.0050 pu, I_out=703.9333 A, V_DT=1.0073 pu, P=130.7712 MW, Q=32.6599 MVar


[2026-05-19 15:13:19] [iter 18] [Bus 1] P/Q/CMD -> V_in=1.0200 pu, I_in=0.0000 A, PF=1.0000, V_out=1.0200 pu, I_out=0.0000 A, V_DT=1.0200 pu, P=0.0000 MW, Q=0.0000 MVar
[2026-05-19 15:13:19] [iter 18] [Bus 2] P/Q/CMD -> V_in=1.0170 pu, I_in=440.5333 A, PF=0.9070, V_out=1.0170 pu, I_out=440.5333 A, V_DT=1.0048 pu, P=77.4213 MW, Q=35.9476 MVar
[2026-05-19 15:13:19] [Bus 2] Command breaker ke RTU: CLOSE
[2026-05-19 15:13:19] [iter 18] [Bus 3] P/Q/CMD -> V_in=1.0060 pu, I_in=428.4333 A, PF=0.8827, V_out=1.0060 pu, I_out=428.4333 A, V_DT=1.0017 pu, P=72.4849 MW, Q=38.5899 MVar
[2026-05-19 15:13:19] [iter 18] [Bus 4] P/Q/CMD -> V_in=1.0090 pu, I_in=509.7000 A, PF=0.8155, V_out=1.0090 pu, I_out=509.7000 A, V_DT=1.0100 pu, P=79.9067 MW, Q=56.7094 MVar
[2026-05-19 15:13:19] [iter 18] [Bus 5] P/Q/CMD -> V_in=0.9980 pu, I_in=467.6000 A, PF=0.9702, V_out=0.9980 pu, I_out=467.6000 A, V_DT=1.0073 pu, P=86.2620 MW, Q=21.5438 MVar


[2026-05-19 15:13:23] [iter 19] [Bus 1] P/Q/CMD -> V_in=1.0230 pu, I_in=0.0000 A, PF=1.0000, V_out=1.0230 pu, I_out=0.0000 A, V_DT=1.0200 pu, P=0.0000 MW, Q=0.0000 MVar
[2026-05-19 15:13:23] [iter 19] [Bus 2] P/Q/CMD -> V_in=1.0090 pu, I_in=662.1333 A, PF=0.9070, V_out=1.0090 pu, I_out=662.1333 A, V_DT=1.0048 pu, P=115.4509 MW, Q=53.6052 MVar
[2026-05-19 15:13:23] [iter 19] [Bus 3] P/Q/CMD -> V_in=1.0100 pu, I_in=646.2667 A, PF=0.8827, V_out=1.0100 pu, I_out=646.2667 A, V_DT=1.0017 pu, P=109.7740 MW, Q=58.4421 MVar
[2026-05-19 15:13:23] [iter 19] [Bus 4] P/Q/CMD -> V_in=1.0040 pu, I_in=509.2667 A, PF=0.8155, V_out=1.0040 pu, I_out=509.2667 A, V_DT=1.0100 pu, P=79.4431 MW, Q=56.3805 MVar
[2026-05-19 15:13:23] [iter 19] [Bus 5] P/Q/CMD -> V_in=1.0050 pu, I_in=703.9000 A, PF=0.9702, V_out=1.0050 pu, I_out=703.9000 A, V_DT=1.0073 pu, P=130.7650 MW, Q=32.6583 MVar


[2026-05-19 15:13:27] [iter 20] [Bus 1] P/Q/CMD -> V_in=1.0230 pu, I_in=0.0000 A, PF=1.0000, V_out=1.0230 pu, I_out=0.0000 A, V_DT=1.0200 pu, P=0.0000 MW, Q=0.0000 MVar
[2026-05-19 15:13:27] [iter 20] [Bus 2] P/Q/CMD -> V_in=1.0130 pu, I_in=437.8333 A, PF=0.9070, V_out=1.0130 pu, I_out=437.8333 A, V_DT=1.0048 pu, P=76.6441 MW, Q=35.5868 MVar
[2026-05-19 15:13:27] [Bus 2] Command breaker ke RTU: OPEN
[2026-05-19 15:13:27] [iter 20] [Bus 3] P/Q/CMD -> V_in=1.0100 pu, I_in=639.5000 A, PF=0.8827, V_out=1.0100 pu, I_out=639.5000 A, V_DT=1.0017 pu, P=108.6246 MW, Q=57.8302 MVar
[2026-05-19 15:13:27] [iter 20] [Bus 4] P/Q/CMD -> V_in=1.0100 pu, I_in=767.3333 A, PF=0.8155, V_out=1.0100 pu, I_out=767.3333 A, V_DT=1.0100 pu, P=120.4156 MW, Q=85.4585 MVar
[2026-05-19 15:13:27] [iter 20] [Bus 5] P/Q/CMD -> V_in=1.0060 pu, I_in=468.6000 A, PF=0.9702, V_out=1.0060 pu, I_out=468.6000 A, V_DT=1.0073 pu, P=87.1395 MW, Q=21.7629 MVar


[2026-05-19 15:13:31] [iter 21] [Bus 1] P/Q/CMD -> V_in=1.0220 pu, I_in=0.2000 A, PF=1.0000, V_out=1.0220 pu, I_out=0.2000 A, V_DT=1.0200 pu, P=0.0389 MW, Q=0.0000 MVar
[2026-05-19 15:13:31] [iter 21] [Bus 2] P/Q/CMD -> V_in=1.0090 pu, I_in=663.4667 A, PF=0.9070, V_out=1.0090 pu, I_out=663.4667 A, V_DT=1.0048 pu, P=115.6834 MW, Q=53.7131 MVar
[2026-05-19 15:13:31] [Bus 2] Command breaker ke RTU: CLOSE
[2026-05-19 15:13:31] [iter 21] [Bus 3] P/Q/CMD -> V_in=1.0110 pu, I_in=428.1333 A, PF=0.8827, V_out=1.0110 pu, I_out=428.1333 A, V_DT=1.0017 pu, P=72.7942 MW, Q=38.7546 MVar
[2026-05-19 15:13:31] [iter 21] [Bus 4] P/Q/CMD -> V_in=1.0180 pu, I_in=762.1000 A, PF=0.8155, V_out=1.0180 pu, I_out=762.1000 A, V_DT=1.0100 pu, P=120.5416 MW, Q=85.5479 MVar
[2026-05-19 15:13:31] [iter 21] [Bus 5] P/Q/CMD -> V_in=1.0090 pu, I_in=467.9333 A, PF=0.9702, V_out=1.0090 pu, I_out=467.9333 A, V_DT=1.0073 pu, P=87.2750 MW, Q=21.7968 MVar


[2026-05-19 15:13:35] [iter 22] [Bus 1] P/Q/CMD -> V_in=1.0200 pu, I_in=1.0333 A, PF=1.0000, V_out=1.0200 pu, I_out=1.0333 A, V_DT=1.0200 pu, P=0.2008 MW, Q=0.0000 MVar
[2026-05-19 15:13:35] [iter 22] [Bus 2] P/Q/CMD -> V_in=1.0100 pu, I_in=440.9667 A, PF=0.9070, V_out=1.0100 pu, I_out=440.9667 A, V_DT=1.0048 pu, P=76.9640 MW, Q=35.7353 MVar
[2026-05-19 15:13:35] [iter 22] [Bus 3] P/Q/CMD -> V_in=1.0030 pu, I_in=426.3333 A, PF=0.8827, V_out=1.0030 pu, I_out=426.3333 A, V_DT=1.0017 pu, P=71.9145 MW, Q=38.2863 MVar
[2026-05-19 15:13:35] [iter 22] [Bus 4] P/Q/CMD -> V_in=1.0110 pu, I_in=762.5000 A, PF=0.8155, V_out=1.0110 pu, I_out=762.5000 A, V_DT=1.0100 pu, P=119.7756 MW, Q=85.0042 MVar
[2026-05-19 15:13:35] [iter 22] [Bus 5] P/Q/CMD -> V_in=1.0030 pu, I_in=699.1667 A, PF=0.9702, V_out=1.0030 pu, I_out=699.1667 A, V_DT=1.0073 pu, P=129.6272 MW, Q=32.3741 MVar


[2026-05-19 15:13:39] [iter 23] [Bus 1] P/Q/CMD -> V_in=1.0230 pu, I_in=1.6667 A, PF=1.0000, V_out=1.0230 pu, I_out=1.6667 A, V_DT=1.0200 pu, P=0.3248 MW, Q=0.0000 MVar
[2026-05-19 15:13:39] [iter 23] [Bus 2] P/Q/CMD -> V_in=1.0140 pu, I_in=657.9000 A, PF=0.9070, V_out=1.0140 pu, I_out=657.9000 A, V_DT=1.0048 pu, P=115.2812 MW, Q=53.5264 MVar
[2026-05-19 15:13:39] [Bus 2] Command breaker ke RTU: OPEN
[2026-05-19 15:13:39] [iter 23] [Bus 3] P/Q/CMD -> V_in=1.0080 pu, I_in=640.3000 A, PF=0.8827, V_out=1.0080 pu, I_out=640.3000 A, V_DT=1.0017 pu, P=108.5452 MW, Q=57.7879 MVar
[2026-05-19 15:13:39] [iter 23] [Bus 4] P/Q/CMD -> V_in=1.0120 pu, I_in=768.2667 A, PF=0.8155, V_out=1.0120 pu, I_out=768.2667 A, V_DT=1.0100 pu, P=120.8008 MW, Q=85.7318 MVar
[2026-05-19 15:13:39] [iter 23] [Bus 5] P/Q/CMD -> V_in=1.0040 pu, I_in=706.0000 A, PF=0.9702, V_out=1.0040 pu, I_out=706.0000 A, V_DT=1.0073 pu, P=131.0246 MW, Q=32.7231 MVar


[2026-05-19 15:13:43] [iter 24] [Bus 1] P/Q/CMD -> V_in=1.0220 pu, I_in=0.0000 A, PF=1.0000, V_out=1.0220 pu, I_out=0.0000 A, V_DT=1.0200 pu, P=0.0000 MW, Q=0.0000 MVar
[2026-05-19 15:13:43] [iter 24] [Bus 2] P/Q/CMD -> V_in=1.0040 pu, I_in=663.2000 A, PF=0.9070, V_out=1.0040 pu, I_out=663.2000 A, V_DT=1.0048 pu, P=115.0638 MW, Q=53.4255 MVar
[2026-05-19 15:13:43] [Bus 2] Command breaker ke RTU: CLOSE
[2026-05-19 15:13:43] [iter 24] [Bus 3] P/Q/CMD -> V_in=1.0070 pu, I_in=641.5000 A, PF=0.8827, V_out=1.0070 pu, I_out=641.5000 A, V_DT=1.0017 pu, P=108.6407 MW, Q=57.8388 MVar
[2026-05-19 15:13:43] [iter 24] [Bus 4] P/Q/CMD -> V_in=1.0110 pu, I_in=510.4000 A, PF=0.8155, V_out=1.0110 pu, I_out=510.4000 A, V_DT=1.0100 pu, P=80.1750 MW, Q=56.8999 MVar
[2026-05-19 15:13:43] [iter 24] [Bus 5] P/Q/CMD -> V_in=1.0110 pu, I_in=700.2000 A, PF=0.9702, V_out=1.0110 pu, I_out=700.2000 A, V_DT=1.0073 pu, P=130.8543 MW, Q=32.6806 MVar


[2026-05-19 15:13:48] [iter 25] [Bus 1] P/Q/CMD -> V_in=1.0230 pu, I_in=2.2000 A, PF=1.0000, V_out=1.0230 pu, I_out=2.2000 A, V_DT=1.0200 pu, P=0.4288 MW, Q=0.0000 MVar
[2026-05-19 15:13:48] [iter 25] [Bus 2] P/Q/CMD -> V_in=1.0140 pu, I_in=439.7333 A, PF=0.9070, V_out=1.0140 pu, I_out=439.7333 A, V_DT=1.0048 pu, P=77.0527 MW, Q=35.7765 MVar
[2026-05-19 15:13:48] [iter 25] [Bus 3] P/Q/CMD -> V_in=1.0050 pu, I_in=430.1000 A, PF=0.8827, V_out=1.0050 pu, I_out=430.1000 A, V_DT=1.0017 pu, P=72.6946 MW, Q=38.7016 MVar
[2026-05-19 15:13:48] [iter 25] [Bus 4] P/Q/CMD -> V_in=1.0100 pu, I_in=509.9667 A, PF=0.8155, V_out=1.0100 pu, I_out=509.9667 A, V_DT=1.0100 pu, P=80.0277 MW, Q=56.7954 MVar
[2026-05-19 15:13:48] [iter 25] [Bus 5] P/Q/CMD -> V_in=1.0110 pu, I_in=467.9333 A, PF=0.9702, V_out=1.0110 pu, I_out=467.9333 A, V_DT=1.0073 pu, P=87.4480 MW, Q=21.8400 MVar


[2026-05-19 15:13:52] [iter 26] [Bus 1] P/Q/CMD -> V_in=1.0130 pu, I_in=0.0000 A, PF=1.0000, V_out=1.0130 pu, I_out=0.0000 A, V_DT=1.0200 pu, P=0.0000 MW, Q=0.0000 MVar
[2026-05-19 15:13:52] [iter 26] [Bus 2] P/Q/CMD -> V_in=1.0040 pu, I_in=661.8667 A, PF=0.9070, V_out=1.0040 pu, I_out=661.8667 A, V_DT=1.0048 pu, P=114.8325 MW, Q=53.3181 MVar
[2026-05-19 15:13:52] [Bus 2] Command breaker ke RTU: OPEN
[2026-05-19 15:13:52] [iter 26] [Bus 3] P/Q/CMD -> V_in=1.0080 pu, I_in=641.5000 A, PF=0.8827, V_out=1.0080 pu, I_out=641.5000 A, V_DT=1.0017 pu, P=108.7486 MW, Q=57.8962 MVar
[2026-05-19 15:13:52] [iter 26] [Bus 4] P/Q/CMD -> V_in=1.0090 pu, I_in=766.5667 A, PF=0.8155, V_out=1.0090 pu, I_out=766.5667 A, V_DT=1.0100 pu, P=120.1762 MW, Q=85.2885 MVar
[2026-05-19 15:13:52] [iter 26] [Bus 5] P/Q/CMD -> V_in=1.0070 pu, I_in=705.4667 A, PF=0.9702, V_out=1.0070 pu, I_out=705.4667 A, V_DT=1.0073 pu, P=131.3169 MW, Q=32.7961 MVar


[2026-05-19 15:13:56] [iter 27] [Bus 1] P/Q/CMD -> V_in=1.0190 pu, I_in=2.3000 A, PF=1.0000, V_out=1.0190 pu, I_out=2.3000 A, V_DT=1.0200 pu, P=0.4465 MW, Q=0.0000 MVar
[2026-05-19 15:13:56] [iter 27] [Bus 2] P/Q/CMD -> V_in=1.0140 pu, I_in=663.6667 A, PF=0.9070, V_out=1.0140 pu, I_out=663.6667 A, V_DT=1.0048 pu, P=116.2917 MW, Q=53.9956 MVar
[2026-05-19 15:13:56] [Bus 2] Command breaker ke RTU: CLOSE
[2026-05-19 15:13:56] [iter 27] [Bus 3] P/Q/CMD -> V_in=1.0050 pu, I_in=644.8333 A, PF=0.8827, V_out=1.0050 pu, I_out=644.8333 A, V_DT=1.0017 pu, P=108.9883 MW, Q=58.0238 MVar
[2026-05-19 15:13:56] [iter 27] [Bus 4] P/Q/CMD -> V_in=1.0040 pu, I_in=762.2667 A, PF=0.8155, V_out=1.0040 pu, I_out=762.2667 A, V_DT=1.0100 pu, P=118.9099 MW, Q=84.3899 MVar
[2026-05-19 15:13:56] [iter 27] [Bus 5] P/Q/CMD -> V_in=1.0010 pu, I_in=704.9000 A, PF=0.9702, V_out=1.0010 pu, I_out=704.9000 A, V_DT=1.0073 pu, P=130.4296 MW, Q=32.5745 MVar


[2026-05-19 15:14:00] [iter 28] [Bus 1] P/Q/CMD -> V_in=1.0160 pu, I_in=0.0000 A, PF=1.0000, V_out=1.0160 pu, I_out=0.0000 A, V_DT=1.0200 pu, P=0.0000 MW, Q=0.0000 MVar
[2026-05-19 15:14:00] [iter 28] [Bus 2] P/Q/CMD -> V_in=1.0090 pu, I_in=439.9667 A, PF=0.9070, V_out=1.0090 pu, I_out=439.9667 A, V_DT=1.0048 pu, P=76.7135 MW, Q=35.6189 MVar
[2026-05-19 15:14:00] [iter 28] [Bus 3] P/Q/CMD -> V_in=1.0060 pu, I_in=428.9333 A, PF=0.8827, V_out=1.0060 pu, I_out=428.9333 A, V_DT=1.0017 pu, P=72.5695 MW, Q=38.6350 MVar
[2026-05-19 15:14:00] [iter 28] [Bus 4] P/Q/CMD -> V_in=1.0150 pu, I_in=509.8333 A, PF=0.8155, V_out=1.0150 pu, I_out=509.8333 A, V_DT=1.0100 pu, P=80.4029 MW, Q=57.0616 MVar
[2026-05-19 15:14:00] [iter 28] [Bus 5] P/Q/CMD -> V_in=1.0080 pu, I_in=469.8333 A, PF=0.9702, V_out=1.0080 pu, I_out=469.8333 A, V_DT=1.0073 pu, P=87.5425 MW, Q=21.8636 MVar


[2026-05-19 15:14:04] [iter 29] [Bus 1] P/Q/CMD -> V_in=1.0190 pu, I_in=0.0000 A, PF=1.0000, V_out=1.0190 pu, I_out=0.0000 A, V_DT=1.0200 pu, P=0.0000 MW, Q=0.0000 MVar
[2026-05-19 15:14:04] [iter 29] [Bus 2] P/Q/CMD -> V_in=1.0080 pu, I_in=662.4667 A, PF=0.9070, V_out=1.0080 pu, I_out=662.4667 A, V_DT=1.0048 pu, P=115.3945 MW, Q=53.5790 MVar
[2026-05-19 15:14:04] [Bus 2] Command breaker ke RTU: OPEN
[2026-05-19 15:14:04] [iter 29] [Bus 3] P/Q/CMD -> V_in=1.0030 pu, I_in=427.7000 A, PF=0.8827, V_out=1.0030 pu, I_out=427.7000 A, V_DT=1.0017 pu, P=72.1451 MW, Q=38.4090 MVar
[2026-05-19 15:14:04] [iter 29] [Bus 4] P/Q/CMD -> V_in=1.0130 pu, I_in=766.4333 A, PF=0.8155, V_out=1.0130 pu, I_out=766.4333 A, V_DT=1.0100 pu, P=120.6316 MW, Q=85.6118 MVar
[2026-05-19 15:14:04] [iter 29] [Bus 5] P/Q/CMD -> V_in=1.0070 pu, I_in=469.5333 A, PF=0.9702, V_out=1.0070 pu, I_out=469.5333 A, V_DT=1.0073 pu, P=87.3998 MW, Q=21.8279 MVar


[2026-05-19 15:14:08] [iter 30] [Bus 1] P/Q/CMD -> V_in=1.0200 pu, I_in=0.0000 A, PF=1.0000, V_out=1.0200 pu, I_out=0.0000 A, V_DT=1.0200 pu, P=0.0000 MW, Q=0.0000 MVar
[2026-05-19 15:14:08] [iter 30] [Bus 2] P/Q/CMD -> V_in=1.0050 pu, I_in=658.6000 A, PF=0.9070, V_out=1.0050 pu, I_out=658.6000 A, V_DT=1.0048 pu, P=114.3796 MW, Q=53.1078 MVar
[2026-05-19 15:14:08] [Bus 2] Command breaker ke RTU: CLOSE
[2026-05-19 15:14:08] [iter 30] [Bus 3] P/Q/CMD -> V_in=1.0100 pu, I_in=641.6000 A, PF=0.8827, V_out=1.0100 pu, I_out=641.6000 A, V_DT=1.0017 pu, P=108.9813 MW, Q=58.0201 MVar
[2026-05-19 15:14:08] [iter 30] [Bus 4] P/Q/CMD -> V_in=1.0070 pu, I_in=762.9333 A, PF=0.8155, V_out=1.0070 pu, I_out=762.9333 A, V_DT=1.0100 pu, P=119.3695 MW, Q=84.7160 MVar
[2026-05-19 15:14:08] [iter 30] [Bus 5] P/Q/CMD -> V_in=1.0020 pu, I_in=702.2000 A, PF=0.9702, V_out=1.0020 pu, I_out=702.2000 A, V_DT=1.0073 pu, P=130.0598 MW, Q=32.4822 MVar


[2026-05-19 15:14:12] [iter 31] [Bus 1] P/Q/CMD -> V_in=1.0160 pu, I_in=0.8000 A, PF=1.0000, V_out=1.0160 pu, I_out=0.8000 A, V_DT=1.0200 pu, P=0.1549 MW, Q=0.0000 MVar
[2026-05-19 15:14:12] [iter 31] [Bus 2] P/Q/CMD -> V_in=1.0020 pu, I_in=440.5000 A, PF=0.9070, V_out=1.0020 pu, I_out=440.5000 A, V_DT=1.0048 pu, P=76.2736 MW, Q=35.4147 MVar
[2026-05-19 15:14:12] [iter 31] [Bus 3] P/Q/CMD -> V_in=1.0060 pu, I_in=638.5000 A, PF=0.8827, V_out=1.0060 pu, I_out=638.5000 A, V_DT=1.0017 pu, P=108.0253 MW, Q=57.5111 MVar
[2026-05-19 15:14:12] [iter 31] [Bus 4] P/Q/CMD -> V_in=1.0120 pu, I_in=509.3667 A, PF=0.8155, V_out=1.0120 pu, I_out=509.3667 A, V_DT=1.0100 pu, P=80.0918 MW, Q=56.8409 MVar
[2026-05-19 15:14:12] [iter 31] [Bus 5] P/Q/CMD -> V_in=1.0000 pu, I_in=467.0000 A, PF=0.9702, V_out=1.0000 pu, I_out=467.0000 A, V_DT=1.0073 pu, P=86.3240 MW, Q=21.5592 MVar


[2026-05-19 15:14:16] [iter 32] [Bus 1] P/Q/CMD -> V_in=1.0200 pu, I_in=0.0000 A, PF=1.0000, V_out=1.0200 pu, I_out=0.0000 A, V_DT=1.0200 pu, P=0.0000 MW, Q=0.0000 MVar
[2026-05-19 15:14:16] [iter 32] [Bus 2] P/Q/CMD -> V_in=1.0120 pu, I_in=441.1333 A, PF=0.9070, V_out=1.0120 pu, I_out=441.1333 A, V_DT=1.0048 pu, P=77.1456 MW, Q=35.8196 MVar
[2026-05-19 15:14:16] [Bus 2] Command breaker ke RTU: OPEN
[2026-05-19 15:14:16] [iter 32] [Bus 3] P/Q/CMD -> V_in=1.0090 pu, I_in=429.0667 A, PF=0.8827, V_out=1.0090 pu, I_out=429.0667 A, V_DT=1.0017 pu, P=72.8085 MW, Q=38.7622 MVar
[2026-05-19 15:14:16] [iter 32] [Bus 4] P/Q/CMD -> V_in=1.0140 pu, I_in=510.7667 A, PF=0.8155, V_out=1.0140 pu, I_out=510.7667 A, V_DT=1.0100 pu, P=80.4707 MW, Q=57.1097 MVar
[2026-05-19 15:14:16] [iter 32] [Bus 5] P/Q/CMD -> V_in=1.0080 pu, I_in=465.2000 A, PF=0.9702, V_out=1.0080 pu, I_out=465.2000 A, V_DT=1.0073 pu, P=86.6792 MW, Q=21.6480 MVar


[2026-05-19 15:14:20] [iter 33] [Bus 1] P/Q/CMD -> V_in=1.0220 pu, I_in=1.9333 A, PF=1.0000, V_out=1.0220 pu, I_out=1.9333 A, V_DT=1.0200 pu, P=0.3765 MW, Q=0.0000 MVar
[2026-05-19 15:14:20] [iter 33] [Bus 2] P/Q/CMD -> V_in=1.0090 pu, I_in=658.9333 A, PF=0.9070, V_out=1.0090 pu, I_out=658.9333 A, V_DT=1.0048 pu, P=114.8929 MW, Q=53.3461 MVar
[2026-05-19 15:14:20] [Bus 2] Command breaker ke RTU: CLOSE
[2026-05-19 15:14:20] [iter 33] [Bus 3] P/Q/CMD -> V_in=1.0130 pu, I_in=638.9000 A, PF=0.8827, V_out=1.0130 pu, I_out=638.9000 A, V_DT=1.0017 pu, P=108.8451 MW, Q=57.9476 MVar
[2026-05-19 15:14:20] [iter 33] [Bus 4] P/Q/CMD -> V_in=1.0110 pu, I_in=770.1333 A, PF=0.8155, V_out=1.0110 pu, I_out=770.1333 A, V_DT=1.0100 pu, P=120.9746 MW, Q=85.8552 MVar
[2026-05-19 15:14:20] [iter 33] [Bus 5] P/Q/CMD -> V_in=1.0040 pu, I_in=704.0667 A, PF=0.9702, V_out=1.0040 pu, I_out=704.0667 A, V_DT=1.0073 pu, P=130.6658 MW, Q=32.6335 MVar


[2026-05-19 15:14:24] [iter 34] [Bus 1] P/Q/CMD -> V_in=1.0250 pu, I_in=0.0000 A, PF=1.0000, V_out=1.0250 pu, I_out=0.0000 A, V_DT=1.0200 pu, P=0.0000 MW, Q=0.0000 MVar
[2026-05-19 15:14:24] [iter 34] [Bus 2] P/Q/CMD -> V_in=1.0110 pu, I_in=662.0667 A, PF=0.9070, V_out=1.0110 pu, I_out=662.0667 A, V_DT=1.0048 pu, P=115.6681 MW, Q=53.7060 MVar
[2026-05-19 15:14:24] [iter 34] [Bus 3] P/Q/CMD -> V_in=1.0050 pu, I_in=642.6667 A, PF=0.8827, V_out=1.0050 pu, I_out=642.6667 A, V_DT=1.0017 pu, P=108.6221 MW, Q=57.8289 MVar
[2026-05-19 15:14:24] [iter 34] [Bus 4] P/Q/CMD -> V_in=1.0100 pu, I_in=766.5667 A, PF=0.8155, V_out=1.0100 pu, I_out=766.5667 A, V_DT=1.0100 pu, P=120.2953 MW, Q=85.3731 MVar
[2026-05-19 15:14:24] [iter 34] [Bus 5] P/Q/CMD -> V_in=1.0060 pu, I_in=702.0667 A, PF=0.9702, V_out=1.0060 pu, I_out=702.0667 A, V_DT=1.0073 pu, P=130.5542 MW, Q=32.6057 MVar


[2026-05-19 15:14:28] [iter 35] [Bus 1] P/Q/CMD -> V_in=1.0160 pu, I_in=0.0000 A, PF=1.0000, V_out=1.0160 pu, I_out=0.0000 A, V_DT=1.0200 pu, P=0.0000 MW, Q=0.0000 MVar
[2026-05-19 15:14:28] [iter 35] [Bus 2] P/Q/CMD -> V_in=1.0120 pu, I_in=440.1667 A, PF=0.9070, V_out=1.0120 pu, I_out=440.1667 A, V_DT=1.0048 pu, P=76.9765 MW, Q=35.7411 MVar
[2026-05-19 15:14:28] [Bus 2] Command breaker ke RTU: OPEN
[2026-05-19 15:14:28] [iter 35] [Bus 3] P/Q/CMD -> V_in=1.0050 pu, I_in=427.3333 A, PF=0.8827, V_out=1.0050 pu, I_out=427.3333 A, V_DT=1.0017 pu, P=72.2269 MW, Q=38.4526 MVar
[2026-05-19 15:14:28] [iter 35] [Bus 4] P/Q/CMD -> V_in=1.0180 pu, I_in=511.5000 A, PF=0.8155, V_out=1.0180 pu, I_out=511.5000 A, V_DT=1.0100 pu, P=80.9041 MW, Q=57.4173 MVar
[2026-05-19 15:14:28] [iter 35] [Bus 5] P/Q/CMD -> V_in=1.0080 pu, I_in=464.4333 A, PF=0.9702, V_out=1.0080 pu, I_out=464.4333 A, V_DT=1.0073 pu, P=86.5363 MW, Q=21.6123 MVar


[2026-05-19 15:14:32] [iter 36] [Bus 1] P/Q/CMD -> V_in=1.0210 pu, I_in=1.0333 A, PF=1.0000, V_out=1.0210 pu, I_out=1.0333 A, V_DT=1.0200 pu, P=0.2010 MW, Q=0.0000 MVar
[2026-05-19 15:14:32] [iter 36] [Bus 2] P/Q/CMD -> V_in=1.0150 pu, I_in=661.0000 A, PF=0.9070, V_out=1.0150 pu, I_out=661.0000 A, V_DT=1.0048 pu, P=115.9386 MW, Q=53.8316 MVar
[2026-05-19 15:14:32] [Bus 2] Command breaker ke RTU: CLOSE
[2026-05-19 15:14:32] [iter 36] [Bus 3] P/Q/CMD -> V_in=1.0070 pu, I_in=644.0667 A, PF=0.8827, V_out=1.0070 pu, I_out=644.0667 A, V_DT=1.0017 pu, P=109.0754 MW, Q=58.0702 MVar
[2026-05-19 15:14:32] [iter 36] [Bus 4] P/Q/CMD -> V_in=1.0040 pu, I_in=767.0000 A, PF=0.8155, V_out=1.0040 pu, I_out=767.0000 A, V_DT=1.0100 pu, P=119.6483 MW, Q=84.9139 MVar
[2026-05-19 15:14:32] [iter 36] [Bus 5] P/Q/CMD -> V_in=1.0070 pu, I_in=700.9000 A, PF=0.9702, V_out=1.0070 pu, I_out=700.9000 A, V_DT=1.0073 pu, P=130.4668 MW, Q=32.5838 MVar


[2026-05-19 15:14:36] [iter 37] [Bus 1] P/Q/CMD -> V_in=1.0230 pu, I_in=4.0667 A, PF=1.0000, V_out=1.0230 pu, I_out=4.0667 A, V_DT=1.0200 pu, P=0.7926 MW, Q=0.0000 MVar
[2026-05-19 15:14:36] [iter 37] [Bus 2] P/Q/CMD -> V_in=1.0050 pu, I_in=439.0333 A, PF=0.9070, V_out=1.0050 pu, I_out=439.0333 A, V_DT=1.0048 pu, P=76.2472 MW, Q=35.4025 MVar
[2026-05-19 15:14:36] [iter 37] [Bus 3] P/Q/CMD -> V_in=1.0080 pu, I_in=643.3000 A, PF=0.8827, V_out=1.0080 pu, I_out=643.3000 A, V_DT=1.0017 pu, P=109.0537 MW, Q=58.0587 MVar
[2026-05-19 15:14:36] [iter 37] [Bus 4] P/Q/CMD -> V_in=1.0080 pu, I_in=762.5000 A, PF=0.8155, V_out=1.0080 pu, I_out=762.5000 A, V_DT=1.0100 pu, P=119.4202 MW, Q=84.7520 MVar
[2026-05-19 15:14:36] [iter 37] [Bus 5] P/Q/CMD -> V_in=1.0130 pu, I_in=704.8000 A, PF=0.9702, V_out=1.0130 pu, I_out=704.8000 A, V_DT=1.0073 pu, P=131.9745 MW, Q=32.9604 MVar


[2026-05-19 15:14:40] [iter 38] [Bus 1] P/Q/CMD -> V_in=1.0160 pu, I_in=0.0000 A, PF=1.0000, V_out=1.0160 pu, I_out=0.0000 A, V_DT=1.0200 pu, P=0.0000 MW, Q=0.0000 MVar
[2026-05-19 15:14:40] [iter 38] [Bus 2] P/Q/CMD -> V_in=1.0150 pu, I_in=441.5000 A, PF=0.9070, V_out=1.0150 pu, I_out=441.5000 A, V_DT=1.0048 pu, P=77.4386 MW, Q=35.9556 MVar
[2026-05-19 15:14:40] [Bus 2] Command breaker ke RTU: OPEN
[2026-05-19 15:14:40] [iter 38] [Bus 3] P/Q/CMD -> V_in=1.0130 pu, I_in=429.8000 A, PF=0.8827, V_out=1.0130 pu, I_out=429.8000 A, V_DT=1.0017 pu, P=73.2221 MW, Q=38.9824 MVar
[2026-05-19 15:14:40] [iter 38] [Bus 4] P/Q/CMD -> V_in=1.0070 pu, I_in=510.1667 A, PF=0.8155, V_out=1.0070 pu, I_out=510.1667 A, V_DT=1.0100 pu, P=79.8213 MW, Q=56.6489 MVar
[2026-05-19 15:14:40] [iter 38] [Bus 5] P/Q/CMD -> V_in=1.0000 pu, I_in=467.2000 A, PF=0.9702, V_out=1.0000 pu, I_out=467.2000 A, V_DT=1.0073 pu, P=86.3610 MW, Q=21.5685 MVar


[2026-05-19 15:14:44] [iter 39] [Bus 1] P/Q/CMD -> V_in=1.0190 pu, I_in=1.1667 A, PF=1.0000, V_out=1.0190 pu, I_out=1.1667 A, V_DT=1.0200 pu, P=0.2265 MW, Q=0.0000 MVar
[2026-05-19 15:14:44] [iter 39] [Bus 2] P/Q/CMD -> V_in=1.0070 pu, I_in=439.8333 A, PF=0.9070, V_out=1.0070 pu, I_out=439.8333 A, V_DT=1.0048 pu, P=76.5382 MW, Q=35.5376 MVar
[2026-05-19 15:14:44] [Bus 2] Command breaker ke RTU: CLOSE
[2026-05-19 15:14:44] [iter 39] [Bus 3] P/Q/CMD -> V_in=1.0090 pu, I_in=643.7000 A, PF=0.8827, V_out=1.0090 pu, I_out=643.7000 A, V_DT=1.0017 pu, P=109.2298 MW, Q=58.1524 MVar
[2026-05-19 15:14:44] [iter 39] [Bus 4] P/Q/CMD -> V_in=1.0110 pu, I_in=765.1667 A, PF=0.8155, V_out=1.0110 pu, I_out=765.1667 A, V_DT=1.0100 pu, P=120.1945 MW, Q=85.3015 MVar
[2026-05-19 15:14:44] [iter 39] [Bus 5] P/Q/CMD -> V_in=1.0060 pu, I_in=704.2667 A, PF=0.9702, V_out=1.0060 pu, I_out=704.2667 A, V_DT=1.0073 pu, P=130.9633 MW, Q=32.7078 MVar


[2026-05-19 15:14:48] [iter 40] [Bus 1] P/Q/CMD -> V_in=1.0200 pu, I_in=0.0000 A, PF=1.0000, V_out=1.0200 pu, I_out=0.0000 A, V_DT=1.0200 pu, P=0.0000 MW, Q=0.0000 MVar
[2026-05-19 15:14:48] [iter 40] [Bus 2] P/Q/CMD -> V_in=1.0080 pu, I_in=440.0000 A, PF=0.9070, V_out=1.0080 pu, I_out=440.0000 A, V_DT=1.0048 pu, P=76.6432 MW, Q=35.5863 MVar
[2026-05-19 15:14:48] [iter 40] [Bus 3] P/Q/CMD -> V_in=1.0070 pu, I_in=643.2667 A, PF=0.8827, V_out=1.0070 pu, I_out=643.2667 A, V_DT=1.0017 pu, P=108.9399 MW, Q=57.9981 MVar
[2026-05-19 15:14:48] [iter 40] [Bus 4] P/Q/CMD -> V_in=1.0090 pu, I_in=510.0333 A, PF=0.8155, V_out=1.0090 pu, I_out=510.0333 A, V_DT=1.0100 pu, P=79.9589 MW, Q=56.7465 MVar
[2026-05-19 15:14:48] [iter 40] [Bus 5] P/Q/CMD -> V_in=1.0060 pu, I_in=466.4333 A, PF=0.9702, V_out=1.0060 pu, I_out=466.4333 A, V_DT=1.0073 pu, P=86.7365 MW, Q=21.6623 MVar


[2026-05-19 15:14:52] [iter 41] [Bus 1] P/Q/CMD -> V_in=1.0210 pu, I_in=2.3333 A, PF=1.0000, V_out=1.0210 pu, I_out=2.3333 A, V_DT=1.0200 pu, P=0.4539 MW, Q=0.0000 MVar
[2026-05-19 15:14:52] [iter 41] [Bus 2] P/Q/CMD -> V_in=1.0110 pu, I_in=659.6000 A, PF=0.9070, V_out=1.0110 pu, I_out=659.6000 A, V_DT=1.0048 pu, P=115.2371 MW, Q=53.5059 MVar
[2026-05-19 15:14:52] [Bus 2] Command breaker ke RTU: OPEN
[2026-05-19 15:14:52] [iter 41] [Bus 3] P/Q/CMD -> V_in=1.0090 pu, I_in=427.1333 A, PF=0.8827, V_out=1.0090 pu, I_out=427.1333 A, V_DT=1.0017 pu, P=72.4805 MW, Q=38.5876 MVar
[2026-05-19 15:14:52] [iter 41] [Bus 4] P/Q/CMD -> V_in=1.0040 pu, I_in=764.8000 A, PF=0.8155, V_out=1.0040 pu, I_out=764.8000 A, V_DT=1.0100 pu, P=119.3051 MW, Q=84.6703 MVar
[2026-05-19 15:14:52] [iter 41] [Bus 5] P/Q/CMD -> V_in=1.0040 pu, I_in=704.1333 A, PF=0.9702, V_out=1.0040 pu, I_out=704.1333 A, V_DT=1.0073 pu, P=130.6782 MW, Q=32.6366 MVar


[2026-05-19 15:14:56] [iter 42] [Bus 1] P/Q/CMD -> V_in=1.0160 pu, I_in=0.0000 A, PF=1.0000, V_out=1.0160 pu, I_out=0.0000 A, V_DT=1.0200 pu, P=0.0000 MW, Q=0.0000 MVar
[2026-05-19 15:14:56] [iter 42] [Bus 2] P/Q/CMD -> V_in=1.0060 pu, I_in=442.4000 A, PF=0.9070, V_out=1.0060 pu, I_out=442.4000 A, V_DT=1.0048 pu, P=76.9084 MW, Q=35.7095 MVar
[2026-05-19 15:14:56] [Bus 2] Command breaker ke RTU: CLOSE
[2026-05-19 15:14:56] [iter 42] [Bus 3] P/Q/CMD -> V_in=1.0060 pu, I_in=426.5333 A, PF=0.8827, V_out=1.0060 pu, I_out=426.5333 A, V_DT=1.0017 pu, P=72.1635 MW, Q=38.4188 MVar
[2026-05-19 15:14:56] [iter 42] [Bus 4] P/Q/CMD -> V_in=1.0070 pu, I_in=510.5667 A, PF=0.8155, V_out=1.0070 pu, I_out=510.5667 A, V_DT=1.0100 pu, P=79.8839 MW, Q=56.6933 MVar
[2026-05-19 15:14:56] [iter 42] [Bus 5] P/Q/CMD -> V_in=1.0080 pu, I_in=468.5667 A, PF=0.9702, V_out=1.0080 pu, I_out=468.5667 A, V_DT=1.0073 pu, P=87.3065 MW, Q=21.8046 MVar


[2026-05-19 15:15:00] [iter 43] [Bus 1] P/Q/CMD -> V_in=1.0240 pu, I_in=1.0333 A, PF=1.0000, V_out=1.0240 pu, I_out=1.0333 A, V_DT=1.0200 pu, P=0.2016 MW, Q=0.0000 MVar
[2026-05-19 15:15:00] [iter 43] [Bus 2] P/Q/CMD -> V_in=1.0090 pu, I_in=661.3333 A, PF=0.9070, V_out=1.0090 pu, I_out=661.3333 A, V_DT=1.0048 pu, P=115.3114 MW, Q=53.5404 MVar
[2026-05-19 15:15:00] [iter 43] [Bus 3] P/Q/CMD -> V_in=1.0120 pu, I_in=430.0333 A, PF=0.8827, V_out=1.0120 pu, I_out=430.0333 A, V_DT=1.0017 pu, P=73.1895 MW, Q=38.9651 MVar
[2026-05-19 15:15:00] [iter 43] [Bus 4] P/Q/CMD -> V_in=1.0130 pu, I_in=762.2667 A, PF=0.8155, V_out=1.0130 pu, I_out=762.2667 A, V_DT=1.0100 pu, P=119.9758 MW, Q=85.1463 MVar
[2026-05-19 15:15:00] [iter 43] [Bus 5] P/Q/CMD -> V_in=1.0060 pu, I_in=469.4000 A, PF=0.9702, V_out=1.0060 pu, I_out=469.4000 A, V_DT=1.0073 pu, P=87.2882 MW, Q=21.8001 MVar


[2026-05-19 15:15:04] [iter 44] [Bus 1] P/Q/CMD -> V_in=1.0190 pu, I_in=2.4000 A, PF=1.0000, V_out=1.0190 pu, I_out=2.4000 A, V_DT=1.0200 pu, P=0.4659 MW, Q=0.0000 MVar
[2026-05-19 15:15:04] [iter 44] [Bus 2] P/Q/CMD -> V_in=1.0110 pu, I_in=662.0667 A, PF=0.9070, V_out=1.0110 pu, I_out=662.0667 A, V_DT=1.0048 pu, P=115.6681 MW, Q=53.7060 MVar
[2026-05-19 15:15:04] [Bus 2] Command breaker ke RTU: OPEN
[2026-05-19 15:15:04] [iter 44] [Bus 3] P/Q/CMD -> V_in=1.0070 pu, I_in=648.6000 A, PF=0.8827, V_out=1.0070 pu, I_out=648.6000 A, V_DT=1.0017 pu, P=109.8431 MW, Q=58.4789 MVar
[2026-05-19 15:15:04] [iter 44] [Bus 4] P/Q/CMD -> V_in=1.0130 pu, I_in=764.2000 A, PF=0.8155, V_out=1.0130 pu, I_out=764.2000 A, V_DT=1.0100 pu, P=120.2801 MW, Q=85.3623 MVar
[2026-05-19 15:15:04] [iter 44] [Bus 5] P/Q/CMD -> V_in=1.0070 pu, I_in=708.3000 A, PF=0.9702, V_out=1.0070 pu, I_out=708.3000 A, V_DT=1.0073 pu, P=131.8443 MW, Q=32.9278 MVar


[2026-05-19 15:15:08] [iter 45] [Bus 1] P/Q/CMD -> V_in=1.0180 pu, I_in=1.3000 A, PF=1.0000, V_out=1.0180 pu, I_out=1.3000 A, V_DT=1.0200 pu, P=0.2521 MW, Q=0.0000 MVar
[2026-05-19 15:15:08] [iter 45] [Bus 2] P/Q/CMD -> V_in=1.0120 pu, I_in=440.0333 A, PF=0.9070, V_out=1.0120 pu, I_out=440.0333 A, V_DT=1.0048 pu, P=76.9532 MW, Q=35.7303 MVar
[2026-05-19 15:15:08] [Bus 2] Command breaker ke RTU: CLOSE
[2026-05-19 15:15:08] [iter 45] [Bus 3] P/Q/CMD -> V_in=1.0040 pu, I_in=428.8667 A, PF=0.8827, V_out=1.0040 pu, I_out=428.8667 A, V_DT=1.0017 pu, P=72.4140 MW, Q=38.5522 MVar
[2026-05-19 15:15:08] [iter 45] [Bus 4] P/Q/CMD -> V_in=1.0110 pu, I_in=511.4667 A, PF=0.8155, V_out=1.0110 pu, I_out=511.4667 A, V_DT=1.0100 pu, P=80.3426 MW, Q=57.0188 MVar
[2026-05-19 15:15:08] [iter 45] [Bus 5] P/Q/CMD -> V_in=1.0090 pu, I_in=468.3667 A, PF=0.9702, V_out=1.0090 pu, I_out=468.3667 A, V_DT=1.0073 pu, P=87.3558 MW, Q=21.8169 MVar


[2026-05-19 15:15:12] [iter 46] [Bus 1] P/Q/CMD -> V_in=1.0220 pu, I_in=1.2000 A, PF=1.0000, V_out=1.0220 pu, I_out=1.2000 A, V_DT=1.0200 pu, P=0.2337 MW, Q=0.0000 MVar
[2026-05-19 15:15:12] [iter 46] [Bus 2] P/Q/CMD -> V_in=1.0100 pu, I_in=440.1000 A, PF=0.9070, V_out=1.0100 pu, I_out=440.1000 A, V_DT=1.0048 pu, P=76.8128 MW, Q=35.6651 MVar
[2026-05-19 15:15:12] [iter 46] [Bus 3] P/Q/CMD -> V_in=1.0070 pu, I_in=644.4000 A, PF=0.8827, V_out=1.0070 pu, I_out=644.4000 A, V_DT=1.0017 pu, P=109.1318 MW, Q=58.1002 MVar
[2026-05-19 15:15:12] [iter 46] [Bus 4] P/Q/CMD -> V_in=1.0060 pu, I_in=763.2667 A, PF=0.8155, V_out=1.0060 pu, I_out=763.2667 A, V_DT=1.0100 pu, P=119.3031 MW, Q=84.6689 MVar
[2026-05-19 15:15:12] [iter 46] [Bus 5] P/Q/CMD -> V_in=1.0070 pu, I_in=466.1333 A, PF=0.9702, V_out=1.0070 pu, I_out=466.1333 A, V_DT=1.0073 pu, P=86.7669 MW, Q=21.6699 MVar


[2026-05-19 15:15:16] [iter 47] [Bus 1] P/Q/CMD -> V_in=1.0180 pu, I_in=0.0000 A, PF=1.0000, V_out=1.0180 pu, I_out=0.0000 A, V_DT=1.0200 pu, P=0.0000 MW, Q=0.0000 MVar
[2026-05-19 15:15:16] [iter 47] [Bus 2] P/Q/CMD -> V_in=1.0070 pu, I_in=661.3000 A, PF=0.9070, V_out=1.0070 pu, I_out=661.3000 A, V_DT=1.0048 pu, P=115.0770 MW, Q=53.4316 MVar
[2026-05-19 15:15:16] [Bus 2] Command breaker ke RTU: OPEN
[2026-05-19 15:15:16] [iter 47] [Bus 3] P/Q/CMD -> V_in=1.0090 pu, I_in=642.7333 A, PF=0.8827, V_out=1.0090 pu, I_out=642.7333 A, V_DT=1.0017 pu, P=109.0658 MW, Q=58.0651 MVar
[2026-05-19 15:15:16] [iter 47] [Bus 4] P/Q/CMD -> V_in=1.0090 pu, I_in=761.5000 A, PF=0.8155, V_out=1.0090 pu, I_out=761.5000 A, V_DT=1.0100 pu, P=119.3819 MW, Q=84.7248 MVar
[2026-05-19 15:15:16] [iter 47] [Bus 5] P/Q/CMD -> V_in=1.0120 pu, I_in=703.6667 A, PF=0.9702, V_out=1.0120 pu, I_out=703.6667 A, V_DT=1.0073 pu, P=131.6322 MW, Q=32.8749 MVar


[2026-05-19 15:15:20] [iter 48] [Bus 1] P/Q/CMD -> V_in=1.0230 pu, I_in=0.0000 A, PF=1.0000, V_out=1.0230 pu, I_out=0.0000 A, V_DT=1.0200 pu, P=0.0000 MW, Q=0.0000 MVar
[2026-05-19 15:15:20] [iter 48] [Bus 2] P/Q/CMD -> V_in=1.0090 pu, I_in=655.9333 A, PF=0.9070, V_out=1.0090 pu, I_out=655.9333 A, V_DT=1.0048 pu, P=114.3698 MW, Q=53.1032 MVar
[2026-05-19 15:15:20] [Bus 2] Command breaker ke RTU: CLOSE
[2026-05-19 15:15:20] [iter 48] [Bus 3] P/Q/CMD -> V_in=1.0100 pu, I_in=430.0000 A, PF=0.8827, V_out=1.0100 pu, I_out=430.0000 A, V_DT=1.0017 pu, P=73.0392 MW, Q=38.8851 MVar
[2026-05-19 15:15:20] [iter 48] [Bus 4] P/Q/CMD -> V_in=1.0040 pu, I_in=761.5000 A, PF=0.8155, V_out=1.0040 pu, I_out=761.5000 A, V_DT=1.0100 pu, P=118.7903 MW, Q=84.3050 MVar
[2026-05-19 15:15:20] [iter 48] [Bus 5] P/Q/CMD -> V_in=1.0120 pu, I_in=703.6667 A, PF=0.9702, V_out=1.0120 pu, I_out=703.6667 A, V_DT=1.0073 pu, P=131.6322 MW, Q=32.8749 MVar


[2026-05-19 15:15:24] [iter 49] [Bus 1] P/Q/CMD -> V_in=1.0230 pu, I_in=0.0000 A, PF=1.0000, V_out=1.0230 pu, I_out=0.0000 A, V_DT=1.0200 pu, P=0.0000 MW, Q=0.0000 MVar
[2026-05-19 15:15:24] [iter 49] [Bus 2] P/Q/CMD -> V_in=1.0090 pu, I_in=655.9333 A, PF=0.9070, V_out=1.0090 pu, I_out=655.9333 A, V_DT=1.0048 pu, P=114.3698 MW, Q=53.1032 MVar
[2026-05-19 15:15:24] [iter 49] [Bus 3] P/Q/CMD -> V_in=1.0100 pu, I_in=430.0000 A, PF=0.8827, V_out=1.0100 pu, I_out=430.0000 A, V_DT=1.0017 pu, P=73.0392 MW, Q=38.8851 MVar
[2026-05-19 15:15:24] [iter 49] [Bus 4] P/Q/CMD -> V_in=1.0040 pu, I_in=764.5333 A, PF=0.8155, V_out=1.0040 pu, I_out=764.5333 A, V_DT=1.0100 pu, P=119.2635 MW, Q=84.6408 MVar
[2026-05-19 15:15:24] [iter 49] [Bus 5] P/Q/CMD -> V_in=1.0080 pu, I_in=698.5000 A, PF=0.9702, V_out=1.0080 pu, I_out=698.5000 A, V_DT=1.0073 pu, P=130.1492 MW, Q=32.5045 MVar
