RTU measurement noise: seed=7 V_sigma=0.003 I_sigma=1.5


[2026-05-17 01:57:33] Bus 1: V=1.019 pu (raw 1.020) I=810.5 A (raw 809.7) PF=0.9603 FB=CLOSE CMD=CLOSE
[2026-05-17 01:57:33] Bus 2: V=1.009 pu (raw 1.010) I=398.2 A (raw 398.7) PF=0.9020 FB=CLOSE CMD=CLOSE
[2026-05-17 01:57:33] Bus 3: V=1.004 pu (raw 1.007) I=394.9 A (raw 395.2) PF=0.9001 FB=CLOSE CMD=CLOSE
[2026-05-17 01:57:33] Bus 4: V=1.013 pu (raw 1.010) I=479.1 A (raw 478.5) PF=0.8689 FB=CLOSE CMD=CLOSE
[2026-05-17 01:57:33] Bus 5: V=1.011 pu (raw 1.008) I=492.5 A (raw 492.1) PF=0.9771 FB=CLOSE CMD=CLOSE
DT_PATH_LAT,h2,1778957853.131398,1


[2026-05-17 01:57:37] Bus 1: V=1.021 pu (raw 1.020) I=851.0 A (raw 850.8) PF=0.9557 FB=CLOSE CMD=CLOSE
[2026-05-17 01:57:37] Bus 2: V=1.004 pu (raw 1.009) I=441.6 A (raw 440.3) PF=0.9070 FB=CLOSE CMD=CLOSE
[2026-05-17 01:57:37] Bus 3: V=1.008 pu (raw 1.006) I=430.1 A (raw 429.4) PF=0.8827 FB=CLOSE CMD=CLOSE
[2026-05-17 01:57:37] Bus 4: V=1.005 pu (raw 1.010) I=490.1 A (raw 492.7) PF=0.8439 FB=CLOSE CMD=CLOSE
[2026-05-17 01:57:37] Bus 5: V=1.005 pu (raw 1.008) I=467.1 A (raw 467.8) PF=0.9702 FB=CLOSE CMD=CLOSE
DT_PATH_LAT,h2,1778957857.162414,2


[2026-05-17 01:57:41] Bus 1: V=1.021 pu (raw 1.020) I=739.1 A (raw 739.2) PF=0.9651 FB=CLOSE CMD=CLOSE
[2026-05-17 01:57:41] Bus 2: V=1.013 pu (raw 1.011) I=287.0 A (raw 288.0) PF=0.9159 FB=CLOSE CMD=CLOSE
[2026-05-17 01:57:41] Bus 3: V=1.009 pu (raw 1.008) I=446.3 A (raw 445.7) PF=0.9290 FB=CLOSE CMD=CLOSE
[2026-05-17 01:57:41] Bus 4: V=1.008 pu (raw 1.010) I=466.3 A (raw 463.8) PF=0.8964 FB=CLOSE CMD=CLOSE
[2026-05-17 01:57:41] Bus 5: V=1.010 pu (raw 1.008) I=468.1 A (raw 466.3) PF=0.9736 FB=CLOSE CMD=CLOSE
DT_PATH_LAT,h2,1778957861.199764,3


[2026-05-17 01:57:45] Bus 1: V=1.018 pu (raw 1.020) I=892.4 A (raw 893.5) PF=0.9700 FB=CLOSE CMD=CLOSE
[2026-05-17 01:57:45] Bus 2: V=1.009 pu (raw 1.010) I=441.3 A (raw 441.5) PF=0.9269 FB=CLOSE CMD=CLOSE
[2026-05-17 01:57:45] Bus 3: V=1.009 pu (raw 1.007) I=368.5 A (raw 368.2) PF=0.8887 FB=CLOSE CMD=CLOSE
[2026-05-17 01:57:45] Bus 4: V=1.009 pu (raw 1.010) I=480.6 A (raw 482.0) PF=0.8625 FB=CLOSE CMD=CLOSE
[2026-05-17 01:57:45] Bus 5: V=1.006 pu (raw 1.008) I=501.4 A (raw 499.6) PF=0.9741 FB=CLOSE CMD=CLOSE
DT_PATH_LAT,h2,1778957868.285916,4


[2026-05-17 01:57:52] Bus 1: V=1.018 pu (raw 1.020) I=839.7 A (raw 839.4) PF=0.9836 FB=CLOSE CMD=CLOSE
[2026-05-17 01:57:52] Bus 2: V=1.012 pu (raw 1.011) I=399.9 A (raw 402.1) PF=0.9584 FB=CLOSE CMD=CLOSE
[2026-05-17 01:57:52] Bus 3: V=1.008 pu (raw 1.008) I=411.3 A (raw 409.4) PF=0.9676 FB=CLOSE CMD=CLOSE
[2026-05-17 01:57:52] Bus 4: V=1.004 pu (raw 1.010) I=458.3 A (raw 458.8) PF=0.9061 FB=CLOSE CMD=CLOSE
[2026-05-17 01:57:52] Bus 5: V=1.008 pu (raw 1.008) I=474.3 A (raw 475.5) PF=0.9721 FB=CLOSE CMD=CLOSE
DT_PATH_LAT,h2,1778957872.332734,5


[2026-05-17 01:57:56] Bus 1: V=1.021 pu (raw 1.020) I=915.0 A (raw 915.1) PF=0.9809 FB=CLOSE CMD=OPEN
[2026-05-17 01:57:56] Bus 2: V=1.006 pu (raw 1.010) I=411.2 A (raw 410.0) PF=0.9495 FB=CLOSE CMD=OPEN
[2026-05-17 01:57:56] Bus 3: V=1.009 pu (raw 1.007) I=481.7 A (raw 480.3) PF=0.9320 FB=CLOSE CMD=OPEN
[2026-05-17 01:57:56] Bus 4: V=1.014 pu (raw 1.010) I=512.0 A (raw 511.4) PF=0.8129 FB=CLOSE CMD=OPEN
[2026-05-17 01:57:56] Bus 5: V=1.008 pu (raw 1.008) I=501.7 A (raw 503.6) PF=0.9518 FB=CLOSE CMD=CLOSE
DT_PATH_LAT,h2,1778957876.378795,6


[2026-05-17 01:58:00] Bus 1: V=1.022 pu (raw 1.020) I=0.0 A (raw 0.0) PF=1.0000 FB=OPEN CMD=CLOSE
[2026-05-17 01:58:00] Bus 2: V=1.009 pu (raw 1.010) I=408.1 A (raw 410.0) PF=0.9495 FB=OPEN CMD=CLOSE
[2026-05-17 01:58:00] Bus 3: V=1.004 pu (raw 1.007) I=479.5 A (raw 480.3) PF=0.9320 FB=OPEN CMD=CLOSE
[2026-05-17 01:58:00] Bus 4: V=1.014 pu (raw 1.010) I=508.4 A (raw 511.4) PF=0.8129 FB=OPEN CMD=CLOSE
[2026-05-17 01:58:00] Bus 5: V=1.004 pu (raw 1.008) I=504.0 A (raw 503.6) PF=0.9518 FB=CLOSE CMD=CLOSE
DT_PATH_LAT,h2,1778957880.437057,7


[2026-05-17 01:58:04] Bus 1: V=1.024 pu (raw 1.020) I=798.0 A (raw 797.1) PF=0.9625 FB=CLOSE CMD=OPEN
[2026-05-17 01:58:04] Bus 2: V=1.004 pu (raw 1.010) I=382.5 A (raw 386.3) PF=0.9292 FB=CLOSE CMD=OPEN
[2026-05-17 01:58:04] Bus 3: V=1.008 pu (raw 1.007) I=411.2 A (raw 412.3) PF=0.8989 FB=CLOSE CMD=OPEN
[2026-05-17 01:58:04] Bus 4: V=1.007 pu (raw 1.010) I=459.8 A (raw 458.4) PF=0.9070 FB=CLOSE CMD=OPEN
[2026-05-17 01:58:04] Bus 5: V=1.011 pu (raw 1.008) I=462.3 A (raw 462.1) PF=0.9875 FB=CLOSE CMD=CLOSE
DT_PATH_LAT,h2,1778957884.525020,8


[2026-05-17 01:58:08] Bus 1: V=1.021 pu (raw 1.020) I=0.7 A (raw 0.0) PF=1.0000 FB=OPEN CMD=OPEN
[2026-05-17 01:58:08] Bus 2: V=1.015 pu (raw 1.010) I=387.2 A (raw 386.3) PF=0.9292 FB=OPEN CMD=OPEN
[2026-05-17 01:58:08] Bus 3: V=1.009 pu (raw 1.007) I=413.1 A (raw 412.3) PF=0.8989 FB=OPEN CMD=OPEN
[2026-05-17 01:58:08] Bus 4: V=1.005 pu (raw 1.010) I=460.3 A (raw 458.4) PF=0.9070 FB=OPEN CMD=OPEN
[2026-05-17 01:58:08] Bus 5: V=1.011 pu (raw 1.008) I=462.9 A (raw 462.1) PF=0.9875 FB=CLOSE CMD=CLOSE
DT_PATH_LAT,h2,1778957888.571048,9


[2026-05-17 01:58:12] Bus 1: V=1.014 pu (raw 1.020) I=0.0 A (raw 0.0) PF=1.0000 FB=OPEN CMD=CLOSE
[2026-05-17 01:58:12] Bus 2: V=1.013 pu (raw 1.010) I=383.6 A (raw 386.3) PF=0.9292 FB=OPEN CMD=CLOSE
[2026-05-17 01:58:12] Bus 3: V=1.006 pu (raw 1.007) I=413.8 A (raw 412.3) PF=0.8989 FB=OPEN CMD=CLOSE
[2026-05-17 01:58:12] Bus 4: V=1.006 pu (raw 1.010) I=460.8 A (raw 458.4) PF=0.9070 FB=OPEN CMD=CLOSE
[2026-05-17 01:58:12] Bus 5: V=1.010 pu (raw 1.008) I=461.8 A (raw 462.1) PF=0.9875 FB=CLOSE CMD=CLOSE
DT_PATH_LAT,h2,1778957892.648190,10


[2026-05-17 01:58:16] Bus 1: V=1.021 pu (raw 1.020) I=727.3 A (raw 726.4) PF=0.9529 FB=CLOSE CMD=OPEN
[2026-05-17 01:58:16] Bus 2: V=1.010 pu (raw 1.010) I=329.0 A (raw 327.3) PF=0.9026 FB=CLOSE CMD=OPEN
[2026-05-17 01:58:16] Bus 3: V=1.006 pu (raw 1.008) I=399.6 A (raw 400.2) PF=0.9041 FB=CLOSE CMD=OPEN
[2026-05-17 01:58:16] Bus 4: V=1.013 pu (raw 1.010) I=450.9 A (raw 450.8) PF=0.9222 FB=CLOSE CMD=OPEN
[2026-05-17 01:58:16] Bus 5: V=1.005 pu (raw 1.008) I=460.4 A (raw 459.0) PF=0.9877 FB=CLOSE CMD=CLOSE
DT_PATH_LAT,h2,1778957896.761214,11


[2026-05-17 01:58:20] Bus 1: V=1.024 pu (raw 1.020) I=0.0 A (raw 0.0) PF=1.0000 FB=OPEN CMD=OPEN
[2026-05-17 01:58:20] Bus 2: V=1.006 pu (raw 1.010) I=327.1 A (raw 327.3) PF=0.9026 FB=OPEN CMD=OPEN
[2026-05-17 01:58:20] Bus 3: V=1.008 pu (raw 1.008) I=399.8 A (raw 400.2) PF=0.9041 FB=OPEN CMD=OPEN
[2026-05-17 01:58:20] Bus 4: V=1.014 pu (raw 1.010) I=449.3 A (raw 450.8) PF=0.9222 FB=OPEN CMD=OPEN
[2026-05-17 01:58:20] Bus 5: V=1.012 pu (raw 1.008) I=457.1 A (raw 459.0) PF=0.9877 FB=CLOSE CMD=CLOSE
DT_PATH_LAT,h2,1778957900.798459,12


[2026-05-17 01:58:24] Bus 1: V=1.018 pu (raw 1.020) I=0.9 A (raw 0.0) PF=1.0000 FB=OPEN CMD=OPEN
[2026-05-17 01:58:24] Bus 2: V=1.013 pu (raw 1.010) I=328.6 A (raw 327.3) PF=0.9026 FB=OPEN CMD=OPEN
[2026-05-17 01:58:24] Bus 3: V=1.009 pu (raw 1.008) I=400.4 A (raw 400.2) PF=0.9041 FB=OPEN CMD=OPEN
[2026-05-17 01:58:24] Bus 4: V=1.010 pu (raw 1.010) I=451.7 A (raw 450.8) PF=0.9222 FB=OPEN CMD=OPEN
[2026-05-17 01:58:24] Bus 5: V=1.007 pu (raw 1.008) I=459.4 A (raw 459.0) PF=0.9877 FB=CLOSE CMD=CLOSE
DT_PATH_LAT,h2,1778957904.847164,13


[2026-05-17 01:58:28] Bus 1: V=1.022 pu (raw 1.020) I=0.0 A (raw 0.0) PF=1.0000 FB=OPEN CMD=OPEN
[2026-05-17 01:58:28] Bus 2: V=1.012 pu (raw 1.010) I=328.1 A (raw 327.3) PF=0.9026 FB=OPEN CMD=OPEN
[2026-05-17 01:58:28] Bus 3: V=1.014 pu (raw 1.008) I=400.7 A (raw 400.2) PF=0.9041 FB=OPEN CMD=OPEN
[2026-05-17 01:58:28] Bus 4: V=1.009 pu (raw 1.010) I=450.3 A (raw 450.8) PF=0.9222 FB=OPEN CMD=OPEN
[2026-05-17 01:58:28] Bus 5: V=1.008 pu (raw 1.008) I=460.4 A (raw 459.0) PF=0.9877 FB=CLOSE CMD=CLOSE
DT_PATH_LAT,h2,1778957908.898452,14


[2026-05-17 01:58:32] Bus 1: V=1.019 pu (raw 1.020) I=0.6 A (raw 0.0) PF=1.0000 FB=OPEN CMD=OPEN
[2026-05-17 01:58:32] Bus 2: V=1.016 pu (raw 1.010) I=323.5 A (raw 327.3) PF=0.9026 FB=OPEN CMD=OPEN
[2026-05-17 01:58:32] Bus 3: V=1.005 pu (raw 1.008) I=400.6 A (raw 400.2) PF=0.9041 FB=OPEN CMD=OPEN
[2026-05-17 01:58:32] Bus 4: V=1.011 pu (raw 1.010) I=451.2 A (raw 450.8) PF=0.9222 FB=OPEN CMD=OPEN
[2026-05-17 01:58:32] Bus 5: V=1.007 pu (raw 1.008) I=460.0 A (raw 459.0) PF=0.9877 FB=CLOSE CMD=CLOSE
DT_PATH_LAT,h2,1778957912.944865,15


[2026-05-17 01:58:36] Bus 1: V=1.021 pu (raw 1.020) I=0.0 A (raw 0.0) PF=1.0000 FB=OPEN CMD=OPEN
[2026-05-17 01:58:36] Bus 2: V=1.017 pu (raw 1.010) I=327.8 A (raw 327.3) PF=0.9026 FB=OPEN CMD=OPEN
[2026-05-17 01:58:36] Bus 3: V=1.006 pu (raw 1.008) I=400.1 A (raw 400.2) PF=0.9041 FB=OPEN CMD=OPEN
[2026-05-17 01:58:36] Bus 4: V=1.009 pu (raw 1.010) I=450.7 A (raw 450.8) PF=0.9222 FB=OPEN CMD=OPEN
[2026-05-17 01:58:36] Bus 5: V=1.000 pu (raw 1.008) I=458.3 A (raw 459.0) PF=0.9877 FB=CLOSE CMD=CLOSE
DT_PATH_LAT,h2,1778957917.000121,16


[2026-05-17 01:58:41] Bus 1: V=1.023 pu (raw 1.020) I=0.0 A (raw 0.0) PF=1.0000 FB=OPEN CMD=OPEN
[2026-05-17 01:58:41] Bus 2: V=1.010 pu (raw 1.010) I=328.7 A (raw 327.3) PF=0.9026 FB=OPEN CMD=OPEN
[2026-05-17 01:58:41] Bus 3: V=1.011 pu (raw 1.008) I=402.5 A (raw 400.2) PF=0.9041 FB=OPEN CMD=OPEN
[2026-05-17 01:58:41] Bus 4: V=1.005 pu (raw 1.010) I=450.3 A (raw 450.8) PF=0.9222 FB=OPEN CMD=OPEN
[2026-05-17 01:58:41] Bus 5: V=1.007 pu (raw 1.008) I=459.9 A (raw 459.0) PF=0.9877 FB=CLOSE CMD=CLOSE
DT_PATH_LAT,h2,1778957921.031951,17


[2026-05-17 01:58:45] Bus 1: V=1.023 pu (raw 1.020) I=0.0 A (raw 0.0) PF=1.0000 FB=OPEN CMD=OPEN
[2026-05-17 01:58:45] Bus 2: V=1.013 pu (raw 1.010) I=325.1 A (raw 327.3) PF=0.9026 FB=OPEN CMD=OPEN
[2026-05-17 01:58:45] Bus 3: V=1.010 pu (raw 1.008) I=398.0 A (raw 400.2) PF=0.9041 FB=OPEN CMD=OPEN
[2026-05-17 01:58:45] Bus 4: V=1.011 pu (raw 1.010) I=452.6 A (raw 450.8) PF=0.9222 FB=OPEN CMD=OPEN
[2026-05-17 01:58:45] Bus 5: V=1.008 pu (raw 1.008) I=459.3 A (raw 459.0) PF=0.9877 FB=CLOSE CMD=CLOSE
DT_PATH_LAT,h2,1778957925.079759,18


[2026-05-17 01:58:49] Bus 1: V=1.022 pu (raw 1.020) I=0.2 A (raw 0.0) PF=1.0000 FB=OPEN CMD=OPEN
[2026-05-17 01:58:49] Bus 2: V=1.010 pu (raw 1.010) I=329.6 A (raw 327.3) PF=0.9026 FB=OPEN CMD=OPEN
[2026-05-17 01:58:49] Bus 3: V=1.011 pu (raw 1.008) I=399.8 A (raw 400.2) PF=0.9041 FB=OPEN CMD=OPEN
[2026-05-17 01:58:49] Bus 4: V=1.018 pu (raw 1.010) I=449.1 A (raw 450.8) PF=0.9222 FB=OPEN CMD=OPEN
[2026-05-17 01:58:49] Bus 5: V=1.011 pu (raw 1.008) I=458.6 A (raw 459.0) PF=0.9877 FB=CLOSE CMD=CLOSE
DT_PATH_LAT,h2,1778957929.127417,19


[2026-05-17 01:58:53] Bus 1: V=1.020 pu (raw 1.020) I=1.1 A (raw 0.0) PF=1.0000 FB=OPEN CMD=OPEN
[2026-05-17 01:58:53] Bus 2: V=1.011 pu (raw 1.010) I=328.3 A (raw 327.3) PF=0.9026 FB=OPEN CMD=OPEN
[2026-05-17 01:58:53] Bus 3: V=1.003 pu (raw 1.008) I=398.0 A (raw 400.2) PF=0.9041 FB=OPEN CMD=OPEN
[2026-05-17 01:58:53] Bus 4: V=1.012 pu (raw 1.010) I=449.4 A (raw 450.8) PF=0.9222 FB=OPEN CMD=OPEN
[2026-05-17 01:58:53] Bus 5: V=1.005 pu (raw 1.008) I=456.8 A (raw 459.0) PF=0.9877 FB=CLOSE CMD=CLOSE
DT_PATH_LAT,h2,1778957933.170103,20


[2026-05-17 01:58:57] Bus 1: V=1.024 pu (raw 1.020) I=1.1 A (raw 0.0) PF=1.0000 FB=OPEN CMD=OPEN
[2026-05-17 01:58:57] Bus 2: V=1.014 pu (raw 1.010) I=325.9 A (raw 327.3) PF=0.9026 FB=OPEN CMD=OPEN
[2026-05-17 01:58:57] Bus 3: V=1.008 pu (raw 1.008) I=398.5 A (raw 400.2) PF=0.9041 FB=OPEN CMD=OPEN
[2026-05-17 01:58:57] Bus 4: V=1.012 pu (raw 1.010) I=453.2 A (raw 450.8) PF=0.9222 FB=OPEN CMD=OPEN
[2026-05-17 01:58:57] Bus 5: V=1.005 pu (raw 1.008) I=461.3 A (raw 459.0) PF=0.9877 FB=CLOSE CMD=CLOSE
DT_PATH_LAT,h2,1778957937.213277,21


[2026-05-17 01:59:01] Bus 1: V=1.023 pu (raw 1.020) I=0.0 A (raw 0.0) PF=1.0000 FB=OPEN CMD=OPEN
[2026-05-17 01:59:01] Bus 2: V=1.004 pu (raw 1.010) I=329.4 A (raw 327.3) PF=0.9026 FB=OPEN CMD=OPEN
[2026-05-17 01:59:01] Bus 3: V=1.008 pu (raw 1.008) I=399.3 A (raw 400.2) PF=0.9041 FB=OPEN CMD=OPEN
[2026-05-17 01:59:01] Bus 4: V=1.011 pu (raw 1.010) I=451.4 A (raw 450.8) PF=0.9222 FB=OPEN CMD=OPEN
[2026-05-17 01:59:01] Bus 5: V=1.012 pu (raw 1.008) I=457.5 A (raw 459.0) PF=0.9877 FB=CLOSE CMD=CLOSE
DT_PATH_LAT,h2,1778957941.256531,22


[2026-05-17 01:59:05] Bus 1: V=1.023 pu (raw 1.020) I=2.2 A (raw 0.0) PF=1.0000 FB=OPEN CMD=OPEN
[2026-05-17 01:59:05] Bus 2: V=1.014 pu (raw 1.010) I=327.0 A (raw 327.3) PF=0.9026 FB=OPEN CMD=OPEN
[2026-05-17 01:59:05] Bus 3: V=1.006 pu (raw 1.008) I=401.8 A (raw 400.2) PF=0.9041 FB=OPEN CMD=OPEN
[2026-05-17 01:59:05] Bus 4: V=1.010 pu (raw 1.010) I=451.0 A (raw 450.8) PF=0.9222 FB=OPEN CMD=OPEN
[2026-05-17 01:59:05] Bus 5: V=1.012 pu (raw 1.008) I=458.6 A (raw 459.0) PF=0.9877 FB=CLOSE CMD=CLOSE
DT_PATH_LAT,h2,1778957945.304299,23


